{ "timestamp":"2017-01-22T00:41:22Z", "event":"Fileheader", "part":1, "language":"English\\UK", "gameversion":"2.2", "build":"r131487/r0 " }
{ "timestamp":"2017-01-22T00:42:09Z", "event":"LoadGame", "Commander":"Kith000", "Ship":"Independant_Trader", "ShipID":5, "GameMode":"Group", "Group":"MOBIUS PVE", "Credits":36155873, "Loan":0 }
{ "timestamp":"2017-01-22T00:42:09Z", "event":"Rank", "Combat":5, "Trade":4, "Explore":2, "Empire":0, "Federation":2, "CQC":0 }
{ "timestamp":"2017-01-22T00:42:09Z", "event":"Progress", "Combat":11, "Trade":34, "Explore":16, "Empire":100, "Federation":83, "CQC":40 }
{ "timestamp":"2017-01-22T00:42:37Z", "event":"Location", "Docked":false, "StarSystem":"HIP 31821", "StarPos":[135.250,-40.313,-91.219], "SystemAllegiance":"Independent", "SystemEconomy":"$economy_Terraforming;", "SystemEconomy_Localised":"Terraforming", "SystemGovernment":"$government_Corporate;", "SystemGovernment_Localised":"Corporate", "SystemSecurity":"$SYSTEM_SECURITY_low;", "SystemSecurity_Localised":"Low Security", "Body":"HIP 31821 A", "BodyType":"Star", "SystemFaction":"HIP 31821 Purple Vision Systems" }
{ "timestamp":"2017-01-22T00:43:14Z", "event":"SupercruiseEntry", "StarSystem":"HIP 31821" }
{ "timestamp":"2017-01-22T00:44:31Z", "event":"FuelScoop", "Scooped":4.662522, "Total":15.920579 }
{ "timestamp":"2017-01-22T00:44:59Z", "event":"FSDJump", "StarSystem":"Col 285 Sector GP-K a24-3", "StarPos":[135.156,-43.875,-89.500], "SystemAllegiance":"", "SystemEconomy":"$economy_None;", "SystemEconomy_Localised":"None", "SystemGovernment":"$government_None;", "SystemGovernment_Localised":"None", "SystemSecurity":"$SYSTEM_SECURITY_low;", "SystemSecurity_Localised":"Low Security", "JumpDist":3.957, "FuelUsed":0.079421, "FuelLevel":15.920579 }
{ "timestamp":"2017-01-22T00:45:44Z", "event":"FSDJump", "StarSystem":"Hyades Sector JM-L b8-7", "StarPos":[127.000,-46.781,-93.938], "SystemAllegiance":"", "SystemEconomy":"$economy_None;", "SystemEconomy_Localised":"None", "SystemGovernment":"$government_None;", "SystemGovernment_Localised":"None", "SystemSecurity":"$SYSTEM_SECURITY_low;", "SystemSecurity_Localised":"Low Security", "JumpDist":9.729, "FuelUsed":0.628794, "FuelLevel":15.291784 }
{ "timestamp":"2017-01-22T00:46:02Z", "event":"ReceiveText", "From":"$npc_name_decorate:#name=Tim Hawkes;", "From_Localised":"Tim Hawkes", "Message":"$Pirate_HunterHostileSC_Relevant01;", "Message_Localised":"That's the ship I'm looking for, the one with the big haul...", "Channel":"npc" }
{ "timestamp":"2017-01-22T00:46:09Z", "event":"ReceiveText", "From":"$npc_name_decorate:#name=Tim Hawkes;", "From_Localised":"Tim Hawkes", "Message":"$Pirate_StartInterdiction08;", "Message_Localised":"I've found my next target and it's you, Commander.", "Channel":"npc" }
{ "timestamp":"2017-01-22T00:46:14Z", "event":"FuelScoop", "Scooped":0.455987, "Total":15.747771 }
{ "timestamp":"2017-01-22T00:46:37Z", "event":"Interdicted", "Submitted":true, "Interdictor":"Tim Hawkes", "IsPlayer":false, "Faction":"" }
{ "timestamp":"2017-01-22T00:47:03Z", "event":"SupercruiseExit", "StarSystem":"Hyades Sector JM-L b8-7", "Body":"Hyades Sector JM-L b8-7 A", "BodyType":"Star" }
{ "timestamp":"2017-01-22T00:47:06Z", "event":"ReceiveText", "From":"$npc_name_decorate:#name=Tim Hawkes;", "From_Localised":"Tim Hawkes", "Message":"$Pirate_Arrival08;", "Message_Localised":"Prepare to hand over your cargo.", "Channel":"npc" }
{ "timestamp":"2017-01-22T00:47:16Z", "event":"ReceiveText", "From":"$npc_name_decorate:#name=Tim Hawkes;", "From_Localised":"Tim Hawkes", "Message":"$Pirate_OnDeclarePiracyAttack03;", "Message_Localised":"Now you die, victim.", "Channel":"npc" }
{ "timestamp":"2017-01-22T00:48:02Z", "event":"FSDJump", "StarSystem":"Hyades Sector SY-R c4-16", "StarPos":[124.375,-52.188,-98.344], "SystemAllegiance":"Independent", "SystemEconomy":"$economy_Military;", "SystemEconomy_Localised":"Military", "SystemGovernment":"$government_Corporate;", "SystemGovernment_Localised":"Corporate", "SystemSecurity":"$SYSTEM_SECURITY_medium;", "SystemSecurity_Localised":"Medium Security", "JumpDist":7.452, "FuelUsed":0.340071, "FuelLevel":15.407701, "SystemFaction":"HIP 29241 Exchange", "FactionState":"Boom" }
{ "timestamp":"2017-01-22T00:48:28Z", "event":"FuelScoop", "Scooped":0.286017, "Total":15.693718 }
{ "timestamp":"2017-01-22T00:48:59Z", "event":"FSDJump", "StarSystem":"Meene", "StarPos":[118.781,-56.438,-97.188], "SystemAllegiance":"Independent", "SystemEconomy":"$economy_Industrial;", "SystemEconomy_Localised":"Industrial", "SystemGovernment":"$government_Anarchy;", "SystemGovernment_Localised":"Anarchy", "SystemSecurity":"$GAlAXY_MAP_INFO_state_anarchy;", "SystemSecurity_Localised":"Anarchy", "JumpDist":7.120, "FuelUsed":0.306282, "FuelLevel":15.693718, "SystemFaction":"Meene Purple Drug Empire" }
{ "timestamp":"2017-01-22T00:49:30Z", "event":"FuelScoop", "Scooped":0.240718, "Total":15.934436 }
{ "timestamp":"2017-01-22T00:51:03Z", "event":"SupercruiseExit", "StarSystem":"Meene", "Body":"Felice Dock", "BodyType":"Station" }
{ "timestamp":"2017-01-22T00:51:25Z", "event":"DockingRequested", "StationName":"Felice Dock" }
{ "timestamp":"2017-01-22T00:51:25Z", "event":"ReceiveText", "From":"Felice Dock", "Message":"$DockingChatter_Neutral;", "Message_Localised":"Ensure to observe starport protocol during your visit, pilot.", "Channel":"npc" }
{ "timestamp":"2017-01-22T00:51:27Z", "event":"ReceiveText", "From":"Felice Dock", "Message":"$STATION_docking_granted;", "Message_Localised":"Docking request granted.", "Channel":"npc" }
{ "timestamp":"2017-01-22T00:51:27Z", "event":"DockingGranted", "LandingPad":23, "StationName":"Felice Dock" }
{ "timestamp":"2017-01-22T00:51:39Z", "event":"ReceiveText", "From":"Felice Dock", "Message":"$STATION_NoFireZone_entered;", "Message_Localised":"No fire zone entered.", "Channel":"npc" }
{ "timestamp":"2017-01-22T00:52:34Z", "event":"Docked", "StationName":"Felice Dock", "StationType":"Bernal", "StarSystem":"Meene", "StationFaction":"Meene Purple Drug Empire", "StationGovernment":"$government_Anarchy;", "StationGovernment_Localised":"Anarchy", "StationEconomy":"$economy_Industrial;", "StationEconomy_Localised":"Industrial" }
{ "timestamp":"2017-01-22T00:53:07Z", "event":"ScientificResearch", "Name":"ancienttechnologicaldata", "Category":"Encoded", "Count":30 }
{ "timestamp":"2017-01-22T01:02:01Z", "event":"MissionCompleted", "Faction":"Bureau of Meene Order", "Name":"Mission_TheDead_name", "MissionID":74732220, "Reward":7000000 }
{ "timestamp":"2017-01-22T01:20:30Z", "event":"ReceiveText", "From":"$npc_name_decorate:#name=Matthew J. Davis;", "From_Localised":"Matthew J. Davis", "Message":"$BadKarmaCriticalDamage03;", "Message_Localised":"You fight a good fight!", "Channel":"npc" }
{ "timestamp":"2017-01-22T01:23:06Z", "event":"ReceiveText", "From":"$npc_name_decorate:#name=Alma Cerezo;", "From_Localised":"Alma Cerezo", "Message":"$BadKarmaCriticalDamage06;", "Message_Localised":"I hadn't expected this.", "Channel":"npc" }
{ "timestamp":"2017-01-22T01:33:14Z", "event":"ReceiveText", "From":"$npc_name_decorate:#name=Matthew J. Davis;", "From_Localised":"Matthew J. Davis", "Message":"$BadKarmaCriticalDamage02;", "Message_Localised":"Impossible!", "Channel":"npc" }
{ "timestamp":"2017-01-22T02:15:12Z", "event":"ReceiveText", "From":"$npc_name_decorate:#name=AmyB;", "From_Localised":"AmyB", "Message":"$Smuggler_NearDeath05;", "Message_Localised":"The boss isn't going to like this.", "Channel":"npc" }
{ "timestamp":"2017-01-22T02:37:52Z", "event":"Undocked", "StationName":"Felice Dock", "StationType":"Bernal" }
{ "timestamp":"2017-01-22T02:38:54Z", "event":"DockingRequested", "StationName":"Felice Dock" }
{ "timestamp":"2017-01-22T02:38:54Z", "event":"ReceiveText", "From":"Felice Dock", "Message":"$DockingChatter_Friendly;", "Message_Localised":"It's great to see you again, Commander.", "Channel":"npc" }
{ "timestamp":"2017-01-22T02:38:55Z", "event":"ReceiveText", "From":"Felice Dock", "Message":"$STATION_docking_granted;", "Message_Localised":"Docking request granted.", "Channel":"npc" }
{ "timestamp":"2017-01-22T02:38:55Z", "event":"DockingGranted", "LandingPad":11, "StationName":"Felice Dock" }
{ "timestamp":"2017-01-22T02:39:40Z", "event":"Docked", "StationName":"Felice Dock", "StationType":"Bernal", "StarSystem":"Meene", "StationFaction":"Meene Purple Drug Empire", "StationGovernment":"$government_Anarchy;", "StationGovernment_Localised":"Anarchy", "StationEconomy":"$economy_Industrial;", "StationEconomy_Localised":"Industrial" }
{ "timestamp":"2017-01-22T02:40:05Z", "event":"Undocked", "StationName":"Felice Dock", "StationType":"Bernal" }
{ "timestamp":"2017-01-22T02:40:43Z", "event":"ReceiveText", "From":"Felice Dock", "Message":"$STATION_NoFireZone_exited;", "Message_Localised":"No fire zone left.", "Channel":"npc" }
{ "timestamp":"2017-01-22T02:41:49Z", "event":"FSDJump", "StarSystem":"Hyades Sector SY-R c4-16", "StarPos":[124.375,-52.188,-98.344], "SystemAllegiance":"Independent", "SystemEconomy":"$economy_Military;", "SystemEconomy_Localised":"Military", "SystemGovernment":"$government_Corporate;", "SystemGovernment_Localised":"Corporate", "SystemSecurity":"$SYSTEM_SECURITY_medium;", "SystemSecurity_Localised":"Medium Security", "JumpDist":7.120, "FuelUsed":0.306625, "FuelLevel":15.627811, "SystemFaction":"HIP 29241 Exchange", "FactionState":"Boom" }
{ "timestamp":"2017-01-22T02:42:18Z", "event":"FuelScoop", "Scooped":0.372189, "Total":16.000000 }
{ "timestamp":"2017-01-22T02:42:40Z", "event":"FSDJump", "StarSystem":"Hyades Sector JM-L b8-7", "StarPos":[127.000,-46.781,-93.938], "SystemAllegiance":"", "SystemEconomy":"$economy_None;", "SystemEconomy_Localised":"None", "SystemGovernment":"$government_None;", "SystemGovernment_Localised":"None", "SystemSecurity":"$SYSTEM_SECURITY_low;", "SystemSecurity_Localised":"Low Security", "JumpDist":7.452, "FuelUsed":0.340691, "FuelLevel":15.659309 }
{ "timestamp":"2017-01-22T02:43:07Z", "event":"FuelScoop", "Scooped":0.340691, "Total":16.000000 }
{ "timestamp":"2017-01-22T02:43:35Z", "event":"FSDJump", "StarSystem":"Col 285 Sector GP-K a24-3", "StarPos":[135.156,-43.875,-89.500], "SystemAllegiance":"", "SystemEconomy":"$economy_None;", "SystemEconomy_Localised":"None", "SystemGovernment":"$government_None;", "SystemGovernment_Localised":"None", "SystemSecurity":"$SYSTEM_SECURITY_low;", "SystemSecurity_Localised":"Low Security", "JumpDist":9.729, "FuelUsed":0.629093, "FuelLevel":15.370907 }
{ "timestamp":"2017-01-22T02:43:46Z", "event":"ReceiveText", "From":"$npc_name_decorate:#name=Chris Jarrett;", "From_Localised":"Chris Jarrett", "Message":"$Pirate_HunterHostileSC_Relevant03;", "Message_Localised":"I've come a long way for what's in your hold, don't try to run!", "Channel":"npc" }
{ "timestamp":"2017-01-22T02:43:51Z", "event":"ReceiveText", "From":"$npc_name_decorate:#name=Chris Jarrett;", "From_Localised":"Chris Jarrett", "Message":"$Pirate_StartInterdiction06;", "Message_Localised":"Make it easy on yourself and submit.", "Channel":"npc" }
{ "timestamp":"2017-01-22T02:44:20Z", "event":"EscapeInterdiction", "Interdictor":"Chris Jarrett", "IsPlayer":false }
{ "timestamp":"2017-01-22T02:45:04Z", "event":"FSDJump", "StarSystem":"Col 285 Sector GP-K a24-0", "StarPos":[136.563,-43.688,-86.313], "SystemAllegiance":"", "SystemEconomy":"$economy_None;", "SystemEconomy_Localised":"None", "SystemGovernment":"$government_None;", "SystemGovernment_Localised":"None", "SystemSecurity":"$SYSTEM_SECURITY_low;", "SystemSecurity_Localised":"Low Security", "JumpDist":3.489, "FuelUsed":0.059195, "FuelLevel":15.311711 }
{ "timestamp":"2017-01-22T02:45:31Z", "event":"FuelScoop", "Scooped":0.688289, "Total":16.000000 }
{ "timestamp":"2017-01-22T02:45:53Z", "event":"FSDJump", "StarSystem":"HIP 32159", "StarPos":[143.219,-43.656,-81.375], "SystemAllegiance":"", "SystemEconomy":"$economy_None;", "SystemEconomy_Localised":"None", "SystemGovernment":"$government_None;", "SystemGovernment_Localised":"None", "SystemSecurity":"$SYSTEM_SECURITY_low;", "SystemSecurity_Localised":"Low Security", "JumpDist":8.288, "FuelUsed":0.435071, "FuelLevel":15.564929 }
{ "timestamp":"2017-01-22T02:46:20Z", "event":"FuelScoop", "Scooped":0.435071, "Total":16.000000 }
{ "timestamp":"2017-01-22T02:46:41Z", "event":"FSDJump", "StarSystem":"Col 285 Sector LV-I a25-5", "StarPos":[148.688,-38.563,-82.906], "SystemAllegiance":"", "SystemEconomy":"$economy_None;", "SystemEconomy_Localised":"None", "SystemGovernment":"$government_None;", "SystemGovernment_Localised":"None", "SystemSecurity":"$SYSTEM_SECURITY_low;", "SystemSecurity_Localised":"Low Security", "JumpDist":7.629, "FuelUsed":0.359551, "FuelLevel":15.640449 }
{ "timestamp":"2017-01-22T02:46:49Z", "event":"SupercruiseExit", "StarSystem":"Col 285 Sector LV-I a25-5", "Body":"Col 285 Sector LV-I a25-5", "BodyType":"Star" }
{ "timestamp":"2017-01-22T02:48:21Z", "event":"FSDJump", "StarSystem":"Col 285 Sector LV-I a25-0", "StarPos":[152.156,-39.719,-78.219], "SystemAllegiance":"", "SystemEconomy":"$economy_None;", "SystemEconomy_Localised":"None", "SystemGovernment":"$government_None;", "SystemGovernment_Localised":"None", "SystemSecurity":"$SYSTEM_SECURITY_low;", "SystemSecurity_Localised":"Low Security", "JumpDist":5.945, "FuelUsed":0.202074, "FuelLevel":15.438375 }
{ "timestamp":"2017-01-22T02:49:43Z", "event":"FSDJump", "StarSystem":"Col 285 Sector MV-I a25-2", "StarPos":[158.281,-41.938,-79.438], "SystemAllegiance":"", "SystemEconomy":"$economy_None;", "SystemEconomy_Localised":"None", "SystemGovernment":"$government_None;", "SystemGovernment_Localised":"None", "SystemSecurity":"$SYSTEM_SECURITY_low;", "SystemSecurity_Localised":"Low Security", "JumpDist":6.628, "FuelUsed":0.259068, "FuelLevel":15.179307 }
{ "timestamp":"2017-01-22T02:50:41Z", "event":"FSDJump", "StarSystem":"Col 285 Sector NV-I a25-1", "StarPos":[166.594,-42.844,-82.063], "SystemAllegiance":"", "SystemEconomy":"$economy_None;", "SystemEconomy_Localised":"None", "SystemGovernment":"$government_None;", "SystemGovernment_Localised":"None", "SystemSecurity":"$SYSTEM_SECURITY_low;", "SystemSecurity_Localised":"Low Security", "JumpDist":8.764, "FuelUsed":0.491673, "FuelLevel":14.687634 }
{ "timestamp":"2017-01-22T02:51:38Z", "event":"FSDJump", "StarSystem":"Col 285 Sector NV-I a25-2", "StarPos":[168.156,-41.719,-81.031], "SystemAllegiance":"", "SystemEconomy":"$economy_None;", "SystemEconomy_Localised":"None", "SystemGovernment":"$government_None;", "SystemGovernment_Localised":"None", "SystemSecurity":"$SYSTEM_SECURITY_low;", "SystemSecurity_Localised":"Low Security", "JumpDist":2.184, "FuelUsed":0.020052, "FuelLevel":14.667582 }
{ "timestamp":"2017-01-22T02:52:05Z", "event":"FuelScoop", "Scooped":1.332418, "Total":16.000000 }
{ "timestamp":"2017-01-22T02:52:36Z", "event":"FSDJump", "StarSystem":"Col 285 Sector OV-I a25-3", "StarPos":[175.625,-39.688,-82.969], "SystemAllegiance":"", "SystemEconomy":"$economy_None;", "SystemEconomy_Localised":"None", "SystemGovernment":"$government_None;", "SystemGovernment_Localised":"None", "SystemSecurity":"$SYSTEM_SECURITY_low;", "SystemSecurity_Localised":"Low Security", "JumpDist":7.979, "FuelUsed":0.398670, "FuelLevel":15.601330 }
{ "timestamp":"2017-01-22T02:53:22Z", "event":"FSDJump", "StarSystem":"Col 285 Sector OV-I a25-1", "StarPos":[178.063,-37.875,-83.188], "SystemAllegiance":"", "SystemEconomy":"$economy_None;", "SystemEconomy_Localised":"None", "SystemGovernment":"$government_None;", "SystemGovernment_Localised":"None", "SystemSecurity":"$SYSTEM_SECURITY_low;", "SystemSecurity_Localised":"Low Security", "JumpDist":3.045, "FuelUsed":0.043374, "FuelLevel":15.557956 }
{ "timestamp":"2017-01-22T02:54:18Z", "event":"FSDJump", "StarSystem":"Col 285 Sector PV-I a25-2", "StarPos":[185.188,-41.344,-81.500], "SystemAllegiance":"", "SystemEconomy":"$economy_None;", "SystemEconomy_Localised":"None", "SystemGovernment":"$government_None;", "SystemGovernment_Localised":"None", "SystemSecurity":"$SYSTEM_SECURITY_low;", "SystemSecurity_Localised":"Low Security", "JumpDist":8.102, "FuelUsed":0.411614, "FuelLevel":15.146341 }
{ "timestamp":"2017-01-22T02:55:16Z", "event":"FSDJump", "StarSystem":"Col 285 Sector PV-I a25-1", "StarPos":[186.531,-40.594,-83.813], "SystemAllegiance":"", "SystemEconomy":"$economy_None;", "SystemEconomy_Localised":"None", "SystemGovernment":"$government_None;", "SystemGovernment_Localised":"None", "SystemSecurity":"$SYSTEM_SECURITY_low;", "SystemSecurity_Localised":"Low Security", "JumpDist":2.778, "FuelUsed":0.034981, "FuelLevel":15.111361 }
