{ "timestamp":"2017-10-13T01:28:02Z", "event":"Fileheader", "part":1, "language":"English\\UK", "gameversion":"2.4", "build":"r156431/r0 " }
{ "timestamp":"2017-10-13T01:28:02Z", "event":"Music", "MusicTrack":"NoTrack" }
{ "timestamp":"2017-10-13T01:28:03Z", "event":"Music", "MusicTrack":"MainMenu" }
{ "timestamp":"2017-10-13T03:29:20Z", "event":"Cargo", "Inventory":[ { "Name":"neofabricinsulation", "Count":4 } ] }
{ "timestamp":"2017-10-13T03:29:20Z", "event":"Loadout", "Ship":"Eagle", "ShipID":14, "ShipName":"", "ShipIdent":"", "Modules":[ { "Slot":"SmallHardpoint1", "Item":"Hpt_Slugshot_Fixed_Small", "On":true, "Priority":0, "AmmoInClip":3, "AmmoInHopper":180, "Health":1.000000, "Value":36000 }, { "Slot":"SmallHardpoint2", "Item":"Hpt_Slugshot_Fixed_Small", "On":true, "Priority":0, "AmmoInClip":3, "AmmoInHopper":180, "Health":1.000000, "Value":36000 }, { "Slot":"SmallHardpoint3", "Item":"Hpt_Railgun_Fixed_Small", "On":true, "Priority":0, "AmmoInClip":1, "AmmoInHopper":80, "Health":1.000000, "Value":51600 }, { "Slot":"Armour", "Item":"Eagle_Armour_Grade1", "On":true, "Priority":1, "Health":1.000000, "Value":0 }, { "Slot":"PowerPlant", "Item":"Int_Powerplant_Size2_Class5", "On":true, "Priority":1, "Health":1.000000, "Value":160224 }, { "Slot":"MainEngines", "Item":"Int_Engine_Size3_Class5", "On":true, "Priority":0, "Health":1.000000, "Value":507912 }, { "Slot":"FrameShiftDrive", "Item":"Int_Hyperdrive_Size3_Class5", "On":true, "Priority":2, "Health":1.000000, "Value":507912 }, { "Slot":"LifeSupport", "Item":"Int_LifeSupport_Size1_Class1", "On":true, "Priority":2, "Health":1.000000, "Value":517 }, { "Slot":"PowerDistributor", "Item":"Int_PowerDistributor_Size2_Class5", "On":true, "Priority":0, "Health":1.000000, "Value":56547 }, { "Slot":"Radar", "Item":"Int_Sensors_Size2_Class1", "On":true, "Priority":2, "Health":1.000000, "Value":1448 }, { "Slot":"FuelTank", "Item":"Int_FuelTank_Size2_Class3", "On":true, "Priority":1, "Health":1.000000, "Value":3750 }, { "Slot":"Slot01_Size3", "Item":"Int_ShieldGenerator_Size3_Class1", "On":true, "Priority":2, "Health":1.000000, "Value":6271 }, { "Slot":"Slot02_Size2", "Item":"Int_CargoRack_Size2_Class1", "On":true, "Priority":1, "Health":1.000000, "Value":3250 }, { "Slot":"Slot03_Size1", "Item":"Int_StellarBodyDiscoveryScanner_Standard", "On":true, "Priority":1, "Health":1.000000, "Value":1000 }, { "Slot":"PlanetaryApproachSuite", "Item":"Int_PlanetApproachSuite", "On":true, "Priority":1, "Health":1.000000, "Value":500 }, { "Slot":"ShipCockpit", "Item":"Eagle_Cockpit", "On":true, "Priority":1, "Health":1.000000, "Value":0 }, { "Slot":"CargoHatch", "Item":"ModularCargoBayDoor", "On":true, "Priority":2, "Health":1.000000, "Value":0 } ] }
{ "timestamp":"2017-10-13T03:29:20Z", "event":"Materials", "Raw":[ { "Name":"sulphur", "Count":54 }, { "Name":"phosphorus", "Count":49 }, { "Name":"manganese", "Count":83 }, { "Name":"carbon", "Count":58 }, { "Name":"cadmium", "Count":12 }, { "Name":"germanium", "Count":42 }, { "Name":"arsenic", "Count":3 }, { "Name":"selenium", "Count":23 }, { "Name":"vanadium", "Count":1 }, { "Name":"antimony", "Count":3 }, { "Name":"iron", "Count":36 }, { "Name":"niobium", "Count":60 }, { "Name":"technetium", "Count":3 }, { "Name":"mercury", "Count":60 }, { "Name":"chromium", "Count":6 }, { "Name":"polonium", "Count":30 }, { "Name":"zirconium", "Count":11 } ], "Manufactured":[ { "Name":"hybridcapacitors", "Count":8 }, { "Name":"shieldemitters", "Count":10 }, { "Name":"galvanisingalloys", "Count":7 }, { "Name":"phasealloys", "Count":16 }, { "Name":"highdensitycomposites", "Count":5 }, { "Name":"compoundshielding", "Count":6 }, { "Name":"refinedfocuscrystals", "Count":7 }, { "Name":"heatresistantceramics", "Count":1 }, { "Name":"precipitatedalloys", "Count":6 }, { "Name":"wornshieldemitters", "Count":6 }, { "Name":"shieldingsensors", "Count":9 }, { "Name":"thermicalloys", "Count":8 }, { "Name":"mechanicalequipment", "Count":12 }, { "Name":"gridresistors", "Count":6 }, { "Name":"temperedalloys", "Count":1 }, { "Name":"conductivepolymers", "Count":7 }, { "Name":"uncutfocuscrystals", "Count":6 }, { "Name":"chemicalprocessors", "Count":9 }, { "Name":"focuscrystals", "Count":31 }, { "Name":"salvagedalloys", "Count":15 }, { "Name":"heatdispersionplate", "Count":9 }, { "Name":"heatexchangers", "Count":2 }, { "Name":"heatvanes", "Count":3 }, { "Name":"conductivecomponents", "Count":12 }, { "Name":"electrochemicalarrays", "Count":1 }, { "Name":"protoradiolicalloys", "Count":12 }, { "Name":"protolightalloys", "Count":27 }, { "Name":"heatconductionwiring", "Count":6 }, { "Name":"polymercapacitors", "Count":8 }, { "Name":"fedproprietarycomposites", "Count":5 }, { "Name":"conductiveceramics", "Count":9 }, { "Name":"chemicaldistillery", "Count":4 }, { "Name":"chemicalmanipulators", "Count":5 }, { "Name":"configurablecomponents", "Count":3 }, { "Name":"exquisitefocuscrystals", "Count":1 } ], "Encoded":[ { "Name":"shieldcyclerecordings", "Count":67 }, { "Name":"emissiondata", "Count":38 }, { "Name":"encodedscandata", "Count":17 }, { "Name":"decodedemissiondata", "Count":74 }, { "Name":"shieldsoakanalysis", "Count":48 }, { "Name":"scandatabanks", "Count":39 }, { "Name":"bulkscandata", "Count":20 }, { "Name":"archivedemissiondata", "Count":5 }, { "Name":"shielddensityreports", "Count":43 }, { "Name":"shieldpatternanalysis", "Count":55 }, { "Name":"compactemissionsdata", "Count":5 }, { "Name":"shieldfrequencydata", "Count":3 }, { "Name":"hyperspacetrajectories", "Count":1 }, { "Name":"scanarchives", "Count":26 }, { "Name":"classifiedscandata", "Count":4 }, { "Name":"disruptedwakeechoes", "Count":4 }, { "Name":"securityfirmware", "Count":4 }, { "Name":"encryptionarchives", "Count":6 }, { "Name":"industrialfirmware", "Count":8 }, { "Name":"legacyfirmware", "Count":7 }, { "Name":"adaptiveencryptors", "Count":3 }, { "Name":"embeddedfirmware", "Count":5 }, { "Name":"scrambledemissiondata", "Count":1 } ] }
{ "timestamp":"2017-10-13T03:29:20Z", "event":"LoadGame", "Commander":"Kith000", "Ship":"Eagle", "ShipID":14, "ShipName":"", "ShipIdent":"", "FuelLevel":4.000000, "FuelCapacity":4.000000, "GameMode":"Open", "Credits":161498630, "Loan":0 }
{ "timestamp":"2017-10-13T03:29:20Z", "event":"Rank", "Combat":6, "Trade":5, "Explore":7, "Empire":1, "Federation":4, "CQC":0 }
{ "timestamp":"2017-10-13T03:29:20Z", "event":"Progress", "Combat":34, "Trade":2, "Explore":48, "Empire":23, "Federation":16, "CQC":40 }
{ "timestamp":"2017-10-13T03:29:23Z", "event":"ApproachSettlement", "Name":"Treshchov Point" }
{ "timestamp":"2017-10-13T03:29:53Z", "event":"Location", "Docked":true, "StationName":"Treshchov Point", "StationType":"SurfaceStation", "StarSystem":"Kokary", "StarPos":[3.500,-10.313,-11.438], "SystemAllegiance":"Federation", "SystemEconomy":"$economy_Industrial;", "SystemEconomy_Localised":"Industrial", "SystemGovernment":"$government_Democracy;", "SystemGovernment_Localised":"Democracy", "SystemSecurity":"$SYSTEM_SECURITY_high;", "SystemSecurity_Localised":"High Security", "Population":64407782, "Body":"Kokary 3", "BodyType":"Planet", "Factions":[ { "Name":"Pilots Federation Local Branch", "FactionState":"None", "Government":"Democracy", "Influence":0.000000, "Allegiance":"PilotsFederation" }, { "Name":"Kokary Liberals", "FactionState":"None", "Government":"Democracy", "Influence":0.293000, "Allegiance":"Federation", "PendingStates":[ { "State":"Boom", "Trend":1 }, { "State":"CivilUnrest", "Trend":-1 }, { "State":"Lockdown", "Trend":0 } ] }, { "Name":"Union of Toolfa Progressive Party", "FactionState":"War", "Government":"Democracy", "Influence":0.108000, "Allegiance":"Independent", "PendingStates":[ { "State":"Bust", "Trend":0 } ], "RecoveringStates":[ { "State":"Boom", "Trend":0 } ] }, { "Name":"Confederacy of Omicron-2 Eridani", "FactionState":"Boom", "Government":"Confederacy", "Influence":0.119000, "Allegiance":"Federation" }, { "Name":"Kokary Holdings", "FactionState":"Boom", "Government":"Corporate", "Influence":0.233000, "Allegiance":"Federation" }, { "Name":"Kokary Justice Party", "FactionState":"War", "Government":"Dictatorship", "Influence":0.051000, "Allegiance":"Independent", "PendingStates":[ { "State":"Boom", "Trend":1 } ], "RecoveringStates":[ { "State":"Lockdown", "Trend":1 } ] }, { "Name":"Kokary Purple Family", "FactionState":"Boom", "Government":"Anarchy", "Influence":0.038000, "Allegiance":"Independent", "PendingStates":[ { "State":"Lockdown", "Trend":1 } ] }, { "Name":"Hutton Orbital Truckers Co-Operative", "FactionState":"None", "Government":"Cooperative", "Influence":0.158000, "Allegiance":"Independent", "PendingStates":[ { "State":"CivilUnrest", "Trend":0 }, { "State":"Outbreak", "Trend":0 } ], "RecoveringStates":[ { "State":"Boom", "Trend":0 } ] } ], "SystemFaction":"Kokary Liberals" }
{ "timestamp":"2017-10-13T03:29:53Z", "event":"Music", "MusicTrack":"NoTrack" }
{ "timestamp":"2017-10-13T03:29:53Z", "event":"Docked", "StationName":"Treshchov Point", "StationType":"SurfaceStation", "StarSystem":"Kokary", "StationFaction":"Kokary Holdings", "FactionState":"Boom", "StationGovernment":"$government_Corporate;", "StationGovernment_Localised":"Corporate", "StationAllegiance":"Federation", "StationServices":[ "Dock", "Autodock", "Commodities", "Contacts", "Exploration", "Missions", "Outfitting", "CrewLounge", "Rearm", "Refuel", "Repair", "Tuning", "MissionsGenerated", "FlightController", "StationOperations", "Powerplay", "SearchAndRescue" ], "StationEconomy":"$economy_Industrial;", "StationEconomy_Localised":"Industrial", "DistFromStarLS":95.513016 }
{ "timestamp":"2017-10-13T03:30:22Z", "event":"ReceiveText", "From":"$ShipName_Police_Federation;", "From_Localised":"Federal Security Service", "Message":"$Police_StartPatrol04;", "Message_Localised":"I'm away, heading to patrol route alpha now.", "Channel":"npc" }
{ "timestamp":"2017-10-13T03:30:26Z", "event":"Undocked", "StationName":"Treshchov Point", "StationType":"SurfaceStation" }
{ "timestamp":"2017-10-13T03:31:27Z", "event":"Music", "MusicTrack":"GalaxyMap" }
{ "timestamp":"2017-10-13T03:31:39Z", "event":"Music", "MusicTrack":"NoTrack" }
{ "timestamp":"2017-10-13T03:31:53Z", "event":"StartJump", "JumpType":"Supercruise" }
{ "timestamp":"2017-10-13T03:31:54Z", "event":"ApproachSettlement", "Name":"Treshchov Point" }
{ "timestamp":"2017-10-13T03:31:54Z", "event":"ApproachSettlement", "Name":"Sawyer Beacon +++" }
{ "timestamp":"2017-10-13T03:31:54Z", "event":"ApproachSettlement", "Name":"Redi Installation +" }
{ "timestamp":"2017-10-13T03:31:58Z", "event":"SupercruiseEntry", "StarSystem":"Kokary" }
{ "timestamp":"2017-10-13T03:31:58Z", "event":"Music", "MusicTrack":"Supercruise" }
{ "timestamp":"2017-10-13T03:33:14Z", "event":"StartJump", "JumpType":"Hyperspace", "StarSystem":"Luyten's Star", "StarClass":"M" }
{ "timestamp":"2017-10-13T03:33:19Z", "event":"Music", "MusicTrack":"NoTrack" }
{ "timestamp":"2017-10-13T03:33:32Z", "event":"FSDJump", "StarSystem":"Luyten's Star", "StarPos":[6.563,2.344,-10.250], "SystemAllegiance":"Federation", "SystemEconomy":"$economy_Industrial;", "SystemEconomy_Localised":"Industrial", "SystemGovernment":"$government_Democracy;", "SystemGovernment_Localised":"Democracy", "SystemSecurity":"$SYSTEM_SECURITY_high;", "SystemSecurity_Localised":"High Security", "Population":13123365, "JumpDist":13.076, "FuelUsed":0.972649, "FuelLevel":3.027351, "Factions":[ { "Name":"Sirius Corporation", "FactionState":"Boom", "Government":"Corporate", "Influence":0.324000, "Allegiance":"Independent" }, { "Name":"Pilots Federation Local Branch", "FactionState":"None", "Government":"Democracy", "Influence":0.000000, "Allegiance":"PilotsFederation" }, { "Name":"Green Party of Luyten's Star", "FactionState":"CivilWar", "Government":"Democracy", "Influence":0.028000, "Allegiance":"Federation" }, { "Name":"New Luyten's Star League", "FactionState":"Boom", "Government":"Dictatorship", "Influence":0.044000, "Allegiance":"Independent" }, { "Name":"Sirius Free", "FactionState":"None", "Government":"Democracy", "Influence":0.087000, "Allegiance":"Federation", "RecoveringStates":[ { "State":"Boom", "Trend":0 } ] }, { "Name":"Luyten's Star Co", "FactionState":"CivilWar", "Government":"Corporate", "Influence":0.025000, "Allegiance":"Federation", "PendingStates":[ { "State":"Boom", "Trend":0 } ] }, { "Name":"Pirates of Luyten's Star", "FactionState":"Bust", "Government":"Anarchy", "Influence":0.020000, "Allegiance":"Independent", "PendingStates":[ { "State":"Boom", "Trend":1 }, { "State":"Lockdown", "Trend":0 } ] }, { "Name":"Red Squadron", "FactionState":"Boom", "Government":"Democracy", "Influence":0.472000, "Allegiance":"Federation" } ], "SystemFaction":"Red Squadron", "FactionState":"Boom" }
{ "timestamp":"2017-10-13T03:33:33Z", "event":"Music", "MusicTrack":"DestinationFromHyperspace" }
{ "timestamp":"2017-10-13T03:33:38Z", "event":"Music", "MusicTrack":"Supercruise" }
{ "timestamp":"2017-10-13T03:35:41Z", "event":"SupercruiseExit", "StarSystem":"Luyten's Star", "Body":"Ashby City", "BodyType":"Station" }
{ "timestamp":"2017-10-13T03:35:41Z", "event":"Music", "MusicTrack":"DestinationFromSupercruise" }
{ "timestamp":"2017-10-13T03:35:46Z", "event":"Music", "MusicTrack":"NoTrack" }
{ "timestamp":"2017-10-13T03:35:49Z", "event":"ReceiveText", "From":"Ashby City", "Message":"$STATION_NoFireZone_entered;", "Message_Localised":"No fire zone entered.", "Channel":"npc" }
{ "timestamp":"2017-10-13T03:35:52Z", "event":"DockingRequested", "StationName":"Ashby City" }
{ "timestamp":"2017-10-13T03:35:52Z", "event":"ReceiveText", "From":"Ashby City", "Message":"$DockingChatter_Friendly;", "Message_Localised":"It's great to see you again, Commander.", "Channel":"npc" }
{ "timestamp":"2017-10-13T03:35:53Z", "event":"ReceiveText", "From":"Ashby City", "Message":"$STATION_docking_granted;", "Message_Localised":"Docking request granted.", "Channel":"npc" }
{ "timestamp":"2017-10-13T03:35:53Z", "event":"DockingGranted", "LandingPad":6, "StationName":"Ashby City" }
{ "timestamp":"2017-10-13T03:36:16Z", "event":"ReceiveText", "From":"$npc_name_decorate:#name=ABW Galactic Travel Agency;", "From_Localised":"ABW Galactic Travel Agency", "Message":"$Commuter_AuthorityScan02;", "Message_Localised":"How can I be of assistance?", "Channel":"npc" }
{ "timestamp":"2017-10-13T03:36:38Z", "event":"Music", "MusicTrack":"Starport" }
{ "timestamp":"2017-10-13T03:37:04Z", "event":"Docked", "StationName":"Ashby City", "StationType":"Bernal", "StarSystem":"Luyten's Star", "StationFaction":"Red Squadron", "FactionState":"Boom", "StationGovernment":"$government_Democracy;", "StationGovernment_Localised":"Democracy", "StationAllegiance":"Federation", "StationServices":[ "Dock", "Autodock", "BlackMarket", "Commodities", "Contacts", "Exploration", "Missions", "Outfitting", "CrewLounge", "Rearm", "Refuel", "Repair", "Shipyard", "Tuning", "MissionsGenerated", "FlightController", "StationOperations", "Powerplay", "SearchAndRescue" ], "StationEconomy":"$economy_Industrial;", "StationEconomy_Localised":"Industrial", "DistFromStarLS":300.506226 }
{ "timestamp":"2017-10-13T03:37:12Z", "event":"RefuelAll", "Cost":54, "Amount":1.071900 }
{ "timestamp":"2017-10-13T03:37:57Z", "event":"MissionAccepted", "Faction":"Sirius Corporation", "Name":"Mission_Courier_Boom", "LocalisedName":"Boom data delivery", "TargetFaction":"G 41-14 Purple Travel Solutions", "DestinationSystem":"G 41-14", "DestinationStation":"Ramon Hub", "Expiry":"2017-10-14T03:15:13Z", "Influence":"Low", "Reputation":"Med", "Reward":54132, "MissionID":225757170 }
{ "timestamp":"2017-10-13T03:38:07Z", "event":"MissionAccepted", "Faction":"Sirius Corporation", "Name":"Mission_Courier_Boom", "LocalisedName":"Boom data delivery", "TargetFaction":"G 99-49 Life Industry", "DestinationSystem":"Wolf 294", "DestinationStation":"Stephenson Dock", "Expiry":"2017-10-14T03:37:16Z", "Influence":"Low", "Reputation":"Med", "Reward":22290, "MissionID":225757205 }
{ "timestamp":"2017-10-13T03:38:10Z", "event":"ReceiveText", "From":"$npc_name_decorate:#name=Red Planet Taxi Service;", "From_Localised":"Red Planet Taxi Service", "Message":"$Commuter_AuthorityScan02;", "Message_Localised":"How can I be of assistance?", "Channel":"npc" }
{ "timestamp":"2017-10-13T03:38:30Z", "event":"Undocked", "StationName":"Ashby City", "StationType":"Bernal" }
{ "timestamp":"2017-10-13T03:38:41Z", "event":"Music", "MusicTrack":"NoTrack" }
{ "timestamp":"2017-10-13T03:39:09Z", "event":"ReceiveText", "From":"Ashby City", "Message":"$STATION_NoFireZone_exited;", "Message_Localised":"No fire zone left.", "Channel":"npc" }
{ "timestamp":"2017-10-13T03:39:41Z", "event":"StartJump", "JumpType":"Hyperspace", "StarSystem":"Wolf 294", "StarClass":"M" }
{ "timestamp":"2017-10-13T03:39:47Z", "event":"Music", "MusicTrack":"Exploration" }
{ "timestamp":"2017-10-13T03:39:47Z", "event":"Music", "MusicTrack":"NoTrack" }
{ "timestamp":"2017-10-13T03:40:00Z", "event":"FSDJump", "StarSystem":"Wolf 294", "StarPos":[1.000,4.938,-17.531], "SystemAllegiance":"Federation", "SystemEconomy":"$economy_Refinery;", "SystemEconomy_Localised":"Refinery", "SystemGovernment":"$government_Confederacy;", "SystemGovernment_Localised":"Confederacy", "SystemSecurity":"$SYSTEM_SECURITY_low;", "SystemSecurity_Localised":"Low Security", "Population":3399, "JumpDist":9.523, "FuelUsed":0.491950, "FuelLevel":3.508050, "Factions":[ { "Name":"Wolf 1449 Limited", "FactionState":"Boom", "Government":"Corporate", "Influence":0.080597, "Allegiance":"Federation" }, { "Name":"Wolf 294 Industry", "FactionState":"Boom", "Government":"Corporate", "Influence":0.009950, "Allegiance":"Independent", "PendingStates":[ { "State":"CivilUnrest", "Trend":0 }, { "State":"Lockdown", "Trend":0 } ] }, { "Name":"Pilots Federation Local Branch", "FactionState":"None", "Government":"Democracy", "Influence":0.000000, "Allegiance":"PilotsFederation" }, { "Name":"G 99-49 Life Industry", "FactionState":"None", "Government":"Corporate", "Influence":0.096517, "Allegiance":"Federation", "PendingStates":[ { "State":"Boom", "Trend":1 } ] }, { "Name":"Wolf 294 Dominion", "FactionState":"Boom", "Government":"Feudal", "Influence":0.056716, "Allegiance":"Independent", "PendingStates":[ { "State":"Outbreak", "Trend":0 } ] }, { "Name":"Coalition of Wolf 294", "FactionState":"None", "Government":"Confederacy", "Influence":0.319403, "Allegiance":"Federation", "PendingStates":[ { "State":"CivilUnrest", "Trend":0 }, { "State":"Lockdown", "Trend":0 } ], "RecoveringStates":[ { "State":"Boom", "Trend":0 }, { "State":"Outbreak", "Trend":1 } ] }, { "Name":"Ross 986 Gold Advanced Int", "FactionState":"None", "Government":"Corporate", "Influence":0.157214, "Allegiance":"Federation", "RecoveringStates":[ { "State":"Boom", "Trend":0 } ] }, { "Name":"LHS 223 Blue Power Co", "FactionState":"None", "Government":"Corporate", "Influence":0.219901, "Allegiance":"Federation" }, { "Name":"Stein 2051 Services", "FactionState":"None", "Government":"Corporate", "Influence":0.059701, "Allegiance":"Federation", "PendingStates":[ { "State":"Boom", "Trend":1 } ] } ], "SystemFaction":"Coalition of Wolf 294" }
{ "timestamp":"2017-10-13T03:40:00Z", "event":"Music", "MusicTrack":"DestinationFromHyperspace" }
{ "timestamp":"2017-10-13T03:40:05Z", "event":"Music", "MusicTrack":"Supercruise" }
{ "timestamp":"2017-10-13T03:41:45Z", "event":"SupercruiseExit", "StarSystem":"Wolf 294", "Body":"Stephenson Dock", "BodyType":"Station" }
{ "timestamp":"2017-10-13T03:41:45Z", "event":"Music", "MusicTrack":"DestinationFromSupercruise" }
{ "timestamp":"2017-10-13T03:41:50Z", "event":"ReceiveText", "From":"Stephenson Dock", "Message":"$STATION_NoFireZone_entered;", "Message_Localised":"No fire zone entered.", "Channel":"npc" }
{ "timestamp":"2017-10-13T03:41:50Z", "event":"Music", "MusicTrack":"Exploration" }
{ "timestamp":"2017-10-13T03:41:52Z", "event":"DockingRequested", "StationName":"Stephenson Dock" }
{ "timestamp":"2017-10-13T03:41:52Z", "event":"ReceiveText", "From":"Stephenson Dock", "Message":"$DockingChatter_Neutral;", "Message_Localised":"Ensure to observe starport protocol during your visit, pilot.", "Channel":"npc" }
{ "timestamp":"2017-10-13T03:41:53Z", "event":"ReceiveText", "From":"Stephenson Dock", "Message":"$STATION_docking_granted;", "Message_Localised":"Docking request granted.", "Channel":"npc" }
{ "timestamp":"2017-10-13T03:41:53Z", "event":"DockingGranted", "LandingPad":2, "StationName":"Stephenson Dock" }
{ "timestamp":"2017-10-13T03:42:44Z", "event":"Docked", "StationName":"Stephenson Dock", "StationType":"Outpost", "StarSystem":"Wolf 294", "StationFaction":"Coalition of Wolf 294", "StationGovernment":"$government_Confederacy;", "StationGovernment_Localised":"Confederacy", "StationAllegiance":"Federation", "StationServices":[ "Dock", "Autodock", "BlackMarket", "Commodities", "Contacts", "Exploration", "Missions", "Outfitting", "CrewLounge", "Rearm", "Refuel", "Repair", "MissionsGenerated", "Facilitator", "FlightController", "StationOperations", "Powerplay", "SearchAndRescue" ], "StationEconomy":"$economy_Refinery;", "StationEconomy_Localised":"Refinery", "DistFromStarLS":75.866432 }
{ "timestamp":"2017-10-13T03:42:51Z", "event":"RefuelAll", "Cost":28, "Amount":0.549357 }
{ "timestamp":"2017-10-13T03:43:01Z", "event":"MissionCompleted", "Faction":"G 99-49 Life Industry", "Name":"Mission_Courier_Boom_name", "MissionID":225757205, "TargetFaction":"G 99-49 Life Industry", "DestinationSystem":"Wolf 294", "DestinationStation":"Stephenson Dock", "Reward":22290 }
{ "timestamp":"2017-10-13T03:43:38Z", "event":"Undocked", "StationName":"Stephenson Dock", "StationType":"Outpost" }
{ "timestamp":"2017-10-13T03:44:07Z", "event":"StartJump", "JumpType":"Hyperspace", "StarSystem":"G 41-14", "StarClass":"M" }
{ "timestamp":"2017-10-13T03:44:10Z", "event":"ReceiveText", "From":"Stephenson Dock", "Message":"$STATION_NoFireZone_exited;", "Message_Localised":"No fire zone left.", "Channel":"npc" }
{ "timestamp":"2017-10-13T03:44:12Z", "event":"Music", "MusicTrack":"NoTrack" }
{ "timestamp":"2017-10-13T03:44:26Z", "event":"FSDJump", "StarSystem":"G 41-14", "StarPos":[7.938,7.719,-9.438], "SystemAllegiance":"Federation", "SystemEconomy":"$economy_Industrial;", "SystemEconomy_Localised":"Industrial", "SystemGovernment":"$government_Corporate;", "SystemGovernment_Localised":"Corporate", "SystemSecurity":"$SYSTEM_SECURITY_low;", "SystemSecurity_Localised":"Low Security", "Population":3065518, "JumpDist":11.017, "FuelUsed":0.672975, "FuelLevel":3.327025, "Factions":[ { "Name":"Pilots Federation Local Branch", "FactionState":"None", "Government":"Democracy", "Influence":0.000000, "Allegiance":"PilotsFederation" }, { "Name":"G 99-49 Life Industry", "FactionState":"None", "Government":"Corporate", "Influence":0.092794, "Allegiance":"Federation", "PendingStates":[ { "State":"Boom", "Trend":1 } ] }, { "Name":"G 41-14 Purple Travel Solutions", "FactionState":"Boom", "Government":"Corporate", "Influence":0.422507, "Allegiance":"Federation", "PendingStates":[ { "State":"Election", "Trend":0 } ] }, { "Name":"People's G 41-14 Progressive Party", "FactionState":"None", "Government":"Democracy", "Influence":0.033564, "Allegiance":"Federation", "PendingStates":[ { "State":"Boom", "Trend":1 }, { "State":"Bust", "Trend":0 }, { "State":"CivilUnrest", "Trend":1 }, { "State":"Lockdown", "Trend":0 } ], "RecoveringStates":[ { "State":"War", "Trend":0 } ] }, { "Name":"Bureau of G 41-14 Liberty Party", "FactionState":"CivilWar", "Government":"Dictatorship", "Influence":0.009872, "Allegiance":"Independent", "PendingStates":[ { "State":"CivilUnrest", "Trend":0 }, { "State":"Lockdown", "Trend":0 } ] }, { "Name":"Ross 104 Blue Public Solutions", "FactionState":"Boom", "Government":"Corporate", "Influence":0.383021, "Allegiance":"Federation", "PendingStates":[ { "State":"Election", "Trend":0 } ] }, { "Name":"G 41-14 Gold Council", "FactionState":"CivilWar", "Government":"Anarchy", "Influence":0.009872, "Allegiance":"Independent", "PendingStates":[ { "State":"CivilUnrest", "Trend":1 }, { "State":"Lockdown", "Trend":1 } ] }, { "Name":"Gendalla Interstellar", "FactionState":"None", "Government":"Corporate", "Influence":0.048371, "Allegiance":"Federation", "PendingStates":[ { "State":"Boom", "Trend":1 }, { "State":"CivilUnrest", "Trend":1 }, { "State":"Lockdown", "Trend":1 } ], "RecoveringStates":[ { "State":"War", "Trend":0 } ] } ], "SystemFaction":"G 41-14 Purple Travel Solutions", "FactionState":"Boom" }
{ "timestamp":"2017-10-13T03:44:26Z", "event":"Music", "MusicTrack":"DestinationFromHyperspace" }
{ "timestamp":"2017-10-13T03:44:31Z", "event":"Music", "MusicTrack":"Supercruise" }
{ "timestamp":"2017-10-13T03:48:20Z", "event":"SupercruiseExit", "StarSystem":"G 41-14", "Body":"Ramon Hub", "BodyType":"Station" }
{ "timestamp":"2017-10-13T03:48:21Z", "event":"Music", "MusicTrack":"DestinationFromSupercruise" }
{ "timestamp":"2017-10-13T03:48:26Z", "event":"Music", "MusicTrack":"NoTrack" }
{ "timestamp":"2017-10-13T03:48:27Z", "event":"ReceiveText", "From":"Ramon Hub", "Message":"$STATION_NoFireZone_entered;", "Message_Localised":"No fire zone entered.", "Channel":"npc" }
{ "timestamp":"2017-10-13T03:48:29Z", "event":"DockingRequested", "StationName":"Ramon Hub" }
{ "timestamp":"2017-10-13T03:48:29Z", "event":"ReceiveText", "From":"Ramon Hub", "Message":"$DockingChatter_Neutral;", "Message_Localised":"Ensure to observe starport protocol during your visit, pilot.", "Channel":"npc" }
{ "timestamp":"2017-10-13T03:48:31Z", "event":"ReceiveText", "From":"Ramon Hub", "Message":"$STATION_docking_granted;", "Message_Localised":"Docking request granted.", "Channel":"npc" }
{ "timestamp":"2017-10-13T03:48:31Z", "event":"DockingGranted", "LandingPad":28, "StationName":"Ramon Hub" }
{ "timestamp":"2017-10-13T03:49:15Z", "event":"Music", "MusicTrack":"Starport" }
{ "timestamp":"2017-10-13T03:49:34Z", "event":"Docked", "StationName":"Ramon Hub", "StationType":"Coriolis", "StarSystem":"G 41-14", "StationFaction":"G 41-14 Purple Travel Solutions", "FactionState":"Boom", "StationGovernment":"$government_Corporate;", "StationGovernment_Localised":"Corporate", "StationAllegiance":"Federation", "StationServices":[ "Dock", "Autodock", "BlackMarket", "Commodities", "Contacts", "Exploration", "Missions", "Outfitting", "CrewLounge", "Rearm", "Refuel", "Repair", "Shipyard", "Tuning", "MissionsGenerated", "Facilitator", "FlightController", "StationOperations", "Powerplay", "SearchAndRescue" ], "StationEconomy":"$economy_Industrial;", "StationEconomy_Localised":"Industrial", "DistFromStarLS":8375.531250 }
{ "timestamp":"2017-10-13T03:50:00Z", "event":"RefuelAll", "Cost":39, "Amount":0.771861 }
{ "timestamp":"2017-10-13T03:50:12Z", "event":"MissionCompleted", "Faction":"G 41-14 Purple Travel Solutions", "Name":"Mission_Courier_Boom_name", "MissionID":225757170, "TargetFaction":"G 41-14 Purple Travel Solutions", "DestinationSystem":"G 41-14", "DestinationStation":"Ramon Hub", "Reward":54132 }
{ "timestamp":"2017-10-13T03:50:34Z", "event":"Undocked", "StationName":"Ramon Hub", "StationType":"Coriolis" }
{ "timestamp":"2017-10-13T03:50:43Z", "event":"Music", "MusicTrack":"NoTrack" }
{ "timestamp":"2017-10-13T03:50:50Z", "event":"ReceiveText", "From":"Ramon Hub", "Message":"$STATION_docking_requestfailnotyetclear;", "Message_Localised":"Dock request denied, please clear bay doors.", "Channel":"npc" }
{ "timestamp":"2017-10-13T03:50:58Z", "event":"DockingRequested", "StationName":"Ramon Hub" }
{ "timestamp":"2017-10-13T03:50:58Z", "event":"ReceiveText", "From":"Ramon Hub", "Message":"$DockingChatter_Neutral;", "Message_Localised":"Ensure to observe starport protocol during your visit, pilot.", "Channel":"npc" }
{ "timestamp":"2017-10-13T03:50:59Z", "event":"ReceiveText", "From":"Ramon Hub", "Message":"$STATION_docking_granted;", "Message_Localised":"Docking request granted.", "Channel":"npc" }
{ "timestamp":"2017-10-13T03:50:59Z", "event":"DockingGranted", "LandingPad":36, "StationName":"Ramon Hub" }
{ "timestamp":"2017-10-13T03:51:15Z", "event":"Music", "MusicTrack":"Starport" }
{ "timestamp":"2017-10-13T03:51:26Z", "event":"Docked", "StationName":"Ramon Hub", "StationType":"Coriolis", "StarSystem":"G 41-14", "StationFaction":"G 41-14 Purple Travel Solutions", "FactionState":"Boom", "StationGovernment":"$government_Corporate;", "StationGovernment_Localised":"Corporate", "StationAllegiance":"Federation", "StationServices":[ "Dock", "Autodock", "BlackMarket", "Commodities", "Contacts", "Exploration", "Missions", "Outfitting", "CrewLounge", "Rearm", "Refuel", "Repair", "Shipyard", "Tuning", "MissionsGenerated", "Facilitator", "FlightController", "StationOperations", "Powerplay", "SearchAndRescue" ], "StationEconomy":"$economy_Industrial;", "StationEconomy_Localised":"Industrial", "DistFromStarLS":8375.531250 }
{ "timestamp":"2017-10-13T03:51:43Z", "event":"Undocked", "StationName":"Ramon Hub", "StationType":"Coriolis" }
{ "timestamp":"2017-10-13T03:51:52Z", "event":"Music", "MusicTrack":"NoTrack" }
{ "timestamp":"2017-10-13T03:52:03Z", "event":"DockingRequested", "StationName":"Ramon Hub" }
{ "timestamp":"2017-10-13T03:52:03Z", "event":"ReceiveText", "From":"Ramon Hub", "Message":"$DockingChatter_Neutral;", "Message_Localised":"Ensure to observe starport protocol during your visit, pilot.", "Channel":"npc" }
{ "timestamp":"2017-10-13T03:52:05Z", "event":"ReceiveText", "From":"Ramon Hub", "Message":"$STATION_docking_granted;", "Message_Localised":"Docking request granted.", "Channel":"npc" }
{ "timestamp":"2017-10-13T03:52:05Z", "event":"DockingGranted", "LandingPad":12, "StationName":"Ramon Hub" }
{ "timestamp":"2017-10-13T03:52:21Z", "event":"Music", "MusicTrack":"Starport" }
{ "timestamp":"2017-10-13T03:52:22Z", "event":"CommitCrime", "CrimeType":"collidedAtSpeedInNoFireZone_hulldamage", "Faction":"G 41-14 Purple Travel Solutions", "Fine":400 }
{ "timestamp":"2017-10-13T03:52:46Z", "event":"Docked", "StationName":"Ramon Hub", "StationType":"Coriolis", "StarSystem":"G 41-14", "StationFaction":"G 41-14 Purple Travel Solutions", "FactionState":"Boom", "StationGovernment":"$government_Corporate;", "StationGovernment_Localised":"Corporate", "StationAllegiance":"Federation", "StationServices":[ "Dock", "Autodock", "BlackMarket", "Commodities", "Contacts", "Exploration", "Missions", "Outfitting", "CrewLounge", "Rearm", "Refuel", "Repair", "Shipyard", "Tuning", "MissionsGenerated", "Facilitator", "FlightController", "StationOperations", "Powerplay", "SearchAndRescue" ], "StationEconomy":"$economy_Industrial;", "StationEconomy_Localised":"Industrial", "DistFromStarLS":8375.532227 }
{ "timestamp":"2017-10-13T03:52:58Z", "event":"RefuelAll", "Cost":10, "Amount":0.017666 }
{ "timestamp":"2017-10-13T03:54:08Z", "event":"ModuleBuy", "Slot":"TinyHardpoint1", "BuyItem":"$hpt_chafflauncher_tiny_name;", "BuyItem_Localised":"Chaff", "BuyPrice":8500, "Ship":"eagle", "ShipID":14 }
{ "timestamp":"2017-10-13T03:54:28Z", "event":"ModuleBuy", "Slot":"Slot04_Size1", "BuyItem":"$int_fsdinterdictor_size1_class4_name;", "BuyItem_Localised":"FSD Interdictor", "BuyPrice":324000, "Ship":"eagle", "ShipID":14 }
{ "timestamp":"2017-10-13T03:55:08Z", "event":"ModuleBuy", "Slot":"SmallHardpoint1", "SellItem":"$hpt_slugshot_fixed_small_name;", "SellItem_Localised":"Frag Cannon", "SellPrice":36000, "BuyItem":"$hpt_pulselaser_fixed_small_name;", "BuyItem_Localised":"Pulse Laser", "BuyPrice":2200, "Ship":"eagle", "ShipID":14 }
{ "timestamp":"2017-10-13T03:55:27Z", "event":"ModuleBuy", "Slot":"SmallHardpoint2", "SellItem":"$hpt_slugshot_fixed_small_name;", "SellItem_Localised":"Frag Cannon", "SellPrice":36000, "BuyItem":"$hpt_pulselaser_fixed_small_name;", "BuyItem_Localised":"Pulse Laser", "BuyPrice":2200, "Ship":"eagle", "ShipID":14 }
{ "timestamp":"2017-10-13T03:56:17Z", "event":"Undocked", "StationName":"Ramon Hub", "StationType":"Coriolis" }
{ "timestamp":"2017-10-13T03:56:32Z", "event":"Music", "MusicTrack":"NoTrack" }
{ "timestamp":"2017-10-13T03:57:03Z", "event":"StartJump", "JumpType":"Hyperspace", "StarSystem":"Luyten's Star", "StarClass":"M" }
{ "timestamp":"2017-10-13T03:57:03Z", "event":"ReceiveText", "From":"Ramon Hub", "Message":"$STATION_NoFireZone_exited;", "Message_Localised":"No fire zone left.", "Channel":"npc" }
{ "timestamp":"2017-10-13T03:57:22Z", "event":"FSDJump", "StarSystem":"Luyten's Star", "StarPos":[6.563,2.344,-10.250], "SystemAllegiance":"Federation", "SystemEconomy":"$economy_Industrial;", "SystemEconomy_Localised":"Industrial", "SystemGovernment":"$government_Democracy;", "SystemGovernment_Localised":"Democracy", "SystemSecurity":"$SYSTEM_SECURITY_high;", "SystemSecurity_Localised":"High Security", "Population":13123365, "JumpDist":5.607, "FuelUsed":0.170423, "FuelLevel":3.829577, "Factions":[ { "Name":"Sirius Corporation", "FactionState":"Boom", "Government":"Corporate", "Influence":0.324000, "Allegiance":"Independent" }, { "Name":"Pilots Federation Local Branch", "FactionState":"None", "Government":"Democracy", "Influence":0.000000, "Allegiance":"PilotsFederation" }, { "Name":"Green Party of Luyten's Star", "FactionState":"CivilWar", "Government":"Democracy", "Influence":0.028000, "Allegiance":"Federation" }, { "Name":"New Luyten's Star League", "FactionState":"Boom", "Government":"Dictatorship", "Influence":0.044000, "Allegiance":"Independent" }, { "Name":"Sirius Free", "FactionState":"None", "Government":"Democracy", "Influence":0.087000, "Allegiance":"Federation", "RecoveringStates":[ { "State":"Boom", "Trend":0 } ] }, { "Name":"Luyten's Star Co", "FactionState":"CivilWar", "Government":"Corporate", "Influence":0.025000, "Allegiance":"Federation", "PendingStates":[ { "State":"Boom", "Trend":0 } ] }, { "Name":"Pirates of Luyten's Star", "FactionState":"Bust", "Government":"Anarchy", "Influence":0.020000, "Allegiance":"Independent", "PendingStates":[ { "State":"Boom", "Trend":1 }, { "State":"Lockdown", "Trend":0 } ] }, { "Name":"Red Squadron", "FactionState":"Boom", "Government":"Democracy", "Influence":0.472000, "Allegiance":"Federation" } ], "SystemFaction":"Red Squadron", "FactionState":"Boom" }
{ "timestamp":"2017-10-13T03:57:22Z", "event":"Music", "MusicTrack":"Supercruise" }
{ "timestamp":"2017-10-13T03:57:33Z", "event":"ReceiveText", "From":"$npc_name_decorate:#name=Afon Garde;", "From_Localised":"Afon Garde", "Message":"$Pirate_HunterHostileSC_Relevant01;", "Message_Localised":"That's the ship I'm looking for, the one with the big haul...", "Channel":"npc" }
{ "timestamp":"2017-10-13T03:57:48Z", "event":"EjectCargo", "Type":"neofabricinsulation", "Count":4, "Abandoned":false }
{ "timestamp":"2017-10-13T03:58:21Z", "event":"ReceiveText", "From":"$ShipName_PassengerLiner_Cruise;", "From_Localised":"Cruise Ship", "Message":"$CruiseLiner_SCPatrol04;", "Message_Localised":"I'd like to direct your attention to our flight attendants for a brief safety demonstration.", "Channel":"npc" }
{ "timestamp":"2017-10-13T03:58:32Z", "event":"ReceiveText", "From":"$npc_name_decorate:#name=Afon Garde;", "From_Localised":"Afon Garde", "Message":"$Pirate_StartInterdiction03;", "Message_Localised":"I have you now!", "Channel":"npc" }
{ "timestamp":"2017-10-13T03:58:38Z", "event":"Interdicted", "Submitted":true, "Interdictor":"Afon Garde", "IsPlayer":false, "Faction":"Pirates of Luyten's Star" }
{ "timestamp":"2017-10-13T03:58:40Z", "event":"SupercruiseExit", "StarSystem":"Luyten's Star", "Body":"Luyten's Star 1", "BodyType":"Planet" }
{ "timestamp":"2017-10-13T03:58:40Z", "event":"Music", "MusicTrack":"Interdiction" }
{ "timestamp":"2017-10-13T03:58:42Z", "event":"ReceiveText", "From":"$npc_name_decorate:#name=Afon Garde;", "From_Localised":"Afon Garde", "Message":"$Pirate_Arrival14;", "Message_Localised":"Everybody keep cool - this will end well for us.", "Channel":"npc" }
{ "timestamp":"2017-10-13T03:58:43Z", "event":"ReceiveText", "From":"$npc_name_decorate:#name=Afon Garde;", "From_Localised":"Afon Garde", "Message":"$Pirate_ThreatenTimer04:#seconds=10;", "Message_Localised":"Start dumping that cargo. I'll give you... 10 seconds before I start shooting.", "Channel":"npc" }
{ "timestamp":"2017-10-13T03:58:51Z", "event":"ReceiveText", "From":"$npc_name_decorate:#name=Afon Garde;", "From_Localised":"Afon Garde", "Message":"$Pirate_OnDeclarePiracyAttack01;", "Message_Localised":"I'll pick your bones clean, greenhorn.", "Channel":"npc" }
{ "timestamp":"2017-10-13T03:58:52Z", "event":"Music", "MusicTrack":"Combat_Dogfight" }
{ "timestamp":"2017-10-13T03:59:14Z", "event":"ReceiveText", "From":"$ShipName_Police_Federation;", "From_Localised":"Federal Security Service", "Message":"$Police_ArriveInvestigate04;", "Message_Localised":"Emergency response squad in position.", "Channel":"npc" }
{ "timestamp":"2017-10-13T03:59:18Z", "event":"ReceiveText", "From":"$ShipName_Police_Federation;", "From_Localised":"Federal Security Service", "Message":"$Police_ArrivedAtInvestigationLocation04;", "Message_Localised":"Rapid deployment unit deployed. Initiating scans of all ships in the area.", "Channel":"npc" }
{ "timestamp":"2017-10-13T03:59:41Z", "event":"StartJump", "JumpType":"Supercruise" }
{ "timestamp":"2017-10-13T03:59:46Z", "event":"SupercruiseEntry", "StarSystem":"Luyten's Star" }
{ "timestamp":"2017-10-13T03:59:47Z", "event":"Music", "MusicTrack":"Supercruise" }
{ "timestamp":"2017-10-13T04:00:12Z", "event":"ReceiveText", "From":"$npc_name_decorate:#name=Afon Garde;", "From_Localised":"Afon Garde", "Message":"$Pirate_HunterHostileSC_Relevant03;", "Message_Localised":"I've come a long way for what's in your hold, don't try to run!", "Channel":"npc" }
{ "timestamp":"2017-10-13T04:00:31Z", "event":"SupercruiseExit", "StarSystem":"Luyten's Star", "Body":"Luyten's Star 1 B Ring", "BodyType":"PlanetaryRing" }
{ "timestamp":"2017-10-13T04:00:31Z", "event":"Music", "MusicTrack":"Exploration" }
{ "timestamp":"2017-10-13T04:01:14Z", "event":"ReceiveText", "From":"$npc_name_decorate:#name=Afon Garde;", "From_Localised":"Afon Garde", "Message":"$Pirate_ThreatenTimer03:#seconds=10;", "Message_Localised":"You've got 10 seconds before this gets real interesting.", "Channel":"npc" }
{ "timestamp":"2017-10-13T04:01:21Z", "event":"ReceiveText", "From":"$npc_name_decorate:#name=Afon Garde;", "From_Localised":"Afon Garde", "Message":"$Pirate_OnTargetFleeing01;", "Message_Localised":"Hey, where are you going!", "Channel":"npc" }
{ "timestamp":"2017-10-13T04:01:24Z", "event":"Music", "MusicTrack":"Combat_Dogfight" }
{ "timestamp":"2017-10-13T04:01:45Z", "event":"ReceiveText", "From":"$npc_name_decorate:#name=Martin Erhardsen;", "From_Localised":"Martin Erhardsen", "Message":"$Escort_NearDeath01;", "Message_Localised":"It's no good, I can't manoeuvre.", "Channel":"npc" }
{ "timestamp":"2017-10-13T04:02:14Z", "event":"ReceiveText", "From":"$npc_name_decorate:#name=SCREAMING LAMBERT;", "From_Localised":"SCREAMING LAMBERT", "Message":"$MinerCriticalDamage03;", "Message_Localised":"You'll pay for this, murderer!", "Channel":"npc" }
{ "timestamp":"2017-10-13T04:03:01Z", "event":"Bounty", "Rewards":[ { "Faction":"Red Squadron", "Reward":8270 } ], "Target":"eagle", "TotalReward":8270, "VictimFaction":"Pirates of Luyten's Star" }
{ "timestamp":"2017-10-13T04:03:20Z", "event":"Music", "MusicTrack":"Exploration" }
{ "timestamp":"2017-10-13T04:03:30Z", "event":"ReceiveText", "From":"$ShipName_Police_Federation;", "From_Localised":"Federal Security Service", "Message":"$Police_ArrivedAtInvestigationLocation05;", "Message_Localised":"A crime has been reported here. All ships will be scanned.", "Channel":"npc" }
{ "timestamp":"2017-10-13T04:03:54Z", "event":"ReceiveText", "From":"$ShipName_Police_Federation;", "From_Localised":"Federal Security Service", "Message":"$Police_ArrivedAtInvestigationLocation06;", "Message_Localised":"Crime response team in situ. Security sweep and scan commencing.", "Channel":"npc" }
{ "timestamp":"2017-10-13T04:04:02Z", "event":"ReceiveText", "From":"$npc_name_decorate:#name=Ronan O'Ceallaigh;", "From_Localised":"Ronan O'Ceallaigh", "Message":"$BadKarmaCriticalDamage02;", "Message_Localised":"Impossible!", "Channel":"npc" }
{ "timestamp":"2017-10-13T04:04:09Z", "event":"ReceiveText", "From":"$ShipName_Police_Federation;", "From_Localised":"Federal Security Service", "Message":"$Police_ArrivedAtInvestigationLocation04;", "Message_Localised":"Rapid deployment unit deployed. Initiating scans of all ships in the area.", "Channel":"npc" }
{ "timestamp":"2017-10-13T04:04:19Z", "event":"Music", "MusicTrack":"Combat_Dogfight" }
{ "timestamp":"2017-10-13T04:04:32Z", "event":"ReceiveText", "From":"$npc_name_decorate:#name=Conrad Descartes;", "From_Localised":"Conrad Descartes", "Message":"$Escort_NearDeath03;", "Message_Localised":"I've got a problem here... requesting assistance.", "Channel":"npc" }
{ "timestamp":"2017-10-13T04:04:37Z", "event":"ReceiveText", "From":"$ShipName_Police_Federation;", "From_Localised":"Federal Security Service", "Message":"$Police_ArriveReinforcement04;", "Message_Localised":"Reinforcements have arrived.", "Channel":"npc" }
{ "timestamp":"2017-10-13T04:04:38Z", "event":"CommitCrime", "CrimeType":"assault", "Faction":"Red Squadron", "Victim":"Conrad Descartes", "Bounty":200 }
{ "timestamp":"2017-10-13T04:04:39Z", "event":"MaterialCollected", "Category":"Encoded", "Name":"decodedemissiondata", "Count":3 }
{ "timestamp":"2017-10-13T04:04:40Z", "event":"MaterialCollected", "Category":"Encoded", "Name":"shieldpatternanalysis", "Count":3 }
{ "timestamp":"2017-10-13T04:04:40Z", "event":"MaterialCollected", "Category":"Encoded", "Name":"decodedemissiondata", "Count":3 }
{ "timestamp":"2017-10-13T04:04:42Z", "event":"ReceiveText", "From":"$ShipName_Police_Federation;", "From_Localised":"Federal Security Service", "Message":"$Police_ArriveReinforcement05;", "Message_Localised":"Emergency reserve force deploying.", "Channel":"npc" }
{ "timestamp":"2017-10-13T04:04:42Z", "event":"ReceiveText", "From":"$ShipName_Police_Federation;", "From_Localised":"Federal Security Service", "Message":"$Police_ArriveReinforcement01;", "Message_Localised":"Reinforcements incoming.", "Channel":"npc" }
{ "timestamp":"2017-10-13T04:04:43Z", "event":"Bounty", "Rewards":[ { "Faction":"Red Squadron", "Reward":200 }, { "Faction":"Federation", "Reward":22515 } ], "Target":"asp", "TotalReward":22715, "VictimFaction":"Red Squadron" }
{ "timestamp":"2017-10-13T04:04:50Z", "event":"ShieldState", "ShieldsUp":false }
{ "timestamp":"2017-10-13T04:04:56Z", "event":"HullDamage", "Health":0.398129, "PlayerPilot":true, "Fighter":false }
{ "timestamp":"2017-10-13T04:04:56Z", "event":"HullDamage", "Health":0.398129, "PlayerPilot":true, "Fighter":false }
{ "timestamp":"2017-10-13T04:04:56Z", "event":"HullDamage", "Health":0.398129, "PlayerPilot":true, "Fighter":false }
{ "timestamp":"2017-10-13T04:05:06Z", "event":"HullDamage", "Health":0.192325, "PlayerPilot":true, "Fighter":false }
{ "timestamp":"2017-10-13T04:05:10Z", "event":"Died", "KillerName":"$ShipName_Police_Federation;", "KillerName_Localised":"Federal Security Service", "KillerShip":"eagle", "KillerRank":"Expert" }
{ "timestamp":"2017-10-13T04:05:14Z", "event":"Music", "MusicTrack":"MainMenu" }
{ "timestamp":"2017-10-13T04:06:12Z", "event":"Resurrect", "Option":"rebuy", "Cost":82790, "Bankrupt":false }
{ "timestamp":"2017-10-13T04:06:16Z", "event":"Location", "Docked":true, "StationName":"Ramon Hub", "StationType":"Coriolis", "StarSystem":"G 41-14", "StarPos":[7.938,7.719,-9.438], "SystemAllegiance":"Federation", "SystemEconomy":"$economy_Industrial;", "SystemEconomy_Localised":"Industrial", "SystemGovernment":"$government_Corporate;", "SystemGovernment_Localised":"Corporate", "SystemSecurity":"$SYSTEM_SECURITY_low;", "SystemSecurity_Localised":"Low Security", "Population":3065518, "Body":"Ramon Hub", "BodyType":"Station", "Factions":[ { "Name":"Pilots Federation Local Branch", "FactionState":"None", "Government":"Democracy", "Influence":0.000000, "Allegiance":"PilotsFederation" }, { "Name":"G 99-49 Life Industry", "FactionState":"None", "Government":"Corporate", "Influence":0.092794, "Allegiance":"Federation", "PendingStates":[ { "State":"Boom", "Trend":1 } ] }, { "Name":"G 41-14 Purple Travel Solutions", "FactionState":"Boom", "Government":"Corporate", "Influence":0.422507, "Allegiance":"Federation", "PendingStates":[ { "State":"Election", "Trend":0 } ] }, { "Name":"People's G 41-14 Progressive Party", "FactionState":"None", "Government":"Democracy", "Influence":0.033564, "Allegiance":"Federation", "PendingStates":[ { "State":"Boom", "Trend":1 }, { "State":"Bust", "Trend":0 }, { "State":"CivilUnrest", "Trend":1 }, { "State":"Lockdown", "Trend":0 } ], "RecoveringStates":[ { "State":"War", "Trend":0 } ] }, { "Name":"Bureau of G 41-14 Liberty Party", "FactionState":"CivilWar", "Government":"Dictatorship", "Influence":0.009872, "Allegiance":"Independent", "PendingStates":[ { "State":"CivilUnrest", "Trend":0 }, { "State":"Lockdown", "Trend":0 } ] }, { "Name":"Ross 104 Blue Public Solutions", "FactionState":"Boom", "Government":"Corporate", "Influence":0.383021, "Allegiance":"Federation", "PendingStates":[ { "State":"Election", "Trend":0 } ] }, { "Name":"G 41-14 Gold Council", "FactionState":"CivilWar", "Government":"Anarchy", "Influence":0.009872, "Allegiance":"Independent", "PendingStates":[ { "State":"CivilUnrest", "Trend":1 }, { "State":"Lockdown", "Trend":1 } ] }, { "Name":"Gendalla Interstellar", "FactionState":"None", "Government":"Corporate", "Influence":0.048371, "Allegiance":"Federation", "PendingStates":[ { "State":"Boom", "Trend":1 }, { "State":"CivilUnrest", "Trend":1 }, { "State":"Lockdown", "Trend":1 } ], "RecoveringStates":[ { "State":"War", "Trend":0 } ] } ], "SystemFaction":"G 41-14 Purple Travel Solutions", "FactionState":"Boom" }
{ "timestamp":"2017-10-13T04:06:16Z", "event":"Music", "MusicTrack":"NoTrack" }
{ "timestamp":"2017-10-13T04:06:16Z", "event":"Docked", "StationName":"Ramon Hub", "StationType":"Coriolis", "StarSystem":"G 41-14", "StationFaction":"G 41-14 Purple Travel Solutions", "FactionState":"Boom", "StationGovernment":"$government_Corporate;", "StationGovernment_Localised":"Corporate", "StationAllegiance":"Federation", "StationServices":[ "Dock", "Autodock", "BlackMarket", "Commodities", "Contacts", "Exploration", "Missions", "Outfitting", "CrewLounge", "Rearm", "Refuel", "Repair", "Shipyard", "Tuning", "MissionsGenerated", "Facilitator", "FlightController", "StationOperations", "Powerplay", "SearchAndRescue" ], "StationEconomy":"$economy_Industrial;", "StationEconomy_Localised":"Industrial", "DistFromStarLS":8375.536133 }
{ "timestamp":"2017-10-13T04:06:16Z", "event":"Music", "MusicTrack":"Starport" }
{ "timestamp":"2017-10-13T05:01:42Z", "event":"ReceiveText", "From":"$npc_name_decorate:#name=Twoflower;", "From_Localised":"Twoflower", "Message":"$Smuggler_NearDeath05;", "Message_Localised":"The boss isn't going to like this.", "Channel":"npc" }
{ "timestamp":"2017-10-13T05:06:07Z", "event":"ReceiveText", "From":"$npc_name_decorate:#name=Robert Redden;", "From_Localised":"Robert Redden", "Message":"$Smuggler_NearDeath01;", "Message_Localised":"Okay, okay, the cargo's all yours... This job isn't worth my life.", "Channel":"npc" }
{ "timestamp":"2017-10-13T05:30:39Z", "event":"ReceiveText", "From":"#ShadowStep", "Message":"o7", "Channel":"player" }
{ "timestamp":"2017-10-13T07:14:30Z", "event":"ReceiveText", "From":"$npc_name_decorate:#name=Lars Paulson;", "From_Localised":"Lars Paulson", "Message":"$Commuter_AuthorityScan08;", "Message_Localised":"You've got no right to scan me, officer!", "Channel":"npc" }
{ "timestamp":"2017-10-13T07:32:01Z", "event":"ReceiveText", "From":"$npc_name_decorate:#name=Edward Gleamor;", "From_Localised":"Edward Gleamor", "Message":"$Commuter_AuthorityScan08;", "Message_Localised":"You've got no right to scan me, officer!", "Channel":"npc" }
{ "timestamp":"2017-10-13T07:34:06Z", "event":"ReceiveText", "From":"$npc_name_decorate:#name=Rod Goater;", "From_Localised":"Rod Goater", "Message":"$Commuter_AuthorityScan09;", "Message_Localised":"Can we hurry this up please, officer?", "Channel":"npc" }
{ "timestamp":"2017-10-13T08:05:23Z", "event":"ReceiveText", "From":"$npc_name_decorate:#name=Carsten Bernstorff;", "From_Localised":"Carsten Bernstorff", "Message":"$Smuggler_NearDeath02;", "Message_Localised":"I won't let it end like this!", "Channel":"npc" }
{ "timestamp":"2017-10-13T08:23:15Z", "event":"ReceiveText", "From":"$npc_name_decorate:#name=Bea D Hornet;", "From_Localised":"Bea D Hornet", "Message":"$Smuggler_NearDeath03;", "Message_Localised":"You almost had me there!", "Channel":"npc" }
{ "timestamp":"2017-10-13T08:24:01Z", "event":"ReceiveText", "From":"$npc_name_decorate:#name=David Hazlehurst;", "From_Localised":"David Hazlehurst", "Message":"$Commuter_AuthorityScan02;", "Message_Localised":"How can I be of assistance?", "Channel":"npc" }
{ "timestamp":"2017-10-13T08:45:03Z", "event":"ReceiveText", "From":"$npc_name_decorate:#name=Tim Sevitt;", "From_Localised":"Tim Sevitt", "Message":"$Smuggler_NearDeath03;", "Message_Localised":"You almost had me there!", "Channel":"npc" }
{ "timestamp":"2017-10-13T08:55:00Z", "event":"ReceiveText", "From":"$npc_name_decorate:#name=Antonius Nutter;", "From_Localised":"Antonius Nutter", "Message":"$Commuter_AuthorityScan10;", "Message_Localised":"You'll get no trouble from me, officer.", "Channel":"npc" }
{ "timestamp":"2017-10-13T09:07:54Z", "event":"ReceiveText", "From":"$npc_name_decorate:#name=Romana;", "From_Localised":"Romana", "Message":"$Commuter_AuthorityScan06;", "Message_Localised":"What's going on here, officer?", "Channel":"npc" }
{ "timestamp":"2017-10-13T09:13:15Z", "event":"ReceiveText", "From":"$npc_name_decorate:#name=Iain McCafferty;", "From_Localised":"Iain McCafferty", "Message":"$Commuter_AuthorityScan01;", "Message_Localised":"Is there a problem here, officer?", "Channel":"npc" }
{ "timestamp":"2017-10-13T09:23:30Z", "event":"ReceiveText", "From":"$npc_name_decorate:#name=Serafina Orsina Metcalfe;", "From_Localised":"Serafina Orsina Metcalfe", "Message":"$Smuggler_NearDeath03;", "Message_Localised":"You almost had me there!", "Channel":"npc" }
{ "timestamp":"2017-10-13T09:29:18Z", "event":"ReceiveText", "From":"$npc_name_decorate:#name=Rhydion James;", "From_Localised":"Rhydion James", "Message":"$Commuter_AuthorityScan01;", "Message_Localised":"Is there a problem here, officer?", "Channel":"npc" }
{ "timestamp":"2017-10-13T09:33:53Z", "event":"ReceiveText", "From":"$npc_name_decorate:#name=Tom MacVicars;", "From_Localised":"Tom MacVicars", "Message":"$Smuggler_NearDeath04;", "Message_Localised":"You're making a big mistake!", "Channel":"npc" }
{ "timestamp":"2017-10-13T09:40:49Z", "event":"ReceiveText", "From":"$npc_name_decorate:#name=Sairin;", "From_Localised":"Sairin", "Message":"$Commuter_AuthorityScan05;", "Message_Localised":"On what grounds are you scanning this vessel, officer?", "Channel":"npc" }
{ "timestamp":"2017-10-13T09:41:19Z", "event":"ReceiveText", "From":"$npc_name_decorate:#name=Purloiner;", "From_Localised":"Purloiner", "Message":"$Commuter_AuthorityScan01;", "Message_Localised":"Is there a problem here, officer?", "Channel":"npc" }
{ "timestamp":"2017-10-13T10:12:50Z", "event":"ReceiveText", "From":"$npc_name_decorate:#name=Isaac Clark;", "From_Localised":"Isaac Clark", "Message":"$Commuter_AuthorityScan01;", "Message_Localised":"Is there a problem here, officer?", "Channel":"npc" }
{ "timestamp":"2017-10-13T10:14:26Z", "event":"ReceiveText", "From":"$npc_name_decorate:#name=Ruairi;", "From_Localised":"Ruairi", "Message":"$Commuter_AuthorityScan01;", "Message_Localised":"Is there a problem here, officer?", "Channel":"npc" }
{ "timestamp":"2017-10-13T11:07:09Z", "event":"ReceiveText", "From":"$npc_name_decorate:#name=Steve Cotton;", "From_Localised":"Steve Cotton", "Message":"$Smuggler_NearDeath05;", "Message_Localised":"The boss isn't going to like this.", "Channel":"npc" }
{ "timestamp":"2017-10-13T11:49:36Z", "event":"ReceiveText", "From":"$npc_name_decorate:#name=Tom Wadey;", "From_Localised":"Tom Wadey", "Message":"$Smuggler_NearDeath03;", "Message_Localised":"You almost had me there!", "Channel":"npc" }
{ "timestamp":"2017-10-13T11:50:04Z", "event":"ReceiveText", "From":"$npc_name_decorate:#name=Ritchie Bowlocks;", "From_Localised":"Ritchie Bowlocks", "Message":"$Commuter_AuthorityScan01;", "Message_Localised":"Is there a problem here, officer?", "Channel":"npc" }
{ "timestamp":"2017-10-13T11:52:38Z", "event":"ReceiveText", "From":"$npc_name_decorate:#name=Lee;", "From_Localised":"Lee", "Message":"$Smuggler_NearDeath01;", "Message_Localised":"Okay, okay, the cargo's all yours... This job isn't worth my life.", "Channel":"npc" }
{ "timestamp":"2017-10-13T12:00:58Z", "event":"ReceiveText", "From":"$npc_name_decorate:#name=choon;", "From_Localised":"choon", "Message":"$Commuter_AuthorityScan03;", "Message_Localised":"Will this take long? Ive got a schedule to keep. ", "Channel":"npc" }
{ "timestamp":"2017-10-13T12:06:57Z", "event":"ReceiveText", "From":"$npc_name_decorate:#name=Michel Vuijlsteke;", "From_Localised":"Michel Vuijlsteke", "Message":"$Commuter_AuthorityScan06;", "Message_Localised":"What's going on here, officer?", "Channel":"npc" }
{ "timestamp":"2017-10-13T12:22:17Z", "event":"ReceiveText", "From":"$ShipName_Police_Federation;", "From_Localised":"Federal Security Service", "Message":"$OverwatchCriticalDamage10;", "Message_Localised":"This can't be happening!", "Channel":"npc" }
{ "timestamp":"2017-10-13T12:59:55Z", "event":"ReceiveText", "From":"$npc_name_decorate:#name=Steve Symonds;", "From_Localised":"Steve Symonds", "Message":"$Smuggler_NearDeath04;", "Message_Localised":"You're making a big mistake!", "Channel":"npc" }
{ "timestamp":"2017-10-13T13:10:02Z", "event":"ReceiveText", "From":"$npc_name_decorate:#name=Jon Rollinson;", "From_Localised":"Jon Rollinson", "Message":"$Commuter_AuthorityScan01;", "Message_Localised":"Is there a problem here, officer?", "Channel":"npc" }
{ "timestamp":"2017-10-13T13:20:47Z", "event":"ReceiveText", "From":"$npc_name_decorate:#name=Vincent Fong;", "From_Localised":"Vincent Fong", "Message":"$Commuter_AuthorityScan08;", "Message_Localised":"You've got no right to scan me, officer!", "Channel":"npc" }
{ "timestamp":"2017-10-13T13:30:21Z", "event":"ReceiveText", "From":"$npc_name_decorate:#name=Winter Mute;", "From_Localised":"Winter Mute", "Message":"$Smuggler_NearDeath04;", "Message_Localised":"You're making a big mistake!", "Channel":"npc" }
{ "timestamp":"2017-10-13T13:51:07Z", "event":"ReceiveText", "From":"$npc_name_decorate:#name=Wolfram Ntzel;", "From_Localised":"Wolfram Ntzel", "Message":"$Commuter_AuthorityScan06;", "Message_Localised":"What's going on here, officer?", "Channel":"npc" }
{ "timestamp":"2017-10-13T14:11:27Z", "event":"ReceiveText", "From":"$ShipName_Police_Federation;", "From_Localised":"Federal Security Service", "Message":"$OverwatchCriticalDamage08;", "Message_Localised":"This is the end!", "Channel":"npc" }
{ "timestamp":"2017-10-13T14:11:54Z", "event":"ReceiveText", "From":"$npc_name_decorate:#name=Indianna Boyd;", "From_Localised":"Indianna Boyd", "Message":"$Commuter_AuthorityScan02;", "Message_Localised":"How can I be of assistance?", "Channel":"npc" }
{ "timestamp":"2017-10-13T14:14:30Z", "event":"ReceiveText", "From":"$npc_name_decorate:#name=Mogasor;", "From_Localised":"Mogasor", "Message":"$Commuter_AuthorityScan08;", "Message_Localised":"You've got no right to scan me, officer!", "Channel":"npc" }
{ "timestamp":"2017-10-13T14:15:06Z", "event":"ReceiveText", "From":"$npc_name_decorate:#name=Brobazz;", "From_Localised":"Brobazz", "Message":"$Commuter_AuthorityScan10;", "Message_Localised":"You'll get no trouble from me, officer.", "Channel":"npc" }
{ "timestamp":"2017-10-13T15:05:18Z", "event":"ReceiveText", "From":"$npc_name_decorate:#name=Gabriel Dobson;", "From_Localised":"Gabriel Dobson", "Message":"$BadKarmaCriticalDamage01;", "Message_Localised":"How is this happening?!", "Channel":"npc" }
{ "timestamp":"2017-10-13T15:05:54Z", "event":"ReceiveText", "From":"$npc_name_decorate:#name=GhostOfSynx;", "From_Localised":"GhostOfSynx", "Message":"$Commuter_AuthorityScan01;", "Message_Localised":"Is there a problem here, officer?", "Channel":"npc" }
{ "timestamp":"2017-10-13T15:06:50Z", "event":"ReceiveText", "From":"$npc_name_decorate:#name=Ben Bloss;", "From_Localised":"Ben Bloss", "Message":"$Commuter_AuthorityScan08;", "Message_Localised":"You've got no right to scan me, officer!", "Channel":"npc" }
{ "timestamp":"2017-10-13T15:23:45Z", "event":"ReceiveText", "From":"$npc_name_decorate:#name=Victoria Rose Stevens;", "From_Localised":"Victoria Rose Stevens", "Message":"$Commuter_AuthorityScan08;", "Message_Localised":"You've got no right to scan me, officer!", "Channel":"npc" }
{ "timestamp":"2017-10-13T15:47:58Z", "event":"ReceiveText", "From":"$npc_name_decorate:#name=Mad Dog O'connell;", "From_Localised":"Mad Dog O'connell", "Message":"$Commuter_AuthorityScan09;", "Message_Localised":"Can we hurry this up please, officer?", "Channel":"npc" }
{ "timestamp":"2017-10-13T16:00:56Z", "event":"ReceiveText", "From":"$npc_name_decorate:#name=Andrew Holmes;", "From_Localised":"Andrew Holmes", "Message":"$MisfortuneCriticalDamage03;", "Message_Localised":"My ship!", "Channel":"npc" }
{ "timestamp":"2017-10-13T16:08:45Z", "event":"ReceiveText", "From":"$npc_name_decorate:#name=Hal Johnson;", "From_Localised":"Hal Johnson", "Message":"$Commuter_AuthorityScan07;", "Message_Localised":"There's no need to scan me, officer. I have nothing to find.", "Channel":"npc" }
{ "timestamp":"2017-10-13T16:34:03Z", "event":"Undocked", "StationName":"Ramon Hub", "StationType":"Coriolis" }
{ "timestamp":"2017-10-13T16:34:13Z", "event":"Music", "MusicTrack":"NoTrack" }
{ "timestamp":"2017-10-13T16:34:38Z", "event":"ReceiveText", "From":"Ramon Hub", "Message":"$STATION_NoFireZone_exited;", "Message_Localised":"No fire zone left.", "Channel":"npc" }
{ "timestamp":"2017-10-13T16:34:47Z", "event":"StartJump", "JumpType":"Hyperspace", "StarSystem":"Luyten's Star", "StarClass":"M" }
{ "timestamp":"2017-10-13T16:34:51Z", "event":"ReceiveText", "From":"Ramon Hub", "Message":"$STATION_NoFireZone_entered;", "Message_Localised":"No fire zone entered.", "Channel":"npc" }
{ "timestamp":"2017-10-13T16:35:05Z", "event":"FSDJump", "StarSystem":"Luyten's Star", "StarPos":[6.563,2.344,-10.250], "SystemAllegiance":"Federation", "SystemEconomy":"$economy_Industrial;", "SystemEconomy_Localised":"Industrial", "SystemGovernment":"$government_Democracy;", "SystemGovernment_Localised":"Democracy", "SystemSecurity":"$SYSTEM_SECURITY_high;", "SystemSecurity_Localised":"High Security", "Population":13123365, "JumpDist":5.607, "FuelUsed":0.154873, "FuelLevel":3.845127, "Factions":[ { "Name":"Sirius Corporation", "FactionState":"Boom", "Government":"Corporate", "Influence":0.363000, "Allegiance":"Independent" }, { "Name":"Pilots Federation Local Branch", "FactionState":"None", "Government":"Democracy", "Influence":0.000000, "Allegiance":"PilotsFederation" }, { "Name":"Green Party of Luyten's Star", "FactionState":"CivilWar", "Government":"Democracy", "Influence":0.024000, "Allegiance":"Federation" }, { "Name":"New Luyten's Star League", "FactionState":"Boom", "Government":"Dictatorship", "Influence":0.040000, "Allegiance":"Independent" }, { "Name":"Sirius Free", "FactionState":"None", "Government":"Democracy", "Influence":0.076000, "Allegiance":"Federation", "PendingStates":[ { "State":"CivilUnrest", "Trend":1 }, { "State":"Lockdown", "Trend":1 } ] }, { "Name":"Luyten's Star Co", "FactionState":"CivilWar", "Government":"Corporate", "Influence":0.023000, "Allegiance":"Federation", "PendingStates":[ { "State":"Boom", "Trend":0 } ] }, { "Name":"Pirates of Luyten's Star", "FactionState":"Bust", "Government":"Anarchy", "Influence":0.017000, "Allegiance":"Independent", "PendingStates":[ { "State":"Boom", "Trend":1 }, { "State":"Lockdown", "Trend":0 } ] }, { "Name":"Red Squadron", "FactionState":"Boom", "Government":"Democracy", "Influence":0.457000, "Allegiance":"Federation" } ], "SystemFaction":"Red Squadron", "FactionState":"Boom" }
{ "timestamp":"2017-10-13T16:35:06Z", "event":"Music", "MusicTrack":"Supercruise" }
{ "timestamp":"2017-10-13T16:37:36Z", "event":"SupercruiseExit", "StarSystem":"Luyten's Star", "Body":"Ashby City", "BodyType":"Station" }
{ "timestamp":"2017-10-13T16:37:37Z", "event":"Music", "MusicTrack":"DestinationFromSupercruise" }
{ "timestamp":"2017-10-13T16:37:42Z", "event":"Music", "MusicTrack":"NoTrack" }
{ "timestamp":"2017-10-13T16:37:42Z", "event":"ReceiveText", "From":"Ashby City", "Message":"$STATION_NoFireZone_entered;", "Message_Localised":"No fire zone entered.", "Channel":"npc" }
{ "timestamp":"2017-10-13T16:37:45Z", "event":"DockingRequested", "StationName":"Ashby City" }
{ "timestamp":"2017-10-13T16:37:45Z", "event":"ReceiveText", "From":"Ashby City", "Message":"$DockingChatter_Neutral;", "Message_Localised":"Ensure to observe starport protocol during your visit, pilot.", "Channel":"npc" }
{ "timestamp":"2017-10-13T16:37:47Z", "event":"ReceiveText", "From":"Ashby City", "Message":"$STATION_docking_granted;", "Message_Localised":"Docking request granted.", "Channel":"npc" }
{ "timestamp":"2017-10-13T16:37:47Z", "event":"DockingGranted", "LandingPad":21, "StationName":"Ashby City" }
{ "timestamp":"2017-10-13T16:38:17Z", "event":"Music", "MusicTrack":"Starport" }
{ "timestamp":"2017-10-13T16:38:25Z", "event":"ReceiveText", "From":"$npc_name_decorate:#name=ABW Galactic Travel Agency;", "From_Localised":"ABW Galactic Travel Agency", "Message":"$Commuter_AuthorityScan01;", "Message_Localised":"Is there a problem here, officer?", "Channel":"npc" }
{ "timestamp":"2017-10-13T16:38:45Z", "event":"Docked", "StationName":"Ashby City", "StationType":"Bernal", "StarSystem":"Luyten's Star", "StationFaction":"Red Squadron", "FactionState":"Boom", "StationGovernment":"$government_Democracy;", "StationGovernment_Localised":"Democracy", "StationAllegiance":"Federation", "StationServices":[ "Dock", "Autodock", "BlackMarket", "Commodities", "Contacts", "Exploration", "Missions", "Outfitting", "CrewLounge", "Rearm", "Refuel", "Repair", "Shipyard", "Tuning", "MissionsGenerated", "FlightController", "StationOperations", "Powerplay", "SearchAndRescue" ], "StationEconomy":"$economy_Industrial;", "StationEconomy_Localised":"Industrial", "DistFromStarLS":300.685486 }
{ "timestamp":"2017-10-13T16:38:52Z", "event":"RefuelAll", "Cost":12, "Amount":0.227675 }
{ "timestamp":"2017-10-13T16:39:36Z", "event":"MissionAccepted", "Faction":"Sirius Corporation", "Name":"Mission_Courier_Boom", "LocalisedName":"Boom data delivery", "TargetFaction":"Duamta Jet Power Commodities", "DestinationSystem":"Duamta", "DestinationStation":"Herrington City", "Expiry":"2017-10-14T16:38:52Z", "Influence":"Low", "Reputation":"Med", "Reward":12973, "MissionID":226025596 }
{ "timestamp":"2017-10-13T16:39:38Z", "event":"MissionAccepted", "Faction":"Sirius Corporation", "Name":"Mission_Courier_Boom", "LocalisedName":"Boom data delivery", "TargetFaction":"Wolf 359 Blue Travel Commodities", "DestinationSystem":"Wolf 359", "DestinationStation":"Powell High", "Expiry":"2017-10-14T16:38:52Z", "Influence":"Low", "Reputation":"Med", "Reward":8051, "MissionID":226025608 }
{ "timestamp":"2017-10-13T16:39:44Z", "event":"MissionAccepted", "Faction":"Sirius Corporation", "Name":"Mission_Courier_Boom", "LocalisedName":"Boom data delivery", "TargetFaction":"G 41-14 Gold Council", "DestinationSystem":"G 41-14", "DestinationStation":"Ramon Hub", "Expiry":"2017-10-14T16:38:52Z", "Influence":"Low", "Reputation":"Med", "Reward":54132, "MissionID":226025664 }
{ "timestamp":"2017-10-13T16:39:52Z", "event":"MissionAccepted", "Faction":"Sirius Corporation", "Name":"Mission_Courier_Boom", "LocalisedName":"Boom data delivery", "TargetFaction":"Ross 986 Gold Advanced Int", "DestinationSystem":"G 99-49", "DestinationStation":"Willis Landing", "Expiry":"2017-10-14T16:12:53Z", "Influence":"Low", "Reputation":"Med", "Reward":20082, "MissionID":226025731 }
{ "timestamp":"2017-10-13T16:39:56Z", "event":"MissionAccepted", "Faction":"Sirius Corporation", "Name":"Mission_Courier_Boom", "LocalisedName":"Boom data delivery", "TargetFaction":"Tau Ceti Crimson Legal Solutions", "DestinationSystem":"G 99-49", "DestinationStation":"Linnaeus Station", "Expiry":"2017-10-14T16:12:53Z", "Influence":"Low", "Reputation":"Med", "Reward":7381, "MissionID":226025763 }
{ "timestamp":"2017-10-13T16:40:37Z", "event":"Undocked", "StationName":"Ashby City", "StationType":"Bernal" }
{ "timestamp":"2017-10-13T16:40:50Z", "event":"ReceiveText", "From":"$npc_name_decorate:#name=Chris McGourty;", "From_Localised":"Chris McGourty", "Message":"$Smuggler_NearDeath04;", "Message_Localised":"You're making a big mistake!", "Channel":"npc" }
{ "timestamp":"2017-10-13T16:40:53Z", "event":"Music", "MusicTrack":"NoTrack" }
{ "timestamp":"2017-10-13T16:41:16Z", "event":"ReceiveText", "From":"Ashby City", "Message":"$STATION_NoFireZone_exited;", "Message_Localised":"No fire zone left.", "Channel":"npc" }
{ "timestamp":"2017-10-13T16:41:28Z", "event":"StartJump", "JumpType":"Hyperspace", "StarSystem":"G 99-49", "StarClass":"M" }
{ "timestamp":"2017-10-13T16:41:46Z", "event":"FSDJump", "StarSystem":"G 99-49", "StarPos":[7.156,-3.094,-15.688], "SystemAllegiance":"Federation", "SystemEconomy":"$economy_Military;", "SystemEconomy_Localised":"Military", "SystemGovernment":"$government_Corporate;", "SystemGovernment_Localised":"Corporate", "SystemSecurity":"$SYSTEM_SECURITY_medium;", "SystemSecurity_Localised":"Medium Security", "Population":678559, "JumpDist":7.713, "FuelUsed":0.307363, "FuelLevel":3.692637, "Factions":[ { "Name":"Pilots Federation Local Branch", "FactionState":"None", "Government":"Democracy", "Influence":0.000000, "Allegiance":"PilotsFederation" }, { "Name":"G 99-49 Life Industry", "FactionState":"None", "Government":"Corporate", "Influence":0.284431, "Allegiance":"Federation", "PendingStates":[ { "State":"Boom", "Trend":1 } ] }, { "Name":"Tau Ceti Crimson Legal Solutions", "FactionState":"Boom", "Government":"Corporate", "Influence":0.245509, "Allegiance":"Federation" }, { "Name":"LHS 2459 Advanced Corp.", "FactionState":"War", "Government":"Corporate", "Influence":0.215569, "Allegiance":"Federation", "PendingStates":[ { "State":"Boom", "Trend":1 } ], "RecoveringStates":[ { "State":"Bust", "Trend":1 } ] }, { "Name":"Uniting G 99-49", "FactionState":"War", "Government":"Cooperative", "Influence":0.093812, "Allegiance":"Independent", "PendingStates":[ { "State":"CivilUnrest", "Trend":-1 }, { "State":"Lockdown", "Trend":-1 } ], "RecoveringStates":[ { "State":"Boom", "Trend":1 } ] }, { "Name":"Ross 986 Gold Advanced Int", "FactionState":"None", "Government":"Corporate", "Influence":0.135729, "Allegiance":"Federation" }, { "Name":"Barons of G 99-49", "FactionState":"CivilWar", "Government":"Feudal", "Influence":0.014970, "Allegiance":"Independent" }, { "Name":"Pirates of G 99-49", "FactionState":"CivilWar", "Government":"Anarchy", "Influence":0.009980, "Allegiance":"Independent" } ], "SystemFaction":"G 99-49 Life Industry" }
{ "timestamp":"2017-10-13T16:41:47Z", "event":"Music", "MusicTrack":"DestinationFromHyperspace" }
{ "timestamp":"2017-10-13T16:41:52Z", "event":"Music", "MusicTrack":"Supercruise" }
{ "timestamp":"2017-10-13T16:44:31Z", "event":"SupercruiseExit", "StarSystem":"G 99-49", "Body":"Willis Landing", "BodyType":"Station" }
{ "timestamp":"2017-10-13T16:44:31Z", "event":"Music", "MusicTrack":"DestinationFromSupercruise" }
{ "timestamp":"2017-10-13T16:44:36Z", "event":"Music", "MusicTrack":"Exploration" }
{ "timestamp":"2017-10-13T16:44:36Z", "event":"ReceiveText", "From":"Willis Landing", "Message":"$STATION_NoFireZone_entered;", "Message_Localised":"No fire zone entered.", "Channel":"npc" }
{ "timestamp":"2017-10-13T16:44:42Z", "event":"DockingRequested", "StationName":"Willis Landing" }
{ "timestamp":"2017-10-13T16:44:42Z", "event":"ReceiveText", "From":"Willis Landing", "Message":"$DockingChatter_Neutral;", "Message_Localised":"Ensure to observe starport protocol during your visit, pilot.", "Channel":"npc" }
{ "timestamp":"2017-10-13T16:44:43Z", "event":"ReceiveText", "From":"Willis Landing", "Message":"$STATION_docking_granted;", "Message_Localised":"Docking request granted.", "Channel":"npc" }
{ "timestamp":"2017-10-13T16:44:43Z", "event":"DockingGranted", "LandingPad":2, "StationName":"Willis Landing" }
{ "timestamp":"2017-10-13T16:45:39Z", "event":"Docked", "StationName":"Willis Landing", "StationType":"Outpost", "StarSystem":"G 99-49", "StationFaction":"G 99-49 Life Industry", "StationGovernment":"$government_Corporate;", "StationGovernment_Localised":"Corporate", "StationAllegiance":"Federation", "StationServices":[ "Dock", "Autodock", "Commodities", "Contacts", "Exploration", "Missions", "Refuel", "MissionsGenerated", "FlightController", "StationOperations", "Powerplay", "SearchAndRescue" ], "StationEconomy":"$economy_Refinery;", "StationEconomy_Localised":"Refinery", "DistFromStarLS":1236.788940 }
{ "timestamp":"2017-10-13T16:45:47Z", "event":"RefuelAll", "Cost":20, "Amount":0.387018 }
{ "timestamp":"2017-10-13T16:45:56Z", "event":"MissionCompleted", "Faction":"Ross 986 Gold Advanced Int", "Name":"Mission_Courier_Boom_name", "MissionID":226025731, "TargetFaction":"Ross 986 Gold Advanced Int", "DestinationSystem":"G 99-49", "DestinationStation":"Willis Landing", "Reward":20082 }
{ "timestamp":"2017-10-13T16:46:26Z", "event":"Undocked", "StationName":"Willis Landing", "StationType":"Outpost" }
{ "timestamp":"2017-10-13T16:47:04Z", "event":"ReceiveText", "From":"Willis Landing", "Message":"$STATION_NoFireZone_exited;", "Message_Localised":"No fire zone left.", "Channel":"npc" }
{ "timestamp":"2017-10-13T16:47:11Z", "event":"StartJump", "JumpType":"Supercruise" }
{ "timestamp":"2017-10-13T16:47:16Z", "event":"SupercruiseEntry", "StarSystem":"G 99-49" }
{ "timestamp":"2017-10-13T16:47:17Z", "event":"Music", "MusicTrack":"Supercruise" }
{ "timestamp":"2017-10-13T16:47:37Z", "event":"Music", "MusicTrack":"SystemMap" }
{ "timestamp":"2017-10-13T16:47:45Z", "event":"Music", "MusicTrack":"Supercruise" }
{ "timestamp":"2017-10-13T16:52:15Z", "event":"SupercruiseExit", "StarSystem":"G 99-49", "Body":"Linnaeus Station", "BodyType":"Station" }
{ "timestamp":"2017-10-13T16:52:15Z", "event":"Music", "MusicTrack":"DestinationFromSupercruise" }
{ "timestamp":"2017-10-13T16:52:20Z", "event":"Music", "MusicTrack":"NoTrack" }
{ "timestamp":"2017-10-13T16:52:21Z", "event":"ReceiveText", "From":"Linnaeus Station", "Message":"$STATION_NoFireZone_entered;", "Message_Localised":"No fire zone entered.", "Channel":"npc" }
{ "timestamp":"2017-10-13T16:52:26Z", "event":"DockingRequested", "StationName":"Linnaeus Station" }
{ "timestamp":"2017-10-13T16:52:26Z", "event":"ReceiveText", "From":"Linnaeus Station", "Message":"$DockingChatter_Neutral;", "Message_Localised":"Ensure to observe starport protocol during your visit, pilot.", "Channel":"npc" }
{ "timestamp":"2017-10-13T16:52:27Z", "event":"ReceiveText", "From":"Linnaeus Station", "Message":"$STATION_docking_granted;", "Message_Localised":"Docking request granted.", "Channel":"npc" }
{ "timestamp":"2017-10-13T16:52:27Z", "event":"DockingGranted", "LandingPad":13, "StationName":"Linnaeus Station" }
{ "timestamp":"2017-10-13T16:53:07Z", "event":"Music", "MusicTrack":"Starport" }
{ "timestamp":"2017-10-13T16:53:24Z", "event":"Docked", "StationName":"Linnaeus Station", "StationType":"Coriolis", "StarSystem":"G 99-49", "StationFaction":"G 99-49 Life Industry", "StationGovernment":"$government_Corporate;", "StationGovernment_Localised":"Corporate", "StationAllegiance":"Federation", "StationServices":[ "Dock", "Autodock", "BlackMarket", "Commodities", "Contacts", "Exploration", "Missions", "Outfitting", "CrewLounge", "Rearm", "Refuel", "Repair", "Shipyard", "Tuning", "MissionsGenerated", "FlightController", "StationOperations", "Powerplay", "SearchAndRescue" ], "StationEconomy":"$economy_Refinery;", "StationEconomy_Localised":"Refinery", "DistFromStarLS":14762.581055 }
{ "timestamp":"2017-10-13T16:53:32Z", "event":"RefuelAll", "Cost":10, "Amount":0.125185 }
{ "timestamp":"2017-10-13T16:53:42Z", "event":"MissionCompleted", "Faction":"Tau Ceti Crimson Legal Solutions", "Name":"Mission_Courier_Boom_name", "MissionID":226025763, "TargetFaction":"Tau Ceti Crimson Legal Solutions", "DestinationSystem":"G 99-49", "DestinationStation":"Linnaeus Station", "Reward":7381, "CommodityReward":[ { "Name":"Nanobreakers", "Count":4 } ] }
{ "timestamp":"2017-10-13T16:53:42Z", "event":"MaterialCollected", "Category":"Encoded", "Name":"legacyfirmware", "Count":1 }
{ "timestamp":"2017-10-13T16:54:51Z", "event":"ReceiveText", "From":"$npc_name_decorate:#name=Bogie monster;", "From_Localised":"Bogie monster", "Message":"$Commuter_AuthorityScan09;", "Message_Localised":"Can we hurry this up please, officer?", "Channel":"npc" }
{ "timestamp":"2017-10-13T16:55:46Z", "event":"Undocked", "StationName":"Linnaeus Station", "StationType":"Coriolis" }
{ "timestamp":"2017-10-13T16:56:01Z", "event":"Music", "MusicTrack":"NoTrack" }
{ "timestamp":"2017-10-13T16:56:25Z", "event":"ReceiveText", "From":"Linnaeus Station", "Message":"$STATION_NoFireZone_exited;", "Message_Localised":"No fire zone left.", "Channel":"npc" }
{ "timestamp":"2017-10-13T16:56:30Z", "event":"StartJump", "JumpType":"Hyperspace", "StarSystem":"G 41-14", "StarClass":"M" }
{ "timestamp":"2017-10-13T16:56:49Z", "event":"FSDJump", "StarSystem":"G 41-14", "StarPos":[7.938,7.719,-9.438], "SystemAllegiance":"Federation", "SystemEconomy":"$economy_Industrial;", "SystemEconomy_Localised":"Industrial", "SystemGovernment":"$government_Corporate;", "SystemGovernment_Localised":"Corporate", "SystemSecurity":"$SYSTEM_SECURITY_low;", "SystemSecurity_Localised":"Low Security", "Population":3065518, "JumpDist":12.513, "FuelUsed":0.957335, "FuelLevel":3.042665, "Factions":[ { "Name":"Pilots Federation Local Branch", "FactionState":"None", "Government":"Democracy", "Influence":0.000000, "Allegiance":"PilotsFederation" }, { "Name":"G 99-49 Life Industry", "FactionState":"None", "Government":"Corporate", "Influence":0.083832, "Allegiance":"Federation", "PendingStates":[ { "State":"Boom", "Trend":1 } ] }, { "Name":"G 41-14 Purple Travel Solutions", "FactionState":"Boom", "Government":"Corporate", "Influence":0.408184, "Allegiance":"Federation", "PendingStates":[ { "State":"Election", "Trend":0 } ] }, { "Name":"People's G 41-14 Progressive Party", "FactionState":"Bust", "Government":"Democracy", "Influence":0.059880, "Allegiance":"Federation", "PendingStates":[ { "State":"Boom", "Trend":1 }, { "State":"CivilUnrest", "Trend":0 }, { "State":"Lockdown", "Trend":0 } ] }, { "Name":"Bureau of G 41-14 Liberty Party", "FactionState":"CivilWar", "Government":"Dictatorship", "Influence":0.009980, "Allegiance":"Independent", "PendingStates":[ { "State":"CivilUnrest", "Trend":-1 }, { "State":"Lockdown", "Trend":-1 } ] }, { "Name":"Ross 104 Blue Public Solutions", "FactionState":"Boom", "Government":"Corporate", "Influence":0.355289, "Allegiance":"Federation", "PendingStates":[ { "State":"Election", "Trend":0 } ] }, { "Name":"G 41-14 Gold Council", "FactionState":"CivilWar", "Government":"Anarchy", "Influence":0.009980, "Allegiance":"Independent", "PendingStates":[ { "State":"CivilUnrest", "Trend":0 }, { "State":"Lockdown", "Trend":0 } ] }, { "Name":"Gendalla Interstellar", "FactionState":"Boom", "Government":"Corporate", "Influence":0.072854, "Allegiance":"Federation", "PendingStates":[ { "State":"CivilUnrest", "Trend":1 }, { "State":"Lockdown", "Trend":1 } ] } ], "SystemFaction":"G 41-14 Purple Travel Solutions", "FactionState":"Boom" }
{ "timestamp":"2017-10-13T16:56:49Z", "event":"Music", "MusicTrack":"Supercruise" }
{ "timestamp":"2017-10-13T16:57:44Z", "event":"ReceiveText", "From":"$ShipName_PassengerLiner_Cruise;", "From_Localised":"Cruise Ship", "Message":"$CruiseLiner_SCPatrol05;", "Message_Localised":"This is your captain. Due to some unforeseen delays, we will be arriving at our next destination later than scheduled.", "Channel":"npc" }
{ "timestamp":"2017-10-13T17:00:17Z", "event":"ReceiveText", "From":"$ShipName_PassengerLiner_Cruise;", "From_Localised":"Cruise Ship", "Message":"$CruiseLiner_SCPatrol03;", "Message_Localised":"Today's cruise includes some delightful views, our flight attendants are on hand with full details.", "Channel":"npc" }
{ "timestamp":"2017-10-13T17:00:48Z", "event":"ReceiveText", "From":"$ShipName_PassengerLiner_Cruise;", "From_Localised":"Cruise Ship", "Message":"$CruiseLiner_SCPatrol02;", "Message_Localised":"We will be cruising in-system for a while, please feel free to take advantage of our in-flight entertainment.", "Channel":"npc" }
{ "timestamp":"2017-10-13T17:00:49Z", "event":"SupercruiseExit", "StarSystem":"G 41-14", "Body":"Ramon Hub", "BodyType":"Station" }
{ "timestamp":"2017-10-13T17:00:49Z", "event":"Music", "MusicTrack":"DestinationFromSupercruise" }
{ "timestamp":"2017-10-13T17:00:54Z", "event":"ReceiveText", "From":"Ramon Hub", "Message":"$STATION_NoFireZone_entered;", "Message_Localised":"No fire zone entered.", "Channel":"npc" }
{ "timestamp":"2017-10-13T17:00:54Z", "event":"Music", "MusicTrack":"NoTrack" }
{ "timestamp":"2017-10-13T17:00:58Z", "event":"DockingRequested", "StationName":"Ramon Hub" }
{ "timestamp":"2017-10-13T17:00:58Z", "event":"ReceiveText", "From":"Ramon Hub", "Message":"$DockingChatter_Neutral;", "Message_Localised":"Ensure to observe starport protocol during your visit, pilot.", "Channel":"npc" }
{ "timestamp":"2017-10-13T17:00:59Z", "event":"ReceiveText", "From":"Ramon Hub", "Message":"$STATION_docking_granted;", "Message_Localised":"Docking request granted.", "Channel":"npc" }
{ "timestamp":"2017-10-13T17:00:59Z", "event":"DockingGranted", "LandingPad":31, "StationName":"Ramon Hub" }
{ "timestamp":"2017-10-13T17:01:22Z", "event":"Music", "MusicTrack":"Starport" }
{ "timestamp":"2017-10-13T17:02:06Z", "event":"Docked", "StationName":"Ramon Hub", "StationType":"Coriolis", "StarSystem":"G 41-14", "StationFaction":"G 41-14 Purple Travel Solutions", "FactionState":"Boom", "StationGovernment":"$government_Corporate;", "StationGovernment_Localised":"Corporate", "StationAllegiance":"Federation", "StationServices":[ "Dock", "Autodock", "BlackMarket", "Commodities", "Contacts", "Exploration", "Missions", "Outfitting", "CrewLounge", "Rearm", "Refuel", "Repair", "Shipyard", "Tuning", "MissionsGenerated", "Facilitator", "FlightController", "StationOperations", "Powerplay", "SearchAndRescue" ], "StationEconomy":"$economy_Industrial;", "StationEconomy_Localised":"Industrial", "DistFromStarLS":8377.180664 }
{ "timestamp":"2017-10-13T17:02:21Z", "event":"RefuelAll", "Cost":54, "Amount":1.063909 }
{ "timestamp":"2017-10-13T17:02:31Z", "event":"MissionCompleted", "Faction":"G 41-14 Gold Council", "Name":"Mission_Courier_Boom_name", "MissionID":226025664, "TargetFaction":"G 41-14 Gold Council", "DestinationSystem":"G 41-14", "DestinationStation":"Ramon Hub", "Reward":141632 }
{ "timestamp":"2017-10-13T17:03:00Z", "event":"Undocked", "StationName":"Ramon Hub", "StationType":"Coriolis" }
{ "timestamp":"2017-10-13T17:03:10Z", "event":"Music", "MusicTrack":"NoTrack" }
{ "timestamp":"2017-10-13T17:03:46Z", "event":"StartJump", "JumpType":"Hyperspace", "StarSystem":"Wolf 359", "StarClass":"M" }
{ "timestamp":"2017-10-13T17:03:51Z", "event":"ReceiveText", "From":"Ramon Hub", "Message":"$STATION_NoFireZone_exited;", "Message_Localised":"No fire zone left.", "Channel":"npc" }
{ "timestamp":"2017-10-13T17:04:05Z", "event":"FSDJump", "StarSystem":"Wolf 359", "StarPos":[3.875,6.469,-1.906], "SystemAllegiance":"Independent", "SystemEconomy":"$economy_Industrial;", "SystemEconomy_Localised":"Industrial", "SystemGovernment":"$government_Cooperative;", "SystemGovernment_Localised":"Cooperative", "SystemSecurity":"$SYSTEM_SECURITY_medium;", "SystemSecurity_Localised":"Medium Security", "Population":129999, "JumpDist":8.648, "FuelUsed":0.432585, "FuelLevel":3.567415, "Factions":[ { "Name":"Social Ross 128 Coalition", "FactionState":"Lockdown", "Government":"Confederacy", "Influence":0.249505, "Allegiance":"Federation", "PendingStates":[ { "State":"Boom", "Trend":1 }, { "State":"CivilUnrest", "Trend":0 }, { "State":"Election", "Trend":0 } ] }, { "Name":"Pilots Federation Local Branch", "FactionState":"None", "Government":"Democracy", "Influence":0.000000, "Allegiance":"PilotsFederation" }, { "Name":"Green Party of WISE 1506+7027", "FactionState":"None", "Government":"Democracy", "Influence":0.131683, "Allegiance":"Federation" }, { "Name":"Wolf 359 Blue Travel Commodities", "FactionState":"Boom", "Government":"Corporate", "Influence":0.060396, "Allegiance":"Independent" }, { "Name":"Wolf 359 Jet Camorra", "FactionState":"Lockdown", "Government":"Anarchy", "Influence":0.044554, "Allegiance":"Independent", "PendingStates":[ { "State":"Bust", "Trend":1 }, { "State":"CivilUnrest", "Trend":0 } ], "RecoveringStates":[ { "State":"Boom", "Trend":0 } ] }, { "Name":"Wolf 359 Conservatives", "FactionState":"CivilUnrest", "Government":"Dictatorship", "Influence":0.009901, "Allegiance":"Independent", "PendingStates":[ { "State":"Boom", "Trend":1 }, { "State":"Lockdown", "Trend":1 }, { "State":"Famine", "Trend":1 } ] }, { "Name":"Union of Wolf 359 Labour", "FactionState":"None", "Government":"Democracy", "Influence":0.190099, "Allegiance":"Federation", "PendingStates":[ { "State":"Election", "Trend":0 } ], "RecoveringStates":[ { "State":"Boom", "Trend":0 } ] }, { "Name":"Hutton Orbital Truckers Co-Operative", "FactionState":"None", "Government":"Cooperative", "Influence":0.313861, "Allegiance":"Independent", "PendingStates":[ { "State":"CivilUnrest", "Trend":0 }, { "State":"Outbreak", "Trend":0 } ] } ], "SystemFaction":"Hutton Orbital Truckers Co-Operative" }
{ "timestamp":"2017-10-13T17:04:05Z", "event":"Music", "MusicTrack":"DestinationFromHyperspace" }
{ "timestamp":"2017-10-13T17:04:10Z", "event":"Music", "MusicTrack":"Supercruise" }
{ "timestamp":"2017-10-13T17:05:15Z", "event":"SupercruiseExit", "StarSystem":"Wolf 359", "Body":"Powell High", "BodyType":"Station" }
{ "timestamp":"2017-10-13T17:05:15Z", "event":"Music", "MusicTrack":"DestinationFromSupercruise" }
{ "timestamp":"2017-10-13T17:05:20Z", "event":"Music", "MusicTrack":"Exploration" }
{ "timestamp":"2017-10-13T17:05:34Z", "event":"StartJump", "JumpType":"Supercruise" }
{ "timestamp":"2017-10-13T17:05:39Z", "event":"SupercruiseEntry", "StarSystem":"Wolf 359" }
{ "timestamp":"2017-10-13T17:05:39Z", "event":"Music", "MusicTrack":"Supercruise" }
{ "timestamp":"2017-10-13T17:05:44Z", "event":"SupercruiseExit", "StarSystem":"Wolf 359", "Body":"Powell High", "BodyType":"Station" }
{ "timestamp":"2017-10-13T17:05:44Z", "event":"Music", "MusicTrack":"DestinationFromSupercruise" }
{ "timestamp":"2017-10-13T17:05:49Z", "event":"Music", "MusicTrack":"Exploration" }
{ "timestamp":"2017-10-13T17:06:00Z", "event":"StartJump", "JumpType":"Supercruise" }
{ "timestamp":"2017-10-13T17:06:05Z", "event":"SupercruiseEntry", "StarSystem":"Wolf 359" }
{ "timestamp":"2017-10-13T17:06:05Z", "event":"Music", "MusicTrack":"Supercruise" }
{ "timestamp":"2017-10-13T17:06:24Z", "event":"SupercruiseExit", "StarSystem":"Wolf 359", "Body":"Powell High", "BodyType":"Station" }
{ "timestamp":"2017-10-13T17:06:24Z", "event":"Music", "MusicTrack":"DestinationFromSupercruise" }
{ "timestamp":"2017-10-13T17:06:29Z", "event":"Music", "MusicTrack":"NoTrack" }
{ "timestamp":"2017-10-13T17:06:29Z", "event":"ReceiveText", "From":"Powell High", "Message":"$STATION_NoFireZone_entered;", "Message_Localised":"No fire zone entered.", "Channel":"npc" }
{ "timestamp":"2017-10-13T17:06:35Z", "event":"DockingRequested", "StationName":"Powell High" }
{ "timestamp":"2017-10-13T17:06:35Z", "event":"ReceiveText", "From":"Powell High", "Message":"$DockingChatter_Neutral;", "Message_Localised":"Ensure to observe starport protocol during your visit, pilot.", "Channel":"npc" }
{ "timestamp":"2017-10-13T17:06:36Z", "event":"ReceiveText", "From":"Powell High", "Message":"$STATION_docking_granted;", "Message_Localised":"Docking request granted.", "Channel":"npc" }
{ "timestamp":"2017-10-13T17:06:36Z", "event":"DockingGranted", "LandingPad":28, "StationName":"Powell High" }
{ "timestamp":"2017-10-13T17:07:06Z", "event":"Music", "MusicTrack":"Starport" }
{ "timestamp":"2017-10-13T17:07:23Z", "event":"Docked", "StationName":"Powell High", "StationType":"Coriolis", "StarSystem":"Wolf 359", "StationFaction":"Social Ross 128 Coalition", "FactionState":"Lockdown", "StationGovernment":"$government_Confederacy;", "StationGovernment_Localised":"Confederacy", "StationAllegiance":"Federation", "StationServices":[ "Dock", "Autodock", "BlackMarket", "Commodities", "Contacts", "Exploration", "Missions", "Outfitting", "CrewLounge", "Rearm", "Refuel", "Repair", "Shipyard", "Tuning", "MissionsGenerated", "FlightController", "StationOperations", "Powerplay", "SearchAndRescue" ], "StationEconomy":"$economy_Industrial;", "StationEconomy_Localised":"Industrial", "DistFromStarLS":98.752594 }
{ "timestamp":"2017-10-13T17:07:40Z", "event":"MissionCompleted", "Faction":"Wolf 359 Blue Travel Commodities", "Name":"Mission_Courier_Boom_name", "MissionID":226025608, "TargetFaction":"Wolf 359 Blue Travel Commodities", "DestinationSystem":"Wolf 359", "DestinationStation":"Powell High", "Reward":8051, "CommodityReward":[ { "Name":"Nanobreakers", "Count":0 } ] }
{ "timestamp":"2017-10-13T17:07:40Z", "event":"MaterialCollected", "Category":"Encoded", "Name":"scrambledemissiondata", "Count":1 }
{ "timestamp":"2017-10-13T17:07:52Z", "event":"ReceiveText", "From":"$npc_name_decorate:#name=Dan Scheer;", "From_Localised":"Dan Scheer", "Message":"$Commuter_AuthorityScan06;", "Message_Localised":"What's going on here, officer?", "Channel":"npc" }
{ "timestamp":"2017-10-13T17:07:54Z", "event":"RefuelAll", "Cost":25, "Amount":0.488768 }
{ "timestamp":"2017-10-13T17:08:20Z", "event":"Undocked", "StationName":"Powell High", "StationType":"Coriolis" }
{ "timestamp":"2017-10-13T17:08:33Z", "event":"Music", "MusicTrack":"NoTrack" }
{ "timestamp":"2017-10-13T17:09:01Z", "event":"ReceiveText", "From":"Powell High", "Message":"$STATION_NoFireZone_exited;", "Message_Localised":"No fire zone left.", "Channel":"npc" }
{ "timestamp":"2017-10-13T17:09:09Z", "event":"StartJump", "JumpType":"Hyperspace", "StarSystem":"Duamta", "StarClass":"F" }
{ "timestamp":"2017-10-13T17:09:28Z", "event":"FSDJump", "StarSystem":"Duamta", "StarPos":[2.188,6.625,-7.000], "SystemAllegiance":"Federation", "SystemEconomy":"$economy_Agri;", "SystemEconomy_Localised":"Agriculture", "SystemGovernment":"$government_Corporate;", "SystemGovernment_Localised":"Corporate", "SystemSecurity":"$SYSTEM_SECURITY_high;", "SystemSecurity_Localised":"High Security", "Population":13327710628, "JumpDist":5.368, "FuelUsed":0.155188, "FuelLevel":3.844812, "Factions":[ { "Name":"Pilots Federation Local Branch", "FactionState":"None", "Government":"Democracy", "Influence":0.000000, "Allegiance":"PilotsFederation" }, { "Name":"Independents of Duamta", "FactionState":"CivilWar", "Government":"Democracy", "Influence":0.061122, "Allegiance":"Federation" }, { "Name":"Duamta Jet Power Commodities", "FactionState":"CivilWar", "Government":"Corporate", "Influence":0.067134, "Allegiance":"Federation", "PendingStates":[ { "State":"CivilUnrest", "Trend":0 } ] }, { "Name":"Defence Force of Duamta", "FactionState":"Boom", "Government":"Dictatorship", "Influence":0.062124, "Allegiance":"Independent" }, { "Name":"Duamta Gold Creative Corp.", "FactionState":"Boom", "Government":"Corporate", "Influence":0.400802, "Allegiance":"Federation" }, { "Name":"A Different Kind", "FactionState":"Boom", "Government":"Democracy", "Influence":0.164329, "Allegiance":"Federation", "RecoveringStates":[ { "State":"Election", "Trend":0 } ] }, { "Name":"Bureau of Duamta Conservatives", "FactionState":"Boom", "Government":"Dictatorship", "Influence":0.086172, "Allegiance":"Independent" }, { "Name":"The Order of The Smiling Moose", "FactionState":"Boom", "Government":"Democracy", "Influence":0.158317, "Allegiance":"Federation", "RecoveringStates":[ { "State":"Election", "Trend":0 } ] } ], "SystemFaction":"Duamta Gold Creative Corp.", "FactionState":"Boom" }
{ "timestamp":"2017-10-13T17:09:28Z", "event":"Music", "MusicTrack":"DestinationFromHyperspace" }
{ "timestamp":"2017-10-13T17:09:33Z", "event":"Music", "MusicTrack":"Supercruise" }
{ "timestamp":"2017-10-13T17:11:27Z", "event":"SupercruiseExit", "StarSystem":"Duamta", "Body":"Herrington City", "BodyType":"Station" }
{ "timestamp":"2017-10-13T17:11:28Z", "event":"Music", "MusicTrack":"DestinationFromSupercruise" }
{ "timestamp":"2017-10-13T17:11:29Z", "event":"ReceiveText", "From":"Herrington City", "Message":"$STATION_NoFireZone_entered;", "Message_Localised":"No fire zone entered.", "Channel":"npc" }
{ "timestamp":"2017-10-13T17:11:33Z", "event":"Music", "MusicTrack":"NoTrack" }
{ "timestamp":"2017-10-13T17:11:39Z", "event":"DockingRequested", "StationName":"Herrington City" }
{ "timestamp":"2017-10-13T17:11:39Z", "event":"ReceiveText", "From":"Herrington City", "Message":"$DockingChatter_Neutral;", "Message_Localised":"Ensure to observe starport protocol during your visit, pilot.", "Channel":"npc" }
{ "timestamp":"2017-10-13T17:11:41Z", "event":"ReceiveText", "From":"Herrington City", "Message":"$STATION_docking_granted;", "Message_Localised":"Docking request granted.", "Channel":"npc" }
{ "timestamp":"2017-10-13T17:11:41Z", "event":"DockingGranted", "LandingPad":36, "StationName":"Herrington City" }
{ "timestamp":"2017-10-13T17:12:15Z", "event":"Music", "MusicTrack":"Starport" }
{ "timestamp":"2017-10-13T17:12:38Z", "event":"Docked", "StationName":"Herrington City", "StationType":"Orbis", "StarSystem":"Duamta", "StationFaction":"Duamta Jet Power Commodities", "FactionState":"CivilWar", "StationGovernment":"$government_Corporate;", "StationGovernment_Localised":"Corporate", "StationAllegiance":"Federation", "StationServices":[ "Dock", "Autodock", "Commodities", "Contacts", "Exploration", "Missions", "Outfitting", "CrewLounge", "Rearm", "Refuel", "Repair", "Shipyard", "Tuning", "MissionsGenerated", "FlightController", "StationOperations", "Powerplay", "SearchAndRescue" ], "StationEconomy":"$economy_Refinery;", "StationEconomy_Localised":"Refinery", "DistFromStarLS":418.224976 }
{ "timestamp":"2017-10-13T17:12:45Z", "event":"RefuelAll", "Cost":12, "Amount":0.217697 }
{ "timestamp":"2017-10-13T17:12:53Z", "event":"MissionCompleted", "Faction":"Duamta Jet Power Commodities", "Name":"Mission_Courier_Boom_name", "MissionID":226025596, "TargetFaction":"Duamta Jet Power Commodities", "DestinationSystem":"Duamta", "DestinationStation":"Herrington City", "Reward":12973 }
{ "timestamp":"2017-10-13T17:13:48Z", "event":"ModuleSwap", "FromSlot":"SmallHardpoint3", "ToSlot":"SmallHardpoint1", "FromItem":"$hpt_railgun_fixed_small_name;", "FromItem_Localised":"Rail Gun", "ToItem":"$hpt_pulselaser_fixed_small_name;", "ToItem_Localised":"Pulse Laser", "Ship":"eagle", "ShipID":14 }
{ "timestamp":"2017-10-13T17:15:10Z", "event":"Undocked", "StationName":"Herrington City", "StationType":"Orbis" }
{ "timestamp":"2017-10-13T17:15:26Z", "event":"Music", "MusicTrack":"NoTrack" }
{ "timestamp":"2017-10-13T17:16:17Z", "event":"ReceiveText", "From":"Herrington City", "Message":"$STATION_NoFireZone_exited;", "Message_Localised":"No fire zone left.", "Channel":"npc" }
{ "timestamp":"2017-10-13T17:16:40Z", "event":"ReceiveText", "From":"$npc_name_decorate:#name=Tafir;", "From_Localised":"Tafir", "Message":"$Commuter_AuthorityScan01;", "Message_Localised":"Is there a problem here, officer?", "Channel":"npc" }
{ "timestamp":"2017-10-13T17:16:52Z", "event":"Music", "MusicTrack":"Exploration" }
{ "timestamp":"2017-10-13T17:17:35Z", "event":"StartJump", "JumpType":"Hyperspace", "StarSystem":"Luyten's Star", "StarClass":"M" }
{ "timestamp":"2017-10-13T17:17:41Z", "event":"Music", "MusicTrack":"NoTrack" }
{ "timestamp":"2017-10-13T17:17:54Z", "event":"FSDJump", "StarSystem":"Luyten's Star", "StarPos":[6.563,2.344,-10.250], "SystemAllegiance":"Federation", "SystemEconomy":"$economy_Industrial;", "SystemEconomy_Localised":"Industrial", "SystemGovernment":"$government_Democracy;", "SystemGovernment_Localised":"Democracy", "SystemSecurity":"$SYSTEM_SECURITY_high;", "SystemSecurity_Localised":"High Security", "Population":13123365, "JumpDist":6.931, "FuelUsed":0.268758, "FuelLevel":3.731242, "Factions":[ { "Name":"Sirius Corporation", "FactionState":"Boom", "Government":"Corporate", "Influence":0.363000, "Allegiance":"Independent" }, { "Name":"Pilots Federation Local Branch", "FactionState":"None", "Government":"Democracy", "Influence":0.000000, "Allegiance":"PilotsFederation" }, { "Name":"Green Party of Luyten's Star", "FactionState":"CivilWar", "Government":"Democracy", "Influence":0.024000, "Allegiance":"Federation" }, { "Name":"New Luyten's Star League", "FactionState":"Boom", "Government":"Dictatorship", "Influence":0.040000, "Allegiance":"Independent" }, { "Name":"Sirius Free", "FactionState":"None", "Government":"Democracy", "Influence":0.076000, "Allegiance":"Federation", "PendingStates":[ { "State":"CivilUnrest", "Trend":1 }, { "State":"Lockdown", "Trend":1 } ] }, { "Name":"Luyten's Star Co", "FactionState":"CivilWar", "Government":"Corporate", "Influence":0.023000, "Allegiance":"Federation", "PendingStates":[ { "State":"Boom", "Trend":0 } ] }, { "Name":"Pirates of Luyten's Star", "FactionState":"Bust", "Government":"Anarchy", "Influence":0.017000, "Allegiance":"Independent", "PendingStates":[ { "State":"Boom", "Trend":1 }, { "State":"Lockdown", "Trend":0 } ] }, { "Name":"Red Squadron", "FactionState":"Boom", "Government":"Democracy", "Influence":0.457000, "Allegiance":"Federation" } ], "SystemFaction":"Red Squadron", "FactionState":"Boom" }
{ "timestamp":"2017-10-13T17:17:54Z", "event":"Music", "MusicTrack":"Supercruise" }
{ "timestamp":"2017-10-13T17:19:59Z", "event":"SupercruiseExit", "StarSystem":"Luyten's Star", "Body":"Ashby City", "BodyType":"Station" }
{ "timestamp":"2017-10-13T17:19:59Z", "event":"Music", "MusicTrack":"DestinationFromSupercruise" }
{ "timestamp":"2017-10-13T17:20:04Z", "event":"Music", "MusicTrack":"NoTrack" }
{ "timestamp":"2017-10-13T17:20:04Z", "event":"ReceiveText", "From":"Ashby City", "Message":"$STATION_NoFireZone_entered;", "Message_Localised":"No fire zone entered.", "Channel":"npc" }
{ "timestamp":"2017-10-13T17:20:33Z", "event":"DockingRequested", "StationName":"Ashby City" }
{ "timestamp":"2017-10-13T17:20:33Z", "event":"ReceiveText", "From":"Ashby City", "Message":"$DockingChatter_Neutral;", "Message_Localised":"Ensure to observe starport protocol during your visit, pilot.", "Channel":"npc" }
{ "timestamp":"2017-10-13T17:20:34Z", "event":"ReceiveText", "From":"Ashby City", "Message":"$STATION_docking_granted;", "Message_Localised":"Docking request granted.", "Channel":"npc" }
{ "timestamp":"2017-10-13T17:20:34Z", "event":"DockingGranted", "LandingPad":19, "StationName":"Ashby City" }
{ "timestamp":"2017-10-13T17:20:49Z", "event":"Music", "MusicTrack":"Starport" }
{ "timestamp":"2017-10-13T17:21:03Z", "event":"ReceiveText", "From":"$npc_name_decorate:#name=Red Planet Taxi Service;", "From_Localised":"Red Planet Taxi Service", "Message":"$Commuter_AuthorityScan01;", "Message_Localised":"Is there a problem here, officer?", "Channel":"npc" }
{ "timestamp":"2017-10-13T17:21:16Z", "event":"Docked", "StationName":"Ashby City", "StationType":"Bernal", "StarSystem":"Luyten's Star", "StationFaction":"Red Squadron", "FactionState":"Boom", "StationGovernment":"$government_Democracy;", "StationGovernment_Localised":"Democracy", "StationAllegiance":"Federation", "StationServices":[ "Dock", "Autodock", "BlackMarket", "Commodities", "Contacts", "Exploration", "Missions", "Outfitting", "CrewLounge", "Rearm", "Refuel", "Repair", "Shipyard", "Tuning", "MissionsGenerated", "FlightController", "StationOperations", "Powerplay", "SearchAndRescue" ], "StationEconomy":"$economy_Industrial;", "StationEconomy_Localised":"Industrial", "DistFromStarLS":300.693817 }
{ "timestamp":"2017-10-13T17:21:27Z", "event":"BuyAmmo", "Cost":375 }
{ "timestamp":"2017-10-13T17:21:29Z", "event":"RefuelAll", "Cost":19, "Amount":0.353685 }
{ "timestamp":"2017-10-13T17:22:24Z", "event":"Music", "MusicTrack":"Exploration" }
