{ "timestamp":"2017-01-03T03:07:40Z", "event":"Fileheader", "part":1, "language":"English\\UK", "gameversion":"2.2", "build":"r126898/r0 " }
{ "timestamp":"2017-01-03T03:08:37Z", "event":"LoadGame", "Commander":"Kith000", "Ship":"Vulture", "ShipID":3, "GameMode":"Open", "Credits":35769995, "Loan":0 }
{ "timestamp":"2017-01-03T03:08:37Z", "event":"Rank", "Combat":5, "Trade":3, "Explore":1, "Empire":0, "Federation":2, "CQC":0 }
{ "timestamp":"2017-01-03T03:08:37Z", "event":"Progress", "Combat":3, "Trade":32, "Explore":18, "Empire":100, "Federation":60, "CQC":40 }
{ "timestamp":"2017-01-03T03:09:23Z", "event":"Location", "Docked":true, "StationName":"Whitney Platform", "StationType":"Outpost", "StarSystem":"LTT 13232", "StarPos":[46.625,84.656,-1.125], "SystemAllegiance":"Alliance", "SystemEconomy":"$economy_Military;", "SystemEconomy_Localised":"Military", "SystemGovernment":"$government_Corporate;", "SystemGovernment_Localised":"Corporate", "SystemSecurity":"$SYSTEM_SECURITY_low;", "SystemSecurity_Localised":"Low Security", "Body":"Whitney Platform", "BodyType":"Station", "SystemFaction":"Wolf 406 Transport & Co" }
{ "timestamp":"2017-01-03T03:09:23Z", "event":"Docked", "StationName":"Whitney Platform", "StationType":"Outpost", "StarSystem":"LTT 13232", "StationFaction":"Wolf 406 Transport & Co", "StationGovernment":"$government_Corporate;", "StationGovernment_Localised":"Corporate", "StationAllegiance":"Alliance", "StationEconomy":"$economy_Refinery;", "StationEconomy_Localised":"Refinery" }
{ "timestamp":"2017-01-03T03:10:09Z", "event":"Undocked", "StationName":"Whitney Platform", "StationType":"Outpost" }
{ "timestamp":"2017-01-03T03:13:37Z", "event":"ReceiveText", "From":"Whitney Platform", "Message":"$STATION_NoFireZone_exited;", "Message_Localised":"No fire zone left.", "Channel":"npc" }
{ "timestamp":"2017-01-03T03:13:47Z", "event":"SupercruiseEntry", "StarSystem":"LTT 13232" }
{ "timestamp":"2017-01-03T03:14:48Z", "event":"SupercruiseExit", "StarSystem":"LTT 13232", "Body":"LTT 13232 3 A Ring", "BodyType":"PlanetaryRing" }
{ "timestamp":"2017-01-03T03:16:30Z", "event":"ReceiveText", "From":"$npc_name_decorate:#name=Drex;", "From_Localised":"Drex", "Message":"$Pirate_OnStartScanCargo04;", "Message_Localised":"What do you carry, I wonder?", "Channel":"npc" }
{ "timestamp":"2017-01-03T03:16:40Z", "event":"ReceiveText", "From":"$npc_name_decorate:#name=Drex;", "From_Localised":"Drex", "Message":"$Pirate_OnNoCargoFound11;", "Message_Localised":"Another empty cargo hold. My children will go hungry tonight.", "Channel":"npc" }
{ "timestamp":"2017-01-03T03:16:41Z", "event":"ReceiveText", "From":"$npc_name_decorate:#name=Sirius Security;", "From_Localised":"Sirius Security", "Message":"$PowersPirate_OnStartScanCargo03;", "Message_Localised":"Let's see if you have anything for us.", "Channel":"npc" }
{ "timestamp":"2017-01-03T03:16:51Z", "event":"ReceiveText", "From":"$npc_name_decorate:#name=Sirius Security;", "From_Localised":"Sirius Security", "Message":"$PowersPirate_OnNoCargoFound05;", "Message_Localised":"They can't say I didn't check.", "Channel":"npc" }
{ "timestamp":"2017-01-03T03:16:56Z", "event":"Bounty", "Rewards":[ { "Faction":"Wolf 406 Transport & Co", "Reward":200 }, { "Faction":"Alliance", "Reward":5512 } ], "TotalReward":5712, "VictimFaction":"Zemina Torval" }
{ "timestamp":"2017-01-03T03:17:13Z", "event":"ReceiveText", "From":"$npc_name_decorate:#name=Sirius Security;", "From_Localised":"Sirius Security", "Message":"$PowersPirate_OnStartScanCargo03;", "Message_Localised":"Let's see if you have anything for us.", "Channel":"npc" }
{ "timestamp":"2017-01-03T03:17:23Z", "event":"ReceiveText", "From":"$npc_name_decorate:#name=Sirius Security;", "From_Localised":"Sirius Security", "Message":"$PowersPirate_OnNoCargoFound04;", "Message_Localised":"You're just wasting my time here. And yours.", "Channel":"npc" }
{ "timestamp":"2017-01-03T03:18:18Z", "event":"ReceiveText", "From":"$npc_name_decorate:#name=Gward;", "From_Localised":"Gward", "Message":"$MinerCriticalDamage04;", "Message_Localised":"I'm just a simple miner!", "Channel":"npc" }
{ "timestamp":"2017-01-03T03:18:31Z", "event":"ReceiveText", "From":"$npc_name_decorate:#name=Yvonne Rolfing;", "From_Localised":"Yvonne Rolfing", "Message":"$BadKarmaCriticalDamage02;", "Message_Localised":"Impossible!", "Channel":"npc" }
{ "timestamp":"2017-01-03T03:20:27Z", "event":"ReceiveText", "From":"$npc_name_decorate:#name=Rumplcimprcampr;", "From_Localised":"Rumplcimprcampr", "Message":"$Pirate_OnDeclarePiracyAttack02;", "Message_Localised":"You choose death then. Very well.", "Channel":"npc" }
{ "timestamp":"2017-01-03T03:20:45Z", "event":"Bounty", "Rewards":[ { "Faction":"Wolf 406 Transport & Co", "Reward":92740 } ], "TotalReward":92740, "VictimFaction":"LTT 13232 Cartel" }
{ "timestamp":"2017-01-03T03:21:15Z", "event":"ReceiveText", "From":"$npc_name_decorate:#name=Corp. Ted. Lance;", "From_Localised":"Corp. Ted. Lance", "Message":"$Pirate_OnStartScanCargo10;", "Message_Localised":"Let me see what you have.", "Channel":"npc" }
{ "timestamp":"2017-01-03T03:21:21Z", "event":"ReceiveText", "From":"$npc_name_decorate:#name=Christopher Hatton;", "From_Localised":"Christopher Hatton", "Message":"$Pirate_OnStartScanCargo02;", "Message_Localised":"Carrying anything nice?", "Channel":"npc" }
{ "timestamp":"2017-01-03T03:21:25Z", "event":"ReceiveText", "From":"$npc_name_decorate:#name=Corp. Ted. Lance;", "From_Localised":"Corp. Ted. Lance", "Message":"$Pirate_OnNoCargoFound09;", "Message_Localised":"Next time you should fill your hold with gold.", "Channel":"npc" }
{ "timestamp":"2017-01-03T03:21:31Z", "event":"ReceiveText", "From":"$npc_name_decorate:#name=Christopher Hatton;", "From_Localised":"Christopher Hatton", "Message":"$Pirate_OnNoCargoFound08;", "Message_Localised":"A wasted effort. There's no cargo here.", "Channel":"npc" }
{ "timestamp":"2017-01-03T03:21:32Z", "event":"ReceiveText", "From":"$npc_name_decorate:#name=Christopher Hatton;", "From_Localised":"Christopher Hatton", "Message":"$Pirate_NotEnoughCargo06;", "Message_Localised":"There's nothing but slim pickings around here.", "Channel":"npc" }
{ "timestamp":"2017-01-03T03:22:10Z", "event":"ReceiveText", "From":"$npc_name_decorate:#name=Xander Rogan;", "From_Localised":"Xander Rogan", "Message":"$BadKarmaCriticalDamage09;", "Message_Localised":"I can see when I'm outmatched.", "Channel":"npc" }
{ "timestamp":"2017-01-03T03:22:41Z", "event":"Bounty", "Rewards":[ { "Faction":"Wolf 406 Transport & Co", "Reward":200 }, { "Faction":"Alliance", "Reward":8032 } ], "TotalReward":8232, "VictimFaction":"Ross 911 Independents" }
{ "timestamp":"2017-01-03T03:22:58Z", "event":"ReceiveText", "From":"$npc_name_decorate:#name=Christopher Hatton;", "From_Localised":"Christopher Hatton", "Message":"$BadKarmaCriticalDamage03;", "Message_Localised":"You fight a good fight!", "Channel":"npc" }
{ "timestamp":"2017-01-03T03:23:10Z", "event":"Bounty", "Rewards":[ { "Faction":"Wolf 406 Transport & Co", "Reward":32735 } ], "TotalReward":32735, "VictimFaction":"LTT 13232 Cartel" }
{ "timestamp":"2017-01-03T03:24:11Z", "event":"ReceiveText", "From":"$npc_name_decorate:#name=Jin Maddog;", "From_Localised":"Jin Maddog", "Message":"$Pirate_NiggledByNewShip04;", "Message_Localised":"And now you have my attention, what will you do?", "Channel":"npc" }
{ "timestamp":"2017-01-03T03:25:36Z", "event":"ShieldState", "ShieldsUp":false }
{ "timestamp":"2017-01-03T03:25:43Z", "event":"HullDamage", "Health":0.774553 }
{ "timestamp":"2017-01-03T03:26:09Z", "event":"ReceiveText", "From":"$npc_name_decorate:#name=Quinton Evans;", "From_Localised":"Quinton Evans", "Message":"$BadKarmaCriticalDamage04;", "Message_Localised":"I don't believe it!", "Channel":"npc" }
{ "timestamp":"2017-01-03T03:26:19Z", "event":"Bounty", "Rewards":[ { "Faction":"Wolf 406 Transport & Co", "Reward":200 }, { "Faction":"Alliance", "Reward":261900 } ], "TotalReward":262100, "VictimFaction":"LTT 13232 Cartel" }
{ "timestamp":"2017-01-03T03:27:00Z", "event":"ReceiveText", "From":"$npc_name_decorate:#name=Flak;", "From_Localised":"Flak", "Message":"$Pirate_OnStartScanCargo10;", "Message_Localised":"Let me see what you have.", "Channel":"npc" }
{ "timestamp":"2017-01-03T03:27:08Z", "event":"ShieldState", "ShieldsUp":true }
{ "timestamp":"2017-01-03T03:27:10Z", "event":"ReceiveText", "From":"$npc_name_decorate:#name=Flak;", "From_Localised":"Flak", "Message":"$Pirate_OnNoCargoFound08;", "Message_Localised":"A wasted effort. There's no cargo here.", "Channel":"npc" }
{ "timestamp":"2017-01-03T03:27:59Z", "event":"SupercruiseEntry", "StarSystem":"LTT 13232" }
{ "timestamp":"2017-01-03T03:30:25Z", "event":"SupercruiseExit", "StarSystem":"LTT 13232", "Body":"Whitney Platform", "BodyType":"Station" }
{ "timestamp":"2017-01-03T03:30:38Z", "event":"DockingRequested", "StationName":"Whitney Platform" }
{ "timestamp":"2017-01-03T03:30:38Z", "event":"ReceiveText", "From":"Whitney Platform", "Message":"$DockingChatter_Cordial;", "Message_Localised":"Welcome back, Commander.", "Channel":"npc" }
{ "timestamp":"2017-01-03T03:30:40Z", "event":"ReceiveText", "From":"Whitney Platform", "Message":"$STATION_docking_granted;", "Message_Localised":"Docking request granted.", "Channel":"npc" }
{ "timestamp":"2017-01-03T03:30:40Z", "event":"DockingGranted", "LandingPad":4, "StationName":"Whitney Platform" }
{ "timestamp":"2017-01-03T03:30:44Z", "event":"ReceiveText", "From":"Whitney Platform", "Message":"$STATION_NoFireZone_entered;", "Message_Localised":"No fire zone entered.", "Channel":"npc" }
{ "timestamp":"2017-01-03T03:31:30Z", "event":"Docked", "StationName":"Whitney Platform", "StationType":"Outpost", "StarSystem":"LTT 13232", "StationFaction":"Wolf 406 Transport & Co", "StationGovernment":"$government_Corporate;", "StationGovernment_Localised":"Corporate", "StationAllegiance":"Alliance", "StationEconomy":"$economy_Refinery;", "StationEconomy_Localised":"Refinery" }
{ "timestamp":"2017-01-03T03:32:13Z", "event":"RefuelAll", "Cost":24, "Amount":0.470830 }
{ "timestamp":"2017-01-03T03:32:16Z", "event":"RepairAll", "Cost":1867 }
{ "timestamp":"2017-01-03T03:32:29Z", "event":"RedeemVoucher", "Type":"bounty", "Amount":401519 }
