{ "timestamp":"2017-01-15T01:52:22Z", "event":"Fileheader", "part":1, "language":"English\\UK", "gameversion":"2.2", "build":"r131487/r0 " }
{ "timestamp":"2017-01-15T01:53:09Z", "event":"LoadGame", "Commander":"Kith000", "Ship":"Independant_Trader", "ShipID":5, "StartLanded":true, "GameMode":"Group", "Group":"MOBIUS PVE", "Credits":26574464, "Loan":0 }
{ "timestamp":"2017-01-15T01:53:09Z", "event":"Rank", "Combat":5, "Trade":3, "Explore":1, "Empire":0, "Federation":2, "CQC":0 }
{ "timestamp":"2017-01-15T01:53:09Z", "event":"Progress", "Combat":11, "Trade":42, "Explore":88, "Empire":100, "Federation":83, "CQC":40 }
{ "timestamp":"2017-01-15T01:53:54Z", "event":"Location", "Docked":false, "StarSystem":"Synuefe XR-H d11-102", "StarPos":[357.344,-49.344,-74.750], "SystemAllegiance":"", "SystemEconomy":"$economy_None;", "SystemEconomy_Localised":"None", "SystemGovernment":"$government_None;", "SystemGovernment_Localised":"None", "SystemSecurity":"$SYSTEM_SECURITY_low;", "SystemSecurity_Localised":"Low Security", "Body":"Synuefe XR-H d11-102 1 b", "BodyType":"Planet" }
{ "timestamp":"2017-01-15T01:53:54Z", "event":"Touchdown", "Latitude":-31.808622, "Longitude":-128.972855 }
{ "timestamp":"2017-01-15T01:54:18Z", "event":"ReceiveText", "From":"$cmdr_decorate:#name=MusterBuster;", "From_Localised":"CMDR MusterBuster", "Message":"o7", "Channel":"local" }
{ "timestamp":"2017-01-15T01:54:47Z", "event":"EjectCargo", "Type":"smallexplorationdatacash", "Count":1, "Abandoned":false }
{ "timestamp":"2017-01-15T01:55:45Z", "event":"CollectCargo", "Type":"ancientorb", "Stolen":true }
{ "timestamp":"2017-01-15T01:56:32Z", "event":"SendText", "To":"local", "Message":"Yep, looks like I'm gonna have to submit a bug report" }
{ "timestamp":"2017-01-15T01:57:02Z", "event":"ReceiveText", "From":"$cmdr_decorate:#name=Manigueta;", "From_Localised":"CMDR Manigueta", "Message":"o7", "Channel":"local" }
{ "timestamp":"2017-01-15T01:57:03Z", "event":"ReceiveText", "From":"$cmdr_decorate:#name=MusterBuster;", "From_Localised":"CMDR MusterBuster", "Message":"What's happening?", "Channel":"local" }
{ "timestamp":"2017-01-15T01:57:12Z", "event":"ReceiveText", "From":"$cmdr_decorate:#name=iAmsOinSane;", "From_Localised":"CMDR iAmsOinSane", "Message":"worlds explode", "Channel":"local" }
{ "timestamp":"2017-01-15T01:57:25Z", "event":"ReceiveText", "From":"$cmdr_decorate:#name=MusterBuster;", "From_Localised":"CMDR MusterBuster", "Message":"eh, was bound to happen eventually", "Channel":"local" }
{ "timestamp":"2017-01-15T01:57:32Z", "event":"SendText", "To":"local", "Message":"Did some exploring in my SRV, docked into my ship, logged out, logged back in, and my SRV is gone" }
{ "timestamp":"2017-01-15T01:57:42Z", "event":"SendText", "To":"local", "Message":"I did some quick Googling, and I found another person who had the same issue" }
{ "timestamp":"2017-01-15T01:57:52Z", "event":"ReceiveText", "From":"$cmdr_decorate:#name=MusterBuster;", "From_Localised":"CMDR MusterBuster", "Message":"That seems unfortunate", "Channel":"local" }
{ "timestamp":"2017-01-15T01:58:12Z", "event":"SendText", "To":"local", "Message":"He had to go back to the nearest system to buy another one, and then it reappeared. It's gonna take me forever to make that journey >.<" }
{ "timestamp":"2017-01-15T01:58:43Z", "event":"ReceiveText", "From":"$cmdr_decorate:#name=MusterBuster;", "From_Localised":"CMDR MusterBuster", "Message":"Oh man. That sucks. At least you get it back eventually!", "Channel":"local" }
{ "timestamp":"2017-01-15T01:59:03Z", "event":"SendText", "To":"local", "Message":"Yep, thankfully." }
{ "timestamp":"2017-01-15T02:01:01Z", "event":"LoadGame", "Commander":"Kith000", "Ship":"Independant_Trader", "ShipID":5, "StartLanded":true, "GameMode":"Solo", "Credits":26574464, "Loan":0 }
{ "timestamp":"2017-01-15T02:01:01Z", "event":"Rank", "Combat":5, "Trade":3, "Explore":1, "Empire":0, "Federation":2, "CQC":0 }
{ "timestamp":"2017-01-15T02:01:01Z", "event":"Progress", "Combat":11, "Trade":42, "Explore":88, "Empire":100, "Federation":83, "CQC":40 }
{ "timestamp":"2017-01-15T02:01:23Z", "event":"Location", "Docked":false, "StarSystem":"Synuefe XR-H d11-102", "StarPos":[357.344,-49.344,-74.750], "SystemAllegiance":"", "SystemEconomy":"$economy_None;", "SystemEconomy_Localised":"None", "SystemGovernment":"$government_None;", "SystemGovernment_Localised":"None", "SystemSecurity":"$SYSTEM_SECURITY_low;", "SystemSecurity_Localised":"Low Security", "Body":"Synuefe XR-H d11-102 1 b", "BodyType":"Planet" }
{ "timestamp":"2017-01-15T02:01:23Z", "event":"Touchdown", "Latitude":-31.808622, "Longitude":-128.972855 }
{ "timestamp":"2017-01-15T02:02:53Z", "event":"LoadGame", "Commander":"Kith000", "Ship":"Independant_Trader", "ShipID":5, "StartLanded":true, "GameMode":"Group", "Group":"MOBIUS PVE", "Credits":26574464, "Loan":0 }
{ "timestamp":"2017-01-15T02:02:53Z", "event":"Rank", "Combat":5, "Trade":3, "Explore":1, "Empire":0, "Federation":2, "CQC":0 }
{ "timestamp":"2017-01-15T02:02:53Z", "event":"Progress", "Combat":11, "Trade":42, "Explore":88, "Empire":100, "Federation":83, "CQC":40 }
{ "timestamp":"2017-01-15T02:03:21Z", "event":"Location", "Docked":false, "StarSystem":"Synuefe XR-H d11-102", "StarPos":[357.344,-49.344,-74.750], "SystemAllegiance":"", "SystemEconomy":"$economy_None;", "SystemEconomy_Localised":"None", "SystemGovernment":"$government_None;", "SystemGovernment_Localised":"None", "SystemSecurity":"$SYSTEM_SECURITY_low;", "SystemSecurity_Localised":"Low Security", "Body":"Synuefe XR-H d11-102 1 b", "BodyType":"Planet" }
{ "timestamp":"2017-01-15T02:03:21Z", "event":"Touchdown", "Latitude":-31.808622, "Longitude":-128.972855 }
{ "timestamp":"2017-01-15T02:03:46Z", "event":"SendText", "To":"local", "Message":"So, what's the nearest station here?" }
{ "timestamp":"2017-01-15T02:03:54Z", "event":"Liftoff", "Latitude":-31.808622, "Longitude":-128.972855 }
{ "timestamp":"2017-01-15T02:04:10Z", "event":"ReceiveText", "From":"$cmdr_decorate:#name=_Keios_;", "From_Localised":"CMDR _Keios_", "Message":"just a sec", "Channel":"local" }
{ "timestamp":"2017-01-15T02:04:26Z", "event":"Touchdown", "Latitude":-31.805992, "Longitude":-128.954681 }
{ "timestamp":"2017-01-15T02:05:57Z", "event":"ReceiveText", "From":"$cmdr_decorate:#name=_Keios_;", "From_Localised":"CMDR _Keios_", "Message":"Exphiay <- system", "Channel":"local" }
{ "timestamp":"2017-01-15T02:06:15Z", "event":"SendText", "To":"local", "Message":"Much appreciated! " }
{ "timestamp":"2017-01-15T02:06:47Z", "event":"ReceiveText", "From":"$cmdr_decorate:#name=_Keios_;", "From_Localised":"CMDR _Keios_", "Message":"it is like 180 ly or so", "Channel":"local" }
{ "timestamp":"2017-01-15T02:07:10Z", "event":"Liftoff", "Latitude":-31.805992, "Longitude":-128.954681 }
{ "timestamp":"2017-01-15T02:07:57Z", "event":"SupercruiseEntry", "StarSystem":"Synuefe XR-H d11-102" }
{ "timestamp":"2017-01-15T02:10:06Z", "event":"FSDJump", "StarSystem":"Synuefe DJ-F a93-1", "StarPos":[350.500,-44.563,-70.188], "SystemAllegiance":"", "SystemEconomy":"$economy_None;", "SystemEconomy_Localised":"None", "SystemGovernment":"$government_None;", "SystemGovernment_Localised":"None", "SystemSecurity":"$SYSTEM_SECURITY_low;", "SystemSecurity_Localised":"Low Security", "JumpDist":9.514, "FuelUsed":0.595252, "FuelLevel":11.894745 }
