{ "timestamp":"2017-04-17T03:01:14Z", "event":"Fileheader", "part":1, "language":"English\\UK", "gameversion":"2.3", "build":"r141964/r0 " }
{ "timestamp":"2017-04-17T03:02:10Z", "event":"Cargo", "Inventory":[  ] }
{ "timestamp":"2017-04-17T03:02:10Z", "event":"Loadout", "Ship":"Vulture", "ShipID":3, "ShipName":"SS Minnow Johnson", "ShipIdent":"KI-25V", "Modules":[ { "Slot":"LargeHardpoint1", "Item":"Hpt_PulseLaser_Gimbal_Large", "On":true, "Priority":0, "Health":1.000000, "Value":140600 }, { "Slot":"LargeHardpoint2", "Item":"Hpt_PulseLaser_Gimbal_Large", "On":true, "Priority":0, "Health":1.000000, "Value":140600 }, { "Slot":"TinyHardpoint1", "Item":"Hpt_CrimeScanner_Size0_Class1", "On":true, "Priority":0, "Health":1.000000, "Value":13544 }, { "Slot":"TinyHardpoint2", "Item":"Hpt_ShieldBooster_Size0_Class5", "On":true, "Priority":0, "Health":1.000000, "Value":281000 }, { "Slot":"TinyHardpoint3", "Item":"Hpt_ChaffLauncher_Tiny", "On":true, "Priority":0, "AmmoInClip":1, "AmmoInHopper":7, "Health":1.000000, "Value":8500 }, { "Slot":"TinyHardpoint4", "Item":"Hpt_ShieldBooster_Size0_Class5", "On":true, "Priority":0, "Health":1.000000, "Value":281000 }, { "Slot":"Armour", "Item":"Vulture_Armour_Grade1", "On":true, "Priority":1, "Health":1.000000, "Value":0 }, { "Slot":"PaintJob", "Item":"PaintJob_Vulture_Tactical_White", "On":true, "Priority":1, "Health":1.000000, "Value":0 }, { "Slot":"PowerPlant", "Item":"Int_Powerplant_Size4_Class5", "On":true, "Priority":1, "Health":1.000000, "Value":1610080 }, { "Slot":"MainEngines", "Item":"Int_Engine_Size5_Class5", "On":true, "Priority":0, "Health":1.000000, "Value":5103953 }, { "Slot":"FrameShiftDrive", "Item":"Int_Hyperdrive_Size4_Class5", "On":true, "Priority":1, "Health":1.000000, "Value":1610080 }, { "Slot":"LifeSupport", "Item":"Int_LifeSupport_Size3_Class1", "On":true, "Priority":0, "Health":1.000000, "Value":4053 }, { "Slot":"PowerDistributor", "Item":"Int_PowerDistributor_Size5_Class5", "On":true, "Priority":0, "Health":1.000000, "Value":1241317, "EngineerBlueprint":"PowerDistributor_HighFrequency", "EngineerLevel":1 }, { "Slot":"Radar", "Item":"Int_Sensors_Size4_Class5", "On":true, "Priority":0, "Health":1.000000, "Value":443328 }, { "Slot":"FuelTank", "Item":"Int_FuelTank_Size3_Class3", "On":true, "Priority":1, "Health":1.000000, "Value":7063 }, { "Slot":"Slot01_Size5", "Item":"Int_ShieldGenerator_Size5_Class3_Fast", "On":true, "Priority":0, "Health":1.000000, "Value":850659 }, { "Slot":"Slot02_Size4", "Item":"Int_HullReinforcement_Size4_Class2", "On":true, "Priority":1, "Health":1.000000, "Value":195000 }, { "Slot":"Slot03_Size2", "Item":"Int_HullReinforcement_Size1_Class2", "On":true, "Priority":1, "Health":1.000000, "Value":15000 }, { "Slot":"Slot05_Size1", "Item":"Int_FuelScoop_Size1_Class4", "On":true, "Priority":1, "Health":1.000000, "Value":20568 }, { "Slot":"Slot06_Size1", "Item":"Int_StellarBodyDiscoveryScanner_Standard", "On":true, "Priority":1, "Health":1.000000, "Value":1000 }, { "Slot":"Military01", "Item":"Int_HullReinforcement_Size4_Class2", "On":true, "Priority":1, "Health":1.000000, "Value":195000 }, { "Slot":"PlanetaryApproachSuite", "Item":"Int_PlanetApproachSuite", "On":true, "Priority":1, "Health":1.000000, "Value":500 }, { "Slot":"ShipKitSpoiler", "Item":"Vulture_Shipkit1_Spoiler4", "On":true, "Priority":1, "Health":1.000000, "Value":0 }, { "Slot":"ShipKitWings", "Item":"Vulture_Shipkit1_Wings2", "On":true, "Priority":1, "Health":1.000000, "Value":0 }, { "Slot":"ShipKitTail", "Item":"Vulture_Shipkit1_Tail4", "On":true, "Priority":1, "Health":1.000000, "Value":0 }, { "Slot":"ShipKitBumper", "Item":"Vulture_Shipkit1_Bumper4", "On":true, "Priority":1, "Health":1.000000, "Value":0 }, { "Slot":"ShipCockpit", "Item":"Vulture_Cockpit", "On":true, "Priority":1, "Health":1.000000, "Value":0 }, { "Slot":"CargoHatch", "Item":"ModularCargoBayDoor", "On":true, "Priority":2, "Health":1.000000, "Value":0 } ] }
{ "timestamp":"2017-04-17T03:02:10Z", "event":"Materials", "Raw":[ { "Name":"iron", "Count":8 }, { "Name":"sulphur", "Count":44 }, { "Name":"phosphorus", "Count":30 }, { "Name":"manganese", "Count":12 }, { "Name":"nickel", "Count":11 }, { "Name":"carbon", "Count":11 }, { "Name":"cadmium", "Count":12 }, { "Name":"germanium", "Count":3 }, { "Name":"tungsten", "Count":3 }, { "Name":"arsenic", "Count":3 }, { "Name":"zinc", "Count":6 }, { "Name":"selenium", "Count":12 }, { "Name":"vanadium", "Count":3 }, { "Name":"antimony", "Count":3 } ], "Manufactured":[ { "Name":"hybridcapacitors", "Count":1 }, { "Name":"focuscrystals", "Count":1 }, { "Name":"salvagedalloys", "Count":1 }, { "Name":"shieldemitters", "Count":5 }, { "Name":"galvanisingalloys", "Count":4 }, { "Name":"phasealloys", "Count":7 }, { "Name":"highdensitycomposites", "Count":3 }, { "Name":"compoundshielding", "Count":6 }, { "Name":"refinedfocuscrystals", "Count":2 }, { "Name":"conductivecomponents", "Count":3 }, { "Name":"heatresistantceramics", "Count":1 } ], "Encoded":[ { "Name":"shieldcyclerecordings", "Count":32 }, { "Name":"emissiondata", "Count":31 }, { "Name":"encodedscandata", "Count":2 }, { "Name":"decodedemissiondata", "Count":108 }, { "Name":"shieldsoakanalysis", "Count":21 }, { "Name":"scandatabanks", "Count":30 }, { "Name":"bulkscandata", "Count":10 }, { "Name":"archivedemissiondata", "Count":2 }, { "Name":"shielddensityreports", "Count":42 }, { "Name":"shieldpatternanalysis", "Count":93 }, { "Name":"compactemissionsdata", "Count":5 }, { "Name":"shieldfrequencydata", "Count":3 }, { "Name":"consumerfirmware", "Count":1 }, { "Name":"hyperspacetrajectories", "Count":1 }, { "Name":"scrambledemissiondata", "Count":1 }, { "Name":"scanarchives", "Count":16 }, { "Name":"classifiedscandata", "Count":4 } ] }
{ "timestamp":"2017-04-17T03:02:10Z", "event":"LoadGame", "Commander":"Kith000", "Ship":"Vulture", "ShipID":3, "ShipName":"SS Minnow Johnson", "ShipIdent":"KI-25V", "FuelLevel":6.855909, "FuelCapacity":8.000000, "GameMode":"Group", "Group":"MOBIUS PVE", "Credits":46343582, "Loan":0 }
{ "timestamp":"2017-04-17T03:02:10Z", "event":"Rank", "Combat":5, "Trade":4, "Explore":2, "Empire":0, "Federation":2, "CQC":0 }
{ "timestamp":"2017-04-17T03:02:10Z", "event":"Progress", "Combat":20, "Trade":59, "Explore":20, "Empire":100, "Federation":83, "CQC":40 }
{ "timestamp":"2017-04-17T03:02:24Z", "event":"Location", "Docked":false, "StarSystem":"Susano", "StarPos":[133.188,-209.719,-19.344], "SystemAllegiance":"Empire", "SystemEconomy":"$economy_Industrial;", "SystemEconomy_Localised":"Industrial", "SystemGovernment":"$government_Patronage;", "SystemGovernment_Localised":"Patronage", "SystemSecurity":"$SYSTEM_SECURITY_medium;", "SystemSecurity_Localised":"Medium Security", "Body":"Susano 4 A Ring", "BodyType":"PlanetaryRing", "Factions":[ { "Name":"Susano Patron's Principles", "FactionState":"None", "Government":"Patronage", "Influence":0.523952, "Allegiance":"Empire" }, { "Name":"HIP 13979 Advanced Systems", "FactionState":"Boom", "Government":"Corporate", "Influence":0.151697, "Allegiance":"Empire" }, { "Name":"HIP 14045 Empire Party", "FactionState":"None", "Government":"Patronage", "Influence":0.126747, "Allegiance":"Empire" }, { "Name":"Nationalists of Mehnemind", "FactionState":"Boom", "Government":"Dictatorship", "Influence":0.106786, "Allegiance":"Empire" }, { "Name":"Susano Natural Group", "FactionState":"None", "Government":"Corporate", "Influence":0.051896, "Allegiance":"Independent" }, { "Name":"Partnership of Susano", "FactionState":"None", "Government":"Anarchy", "Influence":0.009980, "Allegiance":"Independent" }, { "Name":"Independent Susano Labour", "FactionState":"None", "Government":"Democracy", "Influence":0.028942, "Allegiance":"Independent" } ], "SystemFaction":"Susano Patron's Principles" }
{ "timestamp":"2017-04-17T03:03:08Z", "event":"MaterialCollected", "Category":"Encoded", "Name":"shieldcyclerecordings", "Count":3 }
{ "timestamp":"2017-04-17T03:03:35Z", "event":"ReceiveText", "From":"$npc_name_decorate:#name=The Biscuit Baron;", "From_Localised":"The Biscuit Baron", "Message":"$Pirate_OnStartScanCargo01;", "Message_Localised":"I see all!", "Channel":"npc" }
{ "timestamp":"2017-04-17T03:03:39Z", "event":"ReceiveText", "From":"$npc_name_decorate:#name=Michal Benes;", "From_Localised":"Michal Benes", "Message":"$Pirate_OnStartScanCargo01;", "Message_Localised":"I see all!", "Channel":"npc" }
{ "timestamp":"2017-04-17T03:03:43Z", "event":"Scanned", "ScanType":"Cargo" }
{ "timestamp":"2017-04-17T03:03:43Z", "event":"ReceiveText", "From":"$npc_name_decorate:#name=Aisling Guardian;", "From_Localised":"Aisling Guardian", "Message":"$Generic_NoAttackGeneric01;", "Message_Localised":"I don't got a problem with you, you have nothing I want.", "Channel":"npc" }
{ "timestamp":"2017-04-17T03:03:43Z", "event":"Scanned", "ScanType":"Cargo" }
{ "timestamp":"2017-04-17T03:03:43Z", "event":"ReceiveText", "From":"$ShipName_Police_Empire;", "From_Localised":"Internal Security Service", "Message":"$Police_ThankYouPassedStopAndSearch09;", "Message_Localised":"Move along, Commander, we're done here.", "Channel":"npc" }
{ "timestamp":"2017-04-17T03:03:45Z", "event":"ReceiveText", "From":"$npc_name_decorate:#name=The Biscuit Baron;", "From_Localised":"The Biscuit Baron", "Message":"$Pirate_OnNoCargoFound01;", "Message_Localised":"No cargo? Waste of time...", "Channel":"npc" }
{ "timestamp":"2017-04-17T03:03:45Z", "event":"Scanned", "ScanType":"Cargo" }
{ "timestamp":"2017-04-17T03:03:45Z", "event":"Scanned", "ScanType":"Cargo" }
{ "timestamp":"2017-04-17T03:03:45Z", "event":"ReceiveText", "From":"$npc_name_decorate:#name=Aisling Guardian;", "From_Localised":"Aisling Guardian", "Message":"$Generic_NoAttackGeneric02;", "Message_Localised":"Well, you were a complete waste of my time and effort.", "Channel":"npc" }
{ "timestamp":"2017-04-17T03:03:49Z", "event":"ReceiveText", "From":"$npc_name_decorate:#name=Michal Benes;", "From_Localised":"Michal Benes", "Message":"$Pirate_OnNoCargoFound02;", "Message_Localised":"Bah, nothing.", "Channel":"npc" }
{ "timestamp":"2017-04-17T03:03:49Z", "event":"Scanned", "ScanType":"Cargo" }
{ "timestamp":"2017-04-17T03:04:24Z", "event":"Scanned", "ScanType":"Cargo" }
{ "timestamp":"2017-04-17T03:04:24Z", "event":"ReceiveText", "From":"$npc_name_decorate:#name=Aisling Guardian;", "From_Localised":"Aisling Guardian", "Message":"$Generic_NoAttackGeneric04;", "Message_Localised":"Damn! You're useless to me! They said this sector was rich pickings, what gives?", "Channel":"npc" }
{ "timestamp":"2017-04-17T03:05:19Z", "event":"ReceiveText", "From":"$npc_name_decorate:#name=The Biscuit Baron;", "From_Localised":"The Biscuit Baron", "Message":"$BadKarmaCriticalDamage02;", "Message_Localised":"Impossible!", "Channel":"npc" }
{ "timestamp":"2017-04-17T03:05:27Z", "event":"Bounty", "Rewards":[ { "Faction":"Susano Patron's Principles", "Reward":50284 } ], "Target":"vulture", "TotalReward":50284, "VictimFaction":"Partnership of Susano" }
{ "timestamp":"2017-04-17T03:06:25Z", "event":"ReceiveText", "From":"$npc_name_decorate:#name=Jordan Sackville;", "From_Localised":"Jordan Sackville", "Message":"$Pirate_OnStartScanCargo10;", "Message_Localised":"Let me see what you have.", "Channel":"npc" }
{ "timestamp":"2017-04-17T03:06:35Z", "event":"ReceiveText", "From":"$npc_name_decorate:#name=Jordan Sackville;", "From_Localised":"Jordan Sackville", "Message":"$Pirate_OnNoCargoFound06;", "Message_Localised":"Another dream of riches dashed.", "Channel":"npc" }
{ "timestamp":"2017-04-17T03:06:35Z", "event":"Scanned", "ScanType":"Cargo" }
{ "timestamp":"2017-04-17T03:06:44Z", "event":"MaterialCollected", "Category":"Encoded", "Name":"shielddensityreports", "Count":3 }
{ "timestamp":"2017-04-17T03:06:55Z", "event":"ReceiveText", "From":"$ShipName_Police_Empire;", "From_Localised":"Internal Security Service", "Message":"$Police_ArrivedAtInvestigationLocation01;", "Message_Localised":"All citizens must submit to authority scans. Do not attempt to flee!", "Channel":"npc" }
{ "timestamp":"2017-04-17T03:07:04Z", "event":"ReceiveText", "From":"$npc_name_decorate:#name=Jordan Sackville;", "From_Localised":"Jordan Sackville", "Message":"$Pirate_OnDeclarePiracyAttack04;", "Message_Localised":"I'm gonna boil you up!", "Channel":"npc" }
{ "timestamp":"2017-04-17T03:07:25Z", "event":"ReceiveText", "From":"$npc_name_decorate:#name=Mischa o'Meanie;", "From_Localised":"Mischa o'Meanie", "Message":"$Pirate_OnStartScanCargo06;", "Message_Localised":"Let's see what you are carrying.", "Channel":"npc" }
{ "timestamp":"2017-04-17T03:07:35Z", "event":"ReceiveText", "From":"$npc_name_decorate:#name=Mischa o'Meanie;", "From_Localised":"Mischa o'Meanie", "Message":"$Pirate_OnNoCargoFound11;", "Message_Localised":"Another empty cargo hold. My children will go hungry tonight.", "Channel":"npc" }
{ "timestamp":"2017-04-17T03:07:35Z", "event":"Scanned", "ScanType":"Cargo" }
{ "timestamp":"2017-04-17T03:07:43Z", "event":"Bounty", "Rewards":[ { "Faction":"Susano Patron's Principles", "Reward":19032 }, { "Faction":"Alliance", "Reward":15120 } ], "Target":"adder", "TotalReward":34152, "VictimFaction":"Partnership of Susano" }
{ "timestamp":"2017-04-17T03:07:52Z", "event":"ReceiveText", "From":"$ShipName_Police_Empire;", "From_Localised":"Internal Security Service", "Message":"$Police_ArriveInvestigate04;", "Message_Localised":"Emergency response squad in position.", "Channel":"npc" }
{ "timestamp":"2017-04-17T03:07:52Z", "event":"ReceiveText", "From":"$ShipName_Police_Empire;", "From_Localised":"Internal Security Service", "Message":"$Police_ArrivedAtInvestigationLocation04;", "Message_Localised":"Rapid deployment unit deployed. Initiating scans of all ships in the area.", "Channel":"npc" }
{ "timestamp":"2017-04-17T03:08:01Z", "event":"ReceiveText", "From":"$ShipName_Police_Empire;", "From_Localised":"Internal Security Service", "Message":"$Police_ArrivedAtInvestigationLocation06;", "Message_Localised":"Crime response team in situ. Security sweep and scan commencing.", "Channel":"npc" }
{ "timestamp":"2017-04-17T03:08:08Z", "event":"MaterialCollected", "Category":"Encoded", "Name":"shieldcyclerecordings", "Count":3 }
{ "timestamp":"2017-04-17T03:09:00Z", "event":"ReceiveText", "From":"$ShipName_Police_Empire;", "From_Localised":"Internal Security Service", "Message":"$Police_ArriveReinforcement02;", "Message_Localised":"Back-up has arrived.", "Channel":"npc" }
{ "timestamp":"2017-04-17T03:10:17Z", "event":"ReceiveText", "From":"$ShipName_Police_Empire;", "From_Localised":"Internal Security Service", "Message":"$Police_FinishedAtInvestigationLocation03;", "Message_Localised":"Crime scene cordon removed, go back about your business.", "Channel":"npc" }
{ "timestamp":"2017-04-17T03:10:23Z", "event":"ReceiveText", "From":"$ShipName_Police_Empire;", "From_Localised":"Internal Security Service", "Message":"$Police_FinishedAtInvestigationLocation03;", "Message_Localised":"Crime scene cordon removed, go back about your business.", "Channel":"npc" }
{ "timestamp":"2017-04-17T03:11:24Z", "event":"ReceiveText", "From":"$npc_name_decorate:#name=John \"Reaper\" Grimm;", "From_Localised":"John \"Reaper\" Grimm", "Message":"$BadKarmaCriticalDamage10;", "Message_Localised":"You've scratched my paint!", "Channel":"npc" }
{ "timestamp":"2017-04-17T03:11:48Z", "event":"ReceiveText", "From":"$npc_name_decorate:#name=Deyals;", "From_Localised":"Deyals", "Message":"$Pirate_OnDeclarePiracyAttack01;", "Message_Localised":"I'll pick your bones clean, greenhorn.", "Channel":"npc" }
{ "timestamp":"2017-04-17T03:12:17Z", "event":"ReceiveText", "From":"$npc_name_decorate:#name=Deyals;", "From_Localised":"Deyals", "Message":"$Pirate_OnDeclarePiracyAttack10;", "Message_Localised":"Die now, wretch!", "Channel":"npc" }
{ "timestamp":"2017-04-17T03:12:37Z", "event":"Bounty", "Rewards":[ { "Faction":"Susano Patron's Principles", "Reward":30977 }, { "Faction":"HIP 13979 Advanced Systems", "Reward":17347 } ], "Target":"viper", "TotalReward":48324, "VictimFaction":"Partnership of Susano" }
{ "timestamp":"2017-04-17T03:13:58Z", "event":"MaterialCollected", "Category":"Encoded", "Name":"shieldcyclerecordings", "Count":3 }
{ "timestamp":"2017-04-17T03:14:33Z", "event":"ReceiveText", "From":"$npc_name_decorate:#name=Jamie McKie;", "From_Localised":"Jamie McKie", "Message":"$BadKarmaCriticalDamage03;", "Message_Localised":"You fight a good fight!", "Channel":"npc" }
{ "timestamp":"2017-04-17T03:14:39Z", "event":"Bounty", "Rewards":[ { "Faction":"Susano Patron's Principles", "Reward":9912 } ], "Target":"eagle", "TotalReward":9912, "VictimFaction":"Independent Susano Labour" }
{ "timestamp":"2017-04-17T03:14:55Z", "event":"ReceiveText", "From":"$npc_name_decorate:#name=Jenny the Lovely;", "From_Localised":"Jenny the Lovely", "Message":"$Pirate_OnStartScanCargo04;", "Message_Localised":"What do you carry, I wonder?", "Channel":"npc" }
{ "timestamp":"2017-04-17T03:15:05Z", "event":"ReceiveText", "From":"$npc_name_decorate:#name=Jenny the Lovely;", "From_Localised":"Jenny the Lovely", "Message":"$Pirate_OnNoCargoFound01;", "Message_Localised":"No cargo? Waste of time...", "Channel":"npc" }
{ "timestamp":"2017-04-17T03:15:05Z", "event":"Scanned", "ScanType":"Cargo" }
{ "timestamp":"2017-04-17T03:15:15Z", "event":"Scanned", "ScanType":"Cargo" }
{ "timestamp":"2017-04-17T03:15:15Z", "event":"ReceiveText", "From":"$ShipName_Police_Empire;", "From_Localised":"Internal Security Service", "Message":"$Police_ThankYouPassedStopAndSearch05;", "Message_Localised":"Scan finished. Be about your business.", "Channel":"npc" }
{ "timestamp":"2017-04-17T03:16:48Z", "event":"ReceiveText", "From":"$npc_name_decorate:#name=Exobyte Corp;", "From_Localised":"Exobyte Corp", "Message":"$Pirate_OnStartScanCargo05;", "Message_Localised":"What treats do you carry?", "Channel":"npc" }
{ "timestamp":"2017-04-17T03:16:58Z", "event":"ReceiveText", "From":"$npc_name_decorate:#name=Exobyte Corp;", "From_Localised":"Exobyte Corp", "Message":"$Pirate_OnNoCargoFound10;", "Message_Localised":"There's nothing worth my while here.", "Channel":"npc" }
{ "timestamp":"2017-04-17T03:16:58Z", "event":"Scanned", "ScanType":"Cargo" }
{ "timestamp":"2017-04-17T03:17:01Z", "event":"ReceiveText", "From":"$npc_name_decorate:#name=Mavric Duckosky;", "From_Localised":"Mavric Duckosky", "Message":"$Pirate_OnStartScanCargo03;", "Message_Localised":"What are you hauling?", "Channel":"npc" }
{ "timestamp":"2017-04-17T03:17:08Z", "event":"ReceiveText", "From":"$npc_name_decorate:#name=Taxo Mann;", "From_Localised":"Taxo Mann", "Message":"$Pirate_OnStartScanCargo01;", "Message_Localised":"I see all!", "Channel":"npc" }
{ "timestamp":"2017-04-17T03:17:11Z", "event":"ReceiveText", "From":"$npc_name_decorate:#name=Mavric Duckosky;", "From_Localised":"Mavric Duckosky", "Message":"$Pirate_OnNoCargoFound10;", "Message_Localised":"There's nothing worth my while here.", "Channel":"npc" }
{ "timestamp":"2017-04-17T03:17:11Z", "event":"Scanned", "ScanType":"Cargo" }
{ "timestamp":"2017-04-17T03:17:18Z", "event":"ReceiveText", "From":"$npc_name_decorate:#name=Taxo Mann;", "From_Localised":"Taxo Mann", "Message":"$Pirate_OnNoCargoFound01;", "Message_Localised":"No cargo? Waste of time...", "Channel":"npc" }
{ "timestamp":"2017-04-17T03:17:18Z", "event":"Scanned", "ScanType":"Cargo" }
{ "timestamp":"2017-04-17T03:17:29Z", "event":"ReceiveText", "From":"$npc_name_decorate:#name=Exobyte Corp;", "From_Localised":"Exobyte Corp", "Message":"$Pirate_NiggledByNewShip02;", "Message_Localised":"You have just made a big mistake.", "Channel":"npc" }
{ "timestamp":"2017-04-17T03:17:47Z", "event":"ReceiveText", "From":"$npc_name_decorate:#name=Exobyte Corp;", "From_Localised":"Exobyte Corp", "Message":"$BadKarmaCriticalDamage07;", "Message_Localised":"Too much damage!", "Channel":"npc" }
{ "timestamp":"2017-04-17T03:17:55Z", "event":"Bounty", "Rewards":[ { "Faction":"Empire", "Reward":18075 }, { "Faction":"Susano Patron's Principles", "Reward":200 } ], "Target":"adder", "TotalReward":18275, "VictimFaction":"Partnership of Susano" }
{ "timestamp":"2017-04-17T03:18:16Z", "event":"ReceiveText", "From":"$npc_name_decorate:#name=Paul Robinson;", "From_Localised":"Paul Robinson", "Message":"$Pirate_OnStartScanCargo02;", "Message_Localised":"Carrying anything nice?", "Channel":"npc" }
{ "timestamp":"2017-04-17T03:18:26Z", "event":"ReceiveText", "From":"$npc_name_decorate:#name=Paul Robinson;", "From_Localised":"Paul Robinson", "Message":"$Pirate_OnNoCargoFound02;", "Message_Localised":"Bah, nothing.", "Channel":"npc" }
{ "timestamp":"2017-04-17T03:18:26Z", "event":"Scanned", "ScanType":"Cargo" }
{ "timestamp":"2017-04-17T03:18:48Z", "event":"ReceiveText", "From":"$npc_name_decorate:#name=John Hainsworth;", "From_Localised":"John Hainsworth", "Message":"$Pirate_OnStartScanCargo01;", "Message_Localised":"I see all!", "Channel":"npc" }
{ "timestamp":"2017-04-17T03:18:58Z", "event":"ReceiveText", "From":"$npc_name_decorate:#name=John Hainsworth;", "From_Localised":"John Hainsworth", "Message":"$Pirate_OnNoCargoFound10;", "Message_Localised":"There's nothing worth my while here.", "Channel":"npc" }
{ "timestamp":"2017-04-17T03:18:58Z", "event":"Scanned", "ScanType":"Cargo" }
{ "timestamp":"2017-04-17T03:19:11Z", "event":"Bounty", "Rewards":[ { "Faction":"Susano Patron's Principles", "Reward":200 }, { "Faction":"Empire", "Reward":12900 } ], "Target":"adder", "TotalReward":13100, "VictimFaction":"Susano Natural Group" }
{ "timestamp":"2017-04-17T03:20:49Z", "event":"ReceiveText", "From":"$npc_name_decorate:#name=Paul Robinson;", "From_Localised":"Paul Robinson", "Message":"$BadKarmaCriticalDamage10;", "Message_Localised":"You've scratched my paint!", "Channel":"npc" }
{ "timestamp":"2017-04-17T03:21:54Z", "event":"Bounty", "Rewards":[ { "Faction":"Susano Patron's Principles", "Reward":600 }, { "Faction":"Empire", "Reward":17160 } ], "Target":"eagle", "TotalReward":17760, "VictimFaction":"HIP 14045 Empire Party" }
{ "timestamp":"2017-04-17T03:22:19Z", "event":"Scanned", "ScanType":"Cargo" }
{ "timestamp":"2017-04-17T03:22:19Z", "event":"ReceiveText", "From":"$ShipName_Police_Empire;", "From_Localised":"Internal Security Service", "Message":"$Police_ThankYouPassedStopAndSearch09;", "Message_Localised":"Move along, Commander, we're done here.", "Channel":"npc" }
{ "timestamp":"2017-04-17T03:23:33Z", "event":"MaterialCollected", "Category":"Encoded", "Name":"shieldpatternanalysis", "Count":3 }
{ "timestamp":"2017-04-17T03:23:33Z", "event":"MaterialCollected", "Category":"Encoded", "Name":"shieldpatternanalysis", "Count":3 }
{ "timestamp":"2017-04-17T03:24:36Z", "event":"Bounty", "Rewards":[ { "Faction":"Susano Patron's Principles", "Reward":38267 } ], "Target":"empire_courier", "TotalReward":38267, "VictimFaction":"Partnership of Susano" }
{ "timestamp":"2017-04-17T03:24:53Z", "event":"ReceiveText", "From":"$npc_name_decorate:#name=Donahue;", "From_Localised":"Donahue", "Message":"$Pirate_OnStartScanCargo04;", "Message_Localised":"What do you carry, I wonder?", "Channel":"npc" }
{ "timestamp":"2017-04-17T03:24:55Z", "event":"ReceiveText", "From":"$npc_name_decorate:#name=Donahue;", "From_Localised":"Donahue", "Message":"$Pirate_OnDeclarePiracyAttack03;", "Message_Localised":"Now you die, victim.", "Channel":"npc" }
{ "timestamp":"2017-04-17T03:25:03Z", "event":"ReceiveText", "From":"$npc_name_decorate:#name=saltheart foamfollower;", "From_Localised":"saltheart foamfollower", "Message":"$BadKarmaCriticalDamage04;", "Message_Localised":"I don't believe it!", "Channel":"npc" }
{ "timestamp":"2017-04-17T03:25:28Z", "event":"ReceiveText", "From":"$npc_name_decorate:#name=Donahue;", "From_Localised":"Donahue", "Message":"$BadKarmaCriticalDamage03;", "Message_Localised":"You fight a good fight!", "Channel":"npc" }
{ "timestamp":"2017-04-17T03:26:03Z", "event":"Bounty", "Rewards":[ { "Faction":"Susano Patron's Principles", "Reward":400 }, { "Faction":"Empire", "Reward":38272 } ], "Target":"viper", "TotalReward":38672, "VictimFaction":"Partnership of Susano" }
{ "timestamp":"2017-04-17T03:26:26Z", "event":"ReceiveText", "From":"$npc_name_decorate:#name=Isaac Seldon;", "From_Localised":"Isaac Seldon", "Message":"$Pirate_OnStartScanCargo05;", "Message_Localised":"What treats do you carry?", "Channel":"npc" }
{ "timestamp":"2017-04-17T03:26:36Z", "event":"ReceiveText", "From":"$npc_name_decorate:#name=Isaac Seldon;", "From_Localised":"Isaac Seldon", "Message":"$Pirate_OnNoCargoFound02;", "Message_Localised":"Bah, nothing.", "Channel":"npc" }
{ "timestamp":"2017-04-17T03:26:36Z", "event":"Scanned", "ScanType":"Cargo" }
{ "timestamp":"2017-04-17T03:28:19Z", "event":"Scanned", "ScanType":"Cargo" }
{ "timestamp":"2017-04-17T03:28:19Z", "event":"ReceiveText", "From":"$ShipName_Police_Empire;", "From_Localised":"Internal Security Service", "Message":"$Police_ThankYouPassedStopAndSearch03;", "Message_Localised":"All clear. Carry on, pilot.", "Channel":"npc" }
{ "timestamp":"2017-04-17T03:28:44Z", "event":"ReceiveText", "From":"$npc_name_decorate:#name=Graham Michie;", "From_Localised":"Graham Michie", "Message":"$MinerCriticalDamage01;", "Message_Localised":"No, no, nooooooo!", "Channel":"npc" }
{ "timestamp":"2017-04-17T03:29:16Z", "event":"ReceiveText", "From":"$npc_name_decorate:#name=Patrick Theysohn;", "From_Localised":"Patrick Theysohn", "Message":"$Pirate_OnStartScanCargo07;", "Message_Localised":"Do you have anything of value?", "Channel":"npc" }
{ "timestamp":"2017-04-17T03:29:23Z", "event":"ReceiveText", "From":"$npc_name_decorate:#name=Val Hadar;", "From_Localised":"Val Hadar", "Message":"$Escort_EscortJump07;", "Message_Localised":"With nothing to protect, I'm out of here.", "Channel":"npc" }
{ "timestamp":"2017-04-17T03:29:26Z", "event":"ReceiveText", "From":"$npc_name_decorate:#name=Patrick Theysohn;", "From_Localised":"Patrick Theysohn", "Message":"$Pirate_OnNoCargoFound10;", "Message_Localised":"There's nothing worth my while here.", "Channel":"npc" }
{ "timestamp":"2017-04-17T03:29:26Z", "event":"Scanned", "ScanType":"Cargo" }
{ "timestamp":"2017-04-17T03:29:42Z", "event":"ReceiveText", "From":"$npc_name_decorate:#name=Romulus;", "From_Localised":"Romulus", "Message":"$BadKarmaCriticalDamage05;", "Message_Localised":"No, no!", "Channel":"npc" }
{ "timestamp":"2017-04-17T03:30:08Z", "event":"Bounty", "Rewards":[ { "Faction":"Susano Patron's Principles", "Reward":200 }, { "Faction":"Empire", "Reward":65040 } ], "Target":"asp_scout", "TotalReward":65240, "VictimFaction":"Partnership of Susano" }
{ "timestamp":"2017-04-17T03:30:38Z", "event":"ReceiveText", "From":"$npc_name_decorate:#name=Patrick Theysohn;", "From_Localised":"Patrick Theysohn", "Message":"$Pirate_OnDeclarePiracyAttack05;", "Message_Localised":"You have no chance now.", "Channel":"npc" }
{ "timestamp":"2017-04-17T03:30:46Z", "event":"ReceiveText", "From":"$npc_name_decorate:#name=Patrick Theysohn;", "From_Localised":"Patrick Theysohn", "Message":"$Pirate_NiggledByNewShip02;", "Message_Localised":"You have just made a big mistake.", "Channel":"npc" }
{ "timestamp":"2017-04-17T03:30:53Z", "event":"Bounty", "Rewards":[ { "Faction":"Susano Patron's Principles", "Reward":14269 } ], "Target":"eagle", "TotalReward":14269, "VictimFaction":"Partnership of Susano" }
{ "timestamp":"2017-04-17T03:31:45Z", "event":"ReceiveText", "From":"$npc_name_decorate:#name=Isaac Seldon;", "From_Localised":"Isaac Seldon", "Message":"$BadKarmaCriticalDamage06;", "Message_Localised":"I hadn't expected this.", "Channel":"npc" }
{ "timestamp":"2017-04-17T03:33:16Z", "event":"ReceiveText", "From":"$ShipName_Police_Empire;", "From_Localised":"Internal Security Service", "Message":"$Police_ArrivedAtInvestigationLocation04;", "Message_Localised":"Rapid deployment unit deployed. Initiating scans of all ships in the area.", "Channel":"npc" }
{ "timestamp":"2017-04-17T03:33:49Z", "event":"ReceiveText", "From":"$npc_name_decorate:#name=Zak Brinkhurst;", "From_Localised":"Zak Brinkhurst", "Message":"$Pirate_OnStartScanCargo03;", "Message_Localised":"What are you hauling?", "Channel":"npc" }
{ "timestamp":"2017-04-17T03:34:03Z", "event":"ReceiveText", "From":"$npc_name_decorate:#name=Gareth Southern;", "From_Localised":"Gareth Southern", "Message":"$BadKarmaCriticalDamage07;", "Message_Localised":"Too much damage!", "Channel":"npc" }
{ "timestamp":"2017-04-17T03:34:03Z", "event":"ReceiveText", "From":"$npc_name_decorate:#name=Zak Brinkhurst;", "From_Localised":"Zak Brinkhurst", "Message":"$Pirate_OnStartScanCargo09;", "Message_Localised":"The scan will soon be over.", "Channel":"npc" }
{ "timestamp":"2017-04-17T03:34:13Z", "event":"ReceiveText", "From":"$npc_name_decorate:#name=Zak Brinkhurst;", "From_Localised":"Zak Brinkhurst", "Message":"$Pirate_OnNoCargoFound05;", "Message_Localised":"How do you fools make a living?", "Channel":"npc" }
{ "timestamp":"2017-04-17T03:34:13Z", "event":"Scanned", "ScanType":"Cargo" }
{ "timestamp":"2017-04-17T03:34:30Z", "event":"Bounty", "Rewards":[ { "Faction":"Susano Patron's Principles", "Reward":29757 } ], "Target":"viper_mkiv", "TotalReward":29757, "VictimFaction":"Partnership of Susano" }
{ "timestamp":"2017-04-17T03:34:41Z", "event":"ReceiveText", "From":"$npc_name_decorate:#name=Nick Lucas - The Ship Downer;", "From_Localised":"Nick Lucas - The Ship Downer", "Message":"$BadKarmaCriticalDamage02;", "Message_Localised":"Impossible!", "Channel":"npc" }
{ "timestamp":"2017-04-17T03:35:24Z", "event":"ReceiveText", "From":"$npc_name_decorate:#name=Father Gregory;", "From_Localised":"Father Gregory", "Message":"$Pirate_OnStartScanCargo11;", "Message_Localised":"I hope you have something good in your hold.", "Channel":"npc" }
{ "timestamp":"2017-04-17T03:35:34Z", "event":"ReceiveText", "From":"$npc_name_decorate:#name=Father Gregory;", "From_Localised":"Father Gregory", "Message":"$Pirate_OnNoCargoFound10;", "Message_Localised":"There's nothing worth my while here.", "Channel":"npc" }
{ "timestamp":"2017-04-17T03:35:34Z", "event":"Scanned", "ScanType":"Cargo" }
{ "timestamp":"2017-04-17T03:37:17Z", "event":"ReceiveText", "From":"$npc_name_decorate:#name=Steve Rawlings;", "From_Localised":"Steve Rawlings", "Message":"$BadKarmaCriticalDamage09;", "Message_Localised":"I can see when I'm outmatched.", "Channel":"npc" }
{ "timestamp":"2017-04-17T03:37:54Z", "event":"ReceiveText", "From":"$ShipName_Police_Empire;", "From_Localised":"Internal Security Service", "Message":"$Police_FinishedAtInvestigationLocation04;", "Message_Localised":"Crime response sweep completed. All ships are free to depart.", "Channel":"npc" }
{ "timestamp":"2017-04-17T03:38:35Z", "event":"ReceiveText", "From":"$npc_name_decorate:#name=Zak Brinkhurst;", "From_Localised":"Zak Brinkhurst", "Message":"$BadKarmaCriticalDamage02;", "Message_Localised":"Impossible!", "Channel":"npc" }
{ "timestamp":"2017-04-17T03:39:32Z", "event":"Bounty", "Rewards":[ { "Faction":"Susano Patron's Principles", "Reward":18942 } ], "Target":"cobramkiii", "TotalReward":18942, "VictimFaction":"Partnership of Susano" }
{ "timestamp":"2017-04-17T03:40:15Z", "event":"Bounty", "Rewards":[ { "Faction":"Empire", "Reward":19500 } ], "Target":"adder", "TotalReward":19500, "VictimFaction":"Partnership of Susano" }
{ "timestamp":"2017-04-17T03:40:39Z", "event":"ReceiveText", "From":"$npc_name_decorate:#name=Alleera Naldan;", "From_Localised":"Alleera Naldan", "Message":"$Pirate_OnStartScanCargo07;", "Message_Localised":"Do you have anything of value?", "Channel":"npc" }
{ "timestamp":"2017-04-17T03:40:43Z", "event":"Scanned", "ScanType":"Cargo" }
{ "timestamp":"2017-04-17T03:40:43Z", "event":"ReceiveText", "From":"$ShipName_Police_Empire;", "From_Localised":"Internal Security Service", "Message":"$Police_ThankYouPassedStopAndSearch05;", "Message_Localised":"Scan finished. Be about your business.", "Channel":"npc" }
{ "timestamp":"2017-04-17T03:40:49Z", "event":"ReceiveText", "From":"$npc_name_decorate:#name=Alleera Naldan;", "From_Localised":"Alleera Naldan", "Message":"$Pirate_OnNoCargoFound10;", "Message_Localised":"There's nothing worth my while here.", "Channel":"npc" }
{ "timestamp":"2017-04-17T03:40:49Z", "event":"Scanned", "ScanType":"Cargo" }
{ "timestamp":"2017-04-17T03:41:37Z", "event":"CommitCrime", "CrimeType":"assault", "Faction":"Susano Patron's Principles", "Victim":"Alleera Naldan", "Bounty":200 }
{ "timestamp":"2017-04-17T03:42:12Z", "event":"ReceiveText", "From":"$npc_name_decorate:#name=Alleera Naldan;", "From_Localised":"Alleera Naldan", "Message":"$BadKarmaCriticalDamage08;", "Message_Localised":"I've taken too many hits.", "Channel":"npc" }
{ "timestamp":"2017-04-17T03:42:20Z", "event":"StartJump", "JumpType":"Supercruise" }
{ "timestamp":"2017-04-17T03:42:25Z", "event":"SupercruiseEntry", "StarSystem":"Susano" }
{ "timestamp":"2017-04-17T03:45:03Z", "event":"ReceiveText", "From":"$npc_name_decorate:#name=Helen Wheeler;", "From_Localised":"Helen Wheeler", "Message":"$BountyHunter_StartInterdiction05;", "Message_Localised":"I've come for the bounty on your head.", "Channel":"npc" }
{ "timestamp":"2017-04-17T03:45:29Z", "event":"EscapeInterdiction", "Interdictor":"Helen Wheeler", "IsPlayer":false }
{ "timestamp":"2017-04-17T03:46:00Z", "event":"SupercruiseExit", "StarSystem":"Susano", "Body":"Sternbach Terminal", "BodyType":"Station" }
{ "timestamp":"2017-04-17T03:46:10Z", "event":"DockingRequested", "StationName":"Sternbach Terminal" }
{ "timestamp":"2017-04-17T03:46:10Z", "event":"ReceiveText", "From":"Sternbach Terminal", "Message":"$DockingChatter_Neutral;", "Message_Localised":"Ensure to observe starport protocol during your visit, pilot.", "Channel":"npc" }
{ "timestamp":"2017-04-17T03:46:12Z", "event":"ReceiveText", "From":"Sternbach Terminal", "Message":"$STATION_docking_granted;", "Message_Localised":"Docking request granted.", "Channel":"npc" }
{ "timestamp":"2017-04-17T03:46:12Z", "event":"DockingGranted", "LandingPad":2, "StationName":"Sternbach Terminal" }
{ "timestamp":"2017-04-17T03:46:19Z", "event":"ReceiveText", "From":"Sternbach Terminal", "Message":"$STATION_NoFireZone_entered;", "Message_Localised":"No fire zone entered.", "Channel":"npc" }
{ "timestamp":"2017-04-17T03:46:42Z", "event":"ReceiveText", "From":"Sternbach Terminal", "Message":"$DockingPadBlockWarningComms;", "Message_Localised":"Loitering infraction detected, clear pad approach immediately to avoid lethal response", "Channel":"npc" }
{ "timestamp":"2017-04-17T03:46:48Z", "event":"ReceiveText", "From":"Sternbach Terminal", "Message":"$DockingOffenceCleared;", "Message_Localised":"Starport infractions cleared, docking privileges restored.", "Channel":"npc" }
{ "timestamp":"2017-04-17T03:47:01Z", "event":"Docked", "StationName":"Sternbach Terminal", "StationType":"Outpost", "StarSystem":"Susano", "StationFaction":"Susano Patron's Principles", "StationGovernment":"$government_Patronage;", "StationGovernment_Localised":"Patronage", "StationAllegiance":"Empire", "StationEconomy":"$economy_Industrial;", "StationEconomy_Localised":"Industrial", "DistFromStarLS":2859.197754 }
{ "timestamp":"2017-04-17T03:47:17Z", "event":"RefuelAll", "Cost":115, "Amount":2.280446 }
{ "timestamp":"2017-04-17T03:47:21Z", "event":"BuyAmmo", "Cost":400 }
{ "timestamp":"2017-04-17T03:47:41Z", "event":"RedeemVoucher", "Type":"bounty", "Amount":791804, "Factions":[ { "Faction":"Empire", "Amount":205267 }, { "Faction":"Susano Patron's Principles", "Amount":569190 }, { "Faction":"HIP 13979 Advanced Systems", "Amount":17347 } ] }
{ "timestamp":"2017-04-17T03:51:10Z", "event":"Undocked", "StationName":"Sternbach Terminal", "StationType":"Outpost" }
{ "timestamp":"2017-04-17T03:52:01Z", "event":"ReceiveText", "From":"Sternbach Terminal", "Message":"$STATION_NoFireZone_exited;", "Message_Localised":"No fire zone left.", "Channel":"npc" }
{ "timestamp":"2017-04-17T03:52:05Z", "event":"StartJump", "JumpType":"Hyperspace", "StarSystem":"Col 285 Sector SN-K c8-2", "StarClass":"K" }
{ "timestamp":"2017-04-17T03:52:24Z", "event":"FSDJump", "StarSystem":"Col 285 Sector SN-K c8-2", "StarPos":[133.500,-209.000,-23.125], "SystemAllegiance":"", "SystemEconomy":"$economy_None;", "SystemEconomy_Localised":"None", "SystemGovernment":"$government_None;", "SystemGovernment_Localised":"None", "SystemSecurity":"$SYSTEM_SECURITY_low;", "SystemSecurity_Localised":"Low Security", "JumpDist":3.862, "FuelUsed":0.121967, "FuelLevel":7.878033 }
{ "timestamp":"2017-04-17T03:52:52Z", "event":"StartJump", "JumpType":"Hyperspace", "StarSystem":"Susano", "StarClass":"K" }
{ "timestamp":"2017-04-17T03:53:11Z", "event":"FSDJump", "StarSystem":"Susano", "StarPos":[133.188,-209.719,-19.344], "SystemAllegiance":"Empire", "SystemEconomy":"$economy_Industrial;", "SystemEconomy_Localised":"Industrial", "SystemGovernment":"$government_Patronage;", "SystemGovernment_Localised":"Patronage", "SystemSecurity":"$SYSTEM_SECURITY_medium;", "SystemSecurity_Localised":"Medium Security", "JumpDist":3.862, "FuelUsed":0.121875, "FuelLevel":7.756157, "Factions":[ { "Name":"Susano Patron's Principles", "FactionState":"None", "Government":"Patronage", "Influence":0.523952, "Allegiance":"Empire" }, { "Name":"HIP 13979 Advanced Systems", "FactionState":"Boom", "Government":"Corporate", "Influence":0.151697, "Allegiance":"Empire" }, { "Name":"HIP 14045 Empire Party", "FactionState":"None", "Government":"Patronage", "Influence":0.126747, "Allegiance":"Empire" }, { "Name":"Nationalists of Mehnemind", "FactionState":"Boom", "Government":"Dictatorship", "Influence":0.106786, "Allegiance":"Empire" }, { "Name":"Susano Natural Group", "FactionState":"None", "Government":"Corporate", "Influence":0.051896, "Allegiance":"Independent" }, { "Name":"Partnership of Susano", "FactionState":"None", "Government":"Anarchy", "Influence":0.009980, "Allegiance":"Independent" }, { "Name":"Independent Susano Labour", "FactionState":"None", "Government":"Democracy", "Influence":0.028942, "Allegiance":"Independent" } ], "SystemFaction":"Susano Patron's Principles" }
{ "timestamp":"2017-04-17T03:53:46Z", "event":"FuelScoop", "Scooped":0.242230, "Total":7.998390 }
{ "timestamp":"2017-04-17T03:58:20Z", "event":"SupercruiseExit", "StarSystem":"Susano", "Body":"Susano 4 A Ring", "BodyType":"PlanetaryRing" }
{ "timestamp":"2017-04-17T03:59:20Z", "event":"ReceiveText", "From":"$npc_name_decorate:#name=Jjak'io;", "From_Localised":"Jjak'io", "Message":"$Pirate_OnDeclarePiracyAttack03;", "Message_Localised":"Now you die, victim.", "Channel":"npc" }
{ "timestamp":"2017-04-17T03:59:33Z", "event":"ReceiveText", "From":"$npc_name_decorate:#name=Jjak'io;", "From_Localised":"Jjak'io", "Message":"$Pirate_OnDeclarePiracyAttack13;", "Message_Localised":"Your end is nigh.", "Channel":"npc" }
{ "timestamp":"2017-04-17T04:00:00Z", "event":"Scanned", "ScanType":"Cargo" }
{ "timestamp":"2017-04-17T04:00:00Z", "event":"ReceiveText", "From":"$npc_name_decorate:#name=Aisling Guardian;", "From_Localised":"Aisling Guardian", "Message":"$Generic_NoAttackGeneric03;", "Message_Localised":"Another ship that's not worth my time, this is turning into a bad day.", "Channel":"npc" }
{ "timestamp":"2017-04-17T04:00:08Z", "event":"ShieldState", "ShieldsUp":false }
{ "timestamp":"2017-04-17T04:00:45Z", "event":"ReceiveText", "From":"$npc_name_decorate:#name=Leonard Nero;", "From_Localised":"Leonard Nero", "Message":"$BadKarmaCriticalDamage07;", "Message_Localised":"Too much damage!", "Channel":"npc" }
{ "timestamp":"2017-04-17T04:01:03Z", "event":"ShieldState", "ShieldsUp":true }
{ "timestamp":"2017-04-17T04:01:10Z", "event":"ReceiveText", "From":"$npc_name_decorate:#name=Jjak'io;", "From_Localised":"Jjak'io", "Message":"$BadKarmaCriticalDamage04;", "Message_Localised":"I don't believe it!", "Channel":"npc" }
{ "timestamp":"2017-04-17T04:01:19Z", "event":"Bounty", "Rewards":[ { "Faction":"Susano Patron's Principles", "Reward":600 }, { "Faction":"Empire", "Reward":77422 } ], "Target":"empire_trader", "TotalReward":78022, "VictimFaction":"Independent Susano Labour" }
{ "timestamp":"2017-04-17T04:02:01Z", "event":"MaterialCollected", "Category":"Encoded", "Name":"scanarchives", "Count":3 }
{ "timestamp":"2017-04-17T04:02:02Z", "event":"MaterialCollected", "Category":"Encoded", "Name":"scandatabanks", "Count":3 }
{ "timestamp":"2017-04-17T04:02:23Z", "event":"MaterialCollected", "Category":"Encoded", "Name":"decodedemissiondata", "Count":3 }
{ "timestamp":"2017-04-17T04:02:24Z", "event":"MaterialCollected", "Category":"Encoded", "Name":"shieldpatternanalysis", "Count":3 }
{ "timestamp":"2017-04-17T04:02:31Z", "event":"ReceiveText", "From":"$npc_name_decorate:#name=Caroline Young;", "From_Localised":"Caroline Young", "Message":"$BadKarmaCriticalDamage09;", "Message_Localised":"I can see when I'm outmatched.", "Channel":"npc" }
{ "timestamp":"2017-04-17T04:02:36Z", "event":"ReceiveText", "From":"$npc_name_decorate:#name=Gareth Lucas;", "From_Localised":"Gareth Lucas", "Message":"$BadKarmaCriticalDamage08;", "Message_Localised":"I've taken too many hits.", "Channel":"npc" }
{ "timestamp":"2017-04-17T04:02:50Z", "event":"Bounty", "Rewards":[ { "Faction":"Susano Patron's Principles", "Reward":51964 }, { "Faction":"Nationalists of Mehnemind", "Reward":32602 } ], "Target":"empire_trader", "TotalReward":84566, "VictimFaction":"Susano Natural Group" }
{ "timestamp":"2017-04-17T04:02:51Z", "event":"Scanned", "ScanType":"Cargo" }
{ "timestamp":"2017-04-17T04:02:51Z", "event":"ReceiveText", "From":"$npc_name_decorate:#name=Aisling Guardian;", "From_Localised":"Aisling Guardian", "Message":"$Generic_NoAttackGeneric05;", "Message_Localised":"Another ship, another useless spacer. Get out of my way!", "Channel":"npc" }
{ "timestamp":"2017-04-17T04:03:10Z", "event":"MaterialCollected", "Category":"Encoded", "Name":"shieldsoakanalysis", "Count":3 }
{ "timestamp":"2017-04-17T04:03:11Z", "event":"MaterialCollected", "Category":"Encoded", "Name":"shieldcyclerecordings", "Count":3 }
{ "timestamp":"2017-04-17T04:05:56Z", "event":"Bounty", "Rewards":[ { "Faction":"Susano Patron's Principles", "Reward":400 }, { "Faction":"Empire", "Reward":89932 } ], "Target":"empire_trader", "TotalReward":90332, "VictimFaction":"Partnership of Susano" }
{ "timestamp":"2017-04-17T04:06:30Z", "event":"Scanned", "ScanType":"Cargo" }
{ "timestamp":"2017-04-17T04:07:23Z", "event":"ReceiveText", "From":"$npc_name_decorate:#name=Ross Edwards;", "From_Localised":"Ross Edwards", "Message":"$BadKarmaCriticalDamage04;", "Message_Localised":"I don't believe it!", "Channel":"npc" }
{ "timestamp":"2017-04-17T04:07:32Z", "event":"Bounty", "Rewards":[ { "Faction":"Susano Patron's Principles", "Reward":600 }, { "Faction":"Empire", "Reward":91664 } ], "Target":"federation_gunship", "TotalReward":92264, "VictimFaction":"HIP 13979 Advanced Systems" }
{ "timestamp":"2017-04-17T04:08:27Z", "event":"Scanned", "ScanType":"Cargo" }
{ "timestamp":"2017-04-17T04:08:27Z", "event":"ReceiveText", "From":"$ShipName_Police_Empire;", "From_Localised":"Internal Security Service", "Message":"$Police_ThankYouPassedStopAndSearch05;", "Message_Localised":"Scan finished. Be about your business.", "Channel":"npc" }
{ "timestamp":"2017-04-17T04:08:59Z", "event":"MaterialCollected", "Category":"Encoded", "Name":"shieldpatternanalysis", "Count":3 }
{ "timestamp":"2017-04-17T04:09:38Z", "event":"ReceiveText", "From":"$npc_name_decorate:#name=Alan Fallow;", "From_Localised":"Alan Fallow", "Message":"$Escort_EscortJump02;", "Message_Localised":"Damn. Looks like I'm done here.", "Channel":"npc" }
{ "timestamp":"2017-04-17T04:10:02Z", "event":"ReceiveText", "From":"$npc_name_decorate:#name=Mogasor;", "From_Localised":"Mogasor", "Message":"$BadKarmaCriticalDamage08;", "Message_Localised":"I've taken too many hits.", "Channel":"npc" }
{ "timestamp":"2017-04-17T04:10:13Z", "event":"Bounty", "Rewards":[ { "Faction":"Empire", "Reward":213720 }, { "Faction":"Susano Patron's Principles", "Reward":600 }, { "Faction":"Nationalists of Mehnemind", "Reward":73200 } ], "Target":"ferdelance", "TotalReward":287520, "VictimFaction":"Partnership of Susano" }
{ "timestamp":"2017-04-17T04:10:30Z", "event":"MaterialCollected", "Category":"Encoded", "Name":"decodedemissiondata", "Count":3 }
{ "timestamp":"2017-04-17T04:10:30Z", "event":"MaterialCollected", "Category":"Encoded", "Name":"decodedemissiondata", "Count":3 }
{ "timestamp":"2017-04-17T04:11:36Z", "event":"Bounty", "Rewards":[ { "Faction":"Empire", "Reward":106364 }, { "Faction":"Susano Patron's Principles", "Reward":200 } ], "Target":"empire_trader", "TotalReward":106564, "VictimFaction":"Partnership of Susano" }
{ "timestamp":"2017-04-17T04:13:21Z", "event":"ReceiveText", "From":"$npc_name_decorate:#name=Jack MacMillan;", "From_Localised":"Jack MacMillan", "Message":"$Pirate_OnDeclarePiracyAttack05;", "Message_Localised":"You have no chance now.", "Channel":"npc" }
{ "timestamp":"2017-04-17T04:14:06Z", "event":"ReceiveText", "From":"$npc_name_decorate:#name=Jack MacMillan;", "From_Localised":"Jack MacMillan", "Message":"$BadKarmaCriticalDamage02;", "Message_Localised":"Impossible!", "Channel":"npc" }
{ "timestamp":"2017-04-17T04:14:26Z", "event":"Bounty", "Rewards":[ { "Faction":"Empire", "Reward":89520 }, { "Faction":"Susano Patron's Principles", "Reward":400 }, { "Faction":"Nationalists of Mehnemind", "Reward":63900 } ], "Target":"federation_gunship", "TotalReward":153820, "VictimFaction":"Partnership of Susano" }
{ "timestamp":"2017-04-17T04:16:53Z", "event":"Bounty", "Rewards":[ { "Faction":"Empire", "Reward":131197 }, { "Faction":"Susano Patron's Principles", "Reward":200 }, { "Faction":"Alliance", "Reward":61529 } ], "Target":"python", "TotalReward":192926, "VictimFaction":"Partnership of Susano" }
{ "timestamp":"2017-04-17T04:18:02Z", "event":"Scanned", "ScanType":"Cargo" }
{ "timestamp":"2017-04-17T04:18:02Z", "event":"ReceiveText", "From":"$ShipName_Police_Empire;", "From_Localised":"Internal Security Service", "Message":"$Police_ThankYouPassedStopAndSearch08;", "Message_Localised":"All done and you're clear to proceed, Commander.", "Channel":"npc" }
{ "timestamp":"2017-04-17T04:18:41Z", "event":"ReceiveText", "From":"$npc_name_decorate:#name=Gil Gal;", "From_Localised":"Gil Gal", "Message":"$BadKarmaCriticalDamage08;", "Message_Localised":"I've taken too many hits.", "Channel":"npc" }
{ "timestamp":"2017-04-17T04:18:55Z", "event":"Bounty", "Rewards":[ { "Faction":"Susano Patron's Principles", "Reward":101032 }, { "Faction":"Nationalists of Mehnemind", "Reward":33810 } ], "Target":"federation_dropship", "TotalReward":134842, "VictimFaction":"Partnership of Susano" }
{ "timestamp":"2017-04-17T04:20:03Z", "event":"ReceiveText", "From":"$ShipName_Police_Empire;", "From_Localised":"Internal Security Service", "Message":"$Police_ArrivedAtInvestigationLocation03;", "Message_Localised":"Crime scene cordon initialised, all ships must submit to police scan.", "Channel":"npc" }
{ "timestamp":"2017-04-17T04:20:15Z", "event":"ReceiveText", "From":"$npc_name_decorate:#name=Chris Buckler;", "From_Localised":"Chris Buckler", "Message":"$Pirate_OnDeclarePiracyAttack04;", "Message_Localised":"I'm gonna boil you up!", "Channel":"npc" }
{ "timestamp":"2017-04-17T04:20:29Z", "event":"ReceiveText", "From":"$npc_name_decorate:#name=Chris Buckler;", "From_Localised":"Chris Buckler", "Message":"$BadKarmaCriticalDamage10;", "Message_Localised":"You've scratched my paint!", "Channel":"npc" }
{ "timestamp":"2017-04-17T04:20:49Z", "event":"Bounty", "Rewards":[ { "Faction":"Susano Patron's Principles", "Reward":164160 }, { "Faction":"Nationalists of Mehnemind", "Reward":91020 } ], "Target":"anaconda", "TotalReward":255180, "VictimFaction":"Partnership of Susano" }
{ "timestamp":"2017-04-17T04:22:22Z", "event":"ReceiveText", "From":"$npc_name_decorate:#name=Richard Miller;", "From_Localised":"Richard Miller", "Message":"$BadKarmaCriticalDamage03;", "Message_Localised":"You fight a good fight!", "Channel":"npc" }
{ "timestamp":"2017-04-17T04:22:49Z", "event":"ReceiveText", "From":"$ShipName_Police_Empire;", "From_Localised":"Internal Security Service", "Message":"$Police_FinishedAtInvestigationLocation05;", "Message_Localised":"All scans have completed. All vessels may proceed.", "Channel":"npc" }
{ "timestamp":"2017-04-17T04:22:52Z", "event":"ReceiveText", "From":"$ShipName_Police_Empire;", "From_Localised":"Internal Security Service", "Message":"$Police_ArrivedAtInvestigationLocation05;", "Message_Localised":"A crime has been reported here. All ships will be scanned.", "Channel":"npc" }
{ "timestamp":"2017-04-17T04:23:48Z", "event":"MaterialCollected", "Category":"Encoded", "Name":"shielddensityreports", "Count":3 }
{ "timestamp":"2017-04-17T04:24:51Z", "event":"ReceiveText", "From":"$npc_name_decorate:#name=Grey Fairhurst;", "From_Localised":"Grey Fairhurst", "Message":"$Pirate_OnDeclarePiracyAttack05;", "Message_Localised":"You have no chance now.", "Channel":"npc" }
{ "timestamp":"2017-04-17T04:25:11Z", "event":"ReceiveText", "From":"$npc_name_decorate:#name=Grey Fairhurst;", "From_Localised":"Grey Fairhurst", "Message":"$BadKarmaCriticalDamage09;", "Message_Localised":"I can see when I'm outmatched.", "Channel":"npc" }
{ "timestamp":"2017-04-17T04:25:36Z", "event":"Bounty", "Rewards":[ { "Faction":"Susano Patron's Principles", "Reward":99887 } ], "Target":"anaconda", "TotalReward":99887, "VictimFaction":"Partnership of Susano" }
{ "timestamp":"2017-04-17T04:26:31Z", "event":"ReceiveText", "From":"$ShipName_Police_Empire;", "From_Localised":"Internal Security Service", "Message":"$Police_FinishedAtInvestigationLocation05;", "Message_Localised":"All scans have completed. All vessels may proceed.", "Channel":"npc" }
{ "timestamp":"2017-04-17T04:30:11Z", "event":"ReceiveText", "From":"$npc_name_decorate:#name=Atoning Unifex;", "From_Localised":"Atoning Unifex", "Message":"$BadKarmaCriticalDamage06;", "Message_Localised":"I hadn't expected this.", "Channel":"npc" }
{ "timestamp":"2017-04-17T04:30:14Z", "event":"ReceiveText", "From":"$npc_name_decorate:#name=Freddie B;", "From_Localised":"Freddie B", "Message":"$Pirate_OnStartScanCargo09;", "Message_Localised":"The scan will soon be over.", "Channel":"npc" }
{ "timestamp":"2017-04-17T04:30:15Z", "event":"ReceiveText", "From":"$ShipName_Police_Empire;", "From_Localised":"Internal Security Service", "Message":"$Police_ArriveInvestigate03;", "Message_Localised":"Crime response flight deployed.", "Channel":"npc" }
{ "timestamp":"2017-04-17T04:30:19Z", "event":"ReceiveText", "From":"$ShipName_Police_Empire;", "From_Localised":"Internal Security Service", "Message":"$Police_ArriveInvestigate01;", "Message_Localised":"Investigating reports of crime.", "Channel":"npc" }
{ "timestamp":"2017-04-17T04:30:22Z", "event":"ReceiveText", "From":"$npc_name_decorate:#name=Christopher Ng;", "From_Localised":"Christopher Ng", "Message":"$Escort_NearDeath10;", "Message_Localised":"My ship is almost done for. Help!", "Channel":"npc" }
{ "timestamp":"2017-04-17T04:30:24Z", "event":"ReceiveText", "From":"$npc_name_decorate:#name=Freddie B;", "From_Localised":"Freddie B", "Message":"$Pirate_OnNoCargoFound10;", "Message_Localised":"There's nothing worth my while here.", "Channel":"npc" }
{ "timestamp":"2017-04-17T04:30:24Z", "event":"Scanned", "ScanType":"Cargo" }
{ "timestamp":"2017-04-17T04:30:28Z", "event":"Bounty", "Rewards":[ { "Faction":"Susano Patron's Principles", "Reward":400 }, { "Faction":"Empire", "Reward":10395 } ], "Target":"empire_eagle", "TotalReward":10795, "VictimFaction":"HIP 14045 Empire Party" }
{ "timestamp":"2017-04-17T04:31:05Z", "event":"Bounty", "Rewards":[ { "Faction":"Susano Patron's Principles", "Reward":400 }, { "Faction":"Empire", "Reward":15660 } ], "Target":"empire_eagle", "TotalReward":16060, "VictimFaction":"HIP 14045 Empire Party" }
{ "timestamp":"2017-04-17T04:31:16Z", "event":"MaterialCollected", "Category":"Encoded", "Name":"bulkscandata", "Count":3 }
{ "timestamp":"2017-04-17T04:31:17Z", "event":"MaterialCollected", "Category":"Encoded", "Name":"bulkscandata", "Count":3 }
{ "timestamp":"2017-04-17T04:32:56Z", "event":"Bounty", "Rewards":[ { "Faction":"Empire", "Reward":278025 }, { "Faction":"Susano Patron's Principles", "Reward":1200 } ], "Target":"ferdelance", "TotalReward":279225, "VictimFaction":"HIP 14045 Empire Party" }
{ "timestamp":"2017-04-17T04:33:17Z", "event":"ReceiveText", "From":"$ShipName_Police_Empire;", "From_Localised":"Internal Security Service", "Message":"$Police_ArrivedAtInvestigationLocation05;", "Message_Localised":"A crime has been reported here. All ships will be scanned.", "Channel":"npc" }
{ "timestamp":"2017-04-17T04:33:27Z", "event":"ReceiveText", "From":"$ShipName_Police_Empire;", "From_Localised":"Internal Security Service", "Message":"$Police_ArrivedAtInvestigationLocation04;", "Message_Localised":"Rapid deployment unit deployed. Initiating scans of all ships in the area.", "Channel":"npc" }
{ "timestamp":"2017-04-17T04:34:28Z", "event":"ReceiveText", "From":"$npc_name_decorate:#name=Ale Capano;", "From_Localised":"Ale Capano", "Message":"$Escort_NearDeath10;", "Message_Localised":"My ship is almost done for. Help!", "Channel":"npc" }
{ "timestamp":"2017-04-17T04:35:45Z", "event":"Bounty", "Rewards":[ { "Faction":"Susano Patron's Principles", "Reward":400 }, { "Faction":"Empire", "Reward":165442 } ], "Target":"python", "TotalReward":165842, "VictimFaction":"Susano Patron's Principles" }
{ "timestamp":"2017-04-17T04:36:32Z", "event":"ReceiveText", "From":"$ShipName_Police_Empire;", "From_Localised":"Internal Security Service", "Message":"$Police_ArrivedAtInvestigationLocation06;", "Message_Localised":"Crime response team in situ. Security sweep and scan commencing.", "Channel":"npc" }
{ "timestamp":"2017-04-17T04:37:33Z", "event":"ReceiveText", "From":"$npc_name_decorate:#name=Benjamin West;", "From_Localised":"Benjamin West", "Message":"$BadKarmaCriticalDamage05;", "Message_Localised":"No, no!", "Channel":"npc" }
{ "timestamp":"2017-04-17T04:37:48Z", "event":"Bounty", "Rewards":[ { "Faction":"Susano Patron's Principles", "Reward":105740 } ], "Target":"federation_dropship_mkii", "TotalReward":105740, "VictimFaction":"Partnership of Susano" }
{ "timestamp":"2017-04-17T04:38:01Z", "event":"MaterialCollected", "Category":"Encoded", "Name":"decodedemissiondata", "Count":3 }
{ "timestamp":"2017-04-17T04:38:01Z", "event":"MaterialCollected", "Category":"Encoded", "Name":"shieldpatternanalysis", "Count":3 }
{ "timestamp":"2017-04-17T04:38:02Z", "event":"Scanned", "ScanType":"Cargo" }
{ "timestamp":"2017-04-17T04:38:02Z", "event":"ReceiveText", "From":"$ShipName_Police_Empire;", "From_Localised":"Internal Security Service", "Message":"$Police_ThankYouPassedStopAndSearch02;", "Message_Localised":"You're clean. Proceed, pilot.", "Channel":"npc" }
{ "timestamp":"2017-04-17T04:38:09Z", "event":"ReceiveText", "From":"$ShipName_Police_Empire;", "From_Localised":"Internal Security Service", "Message":"$Police_FinishedAtInvestigationLocation06;", "Message_Localised":"Rapid criminal investigation scans are finished. Please continue about your business.", "Channel":"npc" }
{ "timestamp":"2017-04-17T04:38:39Z", "event":"ReceiveText", "From":"$npc_name_decorate:#name=Gildaxl;", "From_Localised":"Gildaxl", "Message":"$BadKarmaCriticalDamage10;", "Message_Localised":"You've scratched my paint!", "Channel":"npc" }
{ "timestamp":"2017-04-17T04:38:52Z", "event":"Bounty", "Rewards":[ { "Faction":"Susano Patron's Principles", "Reward":117107 } ], "Target":"empire_trader", "TotalReward":117107, "VictimFaction":"Partnership of Susano" }
{ "timestamp":"2017-04-17T04:40:33Z", "event":"ReceiveText", "From":"$npc_name_decorate:#name=Patrix Jabapar;", "From_Localised":"Patrix Jabapar", "Message":"$BadKarmaCriticalDamage09;", "Message_Localised":"I can see when I'm outmatched.", "Channel":"npc" }
{ "timestamp":"2017-04-17T04:40:46Z", "event":"Bounty", "Rewards":[ { "Faction":"Empire", "Reward":167265 }, { "Faction":"Susano Patron's Principles", "Reward":400 } ], "Target":"python", "TotalReward":167665, "VictimFaction":"Partnership of Susano" }
{ "timestamp":"2017-04-17T04:41:27Z", "event":"Bounty", "Rewards":[ { "Faction":"Susano Patron's Principles", "Reward":133380 } ], "Target":"empire_trader", "TotalReward":133380, "VictimFaction":"Partnership of Susano" }
{ "timestamp":"2017-04-17T04:43:34Z", "event":"StartJump", "JumpType":"Supercruise" }
{ "timestamp":"2017-04-17T04:43:39Z", "event":"SupercruiseEntry", "StarSystem":"Susano" }
{ "timestamp":"2017-04-17T04:47:52Z", "event":"SupercruiseExit", "StarSystem":"Susano", "Body":"Jackson Gateway", "BodyType":"Station" }
{ "timestamp":"2017-04-17T04:48:03Z", "event":"DockingRequested", "StationName":"Jackson Gateway" }
{ "timestamp":"2017-04-17T04:48:03Z", "event":"ReceiveText", "From":"Jackson Gateway", "Message":"$DockingChatter_Cordial;", "Message_Localised":"Welcome back, Commander.", "Channel":"npc" }
{ "timestamp":"2017-04-17T04:48:04Z", "event":"ReceiveText", "From":"Jackson Gateway", "Message":"$STATION_docking_granted;", "Message_Localised":"Docking request granted.", "Channel":"npc" }
{ "timestamp":"2017-04-17T04:48:04Z", "event":"DockingGranted", "LandingPad":12, "StationName":"Jackson Gateway" }
{ "timestamp":"2017-04-17T04:48:12Z", "event":"ReceiveText", "From":"Jackson Gateway", "Message":"$STATION_NoFireZone_entered;", "Message_Localised":"No fire zone entered.", "Channel":"npc" }
{ "timestamp":"2017-04-17T04:48:49Z", "event":"Docked", "StationName":"Jackson Gateway", "StationType":"Coriolis", "StarSystem":"Susano", "StationFaction":"Susano Patron's Principles", "StationGovernment":"$government_Patronage;", "StationGovernment_Localised":"Patronage", "StationAllegiance":"Empire", "StationEconomy":"$economy_Industrial;", "StationEconomy_Localised":"Industrial", "DistFromStarLS":1548.035156 }
{ "timestamp":"2017-04-17T04:49:43Z", "event":"PayLegacyFines", "Amount":200 }
{ "timestamp":"2017-04-17T04:49:56Z", "event":"RedeemVoucher", "Type":"bounty", "Amount":2510208, "Factions":[ { "Faction":"Empire", "Amount":1436606 }, { "Faction":"Susano Patron's Principles", "Amount":779070 }, { "Faction":"Nationalists of Mehnemind", "Amount":294532 } ] }
{ "timestamp":"2017-04-17T05:07:43Z", "event":"ReceiveText", "From":"$npc_name_decorate:#name=Fariska;", "From_Localised":"Fariska", "Message":"$Smuggler_NearDeath01;", "Message_Localised":"Okay, okay, the cargo's all yours... This job isn't worth my life.", "Channel":"npc" }
{ "timestamp":"2017-04-18T03:33:52Z", "event":"ReceiveText", "From":"$npc_name_decorate:#name=Aisling Guardian;", "From_Localised":"Aisling Guardian", "Message":"$BadKarmaCriticalDamage03;", "Message_Localised":"You fight a good fight!", "Channel":"npc" }
