{ "timestamp":"2017-08-11T04:51:13Z", "event":"Fileheader", "part":1, "language":"English\\UK", "gameversion":"2.3.11", "build":"r148764/r0 " }
{ "timestamp":"2017-08-11T04:52:35Z", "event":"Cargo", "Inventory":[  ] }
{ "timestamp":"2017-08-11T04:52:35Z", "event":"Loadout", "Ship":"Asp", "ShipID":7, "ShipName":"", "ShipIdent":"", "Modules":[ { "Slot":"Armour", "Item":"Asp_Armour_Grade1", "On":true, "Priority":1, "Health":1.000000, "Value":0, "EngineerBlueprint":"Armour_HeavyDuty", "EngineerLevel":1 }, { "Slot":"PowerPlant", "Item":"Int_PowerPlant_Size5_Class1", "On":true, "Priority":1, "Health":0.967982, "Value":63012, "EngineerBlueprint":"PowerPlant_Boosted", "EngineerLevel":1 }, { "Slot":"MainEngines", "Item":"Int_Engine_Size5_Class1", "On":true, "Priority":1, "Health":0.978780, "Value":63012 }, { "Slot":"FrameShiftDrive", "Item":"Int_Hyperdrive_Size5_Class5", "On":true, "Priority":0, "Health":0.981124, "Value":5103953 }, { "Slot":"LifeSupport", "Item":"Int_LifeSupport_Size4_Class1", "On":true, "Priority":1, "Health":0.980264, "Value":11349 }, { "Slot":"PowerDistributor", "Item":"Int_PowerDistributor_Size4_Class1", "On":true, "Priority":0, "Health":0.998029, "Value":11349, "EngineerBlueprint":"PowerDistributor_HighCapacity", "EngineerLevel":1 }, { "Slot":"Radar", "Item":"Int_Sensors_Size5_Class1", "On":true, "Priority":1, "Health":0.972658, "Value":31778 }, { "Slot":"FuelTank", "Item":"Int_FuelTank_Size5_Class3", "On":true, "Priority":1, "Health":1.000000, "Value":97754 }, { "Slot":"Slot01_Size6", "Item":"Int_FuelScoop_Size6_Class4", "On":true, "Priority":0, "Health":0.968979, "Value":6112268 }, { "Slot":"Slot02_Size5", "Item":"Int_CargoRack_Size5_Class1", "On":true, "Priority":1, "Health":1.000000, "Value":111566 }, { "Slot":"Slot03_Size3", "Item":"Int_CargoRack_Size3_Class1", "On":true, "Priority":1, "Health":1.000000, "Value":10563 }, { "Slot":"Slot04_Size3", "Item":"Int_ShieldGenerator_Size3_Class5", "On":true, "Priority":0, "Health":0.980093, "Value":507912 }, { "Slot":"Slot05_Size3", "Item":"Int_BuggyBay_Size2_Class1", "On":true, "Priority":0, "Health":0.974356, "Value":18000 }, { "Slot":"Slot06_Size2", "Item":"Int_DetailedSurfaceScanner_Tiny", "On":true, "Priority":1, "Health":1.000000, "Value":212500 }, { "Slot":"Slot07_Size2", "Item":"Int_StellarBodyDiscoveryScanner_Advanced", "On":true, "Priority":1, "Health":0.972462, "Value":1313250 }, { "Slot":"PlanetaryApproachSuite", "Item":"Int_PlanetApproachSuite", "On":true, "Priority":1, "Health":1.000000, "Value":500 }, { "Slot":"ShipCockpit", "Item":"Asp_Cockpit", "On":true, "Priority":1, "Health":0.982514, "Value":0 }, { "Slot":"CargoHatch", "Item":"ModularCargoBayDoor", "On":true, "Priority":2, "Health":0.982239, "Value":0 } ] }
{ "timestamp":"2017-08-11T04:52:35Z", "event":"Materials", "Raw":[ { "Name":"sulphur", "Count":105 }, { "Name":"phosphorus", "Count":80 }, { "Name":"manganese", "Count":98 }, { "Name":"nickel", "Count":20 }, { "Name":"carbon", "Count":62 }, { "Name":"cadmium", "Count":12 }, { "Name":"germanium", "Count":53 }, { "Name":"arsenic", "Count":3 }, { "Name":"selenium", "Count":24 }, { "Name":"vanadium", "Count":1 }, { "Name":"antimony", "Count":3 }, { "Name":"iron", "Count":56 }, { "Name":"niobium", "Count":60 }, { "Name":"technetium", "Count":3 }, { "Name":"mercury", "Count":60 }, { "Name":"chromium", "Count":12 }, { "Name":"polonium", "Count":30 }, { "Name":"zirconium", "Count":12 } ], "Manufactured":[ { "Name":"hybridcapacitors", "Count":8 }, { "Name":"shieldemitters", "Count":8 }, { "Name":"galvanisingalloys", "Count":7 }, { "Name":"phasealloys", "Count":13 }, { "Name":"highdensitycomposites", "Count":9 }, { "Name":"compoundshielding", "Count":6 }, { "Name":"refinedfocuscrystals", "Count":3 }, { "Name":"heatresistantceramics", "Count":1 }, { "Name":"precipitatedalloys", "Count":3 }, { "Name":"wornshieldemitters", "Count":6 }, { "Name":"shieldingsensors", "Count":3 }, { "Name":"thermicalloys", "Count":8 }, { "Name":"mechanicalequipment", "Count":2 }, { "Name":"gridresistors", "Count":8 }, { "Name":"temperedalloys", "Count":1 }, { "Name":"conductivepolymers", "Count":2 }, { "Name":"uncutfocuscrystals", "Count":1 }, { "Name":"chemicalprocessors", "Count":9 }, { "Name":"focuscrystals", "Count":15 }, { "Name":"salvagedalloys", "Count":12 }, { "Name":"heatdispersionplate", "Count":6 }, { "Name":"heatexchangers", "Count":6 }, { "Name":"heatvanes", "Count":3 }, { "Name":"conductivecomponents", "Count":9 }, { "Name":"electrochemicalarrays", "Count":3 }, { "Name":"protoradiolicalloys", "Count":12 }, { "Name":"protolightalloys", "Count":27 }, { "Name":"heatconductionwiring", "Count":3 }, { "Name":"polymercapacitors", "Count":9 }, { "Name":"fedproprietarycomposites", "Count":6 }, { "Name":"conductiveceramics", "Count":2 } ], "Encoded":[ { "Name":"shieldcyclerecordings", "Count":49 }, { "Name":"emissiondata", "Count":26 }, { "Name":"encodedscandata", "Count":17 }, { "Name":"decodedemissiondata", "Count":52 }, { "Name":"shieldsoakanalysis", "Count":33 }, { "Name":"scandatabanks", "Count":32 }, { "Name":"bulkscandata", "Count":16 }, { "Name":"archivedemissiondata", "Count":2 }, { "Name":"shielddensityreports", "Count":25 }, { "Name":"shieldpatternanalysis", "Count":34 }, { "Name":"compactemissionsdata", "Count":5 }, { "Name":"shieldfrequencydata", "Count":3 }, { "Name":"hyperspacetrajectories", "Count":1 }, { "Name":"scrambledemissiondata", "Count":1 }, { "Name":"scanarchives", "Count":20 }, { "Name":"classifiedscandata", "Count":4 }, { "Name":"disruptedwakeechoes", "Count":3 }, { "Name":"securityfirmware", "Count":2 }, { "Name":"encryptionarchives", "Count":3 }, { "Name":"embeddedfirmware", "Count":1 }, { "Name":"industrialfirmware", "Count":5 }, { "Name":"legacyfirmware", "Count":1 }, { "Name":"consumerfirmware", "Count":3 } ] }
{ "timestamp":"2017-08-11T04:52:35Z", "event":"LoadGame", "Commander":"Kith000", "Ship":"TestBuggy", "ShipID":13, "ShipName":"", "ShipIdent":"", "FuelLevel":0.000000, "FuelCapacity":0.000000, "GameMode":"Solo", "Credits":168557203, "Loan":0 }
{ "timestamp":"2017-08-11T04:52:35Z", "event":"Rank", "Combat":6, "Trade":4, "Explore":7, "Empire":1, "Federation":4, "CQC":0 }
{ "timestamp":"2017-08-11T04:52:35Z", "event":"Progress", "Combat":26, "Trade":98, "Explore":48, "Empire":23, "Federation":3, "CQC":40 }
{ "timestamp":"2017-08-11T04:52:43Z", "event":"Location", "Latitude":-3.831784, "Longitude":-148.142822, "Docked":false, "StarSystem":"Tsondama", "StarPos":[57.156,77.875,6.844], "SystemAllegiance":"Federation", "SystemEconomy":"$economy_Industrial;", "SystemEconomy_Localised":"Industrial", "SystemGovernment":"$government_Democracy;", "SystemGovernment_Localised":"Democracy", "SystemSecurity":"$SYSTEM_SECURITY_medium;", "SystemSecurity_Localised":"Medium Security", "Body":"Tsondama ABCD 3 a", "BodyType":"Planet", "Factions":[ { "Name":"Tsondama Liberals", "FactionState":"None", "Government":"Democracy", "Influence":0.395000, "Allegiance":"Federation", "RecoveringStates":[ { "State":"Boom", "Trend":0 } ] }, { "Name":"Pomeche Electronics Corporation", "FactionState":"None", "Government":"Corporate", "Influence":0.289000, "Allegiance":"Federation", "RecoveringStates":[ { "State":"Boom", "Trend":0 } ] }, { "Name":"League of Tsondama League", "FactionState":"CivilWar", "Government":"Dictatorship", "Influence":0.081000, "Allegiance":"Independent", "PendingStates":[ { "State":"Boom", "Trend":0 } ] }, { "Name":"Tsondama Purple Vision Org", "FactionState":"CivilWar", "Government":"Corporate", "Influence":0.069000, "Allegiance":"Independent" }, { "Name":"Tsondama Liberty Party", "FactionState":"None", "Government":"Dictatorship", "Influence":0.166000, "Allegiance":"Independent" } ], "SystemFaction":"Tsondama Liberals" }
{ "timestamp":"2017-08-11T05:16:06Z", "event":"Synthesis", "Name":"Fuel Basic", "Materials":[ { "Name":"sulphur", "Count":1 }, { "Name":"phosphorus", "Count":1 } ] }
{ "timestamp":"2017-08-11T05:28:21Z", "event":"Touchdown", "PlayerControlled":false }
{ "timestamp":"2017-08-11T05:28:51Z", "event":"DockSRV" }
{ "timestamp":"2017-08-11T05:30:18Z", "event":"Liftoff", "PlayerControlled":true, "Latitude":-3.800027, "Longitude":-148.213181 }
{ "timestamp":"2017-08-11T05:30:56Z", "event":"StartJump", "JumpType":"Supercruise" }
{ "timestamp":"2017-08-11T05:31:01Z", "event":"SupercruiseEntry", "StarSystem":"Tsondama" }
{ "timestamp":"2017-08-11T05:31:50Z", "event":"SupercruiseExit", "StarSystem":"Tsondama", "Body":"Tsondama ABCD 3 a", "BodyType":"Planet" }
{ "timestamp":"2017-08-11T05:32:38Z", "event":"StartJump", "JumpType":"Hyperspace", "StarSystem":"Pomeche", "StarClass":"K" }
{ "timestamp":"2017-08-11T05:32:56Z", "event":"FSDJump", "StarSystem":"Pomeche", "StarPos":[56.656,82.094,3.094], "SystemAllegiance":"Federation", "SystemEconomy":"$economy_Colony;", "SystemEconomy_Localised":"Colony", "SystemGovernment":"$government_Corporate;", "SystemGovernment_Localised":"Corporate", "SystemSecurity":"$SYSTEM_SECURITY_low;", "SystemSecurity_Localised":"Low Security", "JumpDist":5.667, "FuelUsed":0.095828, "FuelLevel":31.274174, "Factions":[ { "Name":"Ross 129 Liberals", "FactionState":"None", "Government":"Democracy", "Influence":0.067067, "Allegiance":"Federation", "PendingStates":[ { "State":"Boom", "Trend":1 } ] }, { "Name":"Tsondama Liberals", "FactionState":"War", "Government":"Democracy", "Influence":0.106106, "Allegiance":"Federation", "RecoveringStates":[ { "State":"Boom", "Trend":0 } ] }, { "Name":"Pomeche Electronics Corporation", "FactionState":"None", "Government":"Corporate", "Influence":0.628629, "Allegiance":"Federation", "RecoveringStates":[ { "State":"Boom", "Trend":0 } ] }, { "Name":"MCC 613 Central Corporation", "FactionState":"None", "Government":"Corporate", "Influence":0.062062, "Allegiance":"Federation", "RecoveringStates":[ { "State":"Boom", "Trend":0 } ] }, { "Name":"Allied Pomeche First", "FactionState":"War", "Government":"Dictatorship", "Influence":0.047047, "Allegiance":"Independent", "RecoveringStates":[ { "State":"Boom", "Trend":0 } ] }, { "Name":"Union Party of Pomeche", "FactionState":"Boom", "Government":"Communism", "Influence":0.077077, "Allegiance":"Independent" }, { "Name":"Pomeche Raiders", "FactionState":"Boom", "Government":"Anarchy", "Influence":0.012012, "Allegiance":"Independent" } ], "SystemFaction":"Pomeche Electronics Corporation" }
{ "timestamp":"2017-08-11T05:33:06Z", "event":"FuelScoop", "Scooped":0.725821, "Total":32.000000 }
{ "timestamp":"2017-08-11T05:33:41Z", "event":"StartJump", "JumpType":"Hyperspace", "StarSystem":"Sharru Sector GW-W c1-20", "StarClass":"K" }
{ "timestamp":"2017-08-11T05:33:59Z", "event":"FSDJump", "StarSystem":"Sharru Sector GW-W c1-20", "StarPos":[56.688,81.156,-0.031], "SystemAllegiance":"", "SystemEconomy":"$economy_None;", "SystemEconomy_Localised":"None", "SystemGovernment":"$government_None;", "SystemGovernment_Localised":"None", "SystemSecurity":"$SYSTEM_SECURITY_low;", "SystemSecurity_Localised":"Low Security", "JumpDist":3.263, "FuelUsed":0.024869, "FuelLevel":31.975132 }
{ "timestamp":"2017-08-11T05:34:05Z", "event":"FuelScoop", "Scooped":0.024866, "Total":32.000000 }
{ "timestamp":"2017-08-11T05:34:48Z", "event":"StartJump", "JumpType":"Hyperspace", "StarSystem":"Sharru Sector LS-T b3-1", "StarClass":"M" }
{ "timestamp":"2017-08-11T05:35:06Z", "event":"FSDJump", "StarSystem":"Sharru Sector LS-T b3-1", "StarPos":[47.750,78.969,-4.094], "SystemAllegiance":"", "SystemEconomy":"$economy_None;", "SystemEconomy_Localised":"None", "SystemGovernment":"$government_None;", "SystemGovernment_Localised":"None", "SystemSecurity":"$SYSTEM_SECURITY_low;", "SystemSecurity_Localised":"Low Security", "JumpDist":10.058, "FuelUsed":0.392252, "FuelLevel":31.607748 }
{ "timestamp":"2017-08-11T05:35:14Z", "event":"FuelScoop", "Scooped":0.392244, "Total":32.000000 }
{ "timestamp":"2017-08-11T05:35:48Z", "event":"StartJump", "JumpType":"Hyperspace", "StarSystem":"Wolf 397", "StarClass":"K" }
{ "timestamp":"2017-08-11T05:36:07Z", "event":"FSDJump", "StarSystem":"Wolf 397", "StarPos":[40.000,79.219,-10.406], "SystemAllegiance":"Alliance", "SystemEconomy":"$economy_Colony;", "SystemEconomy_Localised":"Colony", "SystemGovernment":"$government_Democracy;", "SystemGovernment_Localised":"Democracy", "SystemSecurity":"$SYSTEM_SECURITY_medium;", "SystemSecurity_Localised":"Medium Security", "JumpDist":9.999, "FuelUsed":0.386584, "FuelLevel":31.613417, "Factions":[ { "Name":"Tod 'The Blaster' McQuinn", "FactionState":"None", "Government":"Engineer", "Influence":0.043977, "Allegiance":"Alliance" }, { "Name":"89 Leonis Republic Party", "FactionState":"None", "Government":"Democracy", "Influence":0.091778, "Allegiance":"Federation" }, { "Name":"Wolf 397 Independents", "FactionState":"None", "Government":"Democracy", "Influence":0.623327, "Allegiance":"Alliance", "PendingStates":[ { "State":"CivilUnrest", "Trend":0 } ] }, { "Name":"Blue Fortune Organisation", "FactionState":"Boom", "Government":"Corporate", "Influence":0.067878, "Allegiance":"Alliance" }, { "Name":"Cartel of Wolf 397", "FactionState":"Boom", "Government":"Anarchy", "Influence":0.027725, "Allegiance":"Independent" }, { "Name":"Wolf 397 Dominion", "FactionState":"Boom", "Government":"Dictatorship", "Influence":0.108031, "Allegiance":"Alliance" }, { "Name":"Social Wolf 397 Progressive Party", "FactionState":"Lockdown", "Government":"Democracy", "Influence":0.037285, "Allegiance":"Independent", "PendingStates":[ { "State":"Boom", "Trend":1 }, { "State":"Bust", "Trend":0 }, { "State":"CivilUnrest", "Trend":0 }, { "State":"Famine", "Trend":0 }, { "State":"Outbreak", "Trend":1 } ] } ], "SystemFaction":"Wolf 397 Independents" }
{ "timestamp":"2017-08-11T05:38:08Z", "event":"SupercruiseExit", "StarSystem":"Wolf 397", "Body":"Cregglezone", "BodyType":"Station" }
{ "timestamp":"2017-08-11T05:38:09Z", "event":"ReceiveText", "From":"Cregglezone", "Message":"$STATION_NoFireZone_entered;", "Message_Localised":"No fire zone entered.", "Channel":"npc" }
{ "timestamp":"2017-08-11T05:38:24Z", "event":"DockingRequested", "StationName":"Cregglezone" }
{ "timestamp":"2017-08-11T05:38:24Z", "event":"ReceiveText", "From":"Cregglezone", "Message":"$DockingChatter_Neutral;", "Message_Localised":"Ensure to observe starport protocol during your visit, pilot.", "Channel":"npc" }
{ "timestamp":"2017-08-11T05:38:26Z", "event":"ReceiveText", "From":"Cregglezone", "Message":"$STATION_docking_granted;", "Message_Localised":"Docking request granted.", "Channel":"npc" }
{ "timestamp":"2017-08-11T05:38:26Z", "event":"DockingGranted", "LandingPad":8, "StationName":"Cregglezone" }
{ "timestamp":"2017-08-11T05:39:23Z", "event":"Docked", "StationName":"Cregglezone", "StationType":"Orbis", "StarSystem":"Wolf 397", "StationFaction":"Wolf 397 Independents", "StationGovernment":"$government_Democracy;", "StationGovernment_Localised":"Democracy", "StationAllegiance":"Alliance", "StationEconomy":"$economy_Extraction;", "StationEconomy_Localised":"Extraction", "DistFromStarLS":133.489685 }
{ "timestamp":"2017-08-11T05:41:11Z", "event":"ShipyardSwap", "ShipType":"ferdelance", "ShipID":9, "StoreOldShip":"Asp", "StoreShipID":7 }
{ "timestamp":"2017-08-11T05:41:12Z", "event":"Cargo", "Inventory":[ { "Name":"syntheticreagents", "Count":1 } ] }
{ "timestamp":"2017-08-11T05:41:12Z", "event":"Loadout", "Ship":"FerDeLance", "ShipID":9, "ShipName":"the ares", "ShipIdent":"cr-2", "Modules":[ { "Slot":"HugeHardpoint1", "Item":"Hpt_MultiCannon_Fixed_Huge", "On":true, "Priority":0, "AmmoInClip":81, "AmmoInHopper":2100, "Health":1.000000, "Value":1177600, "EngineerBlueprint":"Weapon_Overcharged", "EngineerLevel":4 }, { "Slot":"MediumHardpoint1", "Item":"Hpt_BeamLaser_Fixed_Medium", "On":true, "Priority":0, "Health":1.000000, "Value":269568 }, { "Slot":"MediumHardpoint2", "Item":"Hpt_BeamLaser_Fixed_Medium", "On":true, "Priority":0, "Health":1.000000, "Value":269568 }, { "Slot":"MediumHardpoint3", "Item":"Hpt_BeamLaser_Fixed_Medium", "On":true, "Priority":0, "Health":1.000000, "Value":269568 }, { "Slot":"MediumHardpoint4", "Item":"Hpt_BeamLaser_Fixed_Medium", "On":true, "Priority":0, "Health":1.000000, "Value":269568 }, { "Slot":"TinyHardpoint1", "Item":"Hpt_ShieldBooster_Size0_Class5", "On":true, "Priority":0, "Health":1.000000, "Value":281000 }, { "Slot":"TinyHardpoint2", "Item":"Hpt_ShieldBooster_Size0_Class5", "On":true, "Priority":0, "Health":1.000000, "Value":281000 }, { "Slot":"TinyHardpoint3", "Item":"Hpt_ShieldBooster_Size0_Class5", "On":true, "Priority":0, "Health":1.000000, "Value":238850 }, { "Slot":"TinyHardpoint4", "Item":"Hpt_ShieldBooster_Size0_Class5", "On":true, "Priority":0, "Health":1.000000, "Value":238850 }, { "Slot":"TinyHardpoint5", "Item":"Hpt_ShieldBooster_Size0_Class5", "On":true, "Priority":0, "Health":1.000000, "Value":238850 }, { "Slot":"TinyHardpoint6", "Item":"Hpt_ChaffLauncher_Tiny", "On":true, "Priority":0, "AmmoInClip":1, "AmmoInHopper":10, "Health":1.000000, "Value":8500 }, { "Slot":"Armour", "Item":"FerDeLance_Armour_Grade1", "On":true, "Priority":1, "Health":1.000000, "Value":0 }, { "Slot":"PaintJob", "Item":"PaintJob_FerDeLance_Synth_Red", "On":true, "Priority":1, "Health":1.000000, "Value":0 }, { "Slot":"Decal1", "Item":"Decal_Combat_Dangerous", "On":true, "Priority":1, "Health":1.000000, "Value":0 }, { "Slot":"ShipName0", "Item":"Nameplate_Practical01_White", "On":true, "Priority":1, "Health":1.000000, "Value":0 }, { "Slot":"ShipName1", "Item":"Nameplate_Practical01_White", "On":true, "Priority":1, "Health":1.000000, "Value":0 }, { "Slot":"PowerPlant", "Item":"Int_Powerplant_Size6_Class5", "On":true, "Priority":1, "Health":1.000000, "Value":13752602 }, { "Slot":"MainEngines", "Item":"Int_Engine_Size5_Class5", "On":true, "Priority":0, "Health":1.000000, "Value":5103953 }, { "Slot":"FrameShiftDrive", "Item":"Int_Hyperdrive_Size4_Class5", "On":true, "Priority":0, "Health":1.000000, "Value":1610080 }, { "Slot":"LifeSupport", "Item":"Int_LifeSupport_Size4_Class1", "On":true, "Priority":0, "Health":1.000000, "Value":9646 }, { "Slot":"PowerDistributor", "Item":"Int_PowerDistributor_Size6_Class5", "On":true, "Priority":0, "Health":1.000000, "Value":2954335 }, { "Slot":"Radar", "Item":"Int_Sensors_Size4_Class2", "On":true, "Priority":0, "Health":1.000000, "Value":24118 }, { "Slot":"FuelTank", "Item":"Int_FuelTank_Size3_Class3", "On":true, "Priority":1, "Health":1.000000, "Value":6003 }, { "Slot":"Slot01_Size5", "Item":"Int_ShieldGenerator_Size5_Class3_Fast", "On":true, "Priority":0, "Health":1.000000, "Value":850659 }, { "Slot":"Slot02_Size4", "Item":"Int_ShieldCellBank_Size4_Class5", "On":true, "Priority":0, "AmmoInClip":1, "AmmoInHopper":3, "Health":1.000000, "Value":376829 }, { "Slot":"Slot03_Size4", "Item":"Int_CargoRack_Size4_Class1", "On":true, "Priority":1, "Health":1.000000, "Value":34328 }, { "Slot":"Slot04_Size2", "Item":"Int_FSDInterdictor_Size2_Class4", "On":true, "Priority":0, "Health":1.000000, "Value":907200 }, { "Slot":"Slot05_Size1", "Item":"Int_DroneControl_ResourceSiphon_Size1_Class1", "On":true, "Priority":0, "Health":1.000000, "Value":600 }, { "Slot":"PlanetaryApproachSuite", "Item":"Int_PlanetApproachSuite", "On":true, "Priority":1, "Health":1.000000, "Value":425 }, { "Slot":"ShipCockpit", "Item":"FerDeLance_Cockpit", "On":true, "Priority":1, "Health":1.000000, "Value":0 }, { "Slot":"CargoHatch", "Item":"ModularCargoBayDoorFDL", "On":true, "Priority":2, "Health":1.000000, "Value":0 } ] }
{ "timestamp":"2017-08-11T05:41:22Z", "event":"Docked", "StationName":"Cregglezone", "StationType":"Orbis", "StarSystem":"Wolf 397", "StationFaction":"Wolf 397 Independents", "StationGovernment":"$government_Democracy;", "StationGovernment_Localised":"Democracy", "StationAllegiance":"Alliance", "StationEconomy":"$economy_Extraction;", "StationEconomy_Localised":"Extraction", "DistFromStarLS":133.489670 }
{ "timestamp":"2017-08-11T05:41:56Z", "event":"Undocked", "StationName":"Cregglezone", "StationType":"Orbis" }
{ "timestamp":"2017-08-11T05:43:38Z", "event":"StartJump", "JumpType":"Supercruise" }
{ "timestamp":"2017-08-11T05:43:43Z", "event":"SupercruiseEntry", "StarSystem":"Wolf 397" }
{ "timestamp":"2017-08-11T05:43:55Z", "event":"ApproachSettlement", "Name":"Charnas' Progress +" }
{ "timestamp":"2017-08-11T05:43:55Z", "event":"ApproachSettlement", "Name":"Asire Legacy ++" }
{ "timestamp":"2017-08-11T05:43:56Z", "event":"ApproachSettlement", "Name":"Trophy Camp" }
{ "timestamp":"2017-08-11T05:43:56Z", "event":"ApproachSettlement", "Name":"Gibson Prospect +++" }
{ "timestamp":"2017-08-11T05:43:56Z", "event":"ApproachSettlement", "Name":"du Fresne Exchange" }
{ "timestamp":"2017-08-11T05:45:13Z", "event":"ApproachSettlement", "Name":"Trophy Camp" }
{ "timestamp":"2017-08-11T05:45:16Z", "event":"SupercruiseExit", "StarSystem":"Wolf 397", "Body":"Trus Madi", "BodyType":"Planet" }
{ "timestamp":"2017-08-11T05:45:57Z", "event":"DockingRequested", "StationName":"Trophy Camp" }
{ "timestamp":"2017-08-11T05:45:57Z", "event":"ReceiveText", "From":"Trophy Camp", "Message":"$DockingChatter_Allied;", "Message_Localised":"An ally like you is always welcome here.", "Channel":"npc" }
{ "timestamp":"2017-08-11T05:45:59Z", "event":"ReceiveText", "From":"Trophy Camp", "Message":"$STATION_docking_granted;", "Message_Localised":"Docking request granted.", "Channel":"npc" }
{ "timestamp":"2017-08-11T05:45:59Z", "event":"DockingGranted", "LandingPad":2, "StationName":"Trophy Camp" }
{ "timestamp":"2017-08-11T05:46:02Z", "event":"ReceiveText", "From":"Trophy Camp", "Message":"$STATION_NoFireZone_entered;", "Message_Localised":"No fire zone entered.", "Channel":"npc" }
{ "timestamp":"2017-08-11T05:46:55Z", "event":"Docked", "StationName":"Trophy Camp", "StationType":"SurfaceStation", "StarSystem":"Wolf 397", "StationFaction":"Tod 'The Blaster' McQuinn", "StationGovernment":"$government_Engineer;", "StationGovernment_Localised":"Workshop", "StationAllegiance":"Alliance", "StationEconomy":"$economy_Colony;", "StationEconomy_Localised":"Colony", "DistFromStarLS":133.479492 }
{ "timestamp":"2017-08-11T05:47:04Z", "event":"RefuelAll", "Cost":10, "Amount":0.145142 }
{ "timestamp":"2017-08-11T05:47:53Z", "event":"EngineerCraft", "Engineer":"Tod 'The Blaster' McQuinn", "Blueprint":"Weapon_Overcharged", "Level":5, "Ingredients":[ { "Name":"zirconium", "Count":1 }, { "Name":"conductivepolymers", "Count":1 }, { "Name":"embeddedfirmware", "Count":1 } ] }
{ "timestamp":"2017-08-11T05:48:42Z", "event":"EngineerApply", "Engineer":"Tod 'The Blaster' McQuinn", "Blueprint":"Weapon_Overcharged", "Level":5 }
{ "timestamp":"2017-08-11T05:50:21Z", "event":"Undocked", "StationName":"Trophy Camp", "StationType":"SurfaceStation" }
{ "timestamp":"2017-08-11T05:50:37Z", "event":"ReceiveText", "From":"Trophy Camp", "Message":"$STATION_NoFireZone_exited;", "Message_Localised":"No fire zone left.", "Channel":"npc" }
{ "timestamp":"2017-08-11T05:50:49Z", "event":"StartJump", "JumpType":"Supercruise" }
{ "timestamp":"2017-08-11T05:50:50Z", "event":"ApproachSettlement", "Name":"du Fresne Exchange" }
{ "timestamp":"2017-08-11T05:50:50Z", "event":"ApproachSettlement", "Name":"Trophy Camp" }
{ "timestamp":"2017-08-11T05:50:50Z", "event":"ApproachSettlement", "Name":"Charnas' Progress +" }
{ "timestamp":"2017-08-11T05:50:50Z", "event":"ApproachSettlement", "Name":"Gibson Prospect +++" }
{ "timestamp":"2017-08-11T05:50:50Z", "event":"ApproachSettlement", "Name":"Asire Legacy ++" }
{ "timestamp":"2017-08-11T05:50:54Z", "event":"SupercruiseEntry", "StarSystem":"Wolf 397" }
{ "timestamp":"2017-08-11T05:53:27Z", "event":"StartJump", "JumpType":"Hyperspace", "StarSystem":"Sharru Sector LS-T b3-2", "StarClass":"M" }
{ "timestamp":"2017-08-11T05:53:45Z", "event":"FSDJump", "StarSystem":"Sharru Sector LS-T b3-2", "StarPos":[41.375,87.875,-4.656], "SystemAllegiance":"", "SystemEconomy":"$economy_None;", "SystemEconomy_Localised":"None", "SystemGovernment":"$government_None;", "SystemGovernment_Localised":"None", "SystemSecurity":"$SYSTEM_SECURITY_low;", "SystemSecurity_Localised":"Low Security", "JumpDist":10.483, "FuelUsed":1.863277, "FuelLevel":6.136723 }
{ "timestamp":"2017-08-11T05:54:23Z", "event":"StartJump", "JumpType":"Hyperspace", "StarSystem":"Wolf 1427", "StarClass":"K" }
{ "timestamp":"2017-08-11T05:54:42Z", "event":"FSDJump", "StarSystem":"Wolf 1427", "StarPos":[37.969,98.688,0.500], "SystemAllegiance":"", "SystemEconomy":"$economy_None;", "SystemEconomy_Localised":"None", "SystemGovernment":"$government_None;", "SystemGovernment_Localised":"None", "SystemSecurity":"$SYSTEM_SECURITY_low;", "SystemSecurity_Localised":"Low Security", "JumpDist":12.454, "FuelUsed":2.743173, "FuelLevel":3.393550 }
{ "timestamp":"2017-08-11T05:55:10Z", "event":"StartJump", "JumpType":"Hyperspace", "StarSystem":"Alicarl", "StarClass":"G" }
{ "timestamp":"2017-08-11T05:55:29Z", "event":"FSDJump", "StarSystem":"Alicarl", "StarPos":[33.281,95.375,3.031], "SystemAllegiance":"Alliance", "SystemEconomy":"$economy_Agri;", "SystemEconomy_Localised":"Agriculture", "SystemGovernment":"$government_Corporate;", "SystemGovernment_Localised":"Corporate", "SystemSecurity":"$SYSTEM_SECURITY_medium;", "SystemSecurity_Localised":"Medium Security", "JumpDist":6.273, "FuelUsed":0.558630, "FuelLevel":2.834920, "Factions":[ { "Name":"Wolf 406 Transport & Co", "FactionState":"None", "Government":"Corporate", "Influence":0.352000, "Allegiance":"Alliance" }, { "Name":"Alicarl Liberals", "FactionState":"None", "Government":"Democracy", "Influence":0.115000, "Allegiance":"Federation", "PendingStates":[ { "State":"Outbreak", "Trend":1 }, { "State":"CivilWar", "Trend":0 } ] }, { "Name":"Wolf 1437 Ltd", "FactionState":"Boom", "Government":"Corporate", "Influence":0.095000, "Allegiance":"Alliance", "PendingStates":[ { "State":"Retreat", "Trend":0 } ] }, { "Name":"Alicarl Solutions", "FactionState":"CivilWar", "Government":"Corporate", "Influence":0.082000, "Allegiance":"Independent", "PendingStates":[ { "State":"Boom", "Trend":0 } ] }, { "Name":"Alicarl Defence Force", "FactionState":"CivilWar", "Government":"Dictatorship", "Influence":0.089000, "Allegiance":"Independent" }, { "Name":"Alicarl Blue Brothers", "FactionState":"None", "Government":"Anarchy", "Influence":0.080000, "Allegiance":"Independent", "PendingStates":[ { "State":"CivilWar", "Trend":0 } ] }, { "Name":"Alicarl Major Corp.", "FactionState":"Boom", "Government":"Corporate", "Influence":0.187000, "Allegiance":"Federation" } ], "SystemFaction":"Wolf 406 Transport & Co" }
{ "timestamp":"2017-08-11T05:58:39Z", "event":"SupercruiseExit", "StarSystem":"Alicarl", "Body":"Alicarl BC 2", "BodyType":"Planet" }
{ "timestamp":"2017-08-11T05:59:30Z", "event":"ReceiveText", "From":"$ShipName_Military_Independent;", "From_Localised":"System Defence Force", "Message":"$Military_UnderFire04;", "Message_Localised":"Your ticket is about to get well and truly punched.", "Channel":"npc" }
{ "timestamp":"2017-08-11T05:59:34Z", "event":"HeatWarning" }
{ "timestamp":"2017-08-11T05:59:50Z", "event":"ReceiveText", "From":"$ShipName_Military_Independent;", "From_Localised":"System Defence Force", "Message":"$Military_UnderFire09;", "Message_Localised":"Allow me to show you the error of your ways.", "Channel":"npc" }
{ "timestamp":"2017-08-11T06:00:02Z", "event":"ReceiveText", "From":"$ShipName_Military_Independent;", "From_Localised":"System Defence Force", "Message":"$Military_UnderFire08;", "Message_Localised":"Enemy fire incoming!", "Channel":"npc" }
{ "timestamp":"2017-08-11T06:00:09Z", "event":"Bounty", "Target":"anaconda", "TotalReward":0, "VictimFaction":"Alicarl Solutions" }
{ "timestamp":"2017-08-11T06:00:09Z", "event":"FactionKillBond", "Reward":92000, "AwardingFaction":"Alicarl Defence Force", "VictimFaction":"Alicarl Solutions" }
{ "timestamp":"2017-08-11T06:00:18Z", "event":"ReceiveText", "From":"$ShipName_Military_Independent;", "From_Localised":"System Defence Force", "Message":"$Military_UnderFire10;", "Message_Localised":"I'm under attack.", "Channel":"npc" }
{ "timestamp":"2017-08-11T06:01:11Z", "event":"ReceiveText", "From":"$ShipName_Military_Independent;", "From_Localised":"System Defence Force", "Message":"$Military_UnderFire02;", "Message_Localised":"You picked the wrong fight today, Commander.", "Channel":"npc" }
{ "timestamp":"2017-08-11T06:01:25Z", "event":"Bounty", "Target":"asp", "TotalReward":0, "VictimFaction":"Alicarl Solutions" }
{ "timestamp":"2017-08-11T06:01:25Z", "event":"FactionKillBond", "Reward":32200, "AwardingFaction":"Alicarl Defence Force", "VictimFaction":"Alicarl Solutions" }
{ "timestamp":"2017-08-11T06:01:46Z", "event":"MaterialCollected", "Category":"Encoded", "Name":"shielddensityreports", "Count":3 }
{ "timestamp":"2017-08-11T06:01:56Z", "event":"ReceiveText", "From":"$ShipName_Military_Independent;", "From_Localised":"System Defence Force", "Message":"$Military_UnderFire05;", "Message_Localised":"Incoming...", "Channel":"npc" }
{ "timestamp":"2017-08-11T06:02:02Z", "event":"HeatWarning" }
{ "timestamp":"2017-08-11T06:02:09Z", "event":"HeatWarning" }
{ "timestamp":"2017-08-11T06:02:14Z", "event":"HeatWarning" }
{ "timestamp":"2017-08-11T06:02:19Z", "event":"HeatDamage" }
{ "timestamp":"2017-08-11T06:03:23Z", "event":"HeatWarning" }
{ "timestamp":"2017-08-11T06:03:29Z", "event":"HeatWarning" }
{ "timestamp":"2017-08-11T06:03:54Z", "event":"HeatWarning" }
{ "timestamp":"2017-08-11T06:04:01Z", "event":"HeatWarning" }
{ "timestamp":"2017-08-11T06:04:38Z", "event":"Bounty", "Target":"asp", "TotalReward":0, "VictimFaction":"Alicarl Solutions" }
{ "timestamp":"2017-08-11T06:04:38Z", "event":"FactionKillBond", "Reward":32200, "AwardingFaction":"Alicarl Defence Force", "VictimFaction":"Alicarl Solutions" }
{ "timestamp":"2017-08-11T06:04:48Z", "event":"MaterialCollected", "Category":"Encoded", "Name":"shieldcyclerecordings", "Count":3 }
{ "timestamp":"2017-08-11T06:04:48Z", "event":"MaterialCollected", "Category":"Encoded", "Name":"shieldcyclerecordings", "Count":3 }
{ "timestamp":"2017-08-11T06:04:49Z", "event":"MaterialCollected", "Category":"Encoded", "Name":"shieldcyclerecordings", "Count":3 }
{ "timestamp":"2017-08-11T06:05:02Z", "event":"HeatWarning" }
{ "timestamp":"2017-08-11T06:05:24Z", "event":"ReceiveText", "From":"$ShipName_Military_Independent;", "From_Localised":"System Defence Force", "Message":"$Military_UnderFire05;", "Message_Localised":"Incoming...", "Channel":"npc" }
{ "timestamp":"2017-08-11T06:05:44Z", "event":"HeatWarning" }
{ "timestamp":"2017-08-11T06:05:57Z", "event":"HeatWarning" }
{ "timestamp":"2017-08-11T06:06:54Z", "event":"ShieldState", "ShieldsUp":false }
{ "timestamp":"2017-08-11T06:07:17Z", "event":"StartJump", "JumpType":"Supercruise" }
{ "timestamp":"2017-08-11T06:07:23Z", "event":"SupercruiseEntry", "StarSystem":"Alicarl" }
{ "timestamp":"2017-08-11T06:10:07Z", "event":"SupercruiseExit", "StarSystem":"Alicarl", "Body":"Parise Ring", "BodyType":"Station" }
{ "timestamp":"2017-08-11T06:10:14Z", "event":"DockingRequested", "StationName":"Parise Ring" }
{ "timestamp":"2017-08-11T06:10:14Z", "event":"ReceiveText", "From":"Parise Ring", "Message":"$DockingChatter_Friendly;", "Message_Localised":"It's great to see you again, Commander.", "Channel":"npc" }
{ "timestamp":"2017-08-11T06:10:15Z", "event":"ReceiveText", "From":"Parise Ring", "Message":"$STATION_docking_granted;", "Message_Localised":"Docking request granted.", "Channel":"npc" }
{ "timestamp":"2017-08-11T06:10:15Z", "event":"DockingGranted", "LandingPad":23, "StationName":"Parise Ring" }
{ "timestamp":"2017-08-11T06:10:26Z", "event":"ReceiveText", "From":"Parise Ring", "Message":"$STATION_NoFireZone_entered;", "Message_Localised":"No fire zone entered.", "Channel":"npc" }
{ "timestamp":"2017-08-11T06:11:04Z", "event":"Scanned", "ScanType":"Cargo" }
{ "timestamp":"2017-08-11T06:11:04Z", "event":"ReceiveText", "From":"$ShipName_Police_Alliance;", "From_Localised":"Allied Police Forces", "Message":"$Police_ThankYouPassedStopAndSearch01;", "Message_Localised":"Thank you for your cooperation, Commander.", "Channel":"npc" }
{ "timestamp":"2017-08-11T06:12:01Z", "event":"Docked", "StationName":"Parise Ring", "StationType":"Coriolis", "StarSystem":"Alicarl", "StationFaction":"Wolf 406 Transport & Co", "StationGovernment":"$government_Corporate;", "StationGovernment_Localised":"Corporate", "StationAllegiance":"Alliance", "StationEconomy":"$economy_Agri;", "StationEconomy_Localised":"Agriculture", "DistFromStarLS":2522.566406 }
{ "timestamp":"2017-08-11T06:12:09Z", "event":"RefuelAll", "Cost":295, "Amount":5.880879 }
{ "timestamp":"2017-08-11T06:12:10Z", "event":"BuyAmmo", "Cost":2678 }
{ "timestamp":"2017-08-11T06:12:12Z", "event":"RepairAll", "Cost":7065 }
{ "timestamp":"2017-08-11T06:14:15Z", "event":"Undocked", "StationName":"Parise Ring", "StationType":"Coriolis" }
{ "timestamp":"2017-08-11T06:14:43Z", "event":"ReceiveText", "From":"Parise Ring", "Message":"$STATION_NoFireZone_exited;", "Message_Localised":"No fire zone left.", "Channel":"npc" }
{ "timestamp":"2017-08-11T06:15:13Z", "event":"StartJump", "JumpType":"Hyperspace", "StarSystem":"LTT 13415", "StarClass":"K" }
{ "timestamp":"2017-08-11T06:15:32Z", "event":"FSDJump", "StarSystem":"LTT 13415", "StarPos":[36.375,86.938,7.500], "SystemAllegiance":"Alliance", "SystemEconomy":"$economy_Extraction;", "SystemEconomy_Localised":"Extraction", "SystemGovernment":"$government_Corporate;", "SystemGovernment_Localised":"Corporate", "SystemSecurity":"$SYSTEM_SECURITY_medium;", "SystemSecurity_Localised":"Medium Security", "JumpDist":10.037, "FuelUsed":1.685965, "FuelLevel":6.314035, "Factions":[ { "Name":"Wolf 406 Transport & Co", "FactionState":"None", "Government":"Corporate", "Influence":0.485514, "Allegiance":"Alliance" }, { "Name":"Alliance of LTT 13415", "FactionState":"CivilWar", "Government":"Confederacy", "Influence":0.126873, "Allegiance":"Federation", "RecoveringStates":[ { "State":"Boom", "Trend":0 } ] }, { "Name":"LTT 13415 Vision Systems", "FactionState":"Boom", "Government":"Corporate", "Influence":0.065934, "Allegiance":"Independent", "PendingStates":[ { "State":"Election", "Trend":0 } ] }, { "Name":"LTT 13415 Blue Posse", "FactionState":"CivilWar", "Government":"Anarchy", "Influence":0.122877, "Allegiance":"Independent", "RecoveringStates":[ { "State":"Boom", "Trend":-1 } ] }, { "Name":"Sikarici Silver Comms PLC", "FactionState":"Boom", "Government":"Corporate", "Influence":0.090909, "Allegiance":"Federation", "PendingStates":[ { "State":"Election", "Trend":0 } ] }, { "Name":"LTT 13415 Inc", "FactionState":"CivilWar", "Government":"Corporate", "Influence":0.054945, "Allegiance":"Federation" }, { "Name":"LTT 13415 Nationalists", "FactionState":"CivilWar", "Government":"Dictatorship", "Influence":0.052947, "Allegiance":"Independent" } ], "SystemFaction":"Wolf 406 Transport & Co" }
{ "timestamp":"2017-08-11T06:16:03Z", "event":"StartJump", "JumpType":"Hyperspace", "StarSystem":"Bielonti", "StarClass":"M" }
{ "timestamp":"2017-08-11T06:16:21Z", "event":"FSDJump", "StarSystem":"Bielonti", "StarPos":[25.688,80.250,8.438], "SystemAllegiance":"Alliance", "SystemEconomy":"$economy_Industrial;", "SystemEconomy_Localised":"Industrial", "SystemGovernment":"$government_Anarchy;", "SystemGovernment_Localised":"Anarchy", "SystemSecurity":"$GAlAXY_MAP_INFO_state_anarchy;", "SystemSecurity_Localised":"Anarchy", "JumpDist":12.642, "FuelUsed":2.842076, "FuelLevel":3.471959, "Factions":[ { "Name":"MCC 686 General Network", "FactionState":"Boom", "Government":"Corporate", "Influence":0.104000, "Allegiance":"Alliance" }, { "Name":"Bielonti Silver Gang", "FactionState":"Boom", "Government":"Anarchy", "Influence":0.580000, "Allegiance":"Alliance" }, { "Name":"Wolf 1438 Transport Industries", "FactionState":"Boom", "Government":"Corporate", "Influence":0.064000, "Allegiance":"Alliance" }, { "Name":"Bielonti Worker's Party", "FactionState":"None", "Government":"Communism", "Influence":0.069000, "Allegiance":"Independent" }, { "Name":"Bielonti Allied Company", "FactionState":"CivilUnrest", "Government":"Corporate", "Influence":0.024000, "Allegiance":"Independent", "PendingStates":[ { "State":"Boom", "Trend":1 }, { "State":"Lockdown", "Trend":0 } ] }, { "Name":"Sikarici Silver Comms PLC", "FactionState":"Boom", "Government":"Corporate", "Influence":0.104000, "Allegiance":"Federation" }, { "Name":"Regulatory State of Bielonti", "FactionState":"Boom", "Government":"Dictatorship", "Influence":0.055000, "Allegiance":"Alliance" } ], "SystemFaction":"Bielonti Silver Gang", "FactionState":"Boom" }
{ "timestamp":"2017-08-11T06:18:52Z", "event":"USSDrop", "USSType":"$USS_Type_Salvage;", "USSType_Localised":"Degraded emissions detected", "USSThreat":0 }
{ "timestamp":"2017-08-11T06:18:53Z", "event":"SupercruiseExit", "StarSystem":"Bielonti", "Body":"Bielonti A", "BodyType":"Star" }
{ "timestamp":"2017-08-11T06:19:16Z", "event":"StartJump", "JumpType":"Supercruise" }
{ "timestamp":"2017-08-11T06:19:21Z", "event":"SupercruiseEntry", "StarSystem":"Bielonti" }
{ "timestamp":"2017-08-11T06:19:48Z", "event":"MaterialCollected", "Category":"Encoded", "Name":"shieldcyclerecordings", "Count":3 }
{ "timestamp":"2017-08-11T06:20:43Z", "event":"Interdiction", "Success":true, "IsPlayer":false, "Faction":"Edmund Mahon", "Power":"Alliance" }
{ "timestamp":"2017-08-11T06:20:44Z", "event":"SupercruiseExit", "StarSystem":"Bielonti", "Body":"Bielonti A", "BodyType":"Star" }
{ "timestamp":"2017-08-11T06:20:46Z", "event":"ReceiveText", "From":"$npc_name_decorate:#name=Alliance Bureaucrat;", "From_Localised":"Alliance Bureaucrat", "Message":"$PowersTrader_OnArriveAfterBeingInterdicted02;", "Message_Localised":"Leave me alone! I work for some very powerful people.", "Channel":"npc" }
{ "timestamp":"2017-08-11T06:20:57Z", "event":"ReceiveText", "From":"$npc_name_decorate:#name=Alliance Bureaucrat;", "From_Localised":"Alliance Bureaucrat", "Message":"$Trader_AttackRun04;", "Message_Localised":"Get away from me, you pirating scum!", "Channel":"npc" }
{ "timestamp":"2017-08-11T06:21:37Z", "event":"ReceiveText", "From":"$npc_name_decorate:#name=Alliance Bureaucrat;", "From_Localised":"Alliance Bureaucrat", "Message":"$Trader_Flee05;", "Message_Localised":"I seem to be having tremendous difficulty with my lifestyle. ", "Channel":"npc" }
{ "timestamp":"2017-08-11T06:21:53Z", "event":"Bounty", "Target":"hauler", "TotalReward":0, "VictimFaction":"Edmund Mahon" }
{ "timestamp":"2017-08-11T06:23:20Z", "event":"MaterialCollected", "Category":"Manufactured", "Name":"heatdispersionplate", "Count":3 }
{ "timestamp":"2017-08-11T06:24:45Z", "event":"MaterialCollected", "Category":"Manufactured", "Name":"conductivecomponents", "Count":3 }
{ "timestamp":"2017-08-11T06:25:48Z", "event":"StartJump", "JumpType":"Supercruise" }
{ "timestamp":"2017-08-11T06:25:53Z", "event":"SupercruiseEntry", "StarSystem":"Bielonti" }
{ "timestamp":"2017-08-11T06:27:22Z", "event":"MaterialCollected", "Category":"Encoded", "Name":"emissiondata", "Count":3 }
{ "timestamp":"2017-08-11T06:28:51Z", "event":"MaterialCollected", "Category":"Encoded", "Name":"scandatabanks", "Count":3 }
{ "timestamp":"2017-08-11T06:28:51Z", "event":"MaterialCollected", "Category":"Encoded", "Name":"shieldpatternanalysis", "Count":3 }
{ "timestamp":"2017-08-11T06:28:52Z", "event":"MaterialCollected", "Category":"Encoded", "Name":"shielddensityreports", "Count":3 }
{ "timestamp":"2017-08-11T06:29:30Z", "event":"ReceiveText", "From":"$npc_name_decorate:#name=nidO;", "From_Localised":"nidO", "Message":"$Pirate_StartInterdiction04;", "Message_Localised":"Prepare yourself!", "Channel":"npc" }
{ "timestamp":"2017-08-11T06:29:52Z", "event":"EscapeInterdiction", "Interdictor":"nidO", "IsPlayer":false }
{ "timestamp":"2017-08-11T06:31:39Z", "event":"Interdiction", "Success":true, "IsPlayer":false, "Faction":"Bielonti Allied Company" }
{ "timestamp":"2017-08-11T06:31:40Z", "event":"SupercruiseExit", "StarSystem":"Bielonti", "Body":"Bielonti A", "BodyType":"Star" }
{ "timestamp":"2017-08-11T06:31:42Z", "event":"ReceiveText", "From":"$npc_name_decorate:#name=Scotto;", "From_Localised":"Scotto", "Message":"$Trader_OnArriveAfterBeingInterdicted;", "Message_Localised":"What's going on? Leave me alone!", "Channel":"npc" }
{ "timestamp":"2017-08-11T06:31:48Z", "event":"ReceiveText", "From":"$npc_name_decorate:#name=Scotto;", "From_Localised":"Scotto", "Message":"$Commuter_AccidentalDamage02;", "Message_Localised":"I'm not part of this, watch where you're shooting.", "Channel":"npc" }
{ "timestamp":"2017-08-11T06:32:00Z", "event":"Bounty", "Target":"type6", "TotalReward":0, "VictimFaction":"Bielonti Allied Company" }
{ "timestamp":"2017-08-11T06:32:50Z", "event":"MaterialDiscovered", "Category":"Manufactured", "Name":"chemicaldistillery", "DiscoveryNumber":33 }
{ "timestamp":"2017-08-11T06:32:50Z", "event":"MaterialCollected", "Category":"Manufactured", "Name":"chemicaldistillery", "Count":3 }
{ "timestamp":"2017-08-11T06:33:08Z", "event":"MaterialCollected", "Category":"Manufactured", "Name":"chemicaldistillery", "Count":3 }
{ "timestamp":"2017-08-11T06:33:45Z", "event":"MaterialCollected", "Category":"Manufactured", "Name":"mechanicalequipment", "Count":3 }
{ "timestamp":"2017-08-11T06:34:23Z", "event":"StartJump", "JumpType":"Supercruise" }
{ "timestamp":"2017-08-11T06:34:28Z", "event":"SupercruiseEntry", "StarSystem":"Bielonti" }
{ "timestamp":"2017-08-11T06:36:14Z", "event":"SupercruiseExit", "StarSystem":"Bielonti", "Body":"Bielonti A", "BodyType":"Star" }
{ "timestamp":"2017-08-11T06:36:40Z", "event":"ReceiveText", "From":"$npc_name_decorate:#name=Wuzzle;", "From_Localised":"Wuzzle", "Message":"$Pirate_OnStartScanCargo08;", "Message_Localised":"What do you have in your cargo hold?", "Channel":"npc" }
{ "timestamp":"2017-08-11T06:36:46Z", "event":"ReceiveText", "From":"$npc_name_decorate:#name=Jon Olof;", "From_Localised":"Jon Olof", "Message":"$Pirate_OnStartScanCargo04;", "Message_Localised":"What do you carry, I wonder?", "Channel":"npc" }
{ "timestamp":"2017-08-11T06:36:48Z", "event":"EjectCargo", "Type":"syntheticreagents", "Count":1, "Abandoned":false }
{ "timestamp":"2017-08-11T06:36:50Z", "event":"ReceiveText", "From":"$npc_name_decorate:#name=Wuzzle;", "From_Localised":"Wuzzle", "Message":"$Pirate_OnNoCargoFound03;", "Message_Localised":"No cargo? Useless dreg.", "Channel":"npc" }
{ "timestamp":"2017-08-11T06:36:50Z", "event":"Scanned", "ScanType":"Cargo" }
{ "timestamp":"2017-08-11T06:36:53Z", "event":"ReceiveText", "From":"$npc_name_decorate:#name=Torval's Shield;", "From_Localised":"Torval's Shield", "Message":"$PowersPirate_OnStartScanCargo04;", "Message_Localised":"Anything we can use?", "Channel":"npc" }
{ "timestamp":"2017-08-11T06:36:54Z", "event":"ReceiveText", "From":"$npc_name_decorate:#name=Lance Firestorm;", "From_Localised":"Lance Firestorm", "Message":"$Pirate_OnStartScanCargo01;", "Message_Localised":"I see all!", "Channel":"npc" }
{ "timestamp":"2017-08-11T06:36:54Z", "event":"ReceiveText", "From":"$npc_name_decorate:#name=Bosluis;", "From_Localised":"Bosluis", "Message":"$Pirate_OnStartScanCargo09;", "Message_Localised":"The scan will soon be over.", "Channel":"npc" }
{ "timestamp":"2017-08-11T06:36:56Z", "event":"ReceiveText", "From":"$npc_name_decorate:#name=Levian Paronn;", "From_Localised":"Levian Paronn", "Message":"$Pirate_OnStartScanCargo03;", "Message_Localised":"What are you hauling?", "Channel":"npc" }
{ "timestamp":"2017-08-11T06:36:56Z", "event":"ReceiveText", "From":"$npc_name_decorate:#name=Jon Olof;", "From_Localised":"Jon Olof", "Message":"$Pirate_OnNoCargoFound10;", "Message_Localised":"There's nothing worth my while here.", "Channel":"npc" }
{ "timestamp":"2017-08-11T06:36:56Z", "event":"Scanned", "ScanType":"Cargo" }
{ "timestamp":"2017-08-11T06:36:59Z", "event":"ReceiveText", "From":"$npc_name_decorate:#name=Hans Werk;", "From_Localised":"Hans Werk", "Message":"$Pirate_OnStartScanCargo09;", "Message_Localised":"The scan will soon be over.", "Channel":"npc" }
{ "timestamp":"2017-08-11T06:37:02Z", "event":"ReceiveText", "From":"$npc_name_decorate:#name=Kate Kligman;", "From_Localised":"Kate Kligman", "Message":"$Pirate_OnStartScanCargo09;", "Message_Localised":"The scan will soon be over.", "Channel":"npc" }
{ "timestamp":"2017-08-11T06:37:03Z", "event":"Scanned", "ScanType":"Cargo" }
{ "timestamp":"2017-08-11T06:37:03Z", "event":"ReceiveText", "From":"$npc_name_decorate:#name=Torval's Shield;", "From_Localised":"Torval's Shield", "Message":"$Generic_NoAttackGeneric05;", "Message_Localised":"Another ship, another useless spacer. Get out of my way!", "Channel":"npc" }
{ "timestamp":"2017-08-11T06:37:04Z", "event":"ReceiveText", "From":"$npc_name_decorate:#name=Bosluis;", "From_Localised":"Bosluis", "Message":"$Pirate_OnNoCargoFound10;", "Message_Localised":"There's nothing worth my while here.", "Channel":"npc" }
{ "timestamp":"2017-08-11T06:37:04Z", "event":"Scanned", "ScanType":"Cargo" }
{ "timestamp":"2017-08-11T06:37:06Z", "event":"ReceiveText", "From":"$npc_name_decorate:#name=Levian Paronn;", "From_Localised":"Levian Paronn", "Message":"$Pirate_OnNoCargoFound01;", "Message_Localised":"No cargo? Waste of time...", "Channel":"npc" }
{ "timestamp":"2017-08-11T06:37:06Z", "event":"Scanned", "ScanType":"Cargo" }
{ "timestamp":"2017-08-11T06:37:08Z", "event":"ReceiveText", "From":"$npc_name_decorate:#name=Lance Firestorm;", "From_Localised":"Lance Firestorm", "Message":"$Pirate_OnStartScanCargo01;", "Message_Localised":"I see all!", "Channel":"npc" }
{ "timestamp":"2017-08-11T06:37:12Z", "event":"ReceiveText", "From":"$npc_name_decorate:#name=Kate Kligman;", "From_Localised":"Kate Kligman", "Message":"$Pirate_OnNoCargoFound08;", "Message_Localised":"A wasted effort. There's no cargo here.", "Channel":"npc" }
{ "timestamp":"2017-08-11T06:37:12Z", "event":"Scanned", "ScanType":"Cargo" }
{ "timestamp":"2017-08-11T06:37:16Z", "event":"ReceiveText", "From":"$npc_name_decorate:#name=Hans Werk;", "From_Localised":"Hans Werk", "Message":"$Pirate_OnNoCargoFound11;", "Message_Localised":"Another empty cargo hold. My children will go hungry tonight.", "Channel":"npc" }
{ "timestamp":"2017-08-11T06:37:16Z", "event":"Scanned", "ScanType":"Cargo" }
{ "timestamp":"2017-08-11T06:37:18Z", "event":"ReceiveText", "From":"$npc_name_decorate:#name=Lance Firestorm;", "From_Localised":"Lance Firestorm", "Message":"$Pirate_OnNoCargoFound06;", "Message_Localised":"Another dream of riches dashed.", "Channel":"npc" }
{ "timestamp":"2017-08-11T06:37:18Z", "event":"Scanned", "ScanType":"Cargo" }
{ "timestamp":"2017-08-11T06:37:39Z", "event":"ReceiveText", "From":"$npc_name_decorate:#name=Alliance Bureaucrat;", "From_Localised":"Alliance Bureaucrat", "Message":"$Trader_AttackRun01;", "Message_Localised":"You think I'm going to let you steal from me?", "Channel":"npc" }
{ "timestamp":"2017-08-11T06:37:53Z", "event":"HeatWarning" }
{ "timestamp":"2017-08-11T06:38:00Z", "event":"HeatWarning" }
{ "timestamp":"2017-08-11T06:38:02Z", "event":"ReceiveText", "From":"$npc_name_decorate:#name=Stagger Lee;", "From_Localised":"Stagger Lee", "Message":"$Escort_EscortJump08;", "Message_Localised":"The lead is down. No payday for me.", "Channel":"npc" }
{ "timestamp":"2017-08-11T06:38:35Z", "event":"ReceiveText", "From":"$npc_name_decorate:#name=Joey Challis;", "From_Localised":"Joey Challis", "Message":"$Pirate_OnStartScanCargo02;", "Message_Localised":"Carrying anything nice?", "Channel":"npc" }
{ "timestamp":"2017-08-11T06:38:39Z", "event":"HeatWarning" }
{ "timestamp":"2017-08-11T06:38:45Z", "event":"ReceiveText", "From":"$npc_name_decorate:#name=Joey Challis;", "From_Localised":"Joey Challis", "Message":"$Pirate_OnNoCargoFound11;", "Message_Localised":"Another empty cargo hold. My children will go hungry tonight.", "Channel":"npc" }
{ "timestamp":"2017-08-11T06:38:45Z", "event":"Scanned", "ScanType":"Cargo" }
{ "timestamp":"2017-08-11T06:39:20Z", "event":"HeatWarning" }
{ "timestamp":"2017-08-11T06:39:22Z", "event":"Bounty", "Target":"type6", "TotalReward":0, "VictimFaction":"Edmund Mahon" }
{ "timestamp":"2017-08-11T06:40:24Z", "event":"MaterialCollected", "Category":"Manufactured", "Name":"conductiveceramics", "Count":3 }
{ "timestamp":"2017-08-11T06:41:07Z", "event":"ReceiveText", "From":"$npc_name_decorate:#name=Fuzzy Dunlop;", "From_Localised":"Fuzzy Dunlop", "Message":"$Pirate_OnStartScanCargo04;", "Message_Localised":"What do you carry, I wonder?", "Channel":"npc" }
{ "timestamp":"2017-08-11T06:41:28Z", "event":"ReceiveText", "From":"$npc_name_decorate:#name=Fuzzy Dunlop;", "From_Localised":"Fuzzy Dunlop", "Message":"$Pirate_OnStartScanCargo03;", "Message_Localised":"What are you hauling?", "Channel":"npc" }
{ "timestamp":"2017-08-11T06:41:36Z", "event":"ReceiveText", "From":"$npc_name_decorate:#name=mad-ed;", "From_Localised":"mad-ed", "Message":"$Pirate_OnStartScanCargo10;", "Message_Localised":"Let me see what you have.", "Channel":"npc" }
{ "timestamp":"2017-08-11T06:41:38Z", "event":"ReceiveText", "From":"$npc_name_decorate:#name=Fuzzy Dunlop;", "From_Localised":"Fuzzy Dunlop", "Message":"$Pirate_OnNoCargoFound05;", "Message_Localised":"How do you fools make a living?", "Channel":"npc" }
{ "timestamp":"2017-08-11T06:41:38Z", "event":"Scanned", "ScanType":"Cargo" }
{ "timestamp":"2017-08-11T06:41:55Z", "event":"HeatWarning" }
{ "timestamp":"2017-08-11T06:42:05Z", "event":"ReceiveText", "From":"$npc_name_decorate:#name=mad-ed;", "From_Localised":"mad-ed", "Message":"$Pirate_OnStartScanCargo04;", "Message_Localised":"What do you carry, I wonder?", "Channel":"npc" }
{ "timestamp":"2017-08-11T06:42:14Z", "event":"ReceiveText", "From":"$npc_name_decorate:#name=Chibi;", "From_Localised":"Chibi", "Message":"$Pirate_OnStartScanCargo06;", "Message_Localised":"Let's see what you are carrying.", "Channel":"npc" }
{ "timestamp":"2017-08-11T06:42:15Z", "event":"ReceiveText", "From":"$npc_name_decorate:#name=mad-ed;", "From_Localised":"mad-ed", "Message":"$Pirate_OnNoCargoFound04;", "Message_Localised":"Another dud? Damn it all!", "Channel":"npc" }
{ "timestamp":"2017-08-11T06:42:15Z", "event":"Scanned", "ScanType":"Cargo" }
{ "timestamp":"2017-08-11T06:42:24Z", "event":"ReceiveText", "From":"$npc_name_decorate:#name=Chibi;", "From_Localised":"Chibi", "Message":"$Pirate_OnNoCargoFound07;", "Message_Localised":"Nothing for me here.", "Channel":"npc" }
{ "timestamp":"2017-08-11T06:42:24Z", "event":"Scanned", "ScanType":"Cargo" }
{ "timestamp":"2017-08-11T06:42:31Z", "event":"Scanned", "ScanType":"Crime" }
{ "timestamp":"2017-08-11T06:42:31Z", "event":"ReceiveText", "From":"$npc_name_decorate:#name=Nick Lucas - The Ship Downer;", "From_Localised":"Nick Lucas - The Ship Downer", "Message":"$BountyHunter_ThankYouPassedStopAndSearch05;", "Message_Localised":"Keep your nose clean, Commander. Now proceed with your journey.", "Channel":"npc" }
{ "timestamp":"2017-08-11T06:42:45Z", "event":"ReceiveText", "From":"$npc_name_decorate:#name=Hassan Lembeck;", "From_Localised":"Hassan Lembeck", "Message":"$MisfortuneCriticalDamage10;", "Message_Localised":"Don't scratch the paint - it cost me a fortune!", "Channel":"npc" }
{ "timestamp":"2017-08-11T06:42:47Z", "event":"HeatWarning" }
{ "timestamp":"2017-08-11T06:42:49Z", "event":"ReceiveText", "From":"$npc_name_decorate:#name=Stuart Swarbrick;", "From_Localised":"Stuart Swarbrick", "Message":"$MisfortuneCriticalDamage03;", "Message_Localised":"My ship!", "Channel":"npc" }
{ "timestamp":"2017-08-11T06:42:54Z", "event":"HeatWarning" }
{ "timestamp":"2017-08-11T06:43:20Z", "event":"ReceiveText", "From":"$npc_name_decorate:#name=Vincent Van Stoi;", "From_Localised":"Vincent Van Stoi", "Message":"$Pirate_OnStartScanCargo10;", "Message_Localised":"Let me see what you have.", "Channel":"npc" }
{ "timestamp":"2017-08-11T06:43:21Z", "event":"ReceiveText", "From":"$npc_name_decorate:#name=Sasan Izadpanah;", "From_Localised":"Sasan Izadpanah", "Message":"$Smuggler_Flee03;", "Message_Localised":"I don't think so.", "Channel":"npc" }
{ "timestamp":"2017-08-11T06:43:30Z", "event":"ReceiveText", "From":"$npc_name_decorate:#name=Vincent Van Stoi;", "From_Localised":"Vincent Van Stoi", "Message":"$Pirate_OnNoCargoFound07;", "Message_Localised":"Nothing for me here.", "Channel":"npc" }
{ "timestamp":"2017-08-11T06:43:30Z", "event":"Scanned", "ScanType":"Cargo" }
{ "timestamp":"2017-08-11T06:43:39Z", "event":"HeatWarning" }
{ "timestamp":"2017-08-11T06:44:42Z", "event":"ReceiveText", "From":"$npc_name_decorate:#name=Nick Lucas - The Ship Downer;", "From_Localised":"Nick Lucas - The Ship Downer", "Message":"$MisfortuneCriticalDamage05;", "Message_Localised":"I've had worse beatings.", "Channel":"npc" }
{ "timestamp":"2017-08-11T06:46:05Z", "event":"ReceiveText", "From":"$npc_name_decorate:#name=RJH Ablett;", "From_Localised":"RJH Ablett", "Message":"$Pirate_OnStartScanCargo08;", "Message_Localised":"What do you have in your cargo hold?", "Channel":"npc" }
{ "timestamp":"2017-08-11T06:46:07Z", "event":"Scanned", "ScanType":"Crime" }
{ "timestamp":"2017-08-11T06:46:08Z", "event":"ReceiveText", "From":"$npc_name_decorate:#name=Aron Axfjrdh Ludvigsson;", "From_Localised":"Aron Axfjrdh Ludvigsson", "Message":"$Police_ThankYouPassedStopAndSearch06;", "Message_Localised":"We're done here pilot, move along.", "Channel":"npc" }
{ "timestamp":"2017-08-11T06:46:09Z", "event":"ReceiveText", "From":"$npc_name_decorate:#name=Scott Brown;", "From_Localised":"Scott Brown", "Message":"$Pirate_OnStartScanCargo10;", "Message_Localised":"Let me see what you have.", "Channel":"npc" }
{ "timestamp":"2017-08-11T06:46:13Z", "event":"Scanned", "ScanType":"Crime" }
{ "timestamp":"2017-08-11T06:46:13Z", "event":"ReceiveText", "From":"$npc_name_decorate:#name=VALENTINE CROSS;", "From_Localised":"VALENTINE CROSS", "Message":"$BountyHunter_ThankYouPassedStopAndSearch05;", "Message_Localised":"Keep your nose clean, Commander. Now proceed with your journey.", "Channel":"npc" }
{ "timestamp":"2017-08-11T06:46:15Z", "event":"ReceiveText", "From":"$npc_name_decorate:#name=RJH Ablett;", "From_Localised":"RJH Ablett", "Message":"$Pirate_OnNoCargoFound03;", "Message_Localised":"No cargo? Useless dreg.", "Channel":"npc" }
{ "timestamp":"2017-08-11T06:46:15Z", "event":"Scanned", "ScanType":"Cargo" }
{ "timestamp":"2017-08-11T06:46:19Z", "event":"ReceiveText", "From":"$npc_name_decorate:#name=Scott Brown;", "From_Localised":"Scott Brown", "Message":"$Pirate_OnNoCargoFound07;", "Message_Localised":"Nothing for me here.", "Channel":"npc" }
{ "timestamp":"2017-08-11T06:46:19Z", "event":"Scanned", "ScanType":"Cargo" }
{ "timestamp":"2017-08-11T06:46:30Z", "event":"ReceiveText", "From":"$npc_name_decorate:#name=Bart Wittkampf;", "From_Localised":"Bart Wittkampf", "Message":"$Pirate_OnStartScanCargo08;", "Message_Localised":"What do you have in your cargo hold?", "Channel":"npc" }
{ "timestamp":"2017-08-11T06:46:38Z", "event":"ReceiveText", "From":"$npc_name_decorate:#name=Mark Murphy;", "From_Localised":"Mark Murphy", "Message":"$Pirate_OnStartScanCargo01;", "Message_Localised":"I see all!", "Channel":"npc" }
{ "timestamp":"2017-08-11T06:46:40Z", "event":"ReceiveText", "From":"$npc_name_decorate:#name=Bart Wittkampf;", "From_Localised":"Bart Wittkampf", "Message":"$Pirate_OnNoCargoFound05;", "Message_Localised":"How do you fools make a living?", "Channel":"npc" }
{ "timestamp":"2017-08-11T06:46:40Z", "event":"Scanned", "ScanType":"Cargo" }
{ "timestamp":"2017-08-11T06:47:10Z", "event":"ReceiveText", "From":"$npc_name_decorate:#name=Beaucoup;", "From_Localised":"Beaucoup", "Message":"$BadKarmaCriticalDamage05;", "Message_Localised":"No, no!", "Channel":"npc" }
{ "timestamp":"2017-08-11T06:47:15Z", "event":"ReceiveText", "From":"$npc_name_decorate:#name=Stoma;", "From_Localised":"Stoma", "Message":"$Pirate_OnStartScanCargo04;", "Message_Localised":"What do you carry, I wonder?", "Channel":"npc" }
{ "timestamp":"2017-08-11T06:47:15Z", "event":"ReceiveText", "From":"$npc_name_decorate:#name=Maximilian KrautVorNix;", "From_Localised":"Maximilian KrautVorNix", "Message":"$Pirate_OnStartScanCargo05;", "Message_Localised":"What treats do you carry?", "Channel":"npc" }
{ "timestamp":"2017-08-11T06:47:16Z", "event":"ReceiveText", "From":"$npc_name_decorate:#name=Rex Engel;", "From_Localised":"Rex Engel", "Message":"$Escort_EscortJump04;", "Message_Localised":"Another one? I need a career change...", "Channel":"npc" }
{ "timestamp":"2017-08-11T06:47:27Z", "event":"ReceiveText", "From":"$npc_name_decorate:#name=Stoma;", "From_Localised":"Stoma", "Message":"$Pirate_OnStartScanCargo02;", "Message_Localised":"Carrying anything nice?", "Channel":"npc" }
{ "timestamp":"2017-08-11T06:47:37Z", "event":"ReceiveText", "From":"$npc_name_decorate:#name=Chris Lidstone;", "From_Localised":"Chris Lidstone", "Message":"$Smuggler_NearDeath01;", "Message_Localised":"Okay, okay, the cargo's all yours... This job isn't worth my life.", "Channel":"npc" }
{ "timestamp":"2017-08-11T06:47:43Z", "event":"ReceiveText", "From":"$npc_name_decorate:#name=Mark Murphy;", "From_Localised":"Mark Murphy", "Message":"$Pirate_OnStartScanCargo07;", "Message_Localised":"Do you have anything of value?", "Channel":"npc" }
{ "timestamp":"2017-08-11T06:48:04Z", "event":"Scanned", "ScanType":"Crime" }
{ "timestamp":"2017-08-11T06:48:05Z", "event":"ReceiveText", "From":"$npc_name_decorate:#name=Mark Chambers;", "From_Localised":"Mark Chambers", "Message":"$BountyHunter_ThankYouPassedStopAndSearch02;", "Message_Localised":"You're not the one I'm looking for. Move along.", "Channel":"npc" }
{ "timestamp":"2017-08-11T06:48:11Z", "event":"ReceiveText", "From":"$npc_name_decorate:#name=Stoma;", "From_Localised":"Stoma", "Message":"$Pirate_OnStartScanCargo01;", "Message_Localised":"I see all!", "Channel":"npc" }
{ "timestamp":"2017-08-11T06:48:21Z", "event":"ReceiveText", "From":"$npc_name_decorate:#name=Stoma;", "From_Localised":"Stoma", "Message":"$Pirate_OnNoCargoFound05;", "Message_Localised":"How do you fools make a living?", "Channel":"npc" }
{ "timestamp":"2017-08-11T06:48:21Z", "event":"Scanned", "ScanType":"Cargo" }
{ "timestamp":"2017-08-11T06:48:34Z", "event":"ReceiveText", "From":"$npc_name_decorate:#name=Mark Murphy;", "From_Localised":"Mark Murphy", "Message":"$Pirate_OnStartScanCargo06;", "Message_Localised":"Let's see what you are carrying.", "Channel":"npc" }
{ "timestamp":"2017-08-11T06:48:36Z", "event":"Scanned", "ScanType":"Crime" }
{ "timestamp":"2017-08-11T06:48:37Z", "event":"ReceiveText", "From":"$npc_name_decorate:#name=Maciej Kancerski;", "From_Localised":"Maciej Kancerski", "Message":"$BountyHunter_ThankYouPassedStopAndSearch01;", "Message_Localised":"That's a shame. I felt sure you had a bounty on you.", "Channel":"npc" }
{ "timestamp":"2017-08-11T06:48:44Z", "event":"ReceiveText", "From":"$npc_name_decorate:#name=Mark Murphy;", "From_Localised":"Mark Murphy", "Message":"$Pirate_OnNoCargoFound09;", "Message_Localised":"Next time you should fill your hold with gold.", "Channel":"npc" }
{ "timestamp":"2017-08-11T06:48:44Z", "event":"Scanned", "ScanType":"Cargo" }
{ "timestamp":"2017-08-11T06:49:30Z", "event":"ReceiveText", "From":"$npc_name_decorate:#name=Maximilian KrautVorNix;", "From_Localised":"Maximilian KrautVorNix", "Message":"$BadKarmaCriticalDamage01;", "Message_Localised":"How is this happening?!", "Channel":"npc" }
{ "timestamp":"2017-08-11T06:49:36Z", "event":"HeatWarning" }
{ "timestamp":"2017-08-11T06:49:46Z", "event":"Bounty", "Target":"dolphin", "TotalReward":0, "VictimFaction":"Bielonti Worker's Party" }
{ "timestamp":"2017-08-11T06:51:31Z", "event":"ReceiveText", "From":"$npc_name_decorate:#name=Eddie Klaassens;", "From_Localised":"Eddie Klaassens", "Message":"$Pirate_OnStartScanCargo02;", "Message_Localised":"Carrying anything nice?", "Channel":"npc" }
{ "timestamp":"2017-08-11T06:51:38Z", "event":"ReceiveText", "From":"$npc_name_decorate:#name=Vincent Van Stoi;", "From_Localised":"Vincent Van Stoi", "Message":"$BadKarmaCriticalDamage08;", "Message_Localised":"I've taken too many hits.", "Channel":"npc" }
{ "timestamp":"2017-08-11T06:51:43Z", "event":"ReceiveText", "From":"$npc_name_decorate:#name=Eddie Klaassens;", "From_Localised":"Eddie Klaassens", "Message":"$Pirate_OnStartScanCargo06;", "Message_Localised":"Let's see what you are carrying.", "Channel":"npc" }
{ "timestamp":"2017-08-11T06:52:11Z", "event":"HeatWarning" }
{ "timestamp":"2017-08-11T06:52:30Z", "event":"HeatWarning" }
{ "timestamp":"2017-08-11T06:52:31Z", "event":"ReceiveText", "From":"$npc_name_decorate:#name=Eddie Klaassens;", "From_Localised":"Eddie Klaassens", "Message":"$Pirate_OnStartScanCargo03;", "Message_Localised":"What are you hauling?", "Channel":"npc" }
{ "timestamp":"2017-08-11T06:52:41Z", "event":"ReceiveText", "From":"$npc_name_decorate:#name=Eddie Klaassens;", "From_Localised":"Eddie Klaassens", "Message":"$Pirate_OnNoCargoFound03;", "Message_Localised":"No cargo? Useless dreg.", "Channel":"npc" }
{ "timestamp":"2017-08-11T06:52:41Z", "event":"Scanned", "ScanType":"Cargo" }
{ "timestamp":"2017-08-11T06:52:45Z", "event":"ReceiveText", "From":"$npc_name_decorate:#name=Baraban;", "From_Localised":"Baraban", "Message":"$Pirate_OnStartScanCargo06;", "Message_Localised":"Let's see what you are carrying.", "Channel":"npc" }
{ "timestamp":"2017-08-11T06:52:55Z", "event":"ReceiveText", "From":"$npc_name_decorate:#name=Baraban;", "From_Localised":"Baraban", "Message":"$Pirate_OnNoCargoFound02;", "Message_Localised":"Bah, nothing.", "Channel":"npc" }
{ "timestamp":"2017-08-11T06:52:55Z", "event":"Scanned", "ScanType":"Cargo" }
{ "timestamp":"2017-08-11T06:53:00Z", "event":"Scanned", "ScanType":"Crime" }
{ "timestamp":"2017-08-11T06:53:01Z", "event":"ReceiveText", "From":"$npc_name_decorate:#name=Adrian Deniz Bilsel;", "From_Localised":"Adrian Deniz Bilsel", "Message":"$BountyHunter_ThankYouPassedStopAndSearch04;", "Message_Localised":"Sorry, mistaken identity. I thought you were someone else.", "Channel":"npc" }
{ "timestamp":"2017-08-11T06:53:31Z", "event":"Bounty", "Target":"type6", "TotalReward":0, "VictimFaction":"Regulatory State of Bielonti" }
{ "timestamp":"2017-08-11T06:53:42Z", "event":"Scanned", "ScanType":"Crime" }
{ "timestamp":"2017-08-11T06:54:34Z", "event":"ReceiveText", "From":"$npc_name_decorate:#name=Adrian Deniz Bilsel;", "From_Localised":"Adrian Deniz Bilsel", "Message":"$MisfortuneCriticalDamage05;", "Message_Localised":"I've had worse beatings.", "Channel":"npc" }
{ "timestamp":"2017-08-11T06:54:39Z", "event":"ReceiveText", "From":"$npc_name_decorate:#name=Jonathan Bale;", "From_Localised":"Jonathan Bale", "Message":"$Pirate_OnStartScanCargo09;", "Message_Localised":"The scan will soon be over.", "Channel":"npc" }
{ "timestamp":"2017-08-11T06:54:49Z", "event":"ReceiveText", "From":"$npc_name_decorate:#name=Jonathan Bale;", "From_Localised":"Jonathan Bale", "Message":"$Pirate_OnNoCargoFound02;", "Message_Localised":"Bah, nothing.", "Channel":"npc" }
{ "timestamp":"2017-08-11T06:54:49Z", "event":"Scanned", "ScanType":"Cargo" }
{ "timestamp":"2017-08-11T06:54:55Z", "event":"Bounty", "Target":"vulture", "TotalReward":0, "VictimFaction":"MCC 686 General Network" }
{ "timestamp":"2017-08-11T06:55:10Z", "event":"ReceiveText", "From":"$npc_name_decorate:#name=Tyler Diplock;", "From_Localised":"Tyler Diplock", "Message":"$Pirate_OnStartScanCargo05;", "Message_Localised":"What treats do you carry?", "Channel":"npc" }
{ "timestamp":"2017-08-11T06:55:20Z", "event":"ReceiveText", "From":"$npc_name_decorate:#name=Tyler Diplock;", "From_Localised":"Tyler Diplock", "Message":"$Pirate_OnNoCargoFound09;", "Message_Localised":"Next time you should fill your hold with gold.", "Channel":"npc" }
{ "timestamp":"2017-08-11T06:55:20Z", "event":"Scanned", "ScanType":"Cargo" }
{ "timestamp":"2017-08-11T06:55:48Z", "event":"MaterialCollected", "Category":"Manufactured", "Name":"refinedfocuscrystals", "Count":3 }
{ "timestamp":"2017-08-11T06:56:02Z", "event":"ReceiveText", "From":"$npc_name_decorate:#name=Zaya;", "From_Localised":"Zaya", "Message":"$Pirate_OnStartScanCargo02;", "Message_Localised":"Carrying anything nice?", "Channel":"npc" }
{ "timestamp":"2017-08-11T06:56:36Z", "event":"ReceiveText", "From":"$npc_name_decorate:#name=Zaya;", "From_Localised":"Zaya", "Message":"$Pirate_OnStartScanCargo11;", "Message_Localised":"I hope you have something good in your hold.", "Channel":"npc" }
{ "timestamp":"2017-08-11T06:56:41Z", "event":"ReceiveText", "From":"$npc_name_decorate:#name=Nobleone;", "From_Localised":"Nobleone", "Message":"$Pirate_OnStartScanCargo11;", "Message_Localised":"I hope you have something good in your hold.", "Channel":"npc" }
{ "timestamp":"2017-08-11T06:56:46Z", "event":"ReceiveText", "From":"$npc_name_decorate:#name=Zaya;", "From_Localised":"Zaya", "Message":"$Pirate_OnNoCargoFound02;", "Message_Localised":"Bah, nothing.", "Channel":"npc" }
{ "timestamp":"2017-08-11T06:56:46Z", "event":"Scanned", "ScanType":"Cargo" }
{ "timestamp":"2017-08-11T06:57:00Z", "event":"ReceiveText", "From":"$npc_name_decorate:#name=Nobleone;", "From_Localised":"Nobleone", "Message":"$Pirate_OnStartScanCargo05;", "Message_Localised":"What treats do you carry?", "Channel":"npc" }
{ "timestamp":"2017-08-11T06:57:22Z", "event":"ReceiveText", "From":"$npc_name_decorate:#name=Nobleone;", "From_Localised":"Nobleone", "Message":"$Pirate_OnNoCargoFound09;", "Message_Localised":"Next time you should fill your hold with gold.", "Channel":"npc" }
{ "timestamp":"2017-08-11T06:57:22Z", "event":"Scanned", "ScanType":"Cargo" }
{ "timestamp":"2017-08-11T06:57:35Z", "event":"HeatWarning" }
{ "timestamp":"2017-08-11T06:57:55Z", "event":"HeatWarning" }
{ "timestamp":"2017-08-11T06:58:52Z", "event":"ReceiveText", "From":"$npc_name_decorate:#name=D'Argo Sun-Crichton;", "From_Localised":"D'Argo Sun-Crichton", "Message":"$Pirate_OnStartScanCargo06;", "Message_Localised":"Let's see what you are carrying.", "Channel":"npc" }
{ "timestamp":"2017-08-11T06:59:01Z", "event":"ReceiveText", "From":"$npc_name_decorate:#name=D'Argo Sun-Crichton;", "From_Localised":"D'Argo Sun-Crichton", "Message":"$Pirate_OnNoCargoFound07;", "Message_Localised":"Nothing for me here.", "Channel":"npc" }
{ "timestamp":"2017-08-11T06:59:01Z", "event":"Scanned", "ScanType":"Cargo" }
{ "timestamp":"2017-08-11T06:59:11Z", "event":"ReceiveText", "From":"$npc_name_decorate:#name=Corrin Waterborn;", "From_Localised":"Corrin Waterborn", "Message":"$Smuggler_NearDeath01;", "Message_Localised":"Okay, okay, the cargo's all yours... This job isn't worth my life.", "Channel":"npc" }
{ "timestamp":"2017-08-11T06:59:35Z", "event":"Scanned", "ScanType":"Crime" }
{ "timestamp":"2017-08-11T06:59:49Z", "event":"HeatWarning" }
{ "timestamp":"2017-08-11T06:59:58Z", "event":"Scanned", "ScanType":"Crime" }
{ "timestamp":"2017-08-11T06:59:58Z", "event":"ReceiveText", "From":"$npc_name_decorate:#name=Chris R Cannon;", "From_Localised":"Chris R Cannon", "Message":"$BountyHunter_ThankYouPassedStopAndSearch03;", "Message_Localised":"I'll be watching you.", "Channel":"npc" }
{ "timestamp":"2017-08-11T07:00:35Z", "event":"HeatWarning" }
{ "timestamp":"2017-08-11T07:00:39Z", "event":"Bounty", "Target":"hauler", "TotalReward":0, "VictimFaction":"Sikarici Silver Comms PLC" }
{ "timestamp":"2017-08-11T07:00:51Z", "event":"ReceiveText", "From":"$npc_name_decorate:#name=Jonathan Strange;", "From_Localised":"Jonathan Strange", "Message":"$Pirate_OnStartScanCargo09;", "Message_Localised":"The scan will soon be over.", "Channel":"npc" }
{ "timestamp":"2017-08-11T07:01:01Z", "event":"ReceiveText", "From":"$npc_name_decorate:#name=Jonathan Strange;", "From_Localised":"Jonathan Strange", "Message":"$Pirate_OnNoCargoFound01;", "Message_Localised":"No cargo? Waste of time...", "Channel":"npc" }
{ "timestamp":"2017-08-11T07:01:01Z", "event":"Scanned", "ScanType":"Cargo" }
{ "timestamp":"2017-08-11T07:01:08Z", "event":"MaterialCollected", "Category":"Encoded", "Name":"shielddensityreports", "Count":3 }
{ "timestamp":"2017-08-11T07:01:20Z", "event":"HeatWarning" }
{ "timestamp":"2017-08-11T07:01:34Z", "event":"HeatWarning" }
{ "timestamp":"2017-08-11T07:01:41Z", "event":"HeatWarning" }
{ "timestamp":"2017-08-11T07:01:53Z", "event":"HeatDamage" }
{ "timestamp":"2017-08-11T07:02:13Z", "event":"ReceiveText", "From":"$npc_name_decorate:#name=Andy Rox;", "From_Localised":"Andy Rox", "Message":"$Pirate_OnStartScanCargo06;", "Message_Localised":"Let's see what you are carrying.", "Channel":"npc" }
{ "timestamp":"2017-08-11T07:02:23Z", "event":"ReceiveText", "From":"$npc_name_decorate:#name=Andy Rox;", "From_Localised":"Andy Rox", "Message":"$Pirate_OnNoCargoFound09;", "Message_Localised":"Next time you should fill your hold with gold.", "Channel":"npc" }
{ "timestamp":"2017-08-11T07:02:23Z", "event":"Scanned", "ScanType":"Cargo" }
{ "timestamp":"2017-08-11T07:02:24Z", "event":"HeatWarning" }
{ "timestamp":"2017-08-11T07:02:29Z", "event":"ReceiveText", "From":"$npc_name_decorate:#name=Ralug v. Geysir;", "From_Localised":"Ralug v. Geysir", "Message":"$Pirate_OnStartScanCargo03;", "Message_Localised":"What are you hauling?", "Channel":"npc" }
{ "timestamp":"2017-08-11T07:02:34Z", "event":"HeatWarning" }
{ "timestamp":"2017-08-11T07:02:39Z", "event":"ReceiveText", "From":"$npc_name_decorate:#name=Ralug v. Geysir;", "From_Localised":"Ralug v. Geysir", "Message":"$Pirate_OnNoCargoFound07;", "Message_Localised":"Nothing for me here.", "Channel":"npc" }
{ "timestamp":"2017-08-11T07:02:39Z", "event":"Scanned", "ScanType":"Cargo" }
{ "timestamp":"2017-08-11T07:02:44Z", "event":"HeatWarning" }
{ "timestamp":"2017-08-11T07:03:32Z", "event":"ReceiveText", "From":"$npc_name_decorate:#name=Dash Riprock;", "From_Localised":"Dash Riprock", "Message":"$Trader_Flee04;", "Message_Localised":"This isn't worth dying for.", "Channel":"npc" }
{ "timestamp":"2017-08-11T07:03:34Z", "event":"Scanned", "ScanType":"Crime" }
{ "timestamp":"2017-08-11T07:03:35Z", "event":"ReceiveText", "From":"$npc_name_decorate:#name=Lilian Penfornus;", "From_Localised":"Lilian Penfornus", "Message":"$Police_ThankYouPassedStopAndSearch02;", "Message_Localised":"You're clean. Proceed, pilot.", "Channel":"npc" }
{ "timestamp":"2017-08-11T07:03:44Z", "event":"HeatWarning" }
{ "timestamp":"2017-08-11T07:03:45Z", "event":"Scanned", "ScanType":"Crime" }
{ "timestamp":"2017-08-11T07:03:47Z", "event":"Scanned", "ScanType":"Crime" }
{ "timestamp":"2017-08-11T07:03:48Z", "event":"ReceiveText", "From":"$npc_name_decorate:#name=Jun-Al'e;", "From_Localised":"Jun-Al'e", "Message":"$Police_ThankYouPassedStopAndSearch02;", "Message_Localised":"You're clean. Proceed, pilot.", "Channel":"npc" }
{ "timestamp":"2017-08-11T07:04:26Z", "event":"Bounty", "Target":"type7", "TotalReward":0, "VictimFaction":"Wolf 1438 Transport Industries" }
{ "timestamp":"2017-08-11T07:04:41Z", "event":"ReceiveText", "From":"$npc_name_decorate:#name=Serafina Orsina Metcalfe;", "From_Localised":"Serafina Orsina Metcalfe", "Message":"$Pirate_OnStartScanCargo04;", "Message_Localised":"What do you carry, I wonder?", "Channel":"npc" }
{ "timestamp":"2017-08-11T07:04:51Z", "event":"ReceiveText", "From":"$npc_name_decorate:#name=Ralug v. Geysir;", "From_Localised":"Ralug v. Geysir", "Message":"$BadKarmaCriticalDamage04;", "Message_Localised":"I don't believe it!", "Channel":"npc" }
{ "timestamp":"2017-08-11T07:04:51Z", "event":"ReceiveText", "From":"$npc_name_decorate:#name=Serafina Orsina Metcalfe;", "From_Localised":"Serafina Orsina Metcalfe", "Message":"$Pirate_OnNoCargoFound07;", "Message_Localised":"Nothing for me here.", "Channel":"npc" }
{ "timestamp":"2017-08-11T07:04:51Z", "event":"Scanned", "ScanType":"Cargo" }
{ "timestamp":"2017-08-11T07:04:56Z", "event":"ReceiveText", "From":"$npc_name_decorate:#name=Widger;", "From_Localised":"Widger", "Message":"$Pirate_OnStartScanCargo09;", "Message_Localised":"The scan will soon be over.", "Channel":"npc" }
{ "timestamp":"2017-08-11T07:05:06Z", "event":"ReceiveText", "From":"$npc_name_decorate:#name=Widger;", "From_Localised":"Widger", "Message":"$Pirate_OnNoCargoFound05;", "Message_Localised":"How do you fools make a living?", "Channel":"npc" }
{ "timestamp":"2017-08-11T07:05:06Z", "event":"Scanned", "ScanType":"Cargo" }
{ "timestamp":"2017-08-11T07:05:07Z", "event":"MaterialCollected", "Category":"Manufactured", "Name":"conductivepolymers", "Count":3 }
{ "timestamp":"2017-08-11T07:05:32Z", "event":"MaterialCollected", "Category":"Manufactured", "Name":"conductivepolymers", "Count":3 }
{ "timestamp":"2017-08-11T07:05:47Z", "event":"Scanned", "ScanType":"Crime" }
{ "timestamp":"2017-08-11T07:06:06Z", "event":"Scanned", "ScanType":"Crime" }
{ "timestamp":"2017-08-11T07:07:13Z", "event":"ReceiveText", "From":"$npc_name_decorate:#name=Emre Gunduz;", "From_Localised":"Emre Gunduz", "Message":"$Pirate_OnStartScanCargo08;", "Message_Localised":"What do you have in your cargo hold?", "Channel":"npc" }
{ "timestamp":"2017-08-11T07:07:15Z", "event":"ReceiveText", "From":"$npc_name_decorate:#name=Wi Tu Lo;", "From_Localised":"Wi Tu Lo", "Message":"$Pirate_OnStartScanCargo01;", "Message_Localised":"I see all!", "Channel":"npc" }
{ "timestamp":"2017-08-11T07:07:23Z", "event":"ReceiveText", "From":"$npc_name_decorate:#name=Emre Gunduz;", "From_Localised":"Emre Gunduz", "Message":"$Pirate_OnNoCargoFound05;", "Message_Localised":"How do you fools make a living?", "Channel":"npc" }
{ "timestamp":"2017-08-11T07:07:23Z", "event":"Scanned", "ScanType":"Cargo" }
{ "timestamp":"2017-08-11T07:07:25Z", "event":"ReceiveText", "From":"$npc_name_decorate:#name=Wi Tu Lo;", "From_Localised":"Wi Tu Lo", "Message":"$Pirate_OnNoCargoFound04;", "Message_Localised":"Another dud? Damn it all!", "Channel":"npc" }
{ "timestamp":"2017-08-11T07:07:25Z", "event":"Scanned", "ScanType":"Cargo" }
{ "timestamp":"2017-08-11T07:07:35Z", "event":"ReceiveText", "From":"$npc_name_decorate:#name=ChemODun;", "From_Localised":"ChemODun", "Message":"$Pirate_OnStartScanCargo11;", "Message_Localised":"I hope you have something good in your hold.", "Channel":"npc" }
{ "timestamp":"2017-08-11T07:07:35Z", "event":"ReceiveText", "From":"$npc_name_decorate:#name=Stephen Hall;", "From_Localised":"Stephen Hall", "Message":"$Pirate_OnStartScanCargo03;", "Message_Localised":"What are you hauling?", "Channel":"npc" }
{ "timestamp":"2017-08-11T07:07:38Z", "event":"ReceiveText", "From":"$npc_name_decorate:#name=Trent Punchbowl;", "From_Localised":"Trent Punchbowl", "Message":"$MisfortuneCriticalDamage05;", "Message_Localised":"I've had worse beatings.", "Channel":"npc" }
{ "timestamp":"2017-08-11T07:07:45Z", "event":"ReceiveText", "From":"$npc_name_decorate:#name=ChemODun;", "From_Localised":"ChemODun", "Message":"$Pirate_OnNoCargoFound04;", "Message_Localised":"Another dud? Damn it all!", "Channel":"npc" }
{ "timestamp":"2017-08-11T07:07:45Z", "event":"Scanned", "ScanType":"Cargo" }
{ "timestamp":"2017-08-11T07:07:45Z", "event":"ReceiveText", "From":"$npc_name_decorate:#name=Stephen Hall;", "From_Localised":"Stephen Hall", "Message":"$Pirate_OnNoCargoFound01;", "Message_Localised":"No cargo? Waste of time...", "Channel":"npc" }
{ "timestamp":"2017-08-11T07:07:45Z", "event":"Scanned", "ScanType":"Cargo" }
{ "timestamp":"2017-08-11T07:07:56Z", "event":"ReceiveText", "From":"$npc_name_decorate:#name=Inspirity;", "From_Localised":"Inspirity", "Message":"$Pirate_OnStartScanCargo08;", "Message_Localised":"What do you have in your cargo hold?", "Channel":"npc" }
{ "timestamp":"2017-08-11T07:08:20Z", "event":"ReceiveText", "From":"$npc_name_decorate:#name=Inspirity;", "From_Localised":"Inspirity", "Message":"$Pirate_OnStartScanCargo06;", "Message_Localised":"Let's see what you are carrying.", "Channel":"npc" }
{ "timestamp":"2017-08-11T07:09:23Z", "event":"ReceiveText", "From":"$npc_name_decorate:#name=Tellus;", "From_Localised":"Tellus", "Message":"$Pirate_OnStartScanCargo10;", "Message_Localised":"Let me see what you have.", "Channel":"npc" }
{ "timestamp":"2017-08-11T07:09:35Z", "event":"ReceiveText", "From":"$npc_name_decorate:#name=Tobias Lippert;", "From_Localised":"Tobias Lippert", "Message":"$BadKarmaCriticalDamage02;", "Message_Localised":"Impossible!", "Channel":"npc" }
{ "timestamp":"2017-08-11T07:10:45Z", "event":"ReceiveText", "From":"$npc_name_decorate:#name=Inspirity;", "From_Localised":"Inspirity", "Message":"$Pirate_OnStartScanCargo07;", "Message_Localised":"Do you have anything of value?", "Channel":"npc" }
{ "timestamp":"2017-08-11T07:11:00Z", "event":"Bounty", "Target":"adder", "TotalReward":0, "VictimFaction":"Sikarici Silver Comms PLC" }
{ "timestamp":"2017-08-11T07:11:01Z", "event":"ReceiveText", "From":"$npc_name_decorate:#name=Nick P Morris;", "From_Localised":"Nick P Morris", "Message":"$Escort_NearDeath09;", "Message_Localised":"Where's my support?", "Channel":"npc" }
{ "timestamp":"2017-08-11T07:11:04Z", "event":"ReceiveText", "From":"$npc_name_decorate:#name=Inspirity;", "From_Localised":"Inspirity", "Message":"$Pirate_OnStartScanCargo08;", "Message_Localised":"What do you have in your cargo hold?", "Channel":"npc" }
{ "timestamp":"2017-08-11T07:11:16Z", "event":"ReceiveText", "From":"$npc_name_decorate:#name=Inspirity;", "From_Localised":"Inspirity", "Message":"$Pirate_OnStartScanCargo07;", "Message_Localised":"Do you have anything of value?", "Channel":"npc" }
{ "timestamp":"2017-08-11T07:11:25Z", "event":"ReceiveText", "From":"$npc_name_decorate:#name=Laocoon;", "From_Localised":"Laocoon", "Message":"$BadKarmaCriticalDamage08;", "Message_Localised":"I've taken too many hits.", "Channel":"npc" }
{ "timestamp":"2017-08-11T07:11:26Z", "event":"ReceiveText", "From":"$npc_name_decorate:#name=Inspirity;", "From_Localised":"Inspirity", "Message":"$Pirate_OnNoCargoFound05;", "Message_Localised":"How do you fools make a living?", "Channel":"npc" }
{ "timestamp":"2017-08-11T07:11:26Z", "event":"Scanned", "ScanType":"Cargo" }
{ "timestamp":"2017-08-11T07:11:30Z", "event":"Scanned", "ScanType":"Crime" }
{ "timestamp":"2017-08-11T07:11:47Z", "event":"ReceiveText", "From":"$npc_name_decorate:#name=Danielle Quinnell;", "From_Localised":"Danielle Quinnell", "Message":"$Escort_EscortJump06;", "Message_Localised":"I'm not staying here to die.", "Channel":"npc" }
{ "timestamp":"2017-08-11T07:11:53Z", "event":"ReceiveText", "From":"$npc_name_decorate:#name=Jay Dalziel;", "From_Localised":"Jay Dalziel", "Message":"$Pirate_OnStartScanCargo02;", "Message_Localised":"Carrying anything nice?", "Channel":"npc" }
{ "timestamp":"2017-08-11T07:12:25Z", "event":"ReceiveText", "From":"$npc_name_decorate:#name=Stemo;", "From_Localised":"Stemo", "Message":"$Pirate_OnStartScanCargo07;", "Message_Localised":"Do you have anything of value?", "Channel":"npc" }
{ "timestamp":"2017-08-11T07:12:28Z", "event":"ReceiveText", "From":"$npc_name_decorate:#name=Jay Dalziel;", "From_Localised":"Jay Dalziel", "Message":"$Pirate_OnStartScanCargo10;", "Message_Localised":"Let me see what you have.", "Channel":"npc" }
{ "timestamp":"2017-08-11T07:12:32Z", "event":"ReceiveText", "From":"$npc_name_decorate:#name=Gareth Clark;", "From_Localised":"Gareth Clark", "Message":"$Pirate_OnStartScanCargo01;", "Message_Localised":"I see all!", "Channel":"npc" }
{ "timestamp":"2017-08-11T07:12:32Z", "event":"ReceiveText", "From":"$npc_name_decorate:#name=Phil Marples;", "From_Localised":"Phil Marples", "Message":"$Pirate_OnStartScanCargo04;", "Message_Localised":"What do you carry, I wonder?", "Channel":"npc" }
{ "timestamp":"2017-08-11T07:12:35Z", "event":"ReceiveText", "From":"$npc_name_decorate:#name=Stemo;", "From_Localised":"Stemo", "Message":"$Pirate_OnNoCargoFound07;", "Message_Localised":"Nothing for me here.", "Channel":"npc" }
{ "timestamp":"2017-08-11T07:12:35Z", "event":"Scanned", "ScanType":"Cargo" }
{ "timestamp":"2017-08-11T07:12:38Z", "event":"ReceiveText", "From":"$npc_name_decorate:#name=Jay Dalziel;", "From_Localised":"Jay Dalziel", "Message":"$Pirate_OnNoCargoFound01;", "Message_Localised":"No cargo? Waste of time...", "Channel":"npc" }
{ "timestamp":"2017-08-11T07:12:38Z", "event":"Scanned", "ScanType":"Cargo" }
{ "timestamp":"2017-08-11T07:12:42Z", "event":"ReceiveText", "From":"$npc_name_decorate:#name=Gareth Clark;", "From_Localised":"Gareth Clark", "Message":"$Pirate_OnNoCargoFound11;", "Message_Localised":"Another empty cargo hold. My children will go hungry tonight.", "Channel":"npc" }
{ "timestamp":"2017-08-11T07:12:42Z", "event":"Scanned", "ScanType":"Cargo" }
{ "timestamp":"2017-08-11T07:12:42Z", "event":"ReceiveText", "From":"$npc_name_decorate:#name=Phil Marples;", "From_Localised":"Phil Marples", "Message":"$Pirate_OnNoCargoFound06;", "Message_Localised":"Another dream of riches dashed.", "Channel":"npc" }
{ "timestamp":"2017-08-11T07:12:42Z", "event":"Scanned", "ScanType":"Cargo" }
{ "timestamp":"2017-08-11T07:12:55Z", "event":"Scanned", "ScanType":"Crime" }
{ "timestamp":"2017-08-11T07:14:01Z", "event":"Scanned", "ScanType":"Crime" }
{ "timestamp":"2017-08-11T07:14:02Z", "event":"ReceiveText", "From":"$npc_name_decorate:#name=Justin;", "From_Localised":"Justin", "Message":"$BountyHunter_ThankYouPassedStopAndSearch02;", "Message_Localised":"You're not the one I'm looking for. Move along.", "Channel":"npc" }
{ "timestamp":"2017-08-11T07:14:19Z", "event":"HeatWarning" }
{ "timestamp":"2017-08-11T07:14:24Z", "event":"ReceiveText", "From":"$npc_name_decorate:#name=Zerozerp;", "From_Localised":"Zerozerp", "Message":"$Pirate_OnStartScanCargo09;", "Message_Localised":"The scan will soon be over.", "Channel":"npc" }
{ "timestamp":"2017-08-11T07:14:28Z", "event":"HeatWarning" }
{ "timestamp":"2017-08-11T07:14:29Z", "event":"ReceiveText", "From":"$npc_name_decorate:#name=Rege Welly;", "From_Localised":"Rege Welly", "Message":"$Pirate_OnStartScanCargo05;", "Message_Localised":"What treats do you carry?", "Channel":"npc" }
{ "timestamp":"2017-08-11T07:14:34Z", "event":"ReceiveText", "From":"$npc_name_decorate:#name=Zerozerp;", "From_Localised":"Zerozerp", "Message":"$Pirate_OnNoCargoFound05;", "Message_Localised":"How do you fools make a living?", "Channel":"npc" }
{ "timestamp":"2017-08-11T07:14:34Z", "event":"Scanned", "ScanType":"Cargo" }
{ "timestamp":"2017-08-11T07:14:39Z", "event":"ReceiveText", "From":"$npc_name_decorate:#name=Rege Welly;", "From_Localised":"Rege Welly", "Message":"$Pirate_OnNoCargoFound05;", "Message_Localised":"How do you fools make a living?", "Channel":"npc" }
{ "timestamp":"2017-08-11T07:14:39Z", "event":"Scanned", "ScanType":"Cargo" }
{ "timestamp":"2017-08-11T07:14:41Z", "event":"ReceiveText", "From":"$npc_name_decorate:#name=Frying Doom;", "From_Localised":"Frying Doom", "Message":"$Pirate_OnStartScanCargo06;", "Message_Localised":"Let's see what you are carrying.", "Channel":"npc" }
{ "timestamp":"2017-08-11T07:14:51Z", "event":"ReceiveText", "From":"$npc_name_decorate:#name=Frying Doom;", "From_Localised":"Frying Doom", "Message":"$Pirate_OnNoCargoFound03;", "Message_Localised":"No cargo? Useless dreg.", "Channel":"npc" }
{ "timestamp":"2017-08-11T07:14:51Z", "event":"Scanned", "ScanType":"Cargo" }
{ "timestamp":"2017-08-11T07:15:25Z", "event":"Bounty", "Target":"empire_trader", "TotalReward":0, "VictimFaction":"Bielonti Silver Gang" }
{ "timestamp":"2017-08-11T07:15:28Z", "event":"ReceiveText", "From":"$npc_name_decorate:#name=Mathias Egnerfors;", "From_Localised":"Mathias Egnerfors", "Message":"$Pirate_OnStartScanCargo03;", "Message_Localised":"What are you hauling?", "Channel":"npc" }
{ "timestamp":"2017-08-11T07:15:38Z", "event":"ReceiveText", "From":"$npc_name_decorate:#name=Mathias Egnerfors;", "From_Localised":"Mathias Egnerfors", "Message":"$Pirate_OnNoCargoFound09;", "Message_Localised":"Next time you should fill your hold with gold.", "Channel":"npc" }
{ "timestamp":"2017-08-11T07:15:38Z", "event":"Scanned", "ScanType":"Cargo" }
{ "timestamp":"2017-08-11T07:15:41Z", "event":"Scanned", "ScanType":"Crime" }
{ "timestamp":"2017-08-11T07:15:42Z", "event":"ReceiveText", "From":"$npc_name_decorate:#name=Peter Geschel;", "From_Localised":"Peter Geschel", "Message":"$BountyHunter_ThankYouPassedStopAndSearch05;", "Message_Localised":"Keep your nose clean, Commander. Now proceed with your journey.", "Channel":"npc" }
{ "timestamp":"2017-08-11T07:15:42Z", "event":"ReceiveText", "From":"$npc_name_decorate:#name=Hector Sasquaatch;", "From_Localised":"Hector Sasquaatch", "Message":"$Pirate_OnStartScanCargo02;", "Message_Localised":"Carrying anything nice?", "Channel":"npc" }
{ "timestamp":"2017-08-11T07:15:52Z", "event":"ReceiveText", "From":"$npc_name_decorate:#name=Hector Sasquaatch;", "From_Localised":"Hector Sasquaatch", "Message":"$Pirate_OnNoCargoFound04;", "Message_Localised":"Another dud? Damn it all!", "Channel":"npc" }
{ "timestamp":"2017-08-11T07:15:52Z", "event":"Scanned", "ScanType":"Cargo" }
{ "timestamp":"2017-08-11T07:16:09Z", "event":"ReceiveText", "From":"$npc_name_decorate:#name=Nick P Morris;", "From_Localised":"Nick P Morris", "Message":"$Pirate_OnStartScanCargo07;", "Message_Localised":"Do you have anything of value?", "Channel":"npc" }
{ "timestamp":"2017-08-11T07:16:16Z", "event":"MaterialCollected", "Category":"Manufactured", "Name":"focuscrystals", "Count":3 }
{ "timestamp":"2017-08-11T07:16:19Z", "event":"ReceiveText", "From":"$npc_name_decorate:#name=Nick P Morris;", "From_Localised":"Nick P Morris", "Message":"$Pirate_OnNoCargoFound06;", "Message_Localised":"Another dream of riches dashed.", "Channel":"npc" }
{ "timestamp":"2017-08-11T07:16:19Z", "event":"Scanned", "ScanType":"Cargo" }
{ "timestamp":"2017-08-11T07:16:44Z", "event":"StartJump", "JumpType":"Supercruise" }
{ "timestamp":"2017-08-11T07:16:49Z", "event":"SupercruiseEntry", "StarSystem":"Bielonti" }
{ "timestamp":"2017-08-11T07:18:03Z", "event":"SupercruiseExit", "StarSystem":"Bielonti", "Body":"Bielonti A", "BodyType":"Star" }
{ "timestamp":"2017-08-11T07:18:11Z", "event":"ReceiveText", "From":"$npc_name_decorate:#name=Richard Veal;", "From_Localised":"Richard Veal", "Message":"$Pirate_OnStartScanCargo07;", "Message_Localised":"Do you have anything of value?", "Channel":"npc" }
{ "timestamp":"2017-08-11T07:18:12Z", "event":"ReceiveText", "From":"$npc_name_decorate:#name=Xavier Darkwater;", "From_Localised":"Xavier Darkwater", "Message":"$Pirate_OnStartScanCargo01;", "Message_Localised":"I see all!", "Channel":"npc" }
{ "timestamp":"2017-08-11T07:18:16Z", "event":"ReceiveText", "From":"$npc_name_decorate:#name=Rachel Firrell;", "From_Localised":"Rachel Firrell", "Message":"$Pirate_OnStartScanCargo07;", "Message_Localised":"Do you have anything of value?", "Channel":"npc" }
{ "timestamp":"2017-08-11T07:18:21Z", "event":"ReceiveText", "From":"$npc_name_decorate:#name=Richard Veal;", "From_Localised":"Richard Veal", "Message":"$Pirate_OnNoCargoFound04;", "Message_Localised":"Another dud? Damn it all!", "Channel":"npc" }
{ "timestamp":"2017-08-11T07:18:21Z", "event":"Scanned", "ScanType":"Cargo" }
{ "timestamp":"2017-08-11T07:18:22Z", "event":"ReceiveText", "From":"$npc_name_decorate:#name=Xavier Darkwater;", "From_Localised":"Xavier Darkwater", "Message":"$Pirate_OnNoCargoFound09;", "Message_Localised":"Next time you should fill your hold with gold.", "Channel":"npc" }
{ "timestamp":"2017-08-11T07:18:22Z", "event":"Scanned", "ScanType":"Cargo" }
{ "timestamp":"2017-08-11T07:18:25Z", "event":"ReceiveText", "From":"$npc_name_decorate:#name=Planwandler;", "From_Localised":"Planwandler", "Message":"$Pirate_OnStartScanCargo09;", "Message_Localised":"The scan will soon be over.", "Channel":"npc" }
{ "timestamp":"2017-08-11T07:18:26Z", "event":"ReceiveText", "From":"$npc_name_decorate:#name=Rachel Firrell;", "From_Localised":"Rachel Firrell", "Message":"$Pirate_OnNoCargoFound08;", "Message_Localised":"A wasted effort. There's no cargo here.", "Channel":"npc" }
{ "timestamp":"2017-08-11T07:18:26Z", "event":"Scanned", "ScanType":"Cargo" }
{ "timestamp":"2017-08-11T07:18:34Z", "event":"ReceiveText", "From":"$npc_name_decorate:#name=Planwandler;", "From_Localised":"Planwandler", "Message":"$Pirate_OnNoCargoFound10;", "Message_Localised":"There's nothing worth my while here.", "Channel":"npc" }
{ "timestamp":"2017-08-11T07:18:34Z", "event":"Scanned", "ScanType":"Cargo" }
{ "timestamp":"2017-08-11T07:18:44Z", "event":"ReceiveText", "From":"$npc_name_decorate:#name=Joel Edvardsson;", "From_Localised":"Joel Edvardsson", "Message":"$Pirate_OnStartScanCargo11;", "Message_Localised":"I hope you have something good in your hold.", "Channel":"npc" }
{ "timestamp":"2017-08-11T07:18:46Z", "event":"ReceiveText", "From":"$npc_name_decorate:#name=Chowdown;", "From_Localised":"Chowdown", "Message":"$Pirate_OnStartScanCargo09;", "Message_Localised":"The scan will soon be over.", "Channel":"npc" }
{ "timestamp":"2017-08-11T07:18:54Z", "event":"ReceiveText", "From":"$npc_name_decorate:#name=Joel Edvardsson;", "From_Localised":"Joel Edvardsson", "Message":"$Pirate_OnNoCargoFound10;", "Message_Localised":"There's nothing worth my while here.", "Channel":"npc" }
{ "timestamp":"2017-08-11T07:18:54Z", "event":"Scanned", "ScanType":"Cargo" }
{ "timestamp":"2017-08-11T07:19:01Z", "event":"Scanned", "ScanType":"Cargo" }
{ "timestamp":"2017-08-11T07:19:01Z", "event":"ReceiveText", "From":"$npc_name_decorate:#name=Alliance Enforcer;", "From_Localised":"Alliance Enforcer", "Message":"$Generic_NoAttackGeneric03;", "Message_Localised":"Another ship that's not worth my time, this is turning into a bad day.", "Channel":"npc" }
{ "timestamp":"2017-08-11T07:19:02Z", "event":"ReceiveText", "From":"$npc_name_decorate:#name=Kacktos van Catkiller;", "From_Localised":"Kacktos van Catkiller", "Message":"$Pirate_OnStartScanCargo06;", "Message_Localised":"Let's see what you are carrying.", "Channel":"npc" }
{ "timestamp":"2017-08-11T07:19:16Z", "event":"StartJump", "JumpType":"Supercruise" }
{ "timestamp":"2017-08-11T07:19:21Z", "event":"SupercruiseEntry", "StarSystem":"Bielonti" }
{ "timestamp":"2017-08-11T07:21:33Z", "event":"SupercruiseExit", "StarSystem":"Bielonti", "Body":"Ahmed Dock", "BodyType":"Station" }
{ "timestamp":"2017-08-11T07:21:35Z", "event":"ReceiveText", "From":"Ahmed Dock", "Message":"$STATION_NoFireZone_entered;", "Message_Localised":"No fire zone entered.", "Channel":"npc" }
{ "timestamp":"2017-08-11T07:21:42Z", "event":"DockingRequested", "StationName":"Ahmed Dock" }
{ "timestamp":"2017-08-11T07:21:42Z", "event":"ReceiveText", "From":"Ahmed Dock", "Message":"$DockingChatter_Neutral;", "Message_Localised":"Ensure to observe starport protocol during your visit, pilot.", "Channel":"npc" }
{ "timestamp":"2017-08-11T07:21:44Z", "event":"ReceiveText", "From":"Ahmed Dock", "Message":"$STATION_docking_granted;", "Message_Localised":"Docking request granted.", "Channel":"npc" }
{ "timestamp":"2017-08-11T07:21:44Z", "event":"DockingGranted", "LandingPad":20, "StationName":"Ahmed Dock" }
{ "timestamp":"2017-08-11T07:22:35Z", "event":"Docked", "StationName":"Ahmed Dock", "StationType":"Orbis", "StarSystem":"Bielonti", "StationFaction":"Bielonti Silver Gang", "FactionState":"Boom", "StationGovernment":"$government_Anarchy;", "StationGovernment_Localised":"Anarchy", "StationAllegiance":"Alliance", "StationEconomy":"$economy_Industrial;", "StationEconomy_Localised":"Industrial", "DistFromStarLS":703.437073 }
{ "timestamp":"2017-08-11T07:22:42Z", "event":"RefuelAll", "Cost":340, "Amount":6.789655 }
{ "timestamp":"2017-08-11T07:22:44Z", "event":"RepairAll", "Cost":16025 }
{ "timestamp":"2017-08-11T07:22:45Z", "event":"BuyAmmo", "Cost":2226 }
