{ "timestamp":"2016-12-30T22:23:11Z", "event":"Fileheader", "part":1, "language":"English\\UK", "gameversion":"2.2", "build":"r126898/r0 " }
{ "timestamp":"2016-12-30T22:29:14Z", "event":"LoadGame", "Commander":"Kith000", "Ship":"Vulture", "ShipID":3, "GameMode":"Solo", "Credits":35615486, "Loan":0 }
{ "timestamp":"2016-12-30T22:29:14Z", "event":"Rank", "Combat":5, "Trade":3, "Explore":1, "Empire":0, "Federation":2, "CQC":0 }
{ "timestamp":"2016-12-30T22:29:14Z", "event":"Progress", "Combat":2, "Trade":32, "Explore":18, "Empire":100, "Federation":60, "CQC":40 }
{ "timestamp":"2016-12-30T22:29:53Z", "event":"Location", "Docked":true, "StationName":"Trophy Camp", "StationType":"", "StarSystem":"Wolf 397", "StarPos":[40.000,79.219,-10.406], "SystemAllegiance":"Alliance", "SystemEconomy":"$economy_Colony;", "SystemEconomy_Localised":"Colony", "SystemGovernment":"$government_Democracy;", "SystemGovernment_Localised":"Democracy", "SystemSecurity":"$SYSTEM_SECURITY_medium;", "SystemSecurity_Localised":"Medium Security", "Body":"Trus Madi", "BodyType":"Planet", "SystemFaction":"Wolf 397 Independents" }
{ "timestamp":"2016-12-30T22:29:54Z", "event":"Docked", "StationName":"Trophy Camp", "StarSystem":"Wolf 397", "StationFaction":"Wolf 397 Independents", "StationGovernment":"$government_Democracy;", "StationGovernment_Localised":"Democracy", "StationAllegiance":"Alliance" }
{ "timestamp":"2016-12-30T22:31:37Z", "event":"Undocked", "StationName":"Trophy Camp" }
{ "timestamp":"2016-12-30T22:32:05Z", "event":"ReceiveText", "From":"Trophy Camp", "Message":"$STATION_NoFireZone_exited;", "Message_Localised":"No fire zone left.", "Channel":"npc" }
{ "timestamp":"2016-12-30T22:32:29Z", "event":"SupercruiseEntry", "StarSystem":"Wolf 397" }
{ "timestamp":"2016-12-30T22:32:58Z", "event":"SupercruiseExit", "StarSystem":"Wolf 397", "Body":"Trus Madi", "BodyType":"Planet" }
{ "timestamp":"2016-12-30T22:33:18Z", "event":"SupercruiseEntry", "StarSystem":"Wolf 397" }
{ "timestamp":"2016-12-30T22:35:19Z", "event":"SupercruiseExit", "StarSystem":"Wolf 397", "Body":"Chelbin Service Station", "BodyType":"Station" }
{ "timestamp":"2016-12-30T22:35:20Z", "event":"ReceiveText", "From":"Chelbin Service Station", "Message":"$STATION_NoFireZone_entered;", "Message_Localised":"No fire zone entered.", "Channel":"npc" }
{ "timestamp":"2016-12-30T22:35:51Z", "event":"DockingRequested", "StationName":"Chelbin Service Station" }
{ "timestamp":"2016-12-30T22:35:51Z", "event":"ReceiveText", "From":"Chelbin Service Station", "Message":"$DockingChatter_Neutral;", "Message_Localised":"Ensure to observe starport protocol during your visit, pilot.", "Channel":"npc" }
{ "timestamp":"2016-12-30T22:35:53Z", "event":"ReceiveText", "From":"Chelbin Service Station", "Message":"$STATION_docking_granted;", "Message_Localised":"Docking request granted.", "Channel":"npc" }
{ "timestamp":"2016-12-30T22:35:53Z", "event":"DockingGranted", "LandingPad":29, "StationName":"Chelbin Service Station" }
{ "timestamp":"2016-12-30T22:36:09Z", "event":"ReceiveText", "From":"$ShipName_Police_Alliance;", "From_Localised":"Allied Police Forces", "Message":"$Police_ThankYouPassedStopAndSearch09;", "Message_Localised":"Move along, Commander, we're done here.", "Channel":"npc" }
{ "timestamp":"2016-12-30T22:37:01Z", "event":"Docked", "StationName":"Chelbin Service Station", "StationType":"Orbis", "StarSystem":"Wolf 397", "StationFaction":"Wolf 397 Independents", "StationGovernment":"$government_Democracy;", "StationGovernment_Localised":"Democracy", "StationAllegiance":"Alliance", "StationEconomy":"$economy_Agri;", "StationEconomy_Localised":"Agriculture" }
{ "timestamp":"2016-12-30T22:38:25Z", "event":"ReceiveText", "From":"$npc_name_decorate:#name=Jana Leigh;", "From_Localised":"Jana Leigh", "Message":"$Commuter_AuthorityScan03;", "Message_Localised":"Will this take long? I’ve got a schedule to keep. ", "Channel":"npc" }
{ "timestamp":"2016-12-30T22:40:00Z", "event":"ReceiveText", "From":"$npc_name_decorate:#name=Marc D. Thoms;", "From_Localised":"Marc D. Thoms", "Message":"$Commuter_AuthorityScan01;", "Message_Localised":"Is there a problem here, officer?", "Channel":"npc" }
{ "timestamp":"2016-12-30T22:40:21Z", "event":"Undocked", "StationName":"Chelbin Service Station", "StationType":"Orbis" }
{ "timestamp":"2016-12-30T22:44:17Z", "event":"SupercruiseEntry", "StarSystem":"Wolf 397" }
{ "timestamp":"2016-12-30T22:45:21Z", "event":"FSDJump", "StarSystem":"LTT 13232", "StarPos":[46.625,84.656,-1.125], "SystemAllegiance":"Alliance", "SystemEconomy":"$economy_Military;", "SystemEconomy_Localised":"Military", "SystemGovernment":"$government_Corporate;", "SystemGovernment_Localised":"Corporate", "SystemSecurity":"$SYSTEM_SECURITY_low;", "SystemSecurity_Localised":"Low Security", "JumpDist":12.633, "FuelUsed":2.309437, "FuelLevel":5.690563, "SystemFaction":"Wolf 406 Transport & Co", "FactionState":"Retreat" }
{ "timestamp":"2016-12-30T22:45:47Z", "event":"FuelScoop", "Scooped":0.038277, "Total":5.728839 }
{ "timestamp":"2016-12-30T22:46:11Z", "event":"SupercruiseExit", "StarSystem":"LTT 13232", "Body":"LTT 13232", "BodyType":"Star" }
{ "timestamp":"2016-12-30T22:46:42Z", "event":"ReceiveText", "From":"$npc_name_decorate:#name=Fanuidhol;", "From_Localised":"Fanuidhol", "Message":"$Pirate_OnStartScanCargo03;", "Message_Localised":"What are you hauling?", "Channel":"npc" }
{ "timestamp":"2016-12-30T22:46:43Z", "event":"ReceiveText", "From":"$npc_name_decorate:#name=Djb;", "From_Localised":"Djb", "Message":"$Pirate_OnStartScanCargo06;", "Message_Localised":"Let's see what you are carrying.", "Channel":"npc" }
{ "timestamp":"2016-12-30T22:46:46Z", "event":"ReceiveText", "From":"$npc_name_decorate:#name=Matt Hill;", "From_Localised":"Matt Hill", "Message":"$Pirate_OnStartScanCargo03;", "Message_Localised":"What are you hauling?", "Channel":"npc" }
{ "timestamp":"2016-12-30T22:46:52Z", "event":"ReceiveText", "From":"$npc_name_decorate:#name=Fanuidhol;", "From_Localised":"Fanuidhol", "Message":"$Pirate_OnNoCargoFound07;", "Message_Localised":"Nothing for me here.", "Channel":"npc" }
{ "timestamp":"2016-12-30T22:46:53Z", "event":"ReceiveText", "From":"$npc_name_decorate:#name=Djb;", "From_Localised":"Djb", "Message":"$Pirate_OnNoCargoFound07;", "Message_Localised":"Nothing for me here.", "Channel":"npc" }
{ "timestamp":"2016-12-30T22:46:56Z", "event":"ReceiveText", "From":"$npc_name_decorate:#name=Matt Hill;", "From_Localised":"Matt Hill", "Message":"$Pirate_OnNoCargoFound01;", "Message_Localised":"No cargo? Waste of time...", "Channel":"npc" }
{ "timestamp":"2016-12-30T22:46:56Z", "event":"ReceiveText", "From":"$npc_name_decorate:#name=Thinger Jackson;", "From_Localised":"Thinger Jackson", "Message":"$Pirate_OnStartScanCargo03;", "Message_Localised":"What are you hauling?", "Channel":"npc" }
{ "timestamp":"2016-12-30T22:47:04Z", "event":"ReceiveText", "From":"$npc_name_decorate:#name=Mr. Amegnran;", "From_Localised":"Mr. Amegnran", "Message":"$Pirate_OnStartScanCargo04;", "Message_Localised":"What do you carry, I wonder?", "Channel":"npc" }
{ "timestamp":"2016-12-30T22:47:06Z", "event":"ReceiveText", "From":"$npc_name_decorate:#name=Thinger Jackson;", "From_Localised":"Thinger Jackson", "Message":"$Pirate_OnNoCargoFound10;", "Message_Localised":"There's nothing worth my while here.", "Channel":"npc" }
{ "timestamp":"2016-12-30T22:47:07Z", "event":"ReceiveText", "From":"$npc_name_decorate:#name=Mark Marlow;", "From_Localised":"Mark Marlow", "Message":"$Pirate_OnStartScanCargo08;", "Message_Localised":"What do you have in your cargo hold?", "Channel":"npc" }
{ "timestamp":"2016-12-30T22:47:14Z", "event":"ReceiveText", "From":"$npc_name_decorate:#name=Mr. Amegnran;", "From_Localised":"Mr. Amegnran", "Message":"$Pirate_OnNoCargoFound10;", "Message_Localised":"There's nothing worth my while here.", "Channel":"npc" }
{ "timestamp":"2016-12-30T22:47:17Z", "event":"ReceiveText", "From":"$npc_name_decorate:#name=Mark Marlow;", "From_Localised":"Mark Marlow", "Message":"$Pirate_OnNoCargoFound01;", "Message_Localised":"No cargo? Waste of time...", "Channel":"npc" }
{ "timestamp":"2016-12-30T22:48:15Z", "event":"ReceiveText", "From":"$npc_name_decorate:#name=Uli Armbrust;", "From_Localised":"Uli Armbrust", "Message":"$Pirate_OnStartScanCargo04;", "Message_Localised":"What do you carry, I wonder?", "Channel":"npc" }
{ "timestamp":"2016-12-30T22:48:25Z", "event":"ReceiveText", "From":"$npc_name_decorate:#name=Uli Armbrust;", "From_Localised":"Uli Armbrust", "Message":"$Pirate_OnNoCargoFound09;", "Message_Localised":"Next time you should fill your hold with gold.", "Channel":"npc" }
{ "timestamp":"2016-12-30T22:48:26Z", "event":"ReceiveText", "From":"$npc_name_decorate:#name=Matt Hill;", "From_Localised":"Matt Hill", "Message":"$BadKarmaCriticalDamage09;", "Message_Localised":"I can see when I'm outmatched.", "Channel":"npc" }
{ "timestamp":"2016-12-30T22:48:28Z", "event":"ReceiveText", "From":"$npc_name_decorate:#name=Alliance Enforcer;", "From_Localised":"Alliance Enforcer", "Message":"$BadKarmaCriticalDamage03;", "Message_Localised":"You fight a good fight!", "Channel":"npc" }
{ "timestamp":"2016-12-30T22:48:52Z", "event":"Bounty", "Rewards":[ { "Faction":"Wolf 406 Transport & Co", "Reward":45140 } ], "TotalReward":45140, "VictimFaction":"LTT 13232 Cartel" }
{ "timestamp":"2016-12-30T22:51:15Z", "event":"Bounty", "Rewards":[ { "Faction":"Wolf 406 Transport & Co", "Reward":35800 } ], "TotalReward":35800, "VictimFaction":"Zachary Hudson" }
{ "timestamp":"2016-12-30T22:51:43Z", "event":"ReceiveText", "From":"$npc_name_decorate:#name=Vesp;", "From_Localised":"Vesp", "Message":"$Pirate_OnDeclarePiracyAttack09;", "Message_Localised":"I will end you!", "Channel":"npc" }
{ "timestamp":"2016-12-30T22:52:00Z", "event":"SupercruiseEntry", "StarSystem":"LTT 13232" }
{ "timestamp":"2016-12-30T22:54:43Z", "event":"SupercruiseExit", "StarSystem":"LTT 13232", "Body":"Whitney Platform", "BodyType":"Station" }
{ "timestamp":"2016-12-30T22:55:09Z", "event":"ReceiveText", "From":"Whitney Platform", "Message":"$STATION_NoFireZone_entered;", "Message_Localised":"No fire zone entered.", "Channel":"npc" }
{ "timestamp":"2016-12-30T22:55:17Z", "event":"DockingRequested", "StationName":"Whitney Platform" }
{ "timestamp":"2016-12-30T22:55:17Z", "event":"ReceiveText", "From":"Whitney Platform", "Message":"$DockingChatter_Cordial;", "Message_Localised":"Welcome back, Commander.", "Channel":"npc" }
{ "timestamp":"2016-12-30T22:55:18Z", "event":"ReceiveText", "From":"Whitney Platform", "Message":"$STATION_docking_granted;", "Message_Localised":"Docking request granted.", "Channel":"npc" }
{ "timestamp":"2016-12-30T22:55:18Z", "event":"DockingGranted", "LandingPad":2, "StationName":"Whitney Platform" }
{ "timestamp":"2016-12-30T22:56:47Z", "event":"Docked", "StationName":"Whitney Platform", "StationType":"Outpost", "StarSystem":"LTT 13232", "StationFaction":"Wolf 406 Transport & Co", "FactionState":"Retreat", "StationGovernment":"$government_Corporate;", "StationGovernment_Localised":"Corporate", "StationAllegiance":"Alliance", "StationEconomy":"$economy_Refinery;", "StationEconomy_Localised":"Refinery" }
{ "timestamp":"2016-12-30T22:57:06Z", "event":"RefuelAll", "Cost":139, "Amount":2.764390 }
{ "timestamp":"2016-12-30T22:57:09Z", "event":"BuyAmmo", "Cost":100 }
{ "timestamp":"2016-12-30T22:57:46Z", "event":"RedeemVoucher", "Type":"bounty", "Amount":154748 }
