{ "timestamp":"2017-01-21T02:35:38Z", "event":"Fileheader", "part":1, "language":"English\\UK", "gameversion":"2.2", "build":"r131487/r0 " }
{ "timestamp":"2017-01-21T02:37:09Z", "event":"LoadGame", "Commander":"Kith000", "Ship":"Vulture", "ShipID":3, "GameMode":"Group", "Group":"MOBIUS PVE", "Credits":26059201, "Loan":0 }
{ "timestamp":"2017-01-21T02:37:09Z", "event":"Rank", "Combat":5, "Trade":3, "Explore":2, "Empire":0, "Federation":2, "CQC":0 }
{ "timestamp":"2017-01-21T02:37:09Z", "event":"Progress", "Combat":11, "Trade":42, "Explore":16, "Empire":100, "Federation":83, "CQC":40 }
{ "timestamp":"2017-01-21T02:37:40Z", "event":"Location", "Docked":false, "StarSystem":"Synuefe XR-H d11-102", "StarPos":[357.344,-49.344,-74.750], "SystemAllegiance":"", "SystemEconomy":"$economy_None;", "SystemEconomy_Localised":"None", "SystemGovernment":"$government_None;", "SystemGovernment_Localised":"None", "SystemSecurity":"$SYSTEM_SECURITY_low;", "SystemSecurity_Localised":"Low Security", "Body":"Synuefe XR-H d11-102 1 b", "BodyType":"Planet" }
{ "timestamp":"2017-01-21T02:40:22Z", "event":"SupercruiseEntry", "StarSystem":"Synuefe XR-H d11-102" }
{ "timestamp":"2017-01-21T02:42:34Z", "event":"FSDJump", "StarSystem":"HIP 38413", "StarPos":[346.969,-51.156,-71.875], "SystemAllegiance":"", "SystemEconomy":"$economy_None;", "SystemEconomy_Localised":"None", "SystemGovernment":"$government_None;", "SystemGovernment_Localised":"None", "SystemSecurity":"$SYSTEM_SECURITY_low;", "SystemSecurity_Localised":"Low Security", "JumpDist":10.917, "FuelUsed":1.278078, "FuelLevel":4.441920 }
{ "timestamp":"2017-01-21T02:43:12Z", "event":"HeatWarning" }
{ "timestamp":"2017-01-21T02:43:50Z", "event":"FSDJump", "StarSystem":"Synuefe OJ-D b46-1", "StarPos":[340.719,-50.000,-75.000], "SystemAllegiance":"", "SystemEconomy":"$economy_None;", "SystemEconomy_Localised":"None", "SystemGovernment":"$government_None;", "SystemGovernment_Localised":"None", "SystemSecurity":"$SYSTEM_SECURITY_low;", "SystemSecurity_Localised":"Low Security", "JumpDist":7.083, "FuelUsed":0.479206, "FuelLevel":7.535235 }
{ "timestamp":"2017-01-21T02:43:50Z", "event":"HeatWarning" }
{ "timestamp":"2017-01-21T02:44:07Z", "event":"HeatWarning" }
{ "timestamp":"2017-01-21T02:44:23Z", "event":"FuelScoop", "Scooped":0.464765, "Total":8.000000 }
{ "timestamp":"2017-01-21T02:44:51Z", "event":"FSDJump", "StarSystem":"Synuefe YC-H a92-3", "StarPos":[336.094,-44.031,-76.281], "SystemAllegiance":"", "SystemEconomy":"$economy_None;", "SystemEconomy_Localised":"None", "SystemGovernment":"$government_None;", "SystemGovernment_Localised":"None", "SystemSecurity":"$SYSTEM_SECURITY_low;", "SystemSecurity_Localised":"Low Security", "JumpDist":7.659, "FuelUsed":0.573595, "FuelLevel":7.426404 }
{ "timestamp":"2017-01-21T02:45:38Z", "event":"FSDJump", "StarSystem":"Synuefe XC-H a92-2", "StarPos":[332.688,-42.375,-76.594], "SystemAllegiance":"", "SystemEconomy":"$economy_None;", "SystemEconomy_Localised":"None", "SystemGovernment":"$government_None;", "SystemGovernment_Localised":"None", "SystemSecurity":"$SYSTEM_SECURITY_low;", "SystemSecurity_Localised":"Low Security", "JumpDist":3.800, "FuelUsed":0.114062, "FuelLevel":7.312343 }
{ "timestamp":"2017-01-21T02:46:03Z", "event":"HeatWarning" }
{ "timestamp":"2017-01-21T02:46:36Z", "event":"FSDJump", "StarSystem":"Synuefe BJ-F a93-0", "StarPos":[327.188,-42.594,-74.688], "SystemAllegiance":"", "SystemEconomy":"$economy_None;", "SystemEconomy_Localised":"None", "SystemGovernment":"$government_None;", "SystemGovernment_Localised":"None", "SystemSecurity":"$SYSTEM_SECURITY_low;", "SystemSecurity_Localised":"Low Security", "JumpDist":5.825, "FuelUsed":0.304374, "FuelLevel":7.007968 }
{ "timestamp":"2017-01-21T02:48:41Z", "event":"FuelScoop", "Scooped":0.257604, "Total":7.265573 }
{ "timestamp":"2017-01-21T02:48:58Z", "event":"FSDJump", "StarSystem":"Synuefe AJ-F a93-4", "StarPos":[318.750,-42.250,-73.500], "SystemAllegiance":"", "SystemEconomy":"$economy_None;", "SystemEconomy_Localised":"None", "SystemGovernment":"$government_None;", "SystemGovernment_Localised":"None", "SystemSecurity":"$SYSTEM_SECURITY_low;", "SystemSecurity_Localised":"Low Security", "JumpDist":8.528, "FuelUsed":0.734428, "FuelLevel":7.265573 }
{ "timestamp":"2017-01-21T02:49:52Z", "event":"FSDJump", "StarSystem":"Synuefe AJ-F a93-0", "StarPos":[315.250,-43.219,-74.469], "SystemAllegiance":"", "SystemEconomy":"$economy_None;", "SystemEconomy_Localised":"None", "SystemGovernment":"$government_None;", "SystemGovernment_Localised":"None", "SystemSecurity":"$SYSTEM_SECURITY_low;", "SystemSecurity_Localised":"Low Security", "JumpDist":3.759, "FuelUsed":0.111081, "FuelLevel":7.154491 }
{ "timestamp":"2017-01-21T02:50:48Z", "event":"FSDJump", "StarSystem":"Synuefe ZI-F a93-2", "StarPos":[309.438,-41.969,-73.781], "SystemAllegiance":"", "SystemEconomy":"$economy_None;", "SystemEconomy_Localised":"None", "SystemGovernment":"$government_None;", "SystemGovernment_Localised":"None", "SystemSecurity":"$SYSTEM_SECURITY_low;", "SystemSecurity_Localised":"Low Security", "JumpDist":5.985, "FuelUsed":0.323617, "FuelLevel":6.830874 }
{ "timestamp":"2017-01-21T02:51:31Z", "event":"FSDJump", "StarSystem":"Synuefe ZI-F a93-1", "StarPos":[307.875,-43.563,-74.094], "SystemAllegiance":"", "SystemEconomy":"$economy_None;", "SystemEconomy_Localised":"None", "SystemGovernment":"$government_None;", "SystemGovernment_Localised":"None", "SystemSecurity":"$SYSTEM_SECURITY_low;", "SystemSecurity_Localised":"Low Security", "JumpDist":2.254, "FuelUsed":0.034163, "FuelLevel":6.796711 }
{ "timestamp":"2017-01-21T02:52:26Z", "event":"FSDJump", "StarSystem":"Synuefe YI-F a93-4", "StarPos":[300.813,-43.438,-71.594], "SystemAllegiance":"", "SystemEconomy":"$economy_None;", "SystemEconomy_Localised":"None", "SystemGovernment":"$government_None;", "SystemGovernment_Localised":"None", "SystemSecurity":"$SYSTEM_SECURITY_low;", "SystemSecurity_Localised":"Low Security", "JumpDist":7.493, "FuelUsed":0.541394, "FuelLevel":6.255317 }
{ "timestamp":"2017-01-21T02:53:20Z", "event":"FSDJump", "StarSystem":"Synuefe WR-H d11-81", "StarPos":[295.719,-43.531,-68.594], "SystemAllegiance":"", "SystemEconomy":"$economy_None;", "SystemEconomy_Localised":"None", "SystemGovernment":"$government_None;", "SystemGovernment_Localised":"None", "SystemSecurity":"$SYSTEM_SECURITY_low;", "SystemSecurity_Localised":"Low Security", "JumpDist":5.912, "FuelUsed":0.312876, "FuelLevel":5.942441 }
{ "timestamp":"2017-01-21T02:53:54Z", "event":"FuelScoop", "Scooped":1.200386, "Total":7.142826 }
{ "timestamp":"2017-01-21T02:54:26Z", "event":"FSDJump", "StarSystem":"Synuefe XI-F a93-2", "StarPos":[293.750,-41.781,-66.156], "SystemAllegiance":"", "SystemEconomy":"$economy_None;", "SystemEconomy_Localised":"None", "SystemGovernment":"$government_None;", "SystemGovernment_Localised":"None", "SystemSecurity":"$SYSTEM_SECURITY_low;", "SystemSecurity_Localised":"Low Security", "JumpDist":3.589, "FuelUsed":0.099770, "FuelLevel":7.043056 }
{ "timestamp":"2017-01-21T02:57:33Z", "event":"FSDJump", "StarSystem":"Synuefe BP-D a94-0", "StarPos":[291.313,-42.219,-64.875], "SystemAllegiance":"", "SystemEconomy":"$economy_None;", "SystemEconomy_Localised":"None", "SystemGovernment":"$government_None;", "SystemGovernment_Localised":"None", "SystemSecurity":"$SYSTEM_SECURITY_low;", "SystemSecurity_Localised":"Low Security", "JumpDist":2.788, "FuelUsed":0.055815, "FuelLevel":6.987241 }
{ "timestamp":"2017-01-21T02:58:28Z", "event":"FSDJump", "StarSystem":"Synuefe WR-H d11-104", "StarPos":[285.094,-44.000,-64.969], "SystemAllegiance":"", "SystemEconomy":"$economy_None;", "SystemEconomy_Localised":"None", "SystemGovernment":"$government_None;", "SystemGovernment_Localised":"None", "SystemSecurity":"$SYSTEM_SECURITY_low;", "SystemSecurity_Localised":"Low Security", "JumpDist":6.470, "FuelUsed":0.386662, "FuelLevel":6.600579 }
{ "timestamp":"2017-01-21T02:59:02Z", "event":"HeatWarning" }
{ "timestamp":"2017-01-21T02:59:40Z", "event":"FSDJump", "StarSystem":"Synuefe WR-H d11-46", "StarPos":[278.250,-45.156,-64.750], "SystemAllegiance":"", "SystemEconomy":"$economy_None;", "SystemEconomy_Localised":"None", "SystemGovernment":"$government_None;", "SystemGovernment_Localised":"None", "SystemSecurity":"$SYSTEM_SECURITY_low;", "SystemSecurity_Localised":"Low Security", "JumpDist":6.944, "FuelUsed":0.457931, "FuelLevel":7.542069 }
{ "timestamp":"2017-01-21T02:59:58Z", "event":"WingJoin", "Others":[] }
{ "timestamp":"2017-01-21T02:59:58Z", "event":"WingAdd", "Name":"Ackron" }
{ "timestamp":"2017-01-21T03:01:57Z", "event":"FuelScoop", "Scooped":0.457931, "Total":8.000000 }
{ "timestamp":"2017-01-21T03:02:17Z", "event":"FSDJump", "StarSystem":"Synuefe VI-F a93-4", "StarPos":[273.000,-41.969,-66.844], "SystemAllegiance":"", "SystemEconomy":"$economy_None;", "SystemEconomy_Localised":"None", "SystemGovernment":"$government_None;", "SystemGovernment_Localised":"None", "SystemSecurity":"$SYSTEM_SECURITY_low;", "SystemSecurity_Localised":"Low Security", "JumpDist":6.489, "FuelUsed":0.391793, "FuelLevel":7.608207 }
{ "timestamp":"2017-01-21T03:02:27Z", "event":"SupercruiseExit", "StarSystem":"Synuefe VI-F a93-4", "Body":"Synuefe VI-F a93-4", "BodyType":"Star" }
{ "timestamp":"2017-01-21T03:03:47Z", "event":"FSDJump", "StarSystem":"Synuefe VI-F a93-3", "StarPos":[267.563,-41.344,-71.906], "SystemAllegiance":"", "SystemEconomy":"$economy_None;", "SystemEconomy_Localised":"None", "SystemGovernment":"$government_None;", "SystemGovernment_Localised":"None", "SystemSecurity":"$SYSTEM_SECURITY_low;", "SystemSecurity_Localised":"Low Security", "JumpDist":7.456, "FuelUsed":0.537929, "FuelLevel":7.070278 }
{ "timestamp":"2017-01-21T03:04:44Z", "event":"FSDJump", "StarSystem":"Synuefe UI-F a93-3", "StarPos":[262.625,-42.281,-74.750], "SystemAllegiance":"", "SystemEconomy":"$economy_None;", "SystemEconomy_Localised":"None", "SystemGovernment":"$government_None;", "SystemGovernment_Localised":"None", "SystemSecurity":"$SYSTEM_SECURITY_low;", "SystemSecurity_Localised":"Low Security", "JumpDist":5.774, "FuelUsed":0.297876, "FuelLevel":6.772402 }
{ "timestamp":"2017-01-21T03:05:41Z", "event":"FSDJump", "StarSystem":"Synuefe UI-F a93-5", "StarPos":[257.563,-43.344,-71.781], "SystemAllegiance":"", "SystemEconomy":"$economy_None;", "SystemEconomy_Localised":"None", "SystemGovernment":"$government_None;", "SystemGovernment_Localised":"None", "SystemSecurity":"$SYSTEM_SECURITY_low;", "SystemSecurity_Localised":"Low Security", "JumpDist":5.964, "FuelUsed":0.319121, "FuelLevel":5.883280 }
{ "timestamp":"2017-01-21T03:06:41Z", "event":"FSDJump", "StarSystem":"Col 285 Sector ZB-H a26-0", "StarPos":[252.375,-43.063,-72.750], "SystemAllegiance":"", "SystemEconomy":"$economy_None;", "SystemEconomy_Localised":"None", "SystemGovernment":"$government_None;", "SystemGovernment_Localised":"None", "SystemSecurity":"$SYSTEM_SECURITY_low;", "SystemSecurity_Localised":"Low Security", "JumpDist":5.285, "FuelUsed":0.241136, "FuelLevel":5.642144 }
{ "timestamp":"2017-01-21T03:07:37Z", "event":"FSDJump", "StarSystem":"Col 285 Sector ZB-H a26-1", "StarPos":[250.219,-44.531,-73.063], "SystemAllegiance":"", "SystemEconomy":"$economy_None;", "SystemEconomy_Localised":"None", "SystemGovernment":"$government_None;", "SystemGovernment_Localised":"None", "SystemSecurity":"$SYSTEM_SECURITY_low;", "SystemSecurity_Localised":"Low Security", "JumpDist":2.628, "FuelUsed":0.048267, "FuelLevel":5.593877 }
{ "timestamp":"2017-01-21T03:08:33Z", "event":"FSDJump", "StarSystem":"Col 285 Sector ZB-H a26-4", "StarPos":[246.938,-41.500,-68.375], "SystemAllegiance":"", "SystemEconomy":"$economy_None;", "SystemEconomy_Localised":"None", "SystemGovernment":"$government_None;", "SystemGovernment_Localised":"None", "SystemSecurity":"$SYSTEM_SECURITY_low;", "SystemSecurity_Localised":"Low Security", "JumpDist":6.475, "FuelUsed":0.384068, "FuelLevel":5.209809 }
{ "timestamp":"2017-01-21T03:09:29Z", "event":"FSDJump", "StarSystem":"Col 285 Sector YB-H a26-0", "StarPos":[241.344,-42.969,-69.344], "SystemAllegiance":"", "SystemEconomy":"$economy_None;", "SystemEconomy_Localised":"None", "SystemGovernment":"$government_None;", "SystemGovernment_Localised":"None", "SystemSecurity":"$SYSTEM_SECURITY_low;", "SystemSecurity_Localised":"Low Security", "JumpDist":5.864, "FuelUsed":0.305013, "FuelLevel":4.904797 }
{ "timestamp":"2017-01-21T03:10:26Z", "event":"FSDJump", "StarSystem":"Col 285 Sector YB-H a26-3", "StarPos":[239.844,-39.469,-67.125], "SystemAllegiance":"", "SystemEconomy":"$economy_None;", "SystemEconomy_Localised":"None", "SystemGovernment":"$government_None;", "SystemGovernment_Localised":"None", "SystemSecurity":"$SYSTEM_SECURITY_low;", "SystemSecurity_Localised":"Low Security", "JumpDist":4.407, "FuelUsed":0.157837, "FuelLevel":4.746960 }
{ "timestamp":"2017-01-21T03:11:21Z", "event":"FSDJump", "StarSystem":"Col 285 Sector YB-H a26-2", "StarPos":[239.250,-36.531,-69.375], "SystemAllegiance":"", "SystemEconomy":"$economy_None;", "SystemEconomy_Localised":"None", "SystemGovernment":"$government_None;", "SystemGovernment_Localised":"None", "SystemSecurity":"$SYSTEM_SECURITY_low;", "SystemSecurity_Localised":"Low Security", "JumpDist":3.748, "FuelUsed":0.108600, "FuelLevel":4.638360 }
{ "timestamp":"2017-01-21T03:11:30Z", "event":"SupercruiseExit", "StarSystem":"Col 285 Sector YB-H a26-2", "Body":"Col 285 Sector YB-H a26-2", "BodyType":"Star" }
{ "timestamp":"2017-01-21T03:12:54Z", "event":"FSDJump", "StarSystem":"Col 285 Sector FV-O c6-1", "StarPos":[232.000,-35.219,-72.625], "SystemAllegiance":"", "SystemEconomy":"$economy_None;", "SystemEconomy_Localised":"None", "SystemGovernment":"$government_None;", "SystemGovernment_Localised":"None", "SystemSecurity":"$SYSTEM_SECURITY_low;", "SystemSecurity_Localised":"Low Security", "JumpDist":8.053, "FuelUsed":0.630374, "FuelLevel":4.007987 }
{ "timestamp":"2017-01-21T03:13:53Z", "event":"HeatWarning" }
{ "timestamp":"2017-01-21T03:14:18Z", "event":"FSDJump", "StarSystem":"Col 285 Sector VG-H a26-2", "StarPos":[231.406,-33.438,-75.000], "SystemAllegiance":"", "SystemEconomy":"$economy_None;", "SystemEconomy_Localised":"None", "SystemGovernment":"$government_None;", "SystemGovernment_Localised":"None", "SystemSecurity":"$SYSTEM_SECURITY_low;", "SystemSecurity_Localised":"Low Security", "JumpDist":3.028, "FuelUsed":0.067853, "FuelLevel":7.932147 }
{ "timestamp":"2017-01-21T03:14:19Z", "event":"HeatWarning" }
{ "timestamp":"2017-01-21T03:15:16Z", "event":"FSDJump", "StarSystem":"Col 285 Sector RA-J a25-2", "StarPos":[229.313,-31.688,-78.875], "SystemAllegiance":"", "SystemEconomy":"$economy_None;", "SystemEconomy_Localised":"None", "SystemGovernment":"$government_None;", "SystemGovernment_Localised":"None", "SystemSecurity":"$SYSTEM_SECURITY_low;", "SystemSecurity_Localised":"Low Security", "JumpDist":4.739, "FuelUsed":0.190133, "FuelLevel":7.742013 }
{ "timestamp":"2017-01-21T03:16:48Z", "event":"FSDJump", "StarSystem":"Col 285 Sector QA-J a25-2", "StarPos":[223.969,-29.688,-80.156], "SystemAllegiance":"", "SystemEconomy":"$economy_None;", "SystemEconomy_Localised":"None", "SystemGovernment":"$government_None;", "SystemGovernment_Localised":"None", "SystemSecurity":"$SYSTEM_SECURITY_low;", "SystemSecurity_Localised":"Low Security", "JumpDist":5.848, "FuelUsed":0.307942, "FuelLevel":7.434072 }
{ "timestamp":"2017-01-21T03:18:11Z", "event":"FSDJump", "StarSystem":"Col 285 Sector QA-J a25-1", "StarPos":[217.719,-32.406,-84.500], "SystemAllegiance":"", "SystemEconomy":"$economy_None;", "SystemEconomy_Localised":"None", "SystemGovernment":"$government_None;", "SystemGovernment_Localised":"None", "SystemSecurity":"$SYSTEM_SECURITY_low;", "SystemSecurity_Localised":"Low Security", "JumpDist":8.082, "FuelUsed":0.646939, "FuelLevel":6.787133 }
{ "timestamp":"2017-01-21T03:18:58Z", "event":"FSDJump", "StarSystem":"Col 285 Sector QA-J a25-0", "StarPos":[215.406,-34.000,-84.188], "SystemAllegiance":"", "SystemEconomy":"$economy_None;", "SystemEconomy_Localised":"None", "SystemGovernment":"$government_None;", "SystemGovernment_Localised":"None", "SystemSecurity":"$SYSTEM_SECURITY_low;", "SystemSecurity_Localised":"Low Security", "JumpDist":2.826, "FuelUsed":0.057467, "FuelLevel":6.729665 }
{ "timestamp":"2017-01-21T03:20:13Z", "event":"FSDJump", "StarSystem":"Col 285 Sector PA-J a25-1", "StarPos":[208.500,-29.844,-81.844], "SystemAllegiance":"", "SystemEconomy":"$economy_None;", "SystemEconomy_Localised":"None", "SystemGovernment":"$government_None;", "SystemGovernment_Localised":"None", "SystemSecurity":"$SYSTEM_SECURITY_low;", "SystemSecurity_Localised":"Low Security", "JumpDist":8.394, "FuelUsed":0.702731, "FuelLevel":6.026935 }
{ "timestamp":"2017-01-21T03:21:15Z", "event":"FSDJump", "StarSystem":"Col 285 Sector OA-J a25-2", "StarPos":[204.344,-28.250,-80.750], "SystemAllegiance":"", "SystemEconomy":"$economy_None;", "SystemEconomy_Localised":"None", "SystemGovernment":"$government_None;", "SystemGovernment_Localised":"None", "SystemSecurity":"$SYSTEM_SECURITY_low;", "SystemSecurity_Localised":"Low Security", "JumpDist":4.584, "FuelUsed":0.173989, "FuelLevel":5.852946 }
{ "timestamp":"2017-01-21T03:22:01Z", "event":"FSDJump", "StarSystem":"Col 285 Sector OA-J a25-3", "StarPos":[201.094,-31.531,-80.844], "SystemAllegiance":"", "SystemEconomy":"$economy_None;", "SystemEconomy_Localised":"None", "SystemGovernment":"$government_None;", "SystemGovernment_Localised":"None", "SystemSecurity":"$SYSTEM_SECURITY_low;", "SystemSecurity_Localised":"Low Security", "JumpDist":4.619, "FuelUsed":0.176914, "FuelLevel":5.676032 }
{ "timestamp":"2017-01-21T03:22:09Z", "event":"SupercruiseExit", "StarSystem":"Col 285 Sector OA-J a25-3", "Body":"Col 285 Sector OA-J a25-3", "BodyType":"Star" }
{ "timestamp":"2017-01-21T03:23:13Z", "event":"SupercruiseEntry", "StarSystem":"Col 285 Sector OA-J a25-3" }
{ "timestamp":"2017-01-21T03:24:12Z", "event":"FSDJump", "StarSystem":"Col 285 Sector NA-J a25-1", "StarPos":[194.719,-31.656,-81.406], "SystemAllegiance":"", "SystemEconomy":"$economy_None;", "SystemEconomy_Localised":"None", "SystemGovernment":"$government_None;", "SystemGovernment_Localised":"None", "SystemSecurity":"$SYSTEM_SECURITY_low;", "SystemSecurity_Localised":"Low Security", "JumpDist":6.401, "FuelUsed":0.374217, "FuelLevel":5.301815 }
{ "timestamp":"2017-01-21T03:25:08Z", "event":"FSDJump", "StarSystem":"Col 285 Sector NA-J a25-2", "StarPos":[192.000,-28.594,-81.750], "SystemAllegiance":"", "SystemEconomy":"$economy_None;", "SystemEconomy_Localised":"None", "SystemGovernment":"$government_None;", "SystemGovernment_Localised":"None", "SystemSecurity":"$SYSTEM_SECURITY_low;", "SystemSecurity_Localised":"Low Security", "JumpDist":4.110, "FuelUsed":0.134731, "FuelLevel":5.167083 }
{ "timestamp":"2017-01-21T03:26:03Z", "event":"FSDJump", "StarSystem":"Col 285 Sector NA-J a25-0", "StarPos":[185.438,-32.125,-84.406], "SystemAllegiance":"", "SystemEconomy":"$economy_None;", "SystemEconomy_Localised":"None", "SystemGovernment":"$government_None;", "SystemGovernment_Localised":"None", "SystemSecurity":"$SYSTEM_SECURITY_low;", "SystemSecurity_Localised":"Low Security", "JumpDist":7.911, "FuelUsed":0.607241, "FuelLevel":4.559843 }
{ "timestamp":"2017-01-21T03:26:51Z", "event":"FSDJump", "StarSystem":"Col 285 Sector OV-I a25-1", "StarPos":[178.063,-37.875,-83.188], "SystemAllegiance":"", "SystemEconomy":"$economy_None;", "SystemEconomy_Localised":"None", "SystemGovernment":"$government_None;", "SystemGovernment_Localised":"None", "SystemSecurity":"$SYSTEM_SECURITY_low;", "SystemSecurity_Localised":"Low Security", "JumpDist":9.431, "FuelUsed":0.906062, "FuelLevel":3.653781 }
{ "timestamp":"2017-01-21T03:27:50Z", "event":"FSDJump", "StarSystem":"Col 285 Sector OV-I a25-3", "StarPos":[175.625,-39.688,-82.969], "SystemAllegiance":"", "SystemEconomy":"$economy_None;", "SystemEconomy_Localised":"None", "SystemGovernment":"$government_None;", "SystemGovernment_Localised":"None", "SystemSecurity":"$SYSTEM_SECURITY_low;", "SystemSecurity_Localised":"Low Security", "JumpDist":3.045, "FuelUsed":0.066927, "FuelLevel":3.586854 }
{ "timestamp":"2017-01-21T03:28:44Z", "event":"FSDJump", "StarSystem":"Col 285 Sector JP-K a24-1", "StarPos":[167.188,-41.031,-85.031], "SystemAllegiance":"", "SystemEconomy":"$economy_None;", "SystemEconomy_Localised":"None", "SystemGovernment":"$government_None;", "SystemGovernment_Localised":"None", "SystemSecurity":"$SYSTEM_SECURITY_low;", "SystemSecurity_Localised":"Low Security", "JumpDist":8.789, "FuelUsed":0.765821, "FuelLevel":2.821033 }
{ "timestamp":"2017-01-21T03:31:24Z", "event":"FSDJump", "StarSystem":"Col 285 Sector IP-K a24-1", "StarPos":[163.656,-44.406,-85.719], "SystemAllegiance":"", "SystemEconomy":"$economy_None;", "SystemEconomy_Localised":"None", "SystemGovernment":"$government_None;", "SystemGovernment_Localised":"None", "SystemSecurity":"$SYSTEM_SECURITY_low;", "SystemSecurity_Localised":"Low Security", "JumpDist":4.933, "FuelUsed":0.201864, "FuelLevel":2.619170 }
{ "timestamp":"2017-01-21T03:33:31Z", "event":"FSDJump", "StarSystem":"Col 285 Sector IP-K a24-2", "StarPos":[163.406,-42.750,-90.063], "SystemAllegiance":"", "SystemEconomy":"$economy_None;", "SystemEconomy_Localised":"None", "SystemGovernment":"$government_None;", "SystemGovernment_Localised":"None", "SystemSecurity":"$SYSTEM_SECURITY_low;", "SystemSecurity_Localised":"Low Security", "JumpDist":4.656, "FuelUsed":0.175846, "FuelLevel":1.873323 }
{ "timestamp":"2017-01-21T03:35:22Z", "event":"FSDJump", "StarSystem":"Col 285 Sector FF-F b12-7", "StarPos":[158.500,-50.219,-93.406], "SystemAllegiance":"", "SystemEconomy":"$economy_None;", "SystemEconomy_Localised":"None", "SystemGovernment":"$government_None;", "SystemGovernment_Localised":"None", "SystemSecurity":"$SYSTEM_SECURITY_low;", "SystemSecurity_Localised":"Low Security", "JumpDist":9.541, "FuelUsed":0.914972, "FuelLevel":0.958352 }
{ "timestamp":"2017-01-21T03:37:32Z", "event":"HeatWarning" }
{ "timestamp":"2017-01-21T03:37:42Z", "event":"FuelScoop", "Scooped":6.852435, "Total":7.810786 }
{ "timestamp":"2017-01-21T03:38:20Z", "event":"FSDJump", "StarSystem":"Col 285 Sector FF-F b12-0", "StarPos":[157.063,-49.281,-97.813], "SystemAllegiance":"", "SystemEconomy":"$economy_None;", "SystemEconomy_Localised":"None", "SystemGovernment":"$government_None;", "SystemGovernment_Localised":"None", "SystemSecurity":"$SYSTEM_SECURITY_low;", "SystemSecurity_Localised":"Low Security", "JumpDist":4.729, "FuelUsed":0.189214, "FuelLevel":7.810786 }
{ "timestamp":"2017-01-21T03:39:03Z", "event":"FuelScoop", "Scooped":0.189214, "Total":8.000000 }
{ "timestamp":"2017-01-21T03:39:28Z", "event":"FSDJump", "StarSystem":"Col 285 Sector FF-F b12-1", "StarPos":[158.969,-47.531,-101.844], "SystemAllegiance":"", "SystemEconomy":"$economy_None;", "SystemEconomy_Localised":"None", "SystemGovernment":"$government_None;", "SystemGovernment_Localised":"None", "SystemSecurity":"$SYSTEM_SECURITY_low;", "SystemSecurity_Localised":"Low Security", "JumpDist":4.790, "FuelUsed":0.194926, "FuelLevel":7.805074 }
{ "timestamp":"2017-01-21T03:39:52Z", "event":"FuelScoop", "Scooped":0.194926, "Total":8.000000 }
{ "timestamp":"2017-01-21T03:40:12Z", "event":"FSDJump", "StarSystem":"Col 285 Sector EJ-M a23-0", "StarPos":[156.406,-44.656,-102.063], "SystemAllegiance":"", "SystemEconomy":"$economy_None;", "SystemEconomy_Localised":"None", "SystemGovernment":"$government_None;", "SystemGovernment_Localised":"None", "SystemSecurity":"$SYSTEM_SECURITY_low;", "SystemSecurity_Localised":"Low Security", "JumpDist":3.857, "FuelUsed":0.118454, "FuelLevel":7.881546 }
{ "timestamp":"2017-01-21T03:40:57Z", "event":"FuelScoop", "Scooped":0.118454, "Total":8.000000 }
{ "timestamp":"2017-01-21T03:41:23Z", "event":"FSDJump", "StarSystem":"Col 285 Sector DJ-M a23-2", "StarPos":[150.844,-41.813,-102.844], "SystemAllegiance":"", "SystemEconomy":"$economy_None;", "SystemEconomy_Localised":"None", "SystemGovernment":"$government_None;", "SystemGovernment_Localised":"None", "SystemSecurity":"$SYSTEM_SECURITY_low;", "SystemSecurity_Localised":"Low Security", "JumpDist":6.296, "FuelUsed":0.365494, "FuelLevel":7.634506 }
{ "timestamp":"2017-01-21T03:42:18Z", "event":"FSDJump", "StarSystem":"HIP 31639", "StarPos":[148.125,-44.531,-104.938], "SystemAllegiance":"Independent", "SystemEconomy":"$economy_Refinery;", "SystemEconomy_Localised":"Refinery", "SystemGovernment":"$government_Feudal;", "SystemGovernment_Localised":"Feudal", "SystemSecurity":"$SYSTEM_SECURITY_low;", "SystemSecurity_Localised":"Low Security", "JumpDist":4.378, "FuelUsed":0.158134, "FuelLevel":7.476372, "SystemFaction":"HIP 32662 Noblement" }
{ "timestamp":"2017-01-21T03:42:40Z", "event":"FuelScoop", "Scooped":0.252079, "Total":7.728451 }
{ "timestamp":"2017-01-21T03:43:03Z", "event":"FuelScoop", "Scooped":0.271549, "Total":8.000000 }
{ "timestamp":"2017-01-21T03:43:34Z", "event":"FSDJump", "StarSystem":"Col 285 Sector ZC-O a22-3", "StarPos":[145.094,-40.063,-107.031], "SystemAllegiance":"", "SystemEconomy":"$economy_None;", "SystemEconomy_Localised":"None", "SystemGovernment":"$government_None;", "SystemGovernment_Localised":"None", "SystemSecurity":"$SYSTEM_SECURITY_low;", "SystemSecurity_Localised":"Low Security", "JumpDist":5.792, "FuelUsed":0.301616, "FuelLevel":7.698384 }
{ "timestamp":"2017-01-21T03:44:30Z", "event":"FSDJump", "StarSystem":"Hyades Sector PS-T c3-10", "StarPos":[138.906,-40.156,-105.156], "SystemAllegiance":"", "SystemEconomy":"$economy_None;", "SystemEconomy_Localised":"None", "SystemGovernment":"$government_None;", "SystemGovernment_Localised":"None", "SystemSecurity":"$SYSTEM_SECURITY_low;", "SystemSecurity_Localised":"Low Security", "JumpDist":6.466, "FuelUsed":0.387907, "FuelLevel":7.310477 }
{ "timestamp":"2017-01-21T03:44:50Z", "event":"HeatWarning" }
{ "timestamp":"2017-01-21T03:45:03Z", "event":"FuelScoop", "Scooped":-0.081779, "Total":7.228698 }
{ "timestamp":"2017-01-21T03:45:16Z", "event":"FSDJump", "StarSystem":"Hyades Sector PI-X a16-3", "StarPos":[130.281,-40.438,-103.969], "SystemAllegiance":"", "SystemEconomy":"$economy_None;", "SystemEconomy_Localised":"None", "SystemGovernment":"$government_None;", "SystemGovernment_Localised":"None", "SystemSecurity":"$SYSTEM_SECURITY_low;", "SystemSecurity_Localised":"Low Security", "JumpDist":8.711, "FuelUsed":0.771302, "FuelLevel":7.228698 }
{ "timestamp":"2017-01-21T03:45:36Z", "event":"SupercruiseExit", "StarSystem":"Hyades Sector PI-X a16-3", "Body":"Hyades Sector PI-X a16-3", "BodyType":"Star" }
{ "timestamp":"2017-01-21T03:47:28Z", "event":"FSDJump", "StarSystem":"Hyades Sector PI-X a16-1", "StarPos":[128.219,-44.594,-104.125], "SystemAllegiance":"", "SystemEconomy":"$economy_None;", "SystemEconomy_Localised":"None", "SystemGovernment":"$government_None;", "SystemGovernment_Localised":"None", "SystemSecurity":"$SYSTEM_SECURITY_low;", "SystemSecurity_Localised":"Low Security", "JumpDist":4.642, "FuelUsed":0.180515, "FuelLevel":7.048183 }
{ "timestamp":"2017-01-21T03:48:14Z", "event":"FSDJump", "StarSystem":"Hyades Sector PI-X a16-2", "StarPos":[125.031,-43.875,-102.156], "SystemAllegiance":"", "SystemEconomy":"$economy_None;", "SystemEconomy_Localised":"None", "SystemGovernment":"$government_None;", "SystemGovernment_Localised":"None", "SystemSecurity":"$SYSTEM_SECURITY_low;", "SystemSecurity_Localised":"Low Security", "JumpDist":3.815, "FuelUsed":0.114784, "FuelLevel":6.933400 }
{ "timestamp":"2017-01-21T03:48:58Z", "event":"FSDJump", "StarSystem":"Hyades Sector OI-X a16-3", "StarPos":[121.063,-44.938,-99.406], "SystemAllegiance":"", "SystemEconomy":"$economy_None;", "SystemEconomy_Localised":"None", "SystemGovernment":"$government_None;", "SystemGovernment_Localised":"None", "SystemSecurity":"$SYSTEM_SECURITY_low;", "SystemSecurity_Localised":"Low Security", "JumpDist":4.944, "FuelUsed":0.208232, "FuelLevel":6.725168 }
{ "timestamp":"2017-01-21T03:49:42Z", "event":"FSDJump", "StarSystem":"HIP 29234", "StarPos":[115.563,-50.813,-98.250], "SystemAllegiance":"", "SystemEconomy":"$economy_None;", "SystemEconomy_Localised":"None", "SystemGovernment":"$government_None;", "SystemGovernment_Localised":"None", "SystemSecurity":"$SYSTEM_SECURITY_low;", "SystemSecurity_Localised":"Low Security", "JumpDist":8.130, "FuelUsed":0.652929, "FuelLevel":6.072239 }
{ "timestamp":"2017-01-21T03:50:06Z", "event":"HeatWarning" }
{ "timestamp":"2017-01-21T03:50:15Z", "event":"HeatWarning" }
{ "timestamp":"2017-01-21T03:50:40Z", "event":"FSDJump", "StarSystem":"Meene", "StarPos":[118.781,-56.438,-97.188], "SystemAllegiance":"Independent", "SystemEconomy":"$economy_Industrial;", "SystemEconomy_Localised":"Industrial", "SystemGovernment":"$government_Anarchy;", "SystemGovernment_Localised":"Anarchy", "SystemSecurity":"$GAlAXY_MAP_INFO_state_anarchy;", "SystemSecurity_Localised":"Anarchy", "JumpDist":6.567, "FuelUsed":0.399020, "FuelLevel":7.085386, "SystemFaction":"Meene Purple Drug Empire" }
{ "timestamp":"2017-01-21T03:53:04Z", "event":"FuelScoop", "Scooped":0.914614, "Total":8.000000 }
{ "timestamp":"2017-01-21T03:54:19Z", "event":"SupercruiseExit", "StarSystem":"Meene", "Body":"Felice Dock", "BodyType":"Station" }
{ "timestamp":"2017-01-21T03:54:28Z", "event":"DockingRequested", "StationName":"Felice Dock" }
{ "timestamp":"2017-01-21T03:54:28Z", "event":"ReceiveText", "From":"Felice Dock", "Message":"$DockingChatter_Neutral;", "Message_Localised":"Ensure to observe starport protocol during your visit, pilot.", "Channel":"npc" }
{ "timestamp":"2017-01-21T03:54:30Z", "event":"ReceiveText", "From":"Felice Dock", "Message":"$STATION_docking_granted;", "Message_Localised":"Docking request granted.", "Channel":"npc" }
{ "timestamp":"2017-01-21T03:54:30Z", "event":"DockingGranted", "LandingPad":43, "StationName":"Felice Dock" }
{ "timestamp":"2017-01-21T03:54:38Z", "event":"ReceiveText", "From":"Felice Dock", "Message":"$STATION_NoFireZone_entered;", "Message_Localised":"No fire zone entered.", "Channel":"npc" }
{ "timestamp":"2017-01-21T03:55:17Z", "event":"Docked", "StationName":"Felice Dock", "StationType":"Bernal", "StarSystem":"Meene", "StationFaction":"Meene Purple Drug Empire", "StationGovernment":"$government_Anarchy;", "StationGovernment_Localised":"Anarchy", "StationEconomy":"$economy_Industrial;", "StationEconomy_Localised":"Industrial" }
{ "timestamp":"2017-01-21T03:55:30Z", "event":"RefuelAll", "Cost":28, "Amount":0.557637 }
{ "timestamp":"2017-01-21T03:55:32Z", "event":"RepairAll", "Cost":8600 }
{ "timestamp":"2017-01-21T03:57:17Z", "event":"CommunityGoalJoin", "Name":"Ram Tah Appeal for Ancient Data", "System":"Meene" }
{ "timestamp":"2017-01-21T03:58:47Z", "event":"Promotion", "Combat":5 }
{ "timestamp":"2017-01-21T03:58:47Z", "event":"Promotion", "Trade":4 }
{ "timestamp":"2017-01-21T03:58:47Z", "event":"MissionCompleted", "Faction":"Meene Purple Drug Empire", "Name":"Mission_TheDead_name", "MissionID":69881908, "Reward":12000000 }
{ "timestamp":"2017-01-21T04:03:10Z", "event":"ScientificResearch", "Name":"ancientlanguagedata", "Category":"Encoded", "Count":15 }
{ "timestamp":"2017-01-21T04:03:14Z", "event":"ScientificResearch", "Name":"ancientbiologicaldata", "Category":"Encoded", "Count":3 }
{ "timestamp":"2017-01-21T04:03:18Z", "event":"ScientificResearch", "Name":"ancientculturaldata", "Category":"Encoded", "Count":12 }
{ "timestamp":"2017-01-21T04:03:21Z", "event":"ScientificResearch", "Name":"ancienthistoricaldata", "Category":"Encoded", "Count":12 }
{ "timestamp":"2017-01-21T04:03:43Z", "event":"ScientificResearch", "Name":"ancienttechnologicaldata", "Category":"Encoded", "Count":12 }
{ "timestamp":"2017-01-21T04:06:13Z", "event":"Undocked", "StationName":"Felice Dock", "StationType":"Bernal" }
{ "timestamp":"2017-01-21T04:07:29Z", "event":"DockingRequested", "StationName":"Felice Dock" }
{ "timestamp":"2017-01-21T04:07:29Z", "event":"ReceiveText", "From":"Felice Dock", "Message":"$DockingChatter_Friendly;", "Message_Localised":"It's great to see you again, Commander.", "Channel":"npc" }
{ "timestamp":"2017-01-21T04:07:30Z", "event":"ReceiveText", "From":"Felice Dock", "Message":"$STATION_docking_granted;", "Message_Localised":"Docking request granted.", "Channel":"npc" }
{ "timestamp":"2017-01-21T04:07:30Z", "event":"DockingGranted", "LandingPad":42, "StationName":"Felice Dock" }
{ "timestamp":"2017-01-21T04:08:13Z", "event":"Docked", "StationName":"Felice Dock", "StationType":"Bernal", "StarSystem":"Meene", "StationFaction":"Meene Purple Drug Empire", "StationGovernment":"$government_Anarchy;", "StationGovernment_Localised":"Anarchy", "StationEconomy":"$economy_Industrial;", "StationEconomy_Localised":"Industrial" }
{ "timestamp":"2017-01-21T04:16:18Z", "event":"ReceiveText", "From":"$cmdr_decorate:#name=UnmarkedBoxcar;", "From_Localised":"CMDR UnmarkedBoxcar", "Message":"Oo... lots of folks here, again.", "Channel":"local" }
{ "timestamp":"2017-01-21T04:16:19Z", "event":"MaterialDiscarded", "Category":"Encoded", "Name":"shieldsoakanalysis", "Count":31 }
{ "timestamp":"2017-01-21T04:16:35Z", "event":"ReceiveText", "From":"$cmdr_decorate:#name=Stuttlepress;", "From_Localised":"CMDR Stuttlepress", "Message":"o7", "Channel":"local" }
{ "timestamp":"2017-01-21T04:16:49Z", "event":"MaterialDiscarded", "Category":"Encoded", "Name":"shieldcyclerecordings", "Count":43 }
{ "timestamp":"2017-01-21T04:16:59Z", "event":"ReceiveText", "From":"$cmdr_decorate:#name=UnmarkedBoxcar;", "From_Localised":"CMDR UnmarkedBoxcar", "Message":"o7", "Channel":"local" }
{ "timestamp":"2017-01-21T04:17:06Z", "event":"MaterialDiscarded", "Category":"Encoded", "Name":"bulkscandata", "Count":37 }
{ "timestamp":"2017-01-21T04:17:51Z", "event":"ReceiveText", "From":"$cmdr_decorate:#name=Perseus Tacitus;", "From_Localised":"CMDR Perseus Tacitus", "Message":"o7", "Channel":"local" }
{ "timestamp":"2017-01-21T04:18:27Z", "event":"ShipyardTransfer", "ShipType":"Independant_Trader", "ShipID":5, "System":"Exphiay", "Distance":189.197586, "TransferPrice":132415 }
{ "timestamp":"2017-01-21T04:18:32Z", "event":"ReceiveText", "From":"$cmdr_decorate:#name=Perseus Tacitus;", "From_Localised":"CMDR Perseus Tacitus", "Message":"new to Mobius here, heading out to do more science tonight I think", "Channel":"local" }
{ "timestamp":"2017-01-21T04:18:33Z", "event":"ReceiveText", "From":"$cmdr_decorate:#name=Rev Logos;", "From_Localised":"CMDR Rev Logos", "Message":"o7", "Channel":"local" }
{ "timestamp":"2017-01-21T04:18:45Z", "event":"ReceiveText", "From":"$cmdr_decorate:#name=UnmarkedBoxcar;", "From_Localised":"CMDR UnmarkedBoxcar", "Message":"Science!  Excitement!  Ancient Ruins!", "Channel":"local" }
{ "timestamp":"2017-01-21T04:19:47Z", "event":"Undocked", "StationName":"Felice Dock", "StationType":"Bernal" }
{ "timestamp":"2017-01-21T04:20:07Z", "event":"ReceiveText", "From":"Felice Dock", "Message":"$STATION_NoFireZone_exited;", "Message_Localised":"No fire zone left.", "Channel":"npc" }
{ "timestamp":"2017-01-21T04:20:40Z", "event":"SupercruiseEntry", "StarSystem":"Meene" }
{ "timestamp":"2017-01-21T04:23:12Z", "event":"SupercruiseExit", "StarSystem":"Meene", "Body":"Meene AB 1", "BodyType":"Planet" }
{ "timestamp":"2017-01-21T04:23:41Z", "event":"SupercruiseEntry", "StarSystem":"Meene" }
{ "timestamp":"2017-01-21T04:26:43Z", "event":"ApproachSettlement", "Name":"Schiltberger's Progress" }
{ "timestamp":"2017-01-21T04:26:50Z", "event":"SupercruiseExit", "StarSystem":"Meene", "Body":"Meene AB 1", "BodyType":"Planet" }
{ "timestamp":"2017-01-21T04:28:41Z", "event":"DockingRequested", "StationName":"Schiltberger's Progress" }
{ "timestamp":"2017-01-21T04:28:41Z", "event":"ReceiveText", "From":"Schiltberger's Progress", "Message":"$DockingChatter_Neutral;", "Message_Localised":"Ensure to observe starport protocol during your visit, pilot.", "Channel":"npc" }
{ "timestamp":"2017-01-21T04:28:42Z", "event":"ReceiveText", "From":"Schiltberger's Progress", "Message":"$STATION_docking_granted;", "Message_Localised":"Docking request granted.", "Channel":"npc" }
{ "timestamp":"2017-01-21T04:28:42Z", "event":"DockingGranted", "LandingPad":6, "StationName":"Schiltberger's Progress" }
{ "timestamp":"2017-01-21T04:28:49Z", "event":"ReceiveText", "From":"Schiltberger's Progress", "Message":"$STATION_NoFireZone_entered;", "Message_Localised":"No fire zone entered.", "Channel":"npc" }
{ "timestamp":"2017-01-21T04:29:27Z", "event":"Docked", "StationName":"Schiltberger's Progress", "StarSystem":"Meene", "StationFaction":"United Meene Labour", "FactionState":"Lockdown", "StationGovernment":"$government_Democracy;", "StationGovernment_Localised":"Democracy", "StationEconomy":"$economy_Colony;", "StationEconomy_Localised":"Colony" }
{ "timestamp":"2017-01-21T04:29:57Z", "event":"ReceiveText", "From":"$ShipName_Police_Independent;", "From_Localised":"System Authority Vessel", "Message":"$Police_StartPatrol04;", "Message_Localised":"I'm away, heading to patrol route alpha now.", "Channel":"npc" }
{ "timestamp":"2017-01-21T04:30:19Z", "event":"RefuelAll", "Cost":15, "Amount":0.291513 }
{ "timestamp":"2017-01-21T04:32:05Z", "event":"Undocked", "StationName":"Schiltberger's Progress" }
{ "timestamp":"2017-01-21T04:32:37Z", "event":"ReceiveText", "From":"Schiltberger's Progress", "Message":"$STATION_NoFireZone_exited;", "Message_Localised":"No fire zone left.", "Channel":"npc" }
{ "timestamp":"2017-01-21T04:33:04Z", "event":"ReceiveText", "From":"$ShipName_Police_Independent;", "From_Localised":"System Authority Vessel", "Message":"$Police_StartPatrol01;", "Message_Localised":"Patrol craft checking in. Pre-flight checks complete, I'm heading out.", "Channel":"npc" }
{ "timestamp":"2017-01-21T04:33:04Z", "event":"SupercruiseEntry", "StarSystem":"Meene" }
{ "timestamp":"2017-01-21T04:34:19Z", "event":"SupercruiseExit", "StarSystem":"Meene", "Body":"Meene AB 1", "BodyType":"Planet" }
{ "timestamp":"2017-01-21T04:34:40Z", "event":"SupercruiseEntry", "StarSystem":"Meene" }
{ "timestamp":"2017-01-21T04:35:40Z", "event":"SupercruiseExit", "StarSystem":"Meene", "Body":"Felice Dock", "BodyType":"Station" }
{ "timestamp":"2017-01-21T04:36:06Z", "event":"ReceiveText", "From":"$cmdr_decorate:#name=UnmarkedBoxcar;", "From_Localised":"CMDR UnmarkedBoxcar", "Message":"Huh...interesting, I didn't get it again, though I might try.", "Channel":"local" }
{ "timestamp":"2017-01-21T04:36:55Z", "event":"ReceiveText", "From":"$cmdr_decorate:#name=UnmarkedBoxcar;", "From_Localised":"CMDR UnmarkedBoxcar", "Message":"Maybe I'll Re-dock.", "Channel":"local" }
{ "timestamp":"2017-01-21T04:37:07Z", "event":"DockingRequested", "StationName":"Felice Dock" }
{ "timestamp":"2017-01-21T04:37:07Z", "event":"ReceiveText", "From":"Felice Dock", "Message":"$DockingChatter_Neutral;", "Message_Localised":"Ensure to observe starport protocol during your visit, pilot.", "Channel":"npc" }
{ "timestamp":"2017-01-21T04:37:09Z", "event":"ReceiveText", "From":"Felice Dock", "Message":"$STATION_docking_granted;", "Message_Localised":"Docking request granted.", "Channel":"npc" }
{ "timestamp":"2017-01-21T04:37:09Z", "event":"DockingGranted", "LandingPad":27, "StationName":"Felice Dock" }
{ "timestamp":"2017-01-21T04:37:31Z", "event":"ReceiveText", "From":"Felice Dock", "Message":"$STATION_NoFireZone_entered;", "Message_Localised":"No fire zone entered.", "Channel":"npc" }
{ "timestamp":"2017-01-21T04:39:04Z", "event":"Docked", "StationName":"Felice Dock", "StationType":"Bernal", "StarSystem":"Meene", "StationFaction":"Meene Purple Drug Empire", "StationGovernment":"$government_Anarchy;", "StationGovernment_Localised":"Anarchy", "StationEconomy":"$economy_Industrial;", "StationEconomy_Localised":"Industrial" }
{ "timestamp":"2017-01-21T04:39:38Z", "event":"ReceiveText", "From":"$cmdr_decorate:#name=Perseus Tacitus;", "From_Localised":"CMDR Perseus Tacitus", "Message":"confirmed I re-docked and just picked up the mission again", "Channel":"local" }
{ "timestamp":"2017-01-21T04:41:53Z", "event":"ReceiveText", "From":"$cmdr_decorate:#name=UnmarkedBoxcar;", "From_Localised":"CMDR UnmarkedBoxcar", "Message":"Coming back in...", "Channel":"local" }
{ "timestamp":"2017-01-21T04:43:14Z", "event":"ReceiveText", "From":"$cmdr_decorate:#name=UnmarkedBoxcar;", "From_Localised":"CMDR UnmarkedBoxcar", "Message":"Yup, that worked.", "Channel":"local" }
{ "timestamp":"2017-01-21T04:44:49Z", "event":"ShipyardTransfer", "ShipType":"Eagle", "ShipID":0, "System":"Kremainn", "Distance":225.281448, "TransferPrice":12011 }
{ "timestamp":"2017-01-21T04:45:13Z", "event":"ShipyardTransfer", "ShipType":"Hauler", "ShipID":1, "System":"Surya", "Distance":210.734756, "TransferPrice":4474 }
{ "timestamp":"2017-01-21T04:47:36Z", "event":"RefuelAll", "Cost":10, "Amount":0.161367 }
{ "timestamp":"2017-01-21T04:48:47Z", "event":"ReceiveText", "From":"$npc_name_decorate:#name=adie;", "From_Localised":"adie", "Message":"$Smuggler_NearDeath05;", "Message_Localised":"The boss isn't going to like this.", "Channel":"npc" }
{ "timestamp":"2017-01-21T04:50:59Z", "event":"FetchRemoteModule", "StorageSlot":50, "StoredItem":"$hpt_crimescanner_size0_class1_name;", "StoredItem_Localised":"K-Warrant Scanner", "ServerId":128662530, "TransferCost":256, "Ship":"vulture", "ShipID":3 }
{ "timestamp":"2017-01-21T04:51:04Z", "event":"FetchRemoteModule", "StorageSlot":53, "StoredItem":"$int_hullreinforcement_size1_class2_name;", "StoredItem_Localised":"Hull Reinforcement", "ServerId":128668538, "TransferCost":273, "Ship":"vulture", "ShipID":3 }
{ "timestamp":"2017-01-21T04:51:09Z", "event":"FetchRemoteModule", "StorageSlot":57, "StoredItem":"$int_hyperdrive_size4_class1_name;", "StoredItem_Localised":"FSD", "ServerId":128064113, "TransferCost":375, "Ship":"vulture", "ShipID":3 }
{ "timestamp":"2017-01-21T04:51:14Z", "event":"FetchRemoteModule", "StorageSlot":51, "StoredItem":"$int_fuelscoop_size1_class4_name;", "StoredItem_Localised":"Fuel Scoop", "ServerId":128666668, "TransferCost":337, "Ship":"vulture", "ShipID":3 }
{ "timestamp":"2017-01-21T04:51:26Z", "event":"ReceiveText", "From":"$npc_name_decorate:#name=Jack-Jack Baker;", "From_Localised":"Jack-Jack Baker", "Message":"$Smuggler_NearDeath05;", "Message_Localised":"The boss isn't going to like this.", "Channel":"npc" }
{ "timestamp":"2017-01-21T04:52:06Z", "event":"FetchRemoteModule", "StorageSlot":55, "StoredItem":"$int_buggybay_size2_class2_name;", "StoredItem_Localised":"Planetary Vehicle Hangar", "ServerId":128672289, "TransferCost":349, "Ship":"vulture", "ShipID":3 }
{ "timestamp":"2017-01-21T04:52:10Z", "event":"FetchRemoteModule", "StorageSlot":58, "StoredItem":"$int_cargorack_size4_class1_name;", "StoredItem_Localised":"Cargo Rack", "ServerId":128064341, "TransferCost":575, "Ship":"vulture", "ShipID":3 }
{ "timestamp":"2017-01-21T04:52:15Z", "event":"FetchRemoteModule", "StorageSlot":56, "StoredItem":"$int_fighterbay_size5_class1_name;", "StoredItem_Localised":"Fighter Hangar", "ServerId":128727930, "TransferCost":6749, "Ship":"vulture", "ShipID":3 }
{ "timestamp":"2017-01-21T04:52:19Z", "event":"FetchRemoteModule", "StorageSlot":54, "StoredItem":"$vulture_armour_grade3_name;", "StoredItem_Localised":"Military Grade Composite", "ServerId":128049312, "TransferCost":51309, "Ship":"vulture", "ShipID":3 }
{ "timestamp":"2017-01-21T04:52:24Z", "event":"FetchRemoteModule", "StorageSlot":52, "StoredItem":"$int_hullreinforcement_size4_class2_name;", "StoredItem_Localised":"Hull Reinforcement", "ServerId":128668544, "TransferCost":2352, "Ship":"vulture", "ShipID":3 }
{ "timestamp":"2017-01-21T04:52:28Z", "event":"FetchRemoteModule", "StorageSlot":59, "StoredItem":"$hpt_pulselaser_gimbal_large_name;", "StoredItem_Localised":"Pulse Laser", "ServerId":128049387, "TransferCost":1670, "Ship":"vulture", "ShipID":3 }
{ "timestamp":"2017-01-21T04:52:31Z", "event":"FetchRemoteModule", "StorageSlot":60, "StoredItem":"$hpt_pulselaser_gimbal_large_name;", "StoredItem_Localised":"Pulse Laser", "ServerId":128049387, "TransferCost":1513, "Ship":"vulture", "ShipID":3 }
{ "timestamp":"2017-01-21T04:58:34Z", "event":"ReceiveText", "From":"$cmdr_decorate:#name=Perseus Tacitus;", "From_Localised":"CMDR Perseus Tacitus", "Message":"off to do some science ", "Channel":"local" }
{ "timestamp":"2017-01-21T04:58:37Z", "event":"ReceiveText", "From":"$cmdr_decorate:#name=Perseus Tacitus;", "From_Localised":"CMDR Perseus Tacitus", "Message":"GL out there alkl", "Channel":"local" }
{ "timestamp":"2017-01-21T04:58:48Z", "event":"ReceiveText", "From":"$cmdr_decorate:#name=Perseus Tacitus;", "From_Localised":"CMDR Perseus Tacitus", "Message":"all*", "Channel":"local" }
{ "timestamp":"2017-01-21T05:15:00Z", "event":"ReceiveText", "From":"$npc_name_decorate:#name=Trident;", "From_Localised":"Trident", "Message":"$MinerCriticalDamage02;", "Message_Localised":"All I was doing was mining!", "Channel":"npc" }
{ "timestamp":"2017-01-21T05:37:01Z", "event":"WingLeave" }
{ "timestamp":"2017-01-21T05:44:08Z", "event":"LoadGame", "Commander":"Kith000", "Ship":"Vulture", "ShipID":3, "GameMode":"Group", "Group":"MOBIUS PVE", "Credits":36155873, "Loan":0 }
{ "timestamp":"2017-01-21T05:44:08Z", "event":"Rank", "Combat":5, "Trade":4, "Explore":2, "Empire":0, "Federation":2, "CQC":0 }
{ "timestamp":"2017-01-21T05:44:08Z", "event":"Progress", "Combat":11, "Trade":34, "Explore":16, "Empire":100, "Federation":83, "CQC":40 }
{ "timestamp":"2017-01-21T05:44:50Z", "event":"Location", "Docked":true, "StationName":"Felice Dock", "StationType":"Bernal", "StarSystem":"Meene", "StarPos":[118.781,-56.438,-97.188], "SystemAllegiance":"Independent", "SystemEconomy":"$economy_Industrial;", "SystemEconomy_Localised":"Industrial", "SystemGovernment":"$government_Anarchy;", "SystemGovernment_Localised":"Anarchy", "SystemSecurity":"$GAlAXY_MAP_INFO_state_anarchy;", "SystemSecurity_Localised":"Anarchy", "Body":"Felice Dock", "BodyType":"Station", "SystemFaction":"Meene Purple Drug Empire" }
{ "timestamp":"2017-01-21T05:44:50Z", "event":"Docked", "StationName":"Felice Dock", "StationType":"Bernal", "StarSystem":"Meene", "StationFaction":"Meene Purple Drug Empire", "StationGovernment":"$government_Anarchy;", "StationGovernment_Localised":"Anarchy", "StationEconomy":"$economy_Industrial;", "StationEconomy_Localised":"Industrial" }
{ "timestamp":"2017-01-21T05:52:23Z", "event":"ModuleBuy", "Slot":"ShipKitTail", "BuyItem":"$vulture_shipkit1_tail1_name;", "BuyItem_Localised":"Tail 1", "BuyPrice":0, "Ship":"vulture", "ShipID":3 }
{ "timestamp":"2017-01-21T05:53:20Z", "event":"ModuleBuy", "Slot":"ShipKitTail", "SellItem":"$vulture_shipkit1_tail1_name;", "SellItem_Localised":"Tail 1", "SellPrice":0, "BuyItem":"$vulture_shipkit1_tail4_name;", "BuyItem_Localised":"Tail 4", "BuyPrice":0, "Ship":"vulture", "ShipID":3 }
{ "timestamp":"2017-01-21T05:55:58Z", "event":"ModuleBuy", "Slot":"ShipKitBumper", "BuyItem":"$vulture_shipkit1_bumper4_name;", "BuyItem_Localised":"Bumper 4", "BuyPrice":0, "Ship":"vulture", "ShipID":3 }
{ "timestamp":"2017-01-21T05:56:16Z", "event":"ModuleBuy", "Slot":"ShipKitWings", "BuyItem":"$vulture_shipkit1_wings2_name;", "BuyItem_Localised":"Wings 2", "BuyPrice":0, "Ship":"vulture", "ShipID":3 }
{ "timestamp":"2017-01-21T05:58:09Z", "event":"ModuleBuy", "Slot":"ShipKitSpoiler", "BuyItem":"$vulture_shipkit1_spoiler4_name;", "BuyItem_Localised":"Spoiler 4", "BuyPrice":0, "Ship":"vulture", "ShipID":3 }
{ "timestamp":"2017-01-21T05:58:33Z", "event":"ModuleBuy", "Slot":"PaintJob", "BuyItem":"$paintjob_vulture_tactical_white_name;", "BuyItem_Localised":"Tactical Ice", "BuyPrice":0, "Ship":"vulture", "ShipID":3 }
{ "timestamp":"2017-01-21T06:00:59Z", "event":"ShipyardSwap", "ShipType":"independant_trader", "ShipID":5, "StoreOldShip":"Vulture", "StoreShipID":3 }
{ "timestamp":"2017-01-21T06:01:12Z", "event":"Docked", "StationName":"Felice Dock", "StationType":"Bernal", "StarSystem":"Meene", "StationFaction":"Meene Purple Drug Empire", "StationGovernment":"$government_Anarchy;", "StationGovernment_Localised":"Anarchy", "StationEconomy":"$economy_Industrial;", "StationEconomy_Localised":"Industrial" }
{ "timestamp":"2017-01-21T06:04:02Z", "event":"ShipyardSwap", "ShipType":"vulture", "ShipID":3, "StoreOldShip":"Independant_Trader", "StoreShipID":5 }
{ "timestamp":"2017-01-21T06:04:13Z", "event":"Docked", "StationName":"Felice Dock", "StationType":"Bernal", "StarSystem":"Meene", "StationFaction":"Meene Purple Drug Empire", "StationGovernment":"$government_Anarchy;", "StationGovernment_Localised":"Anarchy", "StationEconomy":"$economy_Industrial;", "StationEconomy_Localised":"Industrial" }
{ "timestamp":"2017-01-21T06:08:12Z", "event":"ModuleRetrieve", "Slot":"Military01", "RetrievedItem":"$int_hullreinforcement_size4_class2_name;", "RetrievedItem_Localised":"Hull Reinforcement", "Ship":"vulture", "ShipID":3 }
{ "timestamp":"2017-01-21T06:08:41Z", "event":"ModuleRetrieve", "Slot":"Slot03_Size2", "RetrievedItem":"$int_hullreinforcement_size1_class2_name;", "RetrievedItem_Localised":"Hull Reinforcement", "Ship":"vulture", "ShipID":3, "SwapOutItem":"$int_buggybay_size2_class1_name;", "SwapOutItem_Localised":"Planetary Vehicle Hangar", "Cost":0 }
{ "timestamp":"2017-01-21T06:09:15Z", "event":"ShipyardSwap", "ShipType":"independant_trader", "ShipID":5, "StoreOldShip":"Vulture", "StoreShipID":3 }
{ "timestamp":"2017-01-21T06:09:25Z", "event":"Docked", "StationName":"Felice Dock", "StationType":"Bernal", "StarSystem":"Meene", "StationFaction":"Meene Purple Drug Empire", "StationGovernment":"$government_Anarchy;", "StationGovernment_Localised":"Anarchy", "StationEconomy":"$economy_Industrial;", "StationEconomy_Localised":"Industrial" }
{ "timestamp":"2017-01-21T06:13:26Z", "event":"ModuleRetrieve", "Slot":"Slot05_Size2", "RetrievedItem":"$int_buggybay_size2_class1_name;", "RetrievedItem_Localised":"Planetary Vehicle Hangar", "Ship":"independant_trader", "ShipID":5 }
{ "timestamp":"2017-01-21T06:16:58Z", "event":"ShipyardSwap", "ShipType":"vulture", "ShipID":3, "StoreOldShip":"Independant_Trader", "StoreShipID":5 }
{ "timestamp":"2017-01-21T06:17:11Z", "event":"Docked", "StationName":"Felice Dock", "StationType":"Bernal", "StarSystem":"Meene", "StationFaction":"Meene Purple Drug Empire", "StationGovernment":"$government_Anarchy;", "StationGovernment_Localised":"Anarchy", "StationEconomy":"$economy_Industrial;", "StationEconomy_Localised":"Industrial" }
{ "timestamp":"2017-01-21T06:18:03Z", "event":"ModuleRetrieve", "Slot":"Slot02_Size4", "RetrievedItem":"$int_fuelscoop_size1_class4_name;", "RetrievedItem_Localised":"Fuel Scoop", "Ship":"vulture", "ShipID":3, "SwapOutItem":"$int_fuelscoop_size3_class5_name;", "SwapOutItem_Localised":"Fuel Scoop", "Cost":0 }
{ "timestamp":"2017-01-21T06:18:17Z", "event":"ModuleSwap", "FromSlot":"Slot05_Size1", "ToSlot":"Slot02_Size4", "FromItem":"$int_cargorack_size1_class1_name;", "FromItem_Localised":"Cargo Rack", "ToItem":"$int_fuelscoop_size1_class4_name;", "ToItem_Localised":"Fuel Scoop", "Ship":"vulture", "ShipID":3 }
{ "timestamp":"2017-01-21T06:21:44Z", "event":"ShipyardSwap", "ShipType":"independant_trader", "ShipID":5, "StoreOldShip":"Vulture", "StoreShipID":3 }
{ "timestamp":"2017-01-21T06:21:55Z", "event":"Docked", "StationName":"Felice Dock", "StationType":"Bernal", "StarSystem":"Meene", "StationFaction":"Meene Purple Drug Empire", "StationGovernment":"$government_Anarchy;", "StationGovernment_Localised":"Anarchy", "StationEconomy":"$economy_Industrial;", "StationEconomy_Localised":"Industrial" }
{ "timestamp":"2017-01-21T06:22:48Z", "event":"ModuleRetrieve", "Slot":"Slot02_Size5", "RetrievedItem":"$int_cargorack_size4_class1_name;", "RetrievedItem_Localised":"Cargo Rack", "Ship":"independant_trader", "ShipID":5 }
{ "timestamp":"2017-01-21T06:23:20Z", "event":"ModuleRetrieve", "Slot":"Slot03_Size3", "RetrievedItem":"$int_fuelscoop_size3_class5_name;", "RetrievedItem_Localised":"Fuel Scoop", "Ship":"independant_trader", "ShipID":5 }
{ "timestamp":"2017-01-21T06:27:35Z", "event":"Undocked", "StationName":"Felice Dock", "StationType":"Bernal" }
{ "timestamp":"2017-01-21T06:28:06Z", "event":"ReceiveText", "From":"Felice Dock", "Message":"$STATION_NoFireZone_exited;", "Message_Localised":"No fire zone left.", "Channel":"npc" }
{ "timestamp":"2017-01-21T06:31:02Z", "event":"FSDJump", "StarSystem":"Hyades Sector SY-R c4-16", "StarPos":[124.375,-52.188,-98.344], "SystemAllegiance":"Independent", "SystemEconomy":"$economy_Military;", "SystemEconomy_Localised":"Military", "SystemGovernment":"$government_Corporate;", "SystemGovernment_Localised":"Corporate", "SystemSecurity":"$SYSTEM_SECURITY_medium;", "SystemSecurity_Localised":"Medium Security", "JumpDist":7.120, "FuelUsed":0.277232, "FuelLevel":15.722768, "SystemFaction":"HIP 29241 Exchange", "FactionState":"Boom" }
{ "timestamp":"2017-01-21T06:32:33Z", "event":"FuelScoop", "Scooped":-0.030556, "Total":15.692212 }
{ "timestamp":"2017-01-21T06:32:48Z", "event":"FSDJump", "StarSystem":"Hyades Sector JM-L b8-7", "StarPos":[127.000,-46.781,-93.938], "SystemAllegiance":"", "SystemEconomy":"$economy_None;", "SystemEconomy_Localised":"None", "SystemGovernment":"$government_None;", "SystemGovernment_Localised":"None", "SystemSecurity":"$SYSTEM_SECURITY_low;", "SystemSecurity_Localised":"Low Security", "JumpDist":7.452, "FuelUsed":0.307788, "FuelLevel":15.692212 }
{ "timestamp":"2017-01-21T06:32:50Z", "event":"WingJoin", "Others":[] }
{ "timestamp":"2017-01-21T06:32:50Z", "event":"WingAdd", "Name":"Ackron" }
{ "timestamp":"2017-01-21T06:33:02Z", "event":"SupercruiseExit", "StarSystem":"Hyades Sector JM-L b8-7", "Body":"Hyades Sector JM-L b8-7 A", "BodyType":"Star" }
{ "timestamp":"2017-01-21T06:34:37Z", "event":"HeatWarning" }
{ "timestamp":"2017-01-21T06:35:00Z", "event":"FSDJump", "StarSystem":"Col 285 Sector GP-K a24-3", "StarPos":[135.156,-43.875,-89.500], "SystemAllegiance":"", "SystemEconomy":"$economy_None;", "SystemEconomy_Localised":"None", "SystemGovernment":"$government_None;", "SystemGovernment_Localised":"None", "SystemSecurity":"$SYSTEM_SECURITY_low;", "SystemSecurity_Localised":"Low Security", "JumpDist":9.729, "FuelUsed":0.568579, "FuelLevel":15.431421 }
{ "timestamp":"2017-01-21T06:37:14Z", "event":"FSDJump", "StarSystem":"Col 285 Sector GP-K a24-0", "StarPos":[136.563,-43.688,-86.313], "SystemAllegiance":"", "SystemEconomy":"$economy_None;", "SystemEconomy_Localised":"None", "SystemGovernment":"$government_None;", "SystemGovernment_Localised":"None", "SystemSecurity":"$SYSTEM_SECURITY_low;", "SystemSecurity_Localised":"Low Security", "JumpDist":3.489, "FuelUsed":0.053508, "FuelLevel":15.377913 }
{ "timestamp":"2017-01-21T06:37:48Z", "event":"FuelScoop", "Scooped":0.622087, "Total":16.000000 }
{ "timestamp":"2017-01-21T06:38:09Z", "event":"FSDJump", "StarSystem":"HIP 32159", "StarPos":[143.219,-43.656,-81.375], "SystemAllegiance":"", "SystemEconomy":"$economy_None;", "SystemEconomy_Localised":"None", "SystemGovernment":"$government_None;", "SystemGovernment_Localised":"None", "SystemSecurity":"$SYSTEM_SECURITY_low;", "SystemSecurity_Localised":"Low Security", "JumpDist":8.288, "FuelUsed":0.393169, "FuelLevel":15.606831 }
{ "timestamp":"2017-01-21T06:38:36Z", "event":"FuelScoop", "Scooped":0.393169, "Total":16.000000 }
{ "timestamp":"2017-01-21T06:39:00Z", "event":"FSDJump", "StarSystem":"Col 285 Sector LV-I a25-5", "StarPos":[148.688,-38.563,-82.906], "SystemAllegiance":"", "SystemEconomy":"$economy_None;", "SystemEconomy_Localised":"None", "SystemGovernment":"$government_None;", "SystemGovernment_Localised":"None", "SystemSecurity":"$SYSTEM_SECURITY_low;", "SystemSecurity_Localised":"Low Security", "JumpDist":7.629, "FuelUsed":0.324916, "FuelLevel":15.675084 }
{ "timestamp":"2017-01-21T06:39:53Z", "event":"FSDJump", "StarSystem":"Col 285 Sector LV-I a25-0", "StarPos":[152.156,-39.719,-78.219], "SystemAllegiance":"", "SystemEconomy":"$economy_None;", "SystemEconomy_Localised":"None", "SystemGovernment":"$government_None;", "SystemGovernment_Localised":"None", "SystemSecurity":"$SYSTEM_SECURITY_low;", "SystemSecurity_Localised":"Low Security", "JumpDist":5.945, "FuelUsed":0.182640, "FuelLevel":15.492444 }
{ "timestamp":"2017-01-21T06:40:50Z", "event":"FSDJump", "StarSystem":"Col 285 Sector MV-I a25-2", "StarPos":[158.281,-41.938,-79.438], "SystemAllegiance":"", "SystemEconomy":"$economy_None;", "SystemEconomy_Localised":"None", "SystemGovernment":"$government_None;", "SystemGovernment_Localised":"None", "SystemSecurity":"$SYSTEM_SECURITY_low;", "SystemSecurity_Localised":"Low Security", "JumpDist":6.628, "FuelUsed":0.234173, "FuelLevel":15.258271 }
{ "timestamp":"2017-01-21T06:42:08Z", "event":"FSDJump", "StarSystem":"Col 285 Sector NV-I a25-1", "StarPos":[166.594,-42.844,-82.063], "SystemAllegiance":"", "SystemEconomy":"$economy_None;", "SystemEconomy_Localised":"None", "SystemGovernment":"$government_None;", "SystemGovernment_Localised":"None", "SystemSecurity":"$SYSTEM_SECURITY_low;", "SystemSecurity_Localised":"Low Security", "JumpDist":8.764, "FuelUsed":0.444475, "FuelLevel":14.813796 }
{ "timestamp":"2017-01-21T06:43:02Z", "event":"FSDJump", "StarSystem":"Col 285 Sector NV-I a25-2", "StarPos":[168.156,-41.719,-81.031], "SystemAllegiance":"", "SystemEconomy":"$economy_None;", "SystemEconomy_Localised":"None", "SystemGovernment":"$government_None;", "SystemGovernment_Localised":"None", "SystemSecurity":"$SYSTEM_SECURITY_low;", "SystemSecurity_Localised":"Low Security", "JumpDist":2.184, "FuelUsed":0.018131, "FuelLevel":14.795665 }
{ "timestamp":"2017-01-21T06:43:33Z", "event":"FuelScoop", "Scooped":1.204335, "Total":16.000000 }
{ "timestamp":"2017-01-21T06:44:04Z", "event":"FSDJump", "StarSystem":"Col 285 Sector OV-I a25-3", "StarPos":[175.625,-39.688,-82.969], "SystemAllegiance":"", "SystemEconomy":"$economy_None;", "SystemEconomy_Localised":"None", "SystemGovernment":"$government_None;", "SystemGovernment_Localised":"None", "SystemSecurity":"$SYSTEM_SECURITY_low;", "SystemSecurity_Localised":"Low Security", "JumpDist":7.979, "FuelUsed":0.360256, "FuelLevel":15.639745 }
{ "timestamp":"2017-01-21T06:44:52Z", "event":"FSDJump", "StarSystem":"Col 285 Sector OV-I a25-1", "StarPos":[178.063,-37.875,-83.188], "SystemAllegiance":"", "SystemEconomy":"$economy_None;", "SystemEconomy_Localised":"None", "SystemGovernment":"$government_None;", "SystemGovernment_Localised":"None", "SystemSecurity":"$SYSTEM_SECURITY_low;", "SystemSecurity_Localised":"Low Security", "JumpDist":3.045, "FuelUsed":0.039203, "FuelLevel":15.600541 }
{ "timestamp":"2017-01-21T06:45:45Z", "event":"FSDJump", "StarSystem":"Col 285 Sector PV-I a25-2", "StarPos":[185.188,-41.344,-81.500], "SystemAllegiance":"", "SystemEconomy":"$economy_None;", "SystemEconomy_Localised":"None", "SystemGovernment":"$government_None;", "SystemGovernment_Localised":"None", "SystemSecurity":"$SYSTEM_SECURITY_low;", "SystemSecurity_Localised":"Low Security", "JumpDist":8.102, "FuelUsed":0.372042, "FuelLevel":15.228499 }
{ "timestamp":"2017-01-21T06:46:10Z", "event":"SupercruiseExit", "StarSystem":"Col 285 Sector PV-I a25-2", "Body":"Col 285 Sector PV-I a25-2", "BodyType":"Star" }
{ "timestamp":"2017-01-21T06:48:21Z", "event":"FSDJump", "StarSystem":"Col 285 Sector PV-I a25-1", "StarPos":[186.531,-40.594,-83.813], "SystemAllegiance":"", "SystemEconomy":"$economy_None;", "SystemEconomy_Localised":"None", "SystemGovernment":"$government_None;", "SystemGovernment_Localised":"None", "SystemSecurity":"$SYSTEM_SECURITY_low;", "SystemSecurity_Localised":"Low Security", "JumpDist":2.778, "FuelUsed":0.031623, "FuelLevel":15.196877 }
{ "timestamp":"2017-01-21T06:49:06Z", "event":"FSDJump", "StarSystem":"Col 285 Sector LP-K a24-3", "StarPos":[193.438,-43.906,-85.125], "SystemAllegiance":"", "SystemEconomy":"$economy_None;", "SystemEconomy_Localised":"None", "SystemGovernment":"$government_None;", "SystemGovernment_Localised":"None", "SystemSecurity":"$SYSTEM_SECURITY_low;", "SystemSecurity_Localised":"Low Security", "JumpDist":7.771, "FuelUsed":0.336922, "FuelLevel":14.859954 }
{ "timestamp":"2017-01-21T06:50:10Z", "event":"FSDJump", "StarSystem":"Col 285 Sector QV-I a25-0", "StarPos":[196.000,-42.094,-84.250], "SystemAllegiance":"", "SystemEconomy":"$economy_None;", "SystemEconomy_Localised":"None", "SystemGovernment":"$government_None;", "SystemGovernment_Localised":"None", "SystemSecurity":"$SYSTEM_SECURITY_low;", "SystemSecurity_Localised":"Low Security", "JumpDist":3.258, "FuelUsed":0.045514, "FuelLevel":14.814440 }
{ "timestamp":"2017-01-21T06:50:56Z", "event":"FSDJump", "StarSystem":"Col 285 Sector MP-K a24-0", "StarPos":[200.938,-37.344,-85.156], "SystemAllegiance":"", "SystemEconomy":"$economy_None;", "SystemEconomy_Localised":"None", "SystemGovernment":"$government_None;", "SystemGovernment_Localised":"None", "SystemSecurity":"$SYSTEM_SECURITY_low;", "SystemSecurity_Localised":"Low Security", "JumpDist":6.911, "FuelUsed":0.256467, "FuelLevel":14.557973 }
{ "timestamp":"2017-01-21T06:51:54Z", "event":"FSDJump", "StarSystem":"Col 285 Sector RV-I a25-0", "StarPos":[206.656,-43.531,-82.281], "SystemAllegiance":"", "SystemEconomy":"$economy_None;", "SystemEconomy_Localised":"None", "SystemGovernment":"$government_None;", "SystemGovernment_Localised":"None", "SystemSecurity":"$SYSTEM_SECURITY_low;", "SystemSecurity_Localised":"Low Security", "JumpDist":8.903, "FuelUsed":0.458214, "FuelLevel":13.709759 }
{ "timestamp":"2017-01-21T06:52:45Z", "event":"FSDJump", "StarSystem":"Col 285 Sector EV-O c6-11", "StarPos":[211.781,-43.813,-83.750], "SystemAllegiance":"", "SystemEconomy":"$economy_None;", "SystemEconomy_Localised":"None", "SystemGovernment":"$government_None;", "SystemGovernment_Localised":"None", "SystemSecurity":"$SYSTEM_SECURITY_low;", "SystemSecurity_Localised":"Low Security", "JumpDist":5.339, "FuelUsed":0.140392, "FuelLevel":13.569367 }
{ "timestamp":"2017-01-21T06:53:15Z", "event":"FuelScoop", "Scooped":1.070987, "Total":14.640354 }
{ "timestamp":"2017-01-21T06:54:18Z", "event":"FuelScoop", "Scooped":1.359646, "Total":16.000000 }
{ "timestamp":"2017-01-21T06:54:50Z", "event":"FSDJump", "StarSystem":"Col 285 Sector ML-D b13-2", "StarPos":[219.344,-45.563,-83.125], "SystemAllegiance":"", "SystemEconomy":"$economy_None;", "SystemEconomy_Localised":"None", "SystemGovernment":"$government_None;", "SystemGovernment_Localised":"None", "SystemSecurity":"$SYSTEM_SECURITY_low;", "SystemSecurity_Localised":"Low Security", "JumpDist":7.787, "FuelUsed":0.340697, "FuelLevel":15.659304 }
{ "timestamp":"2017-01-21T06:56:04Z", "event":"FuelScoop", "Scooped":0.340696, "Total":16.000000 }
{ "timestamp":"2017-01-21T06:56:33Z", "event":"FSDJump", "StarSystem":"Col 285 Sector TV-I a25-0", "StarPos":[225.438,-42.906,-82.375], "SystemAllegiance":"", "SystemEconomy":"$economy_None;", "SystemEconomy_Localised":"None", "SystemGovernment":"$government_None;", "SystemGovernment_Localised":"None", "SystemSecurity":"$SYSTEM_SECURITY_low;", "SystemSecurity_Localised":"Low Security", "JumpDist":6.690, "FuelUsed":0.240210, "FuelLevel":15.759789 }
{ "timestamp":"2017-01-21T06:57:27Z", "event":"FSDJump", "StarSystem":"Col 285 Sector TV-I a25-6", "StarPos":[230.156,-40.813,-79.719], "SystemAllegiance":"", "SystemEconomy":"$economy_None;", "SystemEconomy_Localised":"None", "SystemGovernment":"$government_None;", "SystemGovernment_Localised":"None", "SystemSecurity":"$SYSTEM_SECURITY_low;", "SystemSecurity_Localised":"Low Security", "JumpDist":5.806, "FuelUsed":0.173070, "FuelLevel":15.586720 }
{ "timestamp":"2017-01-21T06:58:20Z", "event":"FSDJump", "StarSystem":"Col 285 Sector UV-I a25-0", "StarPos":[236.781,-38.781,-81.188], "SystemAllegiance":"", "SystemEconomy":"$economy_None;", "SystemEconomy_Localised":"None", "SystemGovernment":"$government_None;", "SystemGovernment_Localised":"None", "SystemSecurity":"$SYSTEM_SECURITY_low;", "SystemSecurity_Localised":"Low Security", "JumpDist":7.083, "FuelUsed":0.273091, "FuelLevel":15.313629 }
{ "timestamp":"2017-01-21T06:59:20Z", "event":"FSDJump", "StarSystem":"Col 285 Sector UV-I a25-5", "StarPos":[243.094,-37.656,-77.344], "SystemAllegiance":"", "SystemEconomy":"$economy_None;", "SystemEconomy_Localised":"None", "SystemGovernment":"$government_None;", "SystemGovernment_Localised":"None", "SystemSecurity":"$SYSTEM_SECURITY_low;", "SystemSecurity_Localised":"Low Security", "JumpDist":7.476, "FuelUsed":0.308479, "FuelLevel":15.005151 }
{ "timestamp":"2017-01-21T07:00:07Z", "event":"FSDJump", "StarSystem":"Col 285 Sector XG-H a26-0", "StarPos":[246.563,-34.313,-74.344], "SystemAllegiance":"", "SystemEconomy":"$economy_None;", "SystemEconomy_Localised":"None", "SystemGovernment":"$government_None;", "SystemGovernment_Localised":"None", "SystemSecurity":"$SYSTEM_SECURITY_low;", "SystemSecurity_Localised":"Low Security", "JumpDist":5.676, "FuelUsed":0.163296, "FuelLevel":14.841855 }
{ "timestamp":"2017-01-21T07:00:27Z", "event":"SendText", "To":"Ackron", "Message":"eyyyyy" }
{ "timestamp":"2017-01-21T07:00:33Z", "event":"SendText", "To":"Ackron", "Message":"sup man" }
{ "timestamp":"2017-01-21T07:00:52Z", "event":"FSDJump", "StarSystem":"Col 285 Sector FV-O c6-2", "StarPos":[254.344,-33.500,-72.188], "SystemAllegiance":"", "SystemEconomy":"$economy_None;", "SystemEconomy_Localised":"None", "SystemGovernment":"$government_None;", "SystemGovernment_Localised":"None", "SystemSecurity":"$SYSTEM_SECURITY_low;", "SystemSecurity_Localised":"Low Security", "JumpDist":8.115, "FuelUsed":0.371167, "FuelLevel":14.470688 }
{ "timestamp":"2017-01-21T07:01:17Z", "event":"ReceiveText", "From":"&Ackron", "Message":"nm man just made it to the system", "Channel":"player" }
{ "timestamp":"2017-01-21T07:01:24Z", "event":"FuelScoop", "Scooped":1.529312, "Total":16.000000 }
{ "timestamp":"2017-01-21T07:01:55Z", "event":"FSDJump", "StarSystem":"Synuefe SN-F a93-1", "StarPos":[259.000,-34.156,-73.000], "SystemAllegiance":"", "SystemEconomy":"$economy_None;", "SystemEconomy_Localised":"None", "SystemGovernment":"$government_None;", "SystemGovernment_Localised":"None", "SystemSecurity":"$SYSTEM_SECURITY_low;", "SystemSecurity_Localised":"Low Security", "JumpDist":4.772, "FuelUsed":0.110452, "FuelLevel":15.889547 }
{ "timestamp":"2017-01-21T07:03:08Z", "event":"FSDJump", "StarSystem":"Synuefe UI-F a93-0", "StarPos":[262.750,-35.969,-70.406], "SystemAllegiance":"", "SystemEconomy":"$economy_None;", "SystemEconomy_Localised":"None", "SystemGovernment":"$government_None;", "SystemGovernment_Localised":"None", "SystemSecurity":"$SYSTEM_SECURITY_low;", "SystemSecurity_Localised":"Low Security", "JumpDist":4.907, "FuelUsed":0.117655, "FuelLevel":15.771892 }
{ "timestamp":"2017-01-21T07:03:46Z", "event":"ReceiveText", "From":"&Ackron", "Message":"ello?", "Channel":"player" }
{ "timestamp":"2017-01-21T07:04:03Z", "event":"FSDJump", "StarSystem":"Synuefe VI-F a93-2", "StarPos":[270.781,-35.125,-72.688], "SystemAllegiance":"", "SystemEconomy":"$economy_None;", "SystemEconomy_Localised":"None", "SystemGovernment":"$government_None;", "SystemGovernment_Localised":"None", "SystemSecurity":"$SYSTEM_SECURITY_low;", "SystemSecurity_Localised":"Low Security", "JumpDist":8.391, "FuelUsed":0.403857, "FuelLevel":15.368034 }
{ "timestamp":"2017-01-21T07:04:53Z", "event":"FSDJump", "StarSystem":"Synuefe UN-F a93-0", "StarPos":[276.594,-34.938,-74.906], "SystemAllegiance":"", "SystemEconomy":"$economy_None;", "SystemEconomy_Localised":"None", "SystemGovernment":"$government_None;", "SystemGovernment_Localised":"None", "SystemSecurity":"$SYSTEM_SECURITY_low;", "SystemSecurity_Localised":"Low Security", "JumpDist":6.224, "FuelUsed":0.202500, "FuelLevel":15.165535 }
{ "timestamp":"2017-01-21T07:05:36Z", "event":"FSDJump", "StarSystem":"Synuefe UN-F a93-3", "StarPos":[281.813,-33.219,-73.469], "SystemAllegiance":"", "SystemEconomy":"$economy_None;", "SystemEconomy_Localised":"None", "SystemGovernment":"$government_None;", "SystemGovernment_Localised":"None", "SystemSecurity":"$SYSTEM_SECURITY_low;", "SystemSecurity_Localised":"Low Security", "JumpDist":5.679, "FuelUsed":0.163756, "FuelLevel":15.001779 }
{ "timestamp":"2017-01-21T07:05:45Z", "event":"SupercruiseExit", "StarSystem":"Synuefe UN-F a93-3", "Body":"Synuefe UN-F a93-3", "BodyType":"Star" }
{ "timestamp":"2017-01-21T07:07:07Z", "event":"HeatWarning" }
{ "timestamp":"2017-01-21T07:07:27Z", "event":"FSDJump", "StarSystem":"Synuefe VN-F a93-0", "StarPos":[285.438,-34.250,-73.188], "SystemAllegiance":"", "SystemEconomy":"$economy_None;", "SystemEconomy_Localised":"None", "SystemGovernment":"$government_None;", "SystemGovernment_Localised":"None", "SystemSecurity":"$SYSTEM_SECURITY_low;", "SystemSecurity_Localised":"Low Security", "JumpDist":3.779, "FuelUsed":0.064088, "FuelLevel":14.937690 }
{ "timestamp":"2017-01-21T07:07:27Z", "event":"HeatWarning" }
{ "timestamp":"2017-01-21T07:08:18Z", "event":"FSDJump", "StarSystem":"Synuefe VN-F a93-3", "StarPos":[286.656,-32.625,-72.906], "SystemAllegiance":"", "SystemEconomy":"$economy_None;", "SystemEconomy_Localised":"None", "SystemGovernment":"$government_None;", "SystemGovernment_Localised":"None", "SystemSecurity":"$SYSTEM_SECURITY_low;", "SystemSecurity_Localised":"Low Security", "JumpDist":2.051, "FuelUsed":0.015698, "FuelLevel":14.921991 }
{ "timestamp":"2017-01-21T07:09:13Z", "event":"FSDJump", "StarSystem":"Synuefe YI-F a93-2", "StarPos":[295.188,-36.563,-72.563], "SystemAllegiance":"", "SystemEconomy":"$economy_None;", "SystemEconomy_Localised":"None", "SystemGovernment":"$government_None;", "SystemGovernment_Localised":"None", "SystemSecurity":"$SYSTEM_SECURITY_low;", "SystemSecurity_Localised":"Low Security", "JumpDist":9.402, "FuelUsed":0.521071, "FuelLevel":14.400920 }
{ "timestamp":"2017-01-21T07:10:11Z", "event":"FSDJump", "StarSystem":"Synuefe UC-H a92-2", "StarPos":[301.906,-36.875,-75.688], "SystemAllegiance":"", "SystemEconomy":"$economy_None;", "SystemEconomy_Localised":"None", "SystemGovernment":"$government_None;", "SystemGovernment_Localised":"None", "SystemSecurity":"$SYSTEM_SECURITY_low;", "SystemSecurity_Localised":"Low Security", "JumpDist":7.417, "FuelUsed":0.300679, "FuelLevel":14.100241 }
{ "timestamp":"2017-01-21T07:11:05Z", "event":"FSDJump", "StarSystem":"Synuefe VC-H a92-7", "StarPos":[305.500,-38.500,-77.469], "SystemAllegiance":"", "SystemEconomy":"$economy_None;", "SystemEconomy_Localised":"None", "SystemGovernment":"$government_None;", "SystemGovernment_Localised":"None", "SystemSecurity":"$SYSTEM_SECURITY_low;", "SystemSecurity_Localised":"Low Security", "JumpDist":4.328, "FuelUsed":0.086891, "FuelLevel":14.013350 }
{ "timestamp":"2017-01-21T07:12:02Z", "event":"FSDJump", "StarSystem":"Synuefe VC-H a92-9", "StarPos":[313.438,-38.469,-77.906], "SystemAllegiance":"", "SystemEconomy":"$economy_None;", "SystemEconomy_Localised":"None", "SystemGovernment":"$government_None;", "SystemGovernment_Localised":"None", "SystemSecurity":"$SYSTEM_SECURITY_low;", "SystemSecurity_Localised":"Low Security", "JumpDist":7.950, "FuelUsed":0.351632, "FuelLevel":13.661717 }
{ "timestamp":"2017-01-21T07:12:50Z", "event":"FSDJump", "StarSystem":"Synuefe WC-H a92-2", "StarPos":[317.563,-40.500,-79.688], "SystemAllegiance":"", "SystemEconomy":"$economy_None;", "SystemEconomy_Localised":"None", "SystemGovernment":"$government_None;", "SystemGovernment_Localised":"None", "SystemSecurity":"$SYSTEM_SECURITY_low;", "SystemSecurity_Localised":"Low Security", "JumpDist":4.931, "FuelUsed":0.116899, "FuelLevel":13.544818 }
{ "timestamp":"2017-01-21T07:12:59Z", "event":"SupercruiseExit", "StarSystem":"Synuefe WC-H a92-2", "Body":"Synuefe WC-H a92-2", "BodyType":"Star" }
{ "timestamp":"2017-01-21T07:14:28Z", "event":"FSDJump", "StarSystem":"Synuefe WC-H a92-3", "StarPos":[322.844,-37.844,-81.531], "SystemAllegiance":"", "SystemEconomy":"$economy_None;", "SystemEconomy_Localised":"None", "SystemGovernment":"$government_None;", "SystemGovernment_Localised":"None", "SystemSecurity":"$SYSTEM_SECURITY_low;", "SystemSecurity_Localised":"Low Security", "JumpDist":6.192, "FuelUsed":0.197218, "FuelLevel":13.347600 }
{ "timestamp":"2017-01-21T07:14:39Z", "event":"ReceiveText", "From":"$npc_name_decorate:#name=Eric Lundgren;", "From_Localised":"Eric Lundgren", "Message":"$Pirate_HunterHostileSC_Relevant02;", "Message_Localised":"I knew I'd find you eventually, all that tasty cargo!", "Channel":"npc" }
{ "timestamp":"2017-01-21T07:15:18Z", "event":"FSDJump", "StarSystem":"Synuefe RO-P c22-19", "StarPos":[329.469,-39.125,-76.094], "SystemAllegiance":"", "SystemEconomy":"$economy_None;", "SystemEconomy_Localised":"None", "SystemGovernment":"$government_None;", "SystemGovernment_Localised":"None", "SystemSecurity":"$SYSTEM_SECURITY_low;", "SystemSecurity_Localised":"Low Security", "JumpDist":8.666, "FuelUsed":0.426529, "FuelLevel":12.531071 }
{ "timestamp":"2017-01-21T07:16:21Z", "event":"FuelScoop", "Scooped":3.468929, "Total":16.000000 }
{ "timestamp":"2017-01-21T07:17:00Z", "event":"FSDJump", "StarSystem":"Synuefe CJ-F a93-0", "StarPos":[336.094,-42.219,-74.906], "SystemAllegiance":"", "SystemEconomy":"$economy_None;", "SystemEconomy_Localised":"None", "SystemGovernment":"$government_None;", "SystemGovernment_Localised":"None", "SystemSecurity":"$SYSTEM_SECURITY_low;", "SystemSecurity_Localised":"Low Security", "JumpDist":7.408, "FuelUsed":0.303686, "FuelLevel":15.696314 }
{ "timestamp":"2017-01-21T07:17:46Z", "event":"FSDJump", "StarSystem":"Synuefe YC-H a92-3", "StarPos":[336.094,-44.031,-76.281], "SystemAllegiance":"", "SystemEconomy":"$economy_None;", "SystemEconomy_Localised":"None", "SystemGovernment":"$government_None;", "SystemGovernment_Localised":"None", "SystemSecurity":"$SYSTEM_SECURITY_low;", "SystemSecurity_Localised":"Low Security", "JumpDist":2.275, "FuelUsed":0.020054, "FuelLevel":15.676259 }
{ "timestamp":"2017-01-21T07:18:48Z", "event":"FSDJump", "StarSystem":"Synuefe OJ-D b46-1", "StarPos":[340.719,-50.000,-75.000], "SystemAllegiance":"", "SystemEconomy":"$economy_None;", "SystemEconomy_Localised":"None", "SystemGovernment":"$government_None;", "SystemGovernment_Localised":"None", "SystemSecurity":"$SYSTEM_SECURITY_low;", "SystemSecurity_Localised":"Low Security", "JumpDist":7.659, "FuelUsed":0.327074, "FuelLevel":15.349185 }
{ "timestamp":"2017-01-21T07:19:14Z", "event":"FuelScoop", "Scooped":0.650815, "Total":16.000000 }
{ "timestamp":"2017-01-21T07:19:47Z", "event":"FSDJump", "StarSystem":"HIP 38413", "StarPos":[346.969,-51.156,-71.875], "SystemAllegiance":"", "SystemEconomy":"$economy_None;", "SystemEconomy_Localised":"None", "SystemGovernment":"$government_None;", "SystemGovernment_Localised":"None", "SystemSecurity":"$SYSTEM_SECURITY_low;", "SystemSecurity_Localised":"Low Security", "JumpDist":7.083, "FuelUsed":0.273896, "FuelLevel":15.726104 }
{ "timestamp":"2017-01-21T07:20:15Z", "event":"FuelScoop", "Scooped":0.273896, "Total":16.000000 }
{ "timestamp":"2017-01-21T07:20:46Z", "event":"FSDJump", "StarSystem":"Synuefe XR-H d11-102", "StarPos":[357.344,-49.344,-74.750], "SystemAllegiance":"", "SystemEconomy":"$economy_None;", "SystemEconomy_Localised":"None", "SystemGovernment":"$government_None;", "SystemGovernment_Localised":"None", "SystemSecurity":"$SYSTEM_SECURITY_low;", "SystemSecurity_Localised":"Low Security", "JumpDist":10.917, "FuelUsed":0.741061, "FuelLevel":15.258939 }
{ "timestamp":"2017-01-21T07:26:49Z", "event":"SupercruiseExit", "StarSystem":"Synuefe XR-H d11-102", "Body":"Synuefe XR-H d11-102 1 b", "BodyType":"Planet" }
{ "timestamp":"2017-01-21T07:32:00Z", "event":"Touchdown", "Latitude":-31.801970, "Longitude":-128.935455 }
{ "timestamp":"2017-01-21T07:32:05Z", "event":"LaunchSRV", "Loadout":"starter", "PlayerControlled":true }
{ "timestamp":"2017-01-21T07:32:32Z", "event":"SendText", "To":"local", "Message":"o7" }
{ "timestamp":"2017-01-21T07:33:54Z", "event":"ReceiveText", "From":"$cmdr_decorate:#name=MadRaptor;", "From_Localised":"CMDR MadRaptor", "Message":"o7", "Channel":"local" }
{ "timestamp":"2017-01-21T07:34:47Z", "event":"ReceiveText", "From":"$cmdr_decorate:#name=Gneuros;", "From_Localised":"CMDR Gneuros", "Message":"o7", "Channel":"local" }
{ "timestamp":"2017-01-21T07:34:57Z", "event":"ReceiveText", "From":"$cmdr_decorate:#name=Gneuros;", "From_Localised":"CMDR Gneuros", "Message":"CG is in meene?", "Channel":"local" }
{ "timestamp":"2017-01-21T07:35:06Z", "event":"ReceiveText", "From":"$cmdr_decorate:#name=Pitt Viper;", "From_Localised":"CMDR Pitt Viper", "Message":"yes", "Channel":"local" }
{ "timestamp":"2017-01-21T07:35:09Z", "event":"SendText", "To":"local", "Message":"Yep" }
{ "timestamp":"2017-01-21T07:35:39Z", "event":"ReceiveText", "From":"$cmdr_decorate:#name=Gneuros;", "From_Localised":"CMDR Gneuros", "Message":"sweet. I'll be back in a bit. :)", "Channel":"local" }
{ "timestamp":"2017-01-21T07:35:43Z", "event":"ReceiveText", "From":"$cmdr_decorate:#name=Gneuros;", "From_Localised":"CMDR Gneuros", "Message":"o7", "Channel":"local" }
{ "timestamp":"2017-01-21T07:39:12Z", "event":"HullDamage", "Health":0.743104, "PlayerPilot":true }
{ "timestamp":"2017-01-21T07:39:12Z", "event":"HullDamage", "Health":0.530812, "PlayerPilot":true }
{ "timestamp":"2017-01-21T07:39:13Z", "event":"HullDamage", "Health":0.396206, "PlayerPilot":true }
{ "timestamp":"2017-01-21T07:39:35Z", "event":"Synthesis", "Name":"Repair Basic", "Materials":{ "iron":2, "nickel":1 } }
{ "timestamp":"2017-01-21T07:40:13Z", "event":"MaterialCollected", "Category":"Encoded", "Name":"ancienttechnologicaldata", "Count":3 }
{ "timestamp":"2017-01-21T07:40:14Z", "event":"MaterialCollected", "Category":"Encoded", "Name":"ancienttechnologicaldata", "Count":3 }
{ "timestamp":"2017-01-21T07:41:59Z", "event":"CollectCargo", "Type":"ancienturn", "Stolen":false }
{ "timestamp":"2017-01-21T07:42:45Z", "event":"HullDamage", "Health":0.769264, "PlayerPilot":true }
{ "timestamp":"2017-01-21T07:43:50Z", "event":"MaterialCollected", "Category":"Encoded", "Name":"ancienthistoricaldata", "Count":3 }
{ "timestamp":"2017-01-21T07:44:27Z", "event":"MaterialCollected", "Category":"Encoded", "Name":"ancientbiologicaldata", "Count":3 }
{ "timestamp":"2017-01-21T07:47:16Z", "event":"CollectCargo", "Type":"ancienttablet", "Stolen":false }
{ "timestamp":"2017-01-21T07:48:59Z", "event":"ReceiveText", "From":"$cmdr_decorate:#name=Skeeby Zeebee;", "From_Localised":"CMDR Skeeby Zeebee", "Message":"hate finding this place at night", "Channel":"local" }
{ "timestamp":"2017-01-21T07:49:07Z", "event":"MaterialCollected", "Category":"Encoded", "Name":"ancienthistoricaldata", "Count":3 }
{ "timestamp":"2017-01-21T07:49:08Z", "event":"MaterialCollected", "Category":"Encoded", "Name":"ancientbiologicaldata", "Count":3 }
{ "timestamp":"2017-01-21T07:49:46Z", "event":"MaterialCollected", "Category":"Encoded", "Name":"ancientculturaldata", "Count":3 }
{ "timestamp":"2017-01-21T07:50:49Z", "event":"HullDamage", "Health":0.598532, "PlayerPilot":true }
{ "timestamp":"2017-01-21T07:52:17Z", "event":"DockSRV" }
{ "timestamp":"2017-01-21T07:52:34Z", "event":"LaunchSRV", "Loadout":"starter", "PlayerControlled":true }
{ "timestamp":"2017-01-21T07:56:40Z", "event":"HullDamage", "Health":0.798847, "PlayerPilot":true }
{ "timestamp":"2017-01-21T07:58:10Z", "event":"ReceiveText", "From":"$cmdr_decorate:#name=MadRaptor;", "From_Localised":"CMDR MadRaptor", "Message":"o7", "Channel":"local" }
{ "timestamp":"2017-01-21T07:58:36Z", "event":"ReceiveText", "From":"$cmdr_decorate:#name=Ke-ven O'leary;", "From_Localised":"CMDR Ke-ven O'leary", "Message":"o7", "Channel":"local" }
{ "timestamp":"2017-01-21T07:59:04Z", "event":"CollectCargo", "Type":"ancientcasket", "Stolen":false }
{ "timestamp":"2017-01-21T07:59:15Z", "event":"ReceiveText", "From":"$cmdr_decorate:#name=CsaJay;", "From_Localised":"CMDR CsaJay", "Message":"o7 cmdrs", "Channel":"local" }
{ "timestamp":"2017-01-21T07:59:28Z", "event":"HullDamage", "Health":0.596679, "PlayerPilot":true }
{ "timestamp":"2017-01-21T08:01:13Z", "event":"DockSRV" }
{ "timestamp":"2017-01-21T08:01:31Z", "event":"Liftoff", "Latitude":-31.801970, "Longitude":-128.935455 }
{ "timestamp":"2017-01-21T08:01:43Z", "event":"WingLeave" }
{ "timestamp":"2017-01-21T08:03:07Z", "event":"ReceiveText", "From":"$cmdr_decorate:#name=MadRaptor;", "From_Localised":"CMDR MadRaptor", "Message":"Going to try and get a nice Time Lapse of the ruins going. Got a nice bit of CMDRS in here to make it feel alive!", "Channel":"local" }
{ "timestamp":"2017-01-21T08:05:25Z", "event":"Touchdown", "Latitude":-31.765524, "Longitude":-128.915833 }
{ "timestamp":"2017-01-21T08:05:32Z", "event":"LaunchSRV", "Loadout":"starter", "PlayerControlled":true }
{ "timestamp":"2017-01-21T08:06:05Z", "event":"HullDamage", "Health":0.773561, "PlayerPilot":true }
{ "timestamp":"2017-01-21T08:06:30Z", "event":"HullDamage", "Health":0.592458, "PlayerPilot":true }
{ "timestamp":"2017-01-21T08:07:17Z", "event":"Synthesis", "Name":"Repair Basic", "Materials":{ "iron":2, "nickel":1 } }
{ "timestamp":"2017-01-21T08:07:21Z", "event":"CollectCargo", "Type":"ancienttablet", "Stolen":false }
{ "timestamp":"2017-01-21T08:08:53Z", "event":"ReceiveText", "From":"$cmdr_decorate:#name=Skeeby Zeebee;", "From_Localised":"CMDR Skeeby Zeebee", "Message":"we shoudl have a cmdr 5km above the ruins with their brights on just spinning around like a lighthouse for incoming cmdrs =p", "Channel":"local" }
{ "timestamp":"2017-01-21T08:08:59Z", "event":"DockSRV" }
{ "timestamp":"2017-01-21T08:09:22Z", "event":"ReceiveText", "From":"$cmdr_decorate:#name=Skeeby Zeebee;", "From_Localised":"CMDR Skeeby Zeebee", "Message":"whos got the biggest lights? Lol", "Channel":"local" }
{ "timestamp":"2017-01-21T08:09:44Z", "event":"ReceiveText", "From":"$cmdr_decorate:#name=CsaJay;", "From_Localised":"CMDR CsaJay", "Message":"not a bad idea. it was your idea so i nominate you to be the beacon of hope", "Channel":"local" }
{ "timestamp":"2017-01-21T08:09:50Z", "event":"ReceiveText", "From":"$cmdr_decorate:#name=Skeeby Zeebee;", "From_Localised":"CMDR Skeeby Zeebee", "Message":"lol", "Channel":"local" }
{ "timestamp":"2017-01-21T08:10:01Z", "event":"ReceiveText", "From":"$cmdr_decorate:#name=Skeeby Zeebee;", "From_Localised":"CMDR Skeeby Zeebee", "Message":"i dont really have a way to keep my ship spinning", "Channel":"local" }
{ "timestamp":"2017-01-21T08:10:23Z", "event":"ReceiveText", "From":"$cmdr_decorate:#name=CsaJay;", "From_Localised":"CMDR CsaJay", "Message":"duct tape the stick down to the desk", "Channel":"local" }
{ "timestamp":"2017-01-21T08:14:21Z", "event":"ReceiveText", "From":"$cmdr_decorate:#name=Skeeby Zeebee;", "From_Localised":"CMDR Skeeby Zeebee", "Message":"lol there we go hows this look", "Channel":"local" }
{ "timestamp":"2017-01-21T08:14:53Z", "event":"ReceiveText", "From":"$cmdr_decorate:#name=Skeeby Zeebee;", "From_Localised":"CMDR Skeeby Zeebee", "Message":"im the beacon of hope!", "Channel":"local" }
{ "timestamp":"2017-01-21T08:16:17Z", "event":"ReceiveText", "From":"$cmdr_decorate:#name=StonedThoughts [UGC];", "From_Localised":"CMDR StonedThoughts [UGC]", "Message":"Hmm would prefer bacon, have fun nontheless ^^", "Channel":"local" }
{ "timestamp":"2017-01-21T08:17:43Z", "event":"ReceiveText", "From":"$cmdr_decorate:#name=CsaJay;", "From_Localised":"CMDR CsaJay", "Message":"where are these things we are suppose to pick up?", "Channel":"local" }
{ "timestamp":"2017-01-21T08:20:01Z", "event":"ReceiveText", "From":"$cmdr_decorate:#name=StonedThoughts [UGC];", "From_Localised":"CMDR StonedThoughts [UGC]", "Message":"Have a cargo hold full of them, can drop them if you like", "Channel":"local" }
{ "timestamp":"2017-01-21T08:21:09Z", "event":"ReceiveText", "From":"$cmdr_decorate:#name=CsaJay;", "From_Localised":"CMDR CsaJay", "Message":"would really like to try and find them", "Channel":"local" }
{ "timestamp":"2017-01-21T08:21:14Z", "event":"ReceiveText", "From":"$cmdr_decorate:#name=CsaJay;", "From_Localised":"CMDR CsaJay", "Message":"preciate it though", "Channel":"local" }
{ "timestamp":"2017-01-21T08:23:02Z", "event":"ReceiveText", "From":"$cmdr_decorate:#name=StonedThoughts [UGC];", "From_Localised":"CMDR StonedThoughts [UGC]", "Message":"No problem, there just spread around this side here, mostly close to the obelisk sets", "Channel":"local" }
{ "timestamp":"2017-01-21T08:23:10Z", "event":"CollectCargo", "Type":"ancientorb", "Stolen":false }
{ "timestamp":"2017-01-21T08:29:05Z", "event":"ReceiveText", "From":"$cmdr_decorate:#name=CsaJay;", "From_Localised":"CMDR CsaJay", "Message":"thank you", "Channel":"local" }
{ "timestamp":"2017-01-21T08:29:11Z", "event":"ReceiveText", "From":"$cmdr_decorate:#name=CsaJay;", "From_Localised":"CMDR CsaJay", "Message":"aint had any luck yet lol", "Channel":"local" }
{ "timestamp":"2017-01-21T08:29:20Z", "event":"ReceiveText", "From":"$cmdr_decorate:#name=CsaJay;", "From_Localised":"CMDR CsaJay", "Message":"they seem like a fart in a hurricane", "Channel":"local" }
{ "timestamp":"2017-01-21T08:30:10Z", "event":"ReceiveText", "From":"$cmdr_decorate:#name=StonedThoughts [UGC];", "From_Localised":"CMDR StonedThoughts [UGC]", "Message":"Dunno whats the refresh rate of them, could just be picked up allready", "Channel":"local" }
{ "timestamp":"2017-01-21T08:30:49Z", "event":"ReceiveText", "From":"$cmdr_decorate:#name= ROGER WILCO;", "From_Localised":"CMDR  ROGER WILCO", "Message":"were do artifact pop up at?", "Channel":"local" }
{ "timestamp":"2017-01-21T08:31:05Z", "event":"ReceiveText", "From":"$cmdr_decorate:#name=Pitt Viper;", "From_Localised":"CMDR Pitt Viper", "Message":"it's easier to go grab them in solo", "Channel":"local" }
{ "timestamp":"2017-01-21T08:31:10Z", "event":"ReceiveText", "From":"$cmdr_decorate:#name=Pitt Viper;", "From_Localised":"CMDR Pitt Viper", "Message":"and come back honestly", "Channel":"local" }
{ "timestamp":"2017-01-21T08:31:25Z", "event":"ReceiveText", "From":"$cmdr_decorate:#name=StonedThoughts [UGC];", "From_Localised":"CMDR StonedThoughts [UGC]", "Message":"Yap did so too", "Channel":"local" }
