{ "timestamp":"2017-01-05T04:25:34Z", "event":"Fileheader", "part":1, "language":"English\\UK", "gameversion":"2.2", "build":"r126898/r0 " }
{ "timestamp":"2017-01-05T04:26:25Z", "event":"LoadGame", "Commander":"Kith000", "Ship":"Vulture", "ShipID":3, "GameMode":"Solo", "Credits":38534845, "Loan":0 }
{ "timestamp":"2017-01-05T04:26:25Z", "event":"Rank", "Combat":5, "Trade":3, "Explore":1, "Empire":0, "Federation":2, "CQC":0 }
{ "timestamp":"2017-01-05T04:26:25Z", "event":"Progress", "Combat":4, "Trade":32, "Explore":18, "Empire":100, "Federation":60, "CQC":40 }
{ "timestamp":"2017-01-05T04:28:57Z", "event":"Location", "Docked":true, "StationName":"Black Hide", "StationType":"", "StarSystem":"Wyrd", "StarPos":[-11.625,31.531,-3.938], "SystemAllegiance":"Federation", "SystemEconomy":"$economy_Extraction;", "SystemEconomy_Localised":"Extraction", "SystemGovernment":"$government_Confederacy;", "SystemGovernment_Localised":"Confederacy", "SystemSecurity":"$SYSTEM_SECURITY_medium;", "SystemSecurity_Localised":"Medium Security", "Body":"Wyrd A 2", "BodyType":"Planet", "SystemFaction":"Alliance of BD+47 2112" }
{ "timestamp":"2017-01-05T04:28:57Z", "event":"Docked", "StationName":"Black Hide", "StarSystem":"Wyrd", "StationFaction":"Alliance of BD+47 2112", "StationGovernment":"$government_Confederacy;", "StationGovernment_Localised":"Confederacy", "StationAllegiance":"Federation" }
{ "timestamp":"2017-01-05T04:29:46Z", "event":"Undocked", "StationName":"Black Hide" }
{ "timestamp":"2017-01-05T04:30:18Z", "event":"ReceiveText", "From":"Black Hide", "Message":"$STATION_NoFireZone_exited;", "Message_Localised":"No fire zone left.", "Channel":"npc" }
{ "timestamp":"2017-01-05T04:30:38Z", "event":"Touchdown", "Latitude":-63.917854, "Longitude":-82.077354 }
{ "timestamp":"2017-01-05T04:30:46Z", "event":"Liftoff", "Latitude":-63.917862, "Longitude":-82.077354 }
{ "timestamp":"2017-01-05T04:30:51Z", "event":"Touchdown", "Latitude":-63.917839, "Longitude":-82.077354 }
{ "timestamp":"2017-01-05T04:31:06Z", "event":"Liftoff", "Latitude":-63.917854, "Longitude":-82.077354 }
{ "timestamp":"2017-01-05T04:32:07Z", "event":"SupercruiseEntry", "StarSystem":"Wyrd" }
{ "timestamp":"2017-01-05T04:37:06Z", "event":"SupercruiseExit", "StarSystem":"Wyrd", "Body":"Vonarburg Co-operative", "BodyType":"Station" }
{ "timestamp":"2017-01-05T04:37:07Z", "event":"ReceiveText", "From":"Vonarburg Co-operative", "Message":"$STATION_NoFireZone_entered;", "Message_Localised":"No fire zone entered.", "Channel":"npc" }
{ "timestamp":"2017-01-05T04:37:18Z", "event":"DockingRequested", "StationName":"Vonarburg Co-operative" }
{ "timestamp":"2017-01-05T04:37:18Z", "event":"ReceiveText", "From":"Vonarburg Co-operative", "Message":"$DockingChatter_Neutral;", "Message_Localised":"Ensure to observe starport protocol during your visit, pilot.", "Channel":"npc" }
{ "timestamp":"2017-01-05T04:37:19Z", "event":"ReceiveText", "From":"Vonarburg Co-operative", "Message":"$STATION_docking_granted;", "Message_Localised":"Docking request granted.", "Channel":"npc" }
{ "timestamp":"2017-01-05T04:37:19Z", "event":"DockingGranted", "LandingPad":14, "StationName":"Vonarburg Co-operative" }
{ "timestamp":"2017-01-05T04:37:56Z", "event":"ReceiveText", "From":"$ShipName_Police_Federation;", "From_Localised":"Federal Security Service", "Message":"$Police_ThankYouPassedStopAndSearch01;", "Message_Localised":"Thank you for your cooperation, Commander.", "Channel":"npc" }
{ "timestamp":"2017-01-05T04:38:34Z", "event":"Docked", "StationName":"Vonarburg Co-operative", "StationType":"Orbis", "StarSystem":"Wyrd", "StationFaction":"Alliance of BD+47 2112", "StationGovernment":"$government_Confederacy;", "StationGovernment_Localised":"Confederacy", "StationAllegiance":"Federation", "StationEconomy":"$economy_Agri;", "StationEconomy_Localised":"Agriculture" }
{ "timestamp":"2017-01-05T04:42:18Z", "event":"Undocked", "StationName":"Vonarburg Co-operative", "StationType":"Orbis" }
{ "timestamp":"2017-01-05T04:43:52Z", "event":"SupercruiseEntry", "StarSystem":"Wyrd" }
{ "timestamp":"2017-01-05T04:48:14Z", "event":"SupercruiseExit", "StarSystem":"Wyrd", "Body":"Wyrd A 5 B Ring", "BodyType":"PlanetaryRing" }
{ "timestamp":"2017-01-05T04:48:38Z", "event":"MaterialCollected", "Category":"Encoded", "Name":"decodedemissiondata", "Count":1 }
{ "timestamp":"2017-01-05T04:48:50Z", "event":"ReceiveText", "From":"$npc_name_decorate:#name=TingTong;", "From_Localised":"TingTong", "Message":"$Pirate_OnStartScanCargo06;", "Message_Localised":"Let's see what you are carrying.", "Channel":"npc" }
{ "timestamp":"2017-01-05T04:49:00Z", "event":"ReceiveText", "From":"$npc_name_decorate:#name=TingTong;", "From_Localised":"TingTong", "Message":"$Pirate_OnNoCargoFound02;", "Message_Localised":"Bah, nothing.", "Channel":"npc" }
{ "timestamp":"2017-01-05T04:49:30Z", "event":"ReceiveText", "From":"$npc_name_decorate:#name=TingTong;", "From_Localised":"TingTong", "Message":"$BadKarmaCriticalDamage10;", "Message_Localised":"You've scratched my paint!", "Channel":"npc" }
{ "timestamp":"2017-01-05T04:49:45Z", "event":"Bounty", "Rewards":[ { "Faction":"Alliance of BD+47 2112", "Reward":51392 } ], "TotalReward":51392, "VictimFaction":"Wyrd Raiders" }
{ "timestamp":"2017-01-05T04:50:42Z", "event":"ReceiveText", "From":"$ShipName_Police_Federation;", "From_Localised":"Federal Security Service", "Message":"$Police_ArrivedAtInvestigationLocation04;", "Message_Localised":"Rapid deployment unit deployed. Initiating scans of all ships in the area.", "Channel":"npc" }
{ "timestamp":"2017-01-05T04:51:14Z", "event":"ReceiveText", "From":"$npc_name_decorate:#name=Federal Agent;", "From_Localised":"Federal Agent", "Message":"$BadKarmaCriticalDamage01;", "Message_Localised":"How is this happening?!", "Channel":"npc" }
{ "timestamp":"2017-01-05T04:51:22Z", "event":"ReceiveText", "From":"$npc_name_decorate:#name=Knut Stanley Jacobsen;", "From_Localised":"Knut Stanley Jacobsen", "Message":"$Pirate_OnStartScanCargo06;", "Message_Localised":"Let's see what you are carrying.", "Channel":"npc" }
{ "timestamp":"2017-01-05T04:51:32Z", "event":"ReceiveText", "From":"$npc_name_decorate:#name=Knut Stanley Jacobsen;", "From_Localised":"Knut Stanley Jacobsen", "Message":"$Pirate_OnNoCargoFound10;", "Message_Localised":"There's nothing worth my while here.", "Channel":"npc" }
{ "timestamp":"2017-01-05T04:51:45Z", "event":"ReceiveText", "From":"$npc_name_decorate:#name=Gonzorig Banzibar;", "From_Localised":"Gonzorig Banzibar", "Message":"$Escort_NearDeath08;", "Message_Localised":"Avenge me!", "Channel":"npc" }
{ "timestamp":"2017-01-05T04:51:48Z", "event":"ReceiveText", "From":"$npc_name_decorate:#name=Shane P Griffin;", "From_Localised":"Shane P Griffin", "Message":"$BadKarmaCriticalDamage05;", "Message_Localised":"No, no!", "Channel":"npc" }
{ "timestamp":"2017-01-05T04:51:55Z", "event":"Bounty", "Rewards":[ { "Faction":"Alliance of BD+47 2112", "Reward":100 }, { "Faction":"Federation", "Reward":7470 } ], "TotalReward":7570, "VictimFaction":"Wyrd Raiders" }
{ "timestamp":"2017-01-05T04:52:07Z", "event":"ReceiveText", "From":"$npc_name_decorate:#name=Thackerbury Dalliday;", "From_Localised":"Thackerbury Dalliday", "Message":"$Pirate_OnStartScanCargo01;", "Message_Localised":"I see all!", "Channel":"npc" }
{ "timestamp":"2017-01-05T04:52:17Z", "event":"ReceiveText", "From":"$npc_name_decorate:#name=Thackerbury Dalliday;", "From_Localised":"Thackerbury Dalliday", "Message":"$Pirate_OnNoCargoFound11;", "Message_Localised":"Another empty cargo hold. My children will go hungry tonight.", "Channel":"npc" }
{ "timestamp":"2017-01-05T04:52:43Z", "event":"ReceiveText", "From":"$ShipName_Police_Federation;", "From_Localised":"Federal Security Service", "Message":"$Police_FinishedAtInvestigationLocation01;", "Message_Localised":"Scanning complete. Citizens, please return to your business.", "Channel":"npc" }
{ "timestamp":"2017-01-05T04:53:06Z", "event":"ReceiveText", "From":"$npc_name_decorate:#name=Tod Marshall;", "From_Localised":"Tod Marshall", "Message":"$BadKarmaCriticalDamage04;", "Message_Localised":"I don't believe it!", "Channel":"npc" }
{ "timestamp":"2017-01-05T04:53:14Z", "event":"ReceiveText", "From":"$npc_name_decorate:#name=Arthur of Camelot;", "From_Localised":"Arthur of Camelot", "Message":"$BadKarmaCriticalDamage03;", "Message_Localised":"You fight a good fight!", "Channel":"npc" }
{ "timestamp":"2017-01-05T04:53:19Z", "event":"ReceiveText", "From":"$npc_name_decorate:#name=Arthur of Camelot;", "From_Localised":"Arthur of Camelot", "Message":"$Pirate_NiggledByNewShip02;", "Message_Localised":"You have just made a big mistake.", "Channel":"npc" }
{ "timestamp":"2017-01-05T04:53:20Z", "event":"ReceiveText", "From":"$npc_name_decorate:#name=Arthur of Camelot;", "From_Localised":"Arthur of Camelot", "Message":"$Pirate_OnHullLowJumpAway02;", "Message_Localised":"This isn't worth dying for.", "Channel":"npc" }
{ "timestamp":"2017-01-05T04:53:25Z", "event":"Bounty", "Rewards":[ { "Faction":"Alliance of BD+47 2112", "Reward":100 }, { "Faction":"Federation", "Reward":7380 } ], "TotalReward":7480, "VictimFaction":"Wyrd Raiders" }
{ "timestamp":"2017-01-05T04:53:49Z", "event":"ReceiveText", "From":"$ShipName_Police_Federation;", "From_Localised":"Federal Security Service", "Message":"$Police_ThankYouPassedStopAndSearch03;", "Message_Localised":"All clear. Carry on, pilot.", "Channel":"npc" }
{ "timestamp":"2017-01-05T04:54:07Z", "event":"ReceiveText", "From":"$npc_name_decorate:#name=Knut Stanley Jacobsen;", "From_Localised":"Knut Stanley Jacobsen", "Message":"$Pirate_OnDeclarePiracyAttack04;", "Message_Localised":"I'm gonna boil you up!", "Channel":"npc" }
{ "timestamp":"2017-01-05T04:54:15Z", "event":"ReceiveText", "From":"$npc_name_decorate:#name=Knut Stanley Jacobsen;", "From_Localised":"Knut Stanley Jacobsen", "Message":"$BadKarmaCriticalDamage09;", "Message_Localised":"I can see when I'm outmatched.", "Channel":"npc" }
{ "timestamp":"2017-01-05T04:54:26Z", "event":"Bounty", "Rewards":[ { "Faction":"Alliance of BD+47 2112", "Reward":10705 } ], "TotalReward":10705, "VictimFaction":"Traditional Wyrd Justice Party" }
{ "timestamp":"2017-01-05T04:54:49Z", "event":"ReceiveText", "From":"$npc_name_decorate:#name=Rose Twomey;", "From_Localised":"Rose Twomey", "Message":"$BadKarmaCriticalDamage09;", "Message_Localised":"I can see when I'm outmatched.", "Channel":"npc" }
{ "timestamp":"2017-01-05T04:55:10Z", "event":"Bounty", "Rewards":[ { "Faction":"Alliance of BD+47 2112", "Reward":200 }, { "Faction":"Federation", "Reward":89572 } ], "TotalReward":89772, "VictimFaction":"Wyrd Raiders" }
{ "timestamp":"2017-01-05T04:56:19Z", "event":"ReceiveText", "From":"$npc_name_decorate:#name=Sean Johnston;", "From_Localised":"Sean Johnston", "Message":"$Pirate_OnStartScanCargo08;", "Message_Localised":"What do you have in your cargo hold?", "Channel":"npc" }
{ "timestamp":"2017-01-05T04:56:29Z", "event":"ReceiveText", "From":"$npc_name_decorate:#name=Sean Johnston;", "From_Localised":"Sean Johnston", "Message":"$Pirate_OnNoCargoFound03;", "Message_Localised":"No cargo? Useless dreg.", "Channel":"npc" }
{ "timestamp":"2017-01-05T04:56:59Z", "event":"ReceiveText", "From":"$npc_name_decorate:#name=Udo Andrich;", "From_Localised":"Udo Andrich", "Message":"$BadKarmaCriticalDamage09;", "Message_Localised":"I can see when I'm outmatched.", "Channel":"npc" }
{ "timestamp":"2017-01-05T04:57:23Z", "event":"Bounty", "Rewards":[ { "Faction":"Alliance of BD+47 2112", "Reward":64154 } ], "TotalReward":64154, "VictimFaction":"Wyrd Raiders" }
{ "timestamp":"2017-01-05T04:57:52Z", "event":"ReceiveText", "From":"$ShipName_Police_Federation;", "From_Localised":"Federal Security Service", "Message":"$Police_ArrivedAtInvestigationLocation01;", "Message_Localised":"All citizens must submit to authority scans. Do not attempt to flee!", "Channel":"npc" }
{ "timestamp":"2017-01-05T05:00:01Z", "event":"ReceiveText", "From":"$ShipName_Police_Federation;", "From_Localised":"Federal Security Service", "Message":"$Police_ThankYouPassedStopAndSearch02;", "Message_Localised":"You're clean. Proceed, pilot.", "Channel":"npc" }
{ "timestamp":"2017-01-05T05:00:07Z", "event":"ReceiveText", "From":"$npc_name_decorate:#name=Baz Lorne;", "From_Localised":"Baz Lorne", "Message":"$Pirate_OnStartScanCargo02;", "Message_Localised":"Carrying anything nice?", "Channel":"npc" }
{ "timestamp":"2017-01-05T05:00:15Z", "event":"ReceiveText", "From":"$npc_name_decorate:#name=Jerome Aherne;", "From_Localised":"Jerome Aherne", "Message":"$BadKarmaCriticalDamage05;", "Message_Localised":"No, no!", "Channel":"npc" }
{ "timestamp":"2017-01-05T05:00:17Z", "event":"ReceiveText", "From":"$npc_name_decorate:#name=Baz Lorne;", "From_Localised":"Baz Lorne", "Message":"$Pirate_OnNoCargoFound03;", "Message_Localised":"No cargo? Useless dreg.", "Channel":"npc" }
{ "timestamp":"2017-01-05T05:00:21Z", "event":"Bounty", "Rewards":[ { "Faction":"Alliance of BD+47 2112", "Reward":10060 }, { "Faction":"Ross 1003 Prison Colony", "Reward":4020 } ], "TotalReward":14080, "VictimFaction":"Wyrd Raiders" }
{ "timestamp":"2017-01-05T05:01:28Z", "event":"Bounty", "Rewards":[ { "Faction":"Alliance of BD+47 2112", "Reward":100 }, { "Faction":"Federation", "Reward":13597 } ], "TotalReward":13697, "VictimFaction":"Alliance of BD+47 2112" }
{ "timestamp":"2017-01-05T05:02:06Z", "event":"ReceiveText", "From":"$npc_name_decorate:#name=Rupert Hawkes;", "From_Localised":"Rupert Hawkes", "Message":"$Pirate_OnStartScanCargo10;", "Message_Localised":"Let me see what you have.", "Channel":"npc" }
{ "timestamp":"2017-01-05T05:02:16Z", "event":"ReceiveText", "From":"$npc_name_decorate:#name=Rupert Hawkes;", "From_Localised":"Rupert Hawkes", "Message":"$Pirate_OnNoCargoFound07;", "Message_Localised":"Nothing for me here.", "Channel":"npc" }
{ "timestamp":"2017-01-05T05:03:30Z", "event":"ReceiveText", "From":"$npc_name_decorate:#name=Gunther;", "From_Localised":"Gunther", "Message":"$Pirate_OnStartScanCargo11;", "Message_Localised":"I hope you have something good in your hold.", "Channel":"npc" }
{ "timestamp":"2017-01-05T05:03:30Z", "event":"Bounty", "Rewards":[ { "Faction":"Alliance of BD+47 2112", "Reward":27657 } ], "TotalReward":27657, "VictimFaction":"Alliance of BD+47 2112" }
{ "timestamp":"2017-01-05T05:03:40Z", "event":"ReceiveText", "From":"$npc_name_decorate:#name=Gunther;", "From_Localised":"Gunther", "Message":"$Pirate_OnNoCargoFound11;", "Message_Localised":"Another empty cargo hold. My children will go hungry tonight.", "Channel":"npc" }
{ "timestamp":"2017-01-05T05:04:02Z", "event":"ReceiveText", "From":"$npc_name_decorate:#name=Gunther;", "From_Localised":"Gunther", "Message":"$Pirate_OnDeclarePiracyAttack03;", "Message_Localised":"Now you die, victim.", "Channel":"npc" }
{ "timestamp":"2017-01-05T05:04:44Z", "event":"Bounty", "Rewards":[ { "Faction":"Alliance of BD+47 2112", "Reward":100 }, { "Faction":"BD+47 2112 Holdings", "Reward":3015 }, { "Faction":"Federation", "Reward":5940 } ], "TotalReward":9055, "VictimFaction":"Wyrd Raiders" }
{ "timestamp":"2017-01-05T05:05:09Z", "event":"ReceiveText", "From":"$npc_name_decorate:#name=Sean Johnston;", "From_Localised":"Sean Johnston", "Message":"$Pirate_OnDeclarePiracyAttack04;", "Message_Localised":"I'm gonna boil you up!", "Channel":"npc" }
{ "timestamp":"2017-01-05T05:05:43Z", "event":"ReceiveText", "From":"$npc_name_decorate:#name=Sean Johnston;", "From_Localised":"Sean Johnston", "Message":"$BadKarmaCriticalDamage02;", "Message_Localised":"Impossible!", "Channel":"npc" }
{ "timestamp":"2017-01-05T05:05:54Z", "event":"Bounty", "Rewards":[ { "Faction":"Alliance of BD+47 2112", "Reward":108640 }, { "Faction":"Alliance", "Reward":26940 } ], "TotalReward":135580, "VictimFaction":"Wyrd People's Party" }
{ "timestamp":"2017-01-05T05:06:18Z", "event":"ReceiveText", "From":"$npc_name_decorate:#name=Brian Boru;", "From_Localised":"Brian Boru", "Message":"$Pirate_OnStartScanCargo03;", "Message_Localised":"What are you hauling?", "Channel":"npc" }
{ "timestamp":"2017-01-05T05:06:26Z", "event":"ReceiveText", "From":"$ShipName_Police_Federation;", "From_Localised":"Federal Security Service", "Message":"$Police_ThankYouPassedStopAndSearch06;", "Message_Localised":"We're done here pilot, move along.", "Channel":"npc" }
{ "timestamp":"2017-01-05T05:06:28Z", "event":"ReceiveText", "From":"$npc_name_decorate:#name=Brian Boru;", "From_Localised":"Brian Boru", "Message":"$Pirate_OnNoCargoFound10;", "Message_Localised":"There's nothing worth my while here.", "Channel":"npc" }
{ "timestamp":"2017-01-05T05:07:31Z", "event":"ReceiveText", "From":"$npc_name_decorate:#name=Thomas K. Albright;", "From_Localised":"Thomas K. Albright", "Message":"$BadKarmaCriticalDamage10;", "Message_Localised":"You've scratched my paint!", "Channel":"npc" }
{ "timestamp":"2017-01-05T05:07:41Z", "event":"Bounty", "Rewards":[ { "Faction":"Alliance of BD+47 2112", "Reward":200 }, { "Faction":"Federation", "Reward":41685 } ], "TotalReward":41885, "VictimFaction":"Wyrd Raiders" }
{ "timestamp":"2017-01-05T05:08:29Z", "event":"ReceiveText", "From":"$npc_name_decorate:#name=Shayne Fotheringhame;", "From_Localised":"Shayne Fotheringhame", "Message":"$Pirate_OnStartScanCargo09;", "Message_Localised":"The scan will soon be over.", "Channel":"npc" }
{ "timestamp":"2017-01-05T05:08:39Z", "event":"ReceiveText", "From":"$npc_name_decorate:#name=Shayne Fotheringhame;", "From_Localised":"Shayne Fotheringhame", "Message":"$Pirate_OnNoCargoFound03;", "Message_Localised":"No cargo? Useless dreg.", "Channel":"npc" }
{ "timestamp":"2017-01-05T05:09:29Z", "event":"ShieldState", "ShieldsUp":false }
{ "timestamp":"2017-01-05T05:10:43Z", "event":"Bounty", "Rewards":[ { "Faction":"Alliance of BD+47 2112", "Reward":100 }, { "Faction":"Federation", "Reward":77040 } ], "TotalReward":77140, "VictimFaction":"BD+47 2112 Holdings" }
{ "timestamp":"2017-01-05T05:11:25Z", "event":"SupercruiseEntry", "StarSystem":"Wyrd" }
{ "timestamp":"2017-01-05T05:14:46Z", "event":"SupercruiseExit", "StarSystem":"Wyrd", "Body":"Gareth Edwards Park", "BodyType":"Station" }
{ "timestamp":"2017-01-05T05:14:47Z", "event":"ReceiveText", "From":"Gareth Edwards Park", "Message":"$STATION_NoFireZone_entered;", "Message_Localised":"No fire zone entered.", "Channel":"npc" }
{ "timestamp":"2017-01-05T05:14:57Z", "event":"DockingRequested", "StationName":"Gareth Edwards Park" }
{ "timestamp":"2017-01-05T05:14:57Z", "event":"ReceiveText", "From":"Gareth Edwards Park", "Message":"$DockingChatter_Neutral;", "Message_Localised":"Ensure to observe starport protocol during your visit, pilot.", "Channel":"npc" }
{ "timestamp":"2017-01-05T05:14:59Z", "event":"ReceiveText", "From":"Gareth Edwards Park", "Message":"$STATION_docking_granted;", "Message_Localised":"Docking request granted.", "Channel":"npc" }
{ "timestamp":"2017-01-05T05:14:59Z", "event":"DockingGranted", "LandingPad":31, "StationName":"Gareth Edwards Park" }
{ "timestamp":"2017-01-05T05:16:08Z", "event":"Docked", "StationName":"Gareth Edwards Park", "StationType":"Orbis", "StarSystem":"Wyrd", "StationFaction":"Alliance of BD+47 2112", "StationGovernment":"$government_Confederacy;", "StationGovernment_Localised":"Confederacy", "StationAllegiance":"Federation", "StationEconomy":"$economy_Extraction;", "StationEconomy_Localised":"Extraction" }
{ "timestamp":"2017-01-05T05:17:34Z", "event":"RedeemVoucher", "Type":"bounty", "Amount":550167 }
{ "timestamp":"2017-01-05T05:21:53Z", "event":"BuyAmmo", "Cost":200 }
{ "timestamp":"2017-01-05T05:21:55Z", "event":"RepairAll", "Cost":5916 }
{ "timestamp":"2017-01-05T05:21:56Z", "event":"RefuelAll", "Cost":50, "Amount":0.988949 }
{ "timestamp":"2017-01-05T05:24:17Z", "event":"Repair", "Item":"Paint", "Cost":3 }
{ "timestamp":"2017-01-05T05:24:20Z", "event":"Repair", "Item":"Wear", "Cost":286 }
{ "timestamp":"2017-01-05T05:24:49Z", "event":"Undocked", "StationName":"Gareth Edwards Park", "StationType":"Orbis" }
{ "timestamp":"2017-01-05T05:25:47Z", "event":"SupercruiseEntry", "StarSystem":"Wyrd" }
{ "timestamp":"2017-01-05T05:30:43Z", "event":"SupercruiseExit", "StarSystem":"Wyrd", "Body":"Wyrd A 2", "BodyType":"Planet" }
{ "timestamp":"2017-01-05T05:31:04Z", "event":"DockingRequested", "StationName":"Black Hide" }
{ "timestamp":"2017-01-05T05:31:04Z", "event":"ReceiveText", "From":"Black Hide", "Message":"$DockingChatter_Neutral;", "Message_Localised":"Ensure to observe starport protocol during your visit, pilot.", "Channel":"npc" }
{ "timestamp":"2017-01-05T05:31:05Z", "event":"ReceiveText", "From":"Black Hide", "Message":"$STATION_docking_granted;", "Message_Localised":"Docking request granted.", "Channel":"npc" }
{ "timestamp":"2017-01-05T05:31:05Z", "event":"DockingGranted", "LandingPad":1, "StationName":"Black Hide" }
{ "timestamp":"2017-01-05T05:31:07Z", "event":"ReceiveText", "From":"Black Hide", "Message":"$STATION_NoFireZone_entered;", "Message_Localised":"No fire zone entered.", "Channel":"npc" }
{ "timestamp":"2017-01-05T05:31:47Z", "event":"Docked", "StationName":"Black Hide", "StarSystem":"Wyrd", "StationFaction":"Alliance of BD+47 2112", "StationGovernment":"$government_Confederacy;", "StationGovernment_Localised":"Confederacy", "StationAllegiance":"Federation" }
{ "timestamp":"2017-01-05T05:33:53Z", "event":"RefuelAll", "Cost":10, "Amount":0.181347 }
{ "timestamp":"2017-01-05T05:34:39Z", "event":"ModuleBuy", "Slot":"LargeHardpoint1", "SellItem":"$hpt_pulselaser_gimbal_large_name;", "SellItem_Localised":"Pulse Laser", "SellPrice":126540, "BuyItem":"$hpt_pulselaser_fixed_large_name;", "BuyItem_Localised":"Pulse Laser", "BuyPrice":70400, "Ship":"vulture", "ShipID":3 }
{ "timestamp":"2017-01-05T05:35:07Z", "event":"ModuleBuy", "Slot":"LargeHardpoint2", "SellItem":"$hpt_pulselaser_gimbal_large_name;", "SellItem_Localised":"Pulse Laser", "SellPrice":140600, "BuyItem":"$hpt_pulselaser_fixed_large_name;", "BuyItem_Localised":"Pulse Laser", "BuyPrice":70400, "Ship":"vulture", "ShipID":3 }
{ "timestamp":"2017-01-05T05:38:19Z", "event":"Undocked", "StationName":"Black Hide" }
{ "timestamp":"2017-01-05T05:38:42Z", "event":"ReceiveText", "From":"Black Hide", "Message":"$STATION_NoFireZone_exited;", "Message_Localised":"No fire zone left.", "Channel":"npc" }
{ "timestamp":"2017-01-05T05:39:23Z", "event":"SupercruiseEntry", "StarSystem":"Wyrd" }
{ "timestamp":"2017-01-05T05:44:17Z", "event":"SupercruiseExit", "StarSystem":"Wyrd", "Body":"Wyrd A 5 B Ring", "BodyType":"PlanetaryRing" }
{ "timestamp":"2017-01-05T05:44:56Z", "event":"ReceiveText", "From":"$npc_name_decorate:#name=Enright;", "From_Localised":"Enright", "Message":"$Pirate_OnStartScanCargo06;", "Message_Localised":"Let's see what you are carrying.", "Channel":"npc" }
{ "timestamp":"2017-01-05T05:45:06Z", "event":"ReceiveText", "From":"$npc_name_decorate:#name=Enright;", "From_Localised":"Enright", "Message":"$Pirate_OnNoCargoFound03;", "Message_Localised":"No cargo? Useless dreg.", "Channel":"npc" }
{ "timestamp":"2017-01-05T05:45:13Z", "event":"ReceiveText", "From":"$npc_name_decorate:#name=Footle;", "From_Localised":"Footle", "Message":"$Pirate_OnStartScanCargo03;", "Message_Localised":"What are you hauling?", "Channel":"npc" }
{ "timestamp":"2017-01-05T05:45:23Z", "event":"ReceiveText", "From":"$npc_name_decorate:#name=Footle;", "From_Localised":"Footle", "Message":"$Pirate_OnNoCargoFound03;", "Message_Localised":"No cargo? Useless dreg.", "Channel":"npc" }
{ "timestamp":"2017-01-05T05:45:31Z", "event":"ReceiveText", "From":"$npc_name_decorate:#name=Paul Hatchman;", "From_Localised":"Paul Hatchman", "Message":"$Pirate_OnStartScanCargo02;", "Message_Localised":"Carrying anything nice?", "Channel":"npc" }
{ "timestamp":"2017-01-05T05:45:31Z", "event":"ReceiveText", "From":"$npc_name_decorate:#name=Paul Renold;", "From_Localised":"Paul Renold", "Message":"$Pirate_OnStartScanCargo06;", "Message_Localised":"Let's see what you are carrying.", "Channel":"npc" }
{ "timestamp":"2017-01-05T05:45:41Z", "event":"ReceiveText", "From":"$npc_name_decorate:#name=Paul Renold;", "From_Localised":"Paul Renold", "Message":"$Pirate_OnNoCargoFound04;", "Message_Localised":"Another dud? Damn it all!", "Channel":"npc" }
{ "timestamp":"2017-01-05T05:45:48Z", "event":"ReceiveText", "From":"$npc_name_decorate:#name=Paul Hatchman;", "From_Localised":"Paul Hatchman", "Message":"$Pirate_OnNoCargoFound05;", "Message_Localised":"How do you fools make a living?", "Channel":"npc" }
{ "timestamp":"2017-01-05T05:45:49Z", "event":"ReceiveText", "From":"$npc_name_decorate:#name=Shield of Justice;", "From_Localised":"Shield of Justice", "Message":"$PowersPirate_OnStartScanCargo02;", "Message_Localised":"The boss likes me to check everyone who comes through here.", "Channel":"npc" }
{ "timestamp":"2017-01-05T05:45:59Z", "event":"ReceiveText", "From":"$npc_name_decorate:#name=Shield of Justice;", "From_Localised":"Shield of Justice", "Message":"$PowersPirate_OnNoCargoFound03;", "Message_Localised":"Nothing?! Boss ain't gonna like this.", "Channel":"npc" }
{ "timestamp":"2017-01-05T05:46:02Z", "event":"ReceiveText", "From":"$npc_name_decorate:#name=Enright;", "From_Localised":"Enright", "Message":"$BadKarmaCriticalDamage10;", "Message_Localised":"You've scratched my paint!", "Channel":"npc" }
{ "timestamp":"2017-01-05T05:46:26Z", "event":"ReceiveText", "From":"$ShipName_Police_Federation;", "From_Localised":"Federal Security Service", "Message":"$Police_ArriveInvestigate01;", "Message_Localised":"Investigating reports of crime.", "Channel":"npc" }
{ "timestamp":"2017-01-05T05:46:27Z", "event":"ReceiveText", "From":"$ShipName_Police_Federation;", "From_Localised":"Federal Security Service", "Message":"$Police_ArrivedAtInvestigationLocation03;", "Message_Localised":"Crime scene cordon initialised, all ships must submit to police scan.", "Channel":"npc" }
{ "timestamp":"2017-01-05T05:46:38Z", "event":"Bounty", "Rewards":[ { "Faction":"Alliance of BD+47 2112", "Reward":100 }, { "Faction":"Federation", "Reward":22522 } ], "TotalReward":22622, "VictimFaction":"Ross 1003 Prison Colony" }
{ "timestamp":"2017-01-05T05:47:16Z", "event":"ReceiveText", "From":"$npc_name_decorate:#name=Timo - the legend;", "From_Localised":"Timo - the legend", "Message":"$Escort_EscortJump05;", "Message_Localised":"That's it then, time to leave.", "Channel":"npc" }
{ "timestamp":"2017-01-05T05:47:16Z", "event":"ReceiveText", "From":"$ShipName_Police_Federation;", "From_Localised":"Federal Security Service", "Message":"$Police_ArriveInvestigate04;", "Message_Localised":"Emergency response squad in position.", "Channel":"npc" }
{ "timestamp":"2017-01-05T05:47:45Z", "event":"Bounty", "Rewards":[ { "Faction":"Alliance of BD+47 2112", "Reward":8087 } ], "TotalReward":8087, "VictimFaction":"A. Lavigny-Duval" }
{ "timestamp":"2017-01-05T05:48:16Z", "event":"Bounty", "Rewards":[ { "Faction":"Alliance of BD+47 2112", "Reward":8187 } ], "TotalReward":8187, "VictimFaction":"A. Lavigny-Duval" }
{ "timestamp":"2017-01-05T05:48:42Z", "event":"ReceiveText", "From":"$ShipName_Police_Federation;", "From_Localised":"Federal Security Service", "Message":"$Police_ArrivedAtInvestigationLocation04;", "Message_Localised":"Rapid deployment unit deployed. Initiating scans of all ships in the area.", "Channel":"npc" }
{ "timestamp":"2017-01-05T05:48:55Z", "event":"ReceiveText", "From":"$npc_name_decorate:#name=Shield of Justice;", "From_Localised":"Shield of Justice", "Message":"$BadKarmaCriticalDamage06;", "Message_Localised":"I hadn't expected this.", "Channel":"npc" }
{ "timestamp":"2017-01-05T05:48:57Z", "event":"Bounty", "Rewards":[ { "Faction":"Alliance of BD+47 2112", "Reward":15462 } ], "TotalReward":15462, "VictimFaction":"A. Lavigny-Duval" }
{ "timestamp":"2017-01-05T05:49:33Z", "event":"ReceiveText", "From":"$npc_name_decorate:#name=Footle;", "From_Localised":"Footle", "Message":"$BadKarmaCriticalDamage04;", "Message_Localised":"I don't believe it!", "Channel":"npc" }
{ "timestamp":"2017-01-05T05:49:51Z", "event":"Bounty", "Rewards":[ { "Faction":"Alliance of BD+47 2112", "Reward":200 }, { "Faction":"Federation", "Reward":34087 } ], "TotalReward":34287, "VictimFaction":"Wyrd Raiders" }
{ "timestamp":"2017-01-05T05:50:02Z", "event":"ReceiveText", "From":"$ShipName_Police_Federation;", "From_Localised":"Federal Security Service", "Message":"$Police_FinishedAtInvestigationLocation06;", "Message_Localised":"Rapid criminal investigation scans are finished. Please continue about your business.", "Channel":"npc" }
{ "timestamp":"2017-01-05T05:50:05Z", "event":"ReceiveText", "From":"$npc_name_decorate:#name=Alberto Scaroni;", "From_Localised":"Alberto Scaroni", "Message":"$Pirate_OnStartScanCargo11;", "Message_Localised":"I hope you have something good in your hold.", "Channel":"npc" }
{ "timestamp":"2017-01-05T05:50:45Z", "event":"Bounty", "Rewards":[ { "Faction":"Alliance of BD+47 2112", "Reward":15185 } ], "TotalReward":15185, "VictimFaction":"Wyrd Raiders" }
{ "timestamp":"2017-01-05T05:51:04Z", "event":"ReceiveText", "From":"$ShipName_Police_Federation;", "From_Localised":"Federal Security Service", "Message":"$Police_ThankYouPassedStopAndSearch08;", "Message_Localised":"All done and you're clear to proceed, Commander.", "Channel":"npc" }
{ "timestamp":"2017-01-05T05:51:39Z", "event":"ReceiveText", "From":"$npc_name_decorate:#name=Sam Spencer-Bailey;", "From_Localised":"Sam Spencer-Bailey", "Message":"$Pirate_OnDeclarePiracyAttack04;", "Message_Localised":"I'm gonna boil you up!", "Channel":"npc" }
{ "timestamp":"2017-01-05T05:52:16Z", "event":"ReceiveText", "From":"$npc_name_decorate:#name=Sam Spencer-Bailey;", "From_Localised":"Sam Spencer-Bailey", "Message":"$Pirate_NiggledByNewShip01;", "Message_Localised":"Oh, so you think you can take me?", "Channel":"npc" }
{ "timestamp":"2017-01-05T05:52:33Z", "event":"Bounty", "Rewards":[ { "Faction":"Alliance of BD+47 2112", "Reward":100 }, { "Faction":"Federation", "Reward":42187 } ], "TotalReward":42287, "VictimFaction":"Legacy Corp" }
{ "timestamp":"2017-01-05T05:52:49Z", "event":"ReceiveText", "From":"$npc_name_decorate:#name=James Arnold;", "From_Localised":"James Arnold", "Message":"$Pirate_OnDeclarePiracyAttack01;", "Message_Localised":"I'll pick your bones clean, greenhorn.", "Channel":"npc" }
{ "timestamp":"2017-01-05T05:53:16Z", "event":"ReceiveText", "From":"$npc_name_decorate:#name=James Arnold;", "From_Localised":"James Arnold", "Message":"$BadKarmaCriticalDamage08;", "Message_Localised":"I've taken too many hits.", "Channel":"npc" }
{ "timestamp":"2017-01-05T05:53:24Z", "event":"Bounty", "Rewards":[ { "Faction":"Alliance of BD+47 2112", "Reward":33040 } ], "TotalReward":33040, "VictimFaction":"Wyrd Raiders" }
{ "timestamp":"2017-01-05T05:54:05Z", "event":"ReceiveText", "From":"$npc_name_decorate:#name=Whykay;", "From_Localised":"Whykay", "Message":"$Pirate_OnStartScanCargo11;", "Message_Localised":"I hope you have something good in your hold.", "Channel":"npc" }
{ "timestamp":"2017-01-05T05:54:15Z", "event":"ReceiveText", "From":"$npc_name_decorate:#name=Whykay;", "From_Localised":"Whykay", "Message":"$Pirate_OnNoCargoFound01;", "Message_Localised":"No cargo? Waste of time...", "Channel":"npc" }
{ "timestamp":"2017-01-05T05:55:22Z", "event":"Bounty", "Rewards":[ { "Faction":"Alliance of BD+47 2112", "Reward":11945 } ], "TotalReward":11945, "VictimFaction":"Wyrd Raiders" }
{ "timestamp":"2017-01-05T05:55:34Z", "event":"ReceiveText", "From":"$npc_name_decorate:#name=Priest;", "From_Localised":"Priest", "Message":"$BadKarmaCriticalDamage01;", "Message_Localised":"How is this happening?!", "Channel":"npc" }
{ "timestamp":"2017-01-05T05:56:15Z", "event":"ReceiveText", "From":"$npc_name_decorate:#name=Nauseum;", "From_Localised":"Nauseum", "Message":"$Pirate_OnDeclarePiracyAttack02;", "Message_Localised":"You choose death then. Very well.", "Channel":"npc" }
{ "timestamp":"2017-01-05T05:56:32Z", "event":"ReceiveText", "From":"$npc_name_decorate:#name=Nimrood;", "From_Localised":"Nimrood", "Message":"$Escort_NearDeath07;", "Message_Localised":"I've taken too much damage.", "Channel":"npc" }
{ "timestamp":"2017-01-05T05:56:41Z", "event":"ReceiveText", "From":"$npc_name_decorate:#name=Nauseum;", "From_Localised":"Nauseum", "Message":"$Pirate_OnDeclarePiracyAttack07;", "Message_Localised":"I consign your remains to the void.", "Channel":"npc" }
{ "timestamp":"2017-01-05T05:56:56Z", "event":"ReceiveText", "From":"$npc_name_decorate:#name=Rasori Kregonnor;", "From_Localised":"Rasori Kregonnor", "Message":"$Escort_EscortJump07;", "Message_Localised":"With nothing to protect, I'm out of here.", "Channel":"npc" }
{ "timestamp":"2017-01-05T05:56:58Z", "event":"ReceiveText", "From":"$npc_name_decorate:#name=Nauseum;", "From_Localised":"Nauseum", "Message":"$BadKarmaCriticalDamage03;", "Message_Localised":"You fight a good fight!", "Channel":"npc" }
{ "timestamp":"2017-01-05T05:58:02Z", "event":"ReceiveText", "From":"$npc_name_decorate:#name=Niall;", "From_Localised":"Niall", "Message":"$BadKarmaCriticalDamage05;", "Message_Localised":"No, no!", "Channel":"npc" }
{ "timestamp":"2017-01-05T05:59:08Z", "event":"ReceiveText", "From":"$npc_name_decorate:#name=Simola;", "From_Localised":"Simola", "Message":"$BadKarmaCriticalDamage02;", "Message_Localised":"Impossible!", "Channel":"npc" }
{ "timestamp":"2017-01-05T05:59:16Z", "event":"ReceiveText", "From":"$npc_name_decorate:#name=Marius Bovet;", "From_Localised":"Marius Bovet", "Message":"$Pirate_OnStartScanCargo11;", "Message_Localised":"I hope you have something good in your hold.", "Channel":"npc" }
{ "timestamp":"2017-01-05T05:59:20Z", "event":"Bounty", "Rewards":[ { "Faction":"Alliance of BD+47 2112", "Reward":200 }, { "Faction":"Federation", "Reward":36300 } ], "TotalReward":36500, "VictimFaction":"Wyrd Raiders" }
{ "timestamp":"2017-01-05T05:59:26Z", "event":"ReceiveText", "From":"$npc_name_decorate:#name=Marius Bovet;", "From_Localised":"Marius Bovet", "Message":"$Pirate_OnNoCargoFound09;", "Message_Localised":"Next time you should fill your hold with gold.", "Channel":"npc" }
{ "timestamp":"2017-01-05T06:00:04Z", "event":"ReceiveText", "From":"$npc_name_decorate:#name=truntulus;", "From_Localised":"truntulus", "Message":"$Pirate_OnStartScanCargo10;", "Message_Localised":"Let me see what you have.", "Channel":"npc" }
{ "timestamp":"2017-01-05T06:00:11Z", "event":"ReceiveText", "From":"$npc_name_decorate:#name=Gloria Vandel;", "From_Localised":"Gloria Vandel", "Message":"$Pirate_OnStartScanCargo05;", "Message_Localised":"What treats do you carry?", "Channel":"npc" }
{ "timestamp":"2017-01-05T06:00:13Z", "event":"ReceiveText", "From":"$ShipName_Police_Federation;", "From_Localised":"Federal Security Service", "Message":"$Police_ThankYouPassedStopAndSearch04;", "Message_Localised":"No crimes detected. You're free to go, Commander.", "Channel":"npc" }
{ "timestamp":"2017-01-05T06:00:14Z", "event":"ReceiveText", "From":"$npc_name_decorate:#name=truntulus;", "From_Localised":"truntulus", "Message":"$Pirate_OnNoCargoFound03;", "Message_Localised":"No cargo? Useless dreg.", "Channel":"npc" }
{ "timestamp":"2017-01-05T06:00:21Z", "event":"ReceiveText", "From":"$npc_name_decorate:#name=Gloria Vandel;", "From_Localised":"Gloria Vandel", "Message":"$Pirate_OnNoCargoFound11;", "Message_Localised":"Another empty cargo hold. My children will go hungry tonight.", "Channel":"npc" }
{ "timestamp":"2017-01-05T06:00:24Z", "event":"ReceiveText", "From":"$npc_name_decorate:#name=Landge;", "From_Localised":"Landge", "Message":"$Escort_NearDeath08;", "Message_Localised":"Avenge me!", "Channel":"npc" }
{ "timestamp":"2017-01-05T06:00:47Z", "event":"ReceiveText", "From":"$npc_name_decorate:#name=truntulus;", "From_Localised":"truntulus", "Message":"$BadKarmaCriticalDamage02;", "Message_Localised":"Impossible!", "Channel":"npc" }
{ "timestamp":"2017-01-05T06:01:35Z", "event":"Bounty", "Rewards":[ { "Faction":"Alliance of BD+47 2112", "Reward":27814 } ], "TotalReward":27814, "VictimFaction":"Wyrd People's Party" }
{ "timestamp":"2017-01-05T06:01:58Z", "event":"ReceiveText", "From":"$npc_name_decorate:#name=Lullabel Pixie;", "From_Localised":"Lullabel Pixie", "Message":"$Pirate_OnStartScanCargo01;", "Message_Localised":"I see all!", "Channel":"npc" }
{ "timestamp":"2017-01-05T06:01:59Z", "event":"ReceiveText", "From":"$npc_name_decorate:#name=Marius Bovet;", "From_Localised":"Marius Bovet", "Message":"$BadKarmaCriticalDamage08;", "Message_Localised":"I've taken too many hits.", "Channel":"npc" }
{ "timestamp":"2017-01-05T06:02:08Z", "event":"ReceiveText", "From":"$npc_name_decorate:#name=Lullabel Pixie;", "From_Localised":"Lullabel Pixie", "Message":"$Pirate_OnNoCargoFound10;", "Message_Localised":"There's nothing worth my while here.", "Channel":"npc" }
{ "timestamp":"2017-01-05T06:02:55Z", "event":"ReceiveText", "From":"$npc_name_decorate:#name=Gloria Vandel;", "From_Localised":"Gloria Vandel", "Message":"$Pirate_OnDeclarePiracyAttack01;", "Message_Localised":"I'll pick your bones clean, greenhorn.", "Channel":"npc" }
{ "timestamp":"2017-01-05T06:03:28Z", "event":"Bounty", "Rewards":[ { "Faction":"Alliance of BD+47 2112", "Reward":41280 } ], "TotalReward":41280, "VictimFaction":"Wyrd Raiders" }
{ "timestamp":"2017-01-05T06:03:55Z", "event":"ReceiveText", "From":"$npc_name_decorate:#name=Protocube;", "From_Localised":"Protocube", "Message":"$Pirate_OnStartScanCargo10;", "Message_Localised":"Let me see what you have.", "Channel":"npc" }
{ "timestamp":"2017-01-05T06:04:05Z", "event":"ReceiveText", "From":"$npc_name_decorate:#name=Protocube;", "From_Localised":"Protocube", "Message":"$Pirate_OnNoCargoFound06;", "Message_Localised":"Another dream of riches dashed.", "Channel":"npc" }
{ "timestamp":"2017-01-05T06:04:50Z", "event":"ReceiveText", "From":"$npc_name_decorate:#name=Stephen Randus;", "From_Localised":"Stephen Randus", "Message":"$BadKarmaCriticalDamage06;", "Message_Localised":"I hadn't expected this.", "Channel":"npc" }
{ "timestamp":"2017-01-05T06:05:12Z", "event":"Bounty", "Rewards":[ { "Faction":"Alliance of BD+47 2112", "Reward":33545 } ], "TotalReward":33545, "VictimFaction":"Wyrd Raiders" }
{ "timestamp":"2017-01-05T06:07:29Z", "event":"ReceiveText", "From":"$ShipName_Police_Federation;", "From_Localised":"Federal Security Service", "Message":"$Police_ThankYouPassedStopAndSearch10;", "Message_Localised":"Everything looks fine, Commander. Have a good day.", "Channel":"npc" }
{ "timestamp":"2017-01-05T06:07:52Z", "event":"ReceiveText", "From":"$npc_name_decorate:#name=Daz Timms;", "From_Localised":"Daz Timms", "Message":"$BadKarmaCriticalDamage08;", "Message_Localised":"I've taken too many hits.", "Channel":"npc" }
{ "timestamp":"2017-01-05T06:08:01Z", "event":"Bounty", "Rewards":[ { "Faction":"Alliance of BD+47 2112", "Reward":200 }, { "Faction":"Federation", "Reward":42052 } ], "TotalReward":42252, "VictimFaction":"Wyrd Raiders" }
{ "timestamp":"2017-01-05T06:08:22Z", "event":"ReceiveText", "From":"$npc_name_decorate:#name=Tintifax;", "From_Localised":"Tintifax", "Message":"$Pirate_OnDeclarePiracyAttack02;", "Message_Localised":"You choose death then. Very well.", "Channel":"npc" }
{ "timestamp":"2017-01-05T06:08:42Z", "event":"ReceiveText", "From":"$npc_name_decorate:#name=Tintifax;", "From_Localised":"Tintifax", "Message":"$BadKarmaCriticalDamage03;", "Message_Localised":"You fight a good fight!", "Channel":"npc" }
{ "timestamp":"2017-01-05T06:08:55Z", "event":"Bounty", "Rewards":[ { "Faction":"Alliance of BD+47 2112", "Reward":30020 } ], "TotalReward":30020, "VictimFaction":"Ross 1003 Prison Colony" }
{ "timestamp":"2017-01-05T06:09:59Z", "event":"ReceiveText", "From":"$npc_name_decorate:#name=Talin Patel;", "From_Localised":"Talin Patel", "Message":"$Pirate_OnStartScanCargo06;", "Message_Localised":"Let's see what you are carrying.", "Channel":"npc" }
{ "timestamp":"2017-01-05T06:10:03Z", "event":"ReceiveText", "From":"$npc_name_decorate:#name=Gonzorig Banzibar;", "From_Localised":"Gonzorig Banzibar", "Message":"$BadKarmaCriticalDamage06;", "Message_Localised":"I hadn't expected this.", "Channel":"npc" }
{ "timestamp":"2017-01-05T06:10:09Z", "event":"ReceiveText", "From":"$npc_name_decorate:#name=Talin Patel;", "From_Localised":"Talin Patel", "Message":"$Pirate_OnNoCargoFound11;", "Message_Localised":"Another empty cargo hold. My children will go hungry tonight.", "Channel":"npc" }
{ "timestamp":"2017-01-05T06:10:18Z", "event":"ReceiveText", "From":"$npc_name_decorate:#name=Booshk al'Zhor;", "From_Localised":"Booshk al'Zhor", "Message":"$Pirate_OnStartScanCargo05;", "Message_Localised":"What treats do you carry?", "Channel":"npc" }
{ "timestamp":"2017-01-05T06:10:28Z", "event":"ReceiveText", "From":"$npc_name_decorate:#name=Booshk al'Zhor;", "From_Localised":"Booshk al'Zhor", "Message":"$Pirate_OnNoCargoFound07;", "Message_Localised":"Nothing for me here.", "Channel":"npc" }
{ "timestamp":"2017-01-05T06:11:05Z", "event":"Bounty", "Rewards":[ { "Faction":"Alliance of BD+47 2112", "Reward":32229 } ], "TotalReward":32229, "VictimFaction":"Wyrd Raiders" }
{ "timestamp":"2017-01-05T06:11:57Z", "event":"ReceiveText", "From":"$npc_name_decorate:#name=Booshk al'Zhor;", "From_Localised":"Booshk al'Zhor", "Message":"$BadKarmaCriticalDamage10;", "Message_Localised":"You've scratched my paint!", "Channel":"npc" }
{ "timestamp":"2017-01-05T06:12:10Z", "event":"Bounty", "Rewards":[ { "Faction":"Alliance of BD+47 2112", "Reward":16100 } ], "TotalReward":16100, "VictimFaction":"Wyrd Raiders" }
{ "timestamp":"2017-01-05T06:12:53Z", "event":"ReceiveText", "From":"$npc_name_decorate:#name=Garth Oilerson Jr.;", "From_Localised":"Garth Oilerson Jr.", "Message":"$Pirate_OnStartScanCargo03;", "Message_Localised":"What are you hauling?", "Channel":"npc" }
{ "timestamp":"2017-01-05T06:13:01Z", "event":"ReceiveText", "From":"$npc_name_decorate:#name=Garth Oilerson Jr.;", "From_Localised":"Garth Oilerson Jr.", "Message":"$Pirate_OnStartScanCargo08;", "Message_Localised":"What do you have in your cargo hold?", "Channel":"npc" }
{ "timestamp":"2017-01-05T06:13:11Z", "event":"ReceiveText", "From":"$npc_name_decorate:#name=Garth Oilerson Jr.;", "From_Localised":"Garth Oilerson Jr.", "Message":"$Pirate_OnNoCargoFound10;", "Message_Localised":"There's nothing worth my while here.", "Channel":"npc" }
{ "timestamp":"2017-01-05T06:13:21Z", "event":"Bounty", "Rewards":[ { "Faction":"Alliance of BD+47 2112", "Reward":100 }, { "Faction":"Federation", "Reward":7320 } ], "TotalReward":7420, "VictimFaction":"Wyrd Raiders" }
{ "timestamp":"2017-01-05T06:13:25Z", "event":"ReceiveText", "From":"$npc_name_decorate:#name=Garth Oilerson Jr.;", "From_Localised":"Garth Oilerson Jr.", "Message":"$BadKarmaCriticalDamage09;", "Message_Localised":"I can see when I'm outmatched.", "Channel":"npc" }
{ "timestamp":"2017-01-05T06:13:48Z", "event":"ReceiveText", "From":"$npc_name_decorate:#name=Dennis Knight;", "From_Localised":"Dennis Knight", "Message":"$BadKarmaCriticalDamage08;", "Message_Localised":"I've taken too many hits.", "Channel":"npc" }
{ "timestamp":"2017-01-05T06:14:48Z", "event":"ReceiveText", "From":"$npc_name_decorate:#name=Jampot;", "From_Localised":"Jampot", "Message":"$BadKarmaCriticalDamage05;", "Message_Localised":"No, no!", "Channel":"npc" }
{ "timestamp":"2017-01-05T06:15:05Z", "event":"ReceiveText", "From":"$npc_name_decorate:#name=Gwenzoe Jasmark;", "From_Localised":"Gwenzoe Jasmark", "Message":"$Pirate_OnStartScanCargo06;", "Message_Localised":"Let's see what you are carrying.", "Channel":"npc" }
{ "timestamp":"2017-01-05T06:15:15Z", "event":"ReceiveText", "From":"$npc_name_decorate:#name=Gwenzoe Jasmark;", "From_Localised":"Gwenzoe Jasmark", "Message":"$Pirate_OnNoCargoFound04;", "Message_Localised":"Another dud? Damn it all!", "Channel":"npc" }
{ "timestamp":"2017-01-05T06:15:20Z", "event":"ReceiveText", "From":"$npc_name_decorate:#name=Nick Marsh;", "From_Localised":"Nick Marsh", "Message":"$Escort_AttackDutyStart04;", "Message_Localised":"We got reds on the radar, breaking formation.", "Channel":"npc" }
{ "timestamp":"2017-01-05T06:15:21Z", "event":"ReceiveText", "From":"$npc_name_decorate:#name=Tundidor;", "From_Localised":"Tundidor", "Message":"$BadKarmaCriticalDamage10;", "Message_Localised":"You've scratched my paint!", "Channel":"npc" }
{ "timestamp":"2017-01-05T06:15:40Z", "event":"ReceiveText", "From":"$npc_name_decorate:#name=Parminder Bansal;", "From_Localised":"Parminder Bansal", "Message":"$Pirate_OnStartScanCargo03;", "Message_Localised":"What are you hauling?", "Channel":"npc" }
{ "timestamp":"2017-01-05T06:15:50Z", "event":"ReceiveText", "From":"$npc_name_decorate:#name=Parminder Bansal;", "From_Localised":"Parminder Bansal", "Message":"$Pirate_OnNoCargoFound09;", "Message_Localised":"Next time you should fill your hold with gold.", "Channel":"npc" }
{ "timestamp":"2017-01-05T06:16:24Z", "event":"Bounty", "Rewards":[ { "Faction":"Alliance of BD+47 2112", "Reward":27977 } ], "TotalReward":27977, "VictimFaction":"Wyrd Raiders" }
{ "timestamp":"2017-01-05T06:16:29Z", "event":"ReceiveText", "From":"$ShipName_Police_Federation;", "From_Localised":"Federal Security Service", "Message":"$Police_ThankYouPassedStopAndSearch01;", "Message_Localised":"Thank you for your cooperation, Commander.", "Channel":"npc" }
{ "timestamp":"2017-01-05T06:17:50Z", "event":"ReceiveText", "From":"$npc_name_decorate:#name=Gorm;", "From_Localised":"Gorm", "Message":"$Pirate_OnStartScanCargo09;", "Message_Localised":"The scan will soon be over.", "Channel":"npc" }
{ "timestamp":"2017-01-05T06:18:00Z", "event":"ReceiveText", "From":"$npc_name_decorate:#name=Gorm;", "From_Localised":"Gorm", "Message":"$Pirate_OnNoCargoFound08;", "Message_Localised":"A wasted effort. There's no cargo here.", "Channel":"npc" }
{ "timestamp":"2017-01-05T06:18:39Z", "event":"ReceiveText", "From":"$npc_name_decorate:#name=Richard Lee Green;", "From_Localised":"Richard Lee Green", "Message":"$Pirate_OnStartScanCargo06;", "Message_Localised":"Let's see what you are carrying.", "Channel":"npc" }
{ "timestamp":"2017-01-05T06:18:49Z", "event":"ReceiveText", "From":"$npc_name_decorate:#name=Richard Lee Green;", "From_Localised":"Richard Lee Green", "Message":"$Pirate_OnNoCargoFound04;", "Message_Localised":"Another dud? Damn it all!", "Channel":"npc" }
{ "timestamp":"2017-01-05T06:20:45Z", "event":"Bounty", "Rewards":[ { "Faction":"Alliance of BD+47 2112", "Reward":19620 } ], "TotalReward":19620, "VictimFaction":"Wyrd Raiders" }
{ "timestamp":"2017-01-05T06:20:52Z", "event":"ReceiveText", "From":"$npc_name_decorate:#name=Red McGrath;", "From_Localised":"Red McGrath", "Message":"$Pirate_OnStartScanCargo04;", "Message_Localised":"What do you carry, I wonder?", "Channel":"npc" }
{ "timestamp":"2017-01-05T06:21:02Z", "event":"ReceiveText", "From":"$npc_name_decorate:#name=Red McGrath;", "From_Localised":"Red McGrath", "Message":"$Pirate_OnNoCargoFound09;", "Message_Localised":"Next time you should fill your hold with gold.", "Channel":"npc" }
{ "timestamp":"2017-01-05T06:21:03Z", "event":"ReceiveText", "From":"$npc_name_decorate:#name=Red McGrath;", "From_Localised":"Red McGrath", "Message":"$Pirate_NotEnoughCargo01;", "Message_Localised":"Poor excuse for a trader, you're not worth it.", "Channel":"npc" }
{ "timestamp":"2017-01-05T06:22:03Z", "event":"ReceiveText", "From":"$npc_name_decorate:#name=Red McGrath;", "From_Localised":"Red McGrath", "Message":"$BadKarmaCriticalDamage03;", "Message_Localised":"You fight a good fight!", "Channel":"npc" }
{ "timestamp":"2017-01-05T06:22:11Z", "event":"Bounty", "Rewards":[ { "Faction":"Alliance of BD+47 2112", "Reward":100 }, { "Faction":"Federation", "Reward":11100 } ], "TotalReward":11200, "VictimFaction":"Wyrd Raiders" }
{ "timestamp":"2017-01-05T06:23:08Z", "event":"ReceiveText", "From":"$npc_name_decorate:#name=Northy;", "From_Localised":"Northy", "Message":"$Escort_NearDeath04;", "Message_Localised":"Breaking off attack, I can't hold it.", "Channel":"npc" }
{ "timestamp":"2017-01-05T06:23:32Z", "event":"ReceiveText", "From":"$npc_name_decorate:#name=Nick Marsh;", "From_Localised":"Nick Marsh", "Message":"$Pirate_OnDeclarePiracyAttack14;", "Message_Localised":"Your doom approaches.", "Channel":"npc" }
{ "timestamp":"2017-01-05T06:24:31Z", "event":"ReceiveText", "From":"$npc_name_decorate:#name=James Davies;", "From_Localised":"James Davies", "Message":"$Pirate_OnStartScanCargo10;", "Message_Localised":"Let me see what you have.", "Channel":"npc" }
{ "timestamp":"2017-01-05T06:24:31Z", "event":"ReceiveText", "From":"$npc_name_decorate:#name=Richard Lee Green;", "From_Localised":"Richard Lee Green", "Message":"$BadKarmaCriticalDamage05;", "Message_Localised":"No, no!", "Channel":"npc" }
{ "timestamp":"2017-01-05T06:24:41Z", "event":"ReceiveText", "From":"$npc_name_decorate:#name=James Davies;", "From_Localised":"James Davies", "Message":"$Pirate_OnNoCargoFound07;", "Message_Localised":"Nothing for me here.", "Channel":"npc" }
{ "timestamp":"2017-01-05T06:24:46Z", "event":"ReceiveText", "From":"$npc_name_decorate:#name=Chetwynd;", "From_Localised":"Chetwynd", "Message":"$Pirate_OnStartScanCargo08;", "Message_Localised":"What do you have in your cargo hold?", "Channel":"npc" }
{ "timestamp":"2017-01-05T06:24:56Z", "event":"ReceiveText", "From":"$npc_name_decorate:#name=Chetwynd;", "From_Localised":"Chetwynd", "Message":"$Pirate_OnNoCargoFound03;", "Message_Localised":"No cargo? Useless dreg.", "Channel":"npc" }
{ "timestamp":"2017-01-05T06:25:21Z", "event":"Bounty", "Rewards":[ { "Faction":"Alliance of BD+47 2112", "Reward":400 }, { "Faction":"Federation", "Reward":30420 } ], "TotalReward":30820, "VictimFaction":"Legacy Corp" }
{ "timestamp":"2017-01-05T06:25:34Z", "event":"ReceiveText", "From":"$npc_name_decorate:#name=Ricquemaque;", "From_Localised":"Ricquemaque", "Message":"$Pirate_OnStartScanCargo08;", "Message_Localised":"What do you have in your cargo hold?", "Channel":"npc" }
{ "timestamp":"2017-01-05T06:25:44Z", "event":"ReceiveText", "From":"$npc_name_decorate:#name=Ricquemaque;", "From_Localised":"Ricquemaque", "Message":"$Pirate_OnNoCargoFound10;", "Message_Localised":"There's nothing worth my while here.", "Channel":"npc" }
{ "timestamp":"2017-01-05T06:27:12Z", "event":"ReceiveText", "From":"$npc_name_decorate:#name=Charles;", "From_Localised":"Charles", "Message":"$Pirate_OnStartScanCargo09;", "Message_Localised":"The scan will soon be over.", "Channel":"npc" }
{ "timestamp":"2017-01-05T06:27:22Z", "event":"ReceiveText", "From":"$npc_name_decorate:#name=Charles;", "From_Localised":"Charles", "Message":"$Pirate_OnNoCargoFound10;", "Message_Localised":"There's nothing worth my while here.", "Channel":"npc" }
{ "timestamp":"2017-01-05T06:27:34Z", "event":"ReceiveText", "From":"$npc_name_decorate:#name=Charles;", "From_Localised":"Charles", "Message":"$Pirate_OnDeclarePiracyAttack01;", "Message_Localised":"I'll pick your bones clean, greenhorn.", "Channel":"npc" }
{ "timestamp":"2017-01-05T06:28:17Z", "event":"ReceiveText", "From":"$npc_name_decorate:#name=Chetwynd;", "From_Localised":"Chetwynd", "Message":"$BadKarmaCriticalDamage07;", "Message_Localised":"Too much damage!", "Channel":"npc" }
{ "timestamp":"2017-01-05T06:29:03Z", "event":"ReceiveText", "From":"$npc_name_decorate:#name=Jacob John;", "From_Localised":"Jacob John", "Message":"$Pirate_OnStartScanCargo11;", "Message_Localised":"I hope you have something good in your hold.", "Channel":"npc" }
{ "timestamp":"2017-01-05T06:29:13Z", "event":"ReceiveText", "From":"$npc_name_decorate:#name=Jacob John;", "From_Localised":"Jacob John", "Message":"$Pirate_OnNoCargoFound03;", "Message_Localised":"No cargo? Useless dreg.", "Channel":"npc" }
{ "timestamp":"2017-01-05T06:29:19Z", "event":"Bounty", "Rewards":[ { "Faction":"Alliance of BD+47 2112", "Reward":200 }, { "Faction":"Federation", "Reward":47722 } ], "TotalReward":47922, "VictimFaction":"Wyrd Raiders" }
{ "timestamp":"2017-01-05T06:29:43Z", "event":"ReceiveText", "From":"$npc_name_decorate:#name=James Davies;", "From_Localised":"James Davies", "Message":"$Pirate_OnDeclarePiracyAttack03;", "Message_Localised":"Now you die, victim.", "Channel":"npc" }
{ "timestamp":"2017-01-05T06:30:07Z", "event":"Bounty", "Rewards":[ { "Faction":"Alliance of BD+47 2112", "Reward":11702 } ], "TotalReward":11702, "VictimFaction":"Wyrd Raiders" }
{ "timestamp":"2017-01-05T06:30:11Z", "event":"ReceiveText", "From":"$npc_name_decorate:#name=Nick Marsh;", "From_Localised":"Nick Marsh", "Message":"$Pirate_OnDeclarePiracyAttack07;", "Message_Localised":"I consign your remains to the void.", "Channel":"npc" }
{ "timestamp":"2017-01-05T06:30:24Z", "event":"ReceiveText", "From":"$npc_name_decorate:#name=Ricquemaque;", "From_Localised":"Ricquemaque", "Message":"$Pirate_OnDeclarePiracyAttack03;", "Message_Localised":"Now you die, victim.", "Channel":"npc" }
{ "timestamp":"2017-01-05T06:31:25Z", "event":"ReceiveText", "From":"$npc_name_decorate:#name=Ricquemaque;", "From_Localised":"Ricquemaque", "Message":"$BadKarmaCriticalDamage04;", "Message_Localised":"I don't believe it!", "Channel":"npc" }
{ "timestamp":"2017-01-05T06:31:41Z", "event":"Bounty", "Rewards":[ { "Faction":"Alliance of BD+47 2112", "Reward":200 }, { "Faction":"Federation", "Reward":20040 } ], "TotalReward":20240, "VictimFaction":"Wyrd Raiders" }
{ "timestamp":"2017-01-05T06:32:25Z", "event":"ReceiveText", "From":"$ShipName_Police_Federation;", "From_Localised":"Federal Security Service", "Message":"$Police_ThankYouPassedStopAndSearch08;", "Message_Localised":"All done and you're clear to proceed, Commander.", "Channel":"npc" }
{ "timestamp":"2017-01-05T06:32:28Z", "event":"ReceiveText", "From":"$npc_name_decorate:#name=Danny Brian Busch;", "From_Localised":"Danny Brian Busch", "Message":"$Pirate_OnStartScanCargo03;", "Message_Localised":"What are you hauling?", "Channel":"npc" }
{ "timestamp":"2017-01-05T06:32:38Z", "event":"ReceiveText", "From":"$npc_name_decorate:#name=Danny Brian Busch;", "From_Localised":"Danny Brian Busch", "Message":"$Pirate_OnNoCargoFound07;", "Message_Localised":"Nothing for me here.", "Channel":"npc" }
{ "timestamp":"2017-01-05T06:33:23Z", "event":"ReceiveText", "From":"$npc_name_decorate:#name=Nick Marsh;", "From_Localised":"Nick Marsh", "Message":"$Pirate_OnDeclarePiracyAttack11;", "Message_Localised":"You've made your last jump, space dust.", "Channel":"npc" }
{ "timestamp":"2017-01-05T06:33:32Z", "event":"ReceiveText", "From":"$npc_name_decorate:#name=Stephen Herron;", "From_Localised":"Stephen Herron", "Message":"$BadKarmaCriticalDamage01;", "Message_Localised":"How is this happening?!", "Channel":"npc" }
{ "timestamp":"2017-01-05T06:34:39Z", "event":"ReceiveText", "From":"$npc_name_decorate:#name=Colonel Fudger;", "From_Localised":"Colonel Fudger", "Message":"$BadKarmaCriticalDamage02;", "Message_Localised":"Impossible!", "Channel":"npc" }
{ "timestamp":"2017-01-05T06:35:06Z", "event":"ReceiveText", "From":"$npc_name_decorate:#name=Danny Brian Busch;", "From_Localised":"Danny Brian Busch", "Message":"$BadKarmaCriticalDamage09;", "Message_Localised":"I can see when I'm outmatched.", "Channel":"npc" }
{ "timestamp":"2017-01-05T06:35:26Z", "event":"Bounty", "Rewards":[ { "Faction":"Alliance of BD+47 2112", "Reward":200 }, { "Faction":"Federation", "Reward":63300 } ], "TotalReward":63500, "VictimFaction":"Traditional Wyrd Justice Party" }
{ "timestamp":"2017-01-05T06:36:11Z", "event":"SupercruiseEntry", "StarSystem":"Wyrd" }
{ "timestamp":"2017-01-05T06:40:28Z", "event":"SupercruiseExit", "StarSystem":"Wyrd", "Body":"Gareth Edwards Park", "BodyType":"Station" }
{ "timestamp":"2017-01-05T06:40:30Z", "event":"ReceiveText", "From":"Gareth Edwards Park", "Message":"$STATION_NoFireZone_entered;", "Message_Localised":"No fire zone entered.", "Channel":"npc" }
{ "timestamp":"2017-01-05T06:40:41Z", "event":"DockingRequested", "StationName":"Gareth Edwards Park" }
{ "timestamp":"2017-01-05T06:40:41Z", "event":"ReceiveText", "From":"Gareth Edwards Park", "Message":"$DockingChatter_Cordial;", "Message_Localised":"Welcome back, Commander.", "Channel":"npc" }
{ "timestamp":"2017-01-05T06:40:43Z", "event":"ReceiveText", "From":"Gareth Edwards Park", "Message":"$STATION_docking_granted;", "Message_Localised":"Docking request granted.", "Channel":"npc" }
{ "timestamp":"2017-01-05T06:40:43Z", "event":"DockingGranted", "LandingPad":36, "StationName":"Gareth Edwards Park" }
{ "timestamp":"2017-01-05T06:41:53Z", "event":"Docked", "StationName":"Gareth Edwards Park", "StationType":"Orbis", "StarSystem":"Wyrd", "StationFaction":"Alliance of BD+47 2112", "StationGovernment":"$government_Confederacy;", "StationGovernment_Localised":"Confederacy", "StationAllegiance":"Federation", "StationEconomy":"$economy_Extraction;", "StationEconomy_Localised":"Extraction" }
{ "timestamp":"2017-01-05T06:42:14Z", "event":"RedeemVoucher", "Type":"bounty", "Amount":691243 }
{ "timestamp":"2017-01-05T06:42:21Z", "event":"RefuelAll", "Cost":71, "Amount":1.404479 }
{ "timestamp":"2017-01-05T06:42:23Z", "event":"BuyAmmo", "Cost":100 }
