{ "timestamp":"2017-04-16T03:01:35Z", "event":"Fileheader", "part":1, "language":"English\\UK", "gameversion":"2.3", "build":"r141964/r0 " }
{ "timestamp":"2017-04-16T03:02:23Z", "event":"Cargo", "Inventory":[  ] }
{ "timestamp":"2017-04-16T03:02:23Z", "event":"Loadout", "Ship":"Vulture", "ShipID":3, "ShipName":"SS Minnow Johnson", "ShipIdent":"KI-25V", "Modules":[ { "Slot":"LargeHardpoint1", "Item":"Hpt_PulseLaser_Gimbal_Large", "On":true, "Priority":0, "Health":1.000000, "Value":140600 }, { "Slot":"LargeHardpoint2", "Item":"Hpt_PulseLaser_Gimbal_Large", "On":true, "Priority":0, "Health":1.000000, "Value":140600 }, { "Slot":"TinyHardpoint1", "Item":"Hpt_CrimeScanner_Size0_Class1", "On":true, "Priority":0, "Health":1.000000, "Value":13544 }, { "Slot":"TinyHardpoint2", "Item":"Hpt_ShieldBooster_Size0_Class5", "On":true, "Priority":0, "Health":1.000000, "Value":281000 }, { "Slot":"TinyHardpoint3", "Item":"Hpt_ChaffLauncher_Tiny", "On":true, "Priority":0, "AmmoInClip":1, "AmmoInHopper":8, "Health":1.000000, "Value":8500 }, { "Slot":"TinyHardpoint4", "Item":"Hpt_ShieldBooster_Size0_Class5", "On":true, "Priority":0, "Health":1.000000, "Value":281000 }, { "Slot":"Armour", "Item":"Vulture_Armour_Grade1", "On":true, "Priority":1, "Health":1.000000, "Value":0 }, { "Slot":"PaintJob", "Item":"PaintJob_Vulture_Tactical_White", "On":true, "Priority":1, "Health":1.000000, "Value":0 }, { "Slot":"PowerPlant", "Item":"Int_Powerplant_Size4_Class5", "On":true, "Priority":1, "Health":1.000000, "Value":1610080 }, { "Slot":"MainEngines", "Item":"Int_Engine_Size5_Class5", "On":true, "Priority":0, "Health":1.000000, "Value":5103953 }, { "Slot":"FrameShiftDrive", "Item":"Int_Hyperdrive_Size4_Class5", "On":true, "Priority":1, "Health":1.000000, "Value":1610080 }, { "Slot":"LifeSupport", "Item":"Int_LifeSupport_Size3_Class1", "On":true, "Priority":0, "Health":1.000000, "Value":4053 }, { "Slot":"PowerDistributor", "Item":"Int_PowerDistributor_Size5_Class5", "On":true, "Priority":0, "Health":1.000000, "Value":1241317, "EngineerBlueprint":"PowerDistributor_HighFrequency", "EngineerLevel":1 }, { "Slot":"Radar", "Item":"Int_Sensors_Size4_Class5", "On":true, "Priority":0, "Health":1.000000, "Value":443328 }, { "Slot":"FuelTank", "Item":"Int_FuelTank_Size3_Class3", "On":true, "Priority":1, "Health":1.000000, "Value":7063 }, { "Slot":"Slot01_Size5", "Item":"Int_ShieldGenerator_Size5_Class3_Fast", "On":true, "Priority":0, "Health":1.000000, "Value":850659 }, { "Slot":"Slot02_Size4", "Item":"Int_HullReinforcement_Size4_Class2", "On":true, "Priority":1, "Health":1.000000, "Value":195000 }, { "Slot":"Slot03_Size2", "Item":"Int_HullReinforcement_Size1_Class2", "On":true, "Priority":1, "Health":1.000000, "Value":15000 }, { "Slot":"Slot05_Size1", "Item":"Int_FuelScoop_Size1_Class4", "On":true, "Priority":1, "Health":1.000000, "Value":20568 }, { "Slot":"Slot06_Size1", "Item":"Int_StellarBodyDiscoveryScanner_Standard", "On":true, "Priority":1, "Health":1.000000, "Value":1000 }, { "Slot":"Military01", "Item":"Int_HullReinforcement_Size4_Class2", "On":true, "Priority":1, "Health":1.000000, "Value":195000 }, { "Slot":"PlanetaryApproachSuite", "Item":"Int_PlanetApproachSuite", "On":true, "Priority":1, "Health":1.000000, "Value":500 }, { "Slot":"ShipKitSpoiler", "Item":"Vulture_Shipkit1_Spoiler4", "On":true, "Priority":1, "Health":1.000000, "Value":0 }, { "Slot":"ShipKitWings", "Item":"Vulture_Shipkit1_Wings2", "On":true, "Priority":1, "Health":1.000000, "Value":0 }, { "Slot":"ShipKitTail", "Item":"Vulture_Shipkit1_Tail4", "On":true, "Priority":1, "Health":1.000000, "Value":0 }, { "Slot":"ShipKitBumper", "Item":"Vulture_Shipkit1_Bumper4", "On":true, "Priority":1, "Health":1.000000, "Value":0 }, { "Slot":"ShipCockpit", "Item":"Vulture_Cockpit", "On":true, "Priority":1, "Health":1.000000, "Value":0 }, { "Slot":"CargoHatch", "Item":"ModularCargoBayDoor", "On":true, "Priority":2, "Health":1.000000, "Value":0 } ] }
{ "timestamp":"2017-04-16T03:02:23Z", "event":"Materials", "Raw":[ { "Name":"iron", "Count":14 }, { "Name":"sulphur", "Count":44 }, { "Name":"phosphorus", "Count":30 }, { "Name":"manganese", "Count":12 }, { "Name":"nickel", "Count":13 }, { "Name":"carbon", "Count":36 }, { "Name":"cadmium", "Count":12 }, { "Name":"germanium", "Count":3 }, { "Name":"tungsten", "Count":3 }, { "Name":"arsenic", "Count":3 }, { "Name":"zinc", "Count":6 }, { "Name":"selenium", "Count":12 }, { "Name":"vanadium", "Count":3 }, { "Name":"antimony", "Count":3 } ], "Manufactured":[ { "Name":"hybridcapacitors", "Count":1 }, { "Name":"focuscrystals", "Count":1 }, { "Name":"salvagedalloys", "Count":1 }, { "Name":"shieldemitters", "Count":5 }, { "Name":"galvanisingalloys", "Count":4 }, { "Name":"phasealloys", "Count":7 }, { "Name":"highdensitycomposites", "Count":3 }, { "Name":"compoundshielding", "Count":6 }, { "Name":"refinedfocuscrystals", "Count":2 }, { "Name":"conductivecomponents", "Count":3 }, { "Name":"heatresistantceramics", "Count":1 } ], "Encoded":[ { "Name":"shieldcyclerecordings", "Count":23 }, { "Name":"emissiondata", "Count":25 }, { "Name":"encodedscandata", "Count":2 }, { "Name":"decodedemissiondata", "Count":96 }, { "Name":"shieldsoakanalysis", "Count":12 }, { "Name":"scandatabanks", "Count":27 }, { "Name":"bulkscandata", "Count":10 }, { "Name":"archivedemissiondata", "Count":2 }, { "Name":"shielddensityreports", "Count":33 }, { "Name":"shieldpatternanalysis", "Count":87 }, { "Name":"compactemissionsdata", "Count":5 }, { "Name":"shieldfrequencydata", "Count":3 }, { "Name":"consumerfirmware", "Count":1 }, { "Name":"hyperspacetrajectories", "Count":1 }, { "Name":"scrambledemissiondata", "Count":1 }, { "Name":"scanarchives", "Count":16 }, { "Name":"classifiedscandata", "Count":4 } ] }
{ "timestamp":"2017-04-16T03:02:23Z", "event":"LoadGame", "Commander":"Kith000", "Ship":"Vulture", "ShipID":3, "ShipName":"SS Minnow Johnson", "ShipIdent":"KI-25V", "FuelLevel":5.132618, "FuelCapacity":8.000000, "GameMode":"Group", "Group":"MOBIUS PVE", "Credits":43538426, "Loan":0 }
{ "timestamp":"2017-04-16T03:02:23Z", "event":"Rank", "Combat":5, "Trade":4, "Explore":2, "Empire":0, "Federation":2, "CQC":0 }
{ "timestamp":"2017-04-16T03:02:23Z", "event":"Progress", "Combat":12, "Trade":57, "Explore":16, "Empire":100, "Federation":83, "CQC":40 }
{ "timestamp":"2017-04-16T03:02:33Z", "event":"Location", "Docked":false, "StarSystem":"Nait", "StarPos":[131.250,-20.438,-70.313], "SystemAllegiance":"Federation", "SystemEconomy":"$economy_Industrial;", "SystemEconomy_Localised":"Industrial", "SystemGovernment":"$government_Corporate;", "SystemGovernment_Localised":"Corporate", "SystemSecurity":"$SYSTEM_SECURITY_low;", "SystemSecurity_Localised":"Low Security", "Body":"Nait 2 B Ring", "BodyType":"PlanetaryRing", "Factions":[ { "Name":"Tolun Silver United Ltd", "FactionState":"None", "Government":"Corporate", "Influence":0.057000, "Allegiance":"Independent" }, { "Name":"Nait Purple State Commodities", "FactionState":"Boom", "Government":"Corporate", "Influence":0.684000, "Allegiance":"Federation" }, { "Name":"Noblemen of Kherno", "FactionState":"Boom", "Government":"Feudal", "Influence":0.074000, "Allegiance":"Independent" }, { "Name":"Hodur Prison Colony", "FactionState":"None", "Government":"PrisonColony", "Influence":0.078000, "Allegiance":"Independent" }, { "Name":"Unionists of Nait", "FactionState":"None", "Government":"Communism", "Influence":0.041000, "Allegiance":"Independent" }, { "Name":"Nait Blue Council", "FactionState":"None", "Government":"Anarchy", "Influence":0.029000, "Allegiance":"Independent" }, { "Name":"Law Party of Nait", "FactionState":"None", "Government":"Dictatorship", "Influence":0.037000, "Allegiance":"Independent" } ], "SystemFaction":"Nait Purple State Commodities", "FactionState":"Boom" }
{ "timestamp":"2017-04-16T03:03:43Z", "event":"ReceiveText", "From":"$npc_name_decorate:#name=Cazzaline;", "From_Localised":"Cazzaline", "Message":"$Pirate_OnStartScanCargo10;", "Message_Localised":"Let me see what you have.", "Channel":"npc" }
{ "timestamp":"2017-04-16T03:03:53Z", "event":"ReceiveText", "From":"$npc_name_decorate:#name=Cazzaline;", "From_Localised":"Cazzaline", "Message":"$Pirate_OnNoCargoFound07;", "Message_Localised":"Nothing for me here.", "Channel":"npc" }
{ "timestamp":"2017-04-16T03:03:53Z", "event":"Scanned", "ScanType":"Cargo" }
{ "timestamp":"2017-04-16T03:04:23Z", "event":"ReceiveText", "From":"$npc_name_decorate:#name=Dius Fidius;", "From_Localised":"Dius Fidius", "Message":"$Pirate_OnStartScanCargo11;", "Message_Localised":"I hope you have something good in your hold.", "Channel":"npc" }
{ "timestamp":"2017-04-16T03:04:33Z", "event":"ReceiveText", "From":"$npc_name_decorate:#name=Dius Fidius;", "From_Localised":"Dius Fidius", "Message":"$Pirate_OnNoCargoFound09;", "Message_Localised":"Next time you should fill your hold with gold.", "Channel":"npc" }
{ "timestamp":"2017-04-16T03:04:33Z", "event":"Scanned", "ScanType":"Cargo" }
{ "timestamp":"2017-04-16T03:04:39Z", "event":"ReceiveText", "From":"$npc_name_decorate:#name=Cazzaline;", "From_Localised":"Cazzaline", "Message":"$Pirate_OnDeclarePiracyAttack03;", "Message_Localised":"Now you die, victim.", "Channel":"npc" }
{ "timestamp":"2017-04-16T03:06:19Z", "event":"ReceiveText", "From":"$npc_name_decorate:#name=Ian \"Aussie\" Rose;", "From_Localised":"Ian \"Aussie\" Rose", "Message":"$Escort_EscortJump09;", "Message_Localised":"Mission failed. Time for me to leave.", "Channel":"npc" }
{ "timestamp":"2017-04-16T03:06:37Z", "event":"ReceiveText", "From":"$npc_name_decorate:#name=Cazzaline;", "From_Localised":"Cazzaline", "Message":"$BadKarmaCriticalDamage10;", "Message_Localised":"You've scratched my paint!", "Channel":"npc" }
{ "timestamp":"2017-04-16T03:07:07Z", "event":"Bounty", "Rewards":[ { "Faction":"Nait Purple State Commodities", "Reward":128680 } ], "Target":"ferdelance", "TotalReward":128680, "VictimFaction":"Nait Blue Council" }
{ "timestamp":"2017-04-16T03:07:27Z", "event":"Scanned", "ScanType":"Cargo" }
{ "timestamp":"2017-04-16T03:07:27Z", "event":"ReceiveText", "From":"$ShipName_Police_Federation;", "From_Localised":"Federal Security Service", "Message":"$Police_ThankYouPassedStopAndSearch06;", "Message_Localised":"We're done here pilot, move along.", "Channel":"npc" }
{ "timestamp":"2017-04-16T03:07:34Z", "event":"ReceiveText", "From":"$npc_name_decorate:#name=Nick Edge;", "From_Localised":"Nick Edge", "Message":"$Pirate_OnStartScanCargo05;", "Message_Localised":"What treats do you carry?", "Channel":"npc" }
{ "timestamp":"2017-04-16T03:07:44Z", "event":"ReceiveText", "From":"$npc_name_decorate:#name=Nick Edge;", "From_Localised":"Nick Edge", "Message":"$Pirate_OnNoCargoFound08;", "Message_Localised":"A wasted effort. There's no cargo here.", "Channel":"npc" }
{ "timestamp":"2017-04-16T03:07:44Z", "event":"Scanned", "ScanType":"Cargo" }
{ "timestamp":"2017-04-16T03:07:59Z", "event":"ReceiveText", "From":"$npc_name_decorate:#name=Asher;", "From_Localised":"Asher", "Message":"$Pirate_OnStartScanCargo03;", "Message_Localised":"What are you hauling?", "Channel":"npc" }
{ "timestamp":"2017-04-16T03:08:09Z", "event":"ReceiveText", "From":"$npc_name_decorate:#name=Asher;", "From_Localised":"Asher", "Message":"$Pirate_OnNoCargoFound01;", "Message_Localised":"No cargo? Waste of time...", "Channel":"npc" }
{ "timestamp":"2017-04-16T03:08:09Z", "event":"Scanned", "ScanType":"Cargo" }
{ "timestamp":"2017-04-16T03:08:19Z", "event":"ReceiveText", "From":"$npc_name_decorate:#name=TJwozEre;", "From_Localised":"TJwozEre", "Message":"$Pirate_OnStartScanCargo11;", "Message_Localised":"I hope you have something good in your hold.", "Channel":"npc" }
{ "timestamp":"2017-04-16T03:08:25Z", "event":"ReceiveText", "From":"$npc_name_decorate:#name=Rex Engel;", "From_Localised":"Rex Engel", "Message":"$Pirate_OnStartScanCargo03;", "Message_Localised":"What are you hauling?", "Channel":"npc" }
{ "timestamp":"2017-04-16T03:08:29Z", "event":"ReceiveText", "From":"$npc_name_decorate:#name=TJwozEre;", "From_Localised":"TJwozEre", "Message":"$Pirate_OnNoCargoFound01;", "Message_Localised":"No cargo? Waste of time...", "Channel":"npc" }
{ "timestamp":"2017-04-16T03:08:29Z", "event":"Scanned", "ScanType":"Cargo" }
{ "timestamp":"2017-04-16T03:08:29Z", "event":"ReceiveText", "From":"$npc_name_decorate:#name=Craig Cooper;", "From_Localised":"Craig Cooper", "Message":"$BadKarmaCriticalDamage07;", "Message_Localised":"Too much damage!", "Channel":"npc" }
{ "timestamp":"2017-04-16T03:08:35Z", "event":"ReceiveText", "From":"$npc_name_decorate:#name=Rex Engel;", "From_Localised":"Rex Engel", "Message":"$Pirate_OnNoCargoFound09;", "Message_Localised":"Next time you should fill your hold with gold.", "Channel":"npc" }
{ "timestamp":"2017-04-16T03:08:35Z", "event":"Scanned", "ScanType":"Cargo" }
{ "timestamp":"2017-04-16T03:10:12Z", "event":"ReceiveText", "From":"$ShipName_Police_Federation;", "From_Localised":"Federal Security Service", "Message":"$Police_ArriveInvestigate04;", "Message_Localised":"Emergency response squad in position.", "Channel":"npc" }
{ "timestamp":"2017-04-16T03:10:24Z", "event":"ReceiveText", "From":"$ShipName_Police_Federation;", "From_Localised":"Federal Security Service", "Message":"$Police_ArrivedAtInvestigationLocation06;", "Message_Localised":"Crime response team in situ. Security sweep and scan commencing.", "Channel":"npc" }
{ "timestamp":"2017-04-16T03:10:52Z", "event":"ReceiveText", "From":"$npc_name_decorate:#name=TJwozEre;", "From_Localised":"TJwozEre", "Message":"$Pirate_OnDeclarePiracyAttack15;", "Message_Localised":"There will be no escape for you.", "Channel":"npc" }
{ "timestamp":"2017-04-16T03:11:19Z", "event":"Bounty", "Rewards":[ { "Faction":"Nait Purple State Commodities", "Reward":67967 } ], "Target":"asp_scout", "TotalReward":67967, "VictimFaction":"Nait Blue Council" }
{ "timestamp":"2017-04-16T03:11:28Z", "event":"ReceiveText", "From":"$ShipName_Police_Federation;", "From_Localised":"Federal Security Service", "Message":"$Police_ArriveInvestigate01;", "Message_Localised":"Investigating reports of crime.", "Channel":"npc" }
{ "timestamp":"2017-04-16T03:11:28Z", "event":"ReceiveText", "From":"$ShipName_Police_Federation;", "From_Localised":"Federal Security Service", "Message":"$Police_ArrivedAtInvestigationLocation03;", "Message_Localised":"Crime scene cordon initialised, all ships must submit to police scan.", "Channel":"npc" }
{ "timestamp":"2017-04-16T03:11:32Z", "event":"ReceiveText", "From":"$ShipName_Police_Federation;", "From_Localised":"Federal Security Service", "Message":"$Police_ArrivedAtInvestigationLocation05;", "Message_Localised":"A crime has been reported here. All ships will be scanned.", "Channel":"npc" }
{ "timestamp":"2017-04-16T03:11:45Z", "event":"ReceiveText", "From":"$npc_name_decorate:#name=Weeble;", "From_Localised":"Weeble", "Message":"$Pirate_OnStartScanCargo03;", "Message_Localised":"What are you hauling?", "Channel":"npc" }
{ "timestamp":"2017-04-16T03:11:54Z", "event":"ReceiveText", "From":"$npc_name_decorate:#name=Weeble;", "From_Localised":"Weeble", "Message":"$Pirate_OnNoCargoFound02;", "Message_Localised":"Bah, nothing.", "Channel":"npc" }
{ "timestamp":"2017-04-16T03:11:54Z", "event":"Scanned", "ScanType":"Cargo" }
{ "timestamp":"2017-04-16T03:12:08Z", "event":"ReceiveText", "From":"$npc_name_decorate:#name=Weeble;", "From_Localised":"Weeble", "Message":"$Pirate_OnDeclarePiracyAttack02;", "Message_Localised":"You choose death then. Very well.", "Channel":"npc" }
{ "timestamp":"2017-04-16T03:12:16Z", "event":"ReceiveText", "From":"$npc_name_decorate:#name=Dius Fidius;", "From_Localised":"Dius Fidius", "Message":"$BadKarmaCriticalDamage07;", "Message_Localised":"Too much damage!", "Channel":"npc" }
{ "timestamp":"2017-04-16T03:12:44Z", "event":"ReceiveText", "From":"$npc_name_decorate:#name=Jonathan Sewell;", "From_Localised":"Jonathan Sewell", "Message":"$BadKarmaCriticalDamage04;", "Message_Localised":"I don't believe it!", "Channel":"npc" }
{ "timestamp":"2017-04-16T03:13:18Z", "event":"ReceiveText", "From":"$ShipName_Police_Federation;", "From_Localised":"Federal Security Service", "Message":"$Police_FinishedAtInvestigationLocation02;", "Message_Localised":"Investigation is complete, you may be on your way.", "Channel":"npc" }
{ "timestamp":"2017-04-16T03:15:42Z", "event":"Bounty", "Rewards":[ { "Faction":"Nait Purple State Commodities", "Reward":400 }, { "Faction":"Federation", "Reward":148297 } ], "Target":"federation_dropship_mkii", "TotalReward":148697, "VictimFaction":"Nait Blue Council" }
{ "timestamp":"2017-04-16T03:15:52Z", "event":"ReceiveText", "From":"$npc_name_decorate:#name=Dave Braines;", "From_Localised":"Dave Braines", "Message":"$Pirate_OnStartScanCargo06;", "Message_Localised":"Let's see what you are carrying.", "Channel":"npc" }
{ "timestamp":"2017-04-16T03:15:55Z", "event":"MaterialCollected", "Category":"Encoded", "Name":"shieldcyclerecordings", "Count":3 }
{ "timestamp":"2017-04-16T03:15:59Z", "event":"ReceiveText", "From":"$npc_name_decorate:#name=Tony Hunt;", "From_Localised":"Tony Hunt", "Message":"$Pirate_OnStartScanCargo08;", "Message_Localised":"What do you have in your cargo hold?", "Channel":"npc" }
{ "timestamp":"2017-04-16T03:16:02Z", "event":"ReceiveText", "From":"$npc_name_decorate:#name=Dave Braines;", "From_Localised":"Dave Braines", "Message":"$Pirate_OnNoCargoFound09;", "Message_Localised":"Next time you should fill your hold with gold.", "Channel":"npc" }
{ "timestamp":"2017-04-16T03:16:02Z", "event":"Scanned", "ScanType":"Cargo" }
{ "timestamp":"2017-04-16T03:16:09Z", "event":"ReceiveText", "From":"$npc_name_decorate:#name=Tony Hunt;", "From_Localised":"Tony Hunt", "Message":"$Pirate_OnNoCargoFound05;", "Message_Localised":"How do you fools make a living?", "Channel":"npc" }
{ "timestamp":"2017-04-16T03:16:09Z", "event":"Scanned", "ScanType":"Cargo" }
{ "timestamp":"2017-04-16T03:16:10Z", "event":"MaterialCollected", "Category":"Encoded", "Name":"shieldpatternanalysis", "Count":3 }
{ "timestamp":"2017-04-16T03:16:27Z", "event":"ReceiveText", "From":"$npc_name_decorate:#name=Draeyn Dzarath;", "From_Localised":"Draeyn Dzarath", "Message":"$Pirate_OnStartScanCargo10;", "Message_Localised":"Let me see what you have.", "Channel":"npc" }
{ "timestamp":"2017-04-16T03:16:30Z", "event":"ReceiveText", "From":"$npc_name_decorate:#name=Witham;", "From_Localised":"Witham", "Message":"$BadKarmaCriticalDamage04;", "Message_Localised":"I don't believe it!", "Channel":"npc" }
{ "timestamp":"2017-04-16T03:16:37Z", "event":"ReceiveText", "From":"$npc_name_decorate:#name=Draeyn Dzarath;", "From_Localised":"Draeyn Dzarath", "Message":"$Pirate_OnNoCargoFound10;", "Message_Localised":"There's nothing worth my while here.", "Channel":"npc" }
{ "timestamp":"2017-04-16T03:16:37Z", "event":"Scanned", "ScanType":"Cargo" }
{ "timestamp":"2017-04-16T03:16:53Z", "event":"ReceiveText", "From":"$npc_name_decorate:#name=Phil Rowlands;", "From_Localised":"Phil Rowlands", "Message":"$Escort_AttackDutyStart09;", "Message_Localised":"All systems ready. Preparing for attack run.", "Channel":"npc" }
{ "timestamp":"2017-04-16T03:17:48Z", "event":"ReceiveText", "From":"$npc_name_decorate:#name=Phil Rowlands;", "From_Localised":"Phil Rowlands", "Message":"$Escort_NearDeath01;", "Message_Localised":"It's no good, I can't manoeuvre.", "Channel":"npc" }
{ "timestamp":"2017-04-16T03:18:09Z", "event":"ReceiveText", "From":"$npc_name_decorate:#name=James Scott;", "From_Localised":"James Scott", "Message":"$Pirate_OnStartScanCargo02;", "Message_Localised":"Carrying anything nice?", "Channel":"npc" }
{ "timestamp":"2017-04-16T03:18:11Z", "event":"ReceiveText", "From":"$npc_name_decorate:#name=Phil Rowlands;", "From_Localised":"Phil Rowlands", "Message":"$FarragoFlee10;", "Message_Localised":"I'm no chicken, but I'm not dying either.", "Channel":"npc" }
{ "timestamp":"2017-04-16T03:18:19Z", "event":"ReceiveText", "From":"$npc_name_decorate:#name=James Scott;", "From_Localised":"James Scott", "Message":"$Pirate_OnNoCargoFound03;", "Message_Localised":"No cargo? Useless dreg.", "Channel":"npc" }
{ "timestamp":"2017-04-16T03:18:19Z", "event":"Scanned", "ScanType":"Cargo" }
{ "timestamp":"2017-04-16T03:18:26Z", "event":"Bounty", "Rewards":[ { "Faction":"Nait Purple State Commodities", "Reward":400 }, { "Faction":"Federation", "Reward":44887 } ], "Target":"asp_scout", "TotalReward":45287, "VictimFaction":"Tolun Silver United Ltd" }
{ "timestamp":"2017-04-16T03:18:47Z", "event":"Bounty", "Rewards":[ { "Faction":"Nait Purple State Commodities", "Reward":1200 }, { "Faction":"Federation", "Reward":81975 } ], "Target":"asp_scout", "TotalReward":83175, "VictimFaction":"Tolun Silver United Ltd" }
{ "timestamp":"2017-04-16T03:19:09Z", "event":"Scanned", "ScanType":"Cargo" }
{ "timestamp":"2017-04-16T03:19:09Z", "event":"ReceiveText", "From":"$ShipName_Police_Federation;", "From_Localised":"Federal Security Service", "Message":"$Police_ThankYouPassedStopAndSearch09;", "Message_Localised":"Move along, Commander, we're done here.", "Channel":"npc" }
{ "timestamp":"2017-04-16T03:20:26Z", "event":"ReceiveText", "From":"$npc_name_decorate:#name=Andre Aske;", "From_Localised":"Andre Aske", "Message":"$BadKarmaCriticalDamage06;", "Message_Localised":"I hadn't expected this.", "Channel":"npc" }
{ "timestamp":"2017-04-16T03:20:26Z", "event":"ReceiveText", "From":"$npc_name_decorate:#name=donovan portugal;", "From_Localised":"donovan portugal", "Message":"$Escort_NearDeath05;", "Message_Localised":"Taking evasive action.", "Channel":"npc" }
{ "timestamp":"2017-04-16T03:20:45Z", "event":"ReceiveText", "From":"$npc_name_decorate:#name=Johanna M. G. Meister;", "From_Localised":"Johanna M. G. Meister", "Message":"$Pirate_OnStartScanCargo01;", "Message_Localised":"I see all!", "Channel":"npc" }
{ "timestamp":"2017-04-16T03:20:55Z", "event":"ReceiveText", "From":"$npc_name_decorate:#name=Johanna M. G. Meister;", "From_Localised":"Johanna M. G. Meister", "Message":"$Pirate_OnNoCargoFound03;", "Message_Localised":"No cargo? Useless dreg.", "Channel":"npc" }
{ "timestamp":"2017-04-16T03:20:55Z", "event":"Scanned", "ScanType":"Cargo" }
{ "timestamp":"2017-04-16T03:21:04Z", "event":"ReceiveText", "From":"$npc_name_decorate:#name=Jay Edwards;", "From_Localised":"Jay Edwards", "Message":"$Pirate_OnStartScanCargo06;", "Message_Localised":"Let's see what you are carrying.", "Channel":"npc" }
{ "timestamp":"2017-04-16T03:21:08Z", "event":"ReceiveText", "From":"$npc_name_decorate:#name=Fehlversuch;", "From_Localised":"Fehlversuch", "Message":"$Pirate_OnStartScanCargo02;", "Message_Localised":"Carrying anything nice?", "Channel":"npc" }
{ "timestamp":"2017-04-16T03:21:09Z", "event":"Bounty", "Rewards":[ { "Faction":"Federation", "Reward":139575 } ], "Target":"empire_trader", "TotalReward":139575, "VictimFaction":"Nait Blue Council" }
{ "timestamp":"2017-04-16T03:21:14Z", "event":"ReceiveText", "From":"$npc_name_decorate:#name=Jay Edwards;", "From_Localised":"Jay Edwards", "Message":"$Pirate_OnNoCargoFound09;", "Message_Localised":"Next time you should fill your hold with gold.", "Channel":"npc" }
{ "timestamp":"2017-04-16T03:21:14Z", "event":"Scanned", "ScanType":"Cargo" }
{ "timestamp":"2017-04-16T03:21:18Z", "event":"ReceiveText", "From":"$npc_name_decorate:#name=Fehlversuch;", "From_Localised":"Fehlversuch", "Message":"$Pirate_OnNoCargoFound10;", "Message_Localised":"There's nothing worth my while here.", "Channel":"npc" }
{ "timestamp":"2017-04-16T03:21:18Z", "event":"Scanned", "ScanType":"Cargo" }
{ "timestamp":"2017-04-16T03:21:37Z", "event":"ReceiveText", "From":"$ShipName_Police_Federation;", "From_Localised":"Federal Security Service", "Message":"$Police_FinishedAtInvestigationLocation04;", "Message_Localised":"Crime response sweep completed. All ships are free to depart.", "Channel":"npc" }
{ "timestamp":"2017-04-16T03:21:47Z", "event":"ReceiveText", "From":"$ShipName_Police_Federation;", "From_Localised":"Federal Security Service", "Message":"$Police_FinishedAtInvestigationLocation06;", "Message_Localised":"Rapid criminal investigation scans are finished. Please continue about your business.", "Channel":"npc" }
{ "timestamp":"2017-04-16T03:22:40Z", "event":"ReceiveText", "From":"$npc_name_decorate:#name=Johanna M. G. Meister;", "From_Localised":"Johanna M. G. Meister", "Message":"$BadKarmaCriticalDamage07;", "Message_Localised":"Too much damage!", "Channel":"npc" }
{ "timestamp":"2017-04-16T03:22:55Z", "event":"ReceiveText", "From":"$npc_name_decorate:#name=Jay Edwards;", "From_Localised":"Jay Edwards", "Message":"$Pirate_OnDeclarePiracyAttack04;", "Message_Localised":"I'm gonna boil you up!", "Channel":"npc" }
{ "timestamp":"2017-04-16T03:23:14Z", "event":"ReceiveText", "From":"$npc_name_decorate:#name=Jay Edwards;", "From_Localised":"Jay Edwards", "Message":"$Pirate_NiggledByNewShip01;", "Message_Localised":"Oh, so you think you can take me?", "Channel":"npc" }
{ "timestamp":"2017-04-16T03:23:37Z", "event":"ReceiveText", "From":"$npc_name_decorate:#name=Jay Edwards;", "From_Localised":"Jay Edwards", "Message":"$Pirate_NiggledByNewShip03;", "Message_Localised":"So you have chosen that this day will be your last.", "Channel":"npc" }
{ "timestamp":"2017-04-16T03:23:47Z", "event":"Bounty", "Rewards":[ { "Faction":"Nait Purple State Commodities", "Reward":11680 } ], "Target":"empire_eagle", "TotalReward":11680, "VictimFaction":"Nait Blue Council" }
{ "timestamp":"2017-04-16T03:24:05Z", "event":"ReceiveText", "From":"$npc_name_decorate:#name=Fehlversuch;", "From_Localised":"Fehlversuch", "Message":"$Pirate_OnDeclarePiracyAttack02;", "Message_Localised":"You choose death then. Very well.", "Channel":"npc" }
{ "timestamp":"2017-04-16T03:24:12Z", "event":"ReceiveText", "From":"$npc_name_decorate:#name=Fehlversuch;", "From_Localised":"Fehlversuch", "Message":"$BadKarmaCriticalDamage02;", "Message_Localised":"Impossible!", "Channel":"npc" }
{ "timestamp":"2017-04-16T03:24:23Z", "event":"Bounty", "Rewards":[ { "Faction":"Nait Purple State Commodities", "Reward":16540 } ], "Target":"eagle", "TotalReward":16540, "VictimFaction":"Nait Blue Council" }
{ "timestamp":"2017-04-16T03:25:32Z", "event":"ReceiveText", "From":"$npc_name_decorate:#name=Action Jack;", "From_Localised":"Action Jack", "Message":"$MinerCriticalDamage03;", "Message_Localised":"You'll pay for this, murderer!", "Channel":"npc" }
{ "timestamp":"2017-04-16T03:26:25Z", "event":"Bounty", "Rewards":[ { "Faction":"Nait Purple State Commodities", "Reward":800 }, { "Faction":"Noblemen of Kherno", "Reward":113340 }, { "Faction":"Federation", "Reward":223620 } ], "Target":"anaconda", "TotalReward":337760, "VictimFaction":"Nait Blue Council" }
{ "timestamp":"2017-04-16T03:26:36Z", "event":"ReceiveText", "From":"$npc_name_decorate:#name=Brian Nisbet;", "From_Localised":"Brian Nisbet", "Message":"$Pirate_OnStartScanCargo05;", "Message_Localised":"What treats do you carry?", "Channel":"npc" }
{ "timestamp":"2017-04-16T03:26:46Z", "event":"ReceiveText", "From":"$npc_name_decorate:#name=Brian Nisbet;", "From_Localised":"Brian Nisbet", "Message":"$Pirate_OnNoCargoFound09;", "Message_Localised":"Next time you should fill your hold with gold.", "Channel":"npc" }
{ "timestamp":"2017-04-16T03:26:46Z", "event":"Scanned", "ScanType":"Cargo" }
{ "timestamp":"2017-04-16T03:26:59Z", "event":"Scanned", "ScanType":"Cargo" }
{ "timestamp":"2017-04-16T03:26:59Z", "event":"ReceiveText", "From":"$ShipName_Police_Federation;", "From_Localised":"Federal Security Service", "Message":"$Police_ThankYouPassedStopAndSearch02;", "Message_Localised":"You're clean. Proceed, pilot.", "Channel":"npc" }
{ "timestamp":"2017-04-16T03:27:05Z", "event":"Bounty", "Rewards":[ { "Faction":"Nait Purple State Commodities", "Reward":400 }, { "Faction":"Federation", "Reward":4882 } ], "Target":"sidewinder", "TotalReward":5282, "VictimFaction":"Nait Blue Council" }
{ "timestamp":"2017-04-16T03:27:20Z", "event":"ReceiveText", "From":"$npc_name_decorate:#name=Vladimir V. Putin;", "From_Localised":"Vladimir V. Putin", "Message":"$Pirate_OnStartScanCargo07;", "Message_Localised":"Do you have anything of value?", "Channel":"npc" }
{ "timestamp":"2017-04-16T03:27:30Z", "event":"ReceiveText", "From":"$npc_name_decorate:#name=Vladimir V. Putin;", "From_Localised":"Vladimir V. Putin", "Message":"$Pirate_OnNoCargoFound09;", "Message_Localised":"Next time you should fill your hold with gold.", "Channel":"npc" }
{ "timestamp":"2017-04-16T03:27:30Z", "event":"Scanned", "ScanType":"Cargo" }
{ "timestamp":"2017-04-16T03:27:41Z", "event":"ReceiveText", "From":"$npc_name_decorate:#name=Jaras Kain;", "From_Localised":"Jaras Kain", "Message":"$Pirate_OnStartScanCargo02;", "Message_Localised":"Carrying anything nice?", "Channel":"npc" }
{ "timestamp":"2017-04-16T03:27:55Z", "event":"ReceiveText", "From":"$npc_name_decorate:#name=Jaras Kain;", "From_Localised":"Jaras Kain", "Message":"$Pirate_OnStartScanCargo04;", "Message_Localised":"What do you carry, I wonder?", "Channel":"npc" }
{ "timestamp":"2017-04-16T03:28:27Z", "event":"ReceiveText", "From":"$npc_name_decorate:#name=Jaras Kain;", "From_Localised":"Jaras Kain", "Message":"$BadKarmaCriticalDamage01;", "Message_Localised":"How is this happening?!", "Channel":"npc" }
{ "timestamp":"2017-04-16T03:28:40Z", "event":"Bounty", "Rewards":[ { "Faction":"Nait Purple State Commodities", "Reward":800 }, { "Faction":"Noblemen of Kherno", "Reward":22950 }, { "Faction":"Federation", "Reward":36045 } ], "Target":"viper", "TotalReward":59795, "VictimFaction":"Nait Blue Council" }
{ "timestamp":"2017-04-16T03:30:01Z", "event":"ReceiveText", "From":"$npc_name_decorate:#name=Keith Bugeja;", "From_Localised":"Keith Bugeja", "Message":"$BadKarmaCriticalDamage06;", "Message_Localised":"I hadn't expected this.", "Channel":"npc" }
{ "timestamp":"2017-04-16T03:30:22Z", "event":"Bounty", "Rewards":[ { "Faction":"Nait Purple State Commodities", "Reward":184462 } ], "Target":"anaconda", "TotalReward":184462, "VictimFaction":"Nait Blue Council" }
{ "timestamp":"2017-04-16T03:31:04Z", "event":"Bounty", "Rewards":[ { "Faction":"Nait Purple State Commodities", "Reward":96930 } ], "Target":"empire_trader", "TotalReward":96930, "VictimFaction":"Nait Blue Council" }
{ "timestamp":"2017-04-16T03:31:42Z", "event":"Bounty", "Rewards":[ { "Faction":"Nait Purple State Commodities", "Reward":400 }, { "Faction":"Federation", "Reward":10132 } ], "Target":"eagle", "TotalReward":10532, "VictimFaction":"Nait Blue Council" }
{ "timestamp":"2017-04-16T03:31:47Z", "event":"ReceiveText", "From":"$npc_name_decorate:#name=Matt Statham-Lee;", "From_Localised":"Matt Statham-Lee", "Message":"$Escort_AttackRun06;", "Message_Localised":"You're mine now.", "Channel":"npc" }
{ "timestamp":"2017-04-16T03:32:59Z", "event":"ReceiveText", "From":"$npc_name_decorate:#name=James Scott;", "From_Localised":"James Scott", "Message":"$Pirate_OnDeclarePiracyAttack04;", "Message_Localised":"I'm gonna boil you up!", "Channel":"npc" }
{ "timestamp":"2017-04-16T03:33:12Z", "event":"ReceiveText", "From":"$npc_name_decorate:#name=James Scott;", "From_Localised":"James Scott", "Message":"$BadKarmaCriticalDamage08;", "Message_Localised":"I've taken too many hits.", "Channel":"npc" }
{ "timestamp":"2017-04-16T03:33:25Z", "event":"Bounty", "Rewards":[ { "Faction":"Nait Purple State Commodities", "Reward":400 }, { "Faction":"Federation", "Reward":7454 } ], "Target":"sidewinder", "TotalReward":7854, "VictimFaction":"Nait Blue Council" }
{ "timestamp":"2017-04-16T03:34:12Z", "event":"ReceiveText", "From":"$npc_name_decorate:#name=Tony Mangnall;", "From_Localised":"Tony Mangnall", "Message":"$Pirate_OnStartScanCargo04;", "Message_Localised":"What do you carry, I wonder?", "Channel":"npc" }
{ "timestamp":"2017-04-16T03:35:17Z", "event":"Bounty", "Rewards":[ { "Faction":"Nait Purple State Commodities", "Reward":256152 }, { "Faction":"Noblemen of Kherno", "Reward":137700 } ], "Target":"ferdelance", "TotalReward":393852, "VictimFaction":"Nait Blue Council" }
{ "timestamp":"2017-04-16T03:35:27Z", "event":"ReceiveText", "From":"$npc_name_decorate:#name=Arc Ver;", "From_Localised":"Arc Ver", "Message":"$Pirate_OnStartScanCargo11;", "Message_Localised":"I hope you have something good in your hold.", "Channel":"npc" }
{ "timestamp":"2017-04-16T03:35:37Z", "event":"ReceiveText", "From":"$npc_name_decorate:#name=Arc Ver;", "From_Localised":"Arc Ver", "Message":"$Pirate_OnNoCargoFound10;", "Message_Localised":"There's nothing worth my while here.", "Channel":"npc" }
{ "timestamp":"2017-04-16T03:35:37Z", "event":"Scanned", "ScanType":"Cargo" }
{ "timestamp":"2017-04-16T03:36:09Z", "event":"MaterialCollected", "Category":"Encoded", "Name":"shielddensityreports", "Count":3 }
{ "timestamp":"2017-04-16T03:36:28Z", "event":"ReceiveText", "From":"$npc_name_decorate:#name=Arc Ver;", "From_Localised":"Arc Ver", "Message":"$Pirate_OnDeclarePiracyAttack04;", "Message_Localised":"I'm gonna boil you up!", "Channel":"npc" }
{ "timestamp":"2017-04-16T03:36:35Z", "event":"ReceiveText", "From":"$npc_name_decorate:#name=Boric;", "From_Localised":"Boric", "Message":"$Pirate_OnStartScanCargo07;", "Message_Localised":"Do you have anything of value?", "Channel":"npc" }
{ "timestamp":"2017-04-16T03:36:45Z", "event":"ReceiveText", "From":"$npc_name_decorate:#name=Boric;", "From_Localised":"Boric", "Message":"$Pirate_OnNoCargoFound02;", "Message_Localised":"Bah, nothing.", "Channel":"npc" }
{ "timestamp":"2017-04-16T03:36:45Z", "event":"Scanned", "ScanType":"Cargo" }
{ "timestamp":"2017-04-16T03:37:03Z", "event":"ReceiveText", "From":"$npc_name_decorate:#name=Vladimir V. Putin;", "From_Localised":"Vladimir V. Putin", "Message":"$BadKarmaCriticalDamage06;", "Message_Localised":"I hadn't expected this.", "Channel":"npc" }
{ "timestamp":"2017-04-16T03:37:23Z", "event":"ShieldState", "ShieldsUp":false }
{ "timestamp":"2017-04-16T03:37:33Z", "event":"ReceiveText", "From":"$npc_name_decorate:#name=daniel johnston;", "From_Localised":"daniel johnston", "Message":"$Pirate_OnStartScanCargo11;", "Message_Localised":"I hope you have something good in your hold.", "Channel":"npc" }
{ "timestamp":"2017-04-16T03:37:36Z", "event":"Bounty", "Rewards":[ { "Faction":"Nait Purple State Commodities", "Reward":400 }, { "Faction":"Federation", "Reward":91559 } ], "Target":"federation_dropship", "TotalReward":91959, "VictimFaction":"Unionists of Nait" }
{ "timestamp":"2017-04-16T03:37:43Z", "event":"ReceiveText", "From":"$npc_name_decorate:#name=daniel johnston;", "From_Localised":"daniel johnston", "Message":"$Pirate_OnNoCargoFound04;", "Message_Localised":"Another dud? Damn it all!", "Channel":"npc" }
{ "timestamp":"2017-04-16T03:37:43Z", "event":"Scanned", "ScanType":"Cargo" }
{ "timestamp":"2017-04-16T03:38:31Z", "event":"ShieldState", "ShieldsUp":true }
{ "timestamp":"2017-04-16T03:38:32Z", "event":"ReceiveText", "From":"$npc_name_decorate:#name=daniel johnston;", "From_Localised":"daniel johnston", "Message":"$Pirate_OnDeclarePiracyAttack03;", "Message_Localised":"Now you die, victim.", "Channel":"npc" }
{ "timestamp":"2017-04-16T03:38:41Z", "event":"ReceiveText", "From":"$npc_name_decorate:#name=Peter Werk;", "From_Localised":"Peter Werk", "Message":"$Escort_NearDeath08;", "Message_Localised":"Avenge me!", "Channel":"npc" }
{ "timestamp":"2017-04-16T03:38:54Z", "event":"Bounty", "Rewards":[ { "Faction":"Nait Purple State Commodities", "Reward":400 }, { "Faction":"Federation", "Reward":5879 } ], "Target":"sidewinder", "TotalReward":6279, "VictimFaction":"Nait Blue Council" }
{ "timestamp":"2017-04-16T03:39:37Z", "event":"ReceiveText", "From":"$npc_name_decorate:#name=daniel johnston;", "From_Localised":"daniel johnston", "Message":"$BadKarmaCriticalDamage06;", "Message_Localised":"I hadn't expected this.", "Channel":"npc" }
{ "timestamp":"2017-04-16T03:40:00Z", "event":"Bounty", "Rewards":[ { "Faction":"Nait Purple State Commodities", "Reward":12212 } ], "Target":"eagle", "TotalReward":12212, "VictimFaction":"Nait Blue Council" }
{ "timestamp":"2017-04-16T03:40:54Z", "event":"ReceiveText", "From":"$npc_name_decorate:#name=Peter Brooke;", "From_Localised":"Peter Brooke", "Message":"$BadKarmaCriticalDamage07;", "Message_Localised":"Too much damage!", "Channel":"npc" }
{ "timestamp":"2017-04-16T03:41:13Z", "event":"StartJump", "JumpType":"Supercruise" }
{ "timestamp":"2017-04-16T03:41:18Z", "event":"SupercruiseEntry", "StarSystem":"Nait" }
{ "timestamp":"2017-04-16T03:43:43Z", "event":"ReceiveText", "From":"$ShipName_PassengerLiner_Wedding;", "From_Localised":"Wedding Barge", "Message":"$ConvoyWedding_Patrol01;", "Message_Localised":"Help us celebrate our happy day!", "Channel":"npc" }
{ "timestamp":"2017-04-16T03:44:30Z", "event":"SupercruiseExit", "StarSystem":"Nait", "Body":"Faris Hub", "BodyType":"Station" }
{ "timestamp":"2017-04-16T03:44:43Z", "event":"DockingRequested", "StationName":"Faris Hub" }
{ "timestamp":"2017-04-16T03:44:43Z", "event":"ReceiveText", "From":"Faris Hub", "Message":"$DockingChatter_Neutral;", "Message_Localised":"Ensure to observe starport protocol during your visit, pilot.", "Channel":"npc" }
{ "timestamp":"2017-04-16T03:44:45Z", "event":"ReceiveText", "From":"Faris Hub", "Message":"$STATION_docking_granted;", "Message_Localised":"Docking request granted.", "Channel":"npc" }
{ "timestamp":"2017-04-16T03:44:45Z", "event":"DockingGranted", "LandingPad":31, "StationName":"Faris Hub" }
{ "timestamp":"2017-04-16T03:44:49Z", "event":"ReceiveText", "From":"Faris Hub", "Message":"$STATION_NoFireZone_entered;", "Message_Localised":"No fire zone entered.", "Channel":"npc" }
{ "timestamp":"2017-04-16T03:45:45Z", "event":"Docked", "StationName":"Faris Hub", "StationType":"Coriolis", "StarSystem":"Nait", "StationFaction":"Nait Purple State Commodities", "FactionState":"Boom", "StationGovernment":"$government_Corporate;", "StationGovernment_Localised":"Corporate", "StationAllegiance":"Federation", "StationEconomy":"$economy_Industrial;", "StationEconomy_Localised":"Industrial", "DistFromStarLS":3760.478516 }
{ "timestamp":"2017-04-16T03:47:41Z", "event":"RedeemVoucher", "Type":"bounty", "Amount":1995635, "Factions":[ { "Faction":"Nait Purple State Commodities", "Amount":903648 }, { "Faction":"Law Party of Nait", "Amount":23692 }, { "Faction":"Noblemen of Kherno", "Amount":273990 }, { "Faction":"Federation", "Amount":794305 } ] }
{ "timestamp":"2017-04-16T03:48:02Z", "event":"ReceiveText", "From":"$npc_name_decorate:#name=Coralie Travaux;", "From_Localised":"Coralie Travaux", "Message":"$Smuggler_NearDeath01;", "Message_Localised":"Okay, okay, the cargo's all yours... This job isn't worth my life.", "Channel":"npc" }
{ "timestamp":"2017-04-16T04:15:15Z", "event":"RefuelAll", "Cost":215, "Amount":4.272352 }
{ "timestamp":"2017-04-16T04:15:17Z", "event":"RepairAll", "Cost":246 }
{ "timestamp":"2017-04-16T04:15:19Z", "event":"BuyAmmo", "Cost":1100 }
{ "timestamp":"2017-04-16T04:16:58Z", "event":"Undocked", "StationName":"Faris Hub", "StationType":"Coriolis" }
{ "timestamp":"2017-04-16T04:17:22Z", "event":"ReceiveText", "From":"Faris Hub", "Message":"$STATION_NoFireZone_exited;", "Message_Localised":"No fire zone left.", "Channel":"npc" }
{ "timestamp":"2017-04-16T04:17:45Z", "event":"StartJump", "JumpType":"Supercruise" }
{ "timestamp":"2017-04-16T04:17:50Z", "event":"SupercruiseEntry", "StarSystem":"Nait" }
{ "timestamp":"2017-04-16T04:18:20Z", "event":"SupercruiseExit", "StarSystem":"Nait", "Body":"Nait 5 A Ring", "BodyType":"PlanetaryRing" }
{ "timestamp":"2017-04-16T04:18:41Z", "event":"ReceiveText", "From":"$npc_name_decorate:#name=Ramtop;", "From_Localised":"Ramtop", "Message":"$Miner_OnJumpNoAsteroids04;", "Message_Localised":"Nothing but dust and dirt here.", "Channel":"npc" }
{ "timestamp":"2017-04-16T04:19:34Z", "event":"StartJump", "JumpType":"Supercruise" }
{ "timestamp":"2017-04-16T04:19:39Z", "event":"SupercruiseEntry", "StarSystem":"Nait" }
{ "timestamp":"2017-04-16T04:19:51Z", "event":"SupercruiseExit", "StarSystem":"Nait", "Body":"Nait 5 A Ring", "BodyType":"PlanetaryRing" }
{ "timestamp":"2017-04-16T04:20:49Z", "event":"MaterialCollected", "Category":"Encoded", "Name":"shielddensityreports", "Count":3 }
{ "timestamp":"2017-04-16T04:20:50Z", "event":"MaterialCollected", "Category":"Encoded", "Name":"shieldsoakanalysis", "Count":3 }
{ "timestamp":"2017-04-16T04:21:24Z", "event":"ReceiveText", "From":"$npc_name_decorate:#name=Dave Baddeley;", "From_Localised":"Dave Baddeley", "Message":"$Pirate_OnStartScanCargo05;", "Message_Localised":"What treats do you carry?", "Channel":"npc" }
{ "timestamp":"2017-04-16T04:21:34Z", "event":"ReceiveText", "From":"$npc_name_decorate:#name=Dave Baddeley;", "From_Localised":"Dave Baddeley", "Message":"$Pirate_OnNoCargoFound10;", "Message_Localised":"There's nothing worth my while here.", "Channel":"npc" }
{ "timestamp":"2017-04-16T04:21:34Z", "event":"Scanned", "ScanType":"Cargo" }
{ "timestamp":"2017-04-16T04:21:35Z", "event":"ReceiveText", "From":"$npc_name_decorate:#name=Cin;", "From_Localised":"Cin", "Message":"$Pirate_OnDeclarePiracyAttack05;", "Message_Localised":"You have no chance now.", "Channel":"npc" }
{ "timestamp":"2017-04-16T04:21:56Z", "event":"ReceiveText", "From":"$npc_name_decorate:#name=Cin;", "From_Localised":"Cin", "Message":"$BadKarmaCriticalDamage02;", "Message_Localised":"Impossible!", "Channel":"npc" }
{ "timestamp":"2017-04-16T04:22:51Z", "event":"ReceiveText", "From":"$npc_name_decorate:#name=Phil Marples;", "From_Localised":"Phil Marples", "Message":"$Pirate_OnStartScanCargo09;", "Message_Localised":"The scan will soon be over.", "Channel":"npc" }
{ "timestamp":"2017-04-16T04:22:56Z", "event":"Bounty", "Rewards":[ { "Faction":"Empire", "Reward":24150 }, { "Faction":"Nait Purple State Commodities", "Reward":400 }, { "Faction":"Federation", "Reward":48225 } ], "Target":"cobramkiv", "TotalReward":72775, "VictimFaction":"Nait Blue Council" }
{ "timestamp":"2017-04-16T04:23:01Z", "event":"ReceiveText", "From":"$npc_name_decorate:#name=Phil Marples;", "From_Localised":"Phil Marples", "Message":"$Pirate_OnNoCargoFound09;", "Message_Localised":"Next time you should fill your hold with gold.", "Channel":"npc" }
{ "timestamp":"2017-04-16T04:23:01Z", "event":"Scanned", "ScanType":"Cargo" }
{ "timestamp":"2017-04-16T04:23:15Z", "event":"MaterialCollected", "Category":"Encoded", "Name":"decodedemissiondata", "Count":3 }
{ "timestamp":"2017-04-16T04:23:48Z", "event":"ReceiveText", "From":"$npc_name_decorate:#name=Kari Koskinen;", "From_Localised":"Kari Koskinen", "Message":"$Pirate_OnStartScanCargo09;", "Message_Localised":"The scan will soon be over.", "Channel":"npc" }
{ "timestamp":"2017-04-16T04:24:29Z", "event":"ReceiveText", "From":"$npc_name_decorate:#name=Josh Cutler;", "From_Localised":"Josh Cutler", "Message":"$MinerCriticalDamage04;", "Message_Localised":"I'm just a simple miner!", "Channel":"npc" }
{ "timestamp":"2017-04-16T04:24:56Z", "event":"ReceiveText", "From":"$npc_name_decorate:#name=Phil Marples;", "From_Localised":"Phil Marples", "Message":"$BadKarmaCriticalDamage03;", "Message_Localised":"You fight a good fight!", "Channel":"npc" }
{ "timestamp":"2017-04-16T04:25:21Z", "event":"Bounty", "Rewards":[ { "Faction":"Nait Purple State Commodities", "Reward":400 }, { "Faction":"Noblemen of Kherno", "Reward":59849 }, { "Faction":"Federation", "Reward":125999 } ], "Target":"python", "TotalReward":186248, "VictimFaction":"Nait Blue Council" }
{ "timestamp":"2017-04-16T04:26:00Z", "event":"ReceiveText", "From":"$npc_name_decorate:#name=doodoofred;", "From_Localised":"doodoofred", "Message":"$BadKarmaCriticalDamage05;", "Message_Localised":"No, no!", "Channel":"npc" }
{ "timestamp":"2017-04-16T04:26:32Z", "event":"Bounty", "Rewards":[ { "Faction":"Nait Purple State Commodities", "Reward":400 }, { "Faction":"Federation", "Reward":113100 } ], "Target":"asp", "TotalReward":113500, "VictimFaction":"Hodur Prison Colony" }
{ "timestamp":"2017-04-16T04:27:58Z", "event":"ReceiveText", "From":"$npc_name_decorate:#name=Fernand Schneider;", "From_Localised":"Fernand Schneider", "Message":"$Escort_NearDeath09;", "Message_Localised":"Where's my support?", "Channel":"npc" }
{ "timestamp":"2017-04-16T04:28:14Z", "event":"Bounty", "Rewards":[ { "Faction":"Nait Purple State Commodities", "Reward":48574 }, { "Faction":"Unionists of Nait", "Reward":14752 } ], "Target":"asp_scout", "TotalReward":63326, "VictimFaction":"Nait Blue Council" }
{ "timestamp":"2017-04-16T04:28:28Z", "event":"Bounty", "Rewards":[ { "Faction":"Nait Purple State Commodities", "Reward":15212 }, { "Faction":"Empire", "Reward":14362 } ], "Target":"cobramkiii", "TotalReward":29574, "VictimFaction":"Nait Blue Council" }
{ "timestamp":"2017-04-16T04:29:12Z", "event":"ReceiveText", "From":"$npc_name_decorate:#name=Cheyne Meade;", "From_Localised":"Cheyne Meade", "Message":"$BadKarmaCriticalDamage07;", "Message_Localised":"Too much damage!", "Channel":"npc" }
{ "timestamp":"2017-04-16T04:29:26Z", "event":"Bounty", "Rewards":[ { "Faction":"Nait Purple State Commodities", "Reward":28007 } ], "Target":"cobramkiii", "TotalReward":28007, "VictimFaction":"Nait Blue Council" }
{ "timestamp":"2017-04-16T04:29:43Z", "event":"ReceiveText", "From":"$npc_name_decorate:#name=Alirion Sternenklang;", "From_Localised":"Alirion Sternenklang", "Message":"$Pirate_OnDeclarePiracyAttack01;", "Message_Localised":"I'll pick your bones clean, greenhorn.", "Channel":"npc" }
{ "timestamp":"2017-04-16T04:30:30Z", "event":"Bounty", "Rewards":[ { "Faction":"Nait Purple State Commodities", "Reward":113727 } ], "Target":"federation_dropship", "TotalReward":113727, "VictimFaction":"Nait Blue Council" }
{ "timestamp":"2017-04-16T04:31:10Z", "event":"MaterialCollected", "Category":"Encoded", "Name":"shielddensityreports", "Count":3 }
{ "timestamp":"2017-04-16T04:31:40Z", "event":"Bounty", "Rewards":[ { "Faction":"Nait Purple State Commodities", "Reward":6594 } ], "Target":"sidewinder", "TotalReward":6594, "VictimFaction":"Nait Blue Council" }
{ "timestamp":"2017-04-16T04:32:11Z", "event":"Bounty", "Rewards":[ { "Faction":"Nait Purple State Commodities", "Reward":800 }, { "Faction":"Federation", "Reward":19710 } ], "Target":"empire_eagle", "TotalReward":20510, "VictimFaction":"Nait Blue Council" }
{ "timestamp":"2017-04-16T04:32:51Z", "event":"ReceiveText", "From":"$npc_name_decorate:#name=Simo Porter;", "From_Localised":"Simo Porter", "Message":"$BadKarmaCriticalDamage03;", "Message_Localised":"You fight a good fight!", "Channel":"npc" }
{ "timestamp":"2017-04-16T04:33:09Z", "event":"Bounty", "Rewards":[ { "Faction":"Nait Purple State Commodities", "Reward":159620 }, { "Faction":"Alliance", "Reward":90420 } ], "Target":"ferdelance", "TotalReward":250040, "VictimFaction":"Nait Blue Council" }
{ "timestamp":"2017-04-16T04:33:53Z", "event":"ReceiveText", "From":"$npc_name_decorate:#name=Fezzer Bowles;", "From_Localised":"Fezzer Bowles", "Message":"$BadKarmaCriticalDamage07;", "Message_Localised":"Too much damage!", "Channel":"npc" }
{ "timestamp":"2017-04-16T04:35:25Z", "event":"ReceiveText", "From":"$ShipName_Police_Federation;", "From_Localised":"Federal Security Service", "Message":"$Police_ArrivedAtInvestigationLocation01;", "Message_Localised":"All citizens must submit to authority scans. Do not attempt to flee!", "Channel":"npc" }
{ "timestamp":"2017-04-16T04:35:37Z", "event":"ReceiveText", "From":"$npc_name_decorate:#name=Nathan Bowen;", "From_Localised":"Nathan Bowen", "Message":"$BadKarmaCriticalDamage08;", "Message_Localised":"I've taken too many hits.", "Channel":"npc" }
{ "timestamp":"2017-04-16T04:35:51Z", "event":"ReceiveText", "From":"$ShipName_Police_Federation;", "From_Localised":"Federal Security Service", "Message":"$Police_FinishedAtInvestigationLocation03;", "Message_Localised":"Crime scene cordon removed, go back about your business.", "Channel":"npc" }
{ "timestamp":"2017-04-16T04:35:55Z", "event":"Bounty", "Rewards":[ { "Faction":"Nait Purple State Commodities", "Reward":400 }, { "Faction":"Federation", "Reward":208057 } ], "Target":"anaconda", "TotalReward":208457, "VictimFaction":"Nait Blue Council" }
{ "timestamp":"2017-04-16T04:36:37Z", "event":"ReceiveText", "From":"$npc_name_decorate:#name=Baubag;", "From_Localised":"Baubag", "Message":"$BadKarmaCriticalDamage10;", "Message_Localised":"You've scratched my paint!", "Channel":"npc" }
{ "timestamp":"2017-04-16T04:36:50Z", "event":"Bounty", "Rewards":[ { "Faction":"Nait Purple State Commodities", "Reward":400 }, { "Faction":"Law Party of Nait", "Reward":26722 }, { "Faction":"Federation", "Reward":30292 } ], "Target":"viper_mkiv", "TotalReward":57414, "VictimFaction":"Nait Blue Council" }
{ "timestamp":"2017-04-16T04:38:29Z", "event":"Scanned", "ScanType":"Cargo" }
{ "timestamp":"2017-04-16T04:38:29Z", "event":"ReceiveText", "From":"$ShipName_Police_Federation;", "From_Localised":"Federal Security Service", "Message":"$Police_ThankYouPassedStopAndSearch06;", "Message_Localised":"We're done here pilot, move along.", "Channel":"npc" }
{ "timestamp":"2017-04-16T04:39:31Z", "event":"ReceiveText", "From":"$npc_name_decorate:#name=Siouxie;", "From_Localised":"Siouxie", "Message":"$Pirate_OnStartScanCargo06;", "Message_Localised":"Let's see what you are carrying.", "Channel":"npc" }
{ "timestamp":"2017-04-16T04:39:41Z", "event":"ReceiveText", "From":"$npc_name_decorate:#name=Siouxie;", "From_Localised":"Siouxie", "Message":"$Pirate_OnNoCargoFound09;", "Message_Localised":"Next time you should fill your hold with gold.", "Channel":"npc" }
{ "timestamp":"2017-04-16T04:39:41Z", "event":"Scanned", "ScanType":"Cargo" }
{ "timestamp":"2017-04-16T04:40:01Z", "event":"ReceiveText", "From":"$npc_name_decorate:#name=Siouxie;", "From_Localised":"Siouxie", "Message":"$Pirate_OnDeclarePiracyAttack03;", "Message_Localised":"Now you die, victim.", "Channel":"npc" }
{ "timestamp":"2017-04-16T04:40:49Z", "event":"ReceiveText", "From":"$npc_name_decorate:#name=Siouxie;", "From_Localised":"Siouxie", "Message":"$BadKarmaCriticalDamage08;", "Message_Localised":"I've taken too many hits.", "Channel":"npc" }
{ "timestamp":"2017-04-16T04:41:07Z", "event":"Bounty", "Rewards":[ { "Faction":"Nait Purple State Commodities", "Reward":181997 } ], "Target":"ferdelance", "TotalReward":181997, "VictimFaction":"Nait Blue Council" }
{ "timestamp":"2017-04-16T04:42:24Z", "event":"ReceiveText", "From":"$npc_name_decorate:#name=Lt Scunner;", "From_Localised":"Lt Scunner", "Message":"$BadKarmaCriticalDamage02;", "Message_Localised":"Impossible!", "Channel":"npc" }
{ "timestamp":"2017-04-16T04:42:47Z", "event":"Bounty", "Rewards":[ { "Faction":"Nait Purple State Commodities", "Reward":50680 }, { "Faction":"Unionists of Nait", "Reward":14880 } ], "Target":"viper_mkiv", "TotalReward":65560, "VictimFaction":"Hodur Prison Colony" }
{ "timestamp":"2017-04-16T04:43:17Z", "event":"ReceiveText", "From":"$npc_name_decorate:#name=Thomas Robert William Smith;", "From_Localised":"Thomas Robert William Smith", "Message":"$Pirate_OnDeclarePiracyAttack04;", "Message_Localised":"I'm gonna boil you up!", "Channel":"npc" }
{ "timestamp":"2017-04-16T04:43:34Z", "event":"Bounty", "Rewards":[ { "Faction":"Nait Purple State Commodities", "Reward":8977 } ], "Target":"eagle", "TotalReward":8977, "VictimFaction":"Nait Blue Council" }
{ "timestamp":"2017-04-16T04:44:03Z", "event":"Bounty", "Rewards":[ { "Faction":"Nait Purple State Commodities", "Reward":36445 } ], "Target":"viper", "TotalReward":36445, "VictimFaction":"Nait Blue Council" }
{ "timestamp":"2017-04-16T04:44:09Z", "event":"ReceiveText", "From":"$npc_name_decorate:#name=Ken Brown;", "From_Localised":"Ken Brown", "Message":"$BadKarmaCriticalDamage02;", "Message_Localised":"Impossible!", "Channel":"npc" }
{ "timestamp":"2017-04-16T04:46:55Z", "event":"Bounty", "Rewards":[ { "Faction":"Nait Purple State Commodities", "Reward":400 }, { "Faction":"Federation", "Reward":30000 } ], "Target":"cobramkiii", "TotalReward":30400, "VictimFaction":"Nait Blue Council" }
{ "timestamp":"2017-04-16T04:47:19Z", "event":"ReceiveText", "From":"$npc_name_decorate:#name=Ghalagon;", "From_Localised":"Ghalagon", "Message":"$Pirate_NiggledByNewShip04;", "Message_Localised":"And now you have my attention, what will you do?", "Channel":"npc" }
{ "timestamp":"2017-04-16T04:47:31Z", "event":"ReceiveText", "From":"$npc_name_decorate:#name=Ghalagon;", "From_Localised":"Ghalagon", "Message":"$BadKarmaCriticalDamage03;", "Message_Localised":"You fight a good fight!", "Channel":"npc" }
{ "timestamp":"2017-04-16T04:47:42Z", "event":"Bounty", "Rewards":[ { "Faction":"Nait Purple State Commodities", "Reward":400 }, { "Faction":"Federation", "Reward":22259 } ], "Target":"cobramkiii", "TotalReward":22659, "VictimFaction":"Nait Blue Council" }
{ "timestamp":"2017-04-16T04:47:51Z", "event":"ReceiveText", "From":"$npc_name_decorate:#name=Jimbob James;", "From_Localised":"Jimbob James", "Message":"$BadKarmaCriticalDamage07;", "Message_Localised":"Too much damage!", "Channel":"npc" }
{ "timestamp":"2017-04-16T04:47:54Z", "event":"Bounty", "Rewards":[ { "Faction":"Nait Purple State Commodities", "Reward":27887 } ], "Target":"viper", "TotalReward":27887, "VictimFaction":"Nait Blue Council" }
{ "timestamp":"2017-04-16T04:48:58Z", "event":"MaterialCollected", "Category":"Encoded", "Name":"emissiondata", "Count":3 }
{ "timestamp":"2017-04-16T04:48:59Z", "event":"MaterialCollected", "Category":"Encoded", "Name":"decodedemissiondata", "Count":3 }
{ "timestamp":"2017-04-16T04:49:12Z", "event":"Bounty", "Rewards":[ { "Faction":"Nait Purple State Commodities", "Reward":1200 }, { "Faction":"Federation", "Reward":154800 } ], "Target":"anaconda", "TotalReward":156000, "VictimFaction":"Nait Blue Council" }
{ "timestamp":"2017-04-16T04:50:01Z", "event":"ReceiveText", "From":"$npc_name_decorate:#name=Ade Broon;", "From_Localised":"Ade Broon", "Message":"$BadKarmaCriticalDamage10;", "Message_Localised":"You've scratched my paint!", "Channel":"npc" }
{ "timestamp":"2017-04-16T04:50:05Z", "event":"ReceiveText", "From":"$npc_name_decorate:#name=Teet Kuutma;", "From_Localised":"Teet Kuutma", "Message":"$Escort_NearDeath09;", "Message_Localised":"Where's my support?", "Channel":"npc" }
{ "timestamp":"2017-04-16T04:50:07Z", "event":"ReceiveText", "From":"$npc_name_decorate:#name=Teet Kuutma;", "From_Localised":"Teet Kuutma", "Message":"$Pirate_OnDeclarePiracyAttack01;", "Message_Localised":"I'll pick your bones clean, greenhorn.", "Channel":"npc" }
{ "timestamp":"2017-04-16T04:50:25Z", "event":"Bounty", "Rewards":[ { "Faction":"Nait Purple State Commodities", "Reward":37877 } ], "Target":"viper_mkiv", "TotalReward":37877, "VictimFaction":"Law Party of Nait" }
{ "timestamp":"2017-04-16T04:50:54Z", "event":"ReceiveText", "From":"$npc_name_decorate:#name=Patrick Orion;", "From_Localised":"Patrick Orion", "Message":"$BadKarmaCriticalDamage08;", "Message_Localised":"I've taken too many hits.", "Channel":"npc" }
{ "timestamp":"2017-04-16T04:51:07Z", "event":"Bounty", "Rewards":[ { "Faction":"Nait Purple State Commodities", "Reward":51244 } ], "Target":"viper_mkiv", "TotalReward":51244, "VictimFaction":"Law Party of Nait" }
{ "timestamp":"2017-04-16T04:51:37Z", "event":"ReceiveText", "From":"$npc_name_decorate:#name=Paul Kelly;", "From_Localised":"Paul Kelly", "Message":"$Escort_EscortJump01;", "Message_Localised":"Lead is down, repeat lead is down. This mission is a bust.", "Channel":"npc" }
{ "timestamp":"2017-04-16T04:51:41Z", "event":"ReceiveText", "From":"$npc_name_decorate:#name=Patrick Wiesner;", "From_Localised":"Patrick Wiesner", "Message":"$Pirate_OnStartScanCargo02;", "Message_Localised":"Carrying anything nice?", "Channel":"npc" }
{ "timestamp":"2017-04-16T04:51:51Z", "event":"ReceiveText", "From":"$npc_name_decorate:#name=Patrick Wiesner;", "From_Localised":"Patrick Wiesner", "Message":"$Pirate_OnNoCargoFound07;", "Message_Localised":"Nothing for me here.", "Channel":"npc" }
{ "timestamp":"2017-04-16T04:51:51Z", "event":"Scanned", "ScanType":"Cargo" }
{ "timestamp":"2017-04-16T04:52:00Z", "event":"ReceiveText", "From":"$npc_name_decorate:#name=Patrick Wiesner;", "From_Localised":"Patrick Wiesner", "Message":"$Pirate_OnDeclarePiracyAttack05;", "Message_Localised":"You have no chance now.", "Channel":"npc" }
{ "timestamp":"2017-04-16T04:52:19Z", "event":"ReceiveText", "From":"$npc_name_decorate:#name=Patrick Wiesner;", "From_Localised":"Patrick Wiesner", "Message":"$BadKarmaCriticalDamage08;", "Message_Localised":"I've taken too many hits.", "Channel":"npc" }
{ "timestamp":"2017-04-16T04:52:23Z", "event":"ReceiveText", "From":"$npc_name_decorate:#name=Couturier Yann;", "From_Localised":"Couturier Yann", "Message":"$Pirate_OnStartScanCargo08;", "Message_Localised":"What do you have in your cargo hold?", "Channel":"npc" }
{ "timestamp":"2017-04-16T04:52:33Z", "event":"ReceiveText", "From":"$npc_name_decorate:#name=Couturier Yann;", "From_Localised":"Couturier Yann", "Message":"$Pirate_OnNoCargoFound02;", "Message_Localised":"Bah, nothing.", "Channel":"npc" }
{ "timestamp":"2017-04-16T04:52:33Z", "event":"Scanned", "ScanType":"Cargo" }
{ "timestamp":"2017-04-16T04:52:36Z", "event":"Bounty", "Rewards":[ { "Faction":"Nait Purple State Commodities", "Reward":800 }, { "Faction":"Federation", "Reward":67560 } ], "Target":"federation_gunship", "TotalReward":68360, "VictimFaction":"Tolun Silver United Ltd" }
{ "timestamp":"2017-04-16T04:53:11Z", "event":"Bounty", "Rewards":[ { "Faction":"Nait Purple State Commodities", "Reward":19562 } ], "Target":"viper_mkiv", "TotalReward":19562, "VictimFaction":"Nait Blue Council" }
{ "timestamp":"2017-04-16T04:53:34Z", "event":"ReceiveText", "From":"$npc_name_decorate:#name=Lily-Bea Nathanson;", "From_Localised":"Lily-Bea Nathanson", "Message":"$BadKarmaCriticalDamage04;", "Message_Localised":"I don't believe it!", "Channel":"npc" }
{ "timestamp":"2017-04-16T04:53:47Z", "event":"Bounty", "Rewards":[ { "Faction":"Nait Purple State Commodities", "Reward":1600 }, { "Faction":"Federation", "Reward":31604 } ], "Target":"cobramkiii", "TotalReward":33204, "VictimFaction":"Nait Blue Council" }
{ "timestamp":"2017-04-16T04:56:00Z", "event":"ReceiveText", "From":"$npc_name_decorate:#name=Aron Axfjrdh Ludvigsson;", "From_Localised":"Aron Axfjrdh Ludvigsson", "Message":"$BadKarmaCriticalDamage06;", "Message_Localised":"I hadn't expected this.", "Channel":"npc" }
{ "timestamp":"2017-04-16T04:56:12Z", "event":"Bounty", "Rewards":[ { "Faction":"Nait Purple State Commodities", "Reward":800 }, { "Faction":"Federation", "Reward":86850 } ], "Target":"asp", "TotalReward":87650, "VictimFaction":"Nait Blue Council" }
{ "timestamp":"2017-04-16T04:56:54Z", "event":"Bounty", "Rewards":[ { "Faction":"Nait Purple State Commodities", "Reward":7912 } ], "Target":"eagle", "TotalReward":7912, "VictimFaction":"Nait Blue Council" }
{ "timestamp":"2017-04-16T04:57:09Z", "event":"ReceiveText", "From":"$npc_name_decorate:#name=Coppex;", "From_Localised":"Coppex", "Message":"$BadKarmaCriticalDamage07;", "Message_Localised":"Too much damage!", "Channel":"npc" }
{ "timestamp":"2017-04-16T04:57:18Z", "event":"Bounty", "Rewards":[ { "Faction":"Nait Purple State Commodities", "Reward":6542 } ], "Target":"sidewinder", "TotalReward":6542, "VictimFaction":"Nait Blue Council" }
{ "timestamp":"2017-04-16T04:57:24Z", "event":"ReceiveText", "From":"$npc_name_decorate:#name=Sceptre;", "From_Localised":"Sceptre", "Message":"$BadKarmaCriticalDamage02;", "Message_Localised":"Impossible!", "Channel":"npc" }
{ "timestamp":"2017-04-16T04:57:45Z", "event":"ReceiveText", "From":"$npc_name_decorate:#name=Serena Lesley;", "From_Localised":"Serena Lesley", "Message":"$Pirate_OnStartScanCargo07;", "Message_Localised":"Do you have anything of value?", "Channel":"npc" }
{ "timestamp":"2017-04-16T04:57:55Z", "event":"ReceiveText", "From":"$npc_name_decorate:#name=Serena Lesley;", "From_Localised":"Serena Lesley", "Message":"$Pirate_OnNoCargoFound03;", "Message_Localised":"No cargo? Useless dreg.", "Channel":"npc" }
{ "timestamp":"2017-04-16T04:57:55Z", "event":"Scanned", "ScanType":"Cargo" }
{ "timestamp":"2017-04-16T04:58:10Z", "event":"ReceiveText", "From":"$npc_name_decorate:#name=Serena Lesley;", "From_Localised":"Serena Lesley", "Message":"$BadKarmaCriticalDamage07;", "Message_Localised":"Too much damage!", "Channel":"npc" }
{ "timestamp":"2017-04-16T04:58:30Z", "event":"Bounty", "Rewards":[ { "Faction":"Nait Purple State Commodities", "Reward":169975 } ], "Target":"federation_dropship", "TotalReward":169975, "VictimFaction":"Tolun Silver United Ltd" }
{ "timestamp":"2017-04-16T04:59:35Z", "event":"Bounty", "Rewards":[ { "Faction":"Nait Purple State Commodities", "Reward":400 }, { "Faction":"Federation", "Reward":34980 } ], "Target":"viper", "TotalReward":35380, "VictimFaction":"Nait Blue Council" }
{ "timestamp":"2017-04-16T05:00:21Z", "event":"ReceiveText", "From":"$npc_name_decorate:#name=Markus Kruger;", "From_Localised":"Markus Kruger", "Message":"$BadKarmaCriticalDamage08;", "Message_Localised":"I've taken too many hits.", "Channel":"npc" }
{ "timestamp":"2017-04-16T05:00:58Z", "event":"Bounty", "Rewards":[ { "Faction":"Nait Purple State Commodities", "Reward":400 }, { "Faction":"Federation", "Reward":153525 }, { "Faction":"Hodur Prison Colony", "Reward":142500 } ], "Target":"ferdelance", "TotalReward":296425, "VictimFaction":"Nait Blue Council" }
{ "timestamp":"2017-04-16T05:01:41Z", "event":"ReceiveText", "From":"$npc_name_decorate:#name=Brian DwarfGobbler Hayes;", "From_Localised":"Brian DwarfGobbler Hayes", "Message":"$BadKarmaCriticalDamage04;", "Message_Localised":"I don't believe it!", "Channel":"npc" }
{ "timestamp":"2017-04-16T05:01:47Z", "event":"ReceiveText", "From":"$npc_name_decorate:#name=Fraese;", "From_Localised":"Fraese", "Message":"$BadKarmaCriticalDamage07;", "Message_Localised":"Too much damage!", "Channel":"npc" }
{ "timestamp":"2017-04-16T05:01:54Z", "event":"Bounty", "Rewards":[ { "Faction":"Nait Purple State Commodities", "Reward":400 }, { "Faction":"Federation", "Reward":31604 } ], "Target":"empire_courier", "TotalReward":32004, "VictimFaction":"Nait Blue Council" }
{ "timestamp":"2017-04-16T05:02:13Z", "event":"Bounty", "Rewards":[ { "Faction":"Nait Purple State Commodities", "Reward":23620 } ], "Target":"diamondback", "TotalReward":23620, "VictimFaction":"Nait Blue Council" }
{ "timestamp":"2017-04-16T05:02:49Z", "event":"MaterialCollected", "Category":"Encoded", "Name":"emissiondata", "Count":3 }
{ "timestamp":"2017-04-16T05:02:54Z", "event":"ReceiveText", "From":"$npc_name_decorate:#name=PJ Silver;", "From_Localised":"PJ Silver", "Message":"$Escort_NearDeath09;", "Message_Localised":"Where's my support?", "Channel":"npc" }
{ "timestamp":"2017-04-16T05:02:58Z", "event":"MaterialCollected", "Category":"Encoded", "Name":"shieldpatternanalysis", "Count":3 }
{ "timestamp":"2017-04-16T05:02:59Z", "event":"MaterialCollected", "Category":"Encoded", "Name":"decodedemissiondata", "Count":3 }
{ "timestamp":"2017-04-16T05:03:00Z", "event":"MaterialCollected", "Category":"Encoded", "Name":"decodedemissiondata", "Count":3 }
{ "timestamp":"2017-04-16T05:03:21Z", "event":"ReceiveText", "From":"$npc_name_decorate:#name=Daren Pearcy;", "From_Localised":"Daren Pearcy", "Message":"$Escort_NearDeath02;", "Message_Localised":"This is escort to lead, critical systems damage.", "Channel":"npc" }
{ "timestamp":"2017-04-16T05:03:31Z", "event":"ReceiveText", "From":"$npc_name_decorate:#name=jay selley;", "From_Localised":"jay selley", "Message":"$Pirate_NiggledByNewShip05;", "Message_Localised":"Do you know who I am?", "Channel":"npc" }
{ "timestamp":"2017-04-16T05:03:52Z", "event":"Bounty", "Rewards":[ { "Faction":"Nait Purple State Commodities", "Reward":48190 } ], "Target":"empire_trader", "TotalReward":48190, "VictimFaction":"Law Party of Nait" }
{ "timestamp":"2017-04-16T05:04:22Z", "event":"ReceiveText", "From":"$npc_name_decorate:#name=Jamie Renishaw III;", "From_Localised":"Jamie Renishaw III", "Message":"$Pirate_OnDeclarePiracyAttack02;", "Message_Localised":"You choose death then. Very well.", "Channel":"npc" }
{ "timestamp":"2017-04-16T05:04:51Z", "event":"Bounty", "Rewards":[ { "Faction":"Nait Purple State Commodities", "Reward":17072 } ], "Target":"empire_eagle", "TotalReward":17072, "VictimFaction":"Law Party of Nait" }
{ "timestamp":"2017-04-16T05:05:38Z", "event":"ReceiveText", "From":"$npc_name_decorate:#name=Markus Kruger;", "From_Localised":"Markus Kruger", "Message":"$Pirate_OnDeclarePiracyAttack02;", "Message_Localised":"You choose death then. Very well.", "Channel":"npc" }
{ "timestamp":"2017-04-16T05:05:42Z", "event":"Bounty", "Rewards":[ { "Faction":"Nait Purple State Commodities", "Reward":400 }, { "Faction":"Federation", "Reward":20055 } ], "Target":"diamondback", "TotalReward":20455, "VictimFaction":"Noblemen of Kherno" }
{ "timestamp":"2017-04-16T05:06:01Z", "event":"ReceiveText", "From":"$npc_name_decorate:#name=Griff;", "From_Localised":"Griff", "Message":"$MinerCriticalDamage02;", "Message_Localised":"All I was doing was mining!", "Channel":"npc" }
{ "timestamp":"2017-04-16T05:06:23Z", "event":"ReceiveText", "From":"$npc_name_decorate:#name=Dizmo;", "From_Localised":"Dizmo", "Message":"$BadKarmaCriticalDamage04;", "Message_Localised":"I don't believe it!", "Channel":"npc" }
{ "timestamp":"2017-04-16T05:07:12Z", "event":"StartJump", "JumpType":"Supercruise" }
{ "timestamp":"2017-04-16T05:07:17Z", "event":"SupercruiseEntry", "StarSystem":"Nait" }
{ "timestamp":"2017-04-16T05:08:44Z", "event":"SupercruiseExit", "StarSystem":"Nait", "Body":"Faris Hub", "BodyType":"Station" }
{ "timestamp":"2017-04-16T05:08:54Z", "event":"DockingRequested", "StationName":"Faris Hub" }
{ "timestamp":"2017-04-16T05:08:54Z", "event":"ReceiveText", "From":"Faris Hub", "Message":"$DockingChatter_Cordial;", "Message_Localised":"Welcome back, Commander.", "Channel":"npc" }
{ "timestamp":"2017-04-16T05:08:56Z", "event":"ReceiveText", "From":"Faris Hub", "Message":"$STATION_docking_granted;", "Message_Localised":"Docking request granted.", "Channel":"npc" }
{ "timestamp":"2017-04-16T05:08:56Z", "event":"DockingGranted", "LandingPad":43, "StationName":"Faris Hub" }
{ "timestamp":"2017-04-16T05:09:07Z", "event":"ReceiveText", "From":"Faris Hub", "Message":"$STATION_NoFireZone_entered;", "Message_Localised":"No fire zone entered.", "Channel":"npc" }
{ "timestamp":"2017-04-16T05:10:18Z", "event":"Docked", "StationName":"Faris Hub", "StationType":"Coriolis", "StarSystem":"Nait", "StationFaction":"Nait Purple State Commodities", "FactionState":"Boom", "StationGovernment":"$government_Corporate;", "StationGovernment_Localised":"Corporate", "StationAllegiance":"Federation", "StationEconomy":"$economy_Industrial;", "StationEconomy_Localised":"Industrial", "DistFromStarLS":3760.539551 }
{ "timestamp":"2017-04-16T05:10:35Z", "event":"RefuelAll", "Cost":57, "Amount":1.115658 }
{ "timestamp":"2017-04-16T05:10:37Z", "event":"BuyAmmo", "Cost":800 }
{ "timestamp":"2017-04-16T05:10:46Z", "event":"RedeemVoucher", "Type":"bounty", "Amount":2506637, "Factions":[ { "Faction":"Nait Purple State Commodities", "Amount":1069314 }, { "Faction":"Law Party of Nait", "Amount":26722 }, { "Faction":"Noblemen of Kherno", "Amount":59849 }, { "Faction":"Federation", "Amount":1178620 }, { "Faction":"Hodur Prison Colony", "Amount":142500 }, { "Faction":"Unionists of Nait", "Amount":29632 } ] }
{ "timestamp":"2017-04-16T05:12:06Z", "event":"MissionAccepted", "Faction":"Nait Purple State Commodities", "Name":"Mission_Massacre_Skimmer_Corporation", "TargetType":"$MissionUtil_FactionTag_BossSkimmer;", "TargetType_Localised":"Goliath", "TargetFaction":"Unionists of 133 G. Canis Major", "KillCount":1, "DestinationSystem":"133 G. Canis Major", "Expiry":"2017-04-18T03:32:05Z", "Influence":"Med", "Reputation":"High", "MissionID":123922416 }
{ "timestamp":"2017-04-16T05:12:24Z", "event":"Undocked", "StationName":"Faris Hub", "StationType":"Coriolis" }
{ "timestamp":"2017-04-16T05:12:50Z", "event":"ReceiveText", "From":"Faris Hub", "Message":"$STATION_NoFireZone_exited;", "Message_Localised":"No fire zone left.", "Channel":"npc" }
{ "timestamp":"2017-04-16T05:13:18Z", "event":"StartJump", "JumpType":"Hyperspace", "StarSystem":"133 G. Canis Major", "StarClass":"A" }
{ "timestamp":"2017-04-16T05:13:36Z", "event":"FSDJump", "StarSystem":"133 G. Canis Major", "StarPos":[136.500,-24.688,-69.375], "SystemAllegiance":"Federation", "SystemEconomy":"$economy_Extraction;", "SystemEconomy_Localised":"Extraction", "SystemGovernment":"$government_Corporate;", "SystemGovernment_Localised":"Corporate", "SystemSecurity":"$SYSTEM_SECURITY_low;", "SystemSecurity_Localised":"Low Security", "JumpDist":6.819, "FuelUsed":0.451114, "FuelLevel":7.548886, "Factions":[ { "Name":"133 G. Canis Major Jet Public", "FactionState":"None", "Government":"Corporate", "Influence":0.720559, "Allegiance":"Federation" }, { "Name":"Ao Kax Comms Corp.", "FactionState":"None", "Government":"Corporate", "Influence":0.030938, "Allegiance":"Federation" }, { "Name":"Hodur Prison Colony", "FactionState":"None", "Government":"PrisonColony", "Influence":0.048902, "Allegiance":"Independent" }, { "Name":"Nationalists of 133 G. Canis Major", "FactionState":"None", "Government":"Dictatorship", "Influence":0.015968, "Allegiance":"Independent" }, { "Name":"Unionists of 133 G. Canis Major", "FactionState":"None", "Government":"Communism", "Influence":0.041916, "Allegiance":"Independent" }, { "Name":"133 G. Canis Major Rats", "FactionState":"None", "Government":"Anarchy", "Influence":0.057884, "Allegiance":"Independent" }, { "Name":"133 G. Canis Major Allied Partners", "FactionState":"None", "Government":"Corporate", "Influence":0.083832, "Allegiance":"Independent" } ], "SystemFaction":"133 G. Canis Major Jet Public" }
{ "timestamp":"2017-04-16T05:15:51Z", "event":"SupercruiseExit", "StarSystem":"133 G. Canis Major", "Body":"133 G. Canis Major A", "BodyType":"Star" }
{ "timestamp":"2017-04-16T05:16:40Z", "event":"Scanned", "ScanType":"Crime" }
{ "timestamp":"2017-04-16T05:16:40Z", "event":"ReceiveText", "From":"$npc_name_decorate:#name=Iain Gardiner;", "From_Localised":"Iain Gardiner", "Message":"$BountyHunter_ThankYouPassedStopAndSearch01;", "Message_Localised":"That's a shame. I felt sure you had a bounty on you.", "Channel":"npc" }
{ "timestamp":"2017-04-16T05:16:40Z", "event":"Scanned", "ScanType":"Crime" }
{ "timestamp":"2017-04-16T05:16:41Z", "event":"ReceiveText", "From":"$npc_name_decorate:#name=shaky;", "From_Localised":"shaky", "Message":"$BountyHunter_ThankYouPassedStopAndSearch02;", "Message_Localised":"You're not the one I'm looking for. Move along.", "Channel":"npc" }
{ "timestamp":"2017-04-16T05:17:00Z", "event":"StartJump", "JumpType":"Supercruise" }
{ "timestamp":"2017-04-16T05:17:05Z", "event":"SupercruiseEntry", "StarSystem":"133 G. Canis Major" }
{ "timestamp":"2017-04-16T05:39:46Z", "event":"Cargo", "Inventory":[  ] }
{ "timestamp":"2017-04-16T05:39:46Z", "event":"Loadout", "Ship":"Vulture", "ShipID":3, "ShipName":"SS Minnow Johnson", "ShipIdent":"KI-25V", "Modules":[ { "Slot":"LargeHardpoint1", "Item":"Hpt_PulseLaser_Gimbal_Large", "On":true, "Priority":0, "Health":0.982075, "Value":140600 }, { "Slot":"LargeHardpoint2", "Item":"Hpt_PulseLaser_Gimbal_Large", "On":true, "Priority":0, "Health":0.987218, "Value":140600 }, { "Slot":"TinyHardpoint1", "Item":"Hpt_CrimeScanner_Size0_Class1", "On":true, "Priority":0, "Health":0.985312, "Value":13544 }, { "Slot":"TinyHardpoint2", "Item":"Hpt_ShieldBooster_Size0_Class5", "On":true, "Priority":0, "Health":0.984060, "Value":281000 }, { "Slot":"TinyHardpoint3", "Item":"Hpt_ChaffLauncher_Tiny", "On":true, "Priority":0, "AmmoInClip":1, "AmmoInHopper":10, "Health":0.998346, "Value":8500 }, { "Slot":"TinyHardpoint4", "Item":"Hpt_ShieldBooster_Size0_Class5", "On":true, "Priority":0, "Health":0.988957, "Value":281000 }, { "Slot":"Armour", "Item":"Vulture_Armour_Grade1", "On":true, "Priority":1, "Health":1.000000, "Value":0 }, { "Slot":"PaintJob", "Item":"PaintJob_Vulture_Tactical_White", "On":true, "Priority":1, "Health":1.000000, "Value":0 }, { "Slot":"PowerPlant", "Item":"Int_Powerplant_Size4_Class5", "On":true, "Priority":1, "Health":0.981837, "Value":1610080 }, { "Slot":"MainEngines", "Item":"Int_Engine_Size5_Class5", "On":true, "Priority":0, "Health":0.980485, "Value":5103953 }, { "Slot":"FrameShiftDrive", "Item":"Int_Hyperdrive_Size4_Class5", "On":true, "Priority":1, "Health":0.995224, "Value":1610080 }, { "Slot":"LifeSupport", "Item":"Int_LifeSupport_Size3_Class1", "On":true, "Priority":0, "Health":0.994276, "Value":4053 }, { "Slot":"PowerDistributor", "Item":"Int_PowerDistributor_Size5_Class5", "On":true, "Priority":0, "Health":0.985384, "Value":1241317, "EngineerBlueprint":"PowerDistributor_HighFrequency", "EngineerLevel":1 }, { "Slot":"Radar", "Item":"Int_Sensors_Size4_Class5", "On":true, "Priority":0, "Health":0.998493, "Value":443328 }, { "Slot":"FuelTank", "Item":"Int_FuelTank_Size3_Class3", "On":true, "Priority":1, "Health":1.000000, "Value":7063 }, { "Slot":"Slot01_Size5", "Item":"Int_ShieldGenerator_Size5_Class3_Fast", "On":true, "Priority":0, "Health":0.995480, "Value":850659 }, { "Slot":"Slot02_Size4", "Item":"Int_HullReinforcement_Size4_Class2", "On":true, "Priority":1, "Health":1.000000, "Value":195000 }, { "Slot":"Slot03_Size2", "Item":"Int_HullReinforcement_Size1_Class2", "On":true, "Priority":1, "Health":1.000000, "Value":15000 }, { "Slot":"Slot05_Size1", "Item":"Int_FuelScoop_Size1_Class4", "On":true, "Priority":1, "Health":0.996446, "Value":20568 }, { "Slot":"Slot06_Size1", "Item":"Int_StellarBodyDiscoveryScanner_Standard", "On":true, "Priority":1, "Health":0.990101, "Value":1000 }, { "Slot":"Military01", "Item":"Int_HullReinforcement_Size4_Class2", "On":true, "Priority":1, "Health":1.000000, "Value":195000 }, { "Slot":"PlanetaryApproachSuite", "Item":"Int_PlanetApproachSuite", "On":true, "Priority":1, "Health":1.000000, "Value":500 }, { "Slot":"ShipKitSpoiler", "Item":"Vulture_Shipkit1_Spoiler4", "On":true, "Priority":1, "Health":1.000000, "Value":0 }, { "Slot":"ShipKitWings", "Item":"Vulture_Shipkit1_Wings2", "On":true, "Priority":1, "Health":1.000000, "Value":0 }, { "Slot":"ShipKitTail", "Item":"Vulture_Shipkit1_Tail4", "On":true, "Priority":1, "Health":1.000000, "Value":0 }, { "Slot":"ShipKitBumper", "Item":"Vulture_Shipkit1_Bumper4", "On":true, "Priority":1, "Health":1.000000, "Value":0 }, { "Slot":"ShipCockpit", "Item":"Vulture_Cockpit", "On":true, "Priority":1, "Health":0.987415, "Value":0 }, { "Slot":"CargoHatch", "Item":"ModularCargoBayDoor", "On":true, "Priority":2, "Health":0.996285, "Value":0 } ] }
{ "timestamp":"2017-04-16T05:39:46Z", "event":"Materials", "Raw":[ { "Name":"iron", "Count":14 }, { "Name":"sulphur", "Count":44 }, { "Name":"phosphorus", "Count":30 }, { "Name":"manganese", "Count":12 }, { "Name":"nickel", "Count":13 }, { "Name":"carbon", "Count":36 }, { "Name":"cadmium", "Count":12 }, { "Name":"germanium", "Count":3 }, { "Name":"tungsten", "Count":3 }, { "Name":"arsenic", "Count":3 }, { "Name":"zinc", "Count":6 }, { "Name":"selenium", "Count":12 }, { "Name":"vanadium", "Count":3 }, { "Name":"antimony", "Count":3 } ], "Manufactured":[ { "Name":"hybridcapacitors", "Count":1 }, { "Name":"focuscrystals", "Count":1 }, { "Name":"salvagedalloys", "Count":1 }, { "Name":"shieldemitters", "Count":5 }, { "Name":"galvanisingalloys", "Count":4 }, { "Name":"phasealloys", "Count":7 }, { "Name":"highdensitycomposites", "Count":3 }, { "Name":"compoundshielding", "Count":6 }, { "Name":"refinedfocuscrystals", "Count":2 }, { "Name":"conductivecomponents", "Count":3 }, { "Name":"heatresistantceramics", "Count":1 } ], "Encoded":[ { "Name":"shieldcyclerecordings", "Count":26 }, { "Name":"emissiondata", "Count":31 }, { "Name":"encodedscandata", "Count":2 }, { "Name":"decodedemissiondata", "Count":108 }, { "Name":"shieldsoakanalysis", "Count":15 }, { "Name":"scandatabanks", "Count":27 }, { "Name":"bulkscandata", "Count":10 }, { "Name":"archivedemissiondata", "Count":2 }, { "Name":"shielddensityreports", "Count":42 }, { "Name":"shieldpatternanalysis", "Count":93 }, { "Name":"compactemissionsdata", "Count":5 }, { "Name":"shieldfrequencydata", "Count":3 }, { "Name":"consumerfirmware", "Count":1 }, { "Name":"hyperspacetrajectories", "Count":1 }, { "Name":"scrambledemissiondata", "Count":1 }, { "Name":"scanarchives", "Count":16 }, { "Name":"classifiedscandata", "Count":4 } ] }
{ "timestamp":"2017-04-16T05:39:46Z", "event":"LoadGame", "Commander":"Kith000", "Ship":"Vulture", "ShipID":3, "ShipName":"SS Minnow Johnson", "ShipIdent":"KI-25V", "FuelLevel":7.548886, "FuelCapacity":8.000000, "GameMode":"Group", "Group":"MOBIUS PVE", "Credits":47407997, "Loan":0 }
{ "timestamp":"2017-04-16T05:39:46Z", "event":"Rank", "Combat":5, "Trade":4, "Explore":2, "Empire":0, "Federation":2, "CQC":0 }
{ "timestamp":"2017-04-16T05:39:46Z", "event":"Progress", "Combat":20, "Trade":57, "Explore":16, "Empire":100, "Federation":83, "CQC":40 }
{ "timestamp":"2017-04-16T05:39:51Z", "event":"Location", "Docked":false, "StarSystem":"133 G. Canis Major", "StarPos":[136.500,-24.688,-69.375], "SystemAllegiance":"Federation", "SystemEconomy":"$economy_Extraction;", "SystemEconomy_Localised":"Extraction", "SystemGovernment":"$government_Corporate;", "SystemGovernment_Localised":"Corporate", "SystemSecurity":"$SYSTEM_SECURITY_low;", "SystemSecurity_Localised":"Low Security", "Body":"133 G. Canis Major B", "BodyType":"Star", "Factions":[ { "Name":"133 G. Canis Major Jet Public", "FactionState":"None", "Government":"Corporate", "Influence":0.720559, "Allegiance":"Federation" }, { "Name":"Ao Kax Comms Corp.", "FactionState":"None", "Government":"Corporate", "Influence":0.030938, "Allegiance":"Federation" }, { "Name":"Hodur Prison Colony", "FactionState":"None", "Government":"PrisonColony", "Influence":0.048902, "Allegiance":"Independent" }, { "Name":"Nationalists of 133 G. Canis Major", "FactionState":"None", "Government":"Dictatorship", "Influence":0.015968, "Allegiance":"Independent" }, { "Name":"Unionists of 133 G. Canis Major", "FactionState":"None", "Government":"Communism", "Influence":0.041916, "Allegiance":"Independent" }, { "Name":"133 G. Canis Major Rats", "FactionState":"None", "Government":"Anarchy", "Influence":0.057884, "Allegiance":"Independent" }, { "Name":"133 G. Canis Major Allied Partners", "FactionState":"None", "Government":"Corporate", "Influence":0.083832, "Allegiance":"Independent" } ], "SystemFaction":"133 G. Canis Major Jet Public" }
{ "timestamp":"2017-04-16T05:40:08Z", "event":"StartJump", "JumpType":"Supercruise" }
{ "timestamp":"2017-04-16T05:40:13Z", "event":"SupercruiseEntry", "StarSystem":"133 G. Canis Major" }
{ "timestamp":"2017-04-16T05:41:53Z", "event":"ReceiveText", "From":"$npc_name_decorate:#name=Red MacGregor;", "From_Localised":"Red MacGregor", "Message":"$Pirate_StartInterdiction01;", "Message_Localised":"You're mine now, Commander. ", "Channel":"npc" }
{ "timestamp":"2017-04-16T05:42:18Z", "event":"EscapeInterdiction", "Interdictor":"Red MacGregor", "IsPlayer":false }
{ "timestamp":"2017-04-16T05:43:32Z", "event":"ApproachSettlement", "Name":"Eckford Installation ++" }
{ "timestamp":"2017-04-16T05:43:32Z", "event":"ApproachSettlement", "Name":"Fernandes de Queiros Enterprise ++" }
{ "timestamp":"2017-04-16T05:43:32Z", "event":"ApproachSettlement", "Name":"Clarke Horizons +" }
{ "timestamp":"2017-04-16T05:44:30Z", "event":"ApproachSettlement", "Name":"Eckford Installation ++" }
{ "timestamp":"2017-04-16T05:44:30Z", "event":"ApproachSettlement", "Name":"Fernandes de Queiros Enterprise ++" }
{ "timestamp":"2017-04-16T05:44:30Z", "event":"ApproachSettlement", "Name":"Clarke Horizons +" }
{ "timestamp":"2017-04-16T05:44:33Z", "event":"SupercruiseExit", "StarSystem":"133 G. Canis Major", "Body":"133 G. Canis Major B 4", "BodyType":"Planet" }
{ "timestamp":"2017-04-16T05:47:52Z", "event":"CommitCrime", "CrimeType":"assault", "Faction":"Unionists of 133 G. Canis Major", "Victim":"$poi_turretbasea_name;", "Victim_Localised":"Defence Turret", "Bounty":270 }
{ "timestamp":"2017-04-16T05:48:09Z", "event":"CommitCrime", "CrimeType":"assault", "Faction":"Unionists of 133 G. Canis Major", "Victim":"$poi_turretplatforma_name;", "Victim_Localised":"Defence Turret", "Bounty":270 }
