{ "timestamp":"2017-07-26T04:01:14Z", "event":"Fileheader", "part":1, "language":"English\\UK", "gameversion":"2.3.11", "build":"r148764/r0 " }
{ "timestamp":"2017-07-26T04:02:01Z", "event":"Cargo", "Inventory":[  ] }
{ "timestamp":"2017-07-26T04:02:01Z", "event":"Loadout", "Ship":"Anaconda", "ShipID":10, "ShipName":"", "ShipIdent":"", "Modules":[ { "Slot":"TinyHardpoint1", "Item":"Hpt_HeatSinkLauncher_Turret_Tiny", "On":true, "Priority":0, "AmmoInClip":1, "AmmoInHopper":1, "Health":0.919371, "Value":3500 }, { "Slot":"TinyHardpoint2", "Item":"Hpt_HeatSinkLauncher_Turret_Tiny", "On":true, "Priority":0, "AmmoInClip":1, "Health":0.906805, "Value":3500 }, { "Slot":"Armour", "Item":"Anaconda_Armour_Grade1", "On":true, "Priority":1, "Health":1.000000, "Value":0 }, { "Slot":"PowerPlant", "Item":"Int_Powerplant_Size3_Class5", "On":true, "Priority":1, "Health":0.936142, "Value":431726 }, { "Slot":"MainEngines", "Item":"Int_Engine_Size5_Class2", "On":true, "Priority":3, "Health":0.920782, "Value":189035 }, { "Slot":"FrameShiftDrive", "Item":"Int_Hyperdrive_Size6_Class5", "On":true, "Priority":0, "Health":0.920320, "Value":13752602 }, { "Slot":"LifeSupport", "Item":"Int_LifeSupport_Size5_Class2", "On":true, "Priority":0, "Health":0.912191, "Value":67528 }, { "Slot":"PowerDistributor", "Item":"Int_PowerDistributor_Size5_Class5", "On":true, "Priority":0, "Health":0.922766, "Value":1055120 }, { "Slot":"Radar", "Item":"Int_Sensors_Size8_Class2", "On":true, "Priority":0, "Health":0.912487, "Value":1482367 }, { "Slot":"FuelTank", "Item":"Int_FuelTank_Size5_Class3", "On":true, "Priority":1, "Health":1.000000, "Value":83090 }, { "Slot":"Slot01_Size7", "Item":"Int_FuelScoop_Size7_Class4", "On":true, "Priority":0, "Health":0.928447, "Value":22795161 }, { "Slot":"Slot02_Size6", "Item":"Int_BuggyBay_Size6_Class2", "On":true, "Priority":0, "Health":0.933584, "Value":691200 }, { "Slot":"Slot03_Size6", "Item":"Int_Repairer_Size6_Class5", "On":false, "Priority":0, "AmmoInClip":8100, "Health":0.928613, "Value":15305501 }, { "Slot":"Slot04_Size6", "Item":"Int_Repairer_Size6_Class5", "On":false, "Priority":1, "AmmoInClip":8100, "Health":0.920435, "Value":15305501 }, { "Slot":"Slot09_Size4", "Item":"Int_DetailedSurfaceScanner_Tiny", "On":true, "Priority":1, "Health":1.000000, "Value":250000 }, { "Slot":"Slot10_Size4", "Item":"Int_ShieldGenerator_Size3_Class2", "On":true, "Priority":1, "Health":0.862911, "Value":18812 }, { "Slot":"Slot13_Size2", "Item":"Int_StellarBodyDiscoveryScanner_Advanced", "On":true, "Priority":1, "Health":0.841494, "Value":1545000 }, { "Slot":"PlanetaryApproachSuite", "Item":"Int_PlanetApproachSuite", "On":true, "Priority":1, "Health":1.000000, "Value":425 }, { "Slot":"ShipCockpit", "Item":"Anaconda_Cockpit", "On":true, "Priority":1, "Health":0.934048, "Value":0 }, { "Slot":"CargoHatch", "Item":"ModularCargoBayDoor", "On":false, "Priority":1, "Health":0.889016, "Value":0 } ] }
{ "timestamp":"2017-07-26T04:02:01Z", "event":"Materials", "Raw":[ { "Name":"sulphur", "Count":33 }, { "Name":"phosphorus", "Count":30 }, { "Name":"manganese", "Count":12 }, { "Name":"nickel", "Count":7 }, { "Name":"carbon", "Count":11 }, { "Name":"cadmium", "Count":12 }, { "Name":"germanium", "Count":3 }, { "Name":"tungsten", "Count":3 }, { "Name":"arsenic", "Count":3 }, { "Name":"zinc", "Count":6 }, { "Name":"selenium", "Count":12 }, { "Name":"vanadium", "Count":3 }, { "Name":"antimony", "Count":3 } ], "Manufactured":[ { "Name":"hybridcapacitors", "Count":2 }, { "Name":"focuscrystals", "Count":1 }, { "Name":"salvagedalloys", "Count":1 }, { "Name":"shieldemitters", "Count":5 }, { "Name":"galvanisingalloys", "Count":4 }, { "Name":"phasealloys", "Count":10 }, { "Name":"highdensitycomposites", "Count":6 }, { "Name":"compoundshielding", "Count":6 }, { "Name":"refinedfocuscrystals", "Count":3 }, { "Name":"conductivecomponents", "Count":4 }, { "Name":"heatresistantceramics", "Count":1 }, { "Name":"precipitatedalloys", "Count":3 }, { "Name":"wornshieldemitters", "Count":3 }, { "Name":"shieldingsensors", "Count":3 }, { "Name":"thermicalloys", "Count":5 }, { "Name":"mechanicalequipment", "Count":1 }, { "Name":"gridresistors", "Count":2 }, { "Name":"temperedalloys", "Count":1 }, { "Name":"conductivepolymers", "Count":2 }, { "Name":"uncutfocuscrystals", "Count":1 } ], "Encoded":[ { "Name":"shieldcyclerecordings", "Count":53 }, { "Name":"emissiondata", "Count":40 }, { "Name":"encodedscandata", "Count":17 }, { "Name":"decodedemissiondata", "Count":114 }, { "Name":"shieldsoakanalysis", "Count":63 }, { "Name":"scandatabanks", "Count":33 }, { "Name":"bulkscandata", "Count":16 }, { "Name":"archivedemissiondata", "Count":2 }, { "Name":"shielddensityreports", "Count":75 }, { "Name":"shieldpatternanalysis", "Count":44 }, { "Name":"compactemissionsdata", "Count":5 }, { "Name":"shieldfrequencydata", "Count":3 }, { "Name":"consumerfirmware", "Count":1 }, { "Name":"hyperspacetrajectories", "Count":1 }, { "Name":"scrambledemissiondata", "Count":1 }, { "Name":"scanarchives", "Count":20 }, { "Name":"classifiedscandata", "Count":4 }, { "Name":"disruptedwakeechoes", "Count":3 }, { "Name":"securityfirmware", "Count":2 }, { "Name":"encryptionarchives", "Count":3 } ] }
{ "timestamp":"2017-07-26T04:02:01Z", "event":"LoadGame", "Commander":"Kith000", "Ship":"Anaconda", "ShipID":10, "ShipName":"", "ShipIdent":"", "FuelLevel":24.088133, "FuelCapacity":32.000000, "GameMode":"Group", "Group":"MOBIUS PVE", "Credits":23314987, "Loan":0 }
{ "timestamp":"2017-07-26T04:02:01Z", "event":"Rank", "Combat":6, "Trade":4, "Explore":2, "Empire":1, "Federation":4, "CQC":0 }
{ "timestamp":"2017-07-26T04:02:01Z", "event":"Progress", "Combat":21, "Trade":96, "Explore":24, "Empire":23, "Federation":1, "CQC":40 }
{ "timestamp":"2017-07-26T04:02:09Z", "event":"Location", "Docked":false, "StarSystem":"Myrielk RY-S c3-4786", "StarPos":[6.438,-17.531,24728.969], "SystemAllegiance":"", "SystemEconomy":"$economy_None;", "SystemEconomy_Localised":"None", "SystemGovernment":"$government_None;", "SystemGovernment_Localised":"None", "SystemSecurity":"$SYSTEM_SECURITY_low;", "SystemSecurity_Localised":"Low Security", "Body":"Myrielk RY-S c3-4786", "BodyType":"Star" }
{ "timestamp":"2017-07-26T04:02:43Z", "event":"StartJump", "JumpType":"Hyperspace", "StarSystem":"Myrielk VE-R c4-7859", "StarClass":"K" }
{ "timestamp":"2017-07-26T04:03:02Z", "event":"FSDJump", "StarSystem":"Myrielk VE-R c4-7859", "StarPos":[9.125,-20.500,24765.219], "SystemAllegiance":"", "SystemEconomy":"$economy_None;", "SystemEconomy_Localised":"None", "SystemGovernment":"$government_None;", "SystemGovernment_Localised":"None", "SystemSecurity":"$SYSTEM_SECURITY_low;", "SystemSecurity_Localised":"Low Security", "JumpDist":36.471, "FuelUsed":7.648586, "FuelLevel":16.439547 }
{ "timestamp":"2017-07-26T04:03:21Z", "event":"FuelScoop", "Scooped":5.002704, "Total":21.442238 }
{ "timestamp":"2017-07-26T04:03:29Z", "event":"FuelScoop", "Scooped":5.019181, "Total":26.461426 }
{ "timestamp":"2017-07-26T04:03:34Z", "event":"FuelScoop", "Scooped":5.009340, "Total":31.470768 }
{ "timestamp":"2017-07-26T04:03:34Z", "event":"FuelScoop", "Scooped":0.529228, "Total":32.000000 }
{ "timestamp":"2017-07-26T04:04:25Z", "event":"Scan", "BodyName":"Myrielk VE-R c4-7859 3", "DistanceFromArrivalLS":129.986267, "TidalLock":true, "TerraformState":"", "PlanetClass":"High metal content body", "Atmosphere":"hot thick carbon dioxide atmosphere", "AtmosphereType":"CarbonDioxide", "AtmosphereComposition":[ { "Name":"CarbonDioxide", "Percent":95.848190 }, { "Name":"Nitrogen", "Percent":3.193114 }, { "Name":"SulphurDioxide", "Percent":0.958482 } ], "Volcanism":"minor silicate vapour geysers volcanism", "MassEM":1.819102, "Radius":7248830.000000, "SurfaceGravity":13.798461, "SurfaceTemperature":995.572083, "SurfacePressure":28401330.000000, "Landable":false, "SemiMajorAxis":38967627776.000000, "Eccentricity":0.000057, "OrbitalInclination":0.027019, "Periapsis":84.748611, "OrbitalPeriod":5722625.000000, "RotationPeriod":5741298.000000, "AxialTilt":0.169957 }
{ "timestamp":"2017-07-26T04:04:52Z", "event":"StartJump", "JumpType":"Hyperspace", "StarSystem":"Myrielk MS-U d2-7493", "StarClass":"F" }
{ "timestamp":"2017-07-26T04:05:11Z", "event":"FSDJump", "StarSystem":"Myrielk MS-U d2-7493", "StarPos":[9.594,-19.281,24801.656], "SystemAllegiance":"", "SystemEconomy":"$economy_None;", "SystemEconomy_Localised":"None", "SystemGovernment":"$government_None;", "SystemGovernment_Localised":"None", "SystemSecurity":"$SYSTEM_SECURITY_low;", "SystemSecurity_Localised":"Low Security", "JumpDist":36.461, "FuelUsed":7.911777, "FuelLevel":24.088223 }
{ "timestamp":"2017-07-26T04:05:25Z", "event":"FuelScoop", "Scooped":5.013161, "Total":29.101398 }
{ "timestamp":"2017-07-26T04:05:28Z", "event":"FuelScoop", "Scooped":2.898603, "Total":32.000000 }
{ "timestamp":"2017-07-26T04:06:55Z", "event":"Scan", "BodyName":"Myrielk MS-U d2-7493 A 2", "DistanceFromArrivalLS":876.267578, "TidalLock":false, "TerraformState":"Terraformable", "PlanetClass":"Water world", "Atmosphere":"nitrogen atmosphere", "AtmosphereType":"Nitrogen", "AtmosphereComposition":[ { "Name":"Nitrogen", "Percent":79.348221 }, { "Name":"Oxygen", "Percent":15.654824 }, { "Name":"Water", "Percent":2.620026 } ], "Volcanism":"", "MassEM":0.371827, "Radius":4502293.000000, "SurfaceGravity":7.311100, "SurfaceTemperature":318.734344, "SurfacePressure":65820.398438, "Landable":false, "SemiMajorAxis":262687653888.000000, "Eccentricity":0.000060, "OrbitalInclination":0.063226, "Periapsis":311.258514, "OrbitalPeriod":71231184.000000, "RotationPeriod":165289.515625, "AxialTilt":-0.440417 }
{ "timestamp":"2017-07-26T04:09:43Z", "event":"Scan", "BodyName":"Myrielk MS-U d2-7493 A 4", "DistanceFromArrivalLS":2156.054932, "TidalLock":false, "TerraformState":"", "PlanetClass":"Water world", "Atmosphere":"thick carbon dioxide atmosphere", "AtmosphereType":"CarbonDioxide", "AtmosphereComposition":[ { "Name":"CarbonDioxide", "Percent":54.450397 }, { "Name":"Nitrogen", "Percent":43.715031 }, { "Name":"Oxygen", "Percent":1.789496 } ], "Volcanism":"minor silicate vapour geysers volcanism", "MassEM":1.153864, "Radius":6342510.000000, "SurfaceGravity":11.432515, "SurfaceTemperature":297.170959, "SurfacePressure":1142338.500000, "Landable":false, "SemiMajorAxis":185267952.000000, "Eccentricity":0.011899, "OrbitalInclination":6.677689, "Periapsis":303.114380, "OrbitalPeriod":9823726.000000, "RotationPeriod":57387.675781, "AxialTilt":-1.799484 }
{ "timestamp":"2017-07-26T04:10:14Z", "event":"Scan", "BodyName":"Myrielk MS-U d2-7493 A 5", "DistanceFromArrivalLS":2157.986816, "TidalLock":true, "TerraformState":"", "PlanetClass":"Ammonia world", "Atmosphere":"", "AtmosphereType":"AmmoniaOxygen", "AtmosphereComposition":[ { "Name":"CarbonDioxide", "Percent":85.857620 }, { "Name":"Nitrogen", "Percent":7.948980 }, { "Name":"Oxygen", "Percent":5.226357 } ], "Volcanism":"", "MassEM":0.232334, "Radius":3904175.500000, "SurfaceGravity":6.075250, "SurfaceTemperature":255.796539, "SurfacePressure":227881.390625, "Landable":false, "SemiMajorAxis":920114368.000000, "Eccentricity":0.011899, "OrbitalInclination":6.677689, "Periapsis":123.114388, "OrbitalPeriod":9823726.000000, "RotationPeriod":10767427.000000, "AxialTilt":0.050368 }
{ "timestamp":"2017-07-26T04:10:50Z", "event":"StartJump", "JumpType":"Hyperspace", "StarSystem":"Myrielk DR-N c6-5802", "StarClass":"K" }
{ "timestamp":"2017-07-26T04:11:09Z", "event":"FSDJump", "StarSystem":"Myrielk DR-N c6-5802", "StarPos":[11.500,-18.188,24838.094], "SystemAllegiance":"", "SystemEconomy":"$economy_None;", "SystemEconomy_Localised":"None", "SystemGovernment":"$government_None;", "SystemGovernment_Localised":"None", "SystemSecurity":"$SYSTEM_SECURITY_low;", "SystemSecurity_Localised":"Low Security", "JumpDist":36.504, "FuelUsed":7.936200, "FuelLevel":24.063801 }
{ "timestamp":"2017-07-26T04:11:22Z", "event":"FuelScoop", "Scooped":5.000355, "Total":29.064142 }
{ "timestamp":"2017-07-26T04:11:24Z", "event":"FuelScoop", "Scooped":2.935860, "Total":32.000000 }
{ "timestamp":"2017-07-26T04:12:36Z", "event":"Scan", "BodyName":"Myrielk DR-N c6-5802 A 1", "DistanceFromArrivalLS":503.505890, "TidalLock":false, "TerraformState":"", "PlanetClass":"Water world", "Atmosphere":"ammonia atmosphere", "AtmosphereType":"Ammonia", "AtmosphereComposition":[ { "Name":"Ammonia", "Percent":74.266418 }, { "Name":"Nitrogen", "Percent":23.442383 }, { "Name":"Oxygen", "Percent":1.974530 } ], "Volcanism":"", "MassEM":0.754479, "Radius":5594105.000000, "SurfaceGravity":9.609380, "SurfaceTemperature":291.495575, "SurfacePressure":471668.187500, "Landable":false, "SemiMajorAxis":151080648704.000000, "Eccentricity":0.001003, "OrbitalInclination":-0.003456, "Periapsis":106.353371, "OrbitalPeriod":39298972.000000, "RotationPeriod":71981.921875, "AxialTilt":-0.059025 }
{ "timestamp":"2017-07-26T04:13:03Z", "event":"StartJump", "JumpType":"Hyperspace", "StarSystem":"Myrielk HX-L c7-5736", "StarClass":"K" }
{ "timestamp":"2017-07-26T04:13:21Z", "event":"FSDJump", "StarSystem":"Myrielk HX-L c7-5736", "StarPos":[9.813,-16.594,24874.438], "SystemAllegiance":"", "SystemEconomy":"$economy_None;", "SystemEconomy_Localised":"None", "SystemGovernment":"$government_None;", "SystemGovernment_Localised":"None", "SystemSecurity":"$SYSTEM_SECURITY_low;", "SystemSecurity_Localised":"Low Security", "JumpDist":36.418, "FuelUsed":7.887321, "FuelLevel":24.112679 }
{ "timestamp":"2017-07-26T04:13:34Z", "event":"FuelScoop", "Scooped":5.028927, "Total":29.141590 }
{ "timestamp":"2017-07-26T04:13:37Z", "event":"FuelScoop", "Scooped":2.858411, "Total":32.000000 }
{ "timestamp":"2017-07-26T04:14:59Z", "event":"Scan", "BodyName":"Myrielk HX-L c7-5736 1", "DistanceFromArrivalLS":350.499908, "TidalLock":false, "TerraformState":"Terraformable", "PlanetClass":"Water world", "Atmosphere":"nitrogen atmosphere", "AtmosphereType":"Nitrogen", "AtmosphereComposition":[ { "Name":"Nitrogen", "Percent":82.995872 }, { "Name":"Oxygen", "Percent":15.436387 }, { "Name":"CarbonDioxide", "Percent":1.494290 } ], "Volcanism":"", "MassEM":0.316520, "Radius":4282413.500000, "SurfaceGravity":6.879128, "SurfaceTemperature":261.949310, "SurfacePressure":54500.226563, "Landable":false, "SemiMajorAxis":105076375552.000000, "Eccentricity":0.000057, "OrbitalInclination":-0.003225, "Periapsis":129.628128, "OrbitalPeriod":20657006.000000, "RotationPeriod":195309.031250, "AxialTilt":-0.093396 }
{ "timestamp":"2017-07-26T04:16:52Z", "event":"Scan", "BodyName":"Myrielk HX-L c7-5736 2", "DistanceFromArrivalLS":498.568329, "TidalLock":false, "TerraformState":"", "PlanetClass":"Water world", "Atmosphere":"carbon dioxide atmosphere", "AtmosphereType":"CarbonDioxide", "AtmosphereComposition":[ { "Name":"CarbonDioxide", "Percent":87.595505 }, { "Name":"Oxygen", "Percent":11.415524 }, { "Name":"SulphurDioxide", "Percent":0.914194 } ], "Volcanism":"", "MassEM":0.234709, "Radius":3900626.500000, "SurfaceGravity":6.148507, "SurfaceTemperature":275.698822, "SurfacePressure":38572.234375, "Landable":false, "SemiMajorAxis":149470216192.000000, "Eccentricity":0.000062, "OrbitalInclination":0.166793, "Periapsis":70.410217, "OrbitalPeriod":35046276.000000, "RotationPeriod":48460.031250, "AxialTilt":0.426927 }
{ "timestamp":"2017-07-26T04:17:30Z", "event":"StartJump", "JumpType":"Hyperspace", "StarSystem":"Myrielk IM-W e1-874", "StarClass":"TTS" }
{ "timestamp":"2017-07-26T04:17:48Z", "event":"FSDJump", "StarSystem":"Myrielk IM-W e1-874", "StarPos":[9.688,-15.000,24910.813], "SystemAllegiance":"", "SystemEconomy":"$economy_None;", "SystemEconomy_Localised":"None", "SystemGovernment":"$government_None;", "SystemGovernment_Localised":"None", "SystemSecurity":"$SYSTEM_SECURITY_low;", "SystemSecurity_Localised":"Low Security", "JumpDist":36.410, "FuelUsed":7.883397, "FuelLevel":24.116604 }
{ "timestamp":"2017-07-26T04:18:22Z", "event":"StartJump", "JumpType":"Hyperspace", "StarSystem":"Myrielk PJ-I c9-851", "StarClass":"M" }
{ "timestamp":"2017-07-26T04:18:41Z", "event":"FSDJump", "StarSystem":"Myrielk PJ-I c9-851", "StarPos":[10.438,-14.344,24947.156], "SystemAllegiance":"", "SystemEconomy":"$economy_None;", "SystemEconomy_Localised":"None", "SystemGovernment":"$government_None;", "SystemGovernment_Localised":"None", "SystemSecurity":"$SYSTEM_SECURITY_low;", "SystemSecurity_Localised":"Low Security", "JumpDist":36.357, "FuelUsed":7.588016, "FuelLevel":16.528587 }
{ "timestamp":"2017-07-26T04:18:55Z", "event":"FuelScoop", "Scooped":5.022965, "Total":21.551554 }
{ "timestamp":"2017-07-26T04:19:00Z", "event":"FuelScoop", "Scooped":5.015434, "Total":26.566990 }
{ "timestamp":"2017-07-26T04:19:06Z", "event":"FuelScoop", "Scooped":5.012899, "Total":31.579901 }
{ "timestamp":"2017-07-26T04:19:08Z", "event":"FuelScoop", "Scooped":0.387963, "Total":31.967867 }
{ "timestamp":"2017-07-26T04:19:30Z", "event":"StartJump", "JumpType":"Hyperspace", "StarSystem":"Myrielk TP-G c10-7412", "StarClass":"K" }
{ "timestamp":"2017-07-26T04:19:48Z", "event":"FSDJump", "StarSystem":"Myrielk TP-G c10-7412", "StarPos":[10.938,-16.656,24983.406], "SystemAllegiance":"", "SystemEconomy":"$economy_None;", "SystemEconomy_Localised":"None", "SystemGovernment":"$government_None;", "SystemGovernment_Localised":"None", "SystemSecurity":"$SYSTEM_SECURITY_low;", "SystemSecurity_Localised":"Low Security", "JumpDist":36.327, "FuelUsed":7.835304, "FuelLevel":24.132563 }
{ "timestamp":"2017-07-26T04:20:02Z", "event":"FuelScoop", "Scooped":5.009874, "Total":29.142435 }
{ "timestamp":"2017-07-26T04:20:04Z", "event":"FuelScoop", "Scooped":2.857553, "Total":32.000000 }
{ "timestamp":"2017-07-26T04:20:29Z", "event":"StartJump", "JumpType":"Hyperspace", "StarSystem":"Myrielk VR-J b22-39", "StarClass":"M" }
{ "timestamp":"2017-07-26T04:20:47Z", "event":"FSDJump", "StarSystem":"Myrielk VR-J b22-39", "StarPos":[9.094,-18.688,25019.719], "SystemAllegiance":"", "SystemEconomy":"$economy_None;", "SystemEconomy_Localised":"None", "SystemGovernment":"$government_None;", "SystemGovernment_Localised":"None", "SystemSecurity":"$SYSTEM_SECURITY_low;", "SystemSecurity_Localised":"Low Security", "JumpDist":36.416, "FuelUsed":7.886325, "FuelLevel":24.113674 }
{ "timestamp":"2017-07-26T04:21:01Z", "event":"FuelScoop", "Scooped":5.003933, "Total":29.117596 }
{ "timestamp":"2017-07-26T04:21:06Z", "event":"FuelScoop", "Scooped":2.196622, "Total":31.314232 }
{ "timestamp":"2017-07-26T04:21:25Z", "event":"StartJump", "JumpType":"Hyperspace", "StarSystem":"Myrielk BC-D c12-7142", "StarClass":"K" }
{ "timestamp":"2017-07-26T04:21:44Z", "event":"FSDJump", "StarSystem":"Myrielk BC-D c12-7142", "StarPos":[11.250,-21.281,25056.094], "SystemAllegiance":"", "SystemEconomy":"$economy_None;", "SystemEconomy_Localised":"None", "SystemGovernment":"$government_None;", "SystemGovernment_Localised":"None", "SystemSecurity":"$SYSTEM_SECURITY_low;", "SystemSecurity_Localised":"Low Security", "JumpDist":36.531, "FuelUsed":7.927961, "FuelLevel":23.386271 }
{ "timestamp":"2017-07-26T04:21:57Z", "event":"FuelScoop", "Scooped":5.024366, "Total":28.410635 }
{ "timestamp":"2017-07-26T04:22:01Z", "event":"FuelScoop", "Scooped":3.589366, "Total":32.000000 }
{ "timestamp":"2017-07-26T04:22:21Z", "event":"StartJump", "JumpType":"Hyperspace", "StarSystem":"Myrielk BC-D c12-3204", "StarClass":"G" }
{ "timestamp":"2017-07-26T04:22:40Z", "event":"FSDJump", "StarSystem":"Myrielk BC-D c12-3204", "StarPos":[8.094,-22.563,25092.375], "SystemAllegiance":"", "SystemEconomy":"$economy_None;", "SystemEconomy_Localised":"None", "SystemGovernment":"$government_None;", "SystemGovernment_Localised":"None", "SystemSecurity":"$SYSTEM_SECURITY_low;", "SystemSecurity_Localised":"Low Security", "JumpDist":36.441, "FuelUsed":7.900686, "FuelLevel":24.099314 }
{ "timestamp":"2017-07-26T04:22:53Z", "event":"FuelScoop", "Scooped":5.013497, "Total":29.112812 }
{ "timestamp":"2017-07-26T04:22:55Z", "event":"FuelScoop", "Scooped":2.887198, "Total":32.000000 }
{ "timestamp":"2017-07-26T04:23:16Z", "event":"StartJump", "JumpType":"Hyperspace", "StarSystem":"Myrielk PW-A b27-94", "StarClass":"M" }
{ "timestamp":"2017-07-26T04:23:35Z", "event":"FSDJump", "StarSystem":"Myrielk PW-A b27-94", "StarPos":[6.500,-24.156,25128.813], "SystemAllegiance":"", "SystemEconomy":"$economy_None;", "SystemEconomy_Localised":"None", "SystemGovernment":"$government_None;", "SystemGovernment_Localised":"None", "SystemSecurity":"$SYSTEM_SECURITY_low;", "SystemSecurity_Localised":"Low Security", "JumpDist":36.507, "FuelUsed":7.938136, "FuelLevel":24.061863 }
{ "timestamp":"2017-07-26T04:23:48Z", "event":"FuelScoop", "Scooped":5.006847, "Total":29.068716 }
{ "timestamp":"2017-07-26T04:23:52Z", "event":"FuelScoop", "Scooped":2.931265, "Total":32.000000 }
{ "timestamp":"2017-07-26T04:24:38Z", "event":"Scan", "BodyName":"Myrielk PW-A b27-94 1", "DistanceFromArrivalLS":116.404709, "TidalLock":true, "TerraformState":"", "PlanetClass":"Water world", "Atmosphere":"thick argon rich atmosphere", "AtmosphereType":"ArgonRich", "AtmosphereComposition":[ { "Name":"Nitrogen", "Percent":93.730446 }, { "Name":"Argon", "Percent":5.825348 }, { "Name":"CarbonDioxide", "Percent":0.386592 } ], "Volcanism":"major water geysers volcanism", "MassEM":1.998308, "Radius":9548885.000000, "SurfaceGravity":8.735076, "SurfaceTemperature":308.894104, "SurfacePressure":54692824.000000, "Landable":false, "SemiMajorAxis":34780512256.000000, "Eccentricity":0.010000, "OrbitalInclination":-0.138233, "Periapsis":67.414070, "OrbitalPeriod":6249995.500000, "RotationPeriod":6250227.500000, "AxialTilt":0.331357 }
{ "timestamp":"2017-07-26T04:25:31Z", "event":"StartJump", "JumpType":"Hyperspace", "StarSystem":"Hypio Pri ZK-F c14-2289", "StarClass":"K" }
{ "timestamp":"2017-07-26T04:25:50Z", "event":"FSDJump", "StarSystem":"Hypio Pri ZK-F c14-2289", "StarPos":[4.125,-26.594,25165.156], "SystemAllegiance":"", "SystemEconomy":"$economy_None;", "SystemEconomy_Localised":"None", "SystemGovernment":"$government_None;", "SystemGovernment_Localised":"None", "SystemSecurity":"$SYSTEM_SECURITY_low;", "SystemSecurity_Localised":"Low Security", "JumpDist":36.503, "FuelUsed":7.935647, "FuelLevel":24.064352 }
{ "timestamp":"2017-07-26T04:26:02Z", "event":"FuelScoop", "Scooped":5.002866, "Total":29.067232 }
{ "timestamp":"2017-07-26T04:26:06Z", "event":"FuelScoop", "Scooped":2.932762, "Total":32.000000 }
{ "timestamp":"2017-07-26T04:26:23Z", "event":"StartJump", "JumpType":"Hyperspace", "StarSystem":"Myrielk NU-X c14-2317", "StarClass":"M" }
{ "timestamp":"2017-07-26T04:26:42Z", "event":"FSDJump", "StarSystem":"Myrielk NU-X c14-2317", "StarPos":[4.563,-22.281,25201.281], "SystemAllegiance":"", "SystemEconomy":"$economy_None;", "SystemEconomy_Localised":"None", "SystemGovernment":"$government_None;", "SystemGovernment_Localised":"None", "SystemSecurity":"$SYSTEM_SECURITY_low;", "SystemSecurity_Localised":"Low Security", "JumpDist":36.384, "FuelUsed":7.868119, "FuelLevel":24.131882 }
{ "timestamp":"2017-07-26T04:26:55Z", "event":"FuelScoop", "Scooped":5.018823, "Total":29.150711 }
{ "timestamp":"2017-07-26T04:26:58Z", "event":"FuelScoop", "Scooped":2.849289, "Total":32.000000 }
{ "timestamp":"2017-07-26T04:28:01Z", "event":"Scan", "BodyName":"Myrielk NU-X c14-2317 6", "DistanceFromArrivalLS":242.144669, "TidalLock":true, "TerraformState":"", "PlanetClass":"Water world", "Atmosphere":"carbon dioxide rich atmosphere", "AtmosphereType":"CarbonDioxideRich", "AtmosphereComposition":[ { "Name":"Nitrogen", "Percent":79.375168 }, { "Name":"CarbonDioxide", "Percent":11.381421 }, { "Name":"Oxygen", "Percent":9.102622 } ], "Volcanism":"", "MassEM":0.402768, "Radius":4618639.500000, "SurfaceGravity":7.525520, "SurfaceTemperature":255.692184, "SurfacePressure":116987.265625, "Landable":false, "SemiMajorAxis":72566816768.000000, "Eccentricity":0.000517, "OrbitalInclination":-0.004969, "Periapsis":116.407936, "OrbitalPeriod":15570272.000000, "RotationPeriod":15570956.000000, "AxialTilt":0.465004 }
{ "timestamp":"2017-07-26T04:28:28Z", "event":"StartJump", "JumpType":"Hyperspace", "StarSystem":"Myrielk NH-Q b32-82", "StarClass":"M" }
{ "timestamp":"2017-07-26T04:28:46Z", "event":"FSDJump", "StarSystem":"Myrielk NH-Q b32-82", "StarPos":[2.281,-22.219,25237.750], "SystemAllegiance":"", "SystemEconomy":"$economy_None;", "SystemEconomy_Localised":"None", "SystemGovernment":"$government_None;", "SystemGovernment_Localised":"None", "SystemSecurity":"$SYSTEM_SECURITY_low;", "SystemSecurity_Localised":"Low Security", "JumpDist":36.540, "FuelUsed":7.956772, "FuelLevel":24.043228 }
{ "timestamp":"2017-07-26T04:28:59Z", "event":"FuelScoop", "Scooped":5.002857, "Total":29.046080 }
{ "timestamp":"2017-07-26T04:29:02Z", "event":"FuelScoop", "Scooped":2.953907, "Total":32.000000 }
{ "timestamp":"2017-07-26T04:29:18Z", "event":"StartJump", "JumpType":"Hyperspace", "StarSystem":"Myrielk VG-U c16-6311", "StarClass":"K" }
{ "timestamp":"2017-07-26T04:29:36Z", "event":"FSDJump", "StarSystem":"Myrielk VG-U c16-6311", "StarPos":[1.281,-24.094,25274.000], "SystemAllegiance":"", "SystemEconomy":"$economy_None;", "SystemEconomy_Localised":"None", "SystemGovernment":"$government_None;", "SystemGovernment_Localised":"None", "SystemSecurity":"$SYSTEM_SECURITY_low;", "SystemSecurity_Localised":"Low Security", "JumpDist":36.312, "FuelUsed":7.828413, "FuelLevel":24.171587 }
{ "timestamp":"2017-07-26T04:29:49Z", "event":"FuelScoop", "Scooped":5.001270, "Total":29.172855 }
{ "timestamp":"2017-07-26T04:29:52Z", "event":"FuelScoop", "Scooped":2.827151, "Total":32.000000 }
{ "timestamp":"2017-07-26T04:30:12Z", "event":"StartJump", "JumpType":"Hyperspace", "StarSystem":"Myrielk ZZ-K b35-41", "StarClass":"M" }
{ "timestamp":"2017-07-26T04:30:31Z", "event":"FSDJump", "StarSystem":"Myrielk ZZ-K b35-41", "StarPos":[0.000,-21.813,25310.375], "SystemAllegiance":"", "SystemEconomy":"$economy_None;", "SystemEconomy_Localised":"None", "SystemGovernment":"$government_None;", "SystemGovernment_Localised":"None", "SystemSecurity":"$SYSTEM_SECURITY_low;", "SystemSecurity_Localised":"Low Security", "JumpDist":36.469, "FuelUsed":7.916577, "FuelLevel":24.083424 }
{ "timestamp":"2017-07-26T04:30:46Z", "event":"FuelScoop", "Scooped":5.012942, "Total":29.096378 }
{ "timestamp":"2017-07-26T04:30:49Z", "event":"FuelScoop", "Scooped":2.903633, "Total":32.000000 }
{ "timestamp":"2017-07-26T04:31:14Z", "event":"StartJump", "JumpType":"Hyperspace", "StarSystem":"Myrielk DT-Q c18-5185", "StarClass":"M" }
{ "timestamp":"2017-07-26T04:31:32Z", "event":"FSDJump", "StarSystem":"Myrielk DT-Q c18-5185", "StarPos":[-2.406,-21.375,25346.719], "SystemAllegiance":"", "SystemEconomy":"$economy_None;", "SystemEconomy_Localised":"None", "SystemGovernment":"$government_None;", "SystemGovernment_Localised":"None", "SystemSecurity":"$SYSTEM_SECURITY_low;", "SystemSecurity_Localised":"Low Security", "JumpDist":36.426, "FuelUsed":7.891920, "FuelLevel":24.108080 }
{ "timestamp":"2017-07-26T04:31:44Z", "event":"SupercruiseExit", "StarSystem":"Myrielk DT-Q c18-5185", "Body":"Myrielk DT-Q c18-5185", "BodyType":"Star" }
{ "timestamp":"2017-07-26T04:31:44Z", "event":"FuelScoop", "Scooped":5.008239, "Total":29.116302 }
{ "timestamp":"2017-07-26T04:32:38Z", "event":"StartJump", "JumpType":"Supercruise" }
{ "timestamp":"2017-07-26T04:32:43Z", "event":"SupercruiseEntry", "StarSystem":"Myrielk DT-Q c18-5185" }
{ "timestamp":"2017-07-26T04:32:52Z", "event":"FuelScoop", "Scooped":0.215198, "Total":27.873512 }
{ "timestamp":"2017-07-26T04:33:16Z", "event":"StartJump", "JumpType":"Hyperspace", "StarSystem":"Myrielk OJ-I d9-6680", "StarClass":"G" }
{ "timestamp":"2017-07-26T04:33:34Z", "event":"FSDJump", "StarSystem":"Myrielk OJ-I d9-6680", "StarPos":[-3.469,-23.844,25383.125], "SystemAllegiance":"", "SystemEconomy":"$economy_None;", "SystemEconomy_Localised":"None", "SystemGovernment":"$government_None;", "SystemGovernment_Localised":"None", "SystemSecurity":"$SYSTEM_SECURITY_low;", "SystemSecurity_Localised":"Low Security", "JumpDist":36.505, "FuelUsed":7.795376, "FuelLevel":20.078136 }
{ "timestamp":"2017-07-26T04:33:47Z", "event":"FuelScoop", "Scooped":5.004312, "Total":25.082451 }
{ "timestamp":"2017-07-26T04:33:54Z", "event":"FuelScoop", "Scooped":5.003192, "Total":30.085655 }
{ "timestamp":"2017-07-26T04:33:57Z", "event":"FuelScoop", "Scooped":1.914340, "Total":32.000000 }
{ "timestamp":"2017-07-26T04:34:12Z", "event":"StartJump", "JumpType":"Hyperspace", "StarSystem":"Myrielk LF-N c20-4779", "StarClass":"K" }
{ "timestamp":"2017-07-26T04:34:31Z", "event":"FSDJump", "StarSystem":"Myrielk LF-N c20-4779", "StarPos":[-2.656,-21.188,25419.500], "SystemAllegiance":"", "SystemEconomy":"$economy_None;", "SystemEconomy_Localised":"None", "SystemGovernment":"$government_None;", "SystemGovernment_Localised":"None", "SystemSecurity":"$SYSTEM_SECURITY_low;", "SystemSecurity_Localised":"Low Security", "JumpDist":36.481, "FuelUsed":7.916355, "FuelLevel":24.083645 }
{ "timestamp":"2017-07-26T04:34:44Z", "event":"FuelScoop", "Scooped":5.004304, "Total":29.087955 }
{ "timestamp":"2017-07-26T04:34:47Z", "event":"FuelScoop", "Scooped":2.912052, "Total":32.000000 }
{ "timestamp":"2017-07-26T04:35:13Z", "event":"StartJump", "JumpType":"Hyperspace", "StarSystem":"Myrielk PL-L c21-2533", "StarClass":"K" }
{ "timestamp":"2017-07-26T04:35:31Z", "event":"FSDJump", "StarSystem":"Myrielk PL-L c21-2533", "StarPos":[-1.750,-22.813,25455.906], "SystemAllegiance":"", "SystemEconomy":"$economy_None;", "SystemEconomy_Localised":"None", "SystemGovernment":"$government_None;", "SystemGovernment_Localised":"None", "SystemSecurity":"$SYSTEM_SECURITY_low;", "SystemSecurity_Localised":"Low Security", "JumpDist":36.454, "FuelUsed":7.907723, "FuelLevel":24.092278 }
{ "timestamp":"2017-07-26T04:35:46Z", "event":"FuelScoop", "Scooped":5.010858, "Total":28.033142 }
{ "timestamp":"2017-07-26T04:35:50Z", "event":"FuelScoop", "Scooped":3.966851, "Total":32.000000 }
{ "timestamp":"2017-07-26T04:36:09Z", "event":"StartJump", "JumpType":"Hyperspace", "StarSystem":"Myrielk PL-L c21-5092", "StarClass":"K" }
{ "timestamp":"2017-07-26T04:36:28Z", "event":"FSDJump", "StarSystem":"Myrielk PL-L c21-5092", "StarPos":[2.188,-24.625,25492.188], "SystemAllegiance":"", "SystemEconomy":"$economy_None;", "SystemEconomy_Localised":"None", "SystemGovernment":"$government_None;", "SystemGovernment_Localised":"None", "SystemSecurity":"$SYSTEM_SECURITY_low;", "SystemSecurity_Localised":"Low Security", "JumpDist":36.539, "FuelUsed":7.956310, "FuelLevel":24.043690 }
{ "timestamp":"2017-07-26T04:36:40Z", "event":"FuelScoop", "Scooped":5.003687, "Total":29.047379 }
{ "timestamp":"2017-07-26T04:36:43Z", "event":"FuelScoop", "Scooped":2.952622, "Total":32.000000 }
{ "timestamp":"2017-07-26T04:38:04Z", "event":"Scan", "BodyName":"Myrielk PL-L c21-5092 A 1", "DistanceFromArrivalLS":344.611481, "TidalLock":false, "TerraformState":"", "PlanetClass":"Earthlike body", "Atmosphere":"", "AtmosphereType":"EarthLike", "AtmosphereComposition":[ { "Name":"Nitrogen", "Percent":70.832916 }, { "Name":"Oxygen", "Percent":29.125864 } ], "Volcanism":"", "MassEM":0.236576, "Radius":3909035.750000, "SurfaceGravity":6.170794, "SurfaceTemperature":281.542969, "SurfacePressure":55799.871094, "Landable":false, "SemiMajorAxis":103321567232.000000, "Eccentricity":0.000100, "OrbitalInclination":-0.015965, "Periapsis":193.785629, "OrbitalPeriod":19319124.000000, "RotationPeriod":9362758.000000, "AxialTilt":-0.232743 }
{ "timestamp":"2017-07-26T04:39:27Z", "event":"Scan", "BodyName":"Myrielk PL-L c21-5092 A 3", "DistanceFromArrivalLS":872.257813, "TidalLock":false, "TerraformState":"", "PlanetClass":"Water world", "Atmosphere":"carbon dioxide rich atmosphere", "AtmosphereType":"CarbonDioxideRich", "AtmosphereComposition":[ { "Name":"Nitrogen", "Percent":60.810059 }, { "Name":"CarbonDioxide", "Percent":32.284241 }, { "Name":"Oxygen", "Percent":6.561944 } ], "Volcanism":"", "MassEM":0.399345, "Radius":4586648.500000, "SurfaceGravity":7.566008, "SurfaceTemperature":252.647079, "SurfacePressure":150463.812500, "Landable":false, "SemiMajorAxis":261492523008.000000, "Eccentricity":0.000027, "OrbitalInclination":-0.010007, "Periapsis":185.604187, "OrbitalPeriod":77783928.000000, "RotationPeriod":171861.343750, "AxialTilt":1.907937 }
{ "timestamp":"2017-07-26T04:39:46Z", "event":"StartJump", "JumpType":"Hyperspace", "StarSystem":"Myrielk TR-J c22-7056", "StarClass":"K" }
{ "timestamp":"2017-07-26T04:40:05Z", "event":"FSDJump", "StarSystem":"Myrielk TR-J c22-7056", "StarPos":[-0.969,-23.813,25528.438], "SystemAllegiance":"", "SystemEconomy":"$economy_None;", "SystemEconomy_Localised":"None", "SystemGovernment":"$government_None;", "SystemGovernment_Localised":"None", "SystemSecurity":"$SYSTEM_SECURITY_low;", "SystemSecurity_Localised":"Low Security", "JumpDist":36.396, "FuelUsed":7.875576, "FuelLevel":24.124424 }
{ "timestamp":"2017-07-26T04:40:19Z", "event":"FuelScoop", "Scooped":5.004061, "Total":29.128500 }
{ "timestamp":"2017-07-26T04:40:22Z", "event":"FuelScoop", "Scooped":2.871513, "Total":32.000000 }
{ "timestamp":"2017-07-26T04:40:44Z", "event":"StartJump", "JumpType":"Hyperspace", "StarSystem":"Hypio Pri NU-N c23-685", "StarClass":"M" }
{ "timestamp":"2017-07-26T04:41:03Z", "event":"FSDJump", "StarSystem":"Hypio Pri NU-N c23-685", "StarPos":[-0.656,-25.469,25539.906], "SystemAllegiance":"", "SystemEconomy":"$economy_None;", "SystemEconomy_Localised":"None", "SystemGovernment":"$government_None;", "SystemGovernment_Localised":"None", "SystemSecurity":"$SYSTEM_SECURITY_low;", "SystemSecurity_Localised":"Low Security", "JumpDist":11.592, "FuelUsed":0.402107, "FuelLevel":31.597893 }
{ "timestamp":"2017-07-26T04:41:10Z", "event":"FuelScoop", "Scooped":0.402104, "Total":32.000000 }
{ "timestamp":"2017-07-26T04:41:57Z", "event":"StartJump", "JumpType":"Hyperspace", "StarSystem":"Hypio Pri KT-Q e5-428", "StarClass":"TTS" }
{ "timestamp":"2017-07-26T04:42:15Z", "event":"FSDJump", "StarSystem":"Hypio Pri KT-Q e5-428", "StarPos":[3.438,-26.031,25576.156], "SystemAllegiance":"", "SystemEconomy":"$economy_None;", "SystemEconomy_Localised":"None", "SystemGovernment":"$government_None;", "SystemGovernment_Localised":"None", "SystemSecurity":"$SYSTEM_SECURITY_low;", "SystemSecurity_Localised":"Low Security", "JumpDist":36.485, "FuelUsed":7.925201, "FuelLevel":24.074799 }
{ "timestamp":"2017-07-26T04:42:44Z", "event":"StartJump", "JumpType":"Hyperspace", "StarSystem":"Myrielk AC-D d12-5348", "StarClass":"G" }
{ "timestamp":"2017-07-26T04:43:03Z", "event":"FSDJump", "StarSystem":"Myrielk AC-D d12-5348", "StarPos":[6.563,-24.188,25612.375], "SystemAllegiance":"", "SystemEconomy":"$economy_None;", "SystemEconomy_Localised":"None", "SystemGovernment":"$government_None;", "SystemGovernment_Localised":"None", "SystemSecurity":"$SYSTEM_SECURITY_low;", "SystemSecurity_Localised":"Low Security", "JumpDist":36.400, "FuelUsed":7.609770, "FuelLevel":16.465029 }
{ "timestamp":"2017-07-26T04:43:16Z", "event":"FuelScoop", "Scooped":5.011786, "Total":21.476820 }
{ "timestamp":"2017-07-26T04:43:21Z", "event":"FuelScoop", "Scooped":5.019200, "Total":26.496023 }
{ "timestamp":"2017-07-26T04:43:26Z", "event":"FuelScoop", "Scooped":5.014351, "Total":31.510361 }
{ "timestamp":"2017-07-26T04:43:26Z", "event":"FuelScoop", "Scooped":0.489642, "Total":32.000000 }
{ "timestamp":"2017-07-26T04:43:43Z", "event":"StartJump", "JumpType":"Hyperspace", "StarSystem":"Myrielk FK-E c25-2717", "StarClass":"K" }
{ "timestamp":"2017-07-26T04:44:01Z", "event":"FSDJump", "StarSystem":"Myrielk FK-E c25-2717", "StarPos":[8.406,-21.844,25648.750], "SystemAllegiance":"", "SystemEconomy":"$economy_None;", "SystemEconomy_Localised":"None", "SystemGovernment":"$government_None;", "SystemGovernment_Localised":"None", "SystemSecurity":"$SYSTEM_SECURITY_low;", "SystemSecurity_Localised":"Low Security", "JumpDist":36.497, "FuelUsed":7.932420, "FuelLevel":24.067579 }
{ "timestamp":"2017-07-26T04:44:14Z", "event":"FuelScoop", "Scooped":5.014422, "Total":29.082014 }
{ "timestamp":"2017-07-26T04:44:17Z", "event":"FuelScoop", "Scooped":2.917993, "Total":32.000000 }
{ "timestamp":"2017-07-26T04:44:40Z", "event":"StartJump", "JumpType":"Hyperspace", "StarSystem":"Myrielk EI-B d13-9075", "StarClass":"K" }
{ "timestamp":"2017-07-26T04:44:58Z", "event":"FSDJump", "StarSystem":"Myrielk EI-B d13-9075", "StarPos":[11.188,-20.781,25685.000], "SystemAllegiance":"", "SystemEconomy":"$economy_None;", "SystemEconomy_Localised":"None", "SystemGovernment":"$government_None;", "SystemGovernment_Localised":"None", "SystemSecurity":"$SYSTEM_SECURITY_low;", "SystemSecurity_Localised":"Low Security", "JumpDist":36.372, "FuelUsed":7.861962, "FuelLevel":24.138039 }
{ "timestamp":"2017-07-26T04:45:12Z", "event":"FuelScoop", "Scooped":5.017903, "Total":29.155930 }
{ "timestamp":"2017-07-26T04:45:14Z", "event":"FuelScoop", "Scooped":2.844071, "Total":32.000000 }
{ "timestamp":"2017-07-26T04:45:43Z", "event":"StartJump", "JumpType":"Hyperspace", "StarSystem":"Myrielk NW-A c27-37", "StarClass":"K" }
{ "timestamp":"2017-07-26T04:46:02Z", "event":"FSDJump", "StarSystem":"Myrielk NW-A c27-37", "StarPos":[14.469,-21.219,25721.188], "SystemAllegiance":"", "SystemEconomy":"$economy_None;", "SystemEconomy_Localised":"None", "SystemGovernment":"$government_None;", "SystemGovernment_Localised":"None", "SystemSecurity":"$SYSTEM_SECURITY_low;", "SystemSecurity_Localised":"Low Security", "JumpDist":36.339, "FuelUsed":7.842680, "FuelLevel":24.157320 }
{ "timestamp":"2017-07-26T04:46:16Z", "event":"FuelScoop", "Scooped":5.009989, "Total":29.167301 }
{ "timestamp":"2017-07-26T04:46:19Z", "event":"FuelScoop", "Scooped":2.832701, "Total":32.000000 }
{ "timestamp":"2017-07-26T04:46:44Z", "event":"StartJump", "JumpType":"Hyperspace", "StarSystem":"Myrielk SC-Z c27-369", "StarClass":"K" }
{ "timestamp":"2017-07-26T04:47:02Z", "event":"FSDJump", "StarSystem":"Myrielk SC-Z c27-369", "StarPos":[17.750,-21.969,25757.313], "SystemAllegiance":"", "SystemEconomy":"$economy_None;", "SystemEconomy_Localised":"None", "SystemGovernment":"$government_None;", "SystemGovernment_Localised":"None", "SystemSecurity":"$SYSTEM_SECURITY_low;", "SystemSecurity_Localised":"Low Security", "JumpDist":36.281, "FuelUsed":7.811178, "FuelLevel":24.188822 }
{ "timestamp":"2017-07-26T04:47:20Z", "event":"FuelScoop", "Scooped":5.002366, "Total":29.191208 }
{ "timestamp":"2017-07-26T04:47:24Z", "event":"FuelScoop", "Scooped":1.094514, "Total":30.285717 }
{ "timestamp":"2017-07-26T04:49:36Z", "event":"StartJump", "JumpType":"Hyperspace", "StarSystem":"Myrielk WI-X c28-1761", "StarClass":"G" }
{ "timestamp":"2017-07-26T04:49:55Z", "event":"FSDJump", "StarSystem":"Myrielk WI-X c28-1761", "StarPos":[18.875,-23.656,25793.469], "SystemAllegiance":"", "SystemEconomy":"$economy_None;", "SystemEconomy_Localised":"None", "SystemGovernment":"$government_None;", "SystemGovernment_Localised":"None", "SystemSecurity":"$SYSTEM_SECURITY_low;", "SystemSecurity_Localised":"Low Security", "JumpDist":36.213, "FuelUsed":7.714680, "FuelLevel":22.571037 }
{ "timestamp":"2017-07-26T04:50:09Z", "event":"FuelScoop", "Scooped":5.015963, "Total":27.587006 }
{ "timestamp":"2017-07-26T04:50:15Z", "event":"FuelScoop", "Scooped":4.412994, "Total":32.000000 }
{ "timestamp":"2017-07-26T04:50:33Z", "event":"StartJump", "JumpType":"Hyperspace", "StarSystem":"Stuemeae AA-A e9183", "StarClass":"TTS" }
{ "timestamp":"2017-07-26T04:50:52Z", "event":"FSDJump", "StarSystem":"Stuemeae AA-A e9183", "StarPos":[20.969,-20.063,25829.656], "SystemAllegiance":"", "SystemEconomy":"$economy_None;", "SystemEconomy_Localised":"None", "SystemGovernment":"$government_None;", "SystemGovernment_Localised":"None", "SystemSecurity":"$SYSTEM_SECURITY_low;", "SystemSecurity_Localised":"Low Security", "JumpDist":36.426, "FuelUsed":7.892191, "FuelLevel":24.107809 }
{ "timestamp":"2017-07-26T04:51:24Z", "event":"StartJump", "JumpType":"Hyperspace", "StarSystem":"Stuemeae GG-Y c7216", "StarClass":"M" }
{ "timestamp":"2017-07-26T04:51:43Z", "event":"FSDJump", "StarSystem":"Stuemeae GG-Y c7216", "StarPos":[19.500,-22.781,25866.031], "SystemAllegiance":"", "SystemEconomy":"$economy_None;", "SystemEconomy_Localised":"None", "SystemGovernment":"$government_None;", "SystemGovernment_Localised":"None", "SystemSecurity":"$SYSTEM_SECURITY_low;", "SystemSecurity_Localised":"Low Security", "JumpDist":36.506, "FuelUsed":7.668624, "FuelLevel":16.439186 }
{ "timestamp":"2017-07-26T04:51:56Z", "event":"FuelScoop", "Scooped":5.000418, "Total":21.439581 }
{ "timestamp":"2017-07-26T04:52:01Z", "event":"FuelScoop", "Scooped":5.005974, "Total":26.445557 }
{ "timestamp":"2017-07-26T04:52:06Z", "event":"FuelScoop", "Scooped":5.025655, "Total":31.471201 }
{ "timestamp":"2017-07-26T04:52:06Z", "event":"FuelScoop", "Scooped":0.528796, "Total":32.000000 }
{ "timestamp":"2017-07-26T04:52:53Z", "event":"StartJump", "JumpType":"Hyperspace", "StarSystem":"Sagittarius A*", "StarClass":"SupermassiveBlackHole" }
{ "timestamp":"2017-07-26T04:53:12Z", "event":"FSDJump", "StarSystem":"Sagittarius A*", "StarPos":[25.219,-20.906,25899.969], "SystemAllegiance":"", "SystemEconomy":"$economy_None;", "SystemEconomy_Localised":"None", "SystemGovernment":"$government_None;", "SystemGovernment_Localised":"None", "SystemSecurity":"$SYSTEM_SECURITY_low;", "SystemSecurity_Localised":"Low Security", "JumpDist":34.467, "FuelUsed":6.835732, "FuelLevel":25.164268 }
{ "timestamp":"2017-07-26T04:53:36Z", "event":"Scan", "BodyName":"Sagittarius A*", "DistanceFromArrivalLS":0.000000, "StarType":"SupermassiveBlackHole", "StellarMass":516608.000000, "Radius":10813403136.000000, "AbsoluteMagnitude":20.000000, "Age_MY":486, "SurfaceTemperature":0.000000, "SemiMajorAxis":521224192.000000, "Eccentricity":0.881000, "OrbitalInclination":-5.192616, "Periapsis":352.536316, "OrbitalPeriod":57710156.000000, "RotationPeriod":301.967163, "AxialTilt":-0.154049 }
{ "timestamp":"2017-07-26T04:54:06Z", "event":"Screenshot", "Filename":"\\ED_Pictures\\HighResScreenShot_2017-07-26_04-54-06.bmp", "Width":7680, "Height":4320, "System":"Sagittarius A*", "Body":"Sagittarius A*" }
{ "timestamp":"2017-07-26T04:54:41Z", "event":"Screenshot", "Filename":"\\ED_Pictures\\HighResScreenShot_2017-07-26_04-54-40.bmp", "Width":7680, "Height":4320, "System":"Sagittarius A*", "Body":"Sagittarius A*" }
{ "timestamp":"2017-07-26T04:59:37Z", "event":"SupercruiseExit", "StarSystem":"Sagittarius A*", "Body":"Sagittarius A*", "BodyType":"Star" }
{ "timestamp":"2017-07-26T04:59:49Z", "event":"DataScanned", "Type":"TouristBeacon" }
{ "timestamp":"2017-07-26T05:01:16Z", "event":"StartJump", "JumpType":"Supercruise" }
{ "timestamp":"2017-07-26T05:01:21Z", "event":"SupercruiseEntry", "StarSystem":"Sagittarius A*" }
{ "timestamp":"2017-07-26T05:02:29Z", "event":"Screenshot", "Filename":"\\ED_Pictures\\HighResScreenShot_2017-07-26_05-02-28.bmp", "Width":7680, "Height":4320, "System":"Sagittarius A*", "Body":"Sagittarius A*" }
{ "timestamp":"2017-07-26T05:07:11Z", "event":"StartJump", "JumpType":"Hyperspace", "StarSystem":"Stuemeae FG-Y c4117", "StarClass":"G" }
{ "timestamp":"2017-07-26T05:07:30Z", "event":"FSDJump", "StarSystem":"Stuemeae FG-Y c4117", "StarPos":[-1.125,-18.406,25874.844], "SystemAllegiance":"", "SystemEconomy":"$economy_None;", "SystemEconomy_Localised":"None", "SystemGovernment":"$government_None;", "SystemGovernment_Localised":"None", "SystemSecurity":"$SYSTEM_SECURITY_low;", "SystemSecurity_Localised":"Low Security", "JumpDist":36.490, "FuelUsed":7.695413, "FuelLevel":17.468857 }
{ "timestamp":"2017-07-26T05:07:44Z", "event":"FuelScoop", "Scooped":5.021666, "Total":22.490509 }
{ "timestamp":"2017-07-26T05:07:49Z", "event":"FuelScoop", "Scooped":5.013472, "Total":27.503983 }
{ "timestamp":"2017-07-26T05:07:54Z", "event":"FuelScoop", "Scooped":4.496020, "Total":32.000000 }
{ "timestamp":"2017-07-26T05:08:16Z", "event":"StartJump", "JumpType":"Hyperspace", "StarSystem":"Stuemeae AA-A d6465", "StarClass":"G" }
{ "timestamp":"2017-07-26T05:08:35Z", "event":"FSDJump", "StarSystem":"Stuemeae AA-A d6465", "StarPos":[-29.531,-17.563,25852.313], "SystemAllegiance":"", "SystemEconomy":"$economy_None;", "SystemEconomy_Localised":"None", "SystemGovernment":"$government_None;", "SystemGovernment_Localised":"None", "SystemSecurity":"$SYSTEM_SECURITY_low;", "SystemSecurity_Localised":"Low Security", "JumpDist":36.267, "FuelUsed":7.802924, "FuelLevel":24.197077 }
{ "timestamp":"2017-07-26T05:08:48Z", "event":"FuelScoop", "Scooped":5.019282, "Total":29.216351 }
{ "timestamp":"2017-07-26T05:08:51Z", "event":"FuelScoop", "Scooped":2.783652, "Total":32.000000 }
{ "timestamp":"2017-07-26T05:09:59Z", "event":"StartJump", "JumpType":"Hyperspace", "StarSystem":"Stuemeae AA-A c8459", "StarClass":"K" }
{ "timestamp":"2017-07-26T05:10:18Z", "event":"FSDJump", "StarSystem":"Stuemeae AA-A c8459", "StarPos":[-57.250,-17.406,25828.500], "SystemAllegiance":"", "SystemEconomy":"$economy_None;", "SystemEconomy_Localised":"None", "SystemGovernment":"$government_None;", "SystemGovernment_Localised":"None", "SystemSecurity":"$SYSTEM_SECURITY_low;", "SystemSecurity_Localised":"Low Security", "JumpDist":36.543, "FuelUsed":7.958158, "FuelLevel":24.041842 }
{ "timestamp":"2017-07-26T05:10:32Z", "event":"FuelScoop", "Scooped":5.011034, "Total":29.052891 }
{ "timestamp":"2017-07-26T05:10:36Z", "event":"FuelScoop", "Scooped":2.947099, "Total":32.000000 }
{ "timestamp":"2017-07-26T05:11:02Z", "event":"StartJump", "JumpType":"Hyperspace", "StarSystem":"Myriesly ZJ-X c28-2448", "StarClass":"G" }
{ "timestamp":"2017-07-26T05:11:20Z", "event":"FSDJump", "StarSystem":"Myriesly ZJ-X c28-2448", "StarPos":[-86.281,-16.750,25806.594], "SystemAllegiance":"", "SystemEconomy":"$economy_None;", "SystemEconomy_Localised":"None", "SystemGovernment":"$government_None;", "SystemGovernment_Localised":"None", "SystemSecurity":"$SYSTEM_SECURITY_low;", "SystemSecurity_Localised":"Low Security", "JumpDist":36.375, "FuelUsed":7.863546, "FuelLevel":24.136454 }
{ "timestamp":"2017-07-26T05:11:34Z", "event":"FuelScoop", "Scooped":5.015715, "Total":29.152157 }
{ "timestamp":"2017-07-26T05:11:37Z", "event":"FuelScoop", "Scooped":2.847850, "Total":32.000000 }
{ "timestamp":"2017-07-26T05:12:06Z", "event":"StartJump", "JumpType":"Hyperspace", "StarSystem":"Myriesly YJ-X c28-2811", "StarClass":"K" }
{ "timestamp":"2017-07-26T05:12:24Z", "event":"FSDJump", "StarSystem":"Myriesly YJ-X c28-2811", "StarPos":[-111.938,-12.594,25780.906], "SystemAllegiance":"", "SystemEconomy":"$economy_None;", "SystemEconomy_Localised":"None", "SystemGovernment":"$government_None;", "SystemGovernment_Localised":"None", "SystemSecurity":"$SYSTEM_SECURITY_low;", "SystemSecurity_Localised":"Low Security", "JumpDist":36.543, "FuelUsed":7.958224, "FuelLevel":24.041777 }
{ "timestamp":"2017-07-26T05:12:38Z", "event":"FuelScoop", "Scooped":5.008008, "Total":29.049774 }
{ "timestamp":"2017-07-26T05:12:41Z", "event":"FuelScoop", "Scooped":2.950221, "Total":32.000000 }
{ "timestamp":"2017-07-26T05:13:20Z", "event":"Scan", "BodyName":"Myriesly YJ-X c28-2811 1", "DistanceFromArrivalLS":7.370317, "TidalLock":true, "TerraformState":"", "PlanetClass":"High metal content body", "Atmosphere":"hot sulfur dioxide atmosphere", "AtmosphereType":"SulphurDioxide", "AtmosphereComposition":[ { "Name":"SulphurDioxide", "Percent":99.192276 }, { "Name":"Silicates", "Percent":0.807722 } ], "Volcanism":"major silicate vapour geysers volcanism", "MassEM":1.683186, "Radius":7100657.000000, "SurfaceGravity":13.305905, "SurfaceTemperature":1608.501953, "SurfacePressure":257581.765625, "Landable":false, "SemiMajorAxis":2209565440.000000, "Eccentricity":0.000000, "OrbitalInclination":-0.001190, "Periapsis":109.460289, "OrbitalPeriod":68840.570313, "RotationPeriod":68902.656250, "AxialTilt":0.032767 }
{ "timestamp":"2017-07-26T05:13:53Z", "event":"StartJump", "JumpType":"Hyperspace", "StarSystem":"Myriesly UD-Z c27-9241", "StarClass":"K" }
{ "timestamp":"2017-07-26T05:14:11Z", "event":"FSDJump", "StarSystem":"Myriesly UD-Z c27-9241", "StarPos":[-139.250,-10.375,25756.906], "SystemAllegiance":"", "SystemEconomy":"$economy_None;", "SystemEconomy_Localised":"None", "SystemGovernment":"$government_None;", "SystemGovernment_Localised":"None", "SystemSecurity":"$SYSTEM_SECURITY_low;", "SystemSecurity_Localised":"Low Security", "JumpDist":36.427, "FuelUsed":7.892667, "FuelLevel":24.107334 }
{ "timestamp":"2017-07-26T05:14:26Z", "event":"FuelScoop", "Scooped":5.011510, "Total":29.118864 }
{ "timestamp":"2017-07-26T05:14:29Z", "event":"FuelScoop", "Scooped":2.881132, "Total":32.000000 }
{ "timestamp":"2017-07-26T05:14:46Z", "event":"StartJump", "JumpType":"Hyperspace", "StarSystem":"Myriesly PX-A c27-3923", "StarClass":"K" }
{ "timestamp":"2017-07-26T05:15:15Z", "event":"FSDJump", "StarSystem":"Myriesly PX-A c27-3923", "StarPos":[-167.469,-7.375,25734.094], "SystemAllegiance":"", "SystemEconomy":"$economy_None;", "SystemEconomy_Localised":"None", "SystemGovernment":"$government_None;", "SystemGovernment_Localised":"None", "SystemSecurity":"$SYSTEM_SECURITY_low;", "SystemSecurity_Localised":"Low Security", "JumpDist":36.410, "FuelUsed":7.883390, "FuelLevel":24.116610 }
{ "timestamp":"2017-07-26T05:15:28Z", "event":"FuelScoop", "Scooped":5.015456, "Total":29.132082 }
{ "timestamp":"2017-07-26T05:15:32Z", "event":"FuelScoop", "Scooped":2.867923, "Total":32.000000 }
{ "timestamp":"2017-07-26T05:16:01Z", "event":"StartJump", "JumpType":"Hyperspace", "StarSystem":"Myriesly OX-A c27-2929", "StarClass":"G" }
{ "timestamp":"2017-07-26T05:16:20Z", "event":"FSDJump", "StarSystem":"Myriesly OX-A c27-2929", "StarPos":[-195.156,-5.313,25711.031], "SystemAllegiance":"", "SystemEconomy":"$economy_None;", "SystemEconomy_Localised":"None", "SystemGovernment":"$government_None;", "SystemGovernment_Localised":"None", "SystemSecurity":"$SYSTEM_SECURITY_low;", "SystemSecurity_Localised":"Low Security", "JumpDist":36.093, "FuelUsed":7.706290, "FuelLevel":24.293709 }
{ "timestamp":"2017-07-26T05:16:35Z", "event":"FuelScoop", "Scooped":5.014380, "Total":29.308086 }
{ "timestamp":"2017-07-26T05:16:39Z", "event":"FuelScoop", "Scooped":2.691915, "Total":32.000000 }
{ "timestamp":"2017-07-26T05:16:58Z", "event":"StartJump", "JumpType":"Hyperspace", "StarSystem":"Myriesly KR-C c26-7376", "StarClass":"K" }
{ "timestamp":"2017-07-26T05:17:16Z", "event":"FSDJump", "StarSystem":"Myriesly KR-C c26-7376", "StarPos":[-224.719,-1.594,25690.000], "SystemAllegiance":"", "SystemEconomy":"$economy_None;", "SystemEconomy_Localised":"None", "SystemGovernment":"$government_None;", "SystemGovernment_Localised":"None", "SystemSecurity":"$SYSTEM_SECURITY_low;", "SystemSecurity_Localised":"Low Security", "JumpDist":36.470, "FuelUsed":7.916903, "FuelLevel":24.083096 }
{ "timestamp":"2017-07-26T05:17:29Z", "event":"FuelScoop", "Scooped":5.002774, "Total":29.085840 }
{ "timestamp":"2017-07-26T05:17:34Z", "event":"FuelScoop", "Scooped":2.914168, "Total":32.000000 }
{ "timestamp":"2017-07-26T05:18:07Z", "event":"StartJump", "JumpType":"Hyperspace", "StarSystem":"Myriesly IR-N e6-3309", "StarClass":"TTS" }
{ "timestamp":"2017-07-26T05:18:35Z", "event":"FSDJump", "StarSystem":"Myriesly IR-N e6-3309", "StarPos":[-251.313,-1.750,25664.938], "SystemAllegiance":"", "SystemEconomy":"$economy_None;", "SystemEconomy_Localised":"None", "SystemGovernment":"$government_None;", "SystemGovernment_Localised":"None", "SystemSecurity":"$SYSTEM_SECURITY_low;", "SystemSecurity_Localised":"Low Security", "JumpDist":36.543, "FuelUsed":7.958066, "FuelLevel":24.041933 }
{ "timestamp":"2017-07-26T05:19:16Z", "event":"StartJump", "JumpType":"Hyperspace", "StarSystem":"Myriesly EL-E c25-4245", "StarClass":"K" }
{ "timestamp":"2017-07-26T05:19:44Z", "event":"FSDJump", "StarSystem":"Myriesly EL-E c25-4245", "StarPos":[-277.531,-0.094,25639.563], "SystemAllegiance":"", "SystemEconomy":"$economy_None;", "SystemEconomy_Localised":"None", "SystemGovernment":"$government_None;", "SystemGovernment_Localised":"None", "SystemSecurity":"$SYSTEM_SECURITY_low;", "SystemSecurity_Localised":"Low Security", "JumpDist":36.525, "FuelUsed":7.676630, "FuelLevel":16.365303 }
{ "timestamp":"2017-07-26T05:19:57Z", "event":"FuelScoop", "Scooped":5.015953, "Total":21.381268 }
{ "timestamp":"2017-07-26T05:20:02Z", "event":"FuelScoop", "Scooped":5.022036, "Total":26.403303 }
{ "timestamp":"2017-07-26T05:20:08Z", "event":"FuelScoop", "Scooped":2.794438, "Total":29.197748 }
{ "timestamp":"2017-07-26T05:20:31Z", "event":"StartJump", "JumpType":"Hyperspace", "StarSystem":"Myriesly EL-E c25-3446", "StarClass":"K" }
{ "timestamp":"2017-07-26T05:20:54Z", "event":"FSDJump", "StarSystem":"Myriesly EL-E c25-3446", "StarPos":[-304.688,3.250,25615.813], "SystemAllegiance":"", "SystemEconomy":"$economy_None;", "SystemEconomy_Localised":"None", "SystemGovernment":"$government_None;", "SystemGovernment_Localised":"None", "SystemSecurity":"$SYSTEM_SECURITY_low;", "SystemSecurity_Localised":"Low Security", "JumpDist":36.231, "FuelUsed":7.688713, "FuelLevel":21.509035 }
{ "timestamp":"2017-07-26T05:21:08Z", "event":"FuelScoop", "Scooped":5.014670, "Total":26.523705 }
{ "timestamp":"2017-07-26T05:21:13Z", "event":"FuelScoop", "Scooped":5.016937, "Total":31.540636 }
{ "timestamp":"2017-07-26T05:21:14Z", "event":"FuelScoop", "Scooped":0.459367, "Total":32.000000 }
{ "timestamp":"2017-07-26T05:21:41Z", "event":"StartJump", "JumpType":"Hyperspace", "StarSystem":"Myriesly MC-D d12-5873", "StarClass":"G" }
{ "timestamp":"2017-07-26T05:21:59Z", "event":"FSDJump", "StarSystem":"Myriesly MC-D d12-5873", "StarPos":[-332.000,5.656,25591.688], "SystemAllegiance":"", "SystemEconomy":"$economy_None;", "SystemEconomy_Localised":"None", "SystemGovernment":"$government_None;", "SystemGovernment_Localised":"None", "SystemSecurity":"$SYSTEM_SECURITY_low;", "SystemSecurity_Localised":"Low Security", "JumpDist":36.521, "FuelUsed":7.945933, "FuelLevel":22.984068 }
{ "timestamp":"2017-07-26T05:22:14Z", "event":"FuelScoop", "Scooped":5.004140, "Total":27.988214 }
{ "timestamp":"2017-07-26T05:22:18Z", "event":"FuelScoop", "Scooped":4.011788, "Total":32.000000 }
{ "timestamp":"2017-07-26T05:22:42Z", "event":"StartJump", "JumpType":"Hyperspace", "StarSystem":"Myriesly UY-H c23-2352", "StarClass":"K" }
{ "timestamp":"2017-07-26T05:23:01Z", "event":"FSDJump", "StarSystem":"Myriesly UY-H c23-2352", "StarPos":[-359.281,5.313,25567.625], "SystemAllegiance":"", "SystemEconomy":"$economy_None;", "SystemEconomy_Localised":"None", "SystemGovernment":"$government_None;", "SystemGovernment_Localised":"None", "SystemSecurity":"$SYSTEM_SECURITY_low;", "SystemSecurity_Localised":"Low Security", "JumpDist":36.378, "FuelUsed":7.865562, "FuelLevel":24.134438 }
{ "timestamp":"2017-07-26T05:23:14Z", "event":"FuelScoop", "Scooped":5.007741, "Total":29.142185 }
{ "timestamp":"2017-07-26T05:23:17Z", "event":"FuelScoop", "Scooped":2.857805, "Total":32.000000 }
{ "timestamp":"2017-07-26T05:23:49Z", "event":"StartJump", "JumpType":"Hyperspace", "StarSystem":"Myriesly LC-Q b46-140", "StarClass":"M" }
{ "timestamp":"2017-07-26T05:24:07Z", "event":"FSDJump", "StarSystem":"Myriesly LC-Q b46-140", "StarPos":[-386.438,6.406,25543.344], "SystemAllegiance":"", "SystemEconomy":"$economy_None;", "SystemEconomy_Localised":"None", "SystemGovernment":"$government_None;", "SystemGovernment_Localised":"None", "SystemSecurity":"$SYSTEM_SECURITY_low;", "SystemSecurity_Localised":"Low Security", "JumpDist":36.445, "FuelUsed":7.902404, "FuelLevel":24.097595 }
{ "timestamp":"2017-07-26T05:24:21Z", "event":"FuelScoop", "Scooped":5.004262, "Total":29.101858 }
{ "timestamp":"2017-07-26T05:24:24Z", "event":"FuelScoop", "Scooped":2.898149, "Total":32.000000 }
{ "timestamp":"2017-07-26T05:25:00Z", "event":"StartJump", "JumpType":"Hyperspace", "StarSystem":"Myriesly PS-J c22-6104", "StarClass":"K" }
{ "timestamp":"2017-07-26T05:25:18Z", "event":"FSDJump", "StarSystem":"Myriesly PS-J c22-6104", "StarPos":[-413.438,7.781,25518.844], "SystemAllegiance":"", "SystemEconomy":"$economy_None;", "SystemEconomy_Localised":"None", "SystemGovernment":"$government_None;", "SystemGovernment_Localised":"None", "SystemSecurity":"$SYSTEM_SECURITY_low;", "SystemSecurity_Localised":"Low Security", "JumpDist":36.485, "FuelUsed":7.925508, "FuelLevel":24.074492 }
{ "timestamp":"2017-07-26T05:25:34Z", "event":"FuelScoop", "Scooped":5.010456, "Total":29.084929 }
{ "timestamp":"2017-07-26T05:25:38Z", "event":"FuelScoop", "Scooped":2.915069, "Total":32.000000 }
{ "timestamp":"2017-07-26T05:26:11Z", "event":"Screenshot", "Filename":"\\ED_Pictures\\HighResScreenShot_2017-07-26_05-26-10.bmp", "Width":7680, "Height":4320, "System":"Myriesly PS-J c22-6104", "Body":"Myriesly PS-J c22-6104" }
{ "timestamp":"2017-07-26T05:26:15Z", "event":"StartJump", "JumpType":"Hyperspace", "StarSystem":"Myriesly OS-J c22-1755", "StarClass":"K" }
{ "timestamp":"2017-07-26T05:26:34Z", "event":"FSDJump", "StarSystem":"Myriesly OS-J c22-1755", "StarPos":[-442.250,11.719,25496.844], "SystemAllegiance":"", "SystemEconomy":"$economy_None;", "SystemEconomy_Localised":"None", "SystemGovernment":"$government_None;", "SystemGovernment_Localised":"None", "SystemSecurity":"$SYSTEM_SECURITY_low;", "SystemSecurity_Localised":"Low Security", "JumpDist":36.465, "FuelUsed":7.913548, "FuelLevel":24.086452 }
{ "timestamp":"2017-07-26T05:26:52Z", "event":"FuelScoop", "Scooped":5.004104, "Total":29.090538 }
{ "timestamp":"2017-07-26T05:26:56Z", "event":"FuelScoop", "Scooped":1.507724, "Total":30.598263 }
{ "timestamp":"2017-07-26T05:27:18Z", "event":"StartJump", "JumpType":"Hyperspace", "StarSystem":"Myriesly JM-L c21-6259", "StarClass":"K" }
{ "timestamp":"2017-07-26T05:27:37Z", "event":"FSDJump", "StarSystem":"Myriesly JM-L c21-6259", "StarPos":[-468.156,9.094,25471.281], "SystemAllegiance":"", "SystemEconomy":"$economy_None;", "SystemEconomy_Localised":"None", "SystemGovernment":"$government_None;", "SystemGovernment_Localised":"None", "SystemSecurity":"$SYSTEM_SECURITY_low;", "SystemSecurity_Localised":"Low Security", "JumpDist":36.489, "FuelUsed":7.879381, "FuelLevel":22.718882 }
{ "timestamp":"2017-07-26T05:28:02Z", "event":"FuelScoop", "Scooped":5.006302, "Total":27.725189 }
{ "timestamp":"2017-07-26T05:28:17Z", "event":"FuelScoop", "Scooped":4.274813, "Total":32.000000 }
{ "timestamp":"2017-07-26T05:28:30Z", "event":"StartJump", "JumpType":"Hyperspace", "StarSystem":"Myriesly FG-N c20-7502", "StarClass":"G" }
{ "timestamp":"2017-07-26T05:28:48Z", "event":"FSDJump", "StarSystem":"Myriesly FG-N c20-7502", "StarPos":[-495.125,12.094,25447.250], "SystemAllegiance":"", "SystemEconomy":"$economy_None;", "SystemEconomy_Localised":"None", "SystemGovernment":"$government_None;", "SystemGovernment_Localised":"None", "SystemSecurity":"$SYSTEM_SECURITY_low;", "SystemSecurity_Localised":"Low Security", "JumpDist":36.247, "FuelUsed":7.763497, "FuelLevel":24.236504 }
{ "timestamp":"2017-07-26T05:29:03Z", "event":"FuelScoop", "Scooped":5.008826, "Total":29.245325 }
{ "timestamp":"2017-07-26T05:29:07Z", "event":"FuelScoop", "Scooped":2.754668, "Total":32.000000 }
{ "timestamp":"2017-07-26T05:29:27Z", "event":"StartJump", "JumpType":"Hyperspace", "StarSystem":"Myriesly CL-N c20-1912", "StarClass":"K" }
{ "timestamp":"2017-07-26T05:29:46Z", "event":"FSDJump", "StarSystem":"Myriesly CL-N c20-1912", "StarPos":[-522.750,17.281,25424.156], "SystemAllegiance":"", "SystemEconomy":"$economy_None;", "SystemEconomy_Localised":"None", "SystemGovernment":"$government_None;", "SystemGovernment_Localised":"None", "SystemSecurity":"$SYSTEM_SECURITY_low;", "SystemSecurity_Localised":"Low Security", "JumpDist":36.378, "FuelUsed":7.865193, "FuelLevel":24.134808 }
{ "timestamp":"2017-07-26T05:30:02Z", "event":"FuelScoop", "Scooped":5.016545, "Total":29.151346 }
{ "timestamp":"2017-07-26T05:30:05Z", "event":"FuelScoop", "Scooped":2.848653, "Total":32.000000 }
{ "timestamp":"2017-07-26T05:30:31Z", "event":"StartJump", "JumpType":"Hyperspace", "StarSystem":"Myriesly ZP-C b40-7", "StarClass":"M" }
{ "timestamp":"2017-07-26T05:30:50Z", "event":"FSDJump", "StarSystem":"Myriesly ZP-C b40-7", "StarPos":[-549.219,18.281,25399.250], "SystemAllegiance":"", "SystemEconomy":"$economy_None;", "SystemEconomy_Localised":"None", "SystemGovernment":"$government_None;", "SystemGovernment_Localised":"None", "SystemSecurity":"$SYSTEM_SECURITY_low;", "SystemSecurity_Localised":"Low Security", "JumpDist":36.358, "FuelUsed":7.854185, "FuelLevel":24.145815 }
{ "timestamp":"2017-07-26T05:31:02Z", "event":"FuelScoop", "Scooped":5.002787, "Total":29.148605 }
{ "timestamp":"2017-07-26T05:31:05Z", "event":"FuelScoop", "Scooped":2.851406, "Total":32.000000 }
{ "timestamp":"2017-07-26T05:31:31Z", "event":"StartJump", "JumpType":"Hyperspace", "StarSystem":"Myriesly XE-P c19-7443", "StarClass":"K" }
{ "timestamp":"2017-07-26T05:31:50Z", "event":"FSDJump", "StarSystem":"Myriesly XE-P c19-7443", "StarPos":[-577.688,18.281,25376.500], "SystemAllegiance":"", "SystemEconomy":"$economy_None;", "SystemEconomy_Localised":"None", "SystemGovernment":"$government_None;", "SystemGovernment_Localised":"None", "SystemSecurity":"$SYSTEM_SECURITY_low;", "SystemSecurity_Localised":"Low Security", "JumpDist":36.442, "FuelUsed":7.901324, "FuelLevel":24.098675 }
{ "timestamp":"2017-07-26T05:32:03Z", "event":"FuelScoop", "Scooped":5.014719, "Total":29.113394 }
{ "timestamp":"2017-07-26T05:32:06Z", "event":"FuelScoop", "Scooped":2.886605, "Total":32.000000 }
{ "timestamp":"2017-07-26T05:32:30Z", "event":"StartJump", "JumpType":"Hyperspace", "StarSystem":"Myriesly TY-Q c18-5603", "StarClass":"K" }
{ "timestamp":"2017-07-26T05:32:48Z", "event":"FSDJump", "StarSystem":"Myriesly TY-Q c18-5603", "StarPos":[-583.594,18.063,25370.781], "SystemAllegiance":"", "SystemEconomy":"$economy_None;", "SystemEconomy_Localised":"None", "SystemGovernment":"$government_None;", "SystemGovernment_Localised":"None", "SystemSecurity":"$SYSTEM_SECURITY_low;", "SystemSecurity_Localised":"Low Security", "JumpDist":8.224, "FuelUsed":0.164727, "FuelLevel":31.835274 }
{ "timestamp":"2017-07-26T05:32:55Z", "event":"FuelScoop", "Scooped":0.164728, "Total":32.000000 }
{ "timestamp":"2017-07-26T05:34:37Z", "event":"StartJump", "JumpType":"Hyperspace", "StarSystem":"Myriesly SY-Q c18-6509", "StarClass":"K" }
{ "timestamp":"2017-07-26T05:35:12Z", "event":"FSDJump", "StarSystem":"Myriesly SY-Q c18-6509", "StarPos":[-613.906,16.531,25350.469], "SystemAllegiance":"", "SystemEconomy":"$economy_None;", "SystemEconomy_Localised":"None", "SystemGovernment":"$government_None;", "SystemGovernment_Localised":"None", "SystemSecurity":"$SYSTEM_SECURITY_low;", "SystemSecurity_Localised":"Low Security", "JumpDist":36.521, "FuelUsed":7.945829, "FuelLevel":24.054171 }
{ "timestamp":"2017-07-26T05:35:25Z", "event":"FuelScoop", "Scooped":5.012720, "Total":29.066881 }
{ "timestamp":"2017-07-26T05:35:28Z", "event":"FuelScoop", "Scooped":2.933121, "Total":32.000000 }
{ "timestamp":"2017-07-26T05:35:57Z", "event":"StartJump", "JumpType":"Hyperspace", "StarSystem":"Myriesly NS-S c17-5481", "StarClass":"K" }
{ "timestamp":"2017-07-26T05:36:16Z", "event":"FSDJump", "StarSystem":"Myriesly NS-S c17-5481", "StarPos":[-644.375,17.219,25330.781], "SystemAllegiance":"", "SystemEconomy":"$economy_None;", "SystemEconomy_Localised":"None", "SystemGovernment":"$government_None;", "SystemGovernment_Localised":"None", "SystemSecurity":"$SYSTEM_SECURITY_low;", "SystemSecurity_Localised":"Low Security", "JumpDist":36.282, "FuelUsed":7.811091, "FuelLevel":24.188910 }
{ "timestamp":"2017-07-26T05:36:29Z", "event":"FuelScoop", "Scooped":5.000513, "Total":29.189425 }
{ "timestamp":"2017-07-26T05:36:32Z", "event":"FuelScoop", "Scooped":2.810577, "Total":32.000000 }
{ "timestamp":"2017-07-26T05:36:58Z", "event":"StartJump", "JumpType":"Hyperspace", "StarSystem":"Myriesly MS-S c17-8046", "StarClass":"K" }
{ "timestamp":"2017-07-26T05:37:17Z", "event":"FSDJump", "StarSystem":"Myriesly MS-S c17-8046", "StarPos":[-675.500,15.719,25311.969], "SystemAllegiance":"", "SystemEconomy":"$economy_None;", "SystemEconomy_Localised":"None", "SystemGovernment":"$government_None;", "SystemGovernment_Localised":"None", "SystemSecurity":"$SYSTEM_SECURITY_low;", "SystemSecurity_Localised":"Low Security", "JumpDist":36.400, "FuelUsed":7.877439, "FuelLevel":24.122561 }
{ "timestamp":"2017-07-26T05:37:37Z", "event":"FuelScoop", "Scooped":5.021289, "Total":29.143843 }
{ "timestamp":"2017-07-26T05:37:41Z", "event":"FuelScoop", "Scooped":2.856154, "Total":32.000000 }
{ "timestamp":"2017-07-26T05:38:40Z", "event":"Scan", "BodyName":"Myriesly MS-S c17-8046 1", "DistanceFromArrivalLS":358.393555, "TidalLock":false, "TerraformState":"", "PlanetClass":"High metal content body", "Atmosphere":"nitrogen atmosphere", "AtmosphereType":"Nitrogen", "AtmosphereComposition":[ { "Name":"Nitrogen", "Percent":74.438972 }, { "Name":"Oxygen", "Percent":23.334003 }, { "Name":"CarbonDioxide", "Percent":2.179525 } ], "Volcanism":"", "MassEM":0.432607, "Radius":4718929.000000, "SurfaceGravity":7.743124, "SurfaceTemperature":203.473663, "SurfacePressure":81473.289063, "Landable":false, "SemiMajorAxis":107447263232.000000, "Eccentricity":0.000077, "OrbitalInclination":-0.023266, "Periapsis":348.649384, "OrbitalPeriod":25609348.000000, "RotationPeriod":133052.859375, "AxialTilt":0.513830 }
{ "timestamp":"2017-07-26T05:39:01Z", "event":"StartJump", "JumpType":"Hyperspace", "StarSystem":"Myriesly HM-U c16-6266", "StarClass":"G" }
{ "timestamp":"2017-07-26T05:39:20Z", "event":"FSDJump", "StarSystem":"Myriesly HM-U c16-6266", "StarPos":[-707.000,18.688,25293.750], "SystemAllegiance":"", "SystemEconomy":"$economy_None;", "SystemEconomy_Localised":"None", "SystemGovernment":"$government_None;", "SystemGovernment_Localised":"None", "SystemSecurity":"$SYSTEM_SECURITY_low;", "SystemSecurity_Localised":"Low Security", "JumpDist":36.510, "FuelUsed":7.939574, "FuelLevel":24.060425 }
{ "timestamp":"2017-07-26T05:39:34Z", "event":"FuelScoop", "Scooped":5.000416, "Total":29.060846 }
{ "timestamp":"2017-07-26T05:39:38Z", "event":"FuelScoop", "Scooped":2.939175, "Total":32.000000 }
{ "timestamp":"2017-07-26T05:40:45Z", "event":"Scan", "BodyName":"Myriesly HM-U c16-6266 1", "DistanceFromArrivalLS":562.430847, "TidalLock":false, "TerraformState":"", "PlanetClass":"Water world", "Atmosphere":"thick ammonia atmosphere", "AtmosphereType":"Ammonia", "AtmosphereComposition":[ { "Name":"Ammonia", "Percent":81.178200 }, { "Name":"Nitrogen", "Percent":14.744218 }, { "Name":"Water", "Percent":2.224802 } ], "Volcanism":"minor metallic magma volcanism", "MassEM":1.838239, "Radius":7277476.500000, "SurfaceGravity":13.834067, "SurfaceTemperature":440.214294, "SurfacePressure":1128208.000000, "Landable":false, "SemiMajorAxis":168575320064.000000, "Eccentricity":0.000222, "OrbitalInclination":0.072104, "Periapsis":338.844849, "OrbitalPeriod":41091100.000000, "RotationPeriod":55793.960938, "AxialTilt":-0.201638 }
{ "timestamp":"2017-07-26T05:41:33Z", "event":"StartJump", "JumpType":"Hyperspace", "StarSystem":"Myriesly HM-U c16-8238", "StarClass":"K" }
{ "timestamp":"2017-07-26T05:41:51Z", "event":"FSDJump", "StarSystem":"Myriesly HM-U c16-8238", "StarPos":[-735.844,20.063,25271.500], "SystemAllegiance":"", "SystemEconomy":"$economy_None;", "SystemEconomy_Localised":"None", "SystemGovernment":"$government_None;", "SystemGovernment_Localised":"None", "SystemSecurity":"$SYSTEM_SECURITY_low;", "SystemSecurity_Localised":"Low Security", "JumpDist":36.454, "FuelUsed":7.908286, "FuelLevel":24.091715 }
{ "timestamp":"2017-07-26T05:42:05Z", "event":"FuelScoop", "Scooped":5.026605, "Total":29.118338 }
{ "timestamp":"2017-07-26T05:42:08Z", "event":"FuelScoop", "Scooped":2.881667, "Total":32.000000 }
{ "timestamp":"2017-07-26T05:43:10Z", "event":"Scan", "BodyName":"Myriesly HM-U c16-8238 2", "DistanceFromArrivalLS":288.521881, "TidalLock":false, "TerraformState":"", "PlanetClass":"Earthlike body", "Atmosphere":"", "AtmosphereType":"EarthLike", "AtmosphereComposition":[ { "Name":"Nitrogen", "Percent":83.680344 }, { "Name":"Oxygen", "Percent":14.845012 }, { "Name":"Argon", "Percent":1.472912 } ], "Volcanism":"", "MassEM":0.275602, "Radius":4104854.500000, "SurfaceGravity":6.519223, "SurfaceTemperature":260.431580, "SurfacePressure":106363.812500, "Landable":false, "SemiMajorAxis":86501376000.000000, "Eccentricity":0.000058, "OrbitalInclination":-0.060068, "Periapsis":259.840057, "OrbitalPeriod":17333056.000000, "RotationPeriod":232088.171875, "AxialTilt":-0.080587 }
{ "timestamp":"2017-07-26T05:43:41Z", "event":"StartJump", "JumpType":"Hyperspace", "StarSystem":"Myriesly CG-W c15-7585", "StarClass":"K" }
{ "timestamp":"2017-07-26T05:43:59Z", "event":"FSDJump", "StarSystem":"Myriesly CG-W c15-7585", "StarPos":[-765.750,21.406,25250.969], "SystemAllegiance":"", "SystemEconomy":"$economy_None;", "SystemEconomy_Localised":"None", "SystemGovernment":"$government_None;", "SystemGovernment_Localised":"None", "SystemSecurity":"$SYSTEM_SECURITY_low;", "SystemSecurity_Localised":"Low Security", "JumpDist":36.300, "FuelUsed":7.821804, "FuelLevel":24.178196 }
{ "timestamp":"2017-07-26T05:44:12Z", "event":"FuelScoop", "Scooped":5.013458, "Total":29.191635 }
{ "timestamp":"2017-07-26T05:44:15Z", "event":"FuelScoop", "Scooped":2.808371, "Total":32.000000 }
{ "timestamp":"2017-07-26T05:44:44Z", "event":"StartJump", "JumpType":"Hyperspace", "StarSystem":"Myriesly MX-L d7-299", "StarClass":"F" }
{ "timestamp":"2017-07-26T05:45:06Z", "event":"FSDJump", "StarSystem":"Myriesly MX-L d7-299", "StarPos":[-794.469,21.563,25228.500], "SystemAllegiance":"", "SystemEconomy":"$economy_None;", "SystemEconomy_Localised":"None", "SystemGovernment":"$government_None;", "SystemGovernment_Localised":"None", "SystemSecurity":"$SYSTEM_SECURITY_low;", "SystemSecurity_Localised":"Low Security", "JumpDist":36.464, "FuelUsed":7.913865, "FuelLevel":24.086136 }
{ "timestamp":"2017-07-26T05:45:19Z", "event":"FuelScoop", "Scooped":5.006423, "Total":29.092571 }
{ "timestamp":"2017-07-26T05:45:23Z", "event":"FuelScoop", "Scooped":2.907427, "Total":32.000000 }
{ "timestamp":"2017-07-26T05:45:43Z", "event":"StartJump", "JumpType":"Hyperspace", "StarSystem":"Myriesly XZ-X c14-3704", "StarClass":"G" }
{ "timestamp":"2017-07-26T05:46:01Z", "event":"FSDJump", "StarSystem":"Myriesly XZ-X c14-3704", "StarPos":[-824.125,21.281,25207.281], "SystemAllegiance":"", "SystemEconomy":"$economy_None;", "SystemEconomy_Localised":"None", "SystemGovernment":"$government_None;", "SystemGovernment_Localised":"None", "SystemSecurity":"$SYSTEM_SECURITY_low;", "SystemSecurity_Localised":"Low Security", "JumpDist":36.467, "FuelUsed":7.915195, "FuelLevel":24.084805 }
{ "timestamp":"2017-07-26T05:46:16Z", "event":"FuelScoop", "Scooped":5.003640, "Total":29.088442 }
{ "timestamp":"2017-07-26T05:46:20Z", "event":"FuelScoop", "Scooped":2.911557, "Total":32.000000 }
{ "timestamp":"2017-07-26T05:46:40Z", "event":"StartJump", "JumpType":"Hyperspace", "StarSystem":"Myriesly SZ-V b29-99", "StarClass":"K" }
{ "timestamp":"2017-07-26T05:46:58Z", "event":"FSDJump", "StarSystem":"Myriesly SZ-V b29-99", "StarPos":[-855.531,21.406,25188.625], "SystemAllegiance":"", "SystemEconomy":"$economy_None;", "SystemEconomy_Localised":"None", "SystemGovernment":"$government_None;", "SystemGovernment_Localised":"None", "SystemSecurity":"$SYSTEM_SECURITY_low;", "SystemSecurity_Localised":"Low Security", "JumpDist":36.530, "FuelUsed":7.950932, "FuelLevel":24.049068 }
{ "timestamp":"2017-07-26T05:47:12Z", "event":"FuelScoop", "Scooped":5.015673, "Total":29.064754 }
{ "timestamp":"2017-07-26T05:47:15Z", "event":"FuelScoop", "Scooped":2.935246, "Total":32.000000 }
{ "timestamp":"2017-07-26T05:48:08Z", "event":"Scan", "BodyName":"Myriesly SZ-V b29-99 3", "DistanceFromArrivalLS":127.697632, "TidalLock":true, "TerraformState":"Terraformable", "PlanetClass":"High metal content body", "Atmosphere":"thin sulfur dioxide atmosphere", "AtmosphereType":"SulphurDioxide", "AtmosphereComposition":[ { "Name":"SulphurDioxide", "Percent":100.000000 } ], "Volcanism":"", "MassEM":0.112188, "Radius":3086207.250000, "SurfaceGravity":4.694694, "SurfaceTemperature":251.856506, "SurfacePressure":314.261505, "Landable":false, "SemiMajorAxis":38282637312.000000, "Eccentricity":0.000004, "OrbitalInclination":-0.016878, "Periapsis":197.869781, "OrbitalPeriod":6120980.000000, "RotationPeriod":6100595.000000, "AxialTilt":-0.184209 }
{ "timestamp":"2017-07-26T05:48:26Z", "event":"StartJump", "JumpType":"Hyperspace", "StarSystem":"Myriesly HR-N d6-7916", "StarClass":"G" }
{ "timestamp":"2017-07-26T05:48:48Z", "event":"FSDJump", "StarSystem":"Myriesly HR-N d6-7916", "StarPos":[-886.219,19.438,25169.063], "SystemAllegiance":"", "SystemEconomy":"$economy_None;", "SystemEconomy_Localised":"None", "SystemGovernment":"$government_None;", "SystemGovernment_Localised":"None", "SystemSecurity":"$SYSTEM_SECURITY_low;", "SystemSecurity_Localised":"Low Security", "JumpDist":36.446, "FuelUsed":7.903452, "FuelLevel":24.096548 }
{ "timestamp":"2017-07-26T05:49:02Z", "event":"FuelScoop", "Scooped":5.031062, "Total":29.127607 }
{ "timestamp":"2017-07-26T05:49:05Z", "event":"FuelScoop", "Scooped":2.872402, "Total":32.000000 }
{ "timestamp":"2017-07-26T05:50:24Z", "event":"Scan", "BodyName":"Myriesly HR-N d6-7916 A 6", "DistanceFromArrivalLS":535.631714, "TidalLock":true, "TerraformState":"", "PlanetClass":"Earthlike body", "Atmosphere":"", "AtmosphereType":"EarthLike", "AtmosphereComposition":[ { "Name":"Nitrogen", "Percent":78.358040 }, { "Name":"Oxygen", "Percent":21.589493 } ], "Volcanism":"", "MassEM":0.332187, "Radius":4345647.000000, "SurfaceGravity":7.011047, "SurfaceTemperature":276.736816, "SurfacePressure":73431.390625, "Landable":false, "SemiMajorAxis":280744992.000000, "Eccentricity":0.190583, "OrbitalInclination":3.445634, "Periapsis":273.288849, "OrbitalPeriod":2490514.250000, "RotationPeriod":2997149.750000, "AxialTilt":-0.173956 }
{ "timestamp":"2017-07-26T05:50:45Z", "event":"StartJump", "JumpType":"Hyperspace", "StarSystem":"Myriesly HR-N d6-8967", "StarClass":"F" }
{ "timestamp":"2017-07-26T05:51:03Z", "event":"FSDJump", "StarSystem":"Myriesly HR-N d6-8967", "StarPos":[-917.688,19.719,25150.656], "SystemAllegiance":"", "SystemEconomy":"$economy_None;", "SystemEconomy_Localised":"None", "SystemGovernment":"$government_None;", "SystemGovernment_Localised":"None", "SystemSecurity":"$SYSTEM_SECURITY_low;", "SystemSecurity_Localised":"Low Security", "JumpDist":36.458, "FuelUsed":7.909633, "FuelLevel":24.090366 }
{ "timestamp":"2017-07-26T05:51:17Z", "event":"FuelScoop", "Scooped":5.003023, "Total":29.093401 }
{ "timestamp":"2017-07-26T05:51:20Z", "event":"FuelScoop", "Scooped":2.906604, "Total":32.000000 }
{ "timestamp":"2017-07-26T05:51:33Z", "event":"HeatWarning" }
{ "timestamp":"2017-07-26T05:51:42Z", "event":"StartJump", "JumpType":"Hyperspace", "StarSystem":"Myriesly LN-B c13-6029", "StarClass":"G" }
{ "timestamp":"2017-07-26T05:52:01Z", "event":"FSDJump", "StarSystem":"Myriesly LN-B c13-6029", "StarPos":[-949.438,20.813,25132.594], "SystemAllegiance":"", "SystemEconomy":"$economy_None;", "SystemEconomy_Localised":"None", "SystemGovernment":"$government_None;", "SystemGovernment_Localised":"None", "SystemSecurity":"$SYSTEM_SECURITY_low;", "SystemSecurity_Localised":"Low Security", "JumpDist":36.545, "FuelUsed":7.959369, "FuelLevel":24.040630 }
{ "timestamp":"2017-07-26T05:52:14Z", "event":"FuelScoop", "Scooped":5.019988, "Total":29.060619 }
{ "timestamp":"2017-07-26T05:52:17Z", "event":"FuelScoop", "Scooped":2.939371, "Total":32.000000 }
{ "timestamp":"2017-07-26T05:52:36Z", "event":"StartJump", "JumpType":"Hyperspace", "StarSystem":"Myriesly LN-B c13-7572", "StarClass":"M" }
{ "timestamp":"2017-07-26T05:52:54Z", "event":"FSDJump", "StarSystem":"Myriesly LN-B c13-7572", "StarPos":[-979.094,18.469,25111.406], "SystemAllegiance":"", "SystemEconomy":"$economy_None;", "SystemEconomy_Localised":"None", "SystemGovernment":"$government_None;", "SystemGovernment_Localised":"None", "SystemSecurity":"$SYSTEM_SECURITY_low;", "SystemSecurity_Localised":"Low Security", "JumpDist":36.523, "FuelUsed":7.946846, "FuelLevel":24.053154 }
{ "timestamp":"2017-07-26T05:53:07Z", "event":"FuelScoop", "Scooped":5.001242, "Total":29.054403 }
{ "timestamp":"2017-07-26T05:53:10Z", "event":"FuelScoop", "Scooped":2.945610, "Total":32.000000 }
{ "timestamp":"2017-07-26T05:53:36Z", "event":"StartJump", "JumpType":"Hyperspace", "StarSystem":"Myriesly GH-D c12-6886", "StarClass":"K" }
{ "timestamp":"2017-07-26T05:53:55Z", "event":"FSDJump", "StarSystem":"Myriesly GH-D c12-6886", "StarPos":[-1008.000,18.250,25089.469], "SystemAllegiance":"", "SystemEconomy":"$economy_None;", "SystemEconomy_Localised":"None", "SystemGovernment":"$government_None;", "SystemGovernment_Localised":"None", "SystemSecurity":"$SYSTEM_SECURITY_low;", "SystemSecurity_Localised":"Low Security", "JumpDist":36.289, "FuelUsed":7.815255, "FuelLevel":24.184746 }
{ "timestamp":"2017-07-26T05:54:08Z", "event":"FuelScoop", "Scooped":5.029592, "Total":29.214336 }
{ "timestamp":"2017-07-26T05:54:10Z", "event":"FuelScoop", "Scooped":2.785671, "Total":32.000000 }
{ "timestamp":"2017-07-26T05:54:33Z", "event":"StartJump", "JumpType":"Hyperspace", "StarSystem":"Myriesly LO-G b24-113", "StarClass":"M" }
{ "timestamp":"2017-07-26T05:54:55Z", "event":"FSDJump", "StarSystem":"Myriesly LO-G b24-113", "StarPos":[-1039.094,19.813,25070.625], "SystemAllegiance":"", "SystemEconomy":"$economy_None;", "SystemEconomy_Localised":"None", "SystemGovernment":"$government_None;", "SystemGovernment_Localised":"None", "SystemSecurity":"$SYSTEM_SECURITY_low;", "SystemSecurity_Localised":"Low Security", "JumpDist":36.392, "FuelUsed":7.872693, "FuelLevel":24.127308 }
{ "timestamp":"2017-07-26T05:55:07Z", "event":"FuelScoop", "Scooped":5.005256, "Total":29.132559 }
{ "timestamp":"2017-07-26T05:55:10Z", "event":"FuelScoop", "Scooped":2.867434, "Total":32.000000 }
{ "timestamp":"2017-07-26T05:55:36Z", "event":"StartJump", "JumpType":"Hyperspace", "StarSystem":"Myriesly AB-F c11-3765", "StarClass":"K" }
{ "timestamp":"2017-07-26T05:55:54Z", "event":"FSDJump", "StarSystem":"Myriesly AB-F c11-3765", "StarPos":[-1068.406,18.844,25049.406], "SystemAllegiance":"", "SystemEconomy":"$economy_None;", "SystemEconomy_Localised":"None", "SystemGovernment":"$government_None;", "SystemGovernment_Localised":"None", "SystemSecurity":"$SYSTEM_SECURITY_low;", "SystemSecurity_Localised":"Low Security", "JumpDist":36.199, "FuelUsed":7.765324, "FuelLevel":24.234676 }
{ "timestamp":"2017-07-26T05:56:09Z", "event":"FuelScoop", "Scooped":5.010773, "Total":29.245436 }
{ "timestamp":"2017-07-26T05:56:12Z", "event":"FuelScoop", "Scooped":2.754570, "Total":32.000000 }
{ "timestamp":"2017-07-26T05:56:38Z", "event":"StartJump", "JumpType":"Hyperspace", "StarSystem":"Myriesly AB-F c11-5713", "StarClass":"G" }
{ "timestamp":"2017-07-26T05:56:57Z", "event":"FSDJump", "StarSystem":"Myriesly AB-F c11-5713", "StarPos":[-1099.406,17.375,25030.281], "SystemAllegiance":"", "SystemEconomy":"$economy_None;", "SystemEconomy_Localised":"None", "SystemGovernment":"$government_None;", "SystemGovernment_Localised":"None", "SystemSecurity":"$SYSTEM_SECURITY_low;", "SystemSecurity_Localised":"Low Security", "JumpDist":36.454, "FuelUsed":7.908349, "FuelLevel":24.091652 }
{ "timestamp":"2017-07-26T05:57:14Z", "event":"FuelScoop", "Scooped":5.018170, "Total":29.109812 }
{ "timestamp":"2017-07-26T05:57:17Z", "event":"FuelScoop", "Scooped":2.890177, "Total":32.000000 }
{ "timestamp":"2017-07-26T05:57:42Z", "event":"StartJump", "JumpType":"Hyperspace", "StarSystem":"Myriesly VU-G c10-3483", "StarClass":"K" }
{ "timestamp":"2017-07-26T05:58:16Z", "event":"FSDJump", "StarSystem":"Myriesly VU-G c10-3483", "StarPos":[-1130.438,21.125,25011.375], "SystemAllegiance":"", "SystemEconomy":"$economy_None;", "SystemEconomy_Localised":"None", "SystemGovernment":"$government_None;", "SystemGovernment_Localised":"None", "SystemSecurity":"$SYSTEM_SECURITY_low;", "SystemSecurity_Localised":"Low Security", "JumpDist":36.530, "FuelUsed":7.950854, "FuelLevel":24.049145 }
{ "timestamp":"2017-07-26T05:58:29Z", "event":"FuelScoop", "Scooped":5.033818, "Total":29.082973 }
{ "timestamp":"2017-07-26T05:58:32Z", "event":"FuelScoop", "Scooped":2.917026, "Total":32.000000 }
{ "timestamp":"2017-07-26T05:59:05Z", "event":"StartJump", "JumpType":"Hyperspace", "StarSystem":"Myriesly UU-G c10-6098", "StarClass":"M" }
{ "timestamp":"2017-07-26T05:59:24Z", "event":"FSDJump", "StarSystem":"Myriesly UU-G c10-6098", "StarPos":[-1159.469,22.531,24989.250], "SystemAllegiance":"", "SystemEconomy":"$economy_None;", "SystemEconomy_Localised":"None", "SystemGovernment":"$government_None;", "SystemGovernment_Localised":"None", "SystemSecurity":"$SYSTEM_SECURITY_low;", "SystemSecurity_Localised":"Low Security", "JumpDist":36.528, "FuelUsed":7.950024, "FuelLevel":24.049976 }
{ "timestamp":"2017-07-26T05:59:37Z", "event":"FuelScoop", "Scooped":5.022859, "Total":29.072821 }
{ "timestamp":"2017-07-26T05:59:40Z", "event":"FuelScoop", "Scooped":2.927178, "Total":32.000000 }
{ "timestamp":"2017-07-26T06:00:08Z", "event":"StartJump", "JumpType":"Hyperspace", "StarSystem":"Myriesly PO-I c9-2094", "StarClass":"M" }
{ "timestamp":"2017-07-26T06:00:26Z", "event":"FSDJump", "StarSystem":"Myriesly PO-I c9-2094", "StarPos":[-1190.656,19.219,24970.594], "SystemAllegiance":"", "SystemEconomy":"$economy_None;", "SystemEconomy_Localised":"None", "SystemGovernment":"$government_None;", "SystemGovernment_Localised":"None", "SystemSecurity":"$SYSTEM_SECURITY_low;", "SystemSecurity_Localised":"Low Security", "JumpDist":36.492, "FuelUsed":7.929749, "FuelLevel":24.070251 }
{ "timestamp":"2017-07-26T06:00:40Z", "event":"FuelScoop", "Scooped":5.024559, "Total":29.094810 }
{ "timestamp":"2017-07-26T06:00:42Z", "event":"FuelScoop", "Scooped":2.905186, "Total":32.000000 }
{ "timestamp":"2017-07-26T06:01:06Z", "event":"StartJump", "JumpType":"Hyperspace", "StarSystem":"Myriesly PO-I c9-161", "StarClass":"K" }
{ "timestamp":"2017-07-26T06:01:30Z", "event":"FSDJump", "StarSystem":"Myriesly PO-I c9-161", "StarPos":[-1222.000,19.094,24952.094], "SystemAllegiance":"", "SystemEconomy":"$economy_None;", "SystemEconomy_Localised":"None", "SystemGovernment":"$government_None;", "SystemGovernment_Localised":"None", "SystemSecurity":"$SYSTEM_SECURITY_low;", "SystemSecurity_Localised":"Low Security", "JumpDist":36.396, "FuelUsed":7.875082, "FuelLevel":24.124918 }
{ "timestamp":"2017-07-26T06:01:43Z", "event":"FuelScoop", "Scooped":5.021660, "Total":29.146582 }
{ "timestamp":"2017-07-26T06:01:46Z", "event":"FuelScoop", "Scooped":2.853408, "Total":32.000000 }
{ "timestamp":"2017-07-26T06:02:27Z", "event":"StartJump", "JumpType":"Hyperspace", "StarSystem":"Myriesly KI-K c8-8610", "StarClass":"K" }
{ "timestamp":"2017-07-26T06:02:45Z", "event":"FSDJump", "StarSystem":"Myriesly KI-K c8-8610", "StarPos":[-1250.469,17.688,24929.219], "SystemAllegiance":"", "SystemEconomy":"$economy_None;", "SystemEconomy_Localised":"None", "SystemGovernment":"$government_None;", "SystemGovernment_Localised":"None", "SystemSecurity":"$SYSTEM_SECURITY_low;", "SystemSecurity_Localised":"Low Security", "JumpDist":36.547, "FuelUsed":7.960917, "FuelLevel":24.039082 }
{ "timestamp":"2017-07-26T06:02:59Z", "event":"FuelScoop", "Scooped":5.018589, "Total":29.057655 }
{ "timestamp":"2017-07-26T06:03:02Z", "event":"FuelScoop", "Scooped":2.942338, "Total":32.000000 }
{ "timestamp":"2017-07-26T06:03:33Z", "event":"StartJump", "JumpType":"Hyperspace", "StarSystem":"Myriesly JI-K c8-810", "StarClass":"K" }
{ "timestamp":"2017-07-26T06:03:52Z", "event":"FSDJump", "StarSystem":"Myriesly JI-K c8-810", "StarPos":[-1280.781,16.469,24909.469], "SystemAllegiance":"", "SystemEconomy":"$economy_None;", "SystemEconomy_Localised":"None", "SystemGovernment":"$government_None;", "SystemGovernment_Localised":"None", "SystemSecurity":"$SYSTEM_SECURITY_low;", "SystemSecurity_Localised":"Low Security", "JumpDist":36.199, "FuelUsed":7.764903, "FuelLevel":24.235098 }
{ "timestamp":"2017-07-26T06:04:05Z", "event":"FuelScoop", "Scooped":5.007120, "Total":29.242214 }
{ "timestamp":"2017-07-26T06:04:08Z", "event":"FuelScoop", "Scooped":2.757779, "Total":32.000000 }
{ "timestamp":"2017-07-26T06:04:29Z", "event":"StartJump", "JumpType":"Hyperspace", "StarSystem":"Myriesly EC-M c7-2281", "StarClass":"K" }
{ "timestamp":"2017-07-26T06:04:51Z", "event":"FSDJump", "StarSystem":"Myriesly EC-M c7-2281", "StarPos":[-1313.156,18.000,24893.313], "SystemAllegiance":"", "SystemEconomy":"$economy_None;", "SystemEconomy_Localised":"None", "SystemGovernment":"$government_None;", "SystemGovernment_Localised":"None", "SystemSecurity":"$SYSTEM_SECURITY_low;", "SystemSecurity_Localised":"Low Security", "JumpDist":36.215, "FuelUsed":7.773901, "FuelLevel":24.226099 }
{ "timestamp":"2017-07-26T06:05:03Z", "event":"FuelScoop", "Scooped":5.013071, "Total":29.239162 }
{ "timestamp":"2017-07-26T06:05:06Z", "event":"FuelScoop", "Scooped":2.760841, "Total":32.000000 }
{ "timestamp":"2017-07-26T06:06:13Z", "event":"Scan", "BodyName":"Myriesly EC-M c7-2281 A 1", "DistanceFromArrivalLS":378.870575, "TidalLock":false, "TerraformState":"Terraformable", "PlanetClass":"Water world", "Atmosphere":"nitrogen atmosphere", "AtmosphereType":"Nitrogen", "AtmosphereComposition":[ { "Name":"Nitrogen", "Percent":80.201530 }, { "Name":"Oxygen", "Percent":19.118053 }, { "Name":"Ammonia", "Percent":0.520249 } ], "Volcanism":"", "MassEM":0.528543, "Radius":5010221.000000, "SurfaceGravity":8.392201, "SurfaceTemperature":257.115967, "SurfacePressure":130614.382813, "Landable":false, "SemiMajorAxis":113666498560.000000, "Eccentricity":0.001095, "OrbitalInclination":-0.001792, "Periapsis":144.054749, "OrbitalPeriod":24923202.000000, "RotationPeriod":169827.640625, "AxialTilt":1.660113 }
{ "timestamp":"2017-07-26T06:06:32Z", "event":"StartJump", "JumpType":"Hyperspace", "StarSystem":"Myriesly EC-M c7-9574", "StarClass":"M" }
{ "timestamp":"2017-07-26T06:07:00Z", "event":"FSDJump", "StarSystem":"Myriesly EC-M c7-9574", "StarPos":[-1342.125,17.375,24871.063], "SystemAllegiance":"", "SystemEconomy":"$economy_None;", "SystemEconomy_Localised":"None", "SystemGovernment":"$government_None;", "SystemGovernment_Localised":"None", "SystemSecurity":"$SYSTEM_SECURITY_low;", "SystemSecurity_Localised":"Low Security", "JumpDist":36.533, "FuelUsed":7.951940, "FuelLevel":24.048061 }
{ "timestamp":"2017-07-26T06:07:15Z", "event":"FuelScoop", "Scooped":5.018143, "Total":29.066196 }
{ "timestamp":"2017-07-26T06:07:18Z", "event":"FuelScoop", "Scooped":2.933805, "Total":32.000000 }
{ "timestamp":"2017-07-26T06:07:44Z", "event":"StartJump", "JumpType":"Hyperspace", "StarSystem":"Choomee FX-N c6-4875", "StarClass":"M" }
{ "timestamp":"2017-07-26T06:08:03Z", "event":"FSDJump", "StarSystem":"Choomee FX-N c6-4875", "StarPos":[-1370.406,18.125,24852.063], "SystemAllegiance":"", "SystemEconomy":"$economy_None;", "SystemEconomy_Localised":"None", "SystemGovernment":"$government_None;", "SystemGovernment_Localised":"None", "SystemSecurity":"$SYSTEM_SECURITY_low;", "SystemSecurity_Localised":"Low Security", "JumpDist":34.079, "FuelUsed":6.637353, "FuelLevel":25.362648 }
{ "timestamp":"2017-07-26T06:08:15Z", "event":"FuelScoop", "Scooped":5.025526, "Total":30.388172 }
{ "timestamp":"2017-07-26T06:08:17Z", "event":"FuelScoop", "Scooped":1.611829, "Total":32.000000 }
{ "timestamp":"2017-07-26T06:08:49Z", "event":"StartJump", "JumpType":"Hyperspace", "StarSystem":"Choomee OA-A b14-146", "StarClass":"M" }
{ "timestamp":"2017-07-26T06:09:08Z", "event":"FSDJump", "StarSystem":"Choomee OA-A b14-146", "StarPos":[-1368.063,20.625,24854.250], "SystemAllegiance":"", "SystemEconomy":"$economy_None;", "SystemEconomy_Localised":"None", "SystemGovernment":"$government_None;", "SystemGovernment_Localised":"None", "SystemSecurity":"$SYSTEM_SECURITY_low;", "SystemSecurity_Localised":"Low Security", "JumpDist":4.066, "FuelUsed":0.026376, "FuelLevel":31.973623 }
{ "timestamp":"2017-07-26T06:09:14Z", "event":"FuelScoop", "Scooped":0.026378, "Total":32.000000 }
{ "timestamp":"2017-07-26T06:10:36Z", "event":"StartJump", "JumpType":"Hyperspace", "StarSystem":"Choomee EX-N c6-9023", "StarClass":"K" }
{ "timestamp":"2017-07-26T06:10:58Z", "event":"FSDJump", "StarSystem":"Choomee EX-N c6-9023", "StarPos":[-1395.938,18.844,24830.906], "SystemAllegiance":"", "SystemEconomy":"$economy_None;", "SystemEconomy_Localised":"None", "SystemGovernment":"$government_None;", "SystemGovernment_Localised":"None", "SystemSecurity":"$SYSTEM_SECURITY_low;", "SystemSecurity_Localised":"Low Security", "JumpDist":36.402, "FuelUsed":7.842418, "FuelLevel":23.087582 }
{ "timestamp":"2017-07-26T06:11:11Z", "event":"FuelScoop", "Scooped":5.019902, "Total":28.107491 }
{ "timestamp":"2017-07-26T06:11:15Z", "event":"FuelScoop", "Scooped":3.892503, "Total":32.000000 }
{ "timestamp":"2017-07-26T06:11:42Z", "event":"StartJump", "JumpType":"Hyperspace", "StarSystem":"Choomee EO-D b12-70", "StarClass":"M" }
{ "timestamp":"2017-07-26T06:12:04Z", "event":"FSDJump", "StarSystem":"Choomee EO-D b12-70", "StarPos":[-1424.906,19.438,24808.688], "SystemAllegiance":"", "SystemEconomy":"$economy_None;", "SystemEconomy_Localised":"None", "SystemGovernment":"$government_None;", "SystemGovernment_Localised":"None", "SystemSecurity":"$SYSTEM_SECURITY_low;", "SystemSecurity_Localised":"Low Security", "JumpDist":36.513, "FuelUsed":7.941273, "FuelLevel":24.058727 }
{ "timestamp":"2017-07-26T06:12:17Z", "event":"FuelScoop", "Scooped":5.026304, "Total":29.085026 }
{ "timestamp":"2017-07-26T06:12:20Z", "event":"FuelScoop", "Scooped":2.914966, "Total":32.000000 }
{ "timestamp":"2017-07-26T06:12:36Z", "event":"StartJump", "JumpType":"Hyperspace", "StarSystem":"Choomee ZQ-P c5-6034", "StarClass":"K" }
{ "timestamp":"2017-07-26T06:12:55Z", "event":"FSDJump", "StarSystem":"Choomee ZQ-P c5-6034", "StarPos":[-1453.625,18.938,24786.125], "SystemAllegiance":"", "SystemEconomy":"$economy_None;", "SystemEconomy_Localised":"None", "SystemGovernment":"$government_None;", "SystemGovernment_Localised":"None", "SystemSecurity":"$SYSTEM_SECURITY_low;", "SystemSecurity_Localised":"Low Security", "JumpDist":36.525, "FuelUsed":7.948294, "FuelLevel":24.051706 }
{ "timestamp":"2017-07-26T06:13:07Z", "event":"FuelScoop", "Scooped":5.009131, "Total":29.060844 }
{ "timestamp":"2017-07-26T06:13:10Z", "event":"FuelScoop", "Scooped":2.939158, "Total":32.000000 }
{ "timestamp":"2017-07-26T06:13:31Z", "event":"StartJump", "JumpType":"Hyperspace", "StarSystem":"Choomee UK-R c4-5416", "StarClass":"K" }
{ "timestamp":"2017-07-26T06:13:50Z", "event":"FSDJump", "StarSystem":"Choomee UK-R c4-5416", "StarPos":[-1479.313,19.813,24760.281], "SystemAllegiance":"", "SystemEconomy":"$economy_None;", "SystemEconomy_Localised":"None", "SystemGovernment":"$government_None;", "SystemGovernment_Localised":"None", "SystemSecurity":"$SYSTEM_SECURITY_low;", "SystemSecurity_Localised":"Low Security", "JumpDist":36.449, "FuelUsed":7.904687, "FuelLevel":24.095312 }
{ "timestamp":"2017-07-26T06:14:03Z", "event":"FuelScoop", "Scooped":5.003588, "Total":29.098906 }
{ "timestamp":"2017-07-26T06:14:05Z", "event":"FuelScoop", "Scooped":2.901083, "Total":32.000000 }
{ "timestamp":"2017-07-26T06:14:31Z", "event":"StartJump", "JumpType":"Hyperspace", "StarSystem":"Choomee TK-R c4-7737", "StarClass":"G" }
{ "timestamp":"2017-07-26T06:14:50Z", "event":"FSDJump", "StarSystem":"Choomee TK-R c4-7737", "StarPos":[-1505.688,17.500,24735.094], "SystemAllegiance":"", "SystemEconomy":"$economy_None;", "SystemEconomy_Localised":"None", "SystemGovernment":"$government_None;", "SystemGovernment_Localised":"None", "SystemSecurity":"$SYSTEM_SECURITY_low;", "SystemSecurity_Localised":"Low Security", "JumpDist":36.543, "FuelUsed":7.958483, "FuelLevel":24.041517 }
{ "timestamp":"2017-07-26T06:15:03Z", "event":"FuelScoop", "Scooped":5.015797, "Total":29.057312 }
{ "timestamp":"2017-07-26T06:15:05Z", "event":"FuelScoop", "Scooped":2.942684, "Total":32.000000 }
{ "timestamp":"2017-07-26T06:15:28Z", "event":"StartJump", "JumpType":"Hyperspace", "StarSystem":"Choomee EJ-M b7-112", "StarClass":"M" }
{ "timestamp":"2017-07-26T06:15:46Z", "event":"FSDJump", "StarSystem":"Choomee EJ-M b7-112", "StarPos":[-1531.563,17.594,24709.406], "SystemAllegiance":"", "SystemEconomy":"$economy_None;", "SystemEconomy_Localised":"None", "SystemGovernment":"$government_None;", "SystemGovernment_Localised":"None", "SystemSecurity":"$SYSTEM_SECURITY_low;", "SystemSecurity_Localised":"Low Security", "JumpDist":36.461, "FuelUsed":7.911826, "FuelLevel":24.088175 }
{ "timestamp":"2017-07-26T06:16:01Z", "event":"FuelScoop", "Scooped":5.011992, "Total":29.100170 }
{ "timestamp":"2017-07-26T06:16:04Z", "event":"FuelScoop", "Scooped":2.899828, "Total":32.000000 }
{ "timestamp":"2017-07-26T06:17:22Z", "event":"Scan", "BodyName":"Choomee EJ-M b7-112 A 6", "DistanceFromArrivalLS":137.497574, "TidalLock":false, "TerraformState":"", "PlanetClass":"Water world", "Atmosphere":"thick argon rich atmosphere", "AtmosphereType":"ArgonRich", "AtmosphereComposition":[ { "Name":"Nitrogen", "Percent":97.084900 }, { "Name":"Argon", "Percent":2.811184 }, { "Name":"Oxygen", "Percent":0.095488 } ], "Volcanism":"", "MassEM":0.494492, "Radius":5242853.500000, "SurfaceGravity":7.170238, "SurfaceTemperature":251.270020, "SurfacePressure":18271238.000000, "Landable":false, "SemiMajorAxis":41213829120.000000, "Eccentricity":0.000820, "OrbitalInclination":-0.000067, "Periapsis":271.892731, "OrbitalPeriod":6898358.000000, "RotationPeriod":-6898493.000000, "AxialTilt":-2.752698 }
{ "timestamp":"2017-07-26T06:17:44Z", "event":"Scan", "BodyName":"Choomee EJ-M b7-112 A 6 a", "DistanceFromArrivalLS":137.248749, "TidalLock":true, "TerraformState":"", "PlanetClass":"Rocky ice body", "Atmosphere":"", "AtmosphereType":"None", "Volcanism":"", "MassEM":0.030382, "Radius":2431631.250000, "SurfaceGravity":2.048012, "SurfaceTemperature":192.974930, "SurfacePressure":0.000000, "Landable":true, "Materials":[ { "Name":"sulphur", "Percent":21.611258 }, { "Name":"carbon", "Percent":18.172831 }, { "Name":"iron", "Percent":15.975514 }, { "Name":"nickel", "Percent":12.083208 }, { "Name":"phosphorus", "Percent":11.634557 }, { "Name":"chromium", "Percent":7.184719 }, { "Name":"manganese", "Percent":6.597724 }, { "Name":"germanium", "Percent":4.211143 }, { "Name":"yttrium", "Percent":0.954198 }, { "Name":"tungsten", "Percent":0.877216 }, { "Name":"mercury", "Percent":0.697624 } ], "SemiMajorAxis":110183472.000000, "Eccentricity":0.000000, "OrbitalInclination":-49.560345, "Periapsis":214.393188, "OrbitalPeriod":502420.625000, "RotationPeriod":517625.218750, "AxialTilt":0.291030 }
{ "timestamp":"2017-07-26T06:18:06Z", "event":"StartJump", "JumpType":"Hyperspace", "StarSystem":"Choomee KY-U c2-5570", "StarClass":"K" }
{ "timestamp":"2017-07-26T06:18:29Z", "event":"FSDJump", "StarSystem":"Choomee KY-U c2-5570", "StarPos":[-1559.375,20.625,24685.938], "SystemAllegiance":"", "SystemEconomy":"$economy_None;", "SystemEconomy_Localised":"None", "SystemGovernment":"$government_None;", "SystemGovernment_Localised":"None", "SystemSecurity":"$SYSTEM_SECURITY_low;", "SystemSecurity_Localised":"Low Security", "JumpDist":36.517, "FuelUsed":7.943822, "FuelLevel":24.056179 }
{ "timestamp":"2017-07-26T06:18:41Z", "event":"FuelScoop", "Scooped":5.006756, "Total":29.062927 }
{ "timestamp":"2017-07-26T06:18:44Z", "event":"FuelScoop", "Scooped":2.937075, "Total":32.000000 }
{ "timestamp":"2017-07-26T06:19:22Z", "event":"StartJump", "JumpType":"Hyperspace", "StarSystem":"Choomee JY-U c2-1420", "StarClass":"M" }
{ "timestamp":"2017-07-26T06:19:41Z", "event":"FSDJump", "StarSystem":"Choomee JY-U c2-1420", "StarPos":[-1586.406,19.563,24661.563], "SystemAllegiance":"", "SystemEconomy":"$economy_None;", "SystemEconomy_Localised":"None", "SystemGovernment":"$government_None;", "SystemGovernment_Localised":"None", "SystemSecurity":"$SYSTEM_SECURITY_low;", "SystemSecurity_Localised":"Low Security", "JumpDist":36.414, "FuelUsed":7.885320, "FuelLevel":24.114681 }
{ "timestamp":"2017-07-26T06:19:54Z", "event":"FuelScoop", "Scooped":5.013781, "Total":29.128447 }
{ "timestamp":"2017-07-26T06:19:57Z", "event":"FuelScoop", "Scooped":2.871562, "Total":32.000000 }
{ "timestamp":"2017-07-26T06:20:17Z", "event":"StartJump", "JumpType":"Hyperspace", "StarSystem":"Choomee FS-W c1-7058", "StarClass":"G" }
{ "timestamp":"2017-07-26T06:20:36Z", "event":"FSDJump", "StarSystem":"Choomee FS-W c1-7058", "StarPos":[-1615.906,20.375,24640.156], "SystemAllegiance":"", "SystemEconomy":"$economy_None;", "SystemEconomy_Localised":"None", "SystemGovernment":"$government_None;", "SystemGovernment_Localised":"None", "SystemSecurity":"$SYSTEM_SECURITY_low;", "SystemSecurity_Localised":"Low Security", "JumpDist":36.457, "FuelUsed":7.909693, "FuelLevel":24.090307 }
{ "timestamp":"2017-07-26T06:20:49Z", "event":"FuelScoop", "Scooped":5.012668, "Total":29.102974 }
{ "timestamp":"2017-07-26T06:20:52Z", "event":"FuelScoop", "Scooped":2.897012, "Total":32.000000 }
{ "timestamp":"2017-07-26T06:22:28Z", "event":"Scan", "BodyName":"Choomee FS-W c1-7058 3", "DistanceFromArrivalLS":1117.310059, "TidalLock":false, "TerraformState":"", "PlanetClass":"High metal content body", "Atmosphere":"carbon dioxide rich atmosphere", "AtmosphereType":"CarbonDioxideRich", "AtmosphereComposition":[ { "Name":"Nitrogen", "Percent":70.382607 }, { "Name":"CarbonDioxide", "Percent":20.436235 }, { "Name":"Oxygen", "Percent":8.943645 } ], "Volcanism":"", "MassEM":0.314894, "Radius":4279712.000000, "SurfaceGravity":6.852437, "SurfaceTemperature":197.695343, "SurfacePressure":88850.593750, "Landable":false, "SemiMajorAxis":334843510784.000000, "Eccentricity":0.001042, "OrbitalInclination":0.000094, "Periapsis":288.986603, "OrbitalPeriod":119248816.000000, "RotationPeriod":140211.515625, "AxialTilt":-0.523562 }
{ "timestamp":"2017-07-26T06:22:56Z", "event":"StartJump", "JumpType":"Hyperspace", "StarSystem":"Choomee ES-W c1-8161", "StarClass":"K" }
{ "timestamp":"2017-07-26T06:23:14Z", "event":"FSDJump", "StarSystem":"Choomee ES-W c1-8161", "StarPos":[-1643.219,20.406,24616.156], "SystemAllegiance":"", "SystemEconomy":"$economy_None;", "SystemEconomy_Localised":"None", "SystemGovernment":"$government_None;", "SystemGovernment_Localised":"None", "SystemSecurity":"$SYSTEM_SECURITY_low;", "SystemSecurity_Localised":"Low Security", "JumpDist":36.359, "FuelUsed":7.854630, "FuelLevel":24.145370 }
{ "timestamp":"2017-07-26T06:23:28Z", "event":"FuelScoop", "Scooped":5.017260, "Total":29.162630 }
{ "timestamp":"2017-07-26T06:23:30Z", "event":"FuelScoop", "Scooped":2.837366, "Total":32.000000 }
{ "timestamp":"2017-07-26T06:24:31Z", "event":"Scan", "BodyName":"Choomee ES-W c1-8161 1", "DistanceFromArrivalLS":283.043457, "TidalLock":true, "TerraformState":"Terraformable", "PlanetClass":"High metal content body", "Atmosphere":"thin carbon dioxide atmosphere", "AtmosphereType":"CarbonDioxide", "AtmosphereComposition":[ { "Name":"CarbonDioxide", "Percent":99.009911 }, { "Name":"SulphurDioxide", "Percent":0.990099 } ], "Volcanism":"", "MassEM":0.207419, "Radius":3755693.000000, "SurfaceGravity":5.861077, "SurfaceTemperature":242.946976, "SurfacePressure":945.993530, "Landable":false, "SemiMajorAxis":84854710272.000000, "Eccentricity":0.000024, "OrbitalInclination":-0.025332, "Periapsis":225.005402, "OrbitalPeriod":17788510.000000, "RotationPeriod":17789104.000000, "AxialTilt":-0.226526 }
