{ "timestamp":"2017-01-07T01:36:38Z", "event":"Fileheader", "part":1, "language":"English\\UK", "gameversion":"2.2", "build":"r126898/r0 " }
{ "timestamp":"2017-01-07T01:37:49Z", "event":"LoadGame", "Commander":"Kith000", "Ship":"Independant_Trader", "ShipID":5, "GameMode":"Group", "Group":"Kith000", "Credits":27357557, "Loan":0 }
{ "timestamp":"2017-01-07T01:37:49Z", "event":"Rank", "Combat":5, "Trade":3, "Explore":1, "Empire":0, "Federation":2, "CQC":0 }
{ "timestamp":"2017-01-07T01:37:49Z", "event":"Progress", "Combat":9, "Trade":33, "Explore":18, "Empire":100, "Federation":63, "CQC":40 }
{ "timestamp":"2017-01-07T01:40:15Z", "event":"Location", "Docked":false, "StarSystem":"BD+40 2903", "StarPos":[-39.000,58.625,19.156], "SystemAllegiance":"Alliance", "SystemEconomy":"$economy_HighTech;", "SystemEconomy_Localised":"High tech", "SystemGovernment":"$government_Patronage;", "SystemGovernment_Localised":"Patronage", "SystemSecurity":"$SYSTEM_SECURITY_medium;", "SystemSecurity_Localised":"Medium Security", "Body":"BD+40 2903 5 B Ring", "BodyType":"PlanetaryRing", "SystemFaction":"BD+40 2903 Alliance League", "FactionState":"Boom" }
{ "timestamp":"2017-01-07T01:41:05Z", "event":"SupercruiseEntry", "StarSystem":"BD+40 2903" }
{ "timestamp":"2017-01-07T01:43:33Z", "event":"SupercruiseExit", "StarSystem":"BD+40 2903", "Body":"BD+40 2903 5 A Ring", "BodyType":"PlanetaryRing" }
{ "timestamp":"2017-01-07T01:44:28Z", "event":"LaunchFighter", "Loadout":"two", "PlayerControlled":true }
{ "timestamp":"2017-01-07T01:45:46Z", "event":"Bounty", "Rewards":[ { "Faction":"BD+40 2903 Alliance League", "Reward":4862 } ], "TotalReward":4862, "VictimFaction":"Felicia Winters" }
{ "timestamp":"2017-01-07T01:45:59Z", "event":"ReceiveText", "From":"$npc_name_decorate:#name=Matt Gayton;", "From_Localised":"Matt Gayton", "Message":"$Escort_NearDeath10;", "Message_Localised":"My ship is almost done for. Help!", "Channel":"npc" }
{ "timestamp":"2017-01-07T01:46:11Z", "event":"VehicleSwitch", "To":"Mothership" }
{ "timestamp":"2017-01-07T01:46:43Z", "event":"ReceiveText", "From":"$ShipName_Police_Alliance;", "From_Localised":"Allied Police Forces", "Message":"$Police_ArrivedAtInvestigationLocation05;", "Message_Localised":"A crime has been reported here. All ships will be scanned.", "Channel":"npc" }
{ "timestamp":"2017-01-07T01:47:01Z", "event":"ReceiveText", "From":"$ShipName_Police_Alliance;", "From_Localised":"Allied Police Forces", "Message":"$Police_ArrivedAtInvestigationLocation04;", "Message_Localised":"Rapid deployment unit deployed. Initiating scans of all ships in the area.", "Channel":"npc" }
{ "timestamp":"2017-01-07T01:47:22Z", "event":"Bounty", "Rewards":[ { "Faction":"BD+40 2903 Alliance League", "Reward":200 } ], "TotalReward":200, "VictimFaction":"Pranav Antal" }
{ "timestamp":"2017-01-07T01:47:23Z", "event":"ReceiveText", "From":"$ShipName_Police_Alliance;", "From_Localised":"Allied Police Forces", "Message":"$Police_FinishedAtInvestigationLocation02;", "Message_Localised":"Investigation is complete, you may be on your way.", "Channel":"npc" }
{ "timestamp":"2017-01-07T01:49:24Z", "event":"ShieldState", "ShieldsUp":false }
{ "timestamp":"2017-01-07T01:49:28Z", "event":"ReceiveText", "From":"$npc_name_decorate:#name=Illeris;", "From_Localised":"Illeris", "Message":"$BadKarmaCriticalDamage02;", "Message_Localised":"Impossible!", "Channel":"npc" }
{ "timestamp":"2017-01-07T01:49:44Z", "event":"HullDamage", "Health":0.761669 }
{ "timestamp":"2017-01-07T01:49:45Z", "event":"HullDamage", "Health":0.149886 }
{ "timestamp":"2017-01-07T01:49:45Z", "event":"HullDamage", "Health":0.149886 }
{ "timestamp":"2017-01-07T01:49:45Z", "event":"HullDamage", "Health":0.149886 }
{ "timestamp":"2017-01-07T01:49:51Z", "event":"ReceiveText", "From":"$npc_name_decorate:#name=Miku Hatsune;", "From_Localised":"Miku Hatsune", "Message":"$Pirate_OnDeclarePiracyAttack04;", "Message_Localised":"I'm gonna boil you up!", "Channel":"npc" }
{ "timestamp":"2017-01-07T01:50:27Z", "event":"ShieldState", "ShieldsUp":true }
{ "timestamp":"2017-01-07T01:50:37Z", "event":"ReceiveText", "From":"$npc_name_decorate:#name=Miku Hatsune;", "From_Localised":"Miku Hatsune", "Message":"$BadKarmaCriticalDamage01;", "Message_Localised":"How is this happening?!", "Channel":"npc" }
{ "timestamp":"2017-01-07T01:51:27Z", "event":"LaunchFighter", "Loadout":"two", "PlayerControlled":false }
{ "timestamp":"2017-01-07T01:52:28Z", "event":"ReceiveText", "From":"$ShipName_Police_Alliance;", "From_Localised":"Allied Police Forces", "Message":"$Police_ThankYouPassedStopAndSearch07;", "Message_Localised":"Your scan is clear. Carry on with your journey, Commander.", "Channel":"npc" }
{ "timestamp":"2017-01-07T01:53:24Z", "event":"ReceiveText", "From":"$ShipName_Police_Alliance;", "From_Localised":"Allied Police Forces", "Message":"$Police_ArrivedAtInvestigationLocation04;", "Message_Localised":"Rapid deployment unit deployed. Initiating scans of all ships in the area.", "Channel":"npc" }
{ "timestamp":"2017-01-07T01:54:48Z", "event":"ReceiveText", "From":"$npc_name_decorate:#name=Xavier Jehl;", "From_Localised":"Xavier Jehl", "Message":"$BadKarmaCriticalDamage06;", "Message_Localised":"I hadn't expected this.", "Channel":"npc" }
{ "timestamp":"2017-01-07T01:55:16Z", "event":"Bounty", "Rewards":[ { "Faction":"BD+40 2903 Alliance League", "Reward":197837 } ], "TotalReward":197837, "VictimFaction":"BD+40 2903 Gang" }
{ "timestamp":"2017-01-07T01:56:23Z", "event":"ReceiveText", "From":"$npc_name_decorate:#name=Dmitry Bogutsky;", "From_Localised":"Dmitry Bogutsky", "Message":"$BadKarmaCriticalDamage08;", "Message_Localised":"I've taken too many hits.", "Channel":"npc" }
{ "timestamp":"2017-01-07T01:58:07Z", "event":"ReceiveText", "From":"$ShipName_Police_Alliance;", "From_Localised":"Allied Police Forces", "Message":"$Police_ThankYouPassedStopAndSearch08;", "Message_Localised":"All done and you're clear to proceed, Commander.", "Channel":"npc" }
{ "timestamp":"2017-01-07T01:59:46Z", "event":"Bounty", "Rewards":[ { "Faction":"BD+40 2903 Alliance League", "Reward":92470 } ], "TotalReward":92470, "VictimFaction":"BD+40 2903 Gang" }
{ "timestamp":"2017-01-07T02:01:58Z", "event":"ShieldState", "ShieldsUp":false }
{ "timestamp":"2017-01-07T02:02:05Z", "event":"HullDamage", "Health":0.776159 }
{ "timestamp":"2017-01-07T02:03:02Z", "event":"ShieldState", "ShieldsUp":true }
{ "timestamp":"2017-01-07T02:03:43Z", "event":"Bounty", "Rewards":[ { "Faction":"BD+40 2903 Alliance League", "Reward":400 }, { "Faction":"Alliance", "Reward":108405 } ], "TotalReward":108805, "VictimFaction":"Kharinda Co" }
{ "timestamp":"2017-01-07T02:04:44Z", "event":"DockFighter" }
{ "timestamp":"2017-01-07T02:05:04Z", "event":"SupercruiseEntry", "StarSystem":"BD+40 2903" }
{ "timestamp":"2017-01-07T02:07:32Z", "event":"ReceiveText", "From":"$npc_name_decorate:#name=Cruise Ship;", "From_Localised":"Cruise Ship", "Message":"$CruiseLiner_SCPatrol02;", "Message_Localised":"We will be cruising in-system for a while, please feel free to take advantage of our in-flight entertainment.", "Channel":"npc" }
{ "timestamp":"2017-01-07T02:07:45Z", "event":"SupercruiseExit", "StarSystem":"BD+40 2903", "Body":"Hahn Dock", "BodyType":"Station" }
{ "timestamp":"2017-01-07T02:08:02Z", "event":"ReceiveText", "From":"Hahn Dock", "Message":"$DockingFailed_Distance:#distance=7500;", "Message_Localised":"Docking request denied, please approach to 7500m", "Channel":"npc" }
{ "timestamp":"2017-01-07T02:08:02Z", "event":"DockingDenied", "Reason":"Distance", "StationName":"Hahn Dock" }
{ "timestamp":"2017-01-07T02:08:09Z", "event":"DockingRequested", "StationName":"Hahn Dock" }
{ "timestamp":"2017-01-07T02:08:09Z", "event":"ReceiveText", "From":"Hahn Dock", "Message":"$DockingChatter_Neutral;", "Message_Localised":"Ensure to observe starport protocol during your visit, pilot.", "Channel":"npc" }
{ "timestamp":"2017-01-07T02:08:11Z", "event":"ReceiveText", "From":"Hahn Dock", "Message":"$STATION_docking_granted;", "Message_Localised":"Docking request granted.", "Channel":"npc" }
{ "timestamp":"2017-01-07T02:08:11Z", "event":"DockingGranted", "LandingPad":3, "StationName":"Hahn Dock" }
{ "timestamp":"2017-01-07T02:08:27Z", "event":"ReceiveText", "From":"Hahn Dock", "Message":"$STATION_NoFireZone_entered;", "Message_Localised":"No fire zone entered.", "Channel":"npc" }
{ "timestamp":"2017-01-07T02:09:30Z", "event":"Docked", "StationName":"Hahn Dock", "StationType":"Coriolis", "StarSystem":"BD+40 2903", "StationFaction":"BD+40 2903 Alliance League", "FactionState":"Boom", "StationGovernment":"$government_Patronage;", "StationGovernment_Localised":"Patronage", "StationAllegiance":"Alliance", "StationEconomy":"$economy_HighTech;", "StationEconomy_Localised":"High tech" }
{ "timestamp":"2017-01-07T02:10:28Z", "event":"RefuelAll", "Cost":44, "Amount":0.854620 }
{ "timestamp":"2017-01-07T02:10:31Z", "event":"RepairAll", "Cost":1432 }
{ "timestamp":"2017-01-07T02:10:34Z", "event":"BuyAmmo", "Cost":2840 }
{ "timestamp":"2017-01-07T02:10:34Z", "event":"RestockVehicle", "Type":"independent_fighter", "Loadout":"two", "Cost":1030, "Count":1 }
{ "timestamp":"2017-01-07T02:10:43Z", "event":"RedeemVoucher", "Type":"bounty", "Amount":496913 }
{ "timestamp":"2017-01-07T02:11:16Z", "event":"Undocked", "StationName":"Hahn Dock", "StationType":"Coriolis" }
{ "timestamp":"2017-01-07T02:11:58Z", "event":"ReceiveText", "From":"Hahn Dock", "Message":"$STATION_NoFireZone_exited;", "Message_Localised":"No fire zone left.", "Channel":"npc" }
{ "timestamp":"2017-01-07T02:14:53Z", "event":"FSDJump", "StarSystem":"LHS 3075", "StarPos":[-34.875,51.875,12.906], "SystemAllegiance":"", "SystemEconomy":"$economy_None;", "SystemEconomy_Localised":"None", "SystemGovernment":"$government_None;", "SystemGovernment_Localised":"None", "SystemSecurity":"$SYSTEM_SECURITY_low;", "SystemSecurity_Localised":"Low Security", "JumpDist":10.082, "FuelUsed":0.646927, "FuelLevel":15.353073 }
{ "timestamp":"2017-01-07T02:15:54Z", "event":"FSDJump", "StarSystem":"LP 176-55", "StarPos":[-37.281,50.969,10.094], "SystemAllegiance":"Federation", "SystemEconomy":"$economy_Extraction;", "SystemEconomy_Localised":"Extraction", "SystemGovernment":"$government_Corporate;", "SystemGovernment_Localised":"Corporate", "SystemSecurity":"$SYSTEM_SECURITY_low;", "SystemSecurity_Localised":"Low Security", "JumpDist":3.811, "FuelUsed":0.068683, "FuelLevel":15.284390, "SystemFaction":"LP 176-55 Jet Energy Limited" }
{ "timestamp":"2017-01-07T02:16:09Z", "event":"SupercruiseExit", "StarSystem":"LP 176-55", "Body":"LP 176-55", "BodyType":"Star" }
{ "timestamp":"2017-01-07T02:17:44Z", "event":"FSDJump", "StarSystem":"Perkwunos", "StarPos":[-40.500,46.750,6.750], "SystemAllegiance":"", "SystemEconomy":"$economy_None;", "SystemEconomy_Localised":"None", "SystemGovernment":"$government_None;", "SystemGovernment_Localised":"None", "SystemSecurity":"$SYSTEM_SECURITY_low;", "SystemSecurity_Localised":"Low Security", "JumpDist":6.272, "FuelUsed":0.215946, "FuelLevel":15.068444 }
{ "timestamp":"2017-01-07T02:18:41Z", "event":"FSDJump", "StarSystem":"Surya", "StarPos":[-38.469,39.250,5.406], "SystemAllegiance":"Federation", "SystemEconomy":"$economy_Colony;", "SystemEconomy_Localised":"Colony", "SystemGovernment":"$government_Democracy;", "SystemGovernment_Localised":"Democracy", "SystemSecurity":"$SYSTEM_SECURITY_medium;", "SystemSecurity_Localised":"Medium Security", "JumpDist":7.886, "FuelUsed":0.364988, "FuelLevel":14.703457, "SystemFaction":"Indonesian Pilots Association", "FactionState":"Boom" }
{ "timestamp":"2017-01-07T02:19:28Z", "event":"FSDJump", "StarSystem":"CM Draconis", "StarPos":[-35.688,30.938,2.156], "SystemAllegiance":"PlayerPilots", "SystemEconomy":"$economy_None;", "SystemEconomy_Localised":"None", "SystemGovernment":"$government_None;", "SystemGovernment_Localised":"None", "SystemSecurity":"$SYSTEM_SECURITY_low;", "SystemSecurity_Localised":"Low Security", "JumpDist":9.349, "FuelUsed":0.538317, "FuelLevel":14.165140, "SystemFaction":"CM Draconis Clan", "FactionState":"Retreat" }
{ "timestamp":"2017-01-07T02:20:46Z", "event":"FSDJump", "StarSystem":"Arbuda", "StarPos":[-34.094,26.219,-5.531], "SystemAllegiance":"Independent", "SystemEconomy":"$economy_Agri;", "SystemEconomy_Localised":"Agriculture", "SystemGovernment":"$government_Anarchy;", "SystemGovernment_Localised":"Anarchy", "SystemSecurity":"$GAlAXY_MAP_INFO_state_anarchy;", "SystemSecurity_Localised":"Anarchy", "JumpDist":9.160, "FuelUsed":0.511497, "FuelLevel":13.653643, "SystemFaction":"Arbuda Gold Brothers", "FactionState":"Boom" }
{ "timestamp":"2017-01-07T02:21:42Z", "event":"FSDJump", "StarSystem":"Lalande 29917", "StarPos":[-26.531,22.156,-4.563], "SystemAllegiance":"Federation", "SystemEconomy":"$economy_Refinery;", "SystemEconomy_Localised":"Refinery", "SystemGovernment":"$government_Democracy;", "SystemGovernment_Localised":"Democracy", "SystemSecurity":"$SYSTEM_SECURITY_medium;", "SystemSecurity_Localised":"Medium Security", "JumpDist":8.639, "FuelUsed":0.445268, "FuelLevel":13.208374, "SystemFaction":"Workers of Lalande 29917 Green Party" }
{ "timestamp":"2017-01-07T02:22:41Z", "event":"FSDJump", "StarSystem":"G 239-25", "StarPos":[-22.688,25.813,-6.688], "SystemAllegiance":"Federation", "SystemEconomy":"$economy_Colony;", "SystemEconomy_Localised":"Colony", "SystemGovernment":"$government_Confederacy;", "SystemGovernment_Localised":"Confederacy", "SystemSecurity":"$SYSTEM_SECURITY_low;", "SystemSecurity_Localised":"Low Security", "JumpDist":5.715, "FuelUsed":0.171520, "FuelLevel":13.036854, "SystemFaction":"G 239-25 Alliance" }
{ "timestamp":"2017-01-07T02:23:27Z", "event":"FSDJump", "StarSystem":"DP Draconis", "StarPos":[-17.500,25.969,-11.375], "SystemAllegiance":"", "SystemEconomy":"$economy_None;", "SystemEconomy_Localised":"None", "SystemGovernment":"$government_None;", "SystemGovernment_Localised":"None", "SystemSecurity":"$SYSTEM_SECURITY_low;", "SystemSecurity_Localised":"Low Security", "JumpDist":6.993, "FuelUsed":0.272531, "FuelLevel":12.764322 }
{ "timestamp":"2017-01-07T02:24:25Z", "event":"FSDJump", "StarSystem":"Nanomam", "StarPos":[-14.781,19.656,-15.250], "SystemAllegiance":"Federation", "SystemEconomy":"$economy_Agri;", "SystemEconomy_Localised":"Agriculture", "SystemGovernment":"$government_Corporate;", "SystemGovernment_Localised":"Corporate", "SystemSecurity":"$SYSTEM_SECURITY_high;", "SystemSecurity_Localised":"High Security", "JumpDist":7.890, "FuelUsed":0.358925, "FuelLevel":12.405397, "SystemFaction":"Nanomam Ltd" }
{ "timestamp":"2017-01-07T02:25:24Z", "event":"FSDJump", "StarSystem":"Bodedi", "StarPos":[-14.125,26.406,-14.531], "SystemAllegiance":"Independent", "SystemEconomy":"$economy_Industrial;", "SystemEconomy_Localised":"Industrial", "SystemGovernment":"$government_Confederacy;", "SystemGovernment_Localised":"Confederacy", "SystemSecurity":"$SYSTEM_SECURITY_medium;", "SystemSecurity_Localised":"Medium Security", "JumpDist":6.820, "FuelUsed":0.255947, "FuelLevel":12.149451, "SystemFaction":"Coalition of Bodedi" }
{ "timestamp":"2017-01-07T02:28:08Z", "event":"SupercruiseExit", "StarSystem":"Bodedi", "Body":"Chwedyk Station", "BodyType":"Station" }
{ "timestamp":"2017-01-07T02:28:19Z", "event":"DockingRequested", "StationName":"Chwedyk Station" }
{ "timestamp":"2017-01-07T02:28:19Z", "event":"ReceiveText", "From":"Chwedyk Station", "Message":"$DockingChatter_Neutral;", "Message_Localised":"Ensure to observe starport protocol during your visit, pilot.", "Channel":"npc" }
{ "timestamp":"2017-01-07T02:28:20Z", "event":"ReceiveText", "From":"Chwedyk Station", "Message":"$STATION_docking_granted;", "Message_Localised":"Docking request granted.", "Channel":"npc" }
{ "timestamp":"2017-01-07T02:28:20Z", "event":"DockingGranted", "LandingPad":26, "StationName":"Chwedyk Station" }
{ "timestamp":"2017-01-07T02:28:33Z", "event":"ReceiveText", "From":"Chwedyk Station", "Message":"$STATION_NoFireZone_entered;", "Message_Localised":"No fire zone entered.", "Channel":"npc" }
{ "timestamp":"2017-01-07T02:29:46Z", "event":"Docked", "StationName":"Chwedyk Station", "StationType":"Coriolis", "StarSystem":"Bodedi", "StationFaction":"Coalition of Bodedi", "StationGovernment":"$government_Confederacy;", "StationGovernment_Localised":"Confederacy", "StationEconomy":"$economy_Industrial;", "StationEconomy_Localised":"Industrial" }
{ "timestamp":"2017-01-07T02:29:59Z", "event":"RefuelAll", "Cost":208, "Amount":4.137981 }
{ "timestamp":"2017-01-07T02:30:19Z", "event":"MissionCompleted", "Faction":"Liberals of LHS 246", "Name":"Mission_Courier_Boom_name", "MissionID":66785970, "DestinationSystem":"Bodedi", "DestinationStation":"Chwedyk Station", "Reward":17000 }
{ "timestamp":"2017-01-07T02:30:19Z", "event":"MaterialDiscovered", "Category":"Manufactured", "Name":"heatresistantceramics", "DiscoveryNumber":13 }
{ "timestamp":"2017-01-07T02:30:19Z", "event":"MaterialCollected", "Category":"Manufactured", "Name":"heatresistantceramics", "Count":1 }
{ "timestamp":"2017-01-07T02:31:49Z", "event":"Undocked", "StationName":"Chwedyk Station", "StationType":"Coriolis" }
{ "timestamp":"2017-01-07T02:32:16Z", "event":"ReceiveText", "From":"Chwedyk Station", "Message":"$STATION_NoFireZone_exited;", "Message_Localised":"No fire zone left.", "Channel":"npc" }
{ "timestamp":"2017-01-07T02:33:27Z", "event":"FSDJump", "StarSystem":"DP Draconis", "StarPos":[-17.500,25.969,-11.375], "SystemAllegiance":"", "SystemEconomy":"$economy_None;", "SystemEconomy_Localised":"None", "SystemGovernment":"$government_None;", "SystemGovernment_Localised":"None", "SystemSecurity":"$SYSTEM_SECURITY_low;", "SystemSecurity_Localised":"Low Security", "JumpDist":4.642, "FuelUsed":0.108656, "FuelLevel":15.891344 }
{ "timestamp":"2017-01-07T02:34:45Z", "event":"FSDJump", "StarSystem":"Nang Ta-khian", "StarPos":[-18.219,26.563,-6.344], "SystemAllegiance":"Federation", "SystemEconomy":"$economy_Colony;", "SystemEconomy_Localised":"Colony", "SystemGovernment":"$government_Confederacy;", "SystemGovernment_Localised":"Confederacy", "SystemSecurity":"$SYSTEM_SECURITY_medium;", "SystemSecurity_Localised":"Medium Security", "JumpDist":5.117, "FuelUsed":0.135855, "FuelLevel":15.755489, "SystemFaction":"United Nang Ta-khian Confederacy" }
{ "timestamp":"2017-01-07T02:35:46Z", "event":"FSDJump", "StarSystem":"LHS 3006", "StarPos":[-21.969,29.094,-1.719], "SystemAllegiance":"Federation", "SystemEconomy":"$economy_Colony;", "SystemEconomy_Localised":"Colony", "SystemGovernment":"$government_Confederacy;", "SystemGovernment_Localised":"Confederacy", "SystemSecurity":"$SYSTEM_SECURITY_low;", "SystemSecurity_Localised":"Low Security", "JumpDist":6.470, "FuelUsed":0.232794, "FuelLevel":15.522695, "SystemFaction":"Movement for LHS 3006 Coalition" }
{ "timestamp":"2017-01-07T02:36:46Z", "event":"FSDJump", "StarSystem":"i Bootis", "StarPos":[-22.375,34.844,4.000], "SystemAllegiance":"Federation", "SystemEconomy":"$economy_Agri;", "SystemEconomy_Localised":"Agriculture", "SystemGovernment":"$government_Democracy;", "SystemGovernment_Localised":"Democracy", "SystemSecurity":"$SYSTEM_SECURITY_medium;", "SystemSecurity_Localised":"Medium Security", "JumpDist":8.120, "FuelUsed":0.391803, "FuelLevel":15.130892, "SystemFaction":"i Bootis Democrats" }
{ "timestamp":"2017-01-07T02:39:19Z", "event":"ReceiveText", "From":"$npc_name_decorate:#name=Alexander Galiev;", "From_Localised":"Alexander Galiev", "Message":"$Pirate_StartInterdiction05;", "Message_Localised":"You have something that I want.", "Channel":"npc" }
{ "timestamp":"2017-01-07T02:39:51Z", "event":"EscapeInterdiction", "Interdictor":"Alexander Galiev", "IsPlayer":false }
{ "timestamp":"2017-01-07T02:40:23Z", "event":"SupercruiseExit", "StarSystem":"i Bootis", "Body":"Chango Dock", "BodyType":"Station" }
{ "timestamp":"2017-01-07T02:40:34Z", "event":"DockingRequested", "StationName":"Chango Dock" }
{ "timestamp":"2017-01-07T02:40:34Z", "event":"ReceiveText", "From":"Chango Dock", "Message":"$DockingChatter_Neutral;", "Message_Localised":"Ensure to observe starport protocol during your visit, pilot.", "Channel":"npc" }
{ "timestamp":"2017-01-07T02:40:35Z", "event":"ReceiveText", "From":"Chango Dock", "Message":"$STATION_docking_granted;", "Message_Localised":"Docking request granted.", "Channel":"npc" }
{ "timestamp":"2017-01-07T02:40:35Z", "event":"DockingGranted", "LandingPad":20, "StationName":"Chango Dock" }
{ "timestamp":"2017-01-07T02:40:47Z", "event":"ReceiveText", "From":"Chango Dock", "Message":"$STATION_NoFireZone_entered;", "Message_Localised":"No fire zone entered.", "Channel":"npc" }
{ "timestamp":"2017-01-07T02:41:58Z", "event":"Docked", "StationName":"Chango Dock", "StationType":"Coriolis", "StarSystem":"i Bootis", "StationFaction":"i Bootis Democrats", "StationGovernment":"$government_Democracy;", "StationGovernment_Localised":"Democracy", "StationAllegiance":"Federation", "StationEconomy":"$economy_Agri;", "StationEconomy_Localised":"Agriculture" }
{ "timestamp":"2017-01-07T02:43:29Z", "event":"MissionCompleted", "Faction":"League of i Bootis Bureau", "Name":"Mission_Courier_Boom_name", "MissionID":66785918, "DestinationSystem":"i Bootis", "DestinationStation":"Chango Dock", "Reward":7200 }
{ "timestamp":"2017-01-07T02:46:22Z", "event":"RefuelAll", "Cost":53, "Amount":1.041339 }
{ "timestamp":"2017-01-07T02:46:26Z", "event":"RepairAll", "Cost":569 }
{ "timestamp":"2017-01-07T02:47:13Z", "event":"Undocked", "StationName":"Chango Dock", "StationType":"Coriolis" }
{ "timestamp":"2017-01-07T02:47:48Z", "event":"ReceiveText", "From":"Chango Dock", "Message":"$STATION_NoFireZone_exited;", "Message_Localised":"No fire zone left.", "Channel":"npc" }
{ "timestamp":"2017-01-07T02:52:38Z", "event":"FSDJump", "StarSystem":"Styx", "StarPos":[-24.313,37.750,6.031], "SystemAllegiance":"Federation", "SystemEconomy":"$economy_Refinery;", "SystemEconomy_Localised":"Refinery", "SystemGovernment":"$government_Democracy;", "SystemGovernment_Localised":"Democracy", "SystemSecurity":"$SYSTEM_SECURITY_medium;", "SystemSecurity_Localised":"Medium Security", "JumpDist":4.041, "FuelUsed":0.078985, "FuelLevel":15.921015, "SystemFaction":"Styx Progressive Party" }
{ "timestamp":"2017-01-07T02:53:37Z", "event":"FSDJump", "StarSystem":"Opala", "StarPos":[-25.500,35.250,9.281], "SystemAllegiance":"Federation", "SystemEconomy":"$economy_Extraction;", "SystemEconomy_Localised":"Extraction", "SystemGovernment":"$government_Corporate;", "SystemGovernment_Localised":"Corporate", "SystemSecurity":"$SYSTEM_SECURITY_medium;", "SystemSecurity_Localised":"Medium Security", "JumpDist":4.269, "FuelUsed":0.089570, "FuelLevel":15.831445, "SystemFaction":"Opala Group", "FactionState":"CivilUnrest" }
{ "timestamp":"2017-01-07T02:54:57Z", "event":"HeatWarning" }
{ "timestamp":"2017-01-07T02:55:34Z", "event":"FSDJump", "StarSystem":"Ovid", "StarPos":[-28.063,35.156,14.813], "SystemAllegiance":"Federation", "SystemEconomy":"$economy_HighTech;", "SystemEconomy_Localised":"High tech", "SystemGovernment":"$government_Democracy;", "SystemGovernment_Localised":"Democracy", "SystemSecurity":"$SYSTEM_SECURITY_medium;", "SystemSecurity_Localised":"Medium Security", "JumpDist":6.097, "FuelUsed":0.203178, "FuelLevel":15.628266, "SystemFaction":"Ovid Democrats" }
{ "timestamp":"2017-01-07T02:56:30Z", "event":"FSDJump", "StarSystem":"G 180-18", "StarPos":[-28.969,40.688,19.031], "SystemAllegiance":"Independent", "SystemEconomy":"$economy_Industrial;", "SystemEconomy_Localised":"Industrial", "SystemGovernment":"$government_Corporate;", "SystemGovernment_Localised":"Corporate", "SystemSecurity":"$SYSTEM_SECURITY_medium;", "SystemSecurity_Localised":"Medium Security", "JumpDist":7.015, "FuelUsed":0.280136, "FuelLevel":15.348131, "SystemFaction":"G 180-18 Dynamic Industries" }
{ "timestamp":"2017-01-07T02:57:23Z", "event":"FSDJump", "StarSystem":"LP 274-8", "StarPos":[-29.719,45.000,20.281], "SystemAllegiance":"", "SystemEconomy":"$economy_None;", "SystemEconomy_Localised":"None", "SystemGovernment":"$government_None;", "SystemGovernment_Localised":"None", "SystemSecurity":"$SYSTEM_SECURITY_low;", "SystemSecurity_Localised":"Low Security", "JumpDist":4.552, "FuelUsed":0.103378, "FuelLevel":15.244753 }
{ "timestamp":"2017-01-07T02:57:47Z", "event":"HeatWarning" }
{ "timestamp":"2017-01-07T02:58:35Z", "event":"FSDJump", "StarSystem":"LFT 1231", "StarPos":[-35.063,51.781,23.969], "SystemAllegiance":"Independent", "SystemEconomy":"$economy_Industrial;", "SystemEconomy_Localised":"Industrial", "SystemGovernment":"$government_Corporate;", "SystemGovernment_Localised":"Corporate", "SystemSecurity":"$SYSTEM_SECURITY_medium;", "SystemSecurity_Localised":"Medium Security", "JumpDist":9.388, "FuelUsed":0.545893, "FuelLevel":14.698860, "SystemFaction":"LFT 1231 Group", "FactionState":"Boom" }
{ "timestamp":"2017-01-07T02:59:22Z", "event":"FSDJump", "StarSystem":"BD+40 2905A", "StarPos":[-38.875,58.438,19.125], "SystemAllegiance":"", "SystemEconomy":"$economy_None;", "SystemEconomy_Localised":"None", "SystemGovernment":"$government_None;", "SystemGovernment_Localised":"None", "SystemSecurity":"$SYSTEM_SECURITY_low;", "SystemSecurity_Localised":"Low Security", "JumpDist":9.072, "FuelUsed":0.502384, "FuelLevel":14.196476 }
{ "timestamp":"2017-01-07T03:00:26Z", "event":"FSDJump", "StarSystem":"BD+40 2903", "StarPos":[-39.000,58.625,19.156], "SystemAllegiance":"Alliance", "SystemEconomy":"$economy_HighTech;", "SystemEconomy_Localised":"High tech", "SystemGovernment":"$government_Patronage;", "SystemGovernment_Localised":"Patronage", "SystemSecurity":"$SYSTEM_SECURITY_medium;", "SystemSecurity_Localised":"Medium Security", "JumpDist":0.228, "FuelUsed":0.000104, "FuelLevel":14.196372, "SystemFaction":"BD+40 2903 Alliance League", "FactionState":"Boom" }
{ "timestamp":"2017-01-07T03:03:58Z", "event":"ReceiveText", "From":"$npc_name_decorate:#name=Laestander;", "From_Localised":"Laestander", "Message":"$Pirate_StartInterdiction08;", "Message_Localised":"I've found my next target and it's you, Commander.", "Channel":"npc" }
{ "timestamp":"2017-01-07T03:04:31Z", "event":"EscapeInterdiction", "Interdictor":"Laestander", "IsPlayer":false }
{ "timestamp":"2017-01-07T03:07:22Z", "event":"SupercruiseExit", "StarSystem":"BD+40 2903", "Body":"Hahn Dock", "BodyType":"Station" }
{ "timestamp":"2017-01-07T03:07:39Z", "event":"DockingRequested", "StationName":"Hahn Dock" }
{ "timestamp":"2017-01-07T03:07:39Z", "event":"ReceiveText", "From":"Hahn Dock", "Message":"$DockingChatter_Cordial;", "Message_Localised":"Welcome back, Commander.", "Channel":"npc" }
{ "timestamp":"2017-01-07T03:07:40Z", "event":"ReceiveText", "From":"Hahn Dock", "Message":"$STATION_docking_granted;", "Message_Localised":"Docking request granted.", "Channel":"npc" }
{ "timestamp":"2017-01-07T03:07:40Z", "event":"DockingGranted", "LandingPad":38, "StationName":"Hahn Dock" }
{ "timestamp":"2017-01-07T03:07:51Z", "event":"ReceiveText", "From":"Hahn Dock", "Message":"$STATION_NoFireZone_entered;", "Message_Localised":"No fire zone entered.", "Channel":"npc" }
{ "timestamp":"2017-01-07T03:08:34Z", "event":"Docked", "StationName":"Hahn Dock", "StationType":"Coriolis", "StarSystem":"BD+40 2903", "StationFaction":"BD+40 2903 Alliance League", "FactionState":"Boom", "StationGovernment":"$government_Patronage;", "StationGovernment_Localised":"Patronage", "StationAllegiance":"Alliance", "StationEconomy":"$economy_HighTech;", "StationEconomy_Localised":"High tech" }
{ "timestamp":"2017-01-07T03:09:03Z", "event":"RefuelAll", "Cost":110, "Amount":2.174772 }
{ "timestamp":"2017-01-07T03:09:05Z", "event":"RepairAll", "Cost":174 }
{ "timestamp":"2017-01-07T03:10:37Z", "event":"ModuleBuy", "Slot":"Slot05_Size2", "SellItem":"$int_cargorack_size1_class1_name;", "SellItem_Localised":"Cargo Rack", "SellPrice":1000, "BuyItem":"$int_buggybay_size2_class2_name;", "BuyItem_Localised":"Planetary Vehicle Hangar", "BuyPrice":21600, "Ship":"independant_trader", "ShipID":5 }
{ "timestamp":"2017-01-07T03:16:03Z", "event":"Undocked", "StationName":"Hahn Dock", "StationType":"Coriolis" }
{ "timestamp":"2017-01-07T03:16:50Z", "event":"ReceiveText", "From":"Hahn Dock", "Message":"$STATION_NoFireZone_exited;", "Message_Localised":"No fire zone left.", "Channel":"npc" }
{ "timestamp":"2017-01-07T03:17:44Z", "event":"FSDJump", "StarSystem":"Herculis Sector IW-W b1-3", "StarPos":[-32.469,59.063,18.719], "SystemAllegiance":"", "SystemEconomy":"$economy_None;", "SystemEconomy_Localised":"None", "SystemGovernment":"$government_None;", "SystemGovernment_Localised":"None", "SystemSecurity":"$SYSTEM_SECURITY_low;", "SystemSecurity_Localised":"Low Security", "JumpDist":6.560, "FuelUsed":0.252236, "FuelLevel":15.747764 }
{ "timestamp":"2017-01-07T03:18:48Z", "event":"FSDJump", "StarSystem":"LHS 2948", "StarPos":[-21.688,60.438,15.094], "SystemAllegiance":"Federation", "SystemEconomy":"$economy_Industrial;", "SystemEconomy_Localised":"Industrial", "SystemGovernment":"$government_Corporate;", "SystemGovernment_Localised":"Corporate", "SystemSecurity":"$SYSTEM_SECURITY_high;", "SystemSecurity_Localised":"High Security", "JumpDist":11.457, "FuelUsed":0.907597, "FuelLevel":14.840166, "SystemFaction":"LHS 2948 Universal Corporation", "FactionState":"Boom" }
{ "timestamp":"2017-01-07T03:22:03Z", "event":"ApproachSettlement", "Name":"Bailey Base" }
{ "timestamp":"2017-01-07T03:22:13Z", "event":"SupercruiseExit", "StarSystem":"LHS 2948", "Body":"LHS 2948 2 a", "BodyType":"Planet" }
{ "timestamp":"2017-01-07T03:24:35Z", "event":"Touchdown", "Latitude":-41.923641, "Longitude":-26.816727 }
{ "timestamp":"2017-01-07T03:24:46Z", "event":"LaunchSRV", "Loadout":"starter", "PlayerControlled":true }
{ "timestamp":"2017-01-07T03:34:23Z", "event":"HullDamage", "Health":0.735261 }
{ "timestamp":"2017-01-07T03:37:23Z", "event":"DockSRV" }
{ "timestamp":"2017-01-07T03:38:21Z", "event":"Liftoff", "Latitude":-41.849010, "Longitude":-26.691730 }
{ "timestamp":"2017-01-07T03:39:41Z", "event":"SupercruiseEntry", "StarSystem":"LHS 2948" }
{ "timestamp":"2017-01-07T03:43:57Z", "event":"ApproachSettlement", "Name":"Balandin Prospect" }
{ "timestamp":"2017-01-07T03:44:21Z", "event":"SupercruiseExit", "StarSystem":"LHS 2948", "Body":"LHS 2948 3 c", "BodyType":"Planet" }
{ "timestamp":"2017-01-07T03:44:37Z", "event":"DockingRequested", "StationName":"Balandin Prospect" }
{ "timestamp":"2017-01-07T03:44:37Z", "event":"ReceiveText", "From":"Balandin Prospect", "Message":"$DockingChatter_Neutral;", "Message_Localised":"Ensure to observe starport protocol during your visit, pilot.", "Channel":"npc" }
{ "timestamp":"2017-01-07T03:44:39Z", "event":"ReceiveText", "From":"Balandin Prospect", "Message":"$STATION_docking_granted;", "Message_Localised":"Docking request granted.", "Channel":"npc" }
{ "timestamp":"2017-01-07T03:44:39Z", "event":"DockingGranted", "LandingPad":9, "StationName":"Balandin Prospect" }
{ "timestamp":"2017-01-07T03:44:44Z", "event":"ReceiveText", "From":"Balandin Prospect", "Message":"$STATION_NoFireZone_entered;", "Message_Localised":"No fire zone entered.", "Channel":"npc" }
{ "timestamp":"2017-01-07T03:45:18Z", "event":"ReceiveText", "From":"$ShipName_Police_Federation;", "From_Localised":"Federal Security Service", "Message":"$Police_StartPatrol02;", "Message_Localised":"Tower, this is Patrol. Launch completed.", "Channel":"npc" }
{ "timestamp":"2017-01-07T03:45:24Z", "event":"ReceiveText", "From":"$ShipName_Police_Federation;", "From_Localised":"Federal Security Service", "Message":"$Police_ThankYouPassedStopAndSearch05;", "Message_Localised":"Scan finished. Be about your business.", "Channel":"npc" }
{ "timestamp":"2017-01-07T03:45:38Z", "event":"Docked", "StationName":"Balandin Prospect", "StarSystem":"LHS 2948", "StationFaction":"LHS 2948 Universal Corporation", "FactionState":"Boom", "StationGovernment":"$government_Corporate;", "StationGovernment_Localised":"Corporate", "StationAllegiance":"Federation" }
{ "timestamp":"2017-01-07T03:46:45Z", "event":"MissionAccepted", "Faction":"Workers of Gateway for Equality", "Name":"Mission_Massacre_Conflict_CivilWar", "DestinationSystem":"LHS 2948", "DestinationStation":"Higginbotham Port", "Expiry":"2017-01-08T00:38:57Z", "MissionID":67083715 }
{ "timestamp":"2017-01-07T03:47:50Z", "event":"Undocked", "StationName":"Balandin Prospect" }
{ "timestamp":"2017-01-07T03:48:09Z", "event":"ReceiveText", "From":"Balandin Prospect", "Message":"$STATION_NoFireZone_exited;", "Message_Localised":"No fire zone left.", "Channel":"npc" }
{ "timestamp":"2017-01-07T03:50:37Z", "event":"SupercruiseEntry", "StarSystem":"LHS 2948" }
{ "timestamp":"2017-01-07T03:50:46Z", "event":"ApproachSettlement", "Name":"Balandin Prospect" }
{ "timestamp":"2017-01-07T03:50:48Z", "event":"SupercruiseExit", "StarSystem":"LHS 2948", "Body":"LHS 2948 3 c", "BodyType":"Planet" }
{ "timestamp":"2017-01-07T03:51:30Z", "event":"SupercruiseEntry", "StarSystem":"LHS 2948" }
{ "timestamp":"2017-01-07T03:54:40Z", "event":"FSDJump", "StarSystem":"Herculis Sector IW-W b1-3", "StarPos":[-32.469,59.063,18.719], "SystemAllegiance":"", "SystemEconomy":"$economy_None;", "SystemEconomy_Localised":"None", "SystemGovernment":"$government_None;", "SystemGovernment_Localised":"None", "SystemSecurity":"$SYSTEM_SECURITY_low;", "SystemSecurity_Localised":"Low Security", "JumpDist":11.457, "FuelUsed":0.898610, "FuelLevel":13.551556 }
{ "timestamp":"2017-01-07T03:55:45Z", "event":"FSDJump", "StarSystem":"BD+40 2903", "StarPos":[-39.000,58.625,19.156], "SystemAllegiance":"Alliance", "SystemEconomy":"$economy_HighTech;", "SystemEconomy_Localised":"High tech", "SystemGovernment":"$government_Patronage;", "SystemGovernment_Localised":"Patronage", "SystemSecurity":"$SYSTEM_SECURITY_medium;", "SystemSecurity_Localised":"Medium Security", "JumpDist":6.560, "FuelUsed":0.247539, "FuelLevel":13.304017, "SystemFaction":"BD+40 2903 Alliance League", "FactionState":"Boom" }
{ "timestamp":"2017-01-07T03:59:10Z", "event":"SupercruiseExit", "StarSystem":"BD+40 2903", "Body":"Hahn Dock", "BodyType":"Station" }
{ "timestamp":"2017-01-07T03:59:59Z", "event":"DockingRequested", "StationName":"Hahn Dock" }
{ "timestamp":"2017-01-07T03:59:59Z", "event":"ReceiveText", "From":"Hahn Dock", "Message":"$DockingChatter_Cordial;", "Message_Localised":"Welcome back, Commander.", "Channel":"npc" }
{ "timestamp":"2017-01-07T04:00:00Z", "event":"ReceiveText", "From":"Hahn Dock", "Message":"$STATION_docking_granted;", "Message_Localised":"Docking request granted.", "Channel":"npc" }
{ "timestamp":"2017-01-07T04:00:00Z", "event":"DockingGranted", "LandingPad":11, "StationName":"Hahn Dock" }
{ "timestamp":"2017-01-07T04:00:13Z", "event":"ReceiveText", "From":"Hahn Dock", "Message":"$STATION_NoFireZone_entered;", "Message_Localised":"No fire zone entered.", "Channel":"npc" }
{ "timestamp":"2017-01-07T04:00:32Z", "event":"ReceiveText", "From":"$npc_name_decorate:#name=Frank Beowulf;", "From_Localised":"Frank Beowulf", "Message":"$Commuter_AuthorityScan02;", "Message_Localised":"How can I be of assistance?", "Channel":"npc" }
{ "timestamp":"2017-01-07T04:01:49Z", "event":"Docked", "StationName":"Hahn Dock", "StationType":"Coriolis", "StarSystem":"BD+40 2903", "StationFaction":"BD+40 2903 Alliance League", "FactionState":"Boom", "StationGovernment":"$government_Patronage;", "StationGovernment_Localised":"Patronage", "StationAllegiance":"Alliance", "StationEconomy":"$economy_HighTech;", "StationEconomy_Localised":"High tech" }
{ "timestamp":"2017-01-07T04:09:10Z", "event":"ShipyardSwap", "ShipType":"vulture", "ShipID":3, "StoreOldShip":"Independant_Trader", "StoreShipID":5 }
{ "timestamp":"2017-01-07T04:09:32Z", "event":"Docked", "StationName":"Hahn Dock", "StationType":"Coriolis", "StarSystem":"BD+40 2903", "StationFaction":"BD+40 2903 Alliance League", "FactionState":"Boom", "StationGovernment":"$government_Patronage;", "StationGovernment_Localised":"Patronage", "StationAllegiance":"Alliance", "StationEconomy":"$economy_HighTech;", "StationEconomy_Localised":"High tech" }
{ "timestamp":"2017-01-07T04:11:34Z", "event":"Undocked", "StationName":"Hahn Dock", "StationType":"Coriolis" }
{ "timestamp":"2017-01-07T04:12:08Z", "event":"ReceiveText", "From":"Hahn Dock", "Message":"$STATION_NoFireZone_exited;", "Message_Localised":"No fire zone left.", "Channel":"npc" }
{ "timestamp":"2017-01-07T04:15:00Z", "event":"FSDJump", "StarSystem":"Herculis Sector IW-W b1-3", "StarPos":[-32.469,59.063,18.719], "SystemAllegiance":"", "SystemEconomy":"$economy_None;", "SystemEconomy_Localised":"None", "SystemGovernment":"$government_None;", "SystemGovernment_Localised":"None", "SystemSecurity":"$SYSTEM_SECURITY_low;", "SystemSecurity_Localised":"Low Security", "JumpDist":6.560, "FuelUsed":0.504491, "FuelLevel":7.495509 }
{ "timestamp":"2017-01-07T04:15:27Z", "event":"FuelScoop", "Scooped":0.193344, "Total":7.688853 }
{ "timestamp":"2017-01-07T04:16:02Z", "event":"FSDJump", "StarSystem":"LHS 2948", "StarPos":[-21.688,60.438,15.094], "SystemAllegiance":"Federation", "SystemEconomy":"$economy_Industrial;", "SystemEconomy_Localised":"Industrial", "SystemGovernment":"$government_Corporate;", "SystemGovernment_Localised":"Corporate", "SystemSecurity":"$SYSTEM_SECURITY_high;", "SystemSecurity_Localised":"High Security", "JumpDist":11.457, "FuelUsed":1.815450, "FuelLevel":5.873403, "SystemFaction":"LHS 2948 Universal Corporation", "FactionState":"Boom" }
{ "timestamp":"2017-01-07T04:16:49Z", "event":"ReceiveText", "From":"$npc_name_decorate:#name=Cruise Ship;", "From_Localised":"Cruise Ship", "Message":"$CruiseLiner_SCPatrol04;", "Message_Localised":"I'd like to direct your attention to our flight attendants for a brief safety demonstration.", "Channel":"npc" }
{ "timestamp":"2017-01-07T04:18:58Z", "event":"SupercruiseExit", "StarSystem":"LHS 2948", "Body":"LHS 2948 2", "BodyType":"Planet" }
