{ "timestamp":"2017-04-24T03:00:10Z", "event":"Fileheader", "part":1, "language":"English\\UK", "gameversion":"2.3", "build":"r141964/r0 " }
{ "timestamp":"2017-04-24T03:01:11Z", "event":"Cargo", "Inventory":[ { "Name":"articulationmotors", "Count":4 } ] }
{ "timestamp":"2017-04-24T03:01:11Z", "event":"Loadout", "Ship":"Vulture", "ShipID":3, "ShipName":"SS Minnow Johnson", "ShipIdent":"CR-1", "Modules":[ { "Slot":"LargeHardpoint1", "Item":"Hpt_PulseLaser_Gimbal_Large", "On":true, "Priority":0, "Health":1.000000, "Value":140600 }, { "Slot":"LargeHardpoint2", "Item":"Hpt_PulseLaser_Gimbal_Large", "On":true, "Priority":0, "Health":1.000000, "Value":140600 }, { "Slot":"TinyHardpoint1", "Item":"Hpt_ShieldBooster_Size0_Class5", "On":true, "Priority":0, "Health":1.000000, "Value":281000 }, { "Slot":"TinyHardpoint2", "Item":"Hpt_ShieldBooster_Size0_Class5", "On":true, "Priority":0, "Health":1.000000, "Value":281000 }, { "Slot":"TinyHardpoint3", "Item":"Hpt_ChaffLauncher_Tiny", "On":true, "Priority":0, "AmmoInClip":1, "AmmoInHopper":10, "Health":1.000000, "Value":8500 }, { "Slot":"TinyHardpoint4", "Item":"Hpt_ChaffLauncher_Tiny", "On":true, "Priority":0, "AmmoInClip":1, "AmmoInHopper":10, "Health":1.000000, "Value":8500 }, { "Slot":"Armour", "Item":"Vulture_Armour_Grade1", "On":true, "Priority":1, "Health":1.000000, "Value":0 }, { "Slot":"PaintJob", "Item":"PaintJob_Vulture_Tactical_White", "On":true, "Priority":1, "Health":1.000000, "Value":0 }, { "Slot":"PowerPlant", "Item":"Int_Powerplant_Size4_Class5", "On":true, "Priority":1, "Health":1.000000, "Value":1610080, "EngineerBlueprint":"PowerPlant_Boosted", "EngineerLevel":1 }, { "Slot":"MainEngines", "Item":"Int_Engine_Size5_Class5", "On":true, "Priority":0, "Health":1.000000, "Value":5103953 }, { "Slot":"FrameShiftDrive", "Item":"Int_Hyperdrive_Size4_Class5", "On":true, "Priority":1, "Health":1.000000, "Value":1610080 }, { "Slot":"LifeSupport", "Item":"Int_LifeSupport_Size3_Class1", "On":true, "Priority":0, "Health":1.000000, "Value":4053 }, { "Slot":"PowerDistributor", "Item":"Int_PowerDistributor_Size5_Class5", "On":true, "Priority":0, "Health":1.000000, "Value":1241317, "EngineerBlueprint":"PowerDistributor_HighFrequency", "EngineerLevel":1 }, { "Slot":"Radar", "Item":"Int_Sensors_Size4_Class5", "On":true, "Priority":0, "Health":1.000000, "Value":443328 }, { "Slot":"FuelTank", "Item":"Int_FuelTank_Size3_Class3", "On":true, "Priority":1, "Health":1.000000, "Value":7063 }, { "Slot":"Slot01_Size5", "Item":"Int_ShieldGenerator_Size5_Class3_Fast", "On":true, "Priority":0, "Health":1.000000, "Value":850659 }, { "Slot":"Slot02_Size4", "Item":"Int_ShieldCellBank_Size4_Class4", "On":true, "Priority":0, "AmmoInClip":1, "AmmoInHopper":4, "Health":1.000000, "Value":177331 }, { "Slot":"Slot03_Size2", "Item":"Int_CargoRack_Size2_Class1", "On":true, "Priority":1, "Health":1.000000, "Value":3250 }, { "Slot":"Slot05_Size1", "Item":"Int_FuelScoop_Size1_Class4", "On":true, "Priority":1, "Health":1.000000, "Value":20568 }, { "Slot":"Slot06_Size1", "Item":"Int_StellarBodyDiscoveryScanner_Standard", "On":true, "Priority":1, "Health":1.000000, "Value":1000 }, { "Slot":"Military01", "Item":"Int_HullReinforcement_Size4_Class2", "On":true, "Priority":1, "Health":1.000000, "Value":195000 }, { "Slot":"ShipName0", "Item":"Nameplate_Practical01_Black", "On":true, "Priority":1, "Health":1.000000, "Value":0 }, { "Slot":"ShipName1", "Item":"Nameplate_ShipID_DoubleLine_Black", "On":true, "Priority":1, "Health":1.000000, "Value":0 }, { "Slot":"PlanetaryApproachSuite", "Item":"Int_PlanetApproachSuite", "On":true, "Priority":1, "Health":1.000000, "Value":500 }, { "Slot":"ShipKitSpoiler", "Item":"Vulture_Shipkit1_Spoiler3", "On":true, "Priority":1, "Health":1.000000, "Value":0 }, { "Slot":"ShipKitWings", "Item":"Vulture_Shipkit1_Wings1", "On":true, "Priority":1, "Health":1.000000, "Value":0 }, { "Slot":"ShipKitTail", "Item":"Vulture_Shipkit1_Tail3", "On":true, "Priority":1, "Health":1.000000, "Value":0 }, { "Slot":"ShipKitBumper", "Item":"Vulture_Shipkit1_Bumper4", "On":true, "Priority":1, "Health":1.000000, "Value":0 }, { "Slot":"ShipCockpit", "Item":"Vulture_Cockpit", "On":true, "Priority":1, "Health":1.000000, "Value":0 }, { "Slot":"CargoHatch", "Item":"ModularCargoBayDoor", "On":true, "Priority":1, "Health":1.000000, "Value":0 } ] }
{ "timestamp":"2017-04-24T03:01:11Z", "event":"Materials", "Raw":[ { "Name":"iron", "Count":8 }, { "Name":"sulphur", "Count":41 }, { "Name":"phosphorus", "Count":30 }, { "Name":"manganese", "Count":12 }, { "Name":"nickel", "Count":11 }, { "Name":"carbon", "Count":11 }, { "Name":"cadmium", "Count":12 }, { "Name":"germanium", "Count":3 }, { "Name":"tungsten", "Count":3 }, { "Name":"arsenic", "Count":3 }, { "Name":"zinc", "Count":6 }, { "Name":"selenium", "Count":12 }, { "Name":"vanadium", "Count":3 }, { "Name":"antimony", "Count":3 } ], "Manufactured":[ { "Name":"hybridcapacitors", "Count":1 }, { "Name":"focuscrystals", "Count":1 }, { "Name":"salvagedalloys", "Count":1 }, { "Name":"shieldemitters", "Count":5 }, { "Name":"galvanisingalloys", "Count":4 }, { "Name":"phasealloys", "Count":10 }, { "Name":"highdensitycomposites", "Count":6 }, { "Name":"compoundshielding", "Count":6 }, { "Name":"refinedfocuscrystals", "Count":2 }, { "Name":"conductivecomponents", "Count":4 }, { "Name":"heatresistantceramics", "Count":1 }, { "Name":"precipitatedalloys", "Count":3 }, { "Name":"wornshieldemitters", "Count":3 }, { "Name":"shieldingsensors", "Count":3 }, { "Name":"thermicalloys", "Count":2 }, { "Name":"mechanicalequipment", "Count":1 } ], "Encoded":[ { "Name":"shieldcyclerecordings", "Count":66 }, { "Name":"emissiondata", "Count":31 }, { "Name":"encodedscandata", "Count":3 }, { "Name":"decodedemissiondata", "Count":87 }, { "Name":"shieldsoakanalysis", "Count":24 }, { "Name":"scandatabanks", "Count":33 }, { "Name":"bulkscandata", "Count":16 }, { "Name":"archivedemissiondata", "Count":2 }, { "Name":"shielddensityreports", "Count":54 }, { "Name":"shieldpatternanalysis", "Count":44 }, { "Name":"compactemissionsdata", "Count":5 }, { "Name":"shieldfrequencydata", "Count":3 }, { "Name":"consumerfirmware", "Count":1 }, { "Name":"hyperspacetrajectories", "Count":1 }, { "Name":"scrambledemissiondata", "Count":1 }, { "Name":"scanarchives", "Count":20 }, { "Name":"classifiedscandata", "Count":4 }, { "Name":"disruptedwakeechoes", "Count":3 }, { "Name":"securityfirmware", "Count":1 }, { "Name":"encryptionarchives", "Count":3 } ] }
{ "timestamp":"2017-04-24T03:01:11Z", "event":"LoadGame", "Commander":"Kith000", "Ship":"Vulture", "ShipID":3, "ShipName":"SS Minnow Johnson", "ShipIdent":"CR-1", "FuelLevel":8.000000, "FuelCapacity":8.000000, "GameMode":"Group", "Group":"MOBIUS PVE", "Credits":67416773, "Loan":0 }
{ "timestamp":"2017-04-24T03:01:11Z", "event":"Rank", "Combat":5, "Trade":4, "Explore":2, "Empire":1, "Federation":2, "CQC":0 }
{ "timestamp":"2017-04-24T03:01:11Z", "event":"Progress", "Combat":34, "Trade":72, "Explore":21, "Empire":23, "Federation":83, "CQC":40 }
{ "timestamp":"2017-04-24T03:01:22Z", "event":"Location", "Docked":false, "StarSystem":"Cherets", "StarPos":[-65.938,35.531,-68.719], "SystemAllegiance":"Federation", "SystemEconomy":"$economy_Agri;", "SystemEconomy_Localised":"Agriculture", "SystemGovernment":"$government_Democracy;", "SystemGovernment_Localised":"Democracy", "SystemSecurity":"$SYSTEM_SECURITY_high;", "SystemSecurity_Localised":"High Security", "Body":"Cherets A 7", "BodyType":"Planet", "Factions":[ { "Name":"Independent Cherets Labour", "FactionState":"CivilWar", "Government":"Democracy", "Influence":0.372627, "Allegiance":"Federation" }, { "Name":"Ogowenk Shrine", "FactionState":"None", "Government":"Theocracy", "Influence":0.060939, "Allegiance":"Independent" }, { "Name":"Tones Confederacy", "FactionState":"Boom", "Government":"Confederacy", "Influence":0.169830, "Allegiance":"Independent" }, { "Name":"Cherets Creative Corp.", "FactionState":"Boom", "Government":"Corporate", "Influence":0.112887, "Allegiance":"Independent" }, { "Name":"Traditional Cherets Front", "FactionState":"None", "Government":"Dictatorship", "Influence":0.077922, "Allegiance":"Independent" }, { "Name":"Cherets Company", "FactionState":"CivilWar", "Government":"Corporate", "Influence":0.145854, "Allegiance":"Independent" }, { "Name":"Cherets Crimson Clan", "FactionState":"None", "Government":"Anarchy", "Influence":0.059940, "Allegiance":"Independent" } ], "SystemFaction":"Independent Cherets Labour", "FactionState":"CivilWar" }
{ "timestamp":"2017-04-24T03:04:47Z", "event":"HeatWarning" }
{ "timestamp":"2017-04-24T03:05:14Z", "event":"ShieldState", "ShieldsUp":false }
{ "timestamp":"2017-04-24T03:05:57Z", "event":"HullDamage", "Health":0.797768, "PlayerPilot":true, "Fighter":false }
{ "timestamp":"2017-04-24T03:06:06Z", "event":"HullDamage", "Health":0.597541, "PlayerPilot":true, "Fighter":false }
{ "timestamp":"2017-04-24T03:06:10Z", "event":"ShieldState", "ShieldsUp":true }
{ "timestamp":"2017-04-24T03:06:44Z", "event":"ShieldState", "ShieldsUp":false }
{ "timestamp":"2017-04-24T03:06:51Z", "event":"Bounty", "Target":"federation_gunship", "TotalReward":0, "VictimFaction":"Independent Cherets Labour" }
{ "timestamp":"2017-04-24T03:06:51Z", "event":"FactionKillBond", "Reward":50600, "AwardingFaction":"Cherets Company", "VictimFaction":"Independent Cherets Labour" }
{ "timestamp":"2017-04-24T03:07:39Z", "event":"ShieldState", "ShieldsUp":true }
{ "timestamp":"2017-04-24T03:09:39Z", "event":"Bounty", "Target":"federation_dropship_mkii", "TotalReward":0, "VictimFaction":"Independent Cherets Labour" }
{ "timestamp":"2017-04-24T03:09:39Z", "event":"FactionKillBond", "Reward":50600, "AwardingFaction":"Cherets Company", "VictimFaction":"Independent Cherets Labour" }
{ "timestamp":"2017-04-24T03:10:21Z", "event":"Bounty", "Target":"viper_mkiv", "TotalReward":0, "VictimFaction":"Independent Cherets Labour" }
{ "timestamp":"2017-04-24T03:10:21Z", "event":"FactionKillBond", "Reward":23000, "AwardingFaction":"Cherets Company", "VictimFaction":"Independent Cherets Labour" }
{ "timestamp":"2017-04-24T03:10:45Z", "event":"ReceiveText", "From":"$ShipName_Military_Federation;", "From_Localised":"Federal Navy Ship", "Message":"$Military_UnderFire03;", "Message_Localised":"Time to show you what a real pilot can do... ", "Channel":"npc" }
{ "timestamp":"2017-04-24T03:11:09Z", "event":"Bounty", "Target":"eagle", "TotalReward":0, "VictimFaction":"Independent Cherets Labour" }
{ "timestamp":"2017-04-24T03:11:09Z", "event":"FactionKillBond", "Reward":9200, "AwardingFaction":"Cherets Company", "VictimFaction":"Independent Cherets Labour" }
{ "timestamp":"2017-04-24T03:11:55Z", "event":"ReceiveText", "From":"$ShipName_Military_Federation;", "From_Localised":"Federal Navy Ship", "Message":"$Military_UnderFire10;", "Message_Localised":"I'm under attack.", "Channel":"npc" }
{ "timestamp":"2017-04-24T03:12:16Z", "event":"ReceiveText", "From":"$ShipName_Military_Federation;", "From_Localised":"Federal Navy Ship", "Message":"$Military_UnderFire10;", "Message_Localised":"I'm under attack.", "Channel":"npc" }
{ "timestamp":"2017-04-24T03:12:23Z", "event":"Bounty", "Target":"vulture", "TotalReward":0, "VictimFaction":"Independent Cherets Labour" }
{ "timestamp":"2017-04-24T03:12:23Z", "event":"FactionKillBond", "Reward":41400, "AwardingFaction":"Cherets Company", "VictimFaction":"Independent Cherets Labour" }
{ "timestamp":"2017-04-24T03:12:36Z", "event":"ReceiveText", "From":"$ShipName_Military_Federation;", "From_Localised":"Federal Navy Ship", "Message":"$Military_UnderFire10;", "Message_Localised":"I'm under attack.", "Channel":"npc" }
{ "timestamp":"2017-04-24T03:14:13Z", "event":"Bounty", "Target":"viper_mkiv", "TotalReward":0, "VictimFaction":"Independent Cherets Labour" }
{ "timestamp":"2017-04-24T03:14:13Z", "event":"FactionKillBond", "Reward":23000, "AwardingFaction":"Cherets Company", "VictimFaction":"Independent Cherets Labour" }
{ "timestamp":"2017-04-24T03:15:41Z", "event":"Bounty", "Target":"federation_gunship", "TotalReward":0, "VictimFaction":"Independent Cherets Labour" }
{ "timestamp":"2017-04-24T03:15:41Z", "event":"FactionKillBond", "Reward":50600, "AwardingFaction":"Cherets Company", "VictimFaction":"Independent Cherets Labour" }
{ "timestamp":"2017-04-24T03:16:36Z", "event":"HeatWarning" }
{ "timestamp":"2017-04-24T03:16:43Z", "event":"HeatWarning" }
{ "timestamp":"2017-04-24T03:17:04Z", "event":"HeatWarning" }
{ "timestamp":"2017-04-24T03:17:40Z", "event":"StartJump", "JumpType":"Supercruise" }
{ "timestamp":"2017-04-24T03:17:45Z", "event":"SupercruiseEntry", "StarSystem":"Cherets" }
{ "timestamp":"2017-04-24T03:18:16Z", "event":"SupercruiseExit", "StarSystem":"Cherets", "Body":"Buckey Hub", "BodyType":"Station" }
{ "timestamp":"2017-04-24T03:18:33Z", "event":"DockingRequested", "StationName":"Buckey Hub" }
{ "timestamp":"2017-04-24T03:18:33Z", "event":"ReceiveText", "From":"Buckey Hub", "Message":"$DockingChatter_Neutral;", "Message_Localised":"Ensure to observe starport protocol during your visit, pilot.", "Channel":"npc" }
{ "timestamp":"2017-04-24T03:18:35Z", "event":"ReceiveText", "From":"Buckey Hub", "Message":"$STATION_docking_granted;", "Message_Localised":"Docking request granted.", "Channel":"npc" }
{ "timestamp":"2017-04-24T03:18:35Z", "event":"DockingGranted", "LandingPad":16, "StationName":"Buckey Hub" }
{ "timestamp":"2017-04-24T03:18:43Z", "event":"ReceiveText", "From":"Buckey Hub", "Message":"$STATION_NoFireZone_entered;", "Message_Localised":"No fire zone entered.", "Channel":"npc" }
{ "timestamp":"2017-04-24T03:19:32Z", "event":"Docked", "StationName":"Buckey Hub", "StationType":"Coriolis", "StarSystem":"Cherets", "StationFaction":"Independent Cherets Labour", "FactionState":"CivilWar", "StationGovernment":"$government_Democracy;", "StationGovernment_Localised":"Democracy", "StationAllegiance":"Federation", "StationEconomy":"$economy_Agri;", "StationEconomy_Localised":"Agriculture", "DistFromStarLS":108.735123 }
{ "timestamp":"2017-04-24T03:19:41Z", "event":"BuyAmmo", "Cost":2200 }
{ "timestamp":"2017-04-24T03:19:42Z", "event":"RepairAll", "Cost":8057 }
{ "timestamp":"2017-04-24T03:19:44Z", "event":"RefuelAll", "Cost":40, "Amount":0.780421 }
{ "timestamp":"2017-04-24T03:19:52Z", "event":"RedeemVoucher", "Type":"CombatBond", "Amount":213624, "Faction":"Cherets Company" }
{ "timestamp":"2017-04-24T03:20:24Z", "event":"Undocked", "StationName":"Buckey Hub", "StationType":"Coriolis" }
{ "timestamp":"2017-04-24T03:20:46Z", "event":"ReceiveText", "From":"Buckey Hub", "Message":"$STATION_NoFireZone_exited;", "Message_Localised":"No fire zone left.", "Channel":"npc" }
{ "timestamp":"2017-04-24T03:20:57Z", "event":"StartJump", "JumpType":"Supercruise" }
{ "timestamp":"2017-04-24T03:21:02Z", "event":"SupercruiseEntry", "StarSystem":"Cherets" }
{ "timestamp":"2017-04-24T03:21:17Z", "event":"SupercruiseExit", "StarSystem":"Cherets", "Body":"Cherets A 7", "BodyType":"Planet" }
{ "timestamp":"2017-04-24T03:21:35Z", "event":"ReceiveText", "From":"$ShipName_Military_Federation;", "From_Localised":"Federal Navy Ship", "Message":"$Military_UnderFire03;", "Message_Localised":"Time to show you what a real pilot can do... ", "Channel":"npc" }
{ "timestamp":"2017-04-24T03:21:47Z", "event":"Bounty", "Target":"eagle", "TotalReward":0, "VictimFaction":"Independent Cherets Labour" }
{ "timestamp":"2017-04-24T03:21:47Z", "event":"FactionKillBond", "Reward":9200, "AwardingFaction":"Cherets Company", "VictimFaction":"Independent Cherets Labour" }
{ "timestamp":"2017-04-24T03:22:46Z", "event":"ReceiveText", "From":"$ShipName_Military_Federation;", "From_Localised":"Federal Navy Ship", "Message":"$Military_UnderFire10;", "Message_Localised":"I'm under attack.", "Channel":"npc" }
{ "timestamp":"2017-04-24T03:23:51Z", "event":"StartJump", "JumpType":"Supercruise" }
{ "timestamp":"2017-04-24T03:23:56Z", "event":"SupercruiseEntry", "StarSystem":"Cherets" }
{ "timestamp":"2017-04-24T03:24:18Z", "event":"SupercruiseExit", "StarSystem":"Cherets", "Body":"Cherets A 7", "BodyType":"Planet" }
{ "timestamp":"2017-04-24T03:25:58Z", "event":"HeatWarning" }
{ "timestamp":"2017-04-24T03:26:00Z", "event":"ReceiveText", "From":"$ShipName_Military_Federation;", "From_Localised":"Federal Navy Ship", "Message":"$Military_UnderFire06;", "Message_Localised":"I'm taking hits!", "Channel":"npc" }
{ "timestamp":"2017-04-24T03:26:08Z", "event":"HeatWarning" }
{ "timestamp":"2017-04-24T03:26:12Z", "event":"ReceiveText", "From":"$ShipName_Military_Federation;", "From_Localised":"Federal Navy Ship", "Message":"$Military_UnderFire09;", "Message_Localised":"Allow me to show you the error of your ways.", "Channel":"npc" }
{ "timestamp":"2017-04-24T03:26:16Z", "event":"ReceiveText", "From":"$ShipName_Military_Federation;", "From_Localised":"Federal Navy Ship", "Message":"$Military_UnderFire10;", "Message_Localised":"I'm under attack.", "Channel":"npc" }
{ "timestamp":"2017-04-24T03:26:25Z", "event":"Bounty", "Target":"python", "TotalReward":0, "VictimFaction":"Independent Cherets Labour" }
{ "timestamp":"2017-04-24T03:26:25Z", "event":"FactionKillBond", "Reward":59800, "AwardingFaction":"Cherets Company", "VictimFaction":"Independent Cherets Labour" }
{ "timestamp":"2017-04-24T03:26:34Z", "event":"ReceiveText", "From":"$ShipName_Military_Federation;", "From_Localised":"Federal Navy Ship", "Message":"$Military_UnderFire01;", "Message_Localised":"Bandit on my six...", "Channel":"npc" }
{ "timestamp":"2017-04-24T03:27:44Z", "event":"HeatWarning" }
{ "timestamp":"2017-04-24T03:28:42Z", "event":"ReceiveText", "From":"$ShipName_Military_Federation;", "From_Localised":"Federal Navy Ship", "Message":"$Military_UnderFire07;", "Message_Localised":"You've just made a big mistake.", "Channel":"npc" }
{ "timestamp":"2017-04-24T03:29:25Z", "event":"Bounty", "Target":"federation_dropship", "TotalReward":0, "VictimFaction":"Independent Cherets Labour" }
{ "timestamp":"2017-04-24T03:29:25Z", "event":"FactionKillBond", "Reward":50600, "AwardingFaction":"Cherets Company", "VictimFaction":"Independent Cherets Labour" }
{ "timestamp":"2017-04-24T03:29:28Z", "event":"ReceiveText", "From":"$ShipName_Military_Federation;", "From_Localised":"Federal Navy Ship", "Message":"$Military_UnderFire04;", "Message_Localised":"Your ticket is about to get well and truly punched.", "Channel":"npc" }
{ "timestamp":"2017-04-24T03:29:38Z", "event":"HeatWarning" }
{ "timestamp":"2017-04-24T03:30:24Z", "event":"ReceiveText", "From":"$ShipName_Military_Federation;", "From_Localised":"Federal Navy Ship", "Message":"$Military_UnderFire03;", "Message_Localised":"Time to show you what a real pilot can do... ", "Channel":"npc" }
{ "timestamp":"2017-04-24T03:30:39Z", "event":"Bounty", "Target":"federation_dropship_mkii", "TotalReward":0, "VictimFaction":"Independent Cherets Labour" }
{ "timestamp":"2017-04-24T03:30:39Z", "event":"FactionKillBond", "Reward":50600, "AwardingFaction":"Cherets Company", "VictimFaction":"Independent Cherets Labour" }
{ "timestamp":"2017-04-24T03:31:26Z", "event":"ReceiveText", "From":"$ShipName_Military_Federation;", "From_Localised":"Federal Navy Ship", "Message":"$Military_UnderFire02;", "Message_Localised":"You picked the wrong fight today, Commander.", "Channel":"npc" }
{ "timestamp":"2017-04-24T03:31:49Z", "event":"Bounty", "Target":"vulture", "TotalReward":0, "VictimFaction":"Independent Cherets Labour" }
{ "timestamp":"2017-04-24T03:31:49Z", "event":"FactionKillBond", "Reward":41400, "AwardingFaction":"Cherets Company", "VictimFaction":"Independent Cherets Labour" }
{ "timestamp":"2017-04-24T03:32:24Z", "event":"Bounty", "Target":"eagle", "TotalReward":0, "VictimFaction":"Independent Cherets Labour" }
{ "timestamp":"2017-04-24T03:32:24Z", "event":"FactionKillBond", "Reward":9200, "AwardingFaction":"Cherets Company", "VictimFaction":"Independent Cherets Labour" }
{ "timestamp":"2017-04-24T03:32:53Z", "event":"ReceiveText", "From":"$ShipName_Military_Federation;", "From_Localised":"Federal Navy Ship", "Message":"$Military_UnderFire07;", "Message_Localised":"You've just made a big mistake.", "Channel":"npc" }
{ "timestamp":"2017-04-24T03:32:57Z", "event":"ReceiveText", "From":"$ShipName_Military_Federation;", "From_Localised":"Federal Navy Ship", "Message":"$Military_UnderFire06;", "Message_Localised":"I'm taking hits!", "Channel":"npc" }
{ "timestamp":"2017-04-24T03:33:07Z", "event":"ReceiveText", "From":"$ShipName_Military_Federation;", "From_Localised":"Federal Navy Ship", "Message":"$Military_UnderFire08;", "Message_Localised":"Enemy fire incoming!", "Channel":"npc" }
{ "timestamp":"2017-04-24T03:33:15Z", "event":"ReceiveText", "From":"$ShipName_Military_Federation;", "From_Localised":"Federal Navy Ship", "Message":"$Military_UnderFire10;", "Message_Localised":"I'm under attack.", "Channel":"npc" }
{ "timestamp":"2017-04-24T03:33:57Z", "event":"Bounty", "Target":"python", "TotalReward":0, "VictimFaction":"Independent Cherets Labour" }
{ "timestamp":"2017-04-24T03:33:57Z", "event":"FactionKillBond", "Reward":59800, "AwardingFaction":"Cherets Company", "VictimFaction":"Independent Cherets Labour" }
{ "timestamp":"2017-04-24T03:34:14Z", "event":"MaterialCollected", "Category":"Encoded", "Name":"encodedscandata", "Count":3 }
{ "timestamp":"2017-04-24T03:34:19Z", "event":"ReceiveText", "From":"$ShipName_Military_Federation;", "From_Localised":"Federal Navy Ship", "Message":"$Military_UnderFire02;", "Message_Localised":"You picked the wrong fight today, Commander.", "Channel":"npc" }
{ "timestamp":"2017-04-24T03:35:40Z", "event":"HeatWarning" }
{ "timestamp":"2017-04-24T03:35:54Z", "event":"HeatWarning" }
{ "timestamp":"2017-04-24T03:36:18Z", "event":"HeatWarning" }
{ "timestamp":"2017-04-24T03:37:03Z", "event":"StartJump", "JumpType":"Supercruise" }
{ "timestamp":"2017-04-24T03:37:08Z", "event":"SupercruiseEntry", "StarSystem":"Cherets" }
{ "timestamp":"2017-04-24T03:37:44Z", "event":"SupercruiseExit", "StarSystem":"Cherets", "Body":"Cherets A 7", "BodyType":"Planet" }
{ "timestamp":"2017-04-24T03:38:08Z", "event":"Bounty", "Target":"asp_scout", "TotalReward":0, "VictimFaction":"Independent Cherets Labour" }
{ "timestamp":"2017-04-24T03:38:08Z", "event":"FactionKillBond", "Reward":27600, "AwardingFaction":"Cherets Company", "VictimFaction":"Independent Cherets Labour" }
{ "timestamp":"2017-04-24T03:38:26Z", "event":"Bounty", "Target":"viper_mkiv", "TotalReward":0, "VictimFaction":"Independent Cherets Labour" }
{ "timestamp":"2017-04-24T03:38:26Z", "event":"FactionKillBond", "Reward":23000, "AwardingFaction":"Cherets Company", "VictimFaction":"Independent Cherets Labour" }
{ "timestamp":"2017-04-24T03:38:41Z", "event":"ShieldState", "ShieldsUp":false }
{ "timestamp":"2017-04-24T03:38:43Z", "event":"HullDamage", "Health":0.793853, "PlayerPilot":true, "Fighter":false }
{ "timestamp":"2017-04-24T03:38:48Z", "event":"HullDamage", "Health":0.558771, "PlayerPilot":true, "Fighter":false }
{ "timestamp":"2017-04-24T03:39:00Z", "event":"HullDamage", "Health":0.387812, "PlayerPilot":true, "Fighter":false }
{ "timestamp":"2017-04-24T03:39:42Z", "event":"Cargo", "Inventory":[ { "Name":"articulationmotors", "Count":4 } ] }
{ "timestamp":"2017-04-24T03:39:42Z", "event":"Loadout", "Ship":"Vulture", "ShipID":3, "ShipName":"SS Minnow Johnson", "ShipIdent":"CR-1", "Modules":[ { "Slot":"LargeHardpoint1", "Item":"Hpt_PulseLaser_Gimbal_Large", "On":true, "Priority":0, "Health":0.272703, "Value":140600 }, { "Slot":"LargeHardpoint2", "Item":"Hpt_PulseLaser_Gimbal_Large", "On":true, "Priority":0, "Health":0.363592, "Value":140600 }, { "Slot":"TinyHardpoint1", "Item":"Hpt_ShieldBooster_Size0_Class5", "On":true, "Priority":0, "Health":0.037757, "Value":281000 }, { "Slot":"TinyHardpoint2", "Item":"Hpt_ShieldBooster_Size0_Class5", "On":true, "Priority":0, "Health":0.000000, "Value":281000 }, { "Slot":"TinyHardpoint3", "Item":"Hpt_ChaffLauncher_Tiny", "On":true, "Priority":0, "AmmoInClip":1, "AmmoInHopper":2, "Health":0.925000, "Value":8500 }, { "Slot":"TinyHardpoint4", "Item":"Hpt_ChaffLauncher_Tiny", "On":true, "Priority":0, "AmmoInHopper":2, "Health":0.800000, "Value":8500 }, { "Slot":"Armour", "Item":"Vulture_Armour_Grade1", "On":true, "Priority":1, "Health":1.000000, "Value":0 }, { "Slot":"PaintJob", "Item":"PaintJob_Vulture_Tactical_White", "On":true, "Priority":1, "Health":1.000000, "Value":0 }, { "Slot":"PowerPlant", "Item":"Int_Powerplant_Size4_Class5", "On":true, "Priority":1, "Health":0.877569, "Value":1610080, "EngineerBlueprint":"PowerPlant_Boosted", "EngineerLevel":1 }, { "Slot":"MainEngines", "Item":"Int_Engine_Size5_Class5", "On":true, "Priority":0, "Health":0.000000, "Value":5103953 }, { "Slot":"FrameShiftDrive", "Item":"Int_Hyperdrive_Size4_Class5", "On":true, "Priority":1, "Health":0.990000, "Value":1610080 }, { "Slot":"LifeSupport", "Item":"Int_LifeSupport_Size3_Class1", "On":true, "Priority":0, "Health":0.990196, "Value":4053 }, { "Slot":"PowerDistributor", "Item":"Int_PowerDistributor_Size5_Class5", "On":true, "Priority":0, "Health":0.973894, "Value":1241317, "EngineerBlueprint":"PowerDistributor_HighFrequency", "EngineerLevel":1 }, { "Slot":"Radar", "Item":"Int_Sensors_Size4_Class5", "On":true, "Priority":0, "Health":0.812562, "Value":443328 }, { "Slot":"FuelTank", "Item":"Int_FuelTank_Size3_Class3", "On":true, "Priority":1, "Health":1.000000, "Value":7063 }, { "Slot":"Slot01_Size5", "Item":"Int_ShieldGenerator_Size5_Class3_Fast", "On":true, "Priority":0, "Health":0.968750, "Value":850659 }, { "Slot":"Slot02_Size4", "Item":"Int_ShieldCellBank_Size4_Class4", "On":true, "Priority":0, "Health":0.807148, "Value":177331 }, { "Slot":"Slot03_Size2", "Item":"Int_CargoRack_Size2_Class1", "On":true, "Priority":1, "Health":1.000000, "Value":3250 }, { "Slot":"Slot05_Size1", "Item":"Int_FuelScoop_Size1_Class4", "On":true, "Priority":1, "Health":0.964286, "Value":20568 }, { "Slot":"Slot06_Size1", "Item":"Int_StellarBodyDiscoveryScanner_Standard", "On":true, "Priority":1, "Health":0.962500, "Value":1000 }, { "Slot":"Military01", "Item":"Int_HullReinforcement_Size4_Class2", "On":true, "Priority":1, "Health":1.000000, "Value":195000 }, { "Slot":"ShipName0", "Item":"Nameplate_Practical01_Black", "On":true, "Priority":1, "Health":1.000000, "Value":0 }, { "Slot":"ShipName1", "Item":"Nameplate_ShipID_DoubleLine_Black", "On":true, "Priority":1, "Health":1.000000, "Value":0 }, { "Slot":"PlanetaryApproachSuite", "Item":"Int_PlanetApproachSuite", "On":true, "Priority":1, "Health":1.000000, "Value":500 }, { "Slot":"ShipKitSpoiler", "Item":"Vulture_Shipkit1_Spoiler3", "On":true, "Priority":1, "Health":1.000000, "Value":0 }, { "Slot":"ShipKitWings", "Item":"Vulture_Shipkit1_Wings1", "On":true, "Priority":1, "Health":1.000000, "Value":0 }, { "Slot":"ShipKitTail", "Item":"Vulture_Shipkit1_Tail3", "On":true, "Priority":1, "Health":1.000000, "Value":0 }, { "Slot":"ShipKitBumper", "Item":"Vulture_Shipkit1_Bumper4", "On":true, "Priority":1, "Health":1.000000, "Value":0 }, { "Slot":"ShipCockpit", "Item":"Vulture_Cockpit", "On":true, "Priority":1, "Health":1.000000, "Value":0 }, { "Slot":"CargoHatch", "Item":"ModularCargoBayDoor", "On":true, "Priority":1, "Health":0.825000, "Value":0 } ] }
{ "timestamp":"2017-04-24T03:39:42Z", "event":"Materials", "Raw":[ { "Name":"iron", "Count":8 }, { "Name":"sulphur", "Count":41 }, { "Name":"phosphorus", "Count":30 }, { "Name":"manganese", "Count":12 }, { "Name":"nickel", "Count":11 }, { "Name":"carbon", "Count":11 }, { "Name":"cadmium", "Count":12 }, { "Name":"germanium", "Count":3 }, { "Name":"tungsten", "Count":3 }, { "Name":"arsenic", "Count":3 }, { "Name":"zinc", "Count":6 }, { "Name":"selenium", "Count":12 }, { "Name":"vanadium", "Count":3 }, { "Name":"antimony", "Count":3 } ], "Manufactured":[ { "Name":"hybridcapacitors", "Count":1 }, { "Name":"focuscrystals", "Count":1 }, { "Name":"salvagedalloys", "Count":1 }, { "Name":"shieldemitters", "Count":5 }, { "Name":"galvanisingalloys", "Count":4 }, { "Name":"phasealloys", "Count":10 }, { "Name":"highdensitycomposites", "Count":6 }, { "Name":"compoundshielding", "Count":6 }, { "Name":"refinedfocuscrystals", "Count":2 }, { "Name":"conductivecomponents", "Count":4 }, { "Name":"heatresistantceramics", "Count":1 }, { "Name":"precipitatedalloys", "Count":3 }, { "Name":"wornshieldemitters", "Count":3 }, { "Name":"shieldingsensors", "Count":3 }, { "Name":"thermicalloys", "Count":2 }, { "Name":"mechanicalequipment", "Count":1 } ], "Encoded":[ { "Name":"shieldcyclerecordings", "Count":66 }, { "Name":"emissiondata", "Count":31 }, { "Name":"encodedscandata", "Count":6 }, { "Name":"decodedemissiondata", "Count":87 }, { "Name":"shieldsoakanalysis", "Count":24 }, { "Name":"scandatabanks", "Count":33 }, { "Name":"bulkscandata", "Count":16 }, { "Name":"archivedemissiondata", "Count":2 }, { "Name":"shielddensityreports", "Count":54 }, { "Name":"shieldpatternanalysis", "Count":44 }, { "Name":"compactemissionsdata", "Count":5 }, { "Name":"shieldfrequencydata", "Count":3 }, { "Name":"consumerfirmware", "Count":1 }, { "Name":"hyperspacetrajectories", "Count":1 }, { "Name":"scrambledemissiondata", "Count":1 }, { "Name":"scanarchives", "Count":20 }, { "Name":"classifiedscandata", "Count":4 }, { "Name":"disruptedwakeechoes", "Count":3 }, { "Name":"securityfirmware", "Count":1 }, { "Name":"encryptionarchives", "Count":3 } ] }
{ "timestamp":"2017-04-24T03:39:42Z", "event":"LoadGame", "Commander":"Kith000", "Ship":"Vulture", "ShipID":3, "ShipName":"SS Minnow Johnson", "ShipIdent":"CR-1", "FuelLevel":8.000000, "FuelCapacity":8.000000, "GameMode":"Group", "Group":"MOBIUS PVE", "Credits":67620085, "Loan":0 }
{ "timestamp":"2017-04-24T03:39:42Z", "event":"Rank", "Combat":5, "Trade":4, "Explore":2, "Empire":1, "Federation":2, "CQC":0 }
{ "timestamp":"2017-04-24T03:39:42Z", "event":"Progress", "Combat":36, "Trade":72, "Explore":21, "Empire":23, "Federation":83, "CQC":40 }
{ "timestamp":"2017-04-24T03:39:47Z", "event":"Location", "Docked":false, "StarSystem":"Cherets", "StarPos":[-65.938,35.531,-68.719], "SystemAllegiance":"Federation", "SystemEconomy":"$economy_Agri;", "SystemEconomy_Localised":"Agriculture", "SystemGovernment":"$government_Democracy;", "SystemGovernment_Localised":"Democracy", "SystemSecurity":"$SYSTEM_SECURITY_high;", "SystemSecurity_Localised":"High Security", "Body":"Cherets A 7", "BodyType":"Planet", "Factions":[ { "Name":"Independent Cherets Labour", "FactionState":"CivilWar", "Government":"Democracy", "Influence":0.372627, "Allegiance":"Federation" }, { "Name":"Ogowenk Shrine", "FactionState":"None", "Government":"Theocracy", "Influence":0.060939, "Allegiance":"Independent" }, { "Name":"Tones Confederacy", "FactionState":"Boom", "Government":"Confederacy", "Influence":0.169830, "Allegiance":"Independent" }, { "Name":"Cherets Creative Corp.", "FactionState":"Boom", "Government":"Corporate", "Influence":0.112887, "Allegiance":"Independent" }, { "Name":"Traditional Cherets Front", "FactionState":"None", "Government":"Dictatorship", "Influence":0.077922, "Allegiance":"Independent" }, { "Name":"Cherets Company", "FactionState":"CivilWar", "Government":"Corporate", "Influence":0.145854, "Allegiance":"Independent" }, { "Name":"Cherets Crimson Clan", "FactionState":"None", "Government":"Anarchy", "Influence":0.059940, "Allegiance":"Independent" } ], "SystemFaction":"Independent Cherets Labour", "FactionState":"CivilWar" }
{ "timestamp":"2017-04-24T03:40:24Z", "event":"RebootRepair", "Modules":[ "MainEngines", "TinyHardpoint2" ] }
{ "timestamp":"2017-04-24T03:40:25Z", "event":"ShieldState", "ShieldsUp":true }
{ "timestamp":"2017-04-24T03:40:39Z", "event":"StartJump", "JumpType":"Supercruise" }
{ "timestamp":"2017-04-24T03:40:44Z", "event":"SupercruiseEntry", "StarSystem":"Cherets" }
{ "timestamp":"2017-04-24T03:40:59Z", "event":"SupercruiseExit", "StarSystem":"Cherets", "Body":"Buckey Hub", "BodyType":"Station" }
{ "timestamp":"2017-04-24T03:41:08Z", "event":"DockingRequested", "StationName":"Buckey Hub" }
{ "timestamp":"2017-04-24T03:41:08Z", "event":"ReceiveText", "From":"Buckey Hub", "Message":"$DockingChatter_Neutral;", "Message_Localised":"Ensure to observe starport protocol during your visit, pilot.", "Channel":"npc" }
{ "timestamp":"2017-04-24T03:41:09Z", "event":"ReceiveText", "From":"Buckey Hub", "Message":"$STATION_docking_granted;", "Message_Localised":"Docking request granted.", "Channel":"npc" }
{ "timestamp":"2017-04-24T03:41:09Z", "event":"DockingGranted", "LandingPad":31, "StationName":"Buckey Hub" }
{ "timestamp":"2017-04-24T03:41:19Z", "event":"ReceiveText", "From":"Buckey Hub", "Message":"$STATION_NoFireZone_entered;", "Message_Localised":"No fire zone entered.", "Channel":"npc" }
{ "timestamp":"2017-04-24T03:42:05Z", "event":"Docked", "StationName":"Buckey Hub", "StationType":"Coriolis", "StarSystem":"Cherets", "StationFaction":"Independent Cherets Labour", "FactionState":"CivilWar", "StationGovernment":"$government_Democracy;", "StationGovernment_Localised":"Democracy", "StationAllegiance":"Federation", "StationEconomy":"$economy_Agri;", "StationEconomy_Localised":"Agriculture", "DistFromStarLS":108.729019 }
{ "timestamp":"2017-04-24T03:42:13Z", "event":"BuyAmmo", "Cost":3200 }
{ "timestamp":"2017-04-24T03:42:15Z", "event":"RepairAll", "Cost":65787 }
{ "timestamp":"2017-04-24T03:42:17Z", "event":"RefuelAll", "Cost":24, "Amount":0.471155 }
{ "timestamp":"2017-04-24T03:42:27Z", "event":"RedeemVoucher", "Type":"CombatBond", "Amount":284832, "Faction":"Cherets Company" }
{ "timestamp":"2017-04-24T03:42:54Z", "event":"MissionAccepted", "Faction":"Cherets Company", "Name":"Mission_Massacre_Conflict_War", "TargetFaction":"Independent Cherets Labour", "KillCount":60, "DestinationSystem":"Cherets", "DestinationStation":"Buckey Hub", "Expiry":"2017-04-25T00:56:10Z", "Influence":"High", "Reputation":"Med", "MissionID":128302634 }
{ "timestamp":"2017-04-24T03:43:09Z", "event":"Undocked", "StationName":"Buckey Hub", "StationType":"Coriolis" }
{ "timestamp":"2017-04-24T03:43:31Z", "event":"ReceiveText", "From":"Buckey Hub", "Message":"$STATION_NoFireZone_exited;", "Message_Localised":"No fire zone left.", "Channel":"npc" }
{ "timestamp":"2017-04-24T03:43:42Z", "event":"StartJump", "JumpType":"Supercruise" }
{ "timestamp":"2017-04-24T03:43:47Z", "event":"SupercruiseEntry", "StarSystem":"Cherets" }
{ "timestamp":"2017-04-24T03:44:01Z", "event":"SupercruiseExit", "StarSystem":"Cherets", "Body":"Cherets A 7", "BodyType":"Planet" }
{ "timestamp":"2017-04-24T03:44:14Z", "event":"MaterialCollected", "Category":"Encoded", "Name":"shieldsoakanalysis", "Count":3 }
{ "timestamp":"2017-04-24T03:44:28Z", "event":"RebootRepair", "Modules":[  ] }
{ "timestamp":"2017-04-24T03:44:29Z", "event":"ShieldState", "ShieldsUp":true }
{ "timestamp":"2017-04-24T03:45:50Z", "event":"Bounty", "Target":"viper", "TotalReward":0, "VictimFaction":"Independent Cherets Labour" }
{ "timestamp":"2017-04-24T03:45:50Z", "event":"FactionKillBond", "Reward":23000, "AwardingFaction":"Cherets Company", "VictimFaction":"Independent Cherets Labour" }
{ "timestamp":"2017-04-24T03:46:27Z", "event":"Bounty", "Target":"federation_dropship_mkii", "TotalReward":0, "VictimFaction":"Independent Cherets Labour" }
{ "timestamp":"2017-04-24T03:46:27Z", "event":"FactionKillBond", "Reward":50600, "AwardingFaction":"Cherets Company", "VictimFaction":"Independent Cherets Labour" }
{ "timestamp":"2017-04-24T03:46:36Z", "event":"ReceiveText", "From":"$ShipName_Military_Federation;", "From_Localised":"Federal Navy Ship", "Message":"$Military_UnderFire10;", "Message_Localised":"I'm under attack.", "Channel":"npc" }
{ "timestamp":"2017-04-24T03:48:06Z", "event":"Bounty", "Target":"vulture", "TotalReward":0, "VictimFaction":"Independent Cherets Labour" }
{ "timestamp":"2017-04-24T03:48:06Z", "event":"FactionKillBond", "Reward":41400, "AwardingFaction":"Cherets Company", "VictimFaction":"Independent Cherets Labour" }
{ "timestamp":"2017-04-24T03:48:56Z", "event":"Bounty", "Target":"federation_dropship", "TotalReward":0, "VictimFaction":"Independent Cherets Labour" }
{ "timestamp":"2017-04-24T03:48:56Z", "event":"FactionKillBond", "Reward":50600, "AwardingFaction":"Cherets Company", "VictimFaction":"Independent Cherets Labour" }
{ "timestamp":"2017-04-24T03:49:19Z", "event":"Bounty", "Target":"eagle", "TotalReward":0, "VictimFaction":"Independent Cherets Labour" }
{ "timestamp":"2017-04-24T03:49:19Z", "event":"FactionKillBond", "Reward":9200, "AwardingFaction":"Cherets Company", "VictimFaction":"Independent Cherets Labour" }
{ "timestamp":"2017-04-24T03:49:34Z", "event":"ReceiveText", "From":"$ShipName_Military_Federation;", "From_Localised":"Federal Navy Ship", "Message":"$Military_UnderFire05;", "Message_Localised":"Incoming...", "Channel":"npc" }
{ "timestamp":"2017-04-24T03:50:08Z", "event":"Bounty", "Target":"cobramkiii", "TotalReward":0, "VictimFaction":"Independent Cherets Labour" }
{ "timestamp":"2017-04-24T03:50:08Z", "event":"FactionKillBond", "Reward":18400, "AwardingFaction":"Cherets Company", "VictimFaction":"Independent Cherets Labour" }
{ "timestamp":"2017-04-24T03:50:39Z", "event":"Bounty", "Target":"asp_scout", "TotalReward":0, "VictimFaction":"Independent Cherets Labour" }
{ "timestamp":"2017-04-24T03:50:39Z", "event":"FactionKillBond", "Reward":27600, "AwardingFaction":"Cherets Company", "VictimFaction":"Independent Cherets Labour" }
{ "timestamp":"2017-04-24T03:50:59Z", "event":"Bounty", "Target":"federation_dropship", "TotalReward":0, "VictimFaction":"Independent Cherets Labour" }
{ "timestamp":"2017-04-24T03:50:59Z", "event":"FactionKillBond", "Reward":50600, "AwardingFaction":"Cherets Company", "VictimFaction":"Independent Cherets Labour" }
{ "timestamp":"2017-04-24T03:51:39Z", "event":"Bounty", "Target":"federation_corvette", "TotalReward":0, "VictimFaction":"Independent Cherets Labour" }
{ "timestamp":"2017-04-24T03:51:39Z", "event":"FactionKillBond", "Reward":101200, "AwardingFaction":"Cherets Company", "VictimFaction":"Independent Cherets Labour" }
{ "timestamp":"2017-04-24T03:52:31Z", "event":"StartJump", "JumpType":"Supercruise" }
{ "timestamp":"2017-04-24T03:52:36Z", "event":"SupercruiseEntry", "StarSystem":"Cherets" }
{ "timestamp":"2017-04-24T03:52:53Z", "event":"SupercruiseExit", "StarSystem":"Cherets", "Body":"Cherets A 7", "BodyType":"Planet" }
{ "timestamp":"2017-04-24T03:54:36Z", "event":"ReceiveText", "From":"$ShipName_Military_Federation;", "From_Localised":"Federal Navy Ship", "Message":"$Military_UnderFire06;", "Message_Localised":"I'm taking hits!", "Channel":"npc" }
{ "timestamp":"2017-04-24T03:55:04Z", "event":"ReceiveText", "From":"$ShipName_Military_Federation;", "From_Localised":"Federal Navy Ship", "Message":"$Military_UnderFire08;", "Message_Localised":"Enemy fire incoming!", "Channel":"npc" }
{ "timestamp":"2017-04-24T03:55:56Z", "event":"Bounty", "Target":"federation_dropship", "TotalReward":0, "VictimFaction":"Independent Cherets Labour" }
{ "timestamp":"2017-04-24T03:55:56Z", "event":"FactionKillBond", "Reward":50600, "AwardingFaction":"Cherets Company", "VictimFaction":"Independent Cherets Labour" }
{ "timestamp":"2017-04-24T03:56:23Z", "event":"MaterialCollected", "Category":"Encoded", "Name":"shielddensityreports", "Count":3 }
{ "timestamp":"2017-04-24T03:56:44Z", "event":"HeatWarning" }
{ "timestamp":"2017-04-24T03:57:31Z", "event":"Bounty", "Target":"asp_scout", "TotalReward":0, "VictimFaction":"Independent Cherets Labour" }
{ "timestamp":"2017-04-24T03:57:31Z", "event":"FactionKillBond", "Reward":27600, "AwardingFaction":"Cherets Company", "VictimFaction":"Independent Cherets Labour" }
{ "timestamp":"2017-04-24T03:58:12Z", "event":"Bounty", "Target":"asp", "TotalReward":0, "VictimFaction":"Independent Cherets Labour" }
{ "timestamp":"2017-04-24T03:58:12Z", "event":"FactionKillBond", "Reward":32200, "AwardingFaction":"Cherets Company", "VictimFaction":"Independent Cherets Labour" }
{ "timestamp":"2017-04-24T03:58:33Z", "event":"Bounty", "Target":"viper_mkiv", "TotalReward":0, "VictimFaction":"Independent Cherets Labour" }
{ "timestamp":"2017-04-24T03:58:33Z", "event":"FactionKillBond", "Reward":23000, "AwardingFaction":"Cherets Company", "VictimFaction":"Independent Cherets Labour" }
{ "timestamp":"2017-04-24T03:58:47Z", "event":"Bounty", "Target":"viper_mkiv", "TotalReward":0, "VictimFaction":"Independent Cherets Labour" }
{ "timestamp":"2017-04-24T03:58:47Z", "event":"FactionKillBond", "Reward":23000, "AwardingFaction":"Cherets Company", "VictimFaction":"Independent Cherets Labour" }
{ "timestamp":"2017-04-24T03:59:48Z", "event":"Bounty", "Target":"federation_gunship", "TotalReward":0, "VictimFaction":"Independent Cherets Labour" }
{ "timestamp":"2017-04-24T03:59:48Z", "event":"FactionKillBond", "Reward":50600, "AwardingFaction":"Cherets Company", "VictimFaction":"Independent Cherets Labour" }
{ "timestamp":"2017-04-24T04:00:18Z", "event":"Bounty", "Target":"viper", "TotalReward":0, "VictimFaction":"Independent Cherets Labour" }
{ "timestamp":"2017-04-24T04:00:18Z", "event":"FactionKillBond", "Reward":23000, "AwardingFaction":"Cherets Company", "VictimFaction":"Independent Cherets Labour" }
{ "timestamp":"2017-04-24T04:00:29Z", "event":"Bounty", "Target":"eagle", "TotalReward":0, "VictimFaction":"Independent Cherets Labour" }
{ "timestamp":"2017-04-24T04:00:29Z", "event":"FactionKillBond", "Reward":9200, "AwardingFaction":"Cherets Company", "VictimFaction":"Independent Cherets Labour" }
{ "timestamp":"2017-04-24T04:01:39Z", "event":"Bounty", "Target":"viper_mkiv", "TotalReward":0, "VictimFaction":"Independent Cherets Labour" }
{ "timestamp":"2017-04-24T04:01:39Z", "event":"FactionKillBond", "Reward":23000, "AwardingFaction":"Cherets Company", "VictimFaction":"Independent Cherets Labour" }
{ "timestamp":"2017-04-24T04:01:56Z", "event":"ReceiveText", "From":"$ShipName_Military_Federation;", "From_Localised":"Federal Navy Ship", "Message":"$Military_UnderFire06;", "Message_Localised":"I'm taking hits!", "Channel":"npc" }
{ "timestamp":"2017-04-24T04:02:14Z", "event":"Bounty", "Target":"cobramkiii", "TotalReward":0, "VictimFaction":"Independent Cherets Labour" }
{ "timestamp":"2017-04-24T04:02:14Z", "event":"FactionKillBond", "Reward":18400, "AwardingFaction":"Cherets Company", "VictimFaction":"Independent Cherets Labour" }
{ "timestamp":"2017-04-24T04:02:31Z", "event":"ReceiveText", "From":"$ShipName_Military_Federation;", "From_Localised":"Federal Navy Ship", "Message":"$Military_UnderFire05;", "Message_Localised":"Incoming...", "Channel":"npc" }
{ "timestamp":"2017-04-24T04:02:36Z", "event":"ReceiveText", "From":"$ShipName_Military_Federation;", "From_Localised":"Federal Navy Ship", "Message":"$Military_UnderFire01;", "Message_Localised":"Bandit on my six...", "Channel":"npc" }
{ "timestamp":"2017-04-24T04:02:50Z", "event":"ReceiveText", "From":"$ShipName_Military_Federation;", "From_Localised":"Federal Navy Ship", "Message":"$Military_UnderFire09;", "Message_Localised":"Allow me to show you the error of your ways.", "Channel":"npc" }
{ "timestamp":"2017-04-24T04:03:10Z", "event":"ReceiveText", "From":"$ShipName_Military_Federation;", "From_Localised":"Federal Navy Ship", "Message":"$Military_UnderFire03;", "Message_Localised":"Time to show you what a real pilot can do... ", "Channel":"npc" }
{ "timestamp":"2017-04-24T04:03:47Z", "event":"HeatWarning" }
{ "timestamp":"2017-04-24T04:04:26Z", "event":"ReceiveText", "From":"$ShipName_Military_Federation;", "From_Localised":"Federal Navy Ship", "Message":"$Military_UnderFire02;", "Message_Localised":"You picked the wrong fight today, Commander.", "Channel":"npc" }
{ "timestamp":"2017-04-24T04:04:52Z", "event":"Bounty", "Target":"federation_dropship", "TotalReward":0, "VictimFaction":"Independent Cherets Labour" }
{ "timestamp":"2017-04-24T04:04:52Z", "event":"FactionKillBond", "Reward":50600, "AwardingFaction":"Cherets Company", "VictimFaction":"Independent Cherets Labour" }
{ "timestamp":"2017-04-24T04:05:31Z", "event":"FactionKillBond", "Reward":4600, "AwardingFaction":"Cherets Company", "VictimFaction":"Independent Cherets Labour" }
{ "timestamp":"2017-04-24T04:07:08Z", "event":"StartJump", "JumpType":"Supercruise" }
{ "timestamp":"2017-04-24T04:07:13Z", "event":"SupercruiseEntry", "StarSystem":"Cherets" }
{ "timestamp":"2017-04-24T04:07:29Z", "event":"ReceiveText", "From":"$npc_name_decorate:#name=Joshua Longstaff;", "From_Localised":"Joshua Longstaff", "Message":"$Pirate_HunterHostileSC_Relevant04;", "Message_Localised":"Big haul like that, surprised you made it this far.", "Channel":"npc" }
{ "timestamp":"2017-04-24T04:07:47Z", "event":"ReceiveText", "From":"$npc_name_decorate:#name=Joshua Longstaff;", "From_Localised":"Joshua Longstaff", "Message":"$Pirate_StartInterdiction08;", "Message_Localised":"I've found my next target and it's you, Commander.", "Channel":"npc" }
{ "timestamp":"2017-04-24T04:07:52Z", "event":"Interdicted", "Submitted":true, "Interdictor":"Joshua Longstaff", "IsPlayer":false, "Faction":"Independent Cherets Labour" }
{ "timestamp":"2017-04-24T04:08:02Z", "event":"Interdicted", "Submitted":true, "Interdictor":"Joshua Longstaff", "IsPlayer":false, "Faction":"Independent Cherets Labour" }
{ "timestamp":"2017-04-24T04:08:12Z", "event":"Interdicted", "Submitted":true, "Interdictor":"Joshua Longstaff", "IsPlayer":false, "Faction":"Independent Cherets Labour" }
{ "timestamp":"2017-04-24T04:08:40Z", "event":"Interdicted", "Submitted":true, "Interdictor":"Joshua Longstaff", "IsPlayer":false, "Faction":"Independent Cherets Labour" }
