{ "timestamp":"2017-01-15T05:23:06Z", "event":"Fileheader", "part":1, "language":"English\\UK", "gameversion":"2.2", "build":"r131487/r0 " }
{ "timestamp":"2017-01-15T05:33:28Z", "event":"LoadGame", "Commander":"Kith000", "Ship":"Independant_Trader", "ShipID":5, "GameMode":"Group", "Group":"MOBIUS PVE", "Credits":26574464, "Loan":0 }
{ "timestamp":"2017-01-15T05:33:28Z", "event":"Rank", "Combat":5, "Trade":3, "Explore":1, "Empire":0, "Federation":2, "CQC":0 }
{ "timestamp":"2017-01-15T05:33:28Z", "event":"Progress", "Combat":11, "Trade":42, "Explore":88, "Empire":100, "Federation":83, "CQC":40 }
{ "timestamp":"2017-01-15T05:33:56Z", "event":"Location", "Docked":false, "StarSystem":"Synuefe DJ-F a93-1", "StarPos":[350.500,-44.563,-70.188], "SystemAllegiance":"", "SystemEconomy":"$economy_None;", "SystemEconomy_Localised":"None", "SystemGovernment":"$government_None;", "SystemGovernment_Localised":"None", "SystemSecurity":"$SYSTEM_SECURITY_low;", "SystemSecurity_Localised":"Low Security", "Body":"Synuefe DJ-F a93-1", "BodyType":"Star" }
{ "timestamp":"2017-01-15T05:35:13Z", "event":"FSDJump", "StarSystem":"Synuefe HP-D a94-0", "StarPos":[346.938,-44.219,-64.750], "SystemAllegiance":"", "SystemEconomy":"$economy_None;", "SystemEconomy_Localised":"None", "SystemGovernment":"$government_None;", "SystemGovernment_Localised":"None", "SystemSecurity":"$SYSTEM_SECURITY_low;", "SystemSecurity_Localised":"Low Security", "JumpDist":6.510, "FuelUsed":0.247567, "FuelLevel":11.257178 }
{ "timestamp":"2017-01-15T05:35:59Z", "event":"FSDJump", "StarSystem":"Synuefe SP-B b47-3", "StarPos":[340.438,-48.500,-59.625], "SystemAllegiance":"", "SystemEconomy":"$economy_None;", "SystemEconomy_Localised":"None", "SystemGovernment":"$government_None;", "SystemGovernment_Localised":"None", "SystemSecurity":"$SYSTEM_SECURITY_low;", "SystemSecurity_Localised":"Low Security", "JumpDist":9.319, "FuelUsed":0.562262, "FuelLevel":10.694916 }
{ "timestamp":"2017-01-15T05:36:13Z", "event":"SupercruiseExit", "StarSystem":"Synuefe SP-B b47-3", "Body":"Synuefe SP-B b47-3", "BodyType":"Star" }
{ "timestamp":"2017-01-15T05:38:03Z", "event":"SupercruiseEntry", "StarSystem":"Synuefe SP-B b47-3" }
{ "timestamp":"2017-01-15T05:38:44Z", "event":"HeatWarning" }
{ "timestamp":"2017-01-15T05:38:55Z", "event":"FuelScoop", "Scooped":4.201727, "Total":15.737979 }
{ "timestamp":"2017-01-15T05:39:14Z", "event":"FSDJump", "StarSystem":"Synuefe SP-B b47-5", "StarPos":[335.969,-52.188,-62.750], "SystemAllegiance":"", "SystemEconomy":"$economy_None;", "SystemEconomy_Localised":"None", "SystemGovernment":"$government_None;", "SystemGovernment_Localised":"None", "SystemSecurity":"$SYSTEM_SECURITY_low;", "SystemSecurity_Localised":"Low Security", "JumpDist":6.583, "FuelUsed":0.262021, "FuelLevel":15.737979 }
{ "timestamp":"2017-01-15T05:39:39Z", "event":"FuelScoop", "Scooped":0.262021, "Total":16.000000 }
{ "timestamp":"2017-01-15T05:40:17Z", "event":"FSDJump", "StarSystem":"HR 3057", "StarPos":[336.969,-55.500,-65.438], "SystemAllegiance":"", "SystemEconomy":"$economy_None;", "SystemEconomy_Localised":"None", "SystemGovernment":"$government_None;", "SystemGovernment_Localised":"None", "SystemSecurity":"$SYSTEM_SECURITY_low;", "SystemSecurity_Localised":"Low Security", "JumpDist":4.381, "FuelUsed":0.102725, "FuelLevel":15.897275 }
{ "timestamp":"2017-01-15T05:40:43Z", "event":"FuelScoop", "Scooped":-0.273009, "Total":15.624266 }
{ "timestamp":"2017-01-15T05:41:01Z", "event":"FSDJump", "StarSystem":"Synuefe RP-B b47-6", "StarPos":[332.500,-61.656,-64.250], "SystemAllegiance":"", "SystemEconomy":"$economy_None;", "SystemEconomy_Localised":"None", "SystemGovernment":"$government_None;", "SystemGovernment_Localised":"None", "SystemSecurity":"$SYSTEM_SECURITY_low;", "SystemSecurity_Localised":"Low Security", "JumpDist":7.699, "FuelUsed":0.375735, "FuelLevel":15.624266 }
{ "timestamp":"2017-01-15T05:42:00Z", "event":"FSDJump", "StarSystem":"Synuefe VU-N c23-7", "StarPos":[327.313,-62.375,-62.531], "SystemAllegiance":"", "SystemEconomy":"$economy_None;", "SystemEconomy_Localised":"None", "SystemGovernment":"$government_None;", "SystemGovernment_Localised":"None", "SystemSecurity":"$SYSTEM_SECURITY_low;", "SystemSecurity_Localised":"Low Security", "JumpDist":5.512, "FuelUsed":0.173703, "FuelLevel":15.450562 }
{ "timestamp":"2017-01-15T05:42:17Z", "event":"ReceiveText", "From":"$npc_name_decorate:#name=Guzman;", "From_Localised":"Guzman", "Message":"$Pirate_HunterHostileSC_Relevant05;", "Message_Localised":"The rumour was right... good job I found you first.", "Channel":"npc" }
{ "timestamp":"2017-01-15T05:42:27Z", "event":"FuelScoop", "Scooped":0.549438, "Total":16.000000 }
{ "timestamp":"2017-01-15T05:43:01Z", "event":"FSDJump", "StarSystem":"Synuefe XP-N c23-20", "StarPos":[321.625,-65.438,-56.406], "SystemAllegiance":"", "SystemEconomy":"$economy_None;", "SystemEconomy_Localised":"None", "SystemGovernment":"$government_None;", "SystemGovernment_Localised":"None", "SystemSecurity":"$SYSTEM_SECURITY_low;", "SystemSecurity_Localised":"Low Security", "JumpDist":8.902, "FuelUsed":0.524611, "FuelLevel":15.475389 }
{ "timestamp":"2017-01-15T05:43:29Z", "event":"FuelScoop", "Scooped":0.524611, "Total":16.000000 }
{ "timestamp":"2017-01-15T05:43:50Z", "event":"FSDJump", "StarSystem":"Synuefe TK-B b47-3", "StarPos":[324.406,-67.313,-53.063], "SystemAllegiance":"", "SystemEconomy":"$economy_None;", "SystemEconomy_Localised":"None", "SystemGovernment":"$government_None;", "SystemGovernment_Localised":"None", "SystemSecurity":"$SYSTEM_SECURITY_low;", "SystemSecurity_Localised":"Low Security", "JumpDist":4.736, "FuelUsed":0.122892, "FuelLevel":15.877108 }
{ "timestamp":"2017-01-15T05:45:16Z", "event":"FSDJump", "StarSystem":"Synuefe XP-N c23-19", "StarPos":[325.406,-67.719,-52.063], "SystemAllegiance":"", "SystemEconomy":"$economy_None;", "SystemEconomy_Localised":"None", "SystemGovernment":"$government_None;", "SystemGovernment_Localised":"None", "SystemSecurity":"$SYSTEM_SECURITY_low;", "SystemSecurity_Localised":"Low Security", "JumpDist":1.471, "FuelUsed":0.008345, "FuelLevel":15.868763 }
{ "timestamp":"2017-01-15T05:45:37Z", "event":"FuelScoop", "Scooped":0.131237, "Total":16.000000 }
{ "timestamp":"2017-01-15T05:46:18Z", "event":"FSDJump", "StarSystem":"Synuefe XP-N c23-22", "StarPos":[325.813,-70.219,-47.156], "SystemAllegiance":"", "SystemEconomy":"$economy_None;", "SystemEconomy_Localised":"None", "SystemGovernment":"$government_None;", "SystemGovernment_Localised":"None", "SystemSecurity":"$SYSTEM_SECURITY_low;", "SystemSecurity_Localised":"Low Security", "JumpDist":5.521, "FuelUsed":0.174880, "FuelLevel":15.825120 }
{ "timestamp":"2017-01-15T05:46:50Z", "event":"FuelScoop", "Scooped":0.107002, "Total":15.932122 }
{ "timestamp":"2017-01-15T05:47:07Z", "event":"FSDJump", "StarSystem":"Synuefe XP-N c23-23", "StarPos":[324.719,-72.719,-44.719], "SystemAllegiance":"", "SystemEconomy":"$economy_None;", "SystemEconomy_Localised":"None", "SystemGovernment":"$government_None;", "SystemGovernment_Localised":"None", "SystemSecurity":"$SYSTEM_SECURITY_low;", "SystemSecurity_Localised":"Low Security", "JumpDist":3.659, "FuelUsed":0.067878, "FuelLevel":15.932122 }
{ "timestamp":"2017-01-15T05:47:32Z", "event":"FuelScoop", "Scooped":0.067878, "Total":16.000000 }
{ "timestamp":"2017-01-15T05:48:04Z", "event":"FSDJump", "StarSystem":"Synuefe TK-B b47-9", "StarPos":[319.625,-75.438,-46.531], "SystemAllegiance":"", "SystemEconomy":"$economy_None;", "SystemEconomy_Localised":"None", "SystemGovernment":"$government_None;", "SystemGovernment_Localised":"None", "SystemSecurity":"$SYSTEM_SECURITY_low;", "SystemSecurity_Localised":"Low Security", "JumpDist":6.052, "FuelUsed":0.215947, "FuelLevel":15.784053 }
{ "timestamp":"2017-01-15T05:48:28Z", "event":"FuelScoop", "Scooped":0.215947, "Total":16.000000 }
{ "timestamp":"2017-01-15T05:49:00Z", "event":"FSDJump", "StarSystem":"Synuefe XP-N c23-15", "StarPos":[320.719,-81.875,-46.688], "SystemAllegiance":"", "SystemEconomy":"$economy_None;", "SystemEconomy_Localised":"None", "SystemGovernment":"$government_None;", "SystemGovernment_Localised":"None", "SystemSecurity":"$SYSTEM_SECURITY_low;", "SystemSecurity_Localised":"Low Security", "JumpDist":6.532, "FuelUsed":0.257379, "FuelLevel":15.742620 }
{ "timestamp":"2017-01-15T05:49:35Z", "event":"FuelScoop", "Scooped":0.257380, "Total":16.000000 }
{ "timestamp":"2017-01-15T05:50:10Z", "event":"FSDJump", "StarSystem":"Synuefe VF-B b47-7", "StarPos":[321.063,-87.063,-45.781], "SystemAllegiance":"", "SystemEconomy":"$economy_None;", "SystemEconomy_Localised":"None", "SystemGovernment":"$government_None;", "SystemGovernment_Localised":"None", "SystemSecurity":"$SYSTEM_SECURITY_low;", "SystemSecurity_Localised":"Low Security", "JumpDist":5.277, "FuelUsed":0.157605, "FuelLevel":15.842395 }
{ "timestamp":"2017-01-15T05:50:36Z", "event":"FuelScoop", "Scooped":0.157605, "Total":16.000000 }
{ "timestamp":"2017-01-15T05:51:04Z", "event":"FSDJump", "StarSystem":"Synuefe ZL-Z b47-7", "StarPos":[318.438,-89.375,-41.938], "SystemAllegiance":"", "SystemEconomy":"$economy_None;", "SystemEconomy_Localised":"None", "SystemGovernment":"$government_None;", "SystemGovernment_Localised":"None", "SystemSecurity":"$SYSTEM_SECURITY_low;", "SystemSecurity_Localised":"Low Security", "JumpDist":5.197, "FuelUsed":0.152164, "FuelLevel":15.847836 }
{ "timestamp":"2017-01-15T05:51:28Z", "event":"FuelScoop", "Scooped":0.152164, "Total":16.000000 }
{ "timestamp":"2017-01-15T05:52:00Z", "event":"FSDJump", "StarSystem":"Synuefe YL-Z b47-5", "StarPos":[314.250,-95.656,-41.969], "SystemAllegiance":"", "SystemEconomy":"$economy_None;", "SystemEconomy_Localised":"None", "SystemGovernment":"$government_None;", "SystemGovernment_Localised":"None", "SystemSecurity":"$SYSTEM_SECURITY_low;", "SystemSecurity_Localised":"Low Security", "JumpDist":7.549, "FuelUsed":0.359084, "FuelLevel":15.640916 }
{ "timestamp":"2017-01-15T05:52:14Z", "event":"SupercruiseExit", "StarSystem":"Synuefe YL-Z b47-5", "Body":"Synuefe YL-Z b47-5 A", "BodyType":"Star" }
{ "timestamp":"2017-01-15T05:53:31Z", "event":"HeatWarning" }
{ "timestamp":"2017-01-15T05:53:58Z", "event":"FSDJump", "StarSystem":"Synuefe YL-Z b47-6", "StarPos":[309.094,-97.000,-41.781], "SystemAllegiance":"", "SystemEconomy":"$economy_None;", "SystemEconomy_Localised":"None", "SystemGovernment":"$government_None;", "SystemGovernment_Localised":"None", "SystemSecurity":"$SYSTEM_SECURITY_low;", "SystemSecurity_Localised":"Low Security", "JumpDist":5.332, "FuelUsed":0.161381, "FuelLevel":15.838619 }
{ "timestamp":"2017-01-15T05:53:58Z", "event":"HeatWarning" }
{ "timestamp":"2017-01-15T05:55:47Z", "event":"LoadGame", "Commander":"Kith000", "Ship":"Independant_Trader", "ShipID":5, "GameMode":"Group", "Group":"Kith000", "Credits":26574464, "Loan":0 }
{ "timestamp":"2017-01-15T05:55:47Z", "event":"Rank", "Combat":5, "Trade":3, "Explore":1, "Empire":0, "Federation":2, "CQC":0 }
{ "timestamp":"2017-01-15T05:55:47Z", "event":"Progress", "Combat":11, "Trade":42, "Explore":88, "Empire":100, "Federation":83, "CQC":40 }
{ "timestamp":"2017-01-15T05:56:07Z", "event":"Location", "Docked":false, "StarSystem":"Synuefe YL-Z b47-6", "StarPos":[309.094,-97.000,-41.781], "SystemAllegiance":"", "SystemEconomy":"$economy_None;", "SystemEconomy_Localised":"None", "SystemGovernment":"$government_None;", "SystemGovernment_Localised":"None", "SystemSecurity":"$SYSTEM_SECURITY_low;", "SystemSecurity_Localised":"Low Security", "Body":"Synuefe YL-Z b47-6", "BodyType":"Star" }
{ "timestamp":"2017-01-15T05:57:10Z", "event":"FSDJump", "StarSystem":"Synuefe YL-Z b47-7", "StarPos":[306.531,-101.156,-42.156], "SystemAllegiance":"", "SystemEconomy":"$economy_None;", "SystemEconomy_Localised":"None", "SystemGovernment":"$government_None;", "SystemGovernment_Localised":"None", "SystemSecurity":"$SYSTEM_SECURITY_low;", "SystemSecurity_Localised":"Low Security", "JumpDist":4.897, "FuelUsed":0.132711, "FuelLevel":15.867290 }
{ "timestamp":"2017-01-15T05:57:33Z", "event":"FuelScoop", "Scooped":0.132710, "Total":16.000000 }
{ "timestamp":"2017-01-15T05:57:54Z", "event":"FSDJump", "StarSystem":"Synuefe YL-Z b47-0", "StarPos":[300.344,-100.688,-42.406], "SystemAllegiance":"", "SystemEconomy":"$economy_None;", "SystemEconomy_Localised":"None", "SystemGovernment":"$government_None;", "SystemGovernment_Localised":"None", "SystemSecurity":"$SYSTEM_SECURITY_low;", "SystemSecurity_Localised":"Low Security", "JumpDist":6.210, "FuelUsed":0.229177, "FuelLevel":15.770823 }
{ "timestamp":"2017-01-15T05:58:25Z", "event":"FuelScoop", "Scooped":0.229177, "Total":16.000000 }
{ "timestamp":"2017-01-15T05:59:00Z", "event":"FSDJump", "StarSystem":"Synuefe XL-Z b47-4", "StarPos":[294.719,-101.125,-42.813], "SystemAllegiance":"", "SystemEconomy":"$economy_None;", "SystemEconomy_Localised":"None", "SystemGovernment":"$government_None;", "SystemGovernment_Localised":"None", "SystemSecurity":"$SYSTEM_SECURITY_low;", "SystemSecurity_Localised":"Low Security", "JumpDist":5.657, "FuelUsed":0.184890, "FuelLevel":15.815109 }
{ "timestamp":"2017-01-15T05:59:27Z", "event":"FuelScoop", "Scooped":-0.205110, "Total":15.610000 }
{ "timestamp":"2017-01-15T05:59:48Z", "event":"FSDJump", "StarSystem":"Synuefe XL-Z b47-6", "StarPos":[290.844,-102.063,-43.125], "SystemAllegiance":"", "SystemEconomy":"$economy_None;", "SystemEconomy_Localised":"None", "SystemGovernment":"$government_None;", "SystemGovernment_Localised":"None", "SystemSecurity":"$SYSTEM_SECURITY_low;", "SystemSecurity_Localised":"Low Security", "JumpDist":3.999, "FuelUsed":0.083280, "FuelLevel":15.526719 }
{ "timestamp":"2017-01-15T06:00:13Z", "event":"FuelScoop", "Scooped":0.473281, "Total":16.000000 }
{ "timestamp":"2017-01-15T06:00:51Z", "event":"FSDJump", "StarSystem":"Synuefe XL-Z b47-5", "StarPos":[288.219,-102.781,-43.656], "SystemAllegiance":"", "SystemEconomy":"$economy_None;", "SystemEconomy_Localised":"None", "SystemGovernment":"$government_None;", "SystemGovernment_Localised":"None", "SystemSecurity":"$SYSTEM_SECURITY_low;", "SystemSecurity_Localised":"Low Security", "JumpDist":2.773, "FuelUsed":0.035874, "FuelLevel":15.964126 }
{ "timestamp":"2017-01-15T06:01:22Z", "event":"FuelScoop", "Scooped":-0.178958, "Total":15.785168 }
{ "timestamp":"2017-01-15T06:01:58Z", "event":"FSDJump", "StarSystem":"Synuefe YM-H d11-104", "StarPos":[285.781,-106.656,-47.594], "SystemAllegiance":"", "SystemEconomy":"$economy_None;", "SystemEconomy_Localised":"None", "SystemGovernment":"$government_None;", "SystemGovernment_Localised":"None", "SystemSecurity":"$SYSTEM_SECURITY_low;", "SystemSecurity_Localised":"Low Security", "JumpDist":6.038, "FuelUsed":0.214832, "FuelLevel":15.785168 }
{ "timestamp":"2017-01-15T06:03:17Z", "event":"FSDJump", "StarSystem":"Synuefe YK-N c23-14", "StarPos":[282.406,-112.375,-50.969], "SystemAllegiance":"", "SystemEconomy":"$economy_None;", "SystemEconomy_Localised":"None", "SystemGovernment":"$government_None;", "SystemGovernment_Localised":"None", "SystemSecurity":"$SYSTEM_SECURITY_low;", "SystemSecurity_Localised":"Low Security", "JumpDist":7.449, "FuelUsed":0.347656, "FuelLevel":15.437511 }
{ "timestamp":"2017-01-15T06:03:43Z", "event":"FuelScoop", "Scooped":0.525775, "Total":15.963286 }
{ "timestamp":"2017-01-15T06:04:15Z", "event":"FSDJump", "StarSystem":"Synuefe YM-H d11-80", "StarPos":[283.438,-120.500,-47.719], "SystemAllegiance":"", "SystemEconomy":"$economy_None;", "SystemEconomy_Localised":"None", "SystemGovernment":"$government_None;", "SystemGovernment_Localised":"None", "SystemSecurity":"$SYSTEM_SECURITY_low;", "SystemSecurity_Localised":"Low Security", "JumpDist":8.811, "FuelUsed":0.512281, "FuelLevel":15.451005 }
{ "timestamp":"2017-01-15T06:05:18Z", "event":"FSDJump", "StarSystem":"Exphiay", "StarPos":[283.844,-128.250,-38.938], "SystemAllegiance":"Independent", "SystemEconomy":"$economy_Colony;", "SystemEconomy_Localised":"Colony", "SystemGovernment":"$government_Corporate;", "SystemGovernment_Localised":"Corporate", "SystemSecurity":"$SYSTEM_SECURITY_medium;", "SystemSecurity_Localised":"Medium Security", "JumpDist":11.719, "FuelUsed":0.983348, "FuelLevel":14.467657, "SystemFaction":"The Bliss Consortium", "FactionState":"Boom" }
{ "timestamp":"2017-01-15T06:06:02Z", "event":"FuelScoop", "Scooped":1.532343, "Total":16.000000 }
{ "timestamp":"2017-01-15T06:06:07Z", "event":"ReceiveText", "From":"$npc_name_decorate:#name=Cruise Ship;", "From_Localised":"Cruise Ship", "Message":"$CruiseLiner_SCPatrol01;", "Message_Localised":"And don't forget, this Liner is in the top 1% of all Liners out there.", "Channel":"npc" }
{ "timestamp":"2017-01-15T06:06:47Z", "event":"ReceiveText", "From":"$npc_name_decorate:#name=Cruise Ship;", "From_Localised":"Cruise Ship", "Message":"$CruiseLiner_SCPatrol02;", "Message_Localised":"We will be cruising in-system for a while, please feel free to take advantage of our in-flight entertainment.", "Channel":"npc" }
{ "timestamp":"2017-01-15T06:07:18Z", "event":"ReceiveText", "From":"$npc_name_decorate:#name=Ya'Risse;", "From_Localised":"Ya'Risse", "Message":"$Pirate_StartInterdiction03;", "Message_Localised":"I have you now!", "Channel":"npc" }
{ "timestamp":"2017-01-15T06:07:30Z", "event":"ReceiveText", "From":"$npc_name_decorate:#name=Cruise Ship;", "From_Localised":"Cruise Ship", "Message":"$CruiseLiner_SCPatrol01;", "Message_Localised":"And don't forget, this Liner is in the top 1% of all Liners out there.", "Channel":"npc" }
{ "timestamp":"2017-01-15T06:07:43Z", "event":"EscapeInterdiction", "Interdictor":"Ya'Risse", "IsPlayer":false }
{ "timestamp":"2017-01-15T06:08:08Z", "event":"ReceiveText", "From":"$npc_name_decorate:#name=Cruise Ship;", "From_Localised":"Cruise Ship", "Message":"$CruiseLiner_SCPatrol05;", "Message_Localised":"This is your captain. Due to some unforeseen delays, we will be arriving at our next destination later than scheduled.", "Channel":"npc" }
{ "timestamp":"2017-01-15T06:08:35Z", "event":"ReceiveText", "From":"$npc_name_decorate:#name=Wedding Barge;", "From_Localised":"Wedding Barge", "Message":"$ConvoyWedding_Patrol09;", "Message_Localised":"I don't know if I can go through with the wedding.", "Channel":"npc" }
{ "timestamp":"2017-01-15T06:08:46Z", "event":"SupercruiseExit", "StarSystem":"Exphiay", "Body":"Discovery", "BodyType":"Planet" }
{ "timestamp":"2017-01-15T06:09:10Z", "event":"DataScanned", "Type":"TouristBeacon" }
{ "timestamp":"2017-01-15T06:09:28Z", "event":"SupercruiseEntry", "StarSystem":"Exphiay" }
{ "timestamp":"2017-01-15T06:10:47Z", "event":"SupercruiseExit", "StarSystem":"Exphiay", "Body":"Worlidge Hub", "BodyType":"Station" }
{ "timestamp":"2017-01-15T06:11:10Z", "event":"DockingRequested", "StationName":"Worlidge Hub" }
{ "timestamp":"2017-01-15T06:11:10Z", "event":"ReceiveText", "From":"Worlidge Hub", "Message":"$DockingChatter_Neutral;", "Message_Localised":"Ensure to observe starport protocol during your visit, pilot.", "Channel":"npc" }
{ "timestamp":"2017-01-15T06:11:12Z", "event":"ReceiveText", "From":"Worlidge Hub", "Message":"$STATION_docking_granted;", "Message_Localised":"Docking request granted.", "Channel":"npc" }
{ "timestamp":"2017-01-15T06:11:12Z", "event":"DockingGranted", "LandingPad":3, "StationName":"Worlidge Hub" }
{ "timestamp":"2017-01-15T06:11:18Z", "event":"ReceiveText", "From":"Worlidge Hub", "Message":"$STATION_NoFireZone_entered;", "Message_Localised":"No fire zone entered.", "Channel":"npc" }
{ "timestamp":"2017-01-15T06:12:14Z", "event":"Docked", "StationName":"Worlidge Hub", "StationType":"Coriolis", "StarSystem":"Exphiay", "StationFaction":"The Bliss Consortium", "FactionState":"Boom", "StationGovernment":"$government_Corporate;", "StationGovernment_Localised":"Corporate", "StationEconomy":"$economy_Service;", "StationEconomy_Localised":"Service" }
{ "timestamp":"2017-01-15T06:12:27Z", "event":"RepairAll", "Cost":9552 }
{ "timestamp":"2017-01-15T06:12:30Z", "event":"RestockVehicle", "Type":"federation_fighter", "Loadout":"four", "Cost":1030, "Count":1 }
{ "timestamp":"2017-01-15T06:12:30Z", "event":"RestockVehicle", "Type":"testbuggy", "Loadout":"starter", "Cost":1030, "Count":1 }
{ "timestamp":"2017-01-15T06:12:31Z", "event":"RefuelAll", "Cost":12, "Amount":0.239358 }
{ "timestamp":"2017-01-15T06:16:07Z", "event":"Undocked", "StationName":"Worlidge Hub", "StationType":"Coriolis" }
{ "timestamp":"2017-01-15T06:16:48Z", "event":"ReceiveText", "From":"Worlidge Hub", "Message":"$STATION_NoFireZone_exited;", "Message_Localised":"No fire zone left.", "Channel":"npc" }
{ "timestamp":"2017-01-15T06:18:13Z", "event":"FSDJump", "StarSystem":"Synuefe YM-H d11-83", "StarPos":[294.219,-126.563,-38.531], "SystemAllegiance":"", "SystemEconomy":"$economy_None;", "SystemEconomy_Localised":"None", "SystemGovernment":"$government_None;", "SystemGovernment_Localised":"None", "SystemSecurity":"$SYSTEM_SECURITY_low;", "SystemSecurity_Localised":"Low Security", "JumpDist":10.519, "FuelUsed":0.770208, "FuelLevel":15.229792 }
{ "timestamp":"2017-01-15T06:18:40Z", "event":"FuelScoop", "Scooped":0.739187, "Total":15.968979 }
{ "timestamp":"2017-01-15T06:19:10Z", "event":"FSDJump", "StarSystem":"Synuefe AH-Z b47-3", "StarPos":[301.000,-118.719,-41.219], "SystemAllegiance":"", "SystemEconomy":"$economy_None;", "SystemEconomy_Localised":"None", "SystemGovernment":"$government_None;", "SystemGovernment_Localised":"None", "SystemSecurity":"$SYSTEM_SECURITY_low;", "SystemSecurity_Localised":"Low Security", "JumpDist":10.711, "FuelUsed":0.802058, "FuelLevel":15.166921 }
{ "timestamp":"2017-01-15T06:19:36Z", "event":"FuelScoop", "Scooped":0.657331, "Total":15.824251 }
{ "timestamp":"2017-01-15T06:20:10Z", "event":"FSDJump", "StarSystem":"Synuefe AH-Z b47-4", "StarPos":[303.063,-115.031,-42.375], "SystemAllegiance":"", "SystemEconomy":"$economy_None;", "SystemEconomy_Localised":"None", "SystemGovernment":"$government_None;", "SystemGovernment_Localised":"None", "SystemSecurity":"$SYSTEM_SECURITY_low;", "SystemSecurity_Localised":"Low Security", "JumpDist":4.380, "FuelUsed":0.102544, "FuelLevel":15.721706 }
{ "timestamp":"2017-01-15T06:20:35Z", "event":"FuelScoop", "Scooped":0.278294, "Total":16.000000 }
{ "timestamp":"2017-01-15T06:21:17Z", "event":"FSDJump", "StarSystem":"Synuefe AH-Z b47-6", "StarPos":[304.688,-110.156,-38.875], "SystemAllegiance":"", "SystemEconomy":"$economy_None;", "SystemEconomy_Localised":"None", "SystemGovernment":"$government_None;", "SystemGovernment_Localised":"None", "SystemSecurity":"$SYSTEM_SECURITY_low;", "SystemSecurity_Localised":"Low Security", "JumpDist":6.217, "FuelUsed":0.229781, "FuelLevel":15.770219 }
{ "timestamp":"2017-01-15T06:21:42Z", "event":"FuelScoop", "Scooped":0.229781, "Total":16.000000 }
{ "timestamp":"2017-01-15T06:22:17Z", "event":"FSDJump", "StarSystem":"Synuefe YL-Z b47-7", "StarPos":[306.531,-101.156,-42.156], "SystemAllegiance":"", "SystemEconomy":"$economy_None;", "SystemEconomy_Localised":"None", "SystemGovernment":"$government_None;", "SystemGovernment_Localised":"None", "SystemSecurity":"$SYSTEM_SECURITY_low;", "SystemSecurity_Localised":"Low Security", "JumpDist":9.755, "FuelUsed":0.647588, "FuelLevel":15.352412 }
{ "timestamp":"2017-01-15T06:22:42Z", "event":"FuelScoop", "Scooped":0.647588, "Total":16.000000 }
{ "timestamp":"2017-01-15T06:23:12Z", "event":"FSDJump", "StarSystem":"Synuefe YL-Z b47-6", "StarPos":[309.094,-97.000,-41.781], "SystemAllegiance":"", "SystemEconomy":"$economy_None;", "SystemEconomy_Localised":"None", "SystemGovernment":"$government_None;", "SystemGovernment_Localised":"None", "SystemSecurity":"$SYSTEM_SECURITY_low;", "SystemSecurity_Localised":"Low Security", "JumpDist":4.897, "FuelUsed":0.132694, "FuelLevel":15.867306 }
{ "timestamp":"2017-01-15T06:23:37Z", "event":"FuelScoop", "Scooped":0.132694, "Total":16.000000 }
{ "timestamp":"2017-01-15T06:24:09Z", "event":"FSDJump", "StarSystem":"Synuefe YL-Z b47-5", "StarPos":[314.250,-95.656,-41.969], "SystemAllegiance":"", "SystemEconomy":"$economy_None;", "SystemEconomy_Localised":"None", "SystemGovernment":"$government_None;", "SystemGovernment_Localised":"None", "SystemSecurity":"$SYSTEM_SECURITY_low;", "SystemSecurity_Localised":"Low Security", "JumpDist":5.332, "FuelUsed":0.161369, "FuelLevel":15.838631 }
{ "timestamp":"2017-01-15T06:24:36Z", "event":"FuelScoop", "Scooped":-0.197683, "Total":15.640947 }
{ "timestamp":"2017-01-15T06:25:05Z", "event":"FSDJump", "StarSystem":"Synuefe ZL-Z b47-7", "StarPos":[318.438,-89.375,-41.938], "SystemAllegiance":"", "SystemEconomy":"$economy_None;", "SystemEconomy_Localised":"None", "SystemGovernment":"$government_None;", "SystemGovernment_Localised":"None", "SystemSecurity":"$SYSTEM_SECURITY_low;", "SystemSecurity_Localised":"Low Security", "JumpDist":7.549, "FuelUsed":0.359053, "FuelLevel":15.640947 }
{ "timestamp":"2017-01-15T06:25:30Z", "event":"FuelScoop", "Scooped":0.359053, "Total":16.000000 }
{ "timestamp":"2017-01-15T06:26:04Z", "event":"FSDJump", "StarSystem":"Synuefe VF-B b47-7", "StarPos":[321.063,-87.063,-45.781], "SystemAllegiance":"", "SystemEconomy":"$economy_None;", "SystemEconomy_Localised":"None", "SystemGovernment":"$government_None;", "SystemGovernment_Localised":"None", "SystemSecurity":"$SYSTEM_SECURITY_low;", "SystemSecurity_Localised":"Low Security", "JumpDist":5.197, "FuelUsed":0.152144, "FuelLevel":15.847857 }
{ "timestamp":"2017-01-15T06:26:37Z", "event":"FuelScoop", "Scooped":0.152143, "Total":16.000000 }
{ "timestamp":"2017-01-15T06:27:13Z", "event":"FSDJump", "StarSystem":"Synuefe XP-N c23-15", "StarPos":[320.719,-81.875,-46.688], "SystemAllegiance":"", "SystemEconomy":"$economy_None;", "SystemEconomy_Localised":"None", "SystemGovernment":"$government_None;", "SystemGovernment_Localised":"None", "SystemSecurity":"$SYSTEM_SECURITY_low;", "SystemSecurity_Localised":"Low Security", "JumpDist":5.277, "FuelUsed":0.157604, "FuelLevel":15.842397 }
{ "timestamp":"2017-01-15T06:27:42Z", "event":"FuelScoop", "Scooped":0.157603, "Total":16.000000 }
{ "timestamp":"2017-01-15T06:28:16Z", "event":"FSDJump", "StarSystem":"Synuefe TK-B b47-9", "StarPos":[319.625,-75.438,-46.531], "SystemAllegiance":"", "SystemEconomy":"$economy_None;", "SystemEconomy_Localised":"None", "SystemGovernment":"$government_None;", "SystemGovernment_Localised":"None", "SystemSecurity":"$SYSTEM_SECURITY_low;", "SystemSecurity_Localised":"Low Security", "JumpDist":6.532, "FuelUsed":0.257371, "FuelLevel":15.742629 }
{ "timestamp":"2017-01-15T06:28:39Z", "event":"FuelScoop", "Scooped":0.169193, "Total":15.911822 }
{ "timestamp":"2017-01-15T06:29:11Z", "event":"FSDJump", "StarSystem":"Synuefe XP-N c23-22", "StarPos":[325.813,-70.219,-47.156], "SystemAllegiance":"", "SystemEconomy":"$economy_None;", "SystemEconomy_Localised":"None", "SystemGovernment":"$government_None;", "SystemGovernment_Localised":"None", "SystemSecurity":"$SYSTEM_SECURITY_low;", "SystemSecurity_Localised":"Low Security", "JumpDist":8.119, "FuelUsed":0.424040, "FuelLevel":15.487782 }
{ "timestamp":"2017-01-15T06:29:37Z", "event":"FuelScoop", "Scooped":0.512218, "Total":16.000000 }
{ "timestamp":"2017-01-15T06:30:11Z", "event":"FSDJump", "StarSystem":"Synuefe XP-N c23-19", "StarPos":[325.406,-67.719,-52.063], "SystemAllegiance":"", "SystemEconomy":"$economy_None;", "SystemEconomy_Localised":"None", "SystemGovernment":"$government_None;", "SystemGovernment_Localised":"None", "SystemSecurity":"$SYSTEM_SECURITY_low;", "SystemSecurity_Localised":"Low Security", "JumpDist":5.521, "FuelUsed":0.174876, "FuelLevel":15.825124 }
{ "timestamp":"2017-01-15T06:30:42Z", "event":"FuelScoop", "Scooped":0.166524, "Total":15.991648 }
{ "timestamp":"2017-01-15T06:30:59Z", "event":"FSDJump", "StarSystem":"Synuefe TK-B b47-3", "StarPos":[324.406,-67.313,-53.063], "SystemAllegiance":"", "SystemEconomy":"$economy_None;", "SystemEconomy_Localised":"None", "SystemGovernment":"$government_None;", "SystemGovernment_Localised":"None", "SystemSecurity":"$SYSTEM_SECURITY_low;", "SystemSecurity_Localised":"Low Security", "JumpDist":1.471, "FuelUsed":0.008352, "FuelLevel":15.991648 }
{ "timestamp":"2017-01-15T06:31:53Z", "event":"FSDJump", "StarSystem":"Synuefe VU-N c23-6", "StarPos":[332.156,-64.281,-60.188], "SystemAllegiance":"", "SystemEconomy":"$economy_None;", "SystemEconomy_Localised":"None", "SystemGovernment":"$government_None;", "SystemGovernment_Localised":"None", "SystemSecurity":"$SYSTEM_SECURITY_low;", "SystemSecurity_Localised":"Low Security", "JumpDist":10.955, "FuelUsed":0.845570, "FuelLevel":15.146078 }
{ "timestamp":"2017-01-15T06:32:22Z", "event":"FuelScoop", "Scooped":0.792647, "Total":15.938725 }
{ "timestamp":"2017-01-15T06:32:51Z", "event":"FSDJump", "StarSystem":"Synuefe RP-B b47-7", "StarPos":[332.844,-62.188,-62.906], "SystemAllegiance":"", "SystemEconomy":"$economy_None;", "SystemEconomy_Localised":"None", "SystemGovernment":"$government_None;", "SystemGovernment_Localised":"None", "SystemSecurity":"$SYSTEM_SECURITY_low;", "SystemSecurity_Localised":"Low Security", "JumpDist":3.500, "FuelUsed":0.061275, "FuelLevel":15.938725 }
{ "timestamp":"2017-01-15T06:33:17Z", "event":"FuelScoop", "Scooped":0.052739, "Total":15.991465 }
{ "timestamp":"2017-01-15T06:33:35Z", "event":"FSDJump", "StarSystem":"Synuefe RP-B b47-6", "StarPos":[332.500,-61.656,-64.250], "SystemAllegiance":"", "SystemEconomy":"$economy_None;", "SystemEconomy_Localised":"None", "SystemGovernment":"$government_None;", "SystemGovernment_Localised":"None", "SystemSecurity":"$SYSTEM_SECURITY_low;", "SystemSecurity_Localised":"Low Security", "JumpDist":1.485, "FuelUsed":0.008535, "FuelLevel":15.991465 }
{ "timestamp":"2017-01-15T06:34:29Z", "event":"FSDJump", "StarSystem":"Synuefe OJ-D b46-8", "StarPos":[336.094,-56.156,-71.500], "SystemAllegiance":"", "SystemEconomy":"$economy_None;", "SystemEconomy_Localised":"None", "SystemGovernment":"$government_None;", "SystemGovernment_Localised":"None", "SystemSecurity":"$SYSTEM_SECURITY_low;", "SystemSecurity_Localised":"Low Security", "JumpDist":9.784, "FuelUsed":0.651949, "FuelLevel":15.339516 }
{ "timestamp":"2017-01-15T06:34:56Z", "event":"FuelScoop", "Scooped":0.660484, "Total":16.000000 }
{ "timestamp":"2017-01-15T06:35:28Z", "event":"FSDJump", "StarSystem":"Synuefe OJ-D b46-1", "StarPos":[340.719,-50.000,-75.000], "SystemAllegiance":"", "SystemEconomy":"$economy_None;", "SystemEconomy_Localised":"None", "SystemGovernment":"$government_None;", "SystemGovernment_Localised":"None", "SystemSecurity":"$SYSTEM_SECURITY_low;", "SystemSecurity_Localised":"Low Security", "JumpDist":8.458, "FuelUsed":0.466390, "FuelLevel":15.533609 }
{ "timestamp":"2017-01-15T06:35:50Z", "event":"FuelScoop", "Scooped":0.230215, "Total":15.763824 }
{ "timestamp":"2017-01-15T06:36:29Z", "event":"FSDJump", "StarSystem":"HIP 38413", "StarPos":[346.969,-51.156,-71.875], "SystemAllegiance":"", "SystemEconomy":"$economy_None;", "SystemEconomy_Localised":"None", "SystemGovernment":"$government_None;", "SystemGovernment_Localised":"None", "SystemSecurity":"$SYSTEM_SECURITY_low;", "SystemSecurity_Localised":"Low Security", "JumpDist":7.083, "FuelUsed":0.309542, "FuelLevel":15.454283 }
{ "timestamp":"2017-01-15T06:36:57Z", "event":"FuelScoop", "Scooped":-0.292498, "Total":15.161785 }
{ "timestamp":"2017-01-15T06:37:25Z", "event":"FSDJump", "StarSystem":"Synuefe XR-H d11-102", "StarPos":[357.344,-49.344,-74.750], "SystemAllegiance":"", "SystemEconomy":"$economy_None;", "SystemEconomy_Localised":"None", "SystemGovernment":"$government_None;", "SystemGovernment_Localised":"None", "SystemSecurity":"$SYSTEM_SECURITY_low;", "SystemSecurity_Localised":"Low Security", "JumpDist":10.917, "FuelUsed":0.838215, "FuelLevel":15.161785 }
{ "timestamp":"2017-01-15T06:37:49Z", "event":"FuelScoop", "Scooped":0.464478, "Total":15.626263 }
{ "timestamp":"2017-01-15T06:50:06Z", "event":"SupercruiseExit", "StarSystem":"Synuefe XR-H d11-102", "Body":"Synuefe XR-H d11-102 1 b", "BodyType":"Planet" }
{ "timestamp":"2017-01-15T06:54:37Z", "event":"Touchdown", "Latitude":-31.777946, "Longitude":-128.951843 }
{ "timestamp":"2017-01-15T06:54:45Z", "event":"LaunchSRV", "Loadout":"starter", "PlayerControlled":true }
{ "timestamp":"2017-01-15T06:55:15Z", "event":"Synthesis", "Name":"Repair Basic", "Materials":{ "iron":2, "nickel":1 } }
{ "timestamp":"2017-01-15T06:55:45Z", "event":"ShieldState", "ShieldsUp":true }
{ "timestamp":"2017-01-15T06:57:48Z", "event":"WingJoin", "Others":[] }
{ "timestamp":"2017-01-15T06:57:48Z", "event":"WingAdd", "Name":"Ackron" }
{ "timestamp":"2017-01-15T06:59:25Z", "event":"DockSRV" }
{ "timestamp":"2017-01-15T06:59:35Z", "event":"Liftoff", "Latitude":-31.777946, "Longitude":-128.951843 }
{ "timestamp":"2017-01-15T07:00:11Z", "event":"Touchdown", "Latitude":-31.780066, "Longitude":-128.951538 }
{ "timestamp":"2017-01-15T07:00:15Z", "event":"LaunchSRV", "Loadout":"starter", "PlayerControlled":true }
{ "timestamp":"2017-01-15T07:07:28Z", "event":"HullDamage", "Health":0.798142, "PlayerPilot":true }
{ "timestamp":"2017-01-15T07:09:22Z", "event":"HullDamage", "Health":0.597033, "PlayerPilot":true }
{ "timestamp":"2017-01-15T07:13:50Z", "event":"HullDamage", "Health":0.383363, "PlayerPilot":true }
{ "timestamp":"2017-01-15T07:38:56Z", "event":"Synthesis", "Name":"Repair Basic", "Materials":{ "iron":2, "nickel":1 } }
{ "timestamp":"2017-01-15T07:51:52Z", "event":"HullDamage", "Health":0.722812, "PlayerPilot":true }
{ "timestamp":"2017-01-15T07:56:49Z", "event":"HullDamage", "Health":0.593395, "PlayerPilot":true }
{ "timestamp":"2017-01-15T07:58:47Z", "event":"HullDamage", "Health":0.398136, "PlayerPilot":true }
{ "timestamp":"2017-01-15T07:59:43Z", "event":"Synthesis", "Name":"Repair Basic", "Materials":{ "iron":2, "nickel":1 } }
{ "timestamp":"2017-01-15T08:05:16Z", "event":"DockSRV" }
{ "timestamp":"2017-01-15T08:05:26Z", "event":"Liftoff", "Latitude":-31.854021, "Longitude":-129.244873 }
{ "timestamp":"2017-01-15T08:12:45Z", "event":"Touchdown", "Latitude":-31.807037, "Longitude":-128.946930 }
{ "timestamp":"2017-01-15T08:12:57Z", "event":"LaunchSRV", "Loadout":"starter", "PlayerControlled":true }
{ "timestamp":"2017-01-15T08:14:08Z", "event":"EjectCargo", "Type":"ancientorb", "Count":1, "Abandoned":true }
{ "timestamp":"2017-01-15T08:14:36Z", "event":"CollectCargo", "Type":"ancientorb", "Stolen":false }
{ "timestamp":"2017-01-15T08:24:49Z", "event":"WingLeave" }
{ "timestamp":"2017-01-15T08:28:36Z", "event":"DockSRV" }
{ "timestamp":"2017-01-15T08:29:14Z", "event":"LaunchSRV", "Loadout":"starter", "PlayerControlled":true }
{ "timestamp":"2017-01-15T08:31:43Z", "event":"LoadGame", "Commander":"Kith000", "Ship":"TestBuggy", "ShipID":7, "StartLanded":true, "GameMode":"Group", "Group":"Ackron", "Credits":26562812, "Loan":0 }
{ "timestamp":"2017-01-15T08:31:43Z", "event":"Rank", "Combat":5, "Trade":3, "Explore":1, "Empire":0, "Federation":2, "CQC":0 }
{ "timestamp":"2017-01-15T08:31:43Z", "event":"Progress", "Combat":11, "Trade":42, "Explore":88, "Empire":100, "Federation":83, "CQC":40 }
{ "timestamp":"2017-01-15T08:32:02Z", "event":"Location", "Docked":false, "StarSystem":"Synuefe XR-H d11-102", "StarPos":[357.344,-49.344,-74.750], "SystemAllegiance":"", "SystemEconomy":"$economy_None;", "SystemEconomy_Localised":"None", "SystemGovernment":"$government_None;", "SystemGovernment_Localised":"None", "SystemSecurity":"$SYSTEM_SECURITY_low;", "SystemSecurity_Localised":"Low Security", "Body":"Synuefe XR-H d11-102 1 b", "BodyType":"Planet" }
{ "timestamp":"2017-01-15T08:32:56Z", "event":"WingJoin", "Others":[ "Ackron" ] }
{ "timestamp":"2017-01-15T08:32:56Z", "event":"WingAdd", "Name":"Ackron" }
{ "timestamp":"2017-01-15T08:40:33Z", "event":"HullDamage", "Health":0.795053, "PlayerPilot":true }
{ "timestamp":"2017-01-15T08:41:21Z", "event":"HullDamage", "Health":0.582237, "PlayerPilot":true }
{ "timestamp":"2017-01-15T08:44:30Z", "event":"Synthesis", "Name":"Fuel Basic", "Materials":{ "sulphur":1, "phosphorus":1 } }
{ "timestamp":"2017-01-15T08:46:46Z", "event":"Synthesis", "Name":"Repair Basic", "Materials":{ "iron":2, "nickel":1 } }
{ "timestamp":"2017-01-15T08:58:12Z", "event":"HullDamage", "Health":0.737660, "PlayerPilot":true }
{ "timestamp":"2017-01-15T08:59:53Z", "event":"HullDamage", "Health":0.599708, "PlayerPilot":true }
{ "timestamp":"2017-01-15T09:12:49Z", "event":"CollectCargo", "Type":"ancientorb", "Stolen":false }
{ "timestamp":"2017-01-15T09:19:52Z", "event":"HullDamage", "Health":0.380730, "PlayerPilot":true }
{ "timestamp":"2017-01-15T09:21:39Z", "event":"Synthesis", "Name":"Repair Basic", "Materials":{ "iron":2, "nickel":1 } }
{ "timestamp":"2017-01-15T09:22:38Z", "event":"WingLeave" }
{ "timestamp":"2017-01-15T09:24:59Z", "event":"WingJoin", "Others":[ "Ackron" ] }
{ "timestamp":"2017-01-15T09:24:59Z", "event":"WingAdd", "Name":"Ackron" }
{ "timestamp":"2017-01-15T09:27:23Z", "event":"WingLeave" }
