{ "timestamp":"2017-07-21T03:44:20Z", "event":"Fileheader", "part":1, "language":"English\\UK", "gameversion":"2.3.11", "build":"r148764/r0 " }
{ "timestamp":"2017-07-21T03:45:34Z", "event":"Cargo", "Inventory":[  ] }
{ "timestamp":"2017-07-21T03:45:34Z", "event":"Loadout", "Ship":"Anaconda", "ShipID":10, "ShipName":"", "ShipIdent":"", "Modules":[ { "Slot":"TinyHardpoint1", "Item":"Hpt_HeatSinkLauncher_Turret_Tiny", "On":true, "Priority":0, "AmmoInClip":1, "AmmoInHopper":1, "Health":0.926646, "Value":3500 }, { "Slot":"TinyHardpoint2", "Item":"Hpt_HeatSinkLauncher_Turret_Tiny", "On":true, "Priority":0, "AmmoInClip":1, "Health":0.929991, "Value":3500 }, { "Slot":"Armour", "Item":"Anaconda_Armour_Grade1", "On":true, "Priority":1, "Health":1.000000, "Value":0 }, { "Slot":"PowerPlant", "Item":"Int_Powerplant_Size3_Class5", "On":true, "Priority":1, "Health":0.965051, "Value":431726 }, { "Slot":"MainEngines", "Item":"Int_Engine_Size5_Class2", "On":true, "Priority":3, "Health":0.976748, "Value":189035 }, { "Slot":"FrameShiftDrive", "Item":"Int_Hyperdrive_Size6_Class5", "On":true, "Priority":0, "Health":0.967753, "Value":13752602 }, { "Slot":"LifeSupport", "Item":"Int_LifeSupport_Size5_Class2", "On":true, "Priority":0, "Health":0.911477, "Value":67528 }, { "Slot":"PowerDistributor", "Item":"Int_PowerDistributor_Size5_Class5", "On":true, "Priority":0, "Health":0.930400, "Value":1055120 }, { "Slot":"Radar", "Item":"Int_Sensors_Size8_Class2", "On":true, "Priority":0, "Health":0.949780, "Value":1482367 }, { "Slot":"FuelTank", "Item":"Int_FuelTank_Size5_Class3", "On":true, "Priority":1, "Health":1.000000, "Value":83090 }, { "Slot":"Slot01_Size7", "Item":"Int_FuelScoop_Size7_Class4", "On":true, "Priority":0, "Health":0.950924, "Value":22795161 }, { "Slot":"Slot02_Size6", "Item":"Int_BuggyBay_Size6_Class2", "On":true, "Priority":0, "Health":0.942232, "Value":691200 }, { "Slot":"Slot03_Size6", "Item":"Int_Repairer_Size6_Class5", "On":false, "Priority":0, "AmmoInClip":7871, "Health":0.953422, "Value":15305501 }, { "Slot":"Slot04_Size6", "Item":"Int_Repairer_Size6_Class5", "On":false, "Priority":1, "AmmoInClip":8100, "Health":0.929330, "Value":15305501 }, { "Slot":"Slot09_Size4", "Item":"Int_DetailedSurfaceScanner_Tiny", "On":true, "Priority":1, "Health":1.000000, "Value":250000 }, { "Slot":"Slot10_Size4", "Item":"Int_ShieldGenerator_Size3_Class2", "On":true, "Priority":1, "Health":0.954413, "Value":18812 }, { "Slot":"Slot13_Size2", "Item":"Int_StellarBodyDiscoveryScanner_Advanced", "On":true, "Priority":1, "Health":0.944151, "Value":1545000 }, { "Slot":"PlanetaryApproachSuite", "Item":"Int_PlanetApproachSuite", "On":true, "Priority":1, "Health":1.000000, "Value":425 }, { "Slot":"ShipCockpit", "Item":"Anaconda_Cockpit", "On":true, "Priority":1, "Health":0.980100, "Value":0 }, { "Slot":"CargoHatch", "Item":"ModularCargoBayDoor", "On":false, "Priority":2, "Health":0.955339, "Value":0 } ] }
{ "timestamp":"2017-07-21T03:45:34Z", "event":"Materials", "Raw":[ { "Name":"sulphur", "Count":33 }, { "Name":"phosphorus", "Count":30 }, { "Name":"manganese", "Count":12 }, { "Name":"nickel", "Count":7 }, { "Name":"carbon", "Count":11 }, { "Name":"cadmium", "Count":12 }, { "Name":"germanium", "Count":3 }, { "Name":"tungsten", "Count":3 }, { "Name":"arsenic", "Count":3 }, { "Name":"zinc", "Count":6 }, { "Name":"selenium", "Count":12 }, { "Name":"vanadium", "Count":3 }, { "Name":"antimony", "Count":3 } ], "Manufactured":[ { "Name":"hybridcapacitors", "Count":2 }, { "Name":"focuscrystals", "Count":1 }, { "Name":"salvagedalloys", "Count":1 }, { "Name":"shieldemitters", "Count":5 }, { "Name":"galvanisingalloys", "Count":4 }, { "Name":"phasealloys", "Count":10 }, { "Name":"highdensitycomposites", "Count":6 }, { "Name":"compoundshielding", "Count":6 }, { "Name":"refinedfocuscrystals", "Count":3 }, { "Name":"conductivecomponents", "Count":4 }, { "Name":"heatresistantceramics", "Count":1 }, { "Name":"precipitatedalloys", "Count":3 }, { "Name":"wornshieldemitters", "Count":3 }, { "Name":"shieldingsensors", "Count":3 }, { "Name":"thermicalloys", "Count":5 }, { "Name":"mechanicalequipment", "Count":1 }, { "Name":"gridresistors", "Count":2 }, { "Name":"temperedalloys", "Count":1 }, { "Name":"conductivepolymers", "Count":2 }, { "Name":"uncutfocuscrystals", "Count":1 } ], "Encoded":[ { "Name":"shieldcyclerecordings", "Count":53 }, { "Name":"emissiondata", "Count":40 }, { "Name":"encodedscandata", "Count":17 }, { "Name":"decodedemissiondata", "Count":114 }, { "Name":"shieldsoakanalysis", "Count":63 }, { "Name":"scandatabanks", "Count":33 }, { "Name":"bulkscandata", "Count":16 }, { "Name":"archivedemissiondata", "Count":2 }, { "Name":"shielddensityreports", "Count":75 }, { "Name":"shieldpatternanalysis", "Count":44 }, { "Name":"compactemissionsdata", "Count":5 }, { "Name":"shieldfrequencydata", "Count":3 }, { "Name":"consumerfirmware", "Count":1 }, { "Name":"hyperspacetrajectories", "Count":1 }, { "Name":"scrambledemissiondata", "Count":1 }, { "Name":"scanarchives", "Count":20 }, { "Name":"classifiedscandata", "Count":4 }, { "Name":"disruptedwakeechoes", "Count":3 }, { "Name":"securityfirmware", "Count":2 }, { "Name":"encryptionarchives", "Count":3 } ] }
{ "timestamp":"2017-07-21T03:45:34Z", "event":"LoadGame", "Commander":"Kith000", "Ship":"Anaconda", "ShipID":10, "ShipName":"", "ShipIdent":"", "FuelLevel":32.000000, "FuelCapacity":32.000000, "GameMode":"Open", "Credits":32994291, "Loan":0 }
{ "timestamp":"2017-07-21T03:45:34Z", "event":"Rank", "Combat":6, "Trade":4, "Explore":2, "Empire":1, "Federation":4, "CQC":0 }
{ "timestamp":"2017-07-21T03:45:34Z", "event":"Progress", "Combat":21, "Trade":96, "Explore":24, "Empire":23, "Federation":1, "CQC":40 }
{ "timestamp":"2017-07-21T03:45:46Z", "event":"Location", "Docked":false, "StarSystem":"Byeia Euq CM-S c5-3", "StarPos":[359.656,639.281,5585.750], "SystemAllegiance":"", "SystemEconomy":"$economy_None;", "SystemEconomy_Localised":"None", "SystemGovernment":"$government_None;", "SystemGovernment_Localised":"None", "SystemSecurity":"$SYSTEM_SECURITY_low;", "SystemSecurity_Localised":"Low Security", "Body":"Byeia Euq CM-S c5-3 A", "BodyType":"Star" }
{ "timestamp":"2017-07-21T03:47:11Z", "event":"StartJump", "JumpType":"Hyperspace", "StarSystem":"Byeia Euq GS-Q c6-7", "StarClass":"M" }
{ "timestamp":"2017-07-21T03:47:30Z", "event":"FSDJump", "StarSystem":"Byeia Euq GS-Q c6-7", "StarPos":[365.531,641.688,5620.844], "SystemAllegiance":"", "SystemEconomy":"$economy_None;", "SystemEconomy_Localised":"None", "SystemGovernment":"$government_None;", "SystemGovernment_Localised":"None", "SystemSecurity":"$SYSTEM_SECURITY_low;", "SystemSecurity_Localised":"Low Security", "JumpDist":35.663, "FuelUsed":7.469900, "FuelLevel":24.530100 }
{ "timestamp":"2017-07-21T03:47:49Z", "event":"FuelScoop", "Scooped":3.134877, "Total":27.664970 }
{ "timestamp":"2017-07-21T03:48:23Z", "event":"StartJump", "JumpType":"Hyperspace", "StarSystem":"Byeia Euq GS-Q c6-4", "StarClass":"K" }
{ "timestamp":"2017-07-21T03:48:48Z", "event":"FSDJump", "StarSystem":"Byeia Euq GS-Q c6-4", "StarPos":[372.031,649.281,5653.438], "SystemAllegiance":"", "SystemEconomy":"$economy_None;", "SystemEconomy_Localised":"None", "SystemGovernment":"$government_None;", "SystemGovernment_Localised":"None", "SystemSecurity":"$SYSTEM_SECURITY_low;", "SystemSecurity_Localised":"Low Security", "JumpDist":34.092, "FuelUsed":6.519834, "FuelLevel":21.145138 }
{ "timestamp":"2017-07-21T03:49:08Z", "event":"FuelScoop", "Scooped":5.001843, "Total":26.146973 }
{ "timestamp":"2017-07-21T03:49:08Z", "event":"FuelScoop", "Scooped":0.046030, "Total":26.192997 }
{ "timestamp":"2017-07-21T03:50:20Z", "event":"Scan", "BodyName":"Byeia Euq GS-Q c6-4 1", "DistanceFromArrivalLS":278.670471, "TidalLock":true, "TerraformState":"Terraformable", "PlanetClass":"High metal content body", "Atmosphere":"carbon dioxide atmosphere", "AtmosphereType":"CarbonDioxide", "AtmosphereComposition":[ { "Name":"CarbonDioxide", "Percent":99.009911 }, { "Name":"SulphurDioxide", "Percent":0.990099 } ], "Volcanism":"", "MassEM":0.239061, "Radius":3923525.250000, "SurfaceGravity":6.189638, "SurfaceTemperature":395.844055, "SurfacePressure":55454.640625, "Landable":false, "SemiMajorAxis":83551657984.000000, "Eccentricity":0.000698, "OrbitalInclination":0.285478, "Periapsis":107.101181, "OrbitalPeriod":15929644.000000, "RotationPeriod":15929874.000000, "AxialTilt":0.313746 }
{ "timestamp":"2017-07-21T03:53:34Z", "event":"Scan", "BodyName":"Byeia Euq GS-Q c6-4 2", "DistanceFromArrivalLS":391.635986, "TidalLock":false, "TerraformState":"Terraformable", "PlanetClass":"High metal content body", "Atmosphere":"carbon dioxide rich atmosphere", "AtmosphereType":"CarbonDioxideRich", "AtmosphereComposition":[ { "Name":"Nitrogen", "Percent":99.596817 }, { "Name":"CarbonDioxide", "Percent":0.392964 } ], "Volcanism":"", "MassEM":0.360599, "Radius":4459709.500000, "SurfaceGravity":7.226386, "SurfaceTemperature":244.397751, "SurfacePressure":208408.890625, "Landable":false, "SemiMajorAxis":117420212224.000000, "Eccentricity":0.000140, "OrbitalInclination":0.329174, "Periapsis":264.366455, "OrbitalPeriod":26539196.000000, "RotationPeriod":56720.222656, "AxialTilt":-0.517970 }
{ "timestamp":"2017-07-21T03:55:49Z", "event":"Scan", "BodyName":"Byeia Euq GS-Q c6-4 3", "DistanceFromArrivalLS":511.336029, "TidalLock":false, "TerraformState":"", "PlanetClass":"High metal content body", "Atmosphere":"nitrogen atmosphere", "AtmosphereType":"Nitrogen", "AtmosphereComposition":[ { "Name":"Nitrogen", "Percent":83.944603 }, { "Name":"Oxygen", "Percent":14.147086 }, { "Name":"CarbonDioxide", "Percent":1.869750 } ], "Volcanism":"", "MassEM":0.321752, "Radius":4304708.500000, "SurfaceGravity":6.920599, "SurfaceTemperature":218.617111, "SurfacePressure":45023.214844, "Landable":false, "SemiMajorAxis":153314050048.000000, "Eccentricity":0.000722, "OrbitalInclination":-0.020320, "Periapsis":335.887970, "OrbitalPeriod":39595552.000000, "RotationPeriod":173407.796875, "AxialTilt":-0.419707 }
{ "timestamp":"2017-07-21T03:58:57Z", "event":"Scan", "BodyName":"Byeia Euq GS-Q c6-4 4", "DistanceFromArrivalLS":650.261475, "TidalLock":false, "TerraformState":"", "PlanetClass":"High metal content body", "Atmosphere":"thick carbon dioxide atmosphere", "AtmosphereType":"CarbonDioxide", "AtmosphereComposition":[ { "Name":"CarbonDioxide", "Percent":97.128387 }, { "Name":"Oxygen", "Percent":1.299523 }, { "Name":"SulphurDioxide", "Percent":0.971284 } ], "Volcanism":"", "MassEM":0.341781, "Radius":4386206.500000, "SurfaceGravity":7.080743, "SurfaceTemperature":339.971954, "SurfacePressure":516549.000000, "Landable":false, "SemiMajorAxis":194893332480.000000, "Eccentricity":0.003627, "OrbitalInclination":0.113135, "Periapsis":16.241713, "OrbitalPeriod":56750400.000000, "RotationPeriod":155322.125000, "AxialTilt":0.306906 }
{ "timestamp":"2017-07-21T04:01:53Z", "event":"StartJump", "JumpType":"Hyperspace", "StarSystem":"Byeia Euq WM-C b16-0", "StarClass":"M" }
{ "timestamp":"2017-07-21T04:02:12Z", "event":"FSDJump", "StarSystem":"Byeia Euq WM-C b16-0", "StarPos":[388.438,662.250,5678.375], "SystemAllegiance":"", "SystemEconomy":"$economy_None;", "SystemEconomy_Localised":"None", "SystemGovernment":"$government_None;", "SystemGovernment_Localised":"None", "SystemSecurity":"$SYSTEM_SECURITY_low;", "SystemSecurity_Localised":"Low Security", "JumpDist":32.546, "FuelUsed":5.741388, "FuelLevel":20.451609 }
{ "timestamp":"2017-07-21T04:02:27Z", "event":"FuelScoop", "Scooped":5.009566, "Total":25.461172 }
{ "timestamp":"2017-07-21T04:02:36Z", "event":"FuelScoop", "Scooped":5.008868, "Total":30.470032 }
{ "timestamp":"2017-07-21T04:02:38Z", "event":"FuelScoop", "Scooped":1.529968, "Total":32.000000 }
{ "timestamp":"2017-07-21T04:04:27Z", "event":"StartJump", "JumpType":"Hyperspace", "StarSystem":"Byeia Euq ZX-A b17-0", "StarClass":"TTS" }
{ "timestamp":"2017-07-21T04:04:46Z", "event":"FSDJump", "StarSystem":"Byeia Euq ZX-A b17-0", "StarPos":[402.625,675.281,5707.500], "SystemAllegiance":"", "SystemEconomy":"$economy_None;", "SystemEconomy_Localised":"None", "SystemGovernment":"$government_None;", "SystemGovernment_Localised":"None", "SystemSecurity":"$SYSTEM_SECURITY_low;", "SystemSecurity_Localised":"Low Security", "JumpDist":34.919, "FuelUsed":7.071168, "FuelLevel":24.928831 }
{ "timestamp":"2017-07-21T04:06:07Z", "event":"Scan", "BodyName":"Byeia Euq ZX-A b17-0 A", "DistanceFromArrivalLS":0.000000, "StarType":"TTS", "StellarMass":0.230469, "Radius":297659040.000000, "AbsoluteMagnitude":11.200195, "Age_MY":148, "SurfaceTemperature":2038.000000, "SemiMajorAxis":1240247042048.000000, "Eccentricity":0.210630, "OrbitalInclination":59.498909, "Periapsis":60.546982, "OrbitalPeriod":10018946048.000000, "RotationPeriod":160306.562500, "AxialTilt":0.000000 }
{ "timestamp":"2017-07-21T04:06:47Z", "event":"StartJump", "JumpType":"Hyperspace", "StarSystem":"Byeia Euq RP-L c9-6", "StarClass":"K" }
{ "timestamp":"2017-07-21T04:07:06Z", "event":"FSDJump", "StarSystem":"Byeia Euq RP-L c9-6", "StarPos":[402.000,690.125,5739.688], "SystemAllegiance":"", "SystemEconomy":"$economy_None;", "SystemEconomy_Localised":"None", "SystemGovernment":"$government_None;", "SystemGovernment_Localised":"None", "SystemSecurity":"$SYSTEM_SECURITY_low;", "SystemSecurity_Localised":"Low Security", "JumpDist":35.451, "FuelUsed":7.131244, "FuelLevel":17.797586 }
{ "timestamp":"2017-07-21T04:07:20Z", "event":"FuelScoop", "Scooped":5.021111, "Total":22.818705 }
{ "timestamp":"2017-07-21T04:07:27Z", "event":"FuelScoop", "Scooped":5.012530, "Total":27.831221 }
{ "timestamp":"2017-07-21T04:07:32Z", "event":"FuelScoop", "Scooped":4.168770, "Total":32.000000 }
{ "timestamp":"2017-07-21T04:07:55Z", "event":"StartJump", "JumpType":"Hyperspace", "StarSystem":"Byeia Euq HX-S d4-2", "StarClass":"G" }
{ "timestamp":"2017-07-21T04:08:14Z", "event":"FSDJump", "StarSystem":"Byeia Euq HX-S d4-2", "StarPos":[402.594,696.000,5774.656], "SystemAllegiance":"", "SystemEconomy":"$economy_None;", "SystemEconomy_Localised":"None", "SystemGovernment":"$government_None;", "SystemGovernment_Localised":"None", "SystemSecurity":"$SYSTEM_SECURITY_low;", "SystemSecurity_Localised":"Low Security", "JumpDist":35.464, "FuelUsed":7.361697, "FuelLevel":24.638304 }
{ "timestamp":"2017-07-21T04:08:31Z", "event":"FuelScoop", "Scooped":5.003062, "Total":29.641382 }
{ "timestamp":"2017-07-21T04:08:35Z", "event":"FuelScoop", "Scooped":2.358627, "Total":32.000000 }
{ "timestamp":"2017-07-21T04:09:01Z", "event":"StartJump", "JumpType":"Hyperspace", "StarSystem":"Byeia Euq TA-K c10-3", "StarClass":"K" }
{ "timestamp":"2017-07-21T04:09:20Z", "event":"FSDJump", "StarSystem":"Byeia Euq TA-K c10-3", "StarPos":[384.344,696.906,5798.000], "SystemAllegiance":"", "SystemEconomy":"$economy_None;", "SystemEconomy_Localised":"None", "SystemGovernment":"$government_None;", "SystemGovernment_Localised":"None", "SystemSecurity":"$SYSTEM_SECURITY_low;", "SystemSecurity_Localised":"Low Security", "JumpDist":29.645, "FuelUsed":4.619579, "FuelLevel":27.380421 }
{ "timestamp":"2017-07-21T04:09:35Z", "event":"FuelScoop", "Scooped":4.619572, "Total":32.000000 }
{ "timestamp":"2017-07-21T04:14:51Z", "event":"StartJump", "JumpType":"Hyperspace", "StarSystem":"Byeia Euq ZB-I c11-5", "StarClass":"K" }
{ "timestamp":"2017-07-21T04:15:10Z", "event":"FSDJump", "StarSystem":"Byeia Euq ZB-I c11-5", "StarPos":[395.031,683.969,5829.656], "SystemAllegiance":"", "SystemEconomy":"$economy_None;", "SystemEconomy_Localised":"None", "SystemGovernment":"$government_None;", "SystemGovernment_Localised":"None", "SystemSecurity":"$SYSTEM_SECURITY_low;", "SystemSecurity_Localised":"Low Security", "JumpDist":35.829, "FuelUsed":7.560445, "FuelLevel":24.439556 }
{ "timestamp":"2017-07-21T04:15:39Z", "event":"FuelScoop", "Scooped":5.002080, "Total":29.441633 }
{ "timestamp":"2017-07-21T04:15:42Z", "event":"FuelScoop", "Scooped":2.558362, "Total":32.000000 }
{ "timestamp":"2017-07-21T04:16:03Z", "event":"StartJump", "JumpType":"Hyperspace", "StarSystem":"Byeia Euq FV-M b24-0", "StarClass":"TTS" }
{ "timestamp":"2017-07-21T04:16:21Z", "event":"FSDJump", "StarSystem":"Byeia Euq FV-M b24-0", "StarPos":[410.406,684.438,5858.063], "SystemAllegiance":"", "SystemEconomy":"$economy_None;", "SystemEconomy_Localised":"None", "SystemGovernment":"$government_None;", "SystemGovernment_Localised":"None", "SystemSecurity":"$SYSTEM_SECURITY_low;", "SystemSecurity_Localised":"Low Security", "JumpDist":32.304, "FuelUsed":5.775032, "FuelLevel":26.224968 }
{ "timestamp":"2017-07-21T04:17:07Z", "event":"StartJump", "JumpType":"Hyperspace", "StarSystem":"Byeia Euq DI-G c12-2", "StarClass":"TTS" }
{ "timestamp":"2017-07-21T04:17:26Z", "event":"FSDJump", "StarSystem":"Byeia Euq DI-G c12-2", "StarPos":[412.719,681.625,5891.281], "SystemAllegiance":"", "SystemEconomy":"$economy_None;", "SystemEconomy_Localised":"None", "SystemGovernment":"$government_None;", "SystemGovernment_Localised":"None", "SystemSecurity":"$SYSTEM_SECURITY_low;", "SystemSecurity_Localised":"Low Security", "JumpDist":33.418, "FuelUsed":6.150968, "FuelLevel":20.074001 }
{ "timestamp":"2017-07-21T04:18:04Z", "event":"StartJump", "JumpType":"Hyperspace", "StarSystem":"Byeia Euq UI-H b27-1", "StarClass":"M" }
{ "timestamp":"2017-07-21T04:18:23Z", "event":"FSDJump", "StarSystem":"Byeia Euq UI-H b27-1", "StarPos":[420.000,669.563,5924.188], "SystemAllegiance":"", "SystemEconomy":"$economy_None;", "SystemEconomy_Localised":"None", "SystemGovernment":"$government_None;", "SystemGovernment_Localised":"None", "SystemSecurity":"$SYSTEM_SECURITY_low;", "SystemSecurity_Localised":"Low Security", "JumpDist":35.796, "FuelUsed":7.158260, "FuelLevel":12.915741 }
{ "timestamp":"2017-07-21T04:18:37Z", "event":"FuelScoop", "Scooped":5.006677, "Total":17.922422 }
{ "timestamp":"2017-07-21T04:18:49Z", "event":"FuelScoop", "Scooped":5.019844, "Total":22.942238 }
{ "timestamp":"2017-07-21T04:18:55Z", "event":"FuelScoop", "Scooped":5.020172, "Total":27.962416 }
{ "timestamp":"2017-07-21T04:18:59Z", "event":"FuelScoop", "Scooped":4.037584, "Total":32.000000 }
{ "timestamp":"2017-07-21T04:19:21Z", "event":"StartJump", "JumpType":"Hyperspace", "StarSystem":"Byeia Euq MU-C c14-0", "StarClass":"M" }
{ "timestamp":"2017-07-21T04:19:40Z", "event":"FSDJump", "StarSystem":"Byeia Euq MU-C c14-0", "StarPos":[426.469,684.375,5955.438], "SystemAllegiance":"", "SystemEconomy":"$economy_None;", "SystemEconomy_Localised":"None", "SystemGovernment":"$government_None;", "SystemGovernment_Localised":"None", "SystemSecurity":"$SYSTEM_SECURITY_low;", "SystemSecurity_Localised":"Low Security", "JumpDist":35.183, "FuelUsed":7.210306, "FuelLevel":24.789694 }
{ "timestamp":"2017-07-21T04:19:54Z", "event":"FuelScoop", "Scooped":5.002172, "Total":29.791862 }
{ "timestamp":"2017-07-21T04:19:58Z", "event":"FuelScoop", "Scooped":2.208135, "Total":32.000000 }
{ "timestamp":"2017-07-21T04:20:31Z", "event":"StartJump", "JumpType":"Hyperspace", "StarSystem":"Byeia Euq UP-N d7-11", "StarClass":"A" }
{ "timestamp":"2017-07-21T04:20:49Z", "event":"FSDJump", "StarSystem":"Byeia Euq UP-N d7-11", "StarPos":[445.281,697.625,5975.906], "SystemAllegiance":"", "SystemEconomy":"$economy_None;", "SystemEconomy_Localised":"None", "SystemGovernment":"$government_None;", "SystemGovernment_Localised":"None", "SystemSecurity":"$SYSTEM_SECURITY_low;", "SystemSecurity_Localised":"Low Security", "JumpDist":30.797, "FuelUsed":5.100941, "FuelLevel":26.899059 }
{ "timestamp":"2017-07-21T04:21:16Z", "event":"Scan", "BodyName":"Byeia Euq UP-N d7-11 A", "DistanceFromArrivalLS":0.000000, "StarType":"A", "StellarMass":1.652344, "Radius":906879552.000000, "AbsoluteMagnitude":2.564545, "Age_MY":1694, "SurfaceTemperature":8524.000000, "SemiMajorAxis":18037858304.000000, "Eccentricity":0.036227, "OrbitalInclination":24.487055, "Periapsis":106.345284, "OrbitalPeriod":7590568.000000, "RotationPeriod":68259.851563, "AxialTilt":0.000000 }
{ "timestamp":"2017-07-21T04:21:44Z", "event":"Screenshot", "Filename":"\\ED_Pictures\\Screenshot_0008.bmp", "Width":1920, "Height":1080, "System":"Byeia Euq UP-N d7-11", "Body":"Byeia Euq UP-N d7-11 A" }
{ "timestamp":"2017-07-21T04:22:25Z", "event":"Screenshot", "Filename":"\\ED_Pictures\\Screenshot_0009.bmp", "Width":1920, "Height":1080, "System":"Byeia Euq UP-N d7-11", "Body":"Byeia Euq UP-N d7-11 A" }
{ "timestamp":"2017-07-21T04:23:08Z", "event":"Screenshot", "Filename":"\\ED_Pictures\\Screenshot_0010.bmp", "Width":1920, "Height":1080, "System":"Byeia Euq UP-N d7-11", "Body":"Byeia Euq UP-N d7-11 A" }
{ "timestamp":"2017-07-21T04:23:37Z", "event":"FuelScoop", "Scooped":5.001653, "Total":31.900715 }
{ "timestamp":"2017-07-21T04:23:37Z", "event":"FuelScoop", "Scooped":0.099285, "Total":32.000000 }
{ "timestamp":"2017-07-21T04:23:59Z", "event":"StartJump", "JumpType":"Hyperspace", "StarSystem":"Byeia Euq JM-A b31-1", "StarClass":"M" }
{ "timestamp":"2017-07-21T04:24:18Z", "event":"FSDJump", "StarSystem":"Byeia Euq JM-A b31-1", "StarPos":[443.250,684.781,6007.750], "SystemAllegiance":"", "SystemEconomy":"$economy_None;", "SystemEconomy_Localised":"None", "SystemGovernment":"$government_None;", "SystemGovernment_Localised":"None", "SystemSecurity":"$SYSTEM_SECURITY_low;", "SystemSecurity_Localised":"Low Security", "JumpDist":34.396, "FuelUsed":6.798810, "FuelLevel":25.201191 }
{ "timestamp":"2017-07-21T04:24:34Z", "event":"FuelScoop", "Scooped":5.004490, "Total":30.205669 }
{ "timestamp":"2017-07-21T04:24:38Z", "event":"FuelScoop", "Scooped":0.623935, "Total":30.829605 }
{ "timestamp":"2017-07-21T04:25:04Z", "event":"StartJump", "JumpType":"Hyperspace", "StarSystem":"Byeia Euq SY-W b32-0", "StarClass":"M" }
{ "timestamp":"2017-07-21T04:25:23Z", "event":"FSDJump", "StarSystem":"Byeia Euq SY-W b32-0", "StarPos":[458.719,678.500,6040.188], "SystemAllegiance":"", "SystemEconomy":"$economy_None;", "SystemEconomy_Localised":"None", "SystemGovernment":"$government_None;", "SystemGovernment_Localised":"None", "SystemSecurity":"$SYSTEM_SECURITY_low;", "SystemSecurity_Localised":"Low Security", "JumpDist":36.482, "FuelUsed":7.883504, "FuelLevel":22.946100 }
{ "timestamp":"2017-07-21T04:25:39Z", "event":"FuelScoop", "Scooped":3.707481, "Total":25.583599 }
{ "timestamp":"2017-07-21T04:26:01Z", "event":"StartJump", "JumpType":"Hyperspace", "StarSystem":"Byeia Euq AL-T b34-0", "StarClass":"M" }
{ "timestamp":"2017-07-21T04:26:19Z", "event":"FSDJump", "StarSystem":"Byeia Euq AL-T b34-0", "StarPos":[459.406,677.375,6075.313], "SystemAllegiance":"", "SystemEconomy":"$economy_None;", "SystemEconomy_Localised":"None", "SystemGovernment":"$government_None;", "SystemGovernment_Localised":"None", "SystemSecurity":"$SYSTEM_SECURITY_low;", "SystemSecurity_Localised":"Low Security", "JumpDist":35.150, "FuelUsed":6.994706, "FuelLevel":18.588894 }
{ "timestamp":"2017-07-21T04:30:06Z", "event":"FuelScoop", "Scooped":5.011197, "Total":23.600077 }
{ "timestamp":"2017-07-21T04:30:11Z", "event":"FuelScoop", "Scooped":5.007835, "Total":28.607920 }
{ "timestamp":"2017-07-21T04:30:14Z", "event":"FuelScoop", "Scooped":3.392078, "Total":32.000000 }
{ "timestamp":"2017-07-21T04:30:40Z", "event":"StartJump", "JumpType":"Hyperspace", "StarSystem":"Byeia Euq AR-L d8-15", "StarClass":"G" }
{ "timestamp":"2017-07-21T04:30:59Z", "event":"FSDJump", "StarSystem":"Byeia Euq AR-L d8-15", "StarPos":[463.594,675.563,6107.875], "SystemAllegiance":"", "SystemEconomy":"$economy_None;", "SystemEconomy_Localised":"None", "SystemGovernment":"$government_None;", "SystemGovernment_Localised":"None", "SystemSecurity":"$SYSTEM_SECURITY_low;", "SystemSecurity_Localised":"Low Security", "JumpDist":32.881, "FuelUsed":6.047117, "FuelLevel":25.952883 }
{ "timestamp":"2017-07-21T04:31:14Z", "event":"FuelScoop", "Scooped":5.019081, "Total":30.971968 }
{ "timestamp":"2017-07-21T04:31:15Z", "event":"FuelScoop", "Scooped":1.028027, "Total":32.000000 }
{ "timestamp":"2017-07-21T04:33:39Z", "event":"Scan", "BodyName":"Byeia Euq AR-L d8-15 1", "DistanceFromArrivalLS":764.671692, "TidalLock":false, "TerraformState":"", "PlanetClass":"Water world", "Atmosphere":"nitrogen atmosphere", "AtmosphereType":"Nitrogen", "AtmosphereComposition":[ { "Name":"Nitrogen", "Percent":71.230576 }, { "Name":"Oxygen", "Percent":14.559442 }, { "Name":"CarbonDioxide", "Percent":14.049838 } ], "Volcanism":"", "MassEM":0.290554, "Radius":4149352.500000, "SurfaceGravity":6.726298, "SurfaceTemperature":268.850952, "SurfacePressure":85404.281250, "Landable":false, "SemiMajorAxis":107911864.000000, "Eccentricity":0.047345, "OrbitalInclination":-0.151386, "Periapsis":74.010193, "OrbitalPeriod":2611118.750000, "RotationPeriod":-4444082.500000, "AxialTilt":2.643748 }
{ "timestamp":"2017-07-21T04:34:52Z", "event":"Scan", "BodyName":"Byeia Euq AR-L d8-15 2", "DistanceFromArrivalLS":765.490967, "TidalLock":false, "TerraformState":"", "PlanetClass":"High metal content body", "Atmosphere":"thin carbon dioxide atmosphere", "AtmosphereType":"CarbonDioxide", "AtmosphereComposition":[ { "Name":"CarbonDioxide", "Percent":98.492653 }, { "Name":"SulphurDioxide", "Percent":0.984927 }, { "Name":"Argon", "Percent":0.522421 } ], "Volcanism":"", "MassEM":0.153185, "Radius":3433934.250000, "SurfaceGravity":5.177771, "SurfaceTemperature":219.787354, "SurfacePressure":1004.891724, "Landable":false, "SemiMajorAxis":204681760.000000, "Eccentricity":0.047345, "OrbitalInclination":-0.151386, "Periapsis":254.010193, "OrbitalPeriod":2611118.750000, "RotationPeriod":1075612.250000, "AxialTilt":0.424507 }
{ "timestamp":"2017-07-21T04:36:31Z", "event":"Screenshot", "Filename":"\\ED_Pictures\\Screenshot_0011.bmp", "Width":1920, "Height":1080, "System":"Byeia Euq AR-L d8-15", "Body":"Byeia Euq AR-L d8-15 1" }
{ "timestamp":"2017-07-21T04:36:35Z", "event":"Screenshot", "Filename":"\\ED_Pictures\\Screenshot_0012.bmp", "Width":1920, "Height":1080, "System":"Byeia Euq AR-L d8-15", "Body":"Byeia Euq AR-L d8-15 1" }
{ "timestamp":"2017-07-21T04:47:13Z", "event":"StartJump", "JumpType":"Hyperspace", "StarSystem":"Byeia Euq MD-O b37-1", "StarClass":"M" }
{ "timestamp":"2017-07-21T04:47:31Z", "event":"FSDJump", "StarSystem":"Byeia Euq MD-O b37-1", "StarPos":[464.500,681.906,6140.938], "SystemAllegiance":"", "SystemEconomy":"$economy_None;", "SystemEconomy_Localised":"None", "SystemGovernment":"$government_None;", "SystemGovernment_Localised":"None", "SystemSecurity":"$SYSTEM_SECURITY_low;", "SystemSecurity_Localised":"Low Security", "JumpDist":33.678, "FuelUsed":6.436197, "FuelLevel":25.563803 }
{ "timestamp":"2017-07-21T04:47:44Z", "event":"FuelScoop", "Scooped":5.007347, "Total":30.571152 }
{ "timestamp":"2017-07-21T04:47:46Z", "event":"FuelScoop", "Scooped":1.428847, "Total":32.000000 }
{ "timestamp":"2017-07-21T04:48:02Z", "event":"StartJump", "JumpType":"Hyperspace", "StarSystem":"Byeia Euq EX-J d9-6", "StarClass":"A" }
{ "timestamp":"2017-07-21T04:48:21Z", "event":"FSDJump", "StarSystem":"Byeia Euq EX-J d9-6", "StarPos":[473.156,680.000,6170.094], "SystemAllegiance":"", "SystemEconomy":"$economy_None;", "SystemEconomy_Localised":"None", "SystemGovernment":"$government_None;", "SystemGovernment_Localised":"None", "SystemSecurity":"$SYSTEM_SECURITY_low;", "SystemSecurity_Localised":"Low Security", "JumpDist":30.474, "FuelUsed":4.962778, "FuelLevel":27.037222 }
{ "timestamp":"2017-07-21T04:48:37Z", "event":"FuelScoop", "Scooped":4.962776, "Total":32.000000 }
{ "timestamp":"2017-07-21T04:49:06Z", "event":"StartJump", "JumpType":"Hyperspace", "StarSystem":"Byeia Euq AR-I b40-0", "StarClass":"M" }
{ "timestamp":"2017-07-21T04:49:25Z", "event":"FSDJump", "StarSystem":"Byeia Euq AR-I b40-0", "StarPos":[469.219,672.063,6205.063], "SystemAllegiance":"", "SystemEconomy":"$economy_None;", "SystemEconomy_Localised":"None", "SystemGovernment":"$government_None;", "SystemGovernment_Localised":"None", "SystemSecurity":"$SYSTEM_SECURITY_low;", "SystemSecurity_Localised":"Low Security", "JumpDist":36.074, "FuelUsed":7.695368, "FuelLevel":24.304632 }
{ "timestamp":"2017-07-21T04:49:40Z", "event":"FuelScoop", "Scooped":5.014441, "Total":29.319082 }
{ "timestamp":"2017-07-21T04:49:42Z", "event":"FuelScoop", "Scooped":0.306055, "Total":29.625139 }
{ "timestamp":"2017-07-21T04:50:04Z", "event":"StartJump", "JumpType":"Hyperspace", "StarSystem":"Byeia Euq PL-Q c20-6", "StarClass":"G" }
{ "timestamp":"2017-07-21T04:50:23Z", "event":"FSDJump", "StarSystem":"Byeia Euq PL-Q c20-6", "StarPos":[472.063,667.000,6240.281], "SystemAllegiance":"", "SystemEconomy":"$economy_None;", "SystemEconomy_Localised":"None", "SystemGovernment":"$government_None;", "SystemGovernment_Localised":"None", "SystemSecurity":"$SYSTEM_SECURITY_low;", "SystemSecurity_Localised":"Low Security", "JumpDist":35.694, "FuelUsed":7.409255, "FuelLevel":22.215885 }
{ "timestamp":"2017-07-21T04:50:36Z", "event":"FuelScoop", "Scooped":5.002202, "Total":27.218094 }
{ "timestamp":"2017-07-21T04:50:42Z", "event":"FuelScoop", "Scooped":4.781917, "Total":32.000000 }
