{ "timestamp":"2017-01-07T19:01:20Z", "event":"Fileheader", "part":1, "language":"English\\UK", "gameversion":"2.2", "build":"r126898/r0 " }
{ "timestamp":"2017-01-07T19:36:53Z", "event":"LoadGame", "Commander":"Kith000", "Ship":"Vulture", "ShipID":3, "GameMode":"Solo", "Credits":27721156, "Loan":0 }
{ "timestamp":"2017-01-07T19:36:53Z", "event":"Rank", "Combat":5, "Trade":3, "Explore":1, "Empire":0, "Federation":2, "CQC":0 }
{ "timestamp":"2017-01-07T19:36:53Z", "event":"Progress", "Combat":10, "Trade":33, "Explore":18, "Empire":100, "Federation":66, "CQC":40 }
{ "timestamp":"2017-01-07T19:37:21Z", "event":"Location", "Docked":false, "StarSystem":"LHS 2948", "StarPos":[-21.688,60.438,15.094], "SystemAllegiance":"Federation", "SystemEconomy":"$economy_Industrial;", "SystemEconomy_Localised":"Industrial", "SystemGovernment":"$government_Corporate;", "SystemGovernment_Localised":"Corporate", "SystemSecurity":"$SYSTEM_SECURITY_high;", "SystemSecurity_Localised":"High Security", "Body":"LHS 2948 2", "BodyType":"Planet", "SystemFaction":"LHS 2948 Universal Corporation", "FactionState":"Boom" }
{ "timestamp":"2017-01-07T19:38:27Z", "event":"SupercruiseEntry", "StarSystem":"LHS 2948" }
{ "timestamp":"2017-01-07T19:39:06Z", "event":"SupercruiseExit", "StarSystem":"LHS 2948", "Body":"LHS 2948 2", "BodyType":"Planet" }
{ "timestamp":"2017-01-07T19:40:36Z", "event":"ReceiveText", "From":"$ShipName_Military_Independent;", "From_Localised":"System Defence Force", "Message":"$Military_UnderFire01;", "Message_Localised":"Bandit on my six...", "Channel":"npc" }
{ "timestamp":"2017-01-07T19:40:58Z", "event":"ReceiveText", "From":"$ShipName_Military_Independent;", "From_Localised":"System Defence Force", "Message":"$Military_UnderFire08;", "Message_Localised":"Enemy fire incoming!", "Channel":"npc" }
{ "timestamp":"2017-01-07T19:41:03Z", "event":"Bounty", "TotalReward":0, "VictimFaction":"LHS 2948 Nationals" }
{ "timestamp":"2017-01-07T19:41:03Z", "event":"FactionKillBond", "Reward":28000, "AwardingFaction":"Workers of Gateway for Equality", "VictimFaction":"LHS 2948 Nationals" }
{ "timestamp":"2017-01-07T19:41:40Z", "event":"ReceiveText", "From":"$ShipName_Military_Independent;", "From_Localised":"System Defence Force", "Message":"$Military_UnderFire09;", "Message_Localised":"Allow me to show you the error of your ways.", "Channel":"npc" }
{ "timestamp":"2017-01-07T19:44:12Z", "event":"ReceiveText", "From":"$ShipName_Military_Independent;", "From_Localised":"System Defence Force", "Message":"$Military_UnderFire05;", "Message_Localised":"Incoming...", "Channel":"npc" }
{ "timestamp":"2017-01-07T19:45:26Z", "event":"ReceiveText", "From":"$ShipName_Military_Independent;", "From_Localised":"System Defence Force", "Message":"$Military_UnderFire01;", "Message_Localised":"Bandit on my six...", "Channel":"npc" }
{ "timestamp":"2017-01-07T19:45:43Z", "event":"Bounty", "TotalReward":0, "VictimFaction":"LHS 2948 Nationals" }
{ "timestamp":"2017-01-07T19:45:43Z", "event":"FactionKillBond", "Reward":8000, "AwardingFaction":"Workers of Gateway for Equality", "VictimFaction":"LHS 2948 Nationals" }
{ "timestamp":"2017-01-07T19:46:08Z", "event":"ReceiveText", "From":"$ShipName_Military_Independent;", "From_Localised":"System Defence Force", "Message":"$Military_UnderFire05;", "Message_Localised":"Incoming...", "Channel":"npc" }
{ "timestamp":"2017-01-07T19:46:28Z", "event":"ReceiveText", "From":"$ShipName_Military_Independent;", "From_Localised":"System Defence Force", "Message":"$Military_UnderFire04;", "Message_Localised":"Your ticket is about to get well and truly punched.", "Channel":"npc" }
{ "timestamp":"2017-01-07T19:48:11Z", "event":"ReceiveText", "From":"$ShipName_Military_Independent;", "From_Localised":"System Defence Force", "Message":"$Military_UnderFire10;", "Message_Localised":"I'm under attack.", "Channel":"npc" }
{ "timestamp":"2017-01-07T19:48:13Z", "event":"Bounty", "TotalReward":0, "VictimFaction":"LHS 2948 Nationals" }
{ "timestamp":"2017-01-07T19:48:13Z", "event":"FactionKillBond", "Reward":8000, "AwardingFaction":"Workers of Gateway for Equality", "VictimFaction":"LHS 2948 Nationals" }
{ "timestamp":"2017-01-07T19:48:14Z", "event":"ShieldState", "ShieldsUp":false }
{ "timestamp":"2017-01-07T19:49:45Z", "event":"ShieldState", "ShieldsUp":true }
{ "timestamp":"2017-01-07T19:58:25Z", "event":"Bounty", "TotalReward":0, "VictimFaction":"LHS 2948 Nationals" }
{ "timestamp":"2017-01-07T19:58:25Z", "event":"FactionKillBond", "Reward":24000, "AwardingFaction":"Workers of Gateway for Equality", "VictimFaction":"LHS 2948 Nationals" }
{ "timestamp":"2017-01-07T19:59:02Z", "event":"ReceiveText", "From":"$ShipName_Military_Independent;", "From_Localised":"System Defence Force", "Message":"$Military_UnderFire08;", "Message_Localised":"Enemy fire incoming!", "Channel":"npc" }
{ "timestamp":"2017-01-07T20:01:56Z", "event":"Bounty", "TotalReward":0, "VictimFaction":"LHS 2948 Nationals" }
{ "timestamp":"2017-01-07T20:01:56Z", "event":"FactionKillBond", "Reward":52000, "AwardingFaction":"Workers of Gateway for Equality", "VictimFaction":"LHS 2948 Nationals" }
{ "timestamp":"2017-01-07T20:02:59Z", "event":"Bounty", "TotalReward":0, "VictimFaction":"LHS 2948 Nationals" }
{ "timestamp":"2017-01-07T20:02:59Z", "event":"FactionKillBond", "Reward":8000, "AwardingFaction":"Workers of Gateway for Equality", "VictimFaction":"LHS 2948 Nationals" }
{ "timestamp":"2017-01-07T20:03:55Z", "event":"SupercruiseEntry", "StarSystem":"LHS 2948" }
{ "timestamp":"2017-01-07T20:06:10Z", "event":"SupercruiseExit", "StarSystem":"LHS 2948", "Body":"LHS 2948 3 c", "BodyType":"Planet" }
{ "timestamp":"2017-01-07T20:07:06Z", "event":"SupercruiseEntry", "StarSystem":"LHS 2948" }
{ "timestamp":"2017-01-07T20:08:55Z", "event":"ApproachSettlement", "Name":"Balandin Prospect" }
{ "timestamp":"2017-01-07T20:09:11Z", "event":"SupercruiseExit", "StarSystem":"LHS 2948", "Body":"LHS 2948 3 c", "BodyType":"Planet" }
{ "timestamp":"2017-01-07T20:09:32Z", "event":"DockingRequested", "StationName":"Balandin Prospect" }
{ "timestamp":"2017-01-07T20:09:32Z", "event":"ReceiveText", "From":"Balandin Prospect", "Message":"$DockingChatter_Neutral;", "Message_Localised":"Ensure to observe starport protocol during your visit, pilot.", "Channel":"npc" }
{ "timestamp":"2017-01-07T20:09:33Z", "event":"ReceiveText", "From":"Balandin Prospect", "Message":"$STATION_docking_granted;", "Message_Localised":"Docking request granted.", "Channel":"npc" }
{ "timestamp":"2017-01-07T20:09:33Z", "event":"DockingGranted", "LandingPad":4, "StationName":"Balandin Prospect" }
{ "timestamp":"2017-01-07T20:09:44Z", "event":"ReceiveText", "From":"Balandin Prospect", "Message":"$STATION_NoFireZone_entered;", "Message_Localised":"No fire zone entered.", "Channel":"npc" }
{ "timestamp":"2017-01-07T20:09:59Z", "event":"ReceiveText", "From":"$ShipName_Police_Federation;", "From_Localised":"Federal Security Service", "Message":"$Police_StartPatrol02;", "Message_Localised":"Tower, this is Patrol. Launch completed.", "Channel":"npc" }
{ "timestamp":"2017-01-07T20:10:21Z", "event":"ReceiveText", "From":"$ShipName_Police_Federation;", "From_Localised":"Federal Security Service", "Message":"$Police_ThankYouPassedStopAndSearch01;", "Message_Localised":"Thank you for your cooperation, Commander.", "Channel":"npc" }
{ "timestamp":"2017-01-07T20:10:32Z", "event":"Docked", "StationName":"Balandin Prospect", "StarSystem":"LHS 2948", "StationFaction":"LHS 2948 Universal Corporation", "FactionState":"Boom", "StationGovernment":"$government_Corporate;", "StationGovernment_Localised":"Corporate", "StationAllegiance":"Federation" }
{ "timestamp":"2017-01-07T20:10:59Z", "event":"MissionCompleted", "Faction":"Workers of Gateway for Equality", "Name":"Mission_Massacre_Conflict_CivilWar_name", "MissionID":67083715, "DestinationSystem":"LHS 2948", "DestinationStation":"Higginbotham Port", "Reward":61505 }
{ "timestamp":"2017-01-07T20:12:49Z", "event":"RefuelAll", "Cost":153, "Amount":3.039353 }
{ "timestamp":"2017-01-07T20:12:51Z", "event":"RepairAll", "Cost":2666 }
{ "timestamp":"2017-01-07T20:13:07Z", "event":"Undocked", "StationName":"Balandin Prospect" }
{ "timestamp":"2017-01-07T20:13:14Z", "event":"ReceiveText", "From":"$ShipName_Police_Federation;", "From_Localised":"Federal Security Service", "Message":"$Police_StartPatrol02;", "Message_Localised":"Tower, this is Patrol. Launch completed.", "Channel":"npc" }
{ "timestamp":"2017-01-07T20:13:33Z", "event":"ReceiveText", "From":"Balandin Prospect", "Message":"$STATION_NoFireZone_exited;", "Message_Localised":"No fire zone left.", "Channel":"npc" }
{ "timestamp":"2017-01-07T20:14:02Z", "event":"SupercruiseEntry", "StarSystem":"LHS 2948" }
{ "timestamp":"2017-01-07T20:14:21Z", "event":"ApproachSettlement", "Name":"Balandin Prospect" }
{ "timestamp":"2017-01-07T20:14:23Z", "event":"SupercruiseExit", "StarSystem":"LHS 2948", "Body":"LHS 2948 3 c", "BodyType":"Planet" }
{ "timestamp":"2017-01-07T20:14:44Z", "event":"SupercruiseEntry", "StarSystem":"LHS 2948" }
{ "timestamp":"2017-01-07T20:16:23Z", "event":"FSDJump", "StarSystem":"LTT 14478", "StarPos":[-25.094,62.813,24.656], "SystemAllegiance":"Alliance", "SystemEconomy":"$economy_Agri;", "SystemEconomy_Localised":"Agriculture", "SystemGovernment":"$government_Patronage;", "SystemGovernment_Localised":"Patronage", "SystemSecurity":"$SYSTEM_SECURITY_high;", "SystemSecurity_Localised":"High Security", "JumpDist":10.425, "FuelUsed":1.463838, "FuelLevel":6.536162, "SystemFaction":"LTT 14478 Pro-Alliance League" }
{ "timestamp":"2017-01-07T20:16:44Z", "event":"FuelScoop", "Scooped":0.010669, "Total":6.546832 }
{ "timestamp":"2017-01-07T20:17:18Z", "event":"FSDJump", "StarSystem":"HO Bootis", "StarPos":[-23.125,73.844,27.406], "SystemAllegiance":"Federation", "SystemEconomy":"$economy_Extraction;", "SystemEconomy_Localised":"Extraction", "SystemGovernment":"$government_Corporate;", "SystemGovernment_Localised":"Corporate", "SystemSecurity":"$SYSTEM_SECURITY_low;", "SystemSecurity_Localised":"Low Security", "JumpDist":11.538, "FuelUsed":1.833171, "FuelLevel":4.713660, "SystemFaction":"HO Bootis Corporation" }
{ "timestamp":"2017-01-07T20:17:35Z", "event":"FuelScoop", "Scooped":0.004464, "Total":4.718124 }
{ "timestamp":"2017-01-07T20:20:38Z", "event":"SupercruiseExit", "StarSystem":"HO Bootis", "Body":"Altshuller Port", "BodyType":"Station" }
{ "timestamp":"2017-01-07T20:20:46Z", "event":"DockingRequested", "StationName":"Altshuller Port" }
{ "timestamp":"2017-01-07T20:20:46Z", "event":"ReceiveText", "From":"Altshuller Port", "Message":"$DockingChatter_Neutral;", "Message_Localised":"Ensure to observe starport protocol during your visit, pilot.", "Channel":"npc" }
{ "timestamp":"2017-01-07T20:20:47Z", "event":"ReceiveText", "From":"Altshuller Port", "Message":"$STATION_docking_granted;", "Message_Localised":"Docking request granted.", "Channel":"npc" }
{ "timestamp":"2017-01-07T20:20:47Z", "event":"DockingGranted", "LandingPad":1, "StationName":"Altshuller Port" }
{ "timestamp":"2017-01-07T20:20:55Z", "event":"ReceiveText", "From":"Altshuller Port", "Message":"$STATION_NoFireZone_entered;", "Message_Localised":"No fire zone entered.", "Channel":"npc" }
{ "timestamp":"2017-01-07T20:21:41Z", "event":"Docked", "StationName":"Altshuller Port", "StationType":"Outpost", "StarSystem":"HO Bootis", "StationFaction":"HO Bootis Corporation", "StationGovernment":"$government_Corporate;", "StationGovernment_Localised":"Corporate", "StationAllegiance":"Federation", "StationEconomy":"$economy_Extraction;", "StationEconomy_Localised":"Extraction" }
{ "timestamp":"2017-01-07T20:21:58Z", "event":"RefuelAll", "Cost":176, "Amount":3.489490 }
{ "timestamp":"2017-01-07T20:22:03Z", "event":"BuyAmmo", "Cost":200 }
{ "timestamp":"2017-01-07T20:24:35Z", "event":"SellExplorationData", "Systems":[ "Perkwunos", "BD+40 2905A", "DP Draconis", "Lalande 29917", "LP 274-8", "LHS 3075", "LP 176-55", "Styx" ], "Discovered":[  ], "BaseValue":3222, "Bonus":0 }
{ "timestamp":"2017-01-07T22:16:38Z", "event":"MissionAccepted", "Faction":"Marquis du G 167-35", "Name":"MISSION_Salvage_Refinery", "Commodity":"$USSCargoBlackBox_Name;", "Commodity_Localised":"Black Box", "Count":1, "DestinationSystem":"Berkanan", "DestinationStation":"Cremona Prospect", "Expiry":"2017-01-09T10:45:17Z", "MissionID":67432086 }
{ "timestamp":"2017-01-07T22:16:57Z", "event":"MissionAccepted", "Faction":"HO Bootis Pro-Independent Pact", "Name":"MISSION_Salvage_Refinery", "Commodity":"$USSCargoBlackBox_Name;", "Commodity_Localised":"Black Box", "Count":1, "DestinationSystem":"Berkanan", "DestinationStation":"Barton Base", "Expiry":"2017-01-09T15:50:07Z", "MissionID":67432239 }
{ "timestamp":"2017-01-07T22:17:37Z", "event":"Undocked", "StationName":"Altshuller Port", "StationType":"Outpost" }
{ "timestamp":"2017-01-07T22:18:25Z", "event":"ReceiveText", "From":"Altshuller Port", "Message":"$STATION_NoFireZone_exited;", "Message_Localised":"No fire zone left.", "Channel":"npc" }
{ "timestamp":"2017-01-07T22:21:21Z", "event":"FSDJump", "StarSystem":"Berkanan", "StarPos":[-19.281,67.563,31.000], "SystemAllegiance":"Alliance", "SystemEconomy":"$economy_Colony;", "SystemEconomy_Localised":"Colony", "SystemGovernment":"$government_Feudal;", "SystemGovernment_Localised":"Feudal", "SystemSecurity":"$SYSTEM_SECURITY_medium;", "SystemSecurity_Localised":"Medium Security", "JumpDist":8.194, "FuelUsed":0.841308, "FuelLevel":7.158692, "SystemFaction":"Monarchy of Berkanan", "FactionState":"Boom" }
{ "timestamp":"2017-01-07T22:21:58Z", "event":"HeatWarning" }
{ "timestamp":"2017-01-07T22:22:37Z", "event":"FSDJump", "StarSystem":"HO Bootis", "StarPos":[-23.125,73.844,27.406], "SystemAllegiance":"Federation", "SystemEconomy":"$economy_Extraction;", "SystemEconomy_Localised":"Extraction", "SystemGovernment":"$government_Corporate;", "SystemGovernment_Localised":"Corporate", "SystemSecurity":"$SYSTEM_SECURITY_low;", "SystemSecurity_Localised":"Low Security", "JumpDist":8.194, "FuelUsed":0.837309, "FuelLevel":6.332155, "SystemFaction":"HO Bootis Corporation" }
{ "timestamp":"2017-01-07T22:22:38Z", "event":"HeatWarning" }
{ "timestamp":"2017-01-07T22:23:04Z", "event":"FuelScoop", "Scooped":0.068849, "Total":6.401004 }
{ "timestamp":"2017-01-07T22:23:32Z", "event":"FSDJump", "StarSystem":"Berkanan", "StarPos":[-19.281,67.563,31.000], "SystemAllegiance":"Alliance", "SystemEconomy":"$economy_Colony;", "SystemEconomy_Localised":"Colony", "SystemGovernment":"$government_Feudal;", "SystemGovernment_Localised":"Feudal", "SystemSecurity":"$SYSTEM_SECURITY_medium;", "SystemSecurity_Localised":"Medium Security", "JumpDist":8.194, "FuelUsed":0.833582, "FuelLevel":5.567422, "SystemFaction":"Monarchy of Berkanan", "FactionState":"Boom" }
{ "timestamp":"2017-01-07T22:24:18Z", "event":"FuelScoop", "Scooped":0.293810, "Total":5.861232 }
{ "timestamp":"2017-01-07T22:24:30Z", "event":"SupercruiseExit", "StarSystem":"Berkanan", "Body":"Berkanan", "BodyType":"Star" }
{ "timestamp":"2017-01-07T22:25:05Z", "event":"ReceiveText", "From":"$npc_name_decorate:#name=Sirius Security;", "From_Localised":"Sirius Security", "Message":"$PowersPirate_OnStartScanCargo02;", "Message_Localised":"The boss likes me to check everyone who comes through here.", "Channel":"npc" }
{ "timestamp":"2017-01-07T22:25:15Z", "event":"ReceiveText", "From":"$npc_name_decorate:#name=Sirius Security;", "From_Localised":"Sirius Security", "Message":"$PowersPirate_OnNoCargoFound05;", "Message_Localised":"They can't say I didn't check.", "Channel":"npc" }
{ "timestamp":"2017-01-07T22:25:24Z", "event":"ReceiveText", "From":"$npc_name_decorate:#name=John \"Reaper\" Grimm;", "From_Localised":"John \"Reaper\" Grimm", "Message":"$Police_ThankYouPassedStopAndSearch06;", "Message_Localised":"We're done here pilot, move along.", "Channel":"npc" }
{ "timestamp":"2017-01-07T22:26:22Z", "event":"FSDJump", "StarSystem":"HO Bootis", "StarPos":[-23.125,73.844,27.406], "SystemAllegiance":"Federation", "SystemEconomy":"$economy_Extraction;", "SystemEconomy_Localised":"Extraction", "SystemGovernment":"$government_Corporate;", "SystemGovernment_Localised":"Corporate", "SystemSecurity":"$SYSTEM_SECURITY_low;", "SystemSecurity_Localised":"Low Security", "JumpDist":8.194, "FuelUsed":0.831164, "FuelLevel":5.030068, "SystemFaction":"HO Bootis Corporation" }
{ "timestamp":"2017-01-07T22:27:13Z", "event":"FSDJump", "StarSystem":"Hooriayan", "StarPos":[-23.344,78.000,18.125], "SystemAllegiance":"Alliance", "SystemEconomy":"$economy_Industrial;", "SystemEconomy_Localised":"Industrial", "SystemGovernment":"$government_Dictatorship;", "SystemGovernment_Localised":"Dictatorship", "SystemSecurity":"$SYSTEM_SECURITY_high;", "SystemSecurity_Localised":"High Security", "JumpDist":10.172, "FuelUsed":1.360141, "FuelLevel":3.710808, "SystemFaction":"League of Hooriayan Bureau" }
{ "timestamp":"2017-01-07T22:27:44Z", "event":"FuelScoop", "Scooped":0.168757, "Total":3.879566 }
{ "timestamp":"2017-01-07T22:29:05Z", "event":"SupercruiseExit", "StarSystem":"Hooriayan", "Body":"Davis Port", "BodyType":"Station" }
{ "timestamp":"2017-01-07T22:29:15Z", "event":"DockingRequested", "StationName":"Davis Port" }
{ "timestamp":"2017-01-07T22:29:15Z", "event":"ReceiveText", "From":"Davis Port", "Message":"$DockingChatter_Neutral;", "Message_Localised":"Ensure to observe starport protocol during your visit, pilot.", "Channel":"npc" }
{ "timestamp":"2017-01-07T22:29:17Z", "event":"ReceiveText", "From":"Davis Port", "Message":"$STATION_docking_granted;", "Message_Localised":"Docking request granted.", "Channel":"npc" }
{ "timestamp":"2017-01-07T22:29:17Z", "event":"DockingGranted", "LandingPad":28, "StationName":"Davis Port" }
{ "timestamp":"2017-01-07T22:29:28Z", "event":"ReceiveText", "From":"Davis Port", "Message":"$STATION_NoFireZone_entered;", "Message_Localised":"No fire zone entered.", "Channel":"npc" }
{ "timestamp":"2017-01-07T22:30:21Z", "event":"Docked", "StationName":"Davis Port", "StationType":"Coriolis", "StarSystem":"Hooriayan", "StationFaction":"League of Hooriayan Bureau", "StationGovernment":"$government_Dictatorship;", "StationGovernment_Localised":"Dictatorship", "StationAllegiance":"Alliance", "StationEconomy":"$economy_Industrial;", "StationEconomy_Localised":"Industrial" }
{ "timestamp":"2017-01-07T22:30:31Z", "event":"RefuelAll", "Cost":221, "Amount":4.387871 }
{ "timestamp":"2017-01-07T22:32:58Z", "event":"Undocked", "StationName":"Davis Port", "StationType":"Coriolis" }
{ "timestamp":"2017-01-07T22:33:24Z", "event":"ReceiveText", "From":"Davis Port", "Message":"$STATION_NoFireZone_exited;", "Message_Localised":"No fire zone left.", "Channel":"npc" }
{ "timestamp":"2017-01-07T22:34:19Z", "event":"FSDJump", "StarSystem":"HO Bootis", "StarPos":[-23.125,73.844,27.406], "SystemAllegiance":"Federation", "SystemEconomy":"$economy_Extraction;", "SystemEconomy_Localised":"Extraction", "SystemGovernment":"$government_Corporate;", "SystemGovernment_Localised":"Corporate", "SystemSecurity":"$SYSTEM_SECURITY_low;", "SystemSecurity_Localised":"Low Security", "JumpDist":10.172, "FuelUsed":1.383270, "FuelLevel":6.616730, "SystemFaction":"HO Bootis Corporation" }
{ "timestamp":"2017-01-07T22:35:03Z", "event":"SupercruiseExit", "StarSystem":"HO Bootis", "Body":"HO Bootis", "BodyType":"Star" }
{ "timestamp":"2017-01-07T22:36:44Z", "event":"FSDJump", "StarSystem":"Berkanan", "StarPos":[-19.281,67.563,31.000], "SystemAllegiance":"Alliance", "SystemEconomy":"$economy_Colony;", "SystemEconomy_Localised":"Colony", "SystemGovernment":"$government_Feudal;", "SystemGovernment_Localised":"Feudal", "SystemSecurity":"$SYSTEM_SECURITY_medium;", "SystemSecurity_Localised":"Medium Security", "JumpDist":8.194, "FuelUsed":0.834739, "FuelLevel":5.781991, "SystemFaction":"Monarchy of Berkanan", "FactionState":"Boom" }
{ "timestamp":"2017-01-07T22:37:13Z", "event":"FuelScoop", "Scooped":0.024175, "Total":5.806166 }
{ "timestamp":"2017-01-07T22:37:31Z", "event":"SupercruiseExit", "StarSystem":"Berkanan", "Body":"Berkanan", "BodyType":"Star" }
{ "timestamp":"2017-01-07T22:38:50Z", "event":"ReceiveText", "From":"$npc_name_decorate:#name=Shield of Justice;", "From_Localised":"Shield of Justice", "Message":"$BadKarmaCriticalDamage02;", "Message_Localised":"Impossible!", "Channel":"npc" }
{ "timestamp":"2017-01-07T22:38:50Z", "event":"ReceiveText", "From":"$npc_name_decorate:#name=Koger;", "From_Localised":"Koger", "Message":"$BountyHunter_ThankYouPassedStopAndSearch04;", "Message_Localised":"Sorry, mistaken identity. I thought you were someone else.", "Channel":"npc" }
{ "timestamp":"2017-01-07T22:39:34Z", "event":"SupercruiseEntry", "StarSystem":"Berkanan" }
{ "timestamp":"2017-01-07T22:39:56Z", "event":"FuelScoop", "Scooped":0.044612, "Total":5.850778 }
{ "timestamp":"2017-01-07T22:43:37Z", "event":"USSDrop", "USSType":"$USS_Type_Salvage;", "USSType_Localised":"Degraded emissions detected", "USSThreat":0 }
{ "timestamp":"2017-01-07T22:43:40Z", "event":"SupercruiseExit", "StarSystem":"Berkanan", "Body":"Berkanan 5", "BodyType":"Planet" }
{ "timestamp":"2017-01-07T22:44:18Z", "event":"CollectCargo", "Type":"USSCargoBlackBox", "Stolen":false }
{ "timestamp":"2017-01-07T22:44:57Z", "event":"CollectCargo", "Type":"Biowaste", "Stolen":false }
{ "timestamp":"2017-01-07T22:45:35Z", "event":"CollectCargo", "Type":"HydrogenFuel", "Stolen":false }
{ "timestamp":"2017-01-07T22:45:50Z", "event":"SupercruiseEntry", "StarSystem":"Berkanan" }
{ "timestamp":"2017-01-07T22:46:06Z", "event":"ReceiveText", "From":"$npc_name_decorate:#name=Rehsiloba;", "From_Localised":"Rehsiloba", "Message":"$Pirate_HunterHostileSC_Relevant02;", "Message_Localised":"I knew I'd find you eventually, all that tasty cargo!", "Channel":"npc" }
{ "timestamp":"2017-01-07T22:46:58Z", "event":"FSDJump", "StarSystem":"HO Bootis", "StarPos":[-23.125,73.844,27.406], "SystemAllegiance":"Federation", "SystemEconomy":"$economy_Extraction;", "SystemEconomy_Localised":"Extraction", "SystemGovernment":"$government_Corporate;", "SystemGovernment_Localised":"Corporate", "SystemSecurity":"$SYSTEM_SECURITY_low;", "SystemSecurity_Localised":"Low Security", "JumpDist":8.194, "FuelUsed":0.845362, "FuelLevel":5.005416, "SystemFaction":"HO Bootis Corporation" }
{ "timestamp":"2017-01-07T22:49:14Z", "event":"ReceiveText", "From":"$npc_name_decorate:#name=Rehsiloba;", "From_Localised":"Rehsiloba", "Message":"$Pirate_HunterHostileSC_Relevant05;", "Message_Localised":"The rumour was right... good job I found you first.", "Channel":"npc" }
{ "timestamp":"2017-01-07T22:49:43Z", "event":"EscapeInterdiction", "Interdictor":"Rehsiloba", "IsPlayer":false }
{ "timestamp":"2017-01-07T22:50:50Z", "event":"SupercruiseExit", "StarSystem":"HO Bootis", "Body":"Altshuller Port", "BodyType":"Station" }
{ "timestamp":"2017-01-07T22:51:00Z", "event":"DockingRequested", "StationName":"Altshuller Port" }
{ "timestamp":"2017-01-07T22:51:00Z", "event":"ReceiveText", "From":"Altshuller Port", "Message":"$DockingChatter_Neutral;", "Message_Localised":"Ensure to observe starport protocol during your visit, pilot.", "Channel":"npc" }
{ "timestamp":"2017-01-07T22:51:01Z", "event":"ReceiveText", "From":"Altshuller Port", "Message":"$STATION_docking_granted;", "Message_Localised":"Docking request granted.", "Channel":"npc" }
{ "timestamp":"2017-01-07T22:51:01Z", "event":"DockingGranted", "LandingPad":1, "StationName":"Altshuller Port" }
{ "timestamp":"2017-01-07T22:51:08Z", "event":"ReceiveText", "From":"Altshuller Port", "Message":"$STATION_NoFireZone_entered;", "Message_Localised":"No fire zone entered.", "Channel":"npc" }
{ "timestamp":"2017-01-07T22:51:51Z", "event":"Docked", "StationName":"Altshuller Port", "StationType":"Outpost", "StarSystem":"HO Bootis", "StationFaction":"HO Bootis Corporation", "StationGovernment":"$government_Corporate;", "StationGovernment_Localised":"Corporate", "StationAllegiance":"Federation", "StationEconomy":"$economy_Extraction;", "StationEconomy_Localised":"Extraction" }
{ "timestamp":"2017-01-07T22:52:15Z", "event":"MissionCompleted", "Faction":"HO Bootis Pro-Independent Pact", "Name":"MISSION_Salvage_Refinery_name", "MissionID":67432239, "Commodity":"$USSCargoBlackBox_Name;", "Commodity_Localised":"Black Box", "Count":1, "DestinationSystem":"Berkanan", "DestinationStation":"Barton Base", "Reward":63298 }
{ "timestamp":"2017-01-07T22:52:58Z", "event":"MissionAccepted", "Faction":"HO Bootis Corporation", "Name":"Mission_Assassinate_Legal_War", "TargetType":"$MissionUtil_FactionTag_Deserter;", "TargetType_Localised":"Deserters", "DestinationSystem":"G 167-35", "DestinationStation":"Bujold Vision", "Expiry":"2017-01-08T22:52:03Z", "MissionID":67448911 }
{ "timestamp":"2017-01-07T22:53:14Z", "event":"MissionAccepted", "Faction":"HO Bootis Corporation", "Name":"Mission_Assassinate_Legal_War", "TargetType":"$MissionUtil_FactionTag_Deserter;", "TargetType_Localised":"Deserters", "DestinationSystem":"Umbrogo", "DestinationStation":"Arthur Settlement", "Expiry":"2017-01-08T22:15:43Z", "MissionID":67449032 }
{ "timestamp":"2017-01-07T22:53:28Z", "event":"Undocked", "StationName":"Altshuller Port", "StationType":"Outpost" }
{ "timestamp":"2017-01-07T22:54:09Z", "event":"ReceiveText", "From":"Altshuller Port", "Message":"$STATION_NoFireZone_exited;", "Message_Localised":"No fire zone left.", "Channel":"npc" }
{ "timestamp":"2017-01-07T22:54:28Z", "event":"EjectCargo", "Type":"hydrogenfuel", "Count":1, "Abandoned":false }
{ "timestamp":"2017-01-07T22:54:29Z", "event":"EjectCargo", "Type":"biowaste", "Count":1, "Abandoned":false }
{ "timestamp":"2017-01-07T22:55:21Z", "event":"FSDJump", "StarSystem":"BD+22 2742", "StarPos":[-17.875,75.656,33.406], "SystemAllegiance":"Federation", "SystemEconomy":"$economy_Agri;", "SystemEconomy_Localised":"Agriculture", "SystemGovernment":"$government_Democracy;", "SystemGovernment_Localised":"Democracy", "SystemSecurity":"$SYSTEM_SECURITY_high;", "SystemSecurity_Localised":"High Security", "JumpDist":8.176, "FuelUsed":0.822934, "FuelLevel":4.182483, "SystemFaction":"Progressive Party of BD+22 2742" }
{ "timestamp":"2017-01-07T22:57:47Z", "event":"HeatWarning" }
{ "timestamp":"2017-01-07T22:58:03Z", "event":"FuelScoop", "Scooped":2.160494, "Total":6.342977 }
{ "timestamp":"2017-01-07T22:58:29Z", "event":"FSDJump", "StarSystem":"LP 441-27", "StarPos":[-16.188,77.344,42.250], "SystemAllegiance":"", "SystemEconomy":"$economy_None;", "SystemEconomy_Localised":"None", "SystemGovernment":"$government_None;", "SystemGovernment_Localised":"None", "SystemSecurity":"$SYSTEM_SECURITY_low;", "SystemSecurity_Localised":"Low Security", "JumpDist":9.160, "FuelUsed":1.087023, "FuelLevel":6.342977 }
{ "timestamp":"2017-01-07T22:59:00Z", "event":"FuelScoop", "Scooped":0.062562, "Total":6.405539 }
{ "timestamp":"2017-01-07T23:00:01Z", "event":"FSDJump", "StarSystem":"Alrai Sector ZU-X b1-2", "StarPos":[-14.406,78.406,52.781], "SystemAllegiance":"", "SystemEconomy":"$economy_None;", "SystemEconomy_Localised":"None", "SystemGovernment":"$government_None;", "SystemGovernment_Localised":"None", "SystemSecurity":"$SYSTEM_SECURITY_low;", "SystemSecurity_Localised":"Low Security", "JumpDist":10.734, "FuelUsed":1.551240, "FuelLevel":4.854299 }
{ "timestamp":"2017-01-07T23:00:54Z", "event":"FSDJump", "StarSystem":"Losna", "StarPos":[-6.781,79.844,52.875], "SystemAllegiance":"Alliance", "SystemEconomy":"$economy_Colony;", "SystemEconomy_Localised":"Colony", "SystemGovernment":"$government_Feudal;", "SystemGovernment_Localised":"Feudal", "SystemSecurity":"$SYSTEM_SECURITY_low;", "SystemSecurity_Localised":"Low Security", "JumpDist":7.760, "FuelUsed":0.729137, "FuelLevel":4.125162, "SystemFaction":"Dukes of Losna" }
{ "timestamp":"2017-01-07T23:01:57Z", "event":"FSDJump", "StarSystem":"Umbrogo", "StarPos":[-3.469,79.813,59.031], "SystemAllegiance":"Alliance", "SystemEconomy":"$economy_Military;", "SystemEconomy_Localised":"Military", "SystemGovernment":"$government_Corporate;", "SystemGovernment_Localised":"Corporate", "SystemSecurity":"$SYSTEM_SECURITY_low;", "SystemSecurity_Localised":"Low Security", "JumpDist":6.991, "FuelUsed":0.571169, "FuelLevel":3.553992, "SystemFaction":"Umbrogo Corporation" }
{ "timestamp":"2017-01-07T23:03:00Z", "event":"FuelScoop", "Scooped":0.273649, "Total":3.827641 }
{ "timestamp":"2017-01-07T23:03:30Z", "event":"SupercruiseExit", "StarSystem":"Umbrogo", "Body":"Umbrogo", "BodyType":"Star" }
{ "timestamp":"2017-01-07T23:04:52Z", "event":"SupercruiseEntry", "StarSystem":"Umbrogo" }
{ "timestamp":"2017-01-07T23:08:35Z", "event":"SupercruiseExit", "StarSystem":"Umbrogo", "Body":"Umbrogo 1 d", "BodyType":"Planet" }
{ "timestamp":"2017-01-07T23:09:30Z", "event":"SupercruiseEntry", "StarSystem":"Umbrogo" }
{ "timestamp":"2017-01-07T23:10:04Z", "event":"USSDrop", "USSType":"$USS_Type_MissionTarget;", "USSType_Localised":"Mission target", "USSThreat":2 }
{ "timestamp":"2017-01-07T23:10:07Z", "event":"SupercruiseExit", "StarSystem":"Umbrogo", "Body":"Umbrogo 1 c+d", "BodyType":"Null" }
{ "timestamp":"2017-01-07T23:11:16Z", "event":"ReceiveText", "From":"$npc_name_decorate:#name=Eric;", "From_Localised":"Eric", "Message":"$Deserter_NearDeath05;", "Message_Localised":"Just tell them I'm dead. I swear you'll never have to see me again.", "Channel":"npc" }
{ "timestamp":"2017-01-07T23:12:14Z", "event":"ReceiveText", "From":"$npc_name_decorate:#name=Eric;", "From_Localised":"Eric", "Message":"$Deserter_Flee02;", "Message_Localised":"Don’t believe their lies.", "Channel":"npc" }
{ "timestamp":"2017-01-07T23:12:18Z", "event":"Bounty", "Rewards":[ { "Faction":"Umbrogo Corporation", "Reward":44800 } ], "TotalReward":44800, "VictimFaction":"Aristocrats of Umbrogo" }
{ "timestamp":"2017-01-07T23:13:27Z", "event":"ReceiveText", "From":"$ShipName_Police_Alliance;", "From_Localised":"Allied Police Forces", "Message":"$Police_ArriveInvestigate05;", "Message_Localised":"Police response unit in position.", "Channel":"npc" }
{ "timestamp":"2017-01-07T23:13:31Z", "event":"ReceiveText", "From":"$ShipName_Police_Alliance;", "From_Localised":"Allied Police Forces", "Message":"$Police_ArrivedAtInvestigationLocation03;", "Message_Localised":"Crime scene cordon initialised, all ships must submit to police scan.", "Channel":"npc" }
{ "timestamp":"2017-01-07T23:13:53Z", "event":"ReceiveText", "From":"$npc_name_decorate:#name=Oliver McEvoy;", "From_Localised":"Oliver McEvoy", "Message":"$Escort_NearDeath09;", "Message_Localised":"Where's my support?", "Channel":"npc" }
{ "timestamp":"2017-01-07T23:14:10Z", "event":"Bounty", "Rewards":[ { "Faction":"Umbrogo Corporation", "Reward":200 }, { "Faction":"Alliance", "Reward":19350 } ], "TotalReward":19550, "VictimFaction":"Aristocrats of Umbrogo" }
{ "timestamp":"2017-01-07T23:14:27Z", "event":"ReceiveText", "From":"$ShipName_Police_Alliance;", "From_Localised":"Allied Police Forces", "Message":"$Police_ThankYouPassedStopAndSearch08;", "Message_Localised":"All done and you're clear to proceed, Commander.", "Channel":"npc" }
{ "timestamp":"2017-01-07T23:16:43Z", "event":"FSDJump", "StarSystem":"Losna", "StarPos":[-6.781,79.844,52.875], "SystemAllegiance":"Alliance", "SystemEconomy":"$economy_Colony;", "SystemEconomy_Localised":"Colony", "SystemGovernment":"$government_Feudal;", "SystemGovernment_Localised":"Feudal", "SystemSecurity":"$SYSTEM_SECURITY_low;", "SystemSecurity_Localised":"Low Security", "JumpDist":6.991, "FuelUsed":0.570199, "FuelLevel":3.257442, "SystemFaction":"Dukes of Losna" }
{ "timestamp":"2017-01-07T23:19:36Z", "event":"HeatWarning" }
{ "timestamp":"2017-01-07T23:20:13Z", "event":"FSDJump", "StarSystem":"Alrai Sector ZU-X b1-2", "StarPos":[-14.406,78.406,52.781], "SystemAllegiance":"", "SystemEconomy":"$economy_None;", "SystemEconomy_Localised":"None", "SystemGovernment":"$government_None;", "SystemGovernment_Localised":"None", "SystemSecurity":"$SYSTEM_SECURITY_low;", "SystemSecurity_Localised":"Low Security", "JumpDist":7.760, "FuelUsed":0.735866, "FuelLevel":6.055943 }
{ "timestamp":"2017-01-07T23:20:13Z", "event":"HeatWarning" }
{ "timestamp":"2017-01-07T23:21:20Z", "event":"FSDJump", "StarSystem":"Taritra", "StarPos":[-20.094,80.625,51.531], "SystemAllegiance":"Independent", "SystemEconomy":"$economy_Industrial;", "SystemEconomy_Localised":"Industrial", "SystemGovernment":"$government_Corporate;", "SystemGovernment_Localised":"Corporate", "SystemSecurity":"$SYSTEM_SECURITY_medium;", "SystemSecurity_Localised":"Medium Security", "JumpDist":6.232, "FuelUsed":0.443296, "FuelLevel":5.612647, "SystemFaction":"Taritra Silver Natural Ltd" }
{ "timestamp":"2017-01-07T23:21:46Z", "event":"FuelScoop", "Scooped":0.171390, "Total":5.784037 }
{ "timestamp":"2017-01-07T23:22:21Z", "event":"FSDJump", "StarSystem":"Iyaka", "StarPos":[-23.469,80.969,45.781], "SystemAllegiance":"Alliance", "SystemEconomy":"$economy_Refinery;", "SystemEconomy_Localised":"Refinery", "SystemGovernment":"$government_Dictatorship;", "SystemGovernment_Localised":"Dictatorship", "SystemSecurity":"$SYSTEM_SECURITY_medium;", "SystemSecurity_Localised":"Medium Security", "JumpDist":6.676, "FuelUsed":0.518602, "FuelLevel":5.265434, "SystemFaction":"Iyaka League", "FactionState":"CivilUnrest" }
{ "timestamp":"2017-01-07T23:22:47Z", "event":"FuelScoop", "Scooped":-0.407327, "Total":4.858107 }
{ "timestamp":"2017-01-07T23:23:18Z", "event":"FSDJump", "StarSystem":"Domoirene", "StarPos":[-22.969,79.750,41.844], "SystemAllegiance":"Independent", "SystemEconomy":"$economy_Industrial;", "SystemEconomy_Localised":"Industrial", "SystemGovernment":"$government_Anarchy;", "SystemGovernment_Localised":"Anarchy", "SystemSecurity":"$GALAXY_MAP_INFO_state_lawless;", "SystemSecurity_Localised":"Lawless", "JumpDist":4.152, "FuelUsed":0.172976, "FuelLevel":4.685131, "SystemFaction":"Domoirene Crimson Boys", "FactionState":"Boom" }
{ "timestamp":"2017-01-07T23:23:48Z", "event":"HeatWarning" }
{ "timestamp":"2017-01-07T23:23:58Z", "event":"HeatWarning" }
{ "timestamp":"2017-01-07T23:24:01Z", "event":"FuelScoop", "Scooped":0.154395, "Total":4.839526 }
{ "timestamp":"2017-01-07T23:24:26Z", "event":"FSDJump", "StarSystem":"Alrai Sector BV-Y c21", "StarPos":[-23.344,77.063,35.406], "SystemAllegiance":"", "SystemEconomy":"$economy_None;", "SystemEconomy_Localised":"None", "SystemGovernment":"$government_None;", "SystemGovernment_Localised":"None", "SystemSecurity":"$SYSTEM_SECURITY_low;", "SystemSecurity_Localised":"Low Security", "JumpDist":6.986, "FuelUsed":0.573809, "FuelLevel":4.839526 }
{ "timestamp":"2017-01-07T23:24:50Z", "event":"FuelScoop", "Scooped":0.082850, "Total":4.922377 }
{ "timestamp":"2017-01-07T23:25:10Z", "event":"FSDJump", "StarSystem":"G 167-35", "StarPos":[-33.156,71.938,32.938], "SystemAllegiance":"Independent", "SystemEconomy":"$economy_Industrial;", "SystemEconomy_Localised":"Industrial", "SystemGovernment":"$government_Feudal;", "SystemGovernment_Localised":"Feudal", "SystemSecurity":"$SYSTEM_SECURITY_low;", "SystemSecurity_Localised":"Low Security", "JumpDist":11.342, "FuelUsed":1.745860, "FuelLevel":3.176517, "SystemFaction":"Marquis du G 167-35" }
{ "timestamp":"2017-01-07T23:26:12Z", "event":"FSDJump", "StarSystem":"HO Bootis", "StarPos":[-23.125,73.844,27.406], "SystemAllegiance":"Federation", "SystemEconomy":"$economy_Extraction;", "SystemEconomy_Localised":"Extraction", "SystemGovernment":"$government_Corporate;", "SystemGovernment_Localised":"Corporate", "SystemSecurity":"$SYSTEM_SECURITY_low;", "SystemSecurity_Localised":"Low Security", "JumpDist":11.613, "FuelUsed":1.825259, "FuelLevel":1.351257, "SystemFaction":"HO Bootis Corporation" }
{ "timestamp":"2017-01-07T23:26:53Z", "event":"FuelScoop", "Scooped":0.041665, "Total":1.392922 }
{ "timestamp":"2017-01-07T23:29:55Z", "event":"SupercruiseExit", "StarSystem":"HO Bootis", "Body":"Altshuller Port", "BodyType":"Station" }
{ "timestamp":"2017-01-07T23:30:03Z", "event":"DockingRequested", "StationName":"Altshuller Port" }
{ "timestamp":"2017-01-07T23:30:03Z", "event":"ReceiveText", "From":"Altshuller Port", "Message":"$DockingChatter_Neutral;", "Message_Localised":"Ensure to observe starport protocol during your visit, pilot.", "Channel":"npc" }
{ "timestamp":"2017-01-07T23:30:05Z", "event":"ReceiveText", "From":"Altshuller Port", "Message":"$STATION_docking_granted;", "Message_Localised":"Docking request granted.", "Channel":"npc" }
{ "timestamp":"2017-01-07T23:30:05Z", "event":"DockingGranted", "LandingPad":1, "StationName":"Altshuller Port" }
{ "timestamp":"2017-01-07T23:30:14Z", "event":"ReceiveText", "From":"Altshuller Port", "Message":"$STATION_NoFireZone_entered;", "Message_Localised":"No fire zone entered.", "Channel":"npc" }
{ "timestamp":"2017-01-07T23:32:16Z", "event":"Docked", "StationName":"Altshuller Port", "StationType":"Outpost", "StarSystem":"HO Bootis", "StationFaction":"HO Bootis Corporation", "StationGovernment":"$government_Corporate;", "StationGovernment_Localised":"Corporate", "StationAllegiance":"Federation", "StationEconomy":"$economy_Extraction;", "StationEconomy_Localised":"Extraction" }
{ "timestamp":"2017-01-07T23:32:45Z", "event":"RefuelAll", "Cost":343, "Amount":6.840116 }
{ "timestamp":"2017-01-07T23:32:47Z", "event":"RepairAll", "Cost":3241 }
{ "timestamp":"2017-01-07T23:32:49Z", "event":"BuyAmmo", "Cost":100 }
{ "timestamp":"2017-01-07T23:34:17Z", "event":"MissionCompleted", "Faction":"HO Bootis Corporation", "Name":"Mission_Assassinate_Legal_War_name", "MissionID":67449032, "TargetType":"$MissionUtil_FactionTag_Deserter;", "TargetType_Localised":"Deserters", "DestinationSystem":"Umbrogo", "DestinationStation":"Arthur Settlement", "Reward":209168 }
{ "timestamp":"2017-01-07T23:37:10Z", "event":"MissionAccepted", "Faction":"Marquis du G 167-35", "Name":"Mission_AltruismCredits", "Expiry":"2017-01-08T02:15:22Z", "MissionID":67468730 }
{ "timestamp":"2017-01-07T23:37:25Z", "event":"MissionCompleted", "Faction":"Marquis du G 167-35", "Name":"Mission_AltruismCredits_name", "MissionID":67468730, "Donation":25000 }
{ "timestamp":"2017-01-07T23:38:18Z", "event":"Undocked", "StationName":"Altshuller Port", "StationType":"Outpost" }
{ "timestamp":"2017-01-07T23:38:46Z", "event":"ReceiveText", "From":"Altshuller Port", "Message":"$STATION_NoFireZone_exited;", "Message_Localised":"No fire zone left.", "Channel":"npc" }
{ "timestamp":"2017-01-07T23:41:10Z", "event":"FSDJump", "StarSystem":"G 167-35", "StarPos":[-33.156,71.938,32.938], "SystemAllegiance":"Independent", "SystemEconomy":"$economy_Industrial;", "SystemEconomy_Localised":"Industrial", "SystemGovernment":"$government_Feudal;", "SystemGovernment_Localised":"Feudal", "SystemSecurity":"$SYSTEM_SECURITY_low;", "SystemSecurity_Localised":"Low Security", "JumpDist":11.613, "FuelUsed":1.876053, "FuelLevel":6.123947, "SystemFaction":"Marquis du G 167-35" }
{ "timestamp":"2017-01-07T23:42:30Z", "event":"HeatWarning" }
{ "timestamp":"2017-01-07T23:42:48Z", "event":"FuelScoop", "Scooped":1.876053, "Total":8.000000 }
{ "timestamp":"2017-01-07T23:43:14Z", "event":"SupercruiseExit", "StarSystem":"G 167-35", "Body":"G 167-35 A", "BodyType":"Star" }
{ "timestamp":"2017-01-07T23:44:22Z", "event":"SupercruiseEntry", "StarSystem":"G 167-35" }
{ "timestamp":"2017-01-07T23:46:51Z", "event":"USSDrop", "USSType":"$USS_Type_MissionTarget;", "USSType_Localised":"Mission target", "USSThreat":1 }
{ "timestamp":"2017-01-07T23:46:53Z", "event":"SupercruiseExit", "StarSystem":"G 167-35", "Body":"G 167-35 B", "BodyType":"Star" }
{ "timestamp":"2017-01-07T23:47:07Z", "event":"ReceiveText", "From":"$npc_name_decorate:#name=Lili Villo;", "From_Localised":"Lili Villo", "Message":"$Escort_AttackRun03;", "Message_Localised":"Target in my heads up, locking on.", "Channel":"npc" }
{ "timestamp":"2017-01-07T23:47:31Z", "event":"ReceiveText", "From":"$npc_name_decorate:#name=Kirsty Darbyshire;", "From_Localised":"Kirsty Darbyshire", "Message":"$Deserter_Flee05;", "Message_Localised":"I just wanted to do the right thing for once.", "Channel":"npc" }
{ "timestamp":"2017-01-07T23:47:39Z", "event":"ReceiveText", "From":"$npc_name_decorate:#name=Kirsty Darbyshire;", "From_Localised":"Kirsty Darbyshire", "Message":"$Deserter_NearDeath02;", "Message_Localised":"I knew it would end like this, I just didn't expect it to be so soon...", "Channel":"npc" }
{ "timestamp":"2017-01-07T23:47:56Z", "event":"Bounty", "Rewards":[ { "Faction":"Marquis du G 167-35", "Reward":48950 } ], "TotalReward":48950, "VictimFaction":"G 167-35 Purple Mafia" }
{ "timestamp":"2017-01-07T23:49:07Z", "event":"Bounty", "Rewards":[ { "Faction":"Marquis du G 167-35", "Reward":24775 } ], "TotalReward":24775, "VictimFaction":"G 167-35 Purple Mafia" }
{ "timestamp":"2017-01-07T23:50:27Z", "event":"SupercruiseEntry", "StarSystem":"G 167-35" }
{ "timestamp":"2017-01-07T23:51:20Z", "event":"FSDJump", "StarSystem":"HO Bootis", "StarPos":[-23.125,73.844,27.406], "SystemAllegiance":"Federation", "SystemEconomy":"$economy_Extraction;", "SystemEconomy_Localised":"Extraction", "SystemGovernment":"$government_Corporate;", "SystemGovernment_Localised":"Corporate", "SystemSecurity":"$SYSTEM_SECURITY_low;", "SystemSecurity_Localised":"Low Security", "JumpDist":11.613, "FuelUsed":1.876053, "FuelLevel":6.123947, "SystemFaction":"HO Bootis Corporation" }
{ "timestamp":"2017-01-07T23:54:10Z", "event":"SupercruiseExit", "StarSystem":"HO Bootis", "Body":"Altshuller Port", "BodyType":"Station" }
{ "timestamp":"2017-01-07T23:54:20Z", "event":"DockingRequested", "StationName":"Altshuller Port" }
{ "timestamp":"2017-01-07T23:54:20Z", "event":"ReceiveText", "From":"Altshuller Port", "Message":"$DockingChatter_Cordial;", "Message_Localised":"Welcome back, Commander.", "Channel":"npc" }
{ "timestamp":"2017-01-07T23:54:21Z", "event":"ReceiveText", "From":"Altshuller Port", "Message":"$STATION_docking_granted;", "Message_Localised":"Docking request granted.", "Channel":"npc" }
{ "timestamp":"2017-01-07T23:54:21Z", "event":"DockingGranted", "LandingPad":2, "StationName":"Altshuller Port" }
{ "timestamp":"2017-01-07T23:54:31Z", "event":"ReceiveText", "From":"Altshuller Port", "Message":"$STATION_NoFireZone_entered;", "Message_Localised":"No fire zone entered.", "Channel":"npc" }
{ "timestamp":"2017-01-07T23:55:18Z", "event":"Docked", "StationName":"Altshuller Port", "StationType":"Outpost", "StarSystem":"HO Bootis", "StationFaction":"HO Bootis Corporation", "StationGovernment":"$government_Corporate;", "StationGovernment_Localised":"Corporate", "StationAllegiance":"Federation", "StationEconomy":"$economy_Extraction;", "StationEconomy_Localised":"Extraction" }
{ "timestamp":"2017-01-07T23:55:39Z", "event":"MissionCompleted", "Faction":"HO Bootis Corporation", "Name":"Mission_Assassinate_Legal_War_name", "MissionID":67448911, "TargetType":"$MissionUtil_FactionTag_Deserter;", "TargetType_Localised":"Deserters", "DestinationSystem":"G 167-35", "DestinationStation":"Bujold Vision", "Reward":102564 }
