{ "timestamp":"2017-07-26T03:07:22Z", "event":"Fileheader", "part":1, "language":"English\\UK", "gameversion":"2.3.11", "build":"r148764/r0 " }
{ "timestamp":"2017-07-26T03:09:09Z", "event":"Cargo", "Inventory":[  ] }
{ "timestamp":"2017-07-26T03:09:09Z", "event":"Loadout", "Ship":"Anaconda", "ShipID":10, "ShipName":"", "ShipIdent":"", "Modules":[ { "Slot":"TinyHardpoint1", "Item":"Hpt_HeatSinkLauncher_Turret_Tiny", "On":true, "Priority":0, "AmmoInClip":1, "AmmoInHopper":1, "Health":0.919371, "Value":3500 }, { "Slot":"TinyHardpoint2", "Item":"Hpt_HeatSinkLauncher_Turret_Tiny", "On":true, "Priority":0, "AmmoInClip":1, "Health":0.906805, "Value":3500 }, { "Slot":"Armour", "Item":"Anaconda_Armour_Grade1", "On":true, "Priority":1, "Health":1.000000, "Value":0 }, { "Slot":"PowerPlant", "Item":"Int_Powerplant_Size3_Class5", "On":true, "Priority":1, "Health":0.936142, "Value":431726 }, { "Slot":"MainEngines", "Item":"Int_Engine_Size5_Class2", "On":true, "Priority":3, "Health":0.920782, "Value":189035 }, { "Slot":"FrameShiftDrive", "Item":"Int_Hyperdrive_Size6_Class5", "On":true, "Priority":0, "Health":0.920320, "Value":13752602 }, { "Slot":"LifeSupport", "Item":"Int_LifeSupport_Size5_Class2", "On":true, "Priority":0, "Health":0.912191, "Value":67528 }, { "Slot":"PowerDistributor", "Item":"Int_PowerDistributor_Size5_Class5", "On":true, "Priority":0, "Health":0.922766, "Value":1055120 }, { "Slot":"Radar", "Item":"Int_Sensors_Size8_Class2", "On":true, "Priority":0, "Health":0.912487, "Value":1482367 }, { "Slot":"FuelTank", "Item":"Int_FuelTank_Size5_Class3", "On":true, "Priority":1, "Health":1.000000, "Value":83090 }, { "Slot":"Slot01_Size7", "Item":"Int_FuelScoop_Size7_Class4", "On":true, "Priority":0, "Health":0.928447, "Value":22795161 }, { "Slot":"Slot02_Size6", "Item":"Int_BuggyBay_Size6_Class2", "On":true, "Priority":0, "Health":0.933584, "Value":691200 }, { "Slot":"Slot03_Size6", "Item":"Int_Repairer_Size6_Class5", "On":false, "Priority":0, "AmmoInClip":8100, "Health":0.928613, "Value":15305501 }, { "Slot":"Slot04_Size6", "Item":"Int_Repairer_Size6_Class5", "On":false, "Priority":1, "AmmoInClip":8100, "Health":0.920435, "Value":15305501 }, { "Slot":"Slot09_Size4", "Item":"Int_DetailedSurfaceScanner_Tiny", "On":true, "Priority":1, "Health":1.000000, "Value":250000 }, { "Slot":"Slot10_Size4", "Item":"Int_ShieldGenerator_Size3_Class2", "On":true, "Priority":1, "Health":0.862911, "Value":18812 }, { "Slot":"Slot13_Size2", "Item":"Int_StellarBodyDiscoveryScanner_Advanced", "On":true, "Priority":1, "Health":0.841494, "Value":1545000 }, { "Slot":"PlanetaryApproachSuite", "Item":"Int_PlanetApproachSuite", "On":true, "Priority":1, "Health":1.000000, "Value":425 }, { "Slot":"ShipCockpit", "Item":"Anaconda_Cockpit", "On":true, "Priority":1, "Health":0.934048, "Value":0 }, { "Slot":"CargoHatch", "Item":"ModularCargoBayDoor", "On":false, "Priority":1, "Health":0.889016, "Value":0 } ] }
{ "timestamp":"2017-07-26T03:09:09Z", "event":"Materials", "Raw":[ { "Name":"sulphur", "Count":33 }, { "Name":"phosphorus", "Count":30 }, { "Name":"manganese", "Count":12 }, { "Name":"nickel", "Count":7 }, { "Name":"carbon", "Count":11 }, { "Name":"cadmium", "Count":12 }, { "Name":"germanium", "Count":3 }, { "Name":"tungsten", "Count":3 }, { "Name":"arsenic", "Count":3 }, { "Name":"zinc", "Count":6 }, { "Name":"selenium", "Count":12 }, { "Name":"vanadium", "Count":3 }, { "Name":"antimony", "Count":3 } ], "Manufactured":[ { "Name":"hybridcapacitors", "Count":2 }, { "Name":"focuscrystals", "Count":1 }, { "Name":"salvagedalloys", "Count":1 }, { "Name":"shieldemitters", "Count":5 }, { "Name":"galvanisingalloys", "Count":4 }, { "Name":"phasealloys", "Count":10 }, { "Name":"highdensitycomposites", "Count":6 }, { "Name":"compoundshielding", "Count":6 }, { "Name":"refinedfocuscrystals", "Count":3 }, { "Name":"conductivecomponents", "Count":4 }, { "Name":"heatresistantceramics", "Count":1 }, { "Name":"precipitatedalloys", "Count":3 }, { "Name":"wornshieldemitters", "Count":3 }, { "Name":"shieldingsensors", "Count":3 }, { "Name":"thermicalloys", "Count":5 }, { "Name":"mechanicalequipment", "Count":1 }, { "Name":"gridresistors", "Count":2 }, { "Name":"temperedalloys", "Count":1 }, { "Name":"conductivepolymers", "Count":2 }, { "Name":"uncutfocuscrystals", "Count":1 } ], "Encoded":[ { "Name":"shieldcyclerecordings", "Count":53 }, { "Name":"emissiondata", "Count":40 }, { "Name":"encodedscandata", "Count":17 }, { "Name":"decodedemissiondata", "Count":114 }, { "Name":"shieldsoakanalysis", "Count":63 }, { "Name":"scandatabanks", "Count":33 }, { "Name":"bulkscandata", "Count":16 }, { "Name":"archivedemissiondata", "Count":2 }, { "Name":"shielddensityreports", "Count":75 }, { "Name":"shieldpatternanalysis", "Count":44 }, { "Name":"compactemissionsdata", "Count":5 }, { "Name":"shieldfrequencydata", "Count":3 }, { "Name":"consumerfirmware", "Count":1 }, { "Name":"hyperspacetrajectories", "Count":1 }, { "Name":"scrambledemissiondata", "Count":1 }, { "Name":"scanarchives", "Count":20 }, { "Name":"classifiedscandata", "Count":4 }, { "Name":"disruptedwakeechoes", "Count":3 }, { "Name":"securityfirmware", "Count":2 }, { "Name":"encryptionarchives", "Count":3 } ] }
{ "timestamp":"2017-07-26T03:09:09Z", "event":"LoadGame", "Commander":"Kith000", "Ship":"Anaconda", "ShipID":10, "ShipName":"", "ShipIdent":"", "FuelLevel":32.000000, "FuelCapacity":32.000000, "GameMode":"Solo", "Credits":23314987, "Loan":0 }
{ "timestamp":"2017-07-26T03:09:09Z", "event":"Rank", "Combat":6, "Trade":4, "Explore":2, "Empire":1, "Federation":4, "CQC":0 }
{ "timestamp":"2017-07-26T03:09:09Z", "event":"Progress", "Combat":21, "Trade":96, "Explore":24, "Empire":23, "Federation":1, "CQC":40 }
{ "timestamp":"2017-07-26T03:09:17Z", "event":"Location", "Docked":false, "StarSystem":"Zuni DZ-D c13-2049", "StarPos":[10.656,554.781,23832.563], "SystemAllegiance":"", "SystemEconomy":"$economy_None;", "SystemEconomy_Localised":"None", "SystemGovernment":"$government_None;", "SystemGovernment_Localised":"None", "SystemSecurity":"$SYSTEM_SECURITY_low;", "SystemSecurity_Localised":"Low Security", "Body":"Zuni DZ-D c13-2049 AB", "BodyType":"Null" }
{ "timestamp":"2017-07-26T03:13:38Z", "event":"StartJump", "JumpType":"Hyperspace", "StarSystem":"Zuni QU-O d6-5355", "StarClass":"L" }
{ "timestamp":"2017-07-26T03:13:57Z", "event":"FSDJump", "StarSystem":"Zuni QU-O d6-5355", "StarPos":[9.250,532.000,23860.594], "SystemAllegiance":"", "SystemEconomy":"$economy_None;", "SystemEconomy_Localised":"None", "SystemGovernment":"$government_None;", "SystemGovernment_Localised":"None", "SystemSecurity":"$SYSTEM_SECURITY_low;", "SystemSecurity_Localised":"Low Security", "JumpDist":36.148, "FuelUsed":7.736967, "FuelLevel":24.263033 }
{ "timestamp":"2017-07-26T03:14:46Z", "event":"StartJump", "JumpType":"Hyperspace", "StarSystem":"Zuni JA-C c14-1902", "StarClass":"K" }
{ "timestamp":"2017-07-26T03:15:05Z", "event":"FSDJump", "StarSystem":"Zuni JA-C c14-1902", "StarPos":[13.375,508.906,23888.375], "SystemAllegiance":"", "SystemEconomy":"$economy_None;", "SystemEconomy_Localised":"None", "SystemGovernment":"$government_None;", "SystemGovernment_Localised":"None", "SystemSecurity":"$SYSTEM_SECURITY_low;", "SystemSecurity_Localised":"Low Security", "JumpDist":36.361, "FuelUsed":7.594944, "FuelLevel":16.668089 }
{ "timestamp":"2017-07-26T03:15:19Z", "event":"FuelScoop", "Scooped":5.008380, "Total":21.676470 }
{ "timestamp":"2017-07-26T03:15:24Z", "event":"FuelScoop", "Scooped":5.003214, "Total":26.679691 }
{ "timestamp":"2017-07-26T03:15:33Z", "event":"FuelScoop", "Scooped":4.592300, "Total":31.272005 }
{ "timestamp":"2017-07-26T03:15:57Z", "event":"StartJump", "JumpType":"Hyperspace", "StarSystem":"Zuni PB-A c15-2478", "StarClass":"K" }
{ "timestamp":"2017-07-26T03:16:16Z", "event":"FSDJump", "StarSystem":"Zuni PB-A c15-2478", "StarPos":[11.469,484.906,23915.813], "SystemAllegiance":"", "SystemEconomy":"$economy_None;", "SystemEconomy_Localised":"None", "SystemGovernment":"$government_None;", "SystemGovernment_Localised":"None", "SystemSecurity":"$SYSTEM_SECURITY_low;", "SystemSecurity_Localised":"Low Security", "JumpDist":36.503, "FuelUsed":7.910610, "FuelLevel":23.361395 }
{ "timestamp":"2017-07-26T03:16:30Z", "event":"FuelScoop", "Scooped":5.006551, "Total":28.367937 }
{ "timestamp":"2017-07-26T03:16:34Z", "event":"FuelScoop", "Scooped":3.632059, "Total":32.000000 }
{ "timestamp":"2017-07-26T03:17:43Z", "event":"Scan", "BodyName":"Zuni PB-A c15-2478 1", "DistanceFromArrivalLS":437.606537, "TidalLock":false, "TerraformState":"Terraformable", "PlanetClass":"Water world", "Atmosphere":"carbon dioxide atmosphere", "AtmosphereType":"CarbonDioxide", "AtmosphereComposition":[ { "Name":"CarbonDioxide", "Percent":67.794540 }, { "Name":"Oxygen", "Percent":30.264383 }, { "Name":"Water", "Percent":1.192764 } ], "Volcanism":"", "MassEM":0.218439, "Radius":3812028.250000, "SurfaceGravity":5.991383, "SurfaceTemperature":346.953430, "SurfacePressure":36193.328125, "Landable":false, "SemiMajorAxis":131192758272.000000, "Eccentricity":0.000012, "OrbitalInclination":-0.097600, "Periapsis":273.935852, "OrbitalPeriod":30240090.000000, "RotationPeriod":93999.843750, "AxialTilt":0.005425 }
{ "timestamp":"2017-07-26T03:18:15Z", "event":"StartJump", "JumpType":"Hyperspace", "StarSystem":"Zuni VA-N d7-7809", "StarClass":"K" }
{ "timestamp":"2017-07-26T03:18:33Z", "event":"FSDJump", "StarSystem":"Zuni VA-N d7-7809", "StarPos":[16.688,462.281,23943.844], "SystemAllegiance":"", "SystemEconomy":"$economy_None;", "SystemEconomy_Localised":"None", "SystemGovernment":"$government_None;", "SystemGovernment_Localised":"None", "SystemSecurity":"$SYSTEM_SECURITY_low;", "SystemSecurity_Localised":"Low Security", "JumpDist":36.399, "FuelUsed":7.877060, "FuelLevel":24.122940 }
{ "timestamp":"2017-07-26T03:18:48Z", "event":"FuelScoop", "Scooped":5.001597, "Total":29.124519 }
{ "timestamp":"2017-07-26T03:18:51Z", "event":"FuelScoop", "Scooped":2.875480, "Total":32.000000 }
{ "timestamp":"2017-07-26T03:19:09Z", "event":"StartJump", "JumpType":"Hyperspace", "StarSystem":"Zuni WC-Y c15-423", "StarClass":"G" }
{ "timestamp":"2017-07-26T03:19:28Z", "event":"FSDJump", "StarSystem":"Zuni WC-Y c15-423", "StarPos":[17.625,438.563,23971.500], "SystemAllegiance":"", "SystemEconomy":"$economy_None;", "SystemEconomy_Localised":"None", "SystemGovernment":"$government_None;", "SystemGovernment_Localised":"None", "SystemSecurity":"$SYSTEM_SECURITY_low;", "SystemSecurity_Localised":"Low Security", "JumpDist":36.446, "FuelUsed":7.903731, "FuelLevel":24.096268 }
{ "timestamp":"2017-07-26T03:19:42Z", "event":"FuelScoop", "Scooped":5.013967, "Total":29.110241 }
{ "timestamp":"2017-07-26T03:19:45Z", "event":"FuelScoop", "Scooped":2.889761, "Total":32.000000 }
{ "timestamp":"2017-07-26T03:20:05Z", "event":"StartJump", "JumpType":"Hyperspace", "StarSystem":"Zuni BC-L d8-4761", "StarClass":"F" }
{ "timestamp":"2017-07-26T03:20:24Z", "event":"FSDJump", "StarSystem":"Zuni BC-L d8-4761", "StarPos":[18.281,416.188,23999.906], "SystemAllegiance":"", "SystemEconomy":"$economy_None;", "SystemEconomy_Localised":"None", "SystemGovernment":"$government_None;", "SystemGovernment_Localised":"None", "SystemSecurity":"$SYSTEM_SECURITY_low;", "SystemSecurity_Localised":"Low Security", "JumpDist":36.166, "FuelUsed":7.746761, "FuelLevel":24.253239 }
{ "timestamp":"2017-07-26T03:20:38Z", "event":"FuelScoop", "Scooped":5.005127, "Total":29.258366 }
{ "timestamp":"2017-07-26T03:20:41Z", "event":"FuelScoop", "Scooped":2.741628, "Total":32.000000 }
{ "timestamp":"2017-07-26T03:21:38Z", "event":"Scan", "BodyName":"Zuni BC-L d8-4761 1", "DistanceFromArrivalLS":304.034027, "TidalLock":true, "TerraformState":"", "PlanetClass":"High metal content body", "Atmosphere":"sulfur dioxide atmosphere", "AtmosphereType":"SulphurDioxide", "AtmosphereComposition":[ { "Name":"SulphurDioxide", "Percent":100.000000 } ], "Volcanism":"minor silicate vapour geysers volcanism", "MassEM":1.469958, "Radius":6808595.500000, "SurfaceGravity":12.638608, "SurfaceTemperature":424.474304, "SurfacePressure":227546.234375, "Landable":false, "SemiMajorAxis":90972692480.000000, "Eccentricity":0.001952, "OrbitalInclination":-0.007135, "Periapsis":167.659134, "OrbitalPeriod":13576208.000000, "RotationPeriod":13576416.000000, "AxialTilt":-0.470703 }
{ "timestamp":"2017-07-26T03:24:39Z", "event":"Scan", "BodyName":"Zuni BC-L d8-4761 6", "DistanceFromArrivalLS":1318.620239, "TidalLock":false, "TerraformState":"", "PlanetClass":"High metal content body", "Atmosphere":"nitrogen atmosphere", "AtmosphereType":"Nitrogen", "AtmosphereComposition":[ { "Name":"Nitrogen", "Percent":75.044151 }, { "Name":"Oxygen", "Percent":24.644041 }, { "Name":"Ammonia", "Percent":0.247457 } ], "Volcanism":"rocky magma volcanism", "MassEM":0.728076, "Radius":5524065.500000, "SurfaceGravity":9.509738, "SurfaceTemperature":214.164368, "SurfacePressure":114176.250000, "Landable":false, "SemiMajorAxis":395506319360.000000, "Eccentricity":0.000600, "OrbitalInclination":-0.026559, "Periapsis":267.516632, "OrbitalPeriod":123067128.000000, "RotationPeriod":88377.906250, "AxialTilt":0.393460 }
{ "timestamp":"2017-07-26T03:24:57Z", "event":"StartJump", "JumpType":"Hyperspace", "StarSystem":"Zuni GK-U c17-1137", "StarClass":"G" }
{ "timestamp":"2017-07-26T03:25:16Z", "event":"FSDJump", "StarSystem":"Zuni GK-U c17-1137", "StarPos":[20.156,393.188,24027.875], "SystemAllegiance":"", "SystemEconomy":"$economy_None;", "SystemEconomy_Localised":"None", "SystemGovernment":"$government_None;", "SystemGovernment_Localised":"None", "SystemSecurity":"$SYSTEM_SECURITY_low;", "SystemSecurity_Localised":"Low Security", "JumpDist":36.260, "FuelUsed":7.799007, "FuelLevel":24.200993 }
{ "timestamp":"2017-07-26T03:25:30Z", "event":"FuelScoop", "Scooped":5.002375, "Total":29.203373 }
{ "timestamp":"2017-07-26T03:25:34Z", "event":"FuelScoop", "Scooped":2.796616, "Total":32.000000 }
{ "timestamp":"2017-07-26T03:26:00Z", "event":"StartJump", "JumpType":"Hyperspace", "StarSystem":"Zuni ML-S c18-3746", "StarClass":"K" }
{ "timestamp":"2017-07-26T03:26:19Z", "event":"FSDJump", "StarSystem":"Zuni ML-S c18-3746", "StarPos":[20.969,370.156,24056.219], "SystemAllegiance":"", "SystemEconomy":"$economy_None;", "SystemEconomy_Localised":"None", "SystemGovernment":"$government_None;", "SystemGovernment_Localised":"None", "SystemSecurity":"$SYSTEM_SECURITY_low;", "SystemSecurity_Localised":"Low Security", "JumpDist":36.530, "FuelUsed":7.951264, "FuelLevel":24.048737 }
{ "timestamp":"2017-07-26T03:26:31Z", "event":"FuelScoop", "Scooped":5.004917, "Total":29.053633 }
{ "timestamp":"2017-07-26T03:26:35Z", "event":"FuelScoop", "Scooped":2.946367, "Total":32.000000 }
{ "timestamp":"2017-07-26T03:26:58Z", "event":"StartJump", "JumpType":"Hyperspace", "StarSystem":"Zuni ML-S c18-3037", "StarClass":"K" }
{ "timestamp":"2017-07-26T03:27:17Z", "event":"FSDJump", "StarSystem":"Zuni ML-S c18-3037", "StarPos":[17.500,347.906,24084.656], "SystemAllegiance":"", "SystemEconomy":"$economy_None;", "SystemEconomy_Localised":"None", "SystemGovernment":"$government_None;", "SystemGovernment_Localised":"None", "SystemSecurity":"$SYSTEM_SECURITY_low;", "SystemSecurity_Localised":"Low Security", "JumpDist":36.274, "FuelUsed":7.806631, "FuelLevel":24.193369 }
{ "timestamp":"2017-07-26T03:27:32Z", "event":"FuelScoop", "Scooped":5.004997, "Total":29.198370 }
{ "timestamp":"2017-07-26T03:27:36Z", "event":"FuelScoop", "Scooped":2.801630, "Total":32.000000 }
{ "timestamp":"2017-07-26T03:27:57Z", "event":"StartJump", "JumpType":"Hyperspace", "StarSystem":"Zuni MK-F b40-39", "StarClass":"M" }
{ "timestamp":"2017-07-26T03:28:16Z", "event":"FSDJump", "StarSystem":"Zuni MK-F b40-39", "StarPos":[16.906,328.531,24115.563], "SystemAllegiance":"", "SystemEconomy":"$economy_None;", "SystemEconomy_Localised":"None", "SystemGovernment":"$government_None;", "SystemGovernment_Localised":"None", "SystemSecurity":"$SYSTEM_SECURITY_low;", "SystemSecurity_Localised":"Low Security", "JumpDist":36.482, "FuelUsed":7.923909, "FuelLevel":24.076092 }
{ "timestamp":"2017-07-26T03:28:30Z", "event":"FuelScoop", "Scooped":5.001343, "Total":29.077425 }
{ "timestamp":"2017-07-26T03:28:34Z", "event":"FuelScoop", "Scooped":2.922582, "Total":32.000000 }
{ "timestamp":"2017-07-26T03:29:04Z", "event":"StartJump", "JumpType":"Hyperspace", "StarSystem":"Zuni WS-O c20-788", "StarClass":"K" }
{ "timestamp":"2017-07-26T03:29:23Z", "event":"FSDJump", "StarSystem":"Zuni WS-O c20-788", "StarPos":[16.500,306.875,24144.688], "SystemAllegiance":"", "SystemEconomy":"$economy_None;", "SystemEconomy_Localised":"None", "SystemGovernment":"$government_None;", "SystemGovernment_Localised":"None", "SystemSecurity":"$SYSTEM_SECURITY_low;", "SystemSecurity_Localised":"Low Security", "JumpDist":36.296, "FuelUsed":7.819505, "FuelLevel":24.180494 }
{ "timestamp":"2017-07-26T03:29:39Z", "event":"FuelScoop", "Scooped":5.004375, "Total":29.184879 }
{ "timestamp":"2017-07-26T03:29:42Z", "event":"FuelScoop", "Scooped":2.815127, "Total":32.000000 }
{ "timestamp":"2017-07-26T03:30:06Z", "event":"StartJump", "JumpType":"Hyperspace", "StarSystem":"Zuni CU-M c21-3468", "StarClass":"K" }
{ "timestamp":"2017-07-26T03:30:24Z", "event":"FSDJump", "StarSystem":"Zuni CU-M c21-3468", "StarPos":[17.875,286.750,24175.156], "SystemAllegiance":"", "SystemEconomy":"$economy_None;", "SystemEconomy_Localised":"None", "SystemGovernment":"$government_None;", "SystemGovernment_Localised":"None", "SystemSecurity":"$SYSTEM_SECURITY_low;", "SystemSecurity_Localised":"Low Security", "JumpDist":36.541, "FuelUsed":7.957050, "FuelLevel":24.042950 }
{ "timestamp":"2017-07-26T03:30:38Z", "event":"FuelScoop", "Scooped":5.001638, "Total":29.044575 }
{ "timestamp":"2017-07-26T03:30:42Z", "event":"FuelScoop", "Scooped":2.955433, "Total":32.000000 }
{ "timestamp":"2017-07-26T03:31:05Z", "event":"StartJump", "JumpType":"Hyperspace", "StarSystem":"Zuni HU-X b43-60", "StarClass":"M" }
{ "timestamp":"2017-07-26T03:31:24Z", "event":"FSDJump", "StarSystem":"Zuni HU-X b43-60", "StarPos":[12.906,263.375,24202.813], "SystemAllegiance":"", "SystemEconomy":"$economy_None;", "SystemEconomy_Localised":"None", "SystemGovernment":"$government_None;", "SystemGovernment_Localised":"None", "SystemSecurity":"$SYSTEM_SECURITY_low;", "SystemSecurity_Localised":"Low Security", "JumpDist":36.551, "FuelUsed":7.962353, "FuelLevel":24.037647 }
{ "timestamp":"2017-07-26T03:31:40Z", "event":"FuelScoop", "Scooped":5.008867, "Total":29.046515 }
{ "timestamp":"2017-07-26T03:31:44Z", "event":"FuelScoop", "Scooped":2.953481, "Total":32.000000 }
{ "timestamp":"2017-07-26T03:32:59Z", "event":"Scan", "BodyName":"Zuni HU-X b43-60 A 1", "DistanceFromArrivalLS":325.258026, "TidalLock":false, "TerraformState":"", "PlanetClass":"High metal content body", "Atmosphere":"nitrogen atmosphere", "AtmosphereType":"Nitrogen", "AtmosphereComposition":[ { "Name":"Nitrogen", "Percent":99.988823 } ], "Volcanism":"", "MassEM":0.148924, "Radius":3382049.750000, "SurfaceGravity":5.189366, "SurfaceTemperature":122.160797, "SurfacePressure":27680.957031, "Landable":false, "SemiMajorAxis":97520549888.000000, "Eccentricity":0.000174, "OrbitalInclination":-0.001115, "Periapsis":190.116638, "OrbitalPeriod":30085302.000000, "RotationPeriod":68886.617188, "AxialTilt":0.346430 }
{ "timestamp":"2017-07-26T03:33:31Z", "event":"StartJump", "JumpType":"Hyperspace", "StarSystem":"Zuni IV-K c22-736", "StarClass":"K" }
{ "timestamp":"2017-07-26T03:33:50Z", "event":"FSDJump", "StarSystem":"Zuni IV-K c22-736", "StarPos":[15.781,242.938,24232.938], "SystemAllegiance":"", "SystemEconomy":"$economy_None;", "SystemEconomy_Localised":"None", "SystemGovernment":"$government_None;", "SystemGovernment_Localised":"None", "SystemSecurity":"$SYSTEM_SECURITY_low;", "SystemSecurity_Localised":"Low Security", "JumpDist":36.517, "FuelUsed":7.943564, "FuelLevel":24.056435 }
{ "timestamp":"2017-07-26T03:34:04Z", "event":"FuelScoop", "Scooped":5.019194, "Total":29.075640 }
{ "timestamp":"2017-07-26T03:34:07Z", "event":"FuelScoop", "Scooped":2.924370, "Total":32.000000 }
{ "timestamp":"2017-07-26T03:35:11Z", "event":"StartJump", "JumpType":"Hyperspace", "StarSystem":"Zuni RK-F d11-2909", "StarClass":"F" }
{ "timestamp":"2017-07-26T03:35:30Z", "event":"FSDJump", "StarSystem":"Zuni RK-F d11-2909", "StarPos":[18.000,220.000,24261.156], "SystemAllegiance":"", "SystemEconomy":"$economy_None;", "SystemEconomy_Localised":"None", "SystemGovernment":"$government_None;", "SystemGovernment_Localised":"None", "SystemSecurity":"$SYSTEM_SECURITY_low;", "SystemSecurity_Localised":"Low Security", "JumpDist":36.433, "FuelUsed":7.896178, "FuelLevel":24.103821 }
{ "timestamp":"2017-07-26T03:35:44Z", "event":"FuelScoop", "Scooped":5.005213, "Total":29.109034 }
{ "timestamp":"2017-07-26T03:35:48Z", "event":"FuelScoop", "Scooped":2.890967, "Total":32.000000 }
{ "timestamp":"2017-07-26T03:36:22Z", "event":"StartJump", "JumpType":"Hyperspace", "StarSystem":"Zuni OW-I c23-4224", "StarClass":"K" }
{ "timestamp":"2017-07-26T03:36:41Z", "event":"FSDJump", "StarSystem":"Zuni OW-I c23-4224", "StarPos":[16.094,200.219,24291.781], "SystemAllegiance":"", "SystemEconomy":"$economy_None;", "SystemEconomy_Localised":"None", "SystemGovernment":"$government_None;", "SystemGovernment_Localised":"None", "SystemSecurity":"$SYSTEM_SECURITY_low;", "SystemSecurity_Localised":"Low Security", "JumpDist":36.508, "FuelUsed":7.937991, "FuelLevel":24.062010 }
{ "timestamp":"2017-07-26T03:36:54Z", "event":"FuelScoop", "Scooped":5.009592, "Total":29.071596 }
{ "timestamp":"2017-07-26T03:36:58Z", "event":"FuelScoop", "Scooped":2.928396, "Total":32.000000 }
{ "timestamp":"2017-07-26T03:37:21Z", "event":"StartJump", "JumpType":"Hyperspace", "StarSystem":"Zuni XL-D d12-2106", "StarClass":"F" }
{ "timestamp":"2017-07-26T03:37:40Z", "event":"FSDJump", "StarSystem":"Zuni XL-D d12-2106", "StarPos":[17.844,176.094,24319.094], "SystemAllegiance":"", "SystemEconomy":"$economy_None;", "SystemEconomy_Localised":"None", "SystemGovernment":"$government_None;", "SystemGovernment_Localised":"None", "SystemSecurity":"$SYSTEM_SECURITY_low;", "SystemSecurity_Localised":"Low Security", "JumpDist":36.484, "FuelUsed":7.924347, "FuelLevel":24.075653 }
{ "timestamp":"2017-07-26T03:37:54Z", "event":"FuelScoop", "Scooped":5.002034, "Total":29.077686 }
{ "timestamp":"2017-07-26T03:37:57Z", "event":"FuelScoop", "Scooped":2.922318, "Total":32.000000 }
{ "timestamp":"2017-07-26T03:38:24Z", "event":"StartJump", "JumpType":"Hyperspace", "StarSystem":"Zuni YD-F c25-1182", "StarClass":"G" }
{ "timestamp":"2017-07-26T03:38:43Z", "event":"FSDJump", "StarSystem":"Zuni YD-F c25-1182", "StarPos":[19.875,151.031,24345.594], "SystemAllegiance":"", "SystemEconomy":"$economy_None;", "SystemEconomy_Localised":"None", "SystemGovernment":"$government_None;", "SystemGovernment_Localised":"None", "SystemSecurity":"$SYSTEM_SECURITY_low;", "SystemSecurity_Localised":"Low Security", "JumpDist":36.531, "FuelUsed":7.951559, "FuelLevel":24.048441 }
{ "timestamp":"2017-07-26T03:38:58Z", "event":"FuelScoop", "Scooped":5.003186, "Total":29.051626 }
{ "timestamp":"2017-07-26T03:39:01Z", "event":"FuelScoop", "Scooped":2.948377, "Total":32.000000 }
{ "timestamp":"2017-07-26T03:39:26Z", "event":"StartJump", "JumpType":"Hyperspace", "StarSystem":"Zuni AZ-E c25-1512", "StarClass":"K" }
{ "timestamp":"2017-07-26T03:39:45Z", "event":"FSDJump", "StarSystem":"Zuni AZ-E c25-1512", "StarPos":[19.844,126.688,24372.781], "SystemAllegiance":"", "SystemEconomy":"$economy_None;", "SystemEconomy_Localised":"None", "SystemGovernment":"$government_None;", "SystemGovernment_Localised":"None", "SystemSecurity":"$SYSTEM_SECURITY_low;", "SystemSecurity_Localised":"Low Security", "JumpDist":36.494, "FuelUsed":7.930250, "FuelLevel":24.069750 }
{ "timestamp":"2017-07-26T03:39:58Z", "event":"FuelScoop", "Scooped":5.002220, "Total":29.071970 }
{ "timestamp":"2017-07-26T03:40:01Z", "event":"FuelScoop", "Scooped":2.928040, "Total":32.000000 }
{ "timestamp":"2017-07-26T03:40:21Z", "event":"StartJump", "JumpType":"Hyperspace", "StarSystem":"Zuni EF-D c26-31", "StarClass":"K" }
{ "timestamp":"2017-07-26T03:40:39Z", "event":"FSDJump", "StarSystem":"Zuni EF-D c26-31", "StarPos":[15.656,103.250,24400.406], "SystemAllegiance":"", "SystemEconomy":"$economy_None;", "SystemEconomy_Localised":"None", "SystemGovernment":"$government_None;", "SystemGovernment_Localised":"None", "SystemSecurity":"$SYSTEM_SECURITY_low;", "SystemSecurity_Localised":"Low Security", "JumpDist":36.469, "FuelUsed":7.916622, "FuelLevel":24.083378 }
{ "timestamp":"2017-07-26T03:40:54Z", "event":"FuelScoop", "Scooped":5.002416, "Total":29.085785 }
{ "timestamp":"2017-07-26T03:40:58Z", "event":"FuelScoop", "Scooped":2.914214, "Total":32.000000 }
{ "timestamp":"2017-07-26T03:41:22Z", "event":"StartJump", "JumpType":"Hyperspace", "StarSystem":"Zuni KG-B c27-2140", "StarClass":"K" }
{ "timestamp":"2017-07-26T03:41:41Z", "event":"FSDJump", "StarSystem":"Zuni KG-B c27-2140", "StarPos":[15.063,81.719,24429.813], "SystemAllegiance":"", "SystemEconomy":"$economy_None;", "SystemEconomy_Localised":"None", "SystemGovernment":"$government_None;", "SystemGovernment_Localised":"None", "SystemSecurity":"$SYSTEM_SECURITY_low;", "SystemSecurity_Localised":"Low Security", "JumpDist":36.451, "FuelUsed":7.906430, "FuelLevel":24.093571 }
{ "timestamp":"2017-07-26T03:41:53Z", "event":"FuelScoop", "Scooped":5.001259, "Total":29.094830 }
{ "timestamp":"2017-07-26T03:41:56Z", "event":"FuelScoop", "Scooped":2.905152, "Total":32.000000 }
{ "timestamp":"2017-07-26T03:42:18Z", "event":"StartJump", "JumpType":"Hyperspace", "StarSystem":"Zuni NM-Z c27-6209", "StarClass":"G" }
{ "timestamp":"2017-07-26T03:42:37Z", "event":"FSDJump", "StarSystem":"Zuni NM-Z c27-6209", "StarPos":[12.563,58.156,24457.188], "SystemAllegiance":"", "SystemEconomy":"$economy_None;", "SystemEconomy_Localised":"None", "SystemGovernment":"$government_None;", "SystemGovernment_Localised":"None", "SystemSecurity":"$SYSTEM_SECURITY_low;", "SystemSecurity_Localised":"Low Security", "JumpDist":36.205, "FuelUsed":7.768291, "FuelLevel":24.231709 }
{ "timestamp":"2017-07-26T03:42:52Z", "event":"FuelScoop", "Scooped":5.017684, "Total":29.249392 }
{ "timestamp":"2017-07-26T03:42:55Z", "event":"FuelScoop", "Scooped":2.750607, "Total":32.000000 }
{ "timestamp":"2017-07-26T03:44:34Z", "event":"Scan", "BodyName":"Zuni NM-Z c27-6209 A 4", "DistanceFromArrivalLS":705.784851, "TidalLock":false, "TerraformState":"Terraformable", "PlanetClass":"Water world", "Atmosphere":"carbon dioxide rich atmosphere", "AtmosphereType":"CarbonDioxideRich", "AtmosphereComposition":[ { "Name":"Oxygen", "Percent":42.924904 }, { "Name":"CarbonDioxide", "Percent":36.342094 }, { "Name":"Nitrogen", "Percent":19.242380 } ], "Volcanism":"", "MassEM":0.297407, "Radius":4199198.000000, "SurfaceGravity":6.722463, "SurfaceTemperature":329.965485, "SurfacePressure":25455.994141, "Landable":false, "SemiMajorAxis":210688884736.000000, "Eccentricity":0.004689, "OrbitalInclination":4.010179, "Periapsis":206.233444, "OrbitalPeriod":60740596.000000, "RotationPeriod":58889.988281, "AxialTilt":-0.218982 }
{ "timestamp":"2017-07-26T03:46:53Z", "event":"Scan", "BodyName":"Zuni NM-Z c27-6209 A 5", "DistanceFromArrivalLS":953.251831, "TidalLock":false, "TerraformState":"Terraformable", "PlanetClass":"High metal content body", "Atmosphere":"argon rich atmosphere", "AtmosphereType":"ArgonRich", "AtmosphereComposition":[ { "Name":"Nitrogen", "Percent":99.840088 }, { "Name":"Argon", "Percent":0.159908 } ], "Volcanism":"minor silicate vapour geysers volcanism", "MassEM":1.656357, "Radius":7039424.000000, "SurfaceGravity":13.322601, "SurfaceTemperature":202.345337, "SurfacePressure":38114.632813, "Landable":false, "SemiMajorAxis":290586460160.000000, "Eccentricity":0.027182, "OrbitalInclination":-0.045596, "Periapsis":275.623108, "OrbitalPeriod":98385184.000000, "RotationPeriod":38046.500000, "AxialTilt":-0.411802 }
{ "timestamp":"2017-07-26T03:47:14Z", "event":"StartJump", "JumpType":"Hyperspace", "StarSystem":"Zuni PH-Z c27-5763", "StarClass":"K" }
{ "timestamp":"2017-07-26T03:47:32Z", "event":"FSDJump", "StarSystem":"Zuni PH-Z c27-5763", "StarPos":[14.906,33.063,24483.313], "SystemAllegiance":"", "SystemEconomy":"$economy_None;", "SystemEconomy_Localised":"None", "SystemGovernment":"$government_None;", "SystemGovernment_Localised":"None", "SystemSecurity":"$SYSTEM_SECURITY_low;", "SystemSecurity_Localised":"Low Security", "JumpDist":36.300, "FuelUsed":7.821676, "FuelLevel":24.178324 }
{ "timestamp":"2017-07-26T03:47:48Z", "event":"FuelScoop", "Scooped":5.000257, "Total":28.108549 }
{ "timestamp":"2017-07-26T03:47:52Z", "event":"FuelScoop", "Scooped":3.891442, "Total":32.000000 }
{ "timestamp":"2017-07-26T03:48:11Z", "event":"StartJump", "JumpType":"Hyperspace", "StarSystem":"Zuni VI-X c28-4962", "StarClass":"K" }
{ "timestamp":"2017-07-26T03:48:30Z", "event":"FSDJump", "StarSystem":"Zuni VI-X c28-4962", "StarPos":[13.531,9.938,24511.500], "SystemAllegiance":"", "SystemEconomy":"$economy_None;", "SystemEconomy_Localised":"None", "SystemGovernment":"$government_None;", "SystemGovernment_Localised":"None", "SystemSecurity":"$SYSTEM_SECURITY_low;", "SystemSecurity_Localised":"Low Security", "JumpDist":36.485, "FuelUsed":7.925460, "FuelLevel":24.074539 }
{ "timestamp":"2017-07-26T03:48:43Z", "event":"FuelScoop", "Scooped":5.009071, "Total":29.083588 }
{ "timestamp":"2017-07-26T03:48:46Z", "event":"FuelScoop", "Scooped":2.916415, "Total":32.000000 }
{ "timestamp":"2017-07-26T03:49:08Z", "event":"StartJump", "JumpType":"Hyperspace", "StarSystem":"Myrielk CA-A c2313", "StarClass":"M" }
{ "timestamp":"2017-07-26T03:49:26Z", "event":"FSDJump", "StarSystem":"Myrielk CA-A c2313", "StarPos":[15.188,-11.219,24540.656], "SystemAllegiance":"", "SystemEconomy":"$economy_None;", "SystemEconomy_Localised":"None", "SystemGovernment":"$government_None;", "SystemGovernment_Localised":"None", "SystemSecurity":"$SYSTEM_SECURITY_low;", "SystemSecurity_Localised":"Low Security", "JumpDist":36.061, "FuelUsed":7.688124, "FuelLevel":24.311876 }
{ "timestamp":"2017-07-26T03:49:39Z", "event":"FuelScoop", "Scooped":5.017285, "Total":29.329157 }
{ "timestamp":"2017-07-26T03:49:42Z", "event":"FuelScoop", "Scooped":2.670850, "Total":32.000000 }
{ "timestamp":"2017-07-26T03:50:41Z", "event":"Scan", "BodyName":"Myrielk CA-A c2313 1", "DistanceFromArrivalLS":375.630585, "TidalLock":false, "TerraformState":"", "PlanetClass":"High metal content body", "Atmosphere":"thick argon rich atmosphere", "AtmosphereType":"ArgonRich", "AtmosphereComposition":[ { "Name":"Nitrogen", "Percent":89.314148 }, { "Name":"Argon", "Percent":10.495960 }, { "Name":"Oxygen", "Percent":0.185448 } ], "Volcanism":"major rocky magma volcanism", "MassEM":2.156070, "Radius":7748695.000000, "SurfaceGravity":14.312490, "SurfaceTemperature":165.194595, "SurfacePressure":5230072.500000, "Landable":false, "SemiMajorAxis":112562388992.000000, "Eccentricity":0.000436, "OrbitalInclination":0.022105, "Periapsis":210.924500, "OrbitalPeriod":30333558.000000, "RotationPeriod":181850.843750, "AxialTilt":-0.214621 }
{ "timestamp":"2017-07-26T03:51:13Z", "event":"StartJump", "JumpType":"Hyperspace", "StarSystem":"Myrielk BA-A c4554", "StarClass":"K" }
{ "timestamp":"2017-07-26T03:51:31Z", "event":"FSDJump", "StarSystem":"Myrielk BA-A c4554", "StarPos":[13.844,-15.688,24547.594], "SystemAllegiance":"", "SystemEconomy":"$economy_None;", "SystemEconomy_Localised":"None", "SystemGovernment":"$government_None;", "SystemGovernment_Localised":"None", "SystemSecurity":"$SYSTEM_SECURITY_low;", "SystemSecurity_Localised":"Low Security", "JumpDist":8.361, "FuelUsed":0.171946, "FuelLevel":31.828054 }
{ "timestamp":"2017-07-26T03:51:38Z", "event":"FuelScoop", "Scooped":0.171948, "Total":32.000000 }
{ "timestamp":"2017-07-26T03:53:59Z", "event":"StartJump", "JumpType":"Hyperspace", "StarSystem":"Myrielk FG-Y c2623", "StarClass":"K" }
{ "timestamp":"2017-07-26T03:54:17Z", "event":"FSDJump", "StarSystem":"Myrielk FG-Y c2623", "StarPos":[10.250,-13.563,24583.781], "SystemAllegiance":"", "SystemEconomy":"$economy_None;", "SystemEconomy_Localised":"None", "SystemGovernment":"$government_None;", "SystemGovernment_Localised":"None", "SystemSecurity":"$SYSTEM_SECURITY_low;", "SystemSecurity_Localised":"Low Security", "JumpDist":36.428, "FuelUsed":7.892652, "FuelLevel":24.107347 }
{ "timestamp":"2017-07-26T03:54:30Z", "event":"FuelScoop", "Scooped":5.012276, "Total":29.119619 }
{ "timestamp":"2017-07-26T03:54:33Z", "event":"FuelScoop", "Scooped":2.880390, "Total":32.000000 }
{ "timestamp":"2017-07-26T03:55:02Z", "event":"StartJump", "JumpType":"Hyperspace", "StarSystem":"Myrielk JM-W c1-7127", "StarClass":"K" }
{ "timestamp":"2017-07-26T03:55:21Z", "event":"FSDJump", "StarSystem":"Myrielk JM-W c1-7127", "StarPos":[8.063,-14.688,24620.063], "SystemAllegiance":"", "SystemEconomy":"$economy_None;", "SystemEconomy_Localised":"None", "SystemGovernment":"$government_None;", "SystemGovernment_Localised":"None", "SystemSecurity":"$SYSTEM_SECURITY_low;", "SystemSecurity_Localised":"Low Security", "JumpDist":36.365, "FuelUsed":7.857701, "FuelLevel":24.142300 }
{ "timestamp":"2017-07-26T03:55:34Z", "event":"FuelScoop", "Scooped":5.020448, "Total":29.162758 }
{ "timestamp":"2017-07-26T03:55:37Z", "event":"FuelScoop", "Scooped":2.837250, "Total":32.000000 }
{ "timestamp":"2017-07-26T03:56:50Z", "event":"Scan", "BodyName":"Myrielk JM-W c1-7127 1", "DistanceFromArrivalLS":576.980164, "TidalLock":false, "TerraformState":"", "PlanetClass":"High metal content body", "Atmosphere":"thick methane rich atmosphere", "AtmosphereType":"MethaneRich", "AtmosphereComposition":[ { "Name":"Nitrogen", "Percent":94.966011 }, { "Name":"Methane", "Percent":3.775667 }, { "Name":"Argon", "Percent":0.936275 } ], "Volcanism":"", "MassEM":0.621957, "Radius":5379276.500000, "SurfaceGravity":8.566860, "SurfaceTemperature":284.532104, "SurfacePressure":24473972.000000, "Landable":false, "SemiMajorAxis":172943245312.000000, "Eccentricity":0.001401, "OrbitalInclination":-0.028925, "Periapsis":146.215393, "OrbitalPeriod":56355000.000000, "RotationPeriod":58374.363281, "AxialTilt":-0.460233 }
{ "timestamp":"2017-07-26T03:57:44Z", "event":"StartJump", "JumpType":"Hyperspace", "StarSystem":"Myrielk EG-Y d4025", "StarClass":"F" }
{ "timestamp":"2017-07-26T03:58:02Z", "event":"FSDJump", "StarSystem":"Myrielk EG-Y d4025", "StarPos":[11.875,-15.031,24656.406], "SystemAllegiance":"", "SystemEconomy":"$economy_None;", "SystemEconomy_Localised":"None", "SystemGovernment":"$government_None;", "SystemGovernment_Localised":"None", "SystemSecurity":"$SYSTEM_SECURITY_low;", "SystemSecurity_Localised":"Low Security", "JumpDist":36.545, "FuelUsed":7.959435, "FuelLevel":24.040565 }
{ "timestamp":"2017-07-26T03:58:16Z", "event":"FuelScoop", "Scooped":5.010857, "Total":29.051397 }
{ "timestamp":"2017-07-26T03:58:19Z", "event":"FuelScoop", "Scooped":2.948589, "Total":32.000000 }
{ "timestamp":"2017-07-26T03:58:43Z", "event":"StartJump", "JumpType":"Hyperspace", "StarSystem":"Myrielk NS-U c2-1670", "StarClass":"K" }
{ "timestamp":"2017-07-26T03:59:02Z", "event":"FSDJump", "StarSystem":"Myrielk NS-U c2-1670", "StarPos":[6.969,-15.594,24692.563], "SystemAllegiance":"", "SystemEconomy":"$economy_None;", "SystemEconomy_Localised":"None", "SystemGovernment":"$government_None;", "SystemGovernment_Localised":"None", "SystemSecurity":"$SYSTEM_SECURITY_low;", "SystemSecurity_Localised":"Low Security", "JumpDist":36.492, "FuelUsed":7.929545, "FuelLevel":24.070456 }
{ "timestamp":"2017-07-26T03:59:15Z", "event":"FuelScoop", "Scooped":5.008044, "Total":29.078505 }
{ "timestamp":"2017-07-26T03:59:18Z", "event":"FuelScoop", "Scooped":2.921497, "Total":32.000000 }
{ "timestamp":"2017-07-26T03:59:43Z", "event":"StartJump", "JumpType":"Hyperspace", "StarSystem":"Myrielk RY-S c3-4786", "StarClass":"K" }
{ "timestamp":"2017-07-26T04:00:02Z", "event":"FSDJump", "StarSystem":"Myrielk RY-S c3-4786", "StarPos":[6.438,-17.531,24728.969], "SystemAllegiance":"", "SystemEconomy":"$economy_None;", "SystemEconomy_Localised":"None", "SystemGovernment":"$government_None;", "SystemGovernment_Localised":"None", "SystemSecurity":"$SYSTEM_SECURITY_low;", "SystemSecurity_Localised":"Low Security", "JumpDist":36.462, "FuelUsed":7.911867, "FuelLevel":24.088133 }
{ "timestamp":"2017-07-26T04:00:22Z", "event":"FuelScoop", "Scooped":5.008599, "Total":29.096741 }
{ "timestamp":"2017-07-26T04:00:26Z", "event":"FuelScoop", "Scooped":2.903264, "Total":32.000000 }
