{ "timestamp":"2017-05-05T03:56:36Z", "event":"Fileheader", "part":1, "language":"English\\UK", "gameversion":"2.3.02", "build":"r143095/r0 " }
{ "timestamp":"2017-05-05T04:15:57Z", "event":"Cargo", "Inventory":[ { "Name":"nanobreakers", "Count":1 } ] }
{ "timestamp":"2017-05-05T04:15:57Z", "event":"Loadout", "Ship":"Asp", "ShipID":7, "ShipName":"", "ShipIdent":"", "Modules":[ { "Slot":"SmallHardpoint1", "Item":"Hpt_PulseLaser_Fixed_Small", "On":true, "Priority":1, "AmmoInClip":1, "AmmoInHopper":1, "Health":1.000000, "Value":2200 }, { "Slot":"SmallHardpoint2", "Item":"Hpt_PulseLaser_Fixed_Small", "On":true, "Priority":1, "AmmoInClip":1, "AmmoInHopper":1, "Health":1.000000, "Value":2200 }, { "Slot":"Armour", "Item":"Asp_Armour_Grade1", "On":true, "Priority":1, "Health":1.000000, "Value":0, "EngineerBlueprint":"Armour_HeavyDuty", "EngineerLevel":1 }, { "Slot":"PowerPlant", "Item":"Int_PowerPlant_Size5_Class1", "On":true, "Priority":1, "Health":1.000000, "Value":63012, "EngineerBlueprint":"PowerPlant_Boosted", "EngineerLevel":1 }, { "Slot":"MainEngines", "Item":"Int_Engine_Size5_Class1", "On":true, "Priority":1, "Health":1.000000, "Value":63012 }, { "Slot":"FrameShiftDrive", "Item":"Int_Hyperdrive_Size5_Class5", "On":true, "Priority":0, "Health":1.000000, "Value":5103953 }, { "Slot":"LifeSupport", "Item":"Int_LifeSupport_Size4_Class1", "On":true, "Priority":1, "Health":1.000000, "Value":11349 }, { "Slot":"PowerDistributor", "Item":"Int_PowerDistributor_Size4_Class1", "On":true, "Priority":0, "Health":1.000000, "Value":11349, "EngineerBlueprint":"PowerDistributor_HighCapacity", "EngineerLevel":1 }, { "Slot":"Radar", "Item":"Int_Sensors_Size5_Class1", "On":true, "Priority":1, "Health":1.000000, "Value":31778 }, { "Slot":"FuelTank", "Item":"Int_FuelTank_Size5_Class3", "On":true, "Priority":1, "Health":1.000000, "Value":97754 }, { "Slot":"Slot01_Size6", "Item":"Int_CargoRack_Size6_Class1", "On":true, "Priority":1, "Health":1.000000, "Value":362591 }, { "Slot":"Slot02_Size5", "Item":"Int_CargoRack_Size5_Class1", "On":true, "Priority":1, "Health":1.000000, "Value":111566 }, { "Slot":"Slot03_Size3", "Item":"Int_BuggyBay_Size2_Class1", "On":true, "Priority":0, "Health":1.000000, "Value":18000 }, { "Slot":"Slot04_Size3", "Item":"Int_ShieldGenerator_Size3_Class5", "On":true, "Priority":0, "Health":1.000000, "Value":507912 }, { "Slot":"Slot06_Size2", "Item":"Int_FuelScoop_Size1_Class4", "On":true, "Priority":0, "Health":1.000000, "Value":20568 }, { "Slot":"Slot07_Size2", "Item":"Int_StellarBodyDiscoveryScanner_Standard", "On":true, "Priority":1, "Health":1.000000, "Value":1000 }, { "Slot":"PlanetaryApproachSuite", "Item":"Int_PlanetApproachSuite", "On":true, "Priority":1, "Health":1.000000, "Value":500 }, { "Slot":"ShipCockpit", "Item":"Asp_Cockpit", "On":true, "Priority":1, "Health":1.000000, "Value":0 }, { "Slot":"CargoHatch", "Item":"ModularCargoBayDoor", "On":true, "Priority":1, "Health":1.000000, "Value":0 } ] }
{ "timestamp":"2017-05-05T04:15:57Z", "event":"Materials", "Raw":[ { "Name":"sulphur", "Count":33 }, { "Name":"phosphorus", "Count":30 }, { "Name":"manganese", "Count":12 }, { "Name":"nickel", "Count":7 }, { "Name":"carbon", "Count":11 }, { "Name":"cadmium", "Count":12 }, { "Name":"germanium", "Count":3 }, { "Name":"tungsten", "Count":3 }, { "Name":"arsenic", "Count":3 }, { "Name":"zinc", "Count":6 }, { "Name":"selenium", "Count":12 }, { "Name":"vanadium", "Count":3 }, { "Name":"antimony", "Count":3 } ], "Manufactured":[ { "Name":"hybridcapacitors", "Count":2 }, { "Name":"focuscrystals", "Count":1 }, { "Name":"salvagedalloys", "Count":1 }, { "Name":"shieldemitters", "Count":5 }, { "Name":"galvanisingalloys", "Count":4 }, { "Name":"phasealloys", "Count":10 }, { "Name":"highdensitycomposites", "Count":6 }, { "Name":"compoundshielding", "Count":6 }, { "Name":"refinedfocuscrystals", "Count":3 }, { "Name":"conductivecomponents", "Count":4 }, { "Name":"heatresistantceramics", "Count":1 }, { "Name":"precipitatedalloys", "Count":3 }, { "Name":"wornshieldemitters", "Count":3 }, { "Name":"shieldingsensors", "Count":3 }, { "Name":"thermicalloys", "Count":5 }, { "Name":"mechanicalequipment", "Count":1 }, { "Name":"gridresistors", "Count":2 }, { "Name":"temperedalloys", "Count":1 }, { "Name":"conductivepolymers", "Count":2 }, { "Name":"uncutfocuscrystals", "Count":1 } ], "Encoded":[ { "Name":"shieldcyclerecordings", "Count":112 }, { "Name":"emissiondata", "Count":34 }, { "Name":"encodedscandata", "Count":12 }, { "Name":"decodedemissiondata", "Count":96 }, { "Name":"shieldsoakanalysis", "Count":42 }, { "Name":"scandatabanks", "Count":33 }, { "Name":"bulkscandata", "Count":16 }, { "Name":"archivedemissiondata", "Count":2 }, { "Name":"shielddensityreports", "Count":66 }, { "Name":"shieldpatternanalysis", "Count":44 }, { "Name":"compactemissionsdata", "Count":5 }, { "Name":"shieldfrequencydata", "Count":3 }, { "Name":"consumerfirmware", "Count":1 }, { "Name":"hyperspacetrajectories", "Count":1 }, { "Name":"scrambledemissiondata", "Count":1 }, { "Name":"scanarchives", "Count":20 }, { "Name":"classifiedscandata", "Count":4 }, { "Name":"disruptedwakeechoes", "Count":3 }, { "Name":"securityfirmware", "Count":2 }, { "Name":"encryptionarchives", "Count":3 } ] }
{ "timestamp":"2017-05-05T04:15:57Z", "event":"LoadGame", "Commander":"Kith000", "Ship":"Asp", "ShipID":7, "ShipName":"", "ShipIdent":"", "FuelLevel":32.000000, "FuelCapacity":32.000000, "GameMode":"Group", "Group":"MOBIUS PVE", "Credits":144129351, "Loan":0 }
{ "timestamp":"2017-05-05T04:15:57Z", "event":"Rank", "Combat":6, "Trade":4, "Explore":2, "Empire":1, "Federation":3, "CQC":0 }
{ "timestamp":"2017-05-05T04:15:57Z", "event":"Progress", "Combat":2, "Trade":78, "Explore":24, "Empire":23, "Federation":42, "CQC":40 }
{ "timestamp":"2017-05-05T04:16:07Z", "event":"Location", "Docked":true, "StationName":"Abasheli Ring", "StationType":"Orbis", "StarSystem":"36 Persei", "StarPos":[-58.250,-15.969,-101.969], "SystemAllegiance":"Federation", "SystemEconomy":"$economy_Agri;", "SystemEconomy_Localised":"Agriculture", "SystemGovernment":"$government_Corporate;", "SystemGovernment_Localised":"Corporate", "SystemSecurity":"$SYSTEM_SECURITY_high;", "SystemSecurity_Localised":"High Security", "Body":"Abasheli Ring", "BodyType":"Station", "Factions":[ { "Name":"Revolutionary Party of 36 Persei", "FactionState":"CivilWar", "Government":"Democracy", "Influence":0.204000, "Allegiance":"Independent" }, { "Name":"Independents of Ross 340", "FactionState":"None", "Government":"Democracy", "Influence":0.085000, "Allegiance":"Federation" }, { "Name":"Muraba Silver Galactic Corp.", "FactionState":"None", "Government":"Corporate", "Influence":0.149000, "Allegiance":"Federation" }, { "Name":"36 Persei Netcoms Ltd", "FactionState":"CivilWar", "Government":"Corporate", "Influence":0.435000, "Allegiance":"Federation" }, { "Name":"Nationalists of 36 Persei", "FactionState":"None", "Government":"Dictatorship", "Influence":0.028000, "Allegiance":"Independent" }, { "Name":"36 Persei Ltd", "FactionState":"Boom", "Government":"Corporate", "Influence":0.051000, "Allegiance":"Independent" }, { "Name":"36 Persei Justice Party", "FactionState":"Boom", "Government":"Dictatorship", "Influence":0.048000, "Allegiance":"Independent" } ], "SystemFaction":"36 Persei Netcoms Ltd", "FactionState":"CivilWar" }
{ "timestamp":"2017-05-05T04:16:07Z", "event":"Docked", "StationName":"Abasheli Ring", "StationType":"Orbis", "StarSystem":"36 Persei", "StationFaction":"36 Persei Netcoms Ltd", "FactionState":"CivilWar", "StationGovernment":"$government_Corporate;", "StationGovernment_Localised":"Corporate", "StationAllegiance":"Federation", "StationEconomy":"$economy_Industrial;", "StationEconomy_Localised":"Industrial", "DistFromStarLS":483.957031 }
{ "timestamp":"2017-05-05T04:16:54Z", "event":"MissionAccepted", "Faction":"36 Persei Netcoms Ltd", "Name":"Mission_Massacre_Conflict_War", "TargetFaction":"Revolutionary Party of 36 Persei", "KillCount":4, "DestinationSystem":"36 Persei", "DestinationStation":"Alexander Terminal", "Expiry":"2017-05-06T00:42:13Z", "Influence":"High", "Reputation":"Med", "MissionID":134516003 }
{ "timestamp":"2017-05-05T04:17:10Z", "event":"ShipyardSwap", "ShipType":"ferdelance", "ShipID":9, "StoreOldShip":"Asp", "StoreShipID":7 }
{ "timestamp":"2017-05-05T04:17:11Z", "event":"Cargo", "Inventory":[ { "Name":"nanobreakers", "Count":1 } ] }
{ "timestamp":"2017-05-05T04:17:11Z", "event":"Loadout", "Ship":"FerDeLance", "ShipID":9, "ShipName":"", "ShipIdent":"", "Modules":[ { "Slot":"HugeHardpoint1", "Item":"Hpt_MultiCannon_Gimbal_Huge", "On":true, "Priority":0, "AmmoInClip":90, "AmmoInHopper":2100, "Health":1.000000, "Value":5420960 }, { "Slot":"MediumHardpoint1", "Item":"Hpt_PulseLaser_Gimbal_Medium", "On":true, "Priority":0, "Health":1.000000, "Value":30090 }, { "Slot":"MediumHardpoint2", "Item":"Hpt_PulseLaser_Gimbal_Medium", "On":true, "Priority":0, "Health":1.000000, "Value":30090 }, { "Slot":"MediumHardpoint3", "Item":"Hpt_PulseLaser_Gimbal_Medium", "On":true, "Priority":0, "Health":1.000000, "Value":30090 }, { "Slot":"MediumHardpoint4", "Item":"Hpt_PulseLaser_Gimbal_Medium", "On":true, "Priority":0, "Health":1.000000, "Value":30090 }, { "Slot":"TinyHardpoint1", "Item":"Hpt_ShieldBooster_Size0_Class5", "On":true, "Priority":0, "Health":1.000000, "Value":281000 }, { "Slot":"TinyHardpoint2", "Item":"Hpt_ShieldBooster_Size0_Class5", "On":true, "Priority":0, "Health":1.000000, "Value":281000 }, { "Slot":"TinyHardpoint3", "Item":"Hpt_ShieldBooster_Size0_Class5", "On":true, "Priority":0, "Health":1.000000, "Value":238850 }, { "Slot":"TinyHardpoint4", "Item":"Hpt_ShieldBooster_Size0_Class5", "On":true, "Priority":0, "Health":1.000000, "Value":238850 }, { "Slot":"TinyHardpoint5", "Item":"Hpt_ShieldBooster_Size0_Class5", "On":true, "Priority":0, "Health":1.000000, "Value":238850 }, { "Slot":"TinyHardpoint6", "Item":"Hpt_ShieldBooster_Size0_Class5", "On":true, "Priority":0, "Health":1.000000, "Value":238850 }, { "Slot":"Armour", "Item":"FerDeLance_Armour_Grade1", "On":true, "Priority":1, "Health":1.000000, "Value":0 }, { "Slot":"PowerPlant", "Item":"Int_Powerplant_Size6_Class5", "On":true, "Priority":1, "Health":1.000000, "Value":13752602 }, { "Slot":"MainEngines", "Item":"Int_Engine_Size5_Class5", "On":true, "Priority":0, "Health":1.000000, "Value":5103953 }, { "Slot":"FrameShiftDrive", "Item":"Int_Hyperdrive_Size4_Class5", "On":true, "Priority":0, "Health":1.000000, "Value":1610080 }, { "Slot":"LifeSupport", "Item":"Int_LifeSupport_Size4_Class1", "On":true, "Priority":2, "Health":1.000000, "Value":9646 }, { "Slot":"PowerDistributor", "Item":"Int_PowerDistributor_Size6_Class5", "On":true, "Priority":0, "Health":1.000000, "Value":2954335 }, { "Slot":"Radar", "Item":"Int_Sensors_Size4_Class2", "On":true, "Priority":0, "Health":1.000000, "Value":24118 }, { "Slot":"FuelTank", "Item":"Int_FuelTank_Size3_Class3", "On":true, "Priority":1, "Health":1.000000, "Value":6003 }, { "Slot":"Slot01_Size5", "Item":"Int_ShieldGenerator_Size5_Class3_Fast", "On":true, "Priority":0, "Health":1.000000, "Value":850659 }, { "Slot":"Slot02_Size4", "Item":"Int_ShieldCellBank_Size4_Class5", "On":true, "Priority":0, "AmmoInClip":1, "AmmoInHopper":3, "Health":1.000000, "Value":376829 }, { "Slot":"Slot03_Size4", "Item":"Int_CargoRack_Size3_Class1", "On":true, "Priority":1, "Health":1.000000, "Value":8978 }, { "Slot":"Slot05_Size1", "Item":"Int_StellarBodyDiscoveryScanner_Standard", "On":true, "Priority":1, "Health":1.000000, "Value":850 }, { "Slot":"PlanetaryApproachSuite", "Item":"Int_PlanetApproachSuite", "On":true, "Priority":1, "Health":1.000000, "Value":425 }, { "Slot":"ShipCockpit", "Item":"FerDeLance_Cockpit", "On":true, "Priority":1, "Health":1.000000, "Value":0 }, { "Slot":"CargoHatch", "Item":"ModularCargoBayDoorFDL", "On":true, "Priority":2, "Health":1.000000, "Value":0 } ] }
{ "timestamp":"2017-05-05T04:17:13Z", "event":"Docked", "StationName":"Abasheli Ring", "StationType":"Orbis", "StarSystem":"36 Persei", "StationFaction":"36 Persei Netcoms Ltd", "FactionState":"CivilWar", "StationGovernment":"$government_Corporate;", "StationGovernment_Localised":"Corporate", "StationAllegiance":"Federation", "StationEconomy":"$economy_Industrial;", "StationEconomy_Localised":"Industrial", "DistFromStarLS":483.957581 }
{ "timestamp":"2017-05-05T04:17:47Z", "event":"ModuleBuy", "Slot":"HugeHardpoint1", "SellItem":"$hpt_multicannon_gimbal_huge_name;", "SellItem_Localised":"Multi-Cannon", "SellPrice":5420960, "BuyItem":"$hpt_multicannon_fixed_huge_name;", "BuyItem_Localised":"Multi-Cannon", "BuyPrice":1000960, "Ship":"ferdelance", "ShipID":9 }
{ "timestamp":"2017-05-05T04:18:55Z", "event":"ModuleBuy", "Slot":"MediumHardpoint1", "StoredItem":"$hpt_pulselaser_gimbal_medium_name;", "StoredItem_Localised":"Pulse Laser", "BuyItem":"$hpt_multicannon_fixed_medium_name;", "BuyItem_Localised":"Multi-Cannon", "BuyPrice":32300, "Ship":"ferdelance", "ShipID":9 }
{ "timestamp":"2017-05-05T04:19:14Z", "event":"ModuleBuy", "Slot":"MediumHardpoint2", "SellItem":"$hpt_pulselaser_gimbal_medium_name;", "SellItem_Localised":"Pulse Laser", "SellPrice":30090, "BuyItem":"$hpt_multicannon_fixed_medium_name;", "BuyItem_Localised":"Multi-Cannon", "BuyPrice":32300, "Ship":"ferdelance", "ShipID":9 }
{ "timestamp":"2017-05-05T04:19:30Z", "event":"ModuleBuy", "Slot":"MediumHardpoint3", "SellItem":"$hpt_pulselaser_gimbal_medium_name;", "SellItem_Localised":"Pulse Laser", "SellPrice":30090, "BuyItem":"$hpt_multicannon_fixed_medium_name;", "BuyItem_Localised":"Multi-Cannon", "BuyPrice":32300, "Ship":"ferdelance", "ShipID":9 }
{ "timestamp":"2017-05-05T04:19:44Z", "event":"ModuleBuy", "Slot":"MediumHardpoint4", "SellItem":"$hpt_pulselaser_gimbal_medium_name;", "SellItem_Localised":"Pulse Laser", "SellPrice":30090, "BuyItem":"$hpt_multicannon_fixed_medium_name;", "BuyItem_Localised":"Multi-Cannon", "BuyPrice":32300, "Ship":"ferdelance", "ShipID":9 }
{ "timestamp":"2017-05-05T04:20:22Z", "event":"Undocked", "StationName":"Abasheli Ring", "StationType":"Orbis" }
{ "timestamp":"2017-05-05T04:21:05Z", "event":"StartJump", "JumpType":"Supercruise" }
{ "timestamp":"2017-05-05T04:21:10Z", "event":"SupercruiseEntry", "StarSystem":"36 Persei" }
{ "timestamp":"2017-05-05T04:21:35Z", "event":"SupercruiseExit", "StarSystem":"36 Persei", "Body":"36 Persei 1", "BodyType":"Planet" }
{ "timestamp":"2017-05-05T04:22:28Z", "event":"ReceiveText", "From":"$ShipName_Military_Independent;", "From_Localised":"System Defence Force", "Message":"$Military_UnderFire09;", "Message_Localised":"Allow me to show you the error of your ways.", "Channel":"npc" }
{ "timestamp":"2017-05-05T04:22:57Z", "event":"ReceiveText", "From":"$ShipName_Military_Independent;", "From_Localised":"System Defence Force", "Message":"$Military_UnderFire02;", "Message_Localised":"You picked the wrong fight today, Commander.", "Channel":"npc" }
{ "timestamp":"2017-05-05T04:23:30Z", "event":"StartJump", "JumpType":"Supercruise" }
{ "timestamp":"2017-05-05T04:23:35Z", "event":"SupercruiseEntry", "StarSystem":"36 Persei" }
{ "timestamp":"2017-05-05T04:24:02Z", "event":"SupercruiseExit", "StarSystem":"36 Persei", "Body":"36 Persei 1", "BodyType":"Planet" }
{ "timestamp":"2017-05-05T04:25:13Z", "event":"ReceiveText", "From":"$ShipName_Military_Independent;", "From_Localised":"System Defence Force", "Message":"$Military_UnderFire01;", "Message_Localised":"Bandit on my six...", "Channel":"npc" }
{ "timestamp":"2017-05-05T04:25:52Z", "event":"ReceiveText", "From":"$ShipName_Military_Independent;", "From_Localised":"System Defence Force", "Message":"$Military_UnderFire07;", "Message_Localised":"You've just made a big mistake.", "Channel":"npc" }
{ "timestamp":"2017-05-05T04:25:58Z", "event":"Bounty", "Target":"asp_scout", "TotalReward":0, "VictimFaction":"Revolutionary Party of 36 Persei" }
{ "timestamp":"2017-05-05T04:25:58Z", "event":"FactionKillBond", "Reward":27600, "AwardingFaction":"36 Persei Netcoms Ltd", "VictimFaction":"Revolutionary Party of 36 Persei" }
{ "timestamp":"2017-05-05T04:26:10Z", "event":"HeatWarning" }
{ "timestamp":"2017-05-05T04:27:53Z", "event":"Bounty", "Target":"cobramkiii", "TotalReward":0, "VictimFaction":"Revolutionary Party of 36 Persei" }
{ "timestamp":"2017-05-05T04:27:53Z", "event":"FactionKillBond", "Reward":18400, "AwardingFaction":"36 Persei Netcoms Ltd", "VictimFaction":"Revolutionary Party of 36 Persei" }
{ "timestamp":"2017-05-05T04:28:26Z", "event":"Bounty", "Target":"federation_corvette", "TotalReward":0, "VictimFaction":"Revolutionary Party of 36 Persei" }
{ "timestamp":"2017-05-05T04:28:26Z", "event":"FactionKillBond", "Reward":101200, "AwardingFaction":"36 Persei Netcoms Ltd", "VictimFaction":"Revolutionary Party of 36 Persei" }
{ "timestamp":"2017-05-05T04:29:08Z", "event":"ReceiveText", "From":"$ShipName_Military_Independent;", "From_Localised":"System Defence Force", "Message":"$Military_UnderFire08;", "Message_Localised":"Enemy fire incoming!", "Channel":"npc" }
{ "timestamp":"2017-05-05T04:29:12Z", "event":"Bounty", "Target":"cobramkiii", "TotalReward":0, "VictimFaction":"Revolutionary Party of 36 Persei" }
{ "timestamp":"2017-05-05T04:29:12Z", "event":"FactionKillBond", "Reward":18400, "AwardingFaction":"36 Persei Netcoms Ltd", "VictimFaction":"Revolutionary Party of 36 Persei" }
{ "timestamp":"2017-05-05T04:29:52Z", "event":"Bounty", "Target":"vulture", "TotalReward":0, "VictimFaction":"Revolutionary Party of 36 Persei" }
{ "timestamp":"2017-05-05T04:29:52Z", "event":"FactionKillBond", "Reward":41400, "AwardingFaction":"36 Persei Netcoms Ltd", "VictimFaction":"Revolutionary Party of 36 Persei" }
{ "timestamp":"2017-05-05T04:30:41Z", "event":"ReceiveText", "From":"$ShipName_Military_Independent;", "From_Localised":"System Defence Force", "Message":"$Military_UnderFire08;", "Message_Localised":"Enemy fire incoming!", "Channel":"npc" }
{ "timestamp":"2017-05-05T04:31:16Z", "event":"Bounty", "Target":"federation_corvette", "TotalReward":0, "VictimFaction":"Revolutionary Party of 36 Persei" }
{ "timestamp":"2017-05-05T04:31:16Z", "event":"FactionKillBond", "Reward":101200, "AwardingFaction":"36 Persei Netcoms Ltd", "VictimFaction":"Revolutionary Party of 36 Persei" }
{ "timestamp":"2017-05-05T04:32:09Z", "event":"ReceiveText", "From":"$ShipName_Military_Independent;", "From_Localised":"System Defence Force", "Message":"$Military_UnderFire10;", "Message_Localised":"I'm under attack.", "Channel":"npc" }
{ "timestamp":"2017-05-05T04:32:22Z", "event":"Bounty", "Target":"cobramkiii", "TotalReward":0, "VictimFaction":"Revolutionary Party of 36 Persei" }
{ "timestamp":"2017-05-05T04:32:22Z", "event":"FactionKillBond", "Reward":18400, "AwardingFaction":"36 Persei Netcoms Ltd", "VictimFaction":"Revolutionary Party of 36 Persei" }
{ "timestamp":"2017-05-05T04:32:30Z", "event":"HeatWarning" }
{ "timestamp":"2017-05-05T04:33:50Z", "event":"HeatWarning" }
{ "timestamp":"2017-05-05T04:34:04Z", "event":"Bounty", "Target":"federation_gunship", "TotalReward":0, "VictimFaction":"Revolutionary Party of 36 Persei" }
{ "timestamp":"2017-05-05T04:34:04Z", "event":"FactionKillBond", "Reward":50600, "AwardingFaction":"36 Persei Netcoms Ltd", "VictimFaction":"Revolutionary Party of 36 Persei" }
{ "timestamp":"2017-05-05T04:34:48Z", "event":"Bounty", "Target":"viper", "TotalReward":0, "VictimFaction":"Revolutionary Party of 36 Persei" }
{ "timestamp":"2017-05-05T04:34:48Z", "event":"FactionKillBond", "Reward":23000, "AwardingFaction":"36 Persei Netcoms Ltd", "VictimFaction":"Revolutionary Party of 36 Persei" }
{ "timestamp":"2017-05-05T04:35:07Z", "event":"ReceiveText", "From":"$ShipName_Military_Independent;", "From_Localised":"System Defence Force", "Message":"$Military_UnderFire08;", "Message_Localised":"Enemy fire incoming!", "Channel":"npc" }
{ "timestamp":"2017-05-05T04:35:34Z", "event":"Bounty", "Target":"federation_corvette", "TotalReward":0, "VictimFaction":"Revolutionary Party of 36 Persei" }
{ "timestamp":"2017-05-05T04:35:34Z", "event":"FactionKillBond", "Reward":101200, "AwardingFaction":"36 Persei Netcoms Ltd", "VictimFaction":"Revolutionary Party of 36 Persei" }
{ "timestamp":"2017-05-05T04:35:48Z", "event":"ReceiveText", "From":"$ShipName_Military_Independent;", "From_Localised":"System Defence Force", "Message":"$Military_UnderFire10;", "Message_Localised":"I'm under attack.", "Channel":"npc" }
{ "timestamp":"2017-05-05T04:36:34Z", "event":"ReceiveText", "From":"$ShipName_Military_Independent;", "From_Localised":"System Defence Force", "Message":"$Military_UnderFire05;", "Message_Localised":"Incoming...", "Channel":"npc" }
{ "timestamp":"2017-05-05T04:36:47Z", "event":"ReceiveText", "From":"$ShipName_Military_Independent;", "From_Localised":"System Defence Force", "Message":"$Military_UnderFire06;", "Message_Localised":"I'm taking hits!", "Channel":"npc" }
{ "timestamp":"2017-05-05T04:37:00Z", "event":"ReceiveText", "From":"$ShipName_Military_Independent;", "From_Localised":"System Defence Force", "Message":"$Military_UnderFire06;", "Message_Localised":"I'm taking hits!", "Channel":"npc" }
{ "timestamp":"2017-05-05T04:37:55Z", "event":"ReceiveText", "From":"$ShipName_Military_Independent;", "From_Localised":"System Defence Force", "Message":"$Military_UnderFire01;", "Message_Localised":"Bandit on my six...", "Channel":"npc" }
{ "timestamp":"2017-05-05T04:38:09Z", "event":"Bounty", "Target":"python", "TotalReward":0, "VictimFaction":"Revolutionary Party of 36 Persei" }
{ "timestamp":"2017-05-05T04:38:09Z", "event":"FactionKillBond", "Reward":59800, "AwardingFaction":"36 Persei Netcoms Ltd", "VictimFaction":"Revolutionary Party of 36 Persei" }
{ "timestamp":"2017-05-05T04:38:38Z", "event":"ReceiveText", "From":"$ShipName_Military_Independent;", "From_Localised":"System Defence Force", "Message":"$Military_UnderFire03;", "Message_Localised":"Time to show you what a real pilot can do... ", "Channel":"npc" }
{ "timestamp":"2017-05-05T04:38:42Z", "event":"ReceiveText", "From":"$ShipName_Military_Independent;", "From_Localised":"System Defence Force", "Message":"$Military_UnderFire09;", "Message_Localised":"Allow me to show you the error of your ways.", "Channel":"npc" }
{ "timestamp":"2017-05-05T04:39:17Z", "event":"Bounty", "Target":"vulture", "TotalReward":0, "VictimFaction":"Revolutionary Party of 36 Persei" }
{ "timestamp":"2017-05-05T04:39:17Z", "event":"FactionKillBond", "Reward":41400, "AwardingFaction":"36 Persei Netcoms Ltd", "VictimFaction":"Revolutionary Party of 36 Persei" }
{ "timestamp":"2017-05-05T04:44:34Z", "event":"Bounty", "Target":"vulture", "TotalReward":0, "VictimFaction":"Revolutionary Party of 36 Persei" }
{ "timestamp":"2017-05-05T04:44:34Z", "event":"FactionKillBond", "Reward":41400, "AwardingFaction":"36 Persei Netcoms Ltd", "VictimFaction":"Revolutionary Party of 36 Persei" }
{ "timestamp":"2017-05-05T04:44:50Z", "event":"StartJump", "JumpType":"Supercruise" }
{ "timestamp":"2017-05-05T04:44:55Z", "event":"SupercruiseEntry", "StarSystem":"36 Persei" }
{ "timestamp":"2017-05-05T04:45:45Z", "event":"SupercruiseExit", "StarSystem":"36 Persei", "Body":"Abasheli Ring", "BodyType":"Station" }
{ "timestamp":"2017-05-05T04:45:46Z", "event":"ReceiveText", "From":"Abasheli Ring", "Message":"$STATION_NoFireZone_entered;", "Message_Localised":"No fire zone entered.", "Channel":"npc" }
{ "timestamp":"2017-05-05T04:45:52Z", "event":"DockingRequested", "StationName":"Abasheli Ring" }
{ "timestamp":"2017-05-05T04:45:52Z", "event":"ReceiveText", "From":"Abasheli Ring", "Message":"$DockingChatter_Cordial;", "Message_Localised":"Welcome back, Commander.", "Channel":"npc" }
{ "timestamp":"2017-05-05T04:45:54Z", "event":"ReceiveText", "From":"Abasheli Ring", "Message":"$STATION_docking_granted;", "Message_Localised":"Docking request granted.", "Channel":"npc" }
{ "timestamp":"2017-05-05T04:45:54Z", "event":"DockingGranted", "LandingPad":26, "StationName":"Abasheli Ring" }
{ "timestamp":"2017-05-05T04:47:05Z", "event":"Docked", "StationName":"Abasheli Ring", "StationType":"Orbis", "StarSystem":"36 Persei", "StationFaction":"36 Persei Netcoms Ltd", "FactionState":"CivilWar", "StationGovernment":"$government_Corporate;", "StationGovernment_Localised":"Corporate", "StationAllegiance":"Federation", "StationEconomy":"$economy_Industrial;", "StationEconomy_Localised":"Industrial", "DistFromStarLS":483.971283 }
{ "timestamp":"2017-05-05T04:47:21Z", "event":"MissionCompleted", "Faction":"36 Persei Netcoms Ltd", "Name":"Mission_Massacre_Conflict_War_name", "MissionID":134516003, "TargetFaction":"Revolutionary Party of 36 Persei", "KillCount":4, "DestinationSystem":"36 Persei", "DestinationStation":"Alexander Terminal", "Reward":124388 }
{ "timestamp":"2017-05-05T04:47:46Z", "event":"Undocked", "StationName":"Abasheli Ring", "StationType":"Orbis" }
{ "timestamp":"2017-05-05T04:48:17Z", "event":"StartJump", "JumpType":"Supercruise" }
{ "timestamp":"2017-05-05T04:48:22Z", "event":"SupercruiseEntry", "StarSystem":"36 Persei" }
{ "timestamp":"2017-05-05T04:51:33Z", "event":"SupercruiseExit", "StarSystem":"36 Persei", "Body":"Alexander Terminal", "BodyType":"Station" }
{ "timestamp":"2017-05-05T04:51:35Z", "event":"ReceiveText", "From":"Alexander Terminal", "Message":"$STATION_NoFireZone_entered;", "Message_Localised":"No fire zone entered.", "Channel":"npc" }
{ "timestamp":"2017-05-05T04:51:43Z", "event":"DockingRequested", "StationName":"Alexander Terminal" }
{ "timestamp":"2017-05-05T04:51:43Z", "event":"ReceiveText", "From":"Alexander Terminal", "Message":"$DockingChatter_Cordial;", "Message_Localised":"Welcome back, Commander.", "Channel":"npc" }
{ "timestamp":"2017-05-05T04:51:45Z", "event":"ReceiveText", "From":"Alexander Terminal", "Message":"$STATION_docking_granted;", "Message_Localised":"Docking request granted.", "Channel":"npc" }
{ "timestamp":"2017-05-05T04:51:45Z", "event":"DockingGranted", "LandingPad":8, "StationName":"Alexander Terminal" }
{ "timestamp":"2017-05-05T04:53:09Z", "event":"Docked", "StationName":"Alexander Terminal", "StationType":"Orbis", "StarSystem":"36 Persei", "StationFaction":"36 Persei Netcoms Ltd", "FactionState":"CivilWar", "StationGovernment":"$government_Corporate;", "StationGovernment_Localised":"Corporate", "StationAllegiance":"Federation", "StationEconomy":"$economy_Agri;", "StationEconomy_Localised":"Agriculture", "DistFromStarLS":1260.796875 }
{ "timestamp":"2017-05-05T04:53:20Z", "event":"BuyAmmo", "Cost":11067 }
{ "timestamp":"2017-05-05T04:53:21Z", "event":"RefuelAll", "Cost":50, "Amount":0.988484 }
{ "timestamp":"2017-05-05T04:53:23Z", "event":"RepairAll", "Cost":1127 }
{ "timestamp":"2017-05-05T04:53:53Z", "event":"RedeemVoucher", "Type":"CombatBond", "Amount":553840, "Faction":"36 Persei Netcoms Ltd" }
{ "timestamp":"2017-05-05T04:55:25Z", "event":"ModuleBuy", "Slot":"HugeHardpoint1", "SellItem":"$hpt_multicannon_fixed_huge_name;", "SellItem_Localised":"Multi-Cannon", "SellPrice":1000960, "BuyItem":"$hpt_plasmaaccelerator_fixed_huge_name;", "BuyItem_Localised":"Plasma Acc", "BuyPrice":11724560, "Ship":"ferdelance", "ShipID":9 }
{ "timestamp":"2017-05-05T04:56:09Z", "event":"Undocked", "StationName":"Alexander Terminal", "StationType":"Orbis" }
{ "timestamp":"2017-05-05T04:56:46Z", "event":"StartJump", "JumpType":"Supercruise" }
{ "timestamp":"2017-05-05T04:56:51Z", "event":"SupercruiseEntry", "StarSystem":"36 Persei" }
{ "timestamp":"2017-05-05T04:59:31Z", "event":"ReceiveText", "From":"$ShipName_Military_Federation;", "From_Localised":"Federal Navy Ship", "Message":"$Military_StartInterdiction02;", "Message_Localised":"This is a military operation. ", "Channel":"npc" }
{ "timestamp":"2017-05-05T04:59:52Z", "event":"EscapeInterdiction", "Interdictor":"$ShipName_Military_Federation;", "Interdictor_Localised":"Federal Navy Ship", "IsPlayer":false }
{ "timestamp":"2017-05-05T05:01:16Z", "event":"SupercruiseExit", "StarSystem":"36 Persei", "Body":"Abasheli Ring", "BodyType":"Station" }
{ "timestamp":"2017-05-05T05:01:17Z", "event":"ReceiveText", "From":"Abasheli Ring", "Message":"$STATION_NoFireZone_entered;", "Message_Localised":"No fire zone entered.", "Channel":"npc" }
{ "timestamp":"2017-05-05T05:01:28Z", "event":"DockingRequested", "StationName":"Abasheli Ring" }
{ "timestamp":"2017-05-05T05:01:28Z", "event":"ReceiveText", "From":"Abasheli Ring", "Message":"$DockingChatter_Cordial;", "Message_Localised":"Welcome back, Commander.", "Channel":"npc" }
{ "timestamp":"2017-05-05T05:01:30Z", "event":"ReceiveText", "From":"Abasheli Ring", "Message":"$STATION_docking_granted;", "Message_Localised":"Docking request granted.", "Channel":"npc" }
{ "timestamp":"2017-05-05T05:01:30Z", "event":"DockingGranted", "LandingPad":18, "StationName":"Abasheli Ring" }
{ "timestamp":"2017-05-05T05:02:09Z", "event":"Docked", "StationName":"Abasheli Ring", "StationType":"Orbis", "StarSystem":"36 Persei", "StationFaction":"36 Persei Netcoms Ltd", "FactionState":"CivilWar", "StationGovernment":"$government_Corporate;", "StationGovernment_Localised":"Corporate", "StationAllegiance":"Federation", "StationEconomy":"$economy_Industrial;", "StationEconomy_Localised":"Industrial", "DistFromStarLS":483.977539 }
{ "timestamp":"2017-05-05T05:02:19Z", "event":"RefuelAll", "Cost":11, "Amount":0.211575 }
{ "timestamp":"2017-05-05T05:03:35Z", "event":"Undocked", "StationName":"Abasheli Ring", "StationType":"Orbis" }
{ "timestamp":"2017-05-05T05:04:19Z", "event":"StartJump", "JumpType":"Supercruise" }
{ "timestamp":"2017-05-05T05:04:24Z", "event":"SupercruiseEntry", "StarSystem":"36 Persei" }
{ "timestamp":"2017-05-05T05:07:30Z", "event":"SupercruiseExit", "StarSystem":"36 Persei", "Body":"Herreshoff Hub", "BodyType":"Station" }
{ "timestamp":"2017-05-05T05:07:31Z", "event":"ReceiveText", "From":"Herreshoff Hub", "Message":"$STATION_NoFireZone_entered;", "Message_Localised":"No fire zone entered.", "Channel":"npc" }
{ "timestamp":"2017-05-05T05:07:44Z", "event":"DockingRequested", "StationName":"Herreshoff Hub" }
{ "timestamp":"2017-05-05T05:07:44Z", "event":"ReceiveText", "From":"Herreshoff Hub", "Message":"$DockingChatter_Cordial;", "Message_Localised":"Welcome back, Commander.", "Channel":"npc" }
{ "timestamp":"2017-05-05T05:07:45Z", "event":"ReceiveText", "From":"Herreshoff Hub", "Message":"$STATION_docking_granted;", "Message_Localised":"Docking request granted.", "Channel":"npc" }
{ "timestamp":"2017-05-05T05:07:45Z", "event":"DockingGranted", "LandingPad":15, "StationName":"Herreshoff Hub" }
{ "timestamp":"2017-05-05T05:08:27Z", "event":"Docked", "StationName":"Herreshoff Hub", "StationType":"Orbis", "StarSystem":"36 Persei", "StationFaction":"36 Persei Netcoms Ltd", "FactionState":"CivilWar", "StationGovernment":"$government_Corporate;", "StationGovernment_Localised":"Corporate", "StationAllegiance":"Federation", "StationEconomy":"$economy_Industrial;", "StationEconomy_Localised":"Industrial", "DistFromStarLS":839.201294 }
{ "timestamp":"2017-05-05T05:09:24Z", "event":"ModuleBuy", "Slot":"MediumHardpoint1", "SellItem":"$hpt_multicannon_fixed_medium_name;", "SellItem_Localised":"Multi-Cannon", "SellPrice":32300, "BuyItem":"$hpt_pulselaser_fixed_medium_name;", "BuyItem_Localised":"Pulse Laser", "BuyPrice":14960, "Ship":"ferdelance", "ShipID":9 }
{ "timestamp":"2017-05-05T05:09:51Z", "event":"ModuleBuy", "Slot":"MediumHardpoint2", "SellItem":"$hpt_multicannon_fixed_medium_name;", "SellItem_Localised":"Multi-Cannon", "SellPrice":32300, "BuyItem":"$hpt_pulselaser_fixed_medium_name;", "BuyItem_Localised":"Pulse Laser", "BuyPrice":14960, "Ship":"ferdelance", "ShipID":9 }
{ "timestamp":"2017-05-05T05:10:19Z", "event":"ModuleBuy", "Slot":"MediumHardpoint3", "SellItem":"$hpt_multicannon_fixed_medium_name;", "SellItem_Localised":"Multi-Cannon", "SellPrice":32300, "BuyItem":"$hpt_pulselaser_fixed_medium_name;", "BuyItem_Localised":"Pulse Laser", "BuyPrice":14960, "Ship":"ferdelance", "ShipID":9 }
{ "timestamp":"2017-05-05T05:10:35Z", "event":"ModuleBuy", "Slot":"MediumHardpoint4", "SellItem":"$hpt_multicannon_fixed_medium_name;", "SellItem_Localised":"Multi-Cannon", "SellPrice":32300, "BuyItem":"$hpt_pulselaser_fixed_medium_name;", "BuyItem_Localised":"Pulse Laser", "BuyPrice":14960, "Ship":"ferdelance", "ShipID":9 }
{ "timestamp":"2017-05-05T05:11:06Z", "event":"Undocked", "StationName":"Herreshoff Hub", "StationType":"Orbis" }
{ "timestamp":"2017-05-05T05:11:54Z", "event":"ReceiveText", "From":"Herreshoff Hub", "Message":"$STATION_NoFireZone_exited;", "Message_Localised":"No fire zone left.", "Channel":"npc" }
{ "timestamp":"2017-05-05T05:12:14Z", "event":"StartJump", "JumpType":"Supercruise" }
{ "timestamp":"2017-05-05T05:12:20Z", "event":"SupercruiseEntry", "StarSystem":"36 Persei" }
{ "timestamp":"2017-05-05T05:14:21Z", "event":"ReceiveText", "From":"$ShipName_Military_Federation;", "From_Localised":"Federal Navy Ship", "Message":"$Military_StartInterdiction06;", "Message_Localised":"This is a navy interdiction.", "Channel":"npc" }
{ "timestamp":"2017-05-05T05:14:46Z", "event":"EscapeInterdiction", "Interdictor":"$ShipName_Military_Federation;", "Interdictor_Localised":"Federal Navy Ship", "IsPlayer":false }
{ "timestamp":"2017-05-05T05:16:28Z", "event":"SupercruiseExit", "StarSystem":"36 Persei", "Body":"36 Persei 2", "BodyType":"Planet" }
{ "timestamp":"2017-05-05T05:19:09Z", "event":"ReceiveText", "From":"$ShipName_Military_Independent;", "From_Localised":"System Defence Force", "Message":"$Military_UnderFire08;", "Message_Localised":"Enemy fire incoming!", "Channel":"npc" }
{ "timestamp":"2017-05-05T05:19:28Z", "event":"HeatWarning" }
{ "timestamp":"2017-05-05T05:20:13Z", "event":"ShieldState", "ShieldsUp":false }
{ "timestamp":"2017-05-05T05:20:19Z", "event":"HullDamage", "Health":0.693328, "PlayerPilot":true, "Fighter":false }
{ "timestamp":"2017-05-05T05:20:20Z", "event":"HullDamage", "Health":0.592079, "PlayerPilot":true, "Fighter":false }
