{ "timestamp":"2017-01-19T04:17:17Z", "event":"Fileheader", "part":1, "language":"English\\UK", "gameversion":"2.2", "build":"r131487/r0 " }
{ "timestamp":"2017-01-19T04:25:11Z", "event":"LoadGame", "Commander":"Kith000", "Ship":"TestBuggy", "ShipID":6, "StartLanded":true, "GameMode":"Group", "Group":"MOBIUS PVE", "Credits":26059201, "Loan":0 }
{ "timestamp":"2017-01-19T04:25:11Z", "event":"Rank", "Combat":5, "Trade":3, "Explore":2, "Empire":0, "Federation":2, "CQC":0 }
{ "timestamp":"2017-01-19T04:25:11Z", "event":"Progress", "Combat":11, "Trade":42, "Explore":16, "Empire":100, "Federation":83, "CQC":40 }
{ "timestamp":"2017-01-19T04:25:49Z", "event":"Location", "Docked":false, "StarSystem":"Synuefe AH-Z b47-4", "StarPos":[303.063,-115.031,-42.375], "SystemAllegiance":"", "SystemEconomy":"$economy_None;", "SystemEconomy_Localised":"None", "SystemGovernment":"$government_None;", "SystemGovernment_Localised":"None", "SystemSecurity":"$SYSTEM_SECURITY_low;", "SystemSecurity_Localised":"Low Security", "Body":"Synuefe AH-Z b47-4 B 5 a", "BodyType":"Planet" }
{ "timestamp":"2017-01-19T04:26:15Z", "event":"HullDamage", "Health":0.581075, "PlayerPilot":true }
{ "timestamp":"2017-01-19T04:35:22Z", "event":"HullDamage", "Health":0.396486, "PlayerPilot":true }
{ "timestamp":"2017-01-19T04:36:29Z", "event":"DockSRV" }
{ "timestamp":"2017-01-19T04:43:04Z", "event":"Liftoff", "Latitude":82.445038, "Longitude":-66.447243 }
{ "timestamp":"2017-01-19T04:43:29Z", "event":"SupercruiseEntry", "StarSystem":"Synuefe AH-Z b47-4" }
{ "timestamp":"2017-01-19T04:44:46Z", "event":"FSDJump", "StarSystem":"Synuefe AH-Z b47-6", "StarPos":[304.688,-110.156,-38.875], "SystemAllegiance":"", "SystemEconomy":"$economy_None;", "SystemEconomy_Localised":"None", "SystemGovernment":"$government_None;", "SystemGovernment_Localised":"None", "SystemSecurity":"$SYSTEM_SECURITY_low;", "SystemSecurity_Localised":"Low Security", "JumpDist":6.217, "FuelUsed":0.353862, "FuelLevel":7.076138 }
{ "timestamp":"2017-01-19T04:45:17Z", "event":"FuelScoop", "Scooped":0.923862, "Total":8.000000 }
{ "timestamp":"2017-01-19T04:49:30Z", "event":"FSDJump", "StarSystem":"Synuefe YL-Z b47-7", "StarPos":[306.531,-101.156,-42.156], "SystemAllegiance":"", "SystemEconomy":"$economy_None;", "SystemEconomy_Localised":"None", "SystemGovernment":"$government_None;", "SystemGovernment_Localised":"None", "SystemSecurity":"$SYSTEM_SECURITY_low;", "SystemSecurity_Localised":"Low Security", "JumpDist":9.755, "FuelUsed":1.000718, "FuelLevel":6.999282 }
{ "timestamp":"2017-01-19T04:49:59Z", "event":"FuelScoop", "Scooped":1.000718, "Total":8.000000 }
{ "timestamp":"2017-01-19T04:50:31Z", "event":"FSDJump", "StarSystem":"Synuefe YL-Z b47-6", "StarPos":[309.094,-97.000,-41.781], "SystemAllegiance":"", "SystemEconomy":"$economy_None;", "SystemEconomy_Localised":"None", "SystemGovernment":"$government_None;", "SystemGovernment_Localised":"None", "SystemSecurity":"$SYSTEM_SECURITY_low;", "SystemSecurity_Localised":"Low Security", "JumpDist":4.897, "FuelUsed":0.205085, "FuelLevel":7.794915 }
{ "timestamp":"2017-01-19T04:50:56Z", "event":"FuelScoop", "Scooped":0.205085, "Total":8.000000 }
{ "timestamp":"2017-01-19T04:51:25Z", "event":"FSDJump", "StarSystem":"Synuefe YL-Z b47-5", "StarPos":[314.250,-95.656,-41.969], "SystemAllegiance":"", "SystemEconomy":"$economy_None;", "SystemEconomy_Localised":"None", "SystemGovernment":"$government_None;", "SystemGovernment_Localised":"None", "SystemSecurity":"$SYSTEM_SECURITY_low;", "SystemSecurity_Localised":"Low Security", "JumpDist":5.332, "FuelUsed":0.249366, "FuelLevel":7.750634 }
{ "timestamp":"2017-01-19T04:51:51Z", "event":"FuelScoop", "Scooped":-0.305511, "Total":7.445122 }
{ "timestamp":"2017-01-19T04:52:21Z", "event":"FSDJump", "StarSystem":"Synuefe ZL-Z b47-7", "StarPos":[318.438,-89.375,-41.938], "SystemAllegiance":"", "SystemEconomy":"$economy_None;", "SystemEconomy_Localised":"None", "SystemGovernment":"$government_None;", "SystemGovernment_Localised":"None", "SystemSecurity":"$SYSTEM_SECURITY_low;", "SystemSecurity_Localised":"Low Security", "JumpDist":7.549, "FuelUsed":0.554878, "FuelLevel":7.445122 }
{ "timestamp":"2017-01-19T04:52:48Z", "event":"FuelScoop", "Scooped":0.554878, "Total":8.000000 }
{ "timestamp":"2017-01-19T04:53:22Z", "event":"FSDJump", "StarSystem":"Synuefe VF-B b47-7", "StarPos":[321.063,-87.063,-45.781], "SystemAllegiance":"", "SystemEconomy":"$economy_None;", "SystemEconomy_Localised":"None", "SystemGovernment":"$government_None;", "SystemGovernment_Localised":"None", "SystemSecurity":"$SYSTEM_SECURITY_low;", "SystemSecurity_Localised":"Low Security", "JumpDist":5.197, "FuelUsed":0.235168, "FuelLevel":7.764832 }
{ "timestamp":"2017-01-19T04:53:46Z", "event":"FuelScoop", "Scooped":0.235168, "Total":8.000000 }
{ "timestamp":"2017-01-19T04:54:19Z", "event":"FSDJump", "StarSystem":"Synuefe XP-N c23-15", "StarPos":[320.719,-81.875,-46.688], "SystemAllegiance":"", "SystemEconomy":"$economy_None;", "SystemEconomy_Localised":"None", "SystemGovernment":"$government_None;", "SystemGovernment_Localised":"None", "SystemSecurity":"$SYSTEM_SECURITY_low;", "SystemSecurity_Localised":"Low Security", "JumpDist":5.277, "FuelUsed":0.243562, "FuelLevel":7.756438 }
{ "timestamp":"2017-01-19T04:54:43Z", "event":"HeatWarning" }
{ "timestamp":"2017-01-19T04:55:45Z", "event":"FSDJump", "StarSystem":"Synuefe TK-B b47-9", "StarPos":[319.625,-75.438,-46.531], "SystemAllegiance":"", "SystemEconomy":"$economy_None;", "SystemEconomy_Localised":"None", "SystemGovernment":"$government_None;", "SystemGovernment_Localised":"None", "SystemSecurity":"$SYSTEM_SECURITY_low;", "SystemSecurity_Localised":"Low Security", "JumpDist":6.532, "FuelUsed":0.397736, "FuelLevel":7.602264 }
{ "timestamp":"2017-01-19T04:56:12Z", "event":"FuelScoop", "Scooped":0.397736, "Total":8.000000 }
{ "timestamp":"2017-01-19T04:56:44Z", "event":"FSDJump", "StarSystem":"Synuefe XP-N c23-22", "StarPos":[325.813,-70.219,-47.156], "SystemAllegiance":"", "SystemEconomy":"$economy_None;", "SystemEconomy_Localised":"None", "SystemGovernment":"$government_None;", "SystemGovernment_Localised":"None", "SystemSecurity":"$SYSTEM_SECURITY_low;", "SystemSecurity_Localised":"Low Security", "JumpDist":8.119, "FuelUsed":0.655941, "FuelLevel":7.344059 }
{ "timestamp":"2017-01-19T04:57:22Z", "event":"FuelScoop", "Scooped":0.655941, "Total":8.000000 }
{ "timestamp":"2017-01-19T04:57:59Z", "event":"FSDJump", "StarSystem":"Synuefe XP-N c23-19", "StarPos":[325.406,-67.719,-52.063], "SystemAllegiance":"", "SystemEconomy":"$economy_None;", "SystemEconomy_Localised":"None", "SystemGovernment":"$government_None;", "SystemGovernment_Localised":"None", "SystemSecurity":"$SYSTEM_SECURITY_low;", "SystemSecurity_Localised":"Low Security", "JumpDist":5.521, "FuelUsed":0.270262, "FuelLevel":7.729738 }
{ "timestamp":"2017-01-19T04:58:27Z", "event":"FuelScoop", "Scooped":-1.078781, "Total":6.650957 }
{ "timestamp":"2017-01-19T04:58:57Z", "event":"FSDJump", "StarSystem":"Synuefe VU-N c23-6", "StarPos":[332.156,-64.281,-60.188], "SystemAllegiance":"", "SystemEconomy":"$economy_None;", "SystemEconomy_Localised":"None", "SystemGovernment":"$government_None;", "SystemGovernment_Localised":"None", "SystemSecurity":"$SYSTEM_SECURITY_low;", "SystemSecurity_Localised":"Low Security", "JumpDist":11.108, "FuelUsed":1.349043, "FuelLevel":6.650957 }
{ "timestamp":"2017-01-19T04:59:28Z", "event":"FuelScoop", "Scooped":1.349043, "Total":8.000000 }
{ "timestamp":"2017-01-19T05:00:01Z", "event":"FSDJump", "StarSystem":"Synuefe RP-B b47-7", "StarPos":[332.844,-62.188,-62.906], "SystemAllegiance":"", "SystemEconomy":"$economy_None;", "SystemEconomy_Localised":"None", "SystemGovernment":"$government_None;", "SystemGovernment_Localised":"None", "SystemSecurity":"$SYSTEM_SECURITY_low;", "SystemSecurity_Localised":"Low Security", "JumpDist":3.500, "FuelUsed":0.094695, "FuelLevel":7.905305 }
{ "timestamp":"2017-01-19T05:00:28Z", "event":"FuelScoop", "Scooped":0.094695, "Total":8.000000 }
{ "timestamp":"2017-01-19T05:00:48Z", "event":"FSDJump", "StarSystem":"Synuefe RP-B b47-6", "StarPos":[332.500,-61.656,-64.250], "SystemAllegiance":"", "SystemEconomy":"$economy_None;", "SystemEconomy_Localised":"None", "SystemGovernment":"$government_None;", "SystemGovernment_Localised":"None", "SystemSecurity":"$SYSTEM_SECURITY_low;", "SystemSecurity_Localised":"Low Security", "JumpDist":1.485, "FuelUsed":0.013189, "FuelLevel":7.986811 }
{ "timestamp":"2017-01-19T05:03:19Z", "event":"FSDJump", "StarSystem":"Synuefe OJ-D b46-8", "StarPos":[336.094,-56.156,-71.500], "SystemAllegiance":"", "SystemEconomy":"$economy_None;", "SystemEconomy_Localised":"None", "SystemGovernment":"$government_None;", "SystemGovernment_Localised":"None", "SystemSecurity":"$SYSTEM_SECURITY_low;", "SystemSecurity_Localised":"Low Security", "JumpDist":9.784, "FuelUsed":1.003895, "FuelLevel":6.412916 }
{ "timestamp":"2017-01-19T05:04:17Z", "event":"FuelScoop", "Scooped":1.587084, "Total":8.000000 }
{ "timestamp":"2017-01-19T05:04:49Z", "event":"FSDJump", "StarSystem":"Synuefe OJ-D b46-1", "StarPos":[340.719,-50.000,-75.000], "SystemAllegiance":"", "SystemEconomy":"$economy_None;", "SystemEconomy_Localised":"None", "SystemGovernment":"$government_None;", "SystemGovernment_Localised":"None", "SystemSecurity":"$SYSTEM_SECURITY_low;", "SystemSecurity_Localised":"Low Security", "JumpDist":8.458, "FuelUsed":0.720758, "FuelLevel":7.279242 }
{ "timestamp":"2017-01-19T05:05:15Z", "event":"FuelScoop", "Scooped":0.720758, "Total":8.000000 }
{ "timestamp":"2017-01-19T05:05:51Z", "event":"FSDJump", "StarSystem":"HIP 38413", "StarPos":[346.969,-51.156,-71.875], "SystemAllegiance":"", "SystemEconomy":"$economy_None;", "SystemEconomy_Localised":"None", "SystemGovernment":"$government_None;", "SystemGovernment_Localised":"None", "SystemSecurity":"$SYSTEM_SECURITY_low;", "SystemSecurity_Localised":"Low Security", "JumpDist":7.083, "FuelUsed":0.479212, "FuelLevel":7.520788 }
{ "timestamp":"2017-01-19T05:06:13Z", "event":"HeatWarning" }
{ "timestamp":"2017-01-19T05:06:21Z", "event":"HeatWarning" }
{ "timestamp":"2017-01-19T05:06:50Z", "event":"FSDJump", "StarSystem":"Synuefe XR-H d11-102", "StarPos":[357.344,-49.344,-74.750], "SystemAllegiance":"", "SystemEconomy":"$economy_None;", "SystemEconomy_Localised":"None", "SystemGovernment":"$government_None;", "SystemGovernment_Localised":"None", "SystemSecurity":"$SYSTEM_SECURITY_low;", "SystemSecurity_Localised":"Low Security", "JumpDist":10.917, "FuelUsed":1.296450, "FuelLevel":6.703550 }
{ "timestamp":"2017-01-19T05:07:52Z", "event":"FuelScoop", "Scooped":1.296450, "Total":8.000000 }
{ "timestamp":"2017-01-19T05:16:44Z", "event":"SupercruiseExit", "StarSystem":"Synuefe XR-H d11-102", "Body":"Synuefe XR-H d11-102 1 b a", "BodyType":"Planet" }
{ "timestamp":"2017-01-19T05:31:22Z", "event":"SupercruiseEntry", "StarSystem":"Synuefe XR-H d11-102" }
{ "timestamp":"2017-01-19T05:33:27Z", "event":"SupercruiseExit", "StarSystem":"Synuefe XR-H d11-102", "Body":"Synuefe XR-H d11-102 1 b a", "BodyType":"Planet" }
{ "timestamp":"2017-01-19T05:42:44Z", "event":"SupercruiseEntry", "StarSystem":"Synuefe XR-H d11-102" }
{ "timestamp":"2017-01-19T05:50:40Z", "event":"SupercruiseExit", "StarSystem":"Synuefe XR-H d11-102", "Body":"Synuefe XR-H d11-102 1 b", "BodyType":"Planet" }
{ "timestamp":"2017-01-19T05:51:15Z", "event":"ReceiveText", "From":"$cmdr_decorate:#name=Luxyr;", "From_Localised":"CMDR Luxyr", "Message":"How many people wanna science!", "Channel":"local" }
{ "timestamp":"2017-01-19T05:51:37Z", "event":"ReceiveText", "From":"$cmdr_decorate:#name=Luxyr;", "From_Localised":"CMDR Luxyr", "Message":"If you do, and if everyone in the instance does, pick a group and track which obelisks are on and off.", "Channel":"local" }
{ "timestamp":"2017-01-19T05:51:50Z", "event":"ReceiveText", "From":"$cmdr_decorate:#name=Luxyr;", "From_Localised":"CMDR Luxyr", "Message":"Then we will control which one we scan at a time and see what, if anything, changes.", "Channel":"local" }
{ "timestamp":"2017-01-19T05:54:01Z", "event":"ReceiveText", "From":"$cmdr_decorate:#name=Luxyr;", "From_Localised":"CMDR Luxyr", "Message":"Guess no one wants to SCIENCE? :(", "Channel":"local" }
{ "timestamp":"2017-01-19T05:55:07Z", "event":"ReceiveText", "From":"$cmdr_decorate:#name=Trout;", "From_Localised":"CMDR Trout", "Message":"I think most of us are just gonna wait for the fix to come down from FDev before grinding on this anymore", "Channel":"local" }
{ "timestamp":"2017-01-19T05:55:22Z", "event":"SendText", "To":"local", "Message":"Is it confirmed broken?" }
{ "timestamp":"2017-01-19T05:55:58Z", "event":"ReceiveText", "From":"$cmdr_decorate:#name=Trout;", "From_Localised":"CMDR Trout", "Message":"Someone asked if it was intentional for only 13 to be achievable in Solo and they replied that they are aware of that and they're working on it.", "Channel":"local" }
{ "timestamp":"2017-01-19T05:56:09Z", "event":"ReceiveText", "From":"$cmdr_decorate:#name=Trout;", "From_Localised":"CMDR Trout", "Message":"I wish I could link through here, but it's in the Threadnaught", "Channel":"local" }
{ "timestamp":"2017-01-19T05:56:34Z", "event":"SendText", "To":"local", "Message":"No worries, I believe you" }
{ "timestamp":"2017-01-19T05:56:45Z", "event":"SendText", "To":"local", "Message":"That's pretty disappointing though" }
{ "timestamp":"2017-01-19T05:56:52Z", "event":"ReceiveText", "From":"$cmdr_decorate:#name=Luxyr;", "From_Localised":"CMDR Luxyr", "Message":"That is the worst thing about the threadnaught, being able to find anything in it...", "Channel":"local" }
{ "timestamp":"2017-01-19T05:57:02Z", "event":"ReceiveText", "From":"$cmdr_decorate:#name=Trout;", "From_Localised":"CMDR Trout", "Message":"That's appreciated :) But I just want to be sure I'm sharing accurate info", "Channel":"local" }
{ "timestamp":"2017-01-19T05:57:18Z", "event":"ReceiveText", "From":"$cmdr_decorate:#name=Trout;", "From_Localised":"CMDR Trout", "Message":"Have you seen the Trello some of us in Canonn are working on?", "Channel":"local" }
{ "timestamp":"2017-01-19T05:57:59Z", "event":"SendText", "To":"local", "Message":"Trello?" }
{ "timestamp":"2017-01-19T05:58:08Z", "event":"ReceiveText", "From":"$cmdr_decorate:#name=Trout;", "From_Localised":"CMDR Trout", "Message":"Second link under 'Very Usefrul Resources' on the Threadnaught Frontpage 9", "Channel":"local" }
{ "timestamp":"2017-01-19T05:58:20Z", "event":"ReceiveText", "From":"$cmdr_decorate:#name=Trout;", "From_Localised":"CMDR Trout", "Message":"Right before the breaking news section", "Channel":"local" }
{ "timestamp":"2017-01-19T05:58:50Z", "event":"ReceiveText", "From":"$cmdr_decorate:#name=Trout;", "From_Localised":"CMDR Trout", "Message":"We try to gather all up-to-date info on science happenings and present it in a searchable and organized format", "Channel":"local" }
{ "timestamp":"2017-01-19T05:59:02Z", "event":"Touchdown", "Latitude":-31.775824, "Longitude":-128.948547 }
{ "timestamp":"2017-01-19T05:59:03Z", "event":"ReceiveText", "From":"$cmdr_decorate:#name=Trout;", "From_Localised":"CMDR Trout", "Message":"Attempt to seive the Thread...", "Channel":"local" }
{ "timestamp":"2017-01-19T05:59:07Z", "event":"ReceiveText", "From":"$cmdr_decorate:#name=Luxyr;", "From_Localised":"CMDR Luxyr", "Message":"Nice", "Channel":"local" }
{ "timestamp":"2017-01-19T05:59:13Z", "event":"SendText", "To":"local", "Message":"That's awesome" }
{ "timestamp":"2017-01-19T05:59:44Z", "event":"ReceiveText", "From":"$cmdr_decorate:#name=Trout;", "From_Localised":"CMDR Trout", "Message":"If you have any info to add, you can comment on a Card. Me or one of the other curators will have a look and add it in :)", "Channel":"local" }
{ "timestamp":"2017-01-19T06:00:28Z", "event":"ReceiveText", "From":"$cmdr_decorate:#name=Luxyr;", "From_Localised":"CMDR Luxyr", "Message":"Have been in the discord a lot, in the ruins channel. But similar to the threadnaught, info just streams by and once it is off the page is basically lost forever.", "Channel":"local" }
{ "timestamp":"2017-01-19T06:01:09Z", "event":"Liftoff", "Latitude":-31.775829, "Longitude":-128.948547 }
{ "timestamp":"2017-01-19T06:01:24Z", "event":"ReceiveText", "From":"$cmdr_decorate:#name=Trout;", "From_Localised":"CMDR Trout", "Message":"I def reccomend bookmarking the Trello, I'm in the Discord 24/7 making sure nothing important slips by, been pretty quiet lately as we struggle to map combinations for the data", "Channel":"local" }
{ "timestamp":"2017-01-19T06:07:58Z", "event":"ReceiveText", "From":"$cmdr_decorate:#name=Gneuros;", "From_Localised":"CMDR Gneuros", "Message":"game crashed and i couldn't get back in. miss anything exciting? ", "Channel":"local" }
{ "timestamp":"2017-01-19T06:08:06Z", "event":"ReceiveText", "From":"$cmdr_decorate:#name=Trout;", "From_Localised":"CMDR Trout", "Message":"Noop", "Channel":"local" }
{ "timestamp":"2017-01-19T06:08:06Z", "event":"ReceiveText", "From":"$cmdr_decorate:#name=Gneuros;", "From_Localised":"CMDR Gneuros", "Message":"(i know the answer is no)", "Channel":"local" }
{ "timestamp":"2017-01-19T06:08:14Z", "event":"ReceiveText", "From":"$cmdr_decorate:#name=Trout;", "From_Localised":"CMDR Trout", "Message":"ha", "Channel":"local" }
{ "timestamp":"2017-01-19T06:08:32Z", "event":"ReceiveText", "From":"$cmdr_decorate:#name=Luxyr;", "From_Localised":"CMDR Luxyr", "Message":"Nothing of import ever happens around here...", "Channel":"local" }
{ "timestamp":"2017-01-19T06:18:21Z", "event":"SupercruiseEntry", "StarSystem":"Synuefe XR-H d11-102" }
{ "timestamp":"2017-01-19T06:22:59Z", "event":"SupercruiseExit", "StarSystem":"Synuefe XR-H d11-102", "Body":"Synuefe XR-H d11-102 1 b", "BodyType":"Planet" }
{ "timestamp":"2017-01-19T06:29:52Z", "event":"Touchdown", "Latitude":31.773418, "Longitude":51.101925 }
{ "timestamp":"2017-01-19T06:29:58Z", "event":"LaunchSRV", "Loadout":"starter", "PlayerControlled":true }
{ "timestamp":"2017-01-19T06:35:04Z", "event":"MaterialCollected", "Category":"Encoded", "Name":"classifiedscandata", "Count":3 }
{ "timestamp":"2017-01-19T06:35:05Z", "event":"MaterialCollected", "Category":"Encoded", "Name":"shieldsoakanalysis", "Count":3 }
{ "timestamp":"2017-01-19T06:40:21Z", "event":"HullDamage", "Health":0.782213, "PlayerPilot":true }
{ "timestamp":"2017-01-19T06:41:27Z", "event":"DockSRV" }
{ "timestamp":"2017-01-19T06:41:42Z", "event":"Liftoff", "Latitude":31.864834, "Longitude":51.270004 }
{ "timestamp":"2017-01-19T06:47:17Z", "event":"Screenshot", "Filename":"\\ED_Pictures\\Screenshot_0003.bmp", "Width":1920, "Height":1080, "System":"Synuefe XR-H d11-102", "Body":"Synuefe XR-H d11-102 1 b" }
{ "timestamp":"2017-01-19T06:48:54Z", "event":"Screenshot", "Filename":"\\ED_Pictures\\Screenshot_0004.bmp", "Width":1920, "Height":1080, "System":"Synuefe XR-H d11-102", "Body":"Synuefe XR-H d11-102 1 b" }
{ "timestamp":"2017-01-19T06:49:47Z", "event":"Screenshot", "Filename":"\\ED_Pictures\\HighResScreenShot_2017-01-19_06-49-46.bmp", "Width":7680, "Height":4320, "System":"Synuefe XR-H d11-102", "Body":"Synuefe XR-H d11-102 1 b" }
