{ "timestamp":"2017-01-06T06:57:50Z", "event":"Fileheader", "part":1, "language":"English\\UK", "gameversion":"2.2", "build":"r126898/r0 " }
{ "timestamp":"2017-01-06T06:58:47Z", "event":"LoadGame", "Commander":"Kith000", "Ship":"Vulture", "ShipID":3, "GameMode":"Solo", "Credits":39479852, "Loan":0 }
{ "timestamp":"2017-01-06T06:58:47Z", "event":"Rank", "Combat":5, "Trade":3, "Explore":1, "Empire":0, "Federation":2, "CQC":0 }
{ "timestamp":"2017-01-06T06:58:47Z", "event":"Progress", "Combat":9, "Trade":32, "Explore":18, "Empire":100, "Federation":60, "CQC":40 }
{ "timestamp":"2017-01-06T06:59:23Z", "event":"Location", "Docked":true, "StationName":"Gareth Edwards Park", "StationType":"Orbis", "StarSystem":"Wyrd", "StarPos":[-11.625,31.531,-3.938], "SystemAllegiance":"Federation", "SystemEconomy":"$economy_Extraction;", "SystemEconomy_Localised":"Extraction", "SystemGovernment":"$government_Confederacy;", "SystemGovernment_Localised":"Confederacy", "SystemSecurity":"$SYSTEM_SECURITY_medium;", "SystemSecurity_Localised":"Medium Security", "Body":"Gareth Edwards Park", "BodyType":"Station", "SystemFaction":"Alliance of BD+47 2112", "FactionState":"Boom" }
{ "timestamp":"2017-01-06T06:59:23Z", "event":"Docked", "StationName":"Gareth Edwards Park", "StationType":"Orbis", "StarSystem":"Wyrd", "StationFaction":"Alliance of BD+47 2112", "FactionState":"Boom", "StationGovernment":"$government_Confederacy;", "StationGovernment_Localised":"Confederacy", "StationAllegiance":"Federation", "StationEconomy":"$economy_Extraction;", "StationEconomy_Localised":"Extraction" }
{ "timestamp":"2017-01-06T06:59:45Z", "event":"Undocked", "StationName":"Gareth Edwards Park", "StationType":"Orbis" }
{ "timestamp":"2017-01-06T07:01:35Z", "event":"ReceiveText", "From":"$ShipName_Police_Federation;", "From_Localised":"Federal Security Service", "Message":"$Police_ThankYouPassedStopAndSearch10;", "Message_Localised":"Everything looks fine, Commander. Have a good day.", "Channel":"npc" }
{ "timestamp":"2017-01-06T07:01:52Z", "event":"ReceiveText", "From":"Gareth Edwards Park", "Message":"$STATION_NoFireZone_exited;", "Message_Localised":"No fire zone left.", "Channel":"npc" }
{ "timestamp":"2017-01-06T07:02:00Z", "event":"SupercruiseEntry", "StarSystem":"Wyrd" }
{ "timestamp":"2017-01-06T07:02:59Z", "event":"ReceiveText", "From":"$npc_name_decorate:#name=Cruise Ship;", "From_Localised":"Cruise Ship", "Message":"$CruiseLiner_SCPatrol03;", "Message_Localised":"Today's cruise includes some delightful views, our flight attendants are on hand with full details.", "Channel":"npc" }
{ "timestamp":"2017-01-06T07:03:26Z", "event":"ReceiveText", "From":"$npc_name_decorate:#name=Cruise Ship;", "From_Localised":"Cruise Ship", "Message":"$CruiseLiner_SCPatrol03;", "Message_Localised":"Today's cruise includes some delightful views, our flight attendants are on hand with full details.", "Channel":"npc" }
{ "timestamp":"2017-01-06T07:04:21Z", "event":"ApproachSettlement", "Name":"Gulyaev Vision +++" }
{ "timestamp":"2017-01-06T07:05:01Z", "event":"SupercruiseExit", "StarSystem":"Wyrd", "Body":"Lister", "BodyType":"Planet" }
{ "timestamp":"2017-01-06T07:06:27Z", "event":"SupercruiseEntry", "StarSystem":"Wyrd" }
{ "timestamp":"2017-01-06T07:06:43Z", "event":"ApproachSettlement", "Name":"Gulyaev Vision +++" }
{ "timestamp":"2017-01-06T07:06:45Z", "event":"SupercruiseExit", "StarSystem":"Wyrd", "Body":"Lister", "BodyType":"Planet" }
{ "timestamp":"2017-01-06T07:07:07Z", "event":"SupercruiseEntry", "StarSystem":"Wyrd" }
{ "timestamp":"2017-01-06T07:11:00Z", "event":"ReceiveText", "From":"$npc_name_decorate:#name=Cruise Ship;", "From_Localised":"Cruise Ship", "Message":"$CruiseLiner_SCPatrol02;", "Message_Localised":"We will be cruising in-system for a while, please feel free to take advantage of our in-flight entertainment.", "Channel":"npc" }
{ "timestamp":"2017-01-06T07:11:42Z", "event":"ApproachSettlement", "Name":"Griggs Horizons" }
{ "timestamp":"2017-01-06T07:12:09Z", "event":"SupercruiseExit", "StarSystem":"Wyrd", "Body":"Lister", "BodyType":"Planet" }
{ "timestamp":"2017-01-06T07:12:37Z", "event":"DockingRequested", "StationName":"Griggs Horizons" }
{ "timestamp":"2017-01-06T07:12:37Z", "event":"ReceiveText", "From":"Griggs Horizons", "Message":"$DockingChatter_Neutral;", "Message_Localised":"Ensure to observe starport protocol during your visit, pilot.", "Channel":"npc" }
{ "timestamp":"2017-01-06T07:12:39Z", "event":"ReceiveText", "From":"Griggs Horizons", "Message":"$STATION_docking_granted;", "Message_Localised":"Docking request granted.", "Channel":"npc" }
{ "timestamp":"2017-01-06T07:12:39Z", "event":"DockingGranted", "LandingPad":3, "StationName":"Griggs Horizons" }
{ "timestamp":"2017-01-06T07:12:49Z", "event":"ReceiveText", "From":"Griggs Horizons", "Message":"$STATION_NoFireZone_entered;", "Message_Localised":"No fire zone entered.", "Channel":"npc" }
{ "timestamp":"2017-01-06T07:13:32Z", "event":"Docked", "StationName":"Griggs Horizons", "StarSystem":"Wyrd", "StationFaction":"Alliance of BD+47 2112", "FactionState":"Boom", "StationGovernment":"$government_Confederacy;", "StationGovernment_Localised":"Confederacy", "StationAllegiance":"Federation" }
{ "timestamp":"2017-01-06T07:13:32Z", "event":"ReceiveText", "From":"$ShipName_Police_Federation;", "From_Localised":"Federal Security Service", "Message":"$Police_StartPatrol05;", "Message_Localised":"I'm heading out, Control. Hearing that rattle again, I'll see if I can lock it down.", "Channel":"npc" }
{ "timestamp":"2017-01-06T07:15:45Z", "event":"MissionAccepted", "Faction":"Wyrd People's Party", "Name":"Mission_Courier_Boom", "DestinationSystem":"i Bootis", "DestinationStation":"Chango Dock", "Expiry":"2017-01-07T07:13:57Z", "MissionID":66785918 }
{ "timestamp":"2017-01-06T07:15:55Z", "event":"MissionAccepted", "Faction":"Legacy Corp", "Name":"Mission_Delivery_Boom", "Commodity":"$Biowaste_Name;", "Commodity_Localised":"Biowaste", "Count":2, "DestinationSystem":"i Bootis", "DestinationStation":"Chango Dock", "Expiry":"2017-01-07T07:13:57Z", "MissionID":66785944 }
{ "timestamp":"2017-01-06T07:16:07Z", "event":"MissionAccepted", "Faction":"Wyrd Jet Power Industries", "Name":"Mission_Courier_Boom", "DestinationSystem":"Bodedi", "DestinationStation":"Chwedyk Station", "Expiry":"2017-01-07T07:13:57Z", "MissionID":66785970 }
{ "timestamp":"2017-01-06T07:16:11Z", "event":"MissionAccepted", "Faction":"Wyrd Jet Power Industries", "Name":"Mission_Courier_Boom", "DestinationSystem":"BD+40 2903", "DestinationStation":"Hahn Dock", "Expiry":"2017-01-07T07:13:57Z", "MissionID":66785981 }
{ "timestamp":"2017-01-06T07:17:42Z", "event":"ReceiveText", "From":"$ShipName_Police_Federation;", "From_Localised":"Federal Security Service", "Message":"$Police_StartPatrol05;", "Message_Localised":"I'm heading out, Control. Hearing that rattle again, I'll see if I can lock it down.", "Channel":"npc" }
{ "timestamp":"2017-01-06T07:18:08Z", "event":"Undocked", "StationName":"Griggs Horizons" }
{ "timestamp":"2017-01-06T07:18:25Z", "event":"ReceiveText", "From":"Griggs Horizons", "Message":"$STATION_NoFireZone_exited;", "Message_Localised":"No fire zone left.", "Channel":"npc" }
{ "timestamp":"2017-01-06T07:18:43Z", "event":"SupercruiseEntry", "StarSystem":"Wyrd" }
{ "timestamp":"2017-01-06T07:20:56Z", "event":"FSDJump", "StarSystem":"BD+47 2112", "StarPos":[-14.781,33.469,-0.406], "SystemAllegiance":"Federation", "SystemEconomy":"$economy_Refinery;", "SystemEconomy_Localised":"Refinery", "SystemGovernment":"$government_Corporate;", "SystemGovernment_Localised":"Corporate", "SystemSecurity":"$SYSTEM_SECURITY_low;", "SystemSecurity_Localised":"Low Security", "JumpDist":5.117, "FuelUsed":0.288119, "FuelLevel":7.711881, "SystemFaction":"BD+47 2112 Holdings" }
{ "timestamp":"2017-01-06T07:21:22Z", "event":"FuelScoop", "Scooped":0.161751, "Total":7.873632 }
{ "timestamp":"2017-01-06T07:21:55Z", "event":"FSDJump", "StarSystem":"Aulin", "StarPos":[-19.688,32.688,4.750], "SystemAllegiance":"Independent", "SystemEconomy":"$economy_HighTech;", "SystemEconomy_Localised":"High tech", "SystemGovernment":"$government_Theocracy;", "SystemGovernment_Localised":"Theocracy", "SystemSecurity":"$SYSTEM_SECURITY_medium;", "SystemSecurity_Localised":"Medium Security", "JumpDist":7.160, "FuelUsed":0.623408, "FuelLevel":7.250224, "SystemFaction":"Aulin War Eagles", "FactionState":"Boom" }
{ "timestamp":"2017-01-06T07:23:03Z", "event":"FSDJump", "StarSystem":"i Bootis", "StarPos":[-22.375,34.844,4.000], "SystemAllegiance":"Federation", "SystemEconomy":"$economy_Agri;", "SystemEconomy_Localised":"Agriculture", "SystemGovernment":"$government_Democracy;", "SystemGovernment_Localised":"Democracy", "SystemSecurity":"$SYSTEM_SECURITY_medium;", "SystemSecurity_Localised":"Medium Security", "JumpDist":3.526, "FuelUsed":0.121841, "FuelLevel":7.128384, "SystemFaction":"i Bootis Democrats" }
{ "timestamp":"2017-01-06T07:25:53Z", "event":"SupercruiseExit", "StarSystem":"i Bootis", "Body":"Chango Dock", "BodyType":"Station" }
{ "timestamp":"2017-01-06T07:25:59Z", "event":"ReceiveText", "From":"Chango Dock", "Message":"$DockingFailed_Distance:#distance=7500;", "Message_Localised":"Docking request denied, please approach to 7500m", "Channel":"npc" }
{ "timestamp":"2017-01-06T07:25:59Z", "event":"DockingDenied", "Reason":"Distance", "StationName":"Chango Dock" }
{ "timestamp":"2017-01-06T07:26:02Z", "event":"DockingRequested", "StationName":"Chango Dock" }
{ "timestamp":"2017-01-06T07:26:02Z", "event":"ReceiveText", "From":"Chango Dock", "Message":"$DockingChatter_Neutral;", "Message_Localised":"Ensure to observe starport protocol during your visit, pilot.", "Channel":"npc" }
{ "timestamp":"2017-01-06T07:26:03Z", "event":"ReceiveText", "From":"Chango Dock", "Message":"$STATION_docking_granted;", "Message_Localised":"Docking request granted.", "Channel":"npc" }
{ "timestamp":"2017-01-06T07:26:03Z", "event":"DockingGranted", "LandingPad":36, "StationName":"Chango Dock" }
{ "timestamp":"2017-01-06T07:26:17Z", "event":"ReceiveText", "From":"Chango Dock", "Message":"$STATION_NoFireZone_entered;", "Message_Localised":"No fire zone entered.", "Channel":"npc" }
{ "timestamp":"2017-01-06T07:26:43Z", "event":"ReceiveText", "From":"$ShipName_Police_Federation;", "From_Localised":"Federal Security Service", "Message":"$Police_ThankYouPassedStopAndSearch10;", "Message_Localised":"Everything looks fine, Commander. Have a good day.", "Channel":"npc" }
{ "timestamp":"2017-01-06T07:27:27Z", "event":"Docked", "StationName":"Chango Dock", "StationType":"Coriolis", "StarSystem":"i Bootis", "StationFaction":"i Bootis Democrats", "StationGovernment":"$government_Democracy;", "StationGovernment_Localised":"Democracy", "StationAllegiance":"Federation", "StationEconomy":"$economy_Agri;", "StationEconomy_Localised":"Agriculture" }
{ "timestamp":"2017-01-06T07:27:56Z", "event":"MissionCompleted", "Faction":"i Bootis Democrats", "Name":"Mission_Delivery_Boom_name", "MissionID":66785944, "Commodity":"$Biowaste_Name;", "Commodity_Localised":"Biowaste", "Count":2, "DestinationSystem":"i Bootis", "DestinationStation":"Chango Dock", "Reward":15212 }
{ "timestamp":"2017-01-06T07:28:46Z", "event":"Undocked", "StationName":"Chango Dock", "StationType":"Coriolis" }
{ "timestamp":"2017-01-06T07:29:09Z", "event":"ReceiveText", "From":"Chango Dock", "Message":"$STATION_NoFireZone_exited;", "Message_Localised":"No fire zone left.", "Channel":"npc" }
{ "timestamp":"2017-01-06T07:30:08Z", "event":"FSDJump", "StarSystem":"Opala", "StarPos":[-25.500,35.250,9.281], "SystemAllegiance":"Federation", "SystemEconomy":"$economy_Extraction;", "SystemEconomy_Localised":"Extraction", "SystemGovernment":"$government_Corporate;", "SystemGovernment_Localised":"Corporate", "SystemSecurity":"$SYSTEM_SECURITY_medium;", "SystemSecurity_Localised":"Medium Security", "JumpDist":6.150, "FuelUsed":0.432679, "FuelLevel":6.695704, "SystemFaction":"Opala Group" }
{ "timestamp":"2017-01-06T07:30:52Z", "event":"FuelScoop", "Scooped":0.170226, "Total":6.865930 }
{ "timestamp":"2017-01-06T07:31:23Z", "event":"FSDJump", "StarSystem":"Ovid", "StarPos":[-28.063,35.156,14.813], "SystemAllegiance":"Federation", "SystemEconomy":"$economy_HighTech;", "SystemEconomy_Localised":"High tech", "SystemGovernment":"$government_Democracy;", "SystemGovernment_Localised":"Democracy", "SystemSecurity":"$SYSTEM_SECURITY_medium;", "SystemSecurity_Localised":"Medium Security", "JumpDist":6.097, "FuelUsed":0.423425, "FuelLevel":6.442505, "SystemFaction":"Ovid Democrats" }
{ "timestamp":"2017-01-06T07:31:55Z", "event":"HeatWarning" }
{ "timestamp":"2017-01-06T07:32:27Z", "event":"FSDJump", "StarSystem":"G 180-18", "StarPos":[-28.969,40.688,19.031], "SystemAllegiance":"Independent", "SystemEconomy":"$economy_Industrial;", "SystemEconomy_Localised":"Industrial", "SystemGovernment":"$government_Corporate;", "SystemGovernment_Localised":"Corporate", "SystemSecurity":"$SYSTEM_SECURITY_medium;", "SystemSecurity_Localised":"Medium Security", "JumpDist":7.015, "FuelUsed":0.583401, "FuelLevel":6.029154, "SystemFaction":"G 180-18 Dynamic Industries" }
{ "timestamp":"2017-01-06T07:32:56Z", "event":"FuelScoop", "Scooped":0.304452, "Total":6.333606 }
{ "timestamp":"2017-01-06T07:33:26Z", "event":"FSDJump", "StarSystem":"LP 274-8", "StarPos":[-29.719,45.000,20.281], "SystemAllegiance":"", "SystemEconomy":"$economy_None;", "SystemEconomy_Localised":"None", "SystemGovernment":"$government_None;", "SystemGovernment_Localised":"None", "SystemSecurity":"$SYSTEM_SECURITY_low;", "SystemSecurity_Localised":"Low Security", "JumpDist":4.552, "FuelUsed":0.215610, "FuelLevel":6.117997 }
{ "timestamp":"2017-01-06T07:33:54Z", "event":"FuelScoop", "Scooped":0.265858, "Total":6.383854 }
{ "timestamp":"2017-01-06T07:34:25Z", "event":"FSDJump", "StarSystem":"LFT 1231", "StarPos":[-35.063,51.781,23.969], "SystemAllegiance":"Independent", "SystemEconomy":"$economy_Industrial;", "SystemEconomy_Localised":"Industrial", "SystemGovernment":"$government_Corporate;", "SystemGovernment_Localised":"Corporate", "SystemSecurity":"$SYSTEM_SECURITY_medium;", "SystemSecurity_Localised":"Medium Security", "JumpDist":9.388, "FuelUsed":1.139754, "FuelLevel":5.244101, "SystemFaction":"LFT 1231 Group", "FactionState":"Boom" }
{ "timestamp":"2017-01-06T07:34:49Z", "event":"FuelScoop", "Scooped":0.093518, "Total":5.337619 }
{ "timestamp":"2017-01-06T07:35:10Z", "event":"FSDJump", "StarSystem":"BD+40 2905A", "StarPos":[-38.875,58.438,19.125], "SystemAllegiance":"", "SystemEconomy":"$economy_None;", "SystemEconomy_Localised":"None", "SystemGovernment":"$government_None;", "SystemGovernment_Localised":"None", "SystemSecurity":"$SYSTEM_SECURITY_low;", "SystemSecurity_Localised":"Low Security", "JumpDist":9.072, "FuelUsed":1.047089, "FuelLevel":4.290530 }
{ "timestamp":"2017-01-06T07:35:43Z", "event":"FuelScoop", "Scooped":0.368065, "Total":4.658596 }
{ "timestamp":"2017-01-06T07:36:12Z", "event":"FSDJump", "StarSystem":"BD+40 2903", "StarPos":[-39.000,58.625,19.156], "SystemAllegiance":"Alliance", "SystemEconomy":"$economy_HighTech;", "SystemEconomy_Localised":"High tech", "SystemGovernment":"$government_Patronage;", "SystemGovernment_Localised":"Patronage", "SystemSecurity":"$SYSTEM_SECURITY_medium;", "SystemSecurity_Localised":"Medium Security", "JumpDist":0.228, "FuelUsed":0.000217, "FuelLevel":4.658379, "SystemFaction":"BD+40 2903 Alliance League", "FactionState":"Boom" }
{ "timestamp":"2017-01-06T07:36:53Z", "event":"FuelScoop", "Scooped":0.377328, "Total":5.035707 }
{ "timestamp":"2017-01-06T07:39:29Z", "event":"SupercruiseExit", "StarSystem":"BD+40 2903", "Body":"Hahn Dock", "BodyType":"Station" }
{ "timestamp":"2017-01-06T07:39:38Z", "event":"DockingRequested", "StationName":"Hahn Dock" }
{ "timestamp":"2017-01-06T07:39:38Z", "event":"ReceiveText", "From":"Hahn Dock", "Message":"$DockingChatter_Neutral;", "Message_Localised":"Ensure to observe starport protocol during your visit, pilot.", "Channel":"npc" }
{ "timestamp":"2017-01-06T07:39:39Z", "event":"ReceiveText", "From":"Hahn Dock", "Message":"$STATION_docking_granted;", "Message_Localised":"Docking request granted.", "Channel":"npc" }
{ "timestamp":"2017-01-06T07:39:39Z", "event":"DockingGranted", "LandingPad":28, "StationName":"Hahn Dock" }
{ "timestamp":"2017-01-06T07:39:47Z", "event":"ReceiveText", "From":"Hahn Dock", "Message":"$STATION_NoFireZone_entered;", "Message_Localised":"No fire zone entered.", "Channel":"npc" }
{ "timestamp":"2017-01-06T07:40:28Z", "event":"Docked", "StationName":"Hahn Dock", "StationType":"Coriolis", "StarSystem":"BD+40 2903", "StationFaction":"BD+40 2903 Alliance League", "FactionState":"Boom", "StationGovernment":"$government_Patronage;", "StationGovernment_Localised":"Patronage", "StationAllegiance":"Alliance", "StationEconomy":"$economy_HighTech;", "StationEconomy_Localised":"High tech" }
{ "timestamp":"2017-01-06T07:40:39Z", "event":"RefuelAll", "Cost":162, "Amount":3.208462 }
{ "timestamp":"2017-01-06T07:40:41Z", "event":"RepairAll", "Cost":10 }
{ "timestamp":"2017-01-06T07:40:52Z", "event":"MissionCompleted", "Faction":"LFT 1231 Group", "Name":"Mission_Courier_Boom_name", "MissionID":66785981, "DestinationSystem":"BD+40 2903", "DestinationStation":"Hahn Dock", "Reward":53750 }
{ "timestamp":"2017-01-06T07:48:27Z", "event":"ShipyardBuy", "ShipType":"independant_trader", "ShipPrice":3126154, "StoreOldShip":"Vulture", "StoreShipID":3 }
{ "timestamp":"2017-01-06T07:48:28Z", "event":"ShipyardNew", "ShipType":"independant_trader", "NewShipID":5 }
{ "timestamp":"2017-01-06T07:48:39Z", "event":"Docked", "StationName":"Hahn Dock", "StationType":"Coriolis", "StarSystem":"BD+40 2903", "StationFaction":"BD+40 2903 Alliance League", "FactionState":"Boom", "StationGovernment":"$government_Patronage;", "StationGovernment_Localised":"Patronage", "StationAllegiance":"Alliance", "StationEconomy":"$economy_HighTech;", "StationEconomy_Localised":"High tech" }
{ "timestamp":"2017-01-06T07:48:57Z", "event":"ReceiveText", "From":"$npc_name_decorate:#name=Jason Hird;", "From_Localised":"Jason Hird", "Message":"$Commuter_AuthorityScan05;", "Message_Localised":"On what grounds are you scanning this vessel, officer?", "Channel":"npc" }
{ "timestamp":"2017-01-06T07:50:16Z", "event":"ModuleBuy", "Slot":"SmallHardpoint1", "SellItem":"$hpt_pulselaser_fixed_small_name;", "SellItem_Localised":"Pulse Laser", "SellPrice":2200, "BuyItem":"$hpt_cannon_gimbal_small_name;", "BuyItem_Localised":"Cannon", "BuyPrice":42200, "Ship":"independant_trader", "ShipID":5 }
{ "timestamp":"2017-01-06T07:50:35Z", "event":"ModuleBuy", "Slot":"SmallHardpoint2", "SellItem":"$hpt_pulselaser_fixed_small_name;", "SellItem_Localised":"Pulse Laser", "SellPrice":2200, "BuyItem":"$hpt_cannon_gimbal_small_name;", "BuyItem_Localised":"Cannon", "BuyPrice":42200, "Ship":"independant_trader", "ShipID":5 }
{ "timestamp":"2017-01-06T07:50:55Z", "event":"ModuleBuy", "Slot":"MediumHardpoint2", "BuyItem":"$hpt_pulselaser_gimbal_medium_name;", "BuyItem_Localised":"Pulse Laser", "BuyPrice":35400, "Ship":"independant_trader", "ShipID":5 }
{ "timestamp":"2017-01-06T07:51:14Z", "event":"ModuleBuy", "Slot":"MediumHardpoint1", "BuyItem":"$hpt_pulselaser_gimbal_medium_name;", "BuyItem_Localised":"Pulse Laser", "BuyPrice":35400, "Ship":"independant_trader", "ShipID":5 }
{ "timestamp":"2017-01-06T07:51:59Z", "event":"ModuleBuy", "Slot":"Slot02_Size5", "SellItem":"$int_cargorack_size4_class1_name;", "SellItem_Localised":"Cargo Rack", "SellPrice":34328, "BuyItem":"$int_fighterbay_size5_class1_name;", "BuyItem_Localised":"Fighter Hangar", "BuyPrice":575643, "Ship":"independant_trader", "ShipID":5 }
{ "timestamp":"2017-01-06T07:52:49Z", "event":"ModuleBuy", "Slot":"Slot04_Size3", "SellItem":"$int_shieldgenerator_size3_class1_name;", "SellItem_Localised":"Shield Generator", "SellPrice":6271, "BuyItem":"$int_shieldgenerator_size3_class5_name;", "BuyItem_Localised":"Shield Generator", "BuyPrice":507912, "Ship":"independant_trader", "ShipID":5 }
{ "timestamp":"2017-01-06T07:53:13Z", "event":"ModuleBuy", "Slot":"PowerPlant", "SellItem":"$int_powerplant_size4_class1_name;", "SellItem_Localised":"Power Plant", "SellPrice":19878, "BuyItem":"$int_powerplant_size4_class5_name;", "BuyItem_Localised":"Power Plant", "BuyPrice":1610080, "Ship":"independant_trader", "ShipID":5 }
{ "timestamp":"2017-01-06T07:53:15Z", "event":"ShieldState", "ShieldsUp":false }
{ "timestamp":"2017-01-06T07:53:21Z", "event":"ShieldState", "ShieldsUp":true }
{ "timestamp":"2017-01-06T07:53:24Z", "event":"ModuleBuy", "Slot":"MainEngines", "SellItem":"$int_engine_size4_class1_name;", "SellItem_Localised":"Thrusters", "SellPrice":19878, "BuyItem":"$int_engine_size4_class5_name;", "BuyItem_Localised":"Thrusters", "BuyPrice":1610080, "Ship":"independant_trader", "ShipID":5 }
{ "timestamp":"2017-01-06T07:53:35Z", "event":"ModuleBuy", "Slot":"FrameShiftDrive", "SellItem":"$int_hyperdrive_size4_class1_name;", "SellItem_Localised":"FSD", "SellPrice":19878, "BuyItem":"$int_hyperdrive_size4_class5_name;", "BuyItem_Localised":"FSD", "BuyPrice":1610080, "Ship":"independant_trader", "ShipID":5 }
{ "timestamp":"2017-01-06T07:53:47Z", "event":"ModuleBuy", "Slot":"PowerDistributor", "SellItem":"$int_powerdistributor_size3_class1_name;", "SellItem_Localised":"Power Distributor", "SellPrice":4053, "BuyItem":"$int_powerdistributor_size3_class4_name;", "BuyItem_Localised":"Power Distributor", "BuyPrice":63333, "Ship":"independant_trader", "ShipID":5 }
{ "timestamp":"2017-01-06T07:54:07Z", "event":"ModuleBuy", "Slot":"Armour", "SellItem":"$independant_trader_armour_grade1_name;", "SellItem_Localised":"Lightweight Alloys", "SellPrice":0, "BuyItem":"$independant_trader_armour_grade3_name;", "BuyItem_Localised":"Military Grade Composite", "BuyPrice":2813538, "Ship":"independant_trader", "ShipID":5 }
{ "timestamp":"2017-01-06T07:54:29Z", "event":"CrewAssign", "Name":"Sabrina Fisher", "Role":"Active" }
{ "timestamp":"2017-01-06T07:54:35Z", "event":"CrewHire", "Name":"Troy Rios", "Faction":"BD+40 2903 Alliance League", "Cost":150000, "CombatRank":4 }
{ "timestamp":"2017-01-06T07:55:23Z", "event":"Undocked", "StationName":"Hahn Dock", "StationType":"Coriolis" }
{ "timestamp":"2017-01-06T07:56:03Z", "event":"ReceiveText", "From":"$ShipName_Police_Alliance;", "From_Localised":"Allied Police Forces", "Message":"$Police_ThankYouPassedStopAndSearch03;", "Message_Localised":"All clear. Carry on, pilot.", "Channel":"npc" }
{ "timestamp":"2017-01-06T07:56:07Z", "event":"ReceiveText", "From":"Hahn Dock", "Message":"$STATION_NoFireZone_exited;", "Message_Localised":"No fire zone left.", "Channel":"npc" }
{ "timestamp":"2017-01-06T07:56:18Z", "event":"LaunchFighter", "Loadout":"two", "PlayerControlled":true }
{ "timestamp":"2017-01-06T07:58:24Z", "event":"DockFighter" }
{ "timestamp":"2017-01-06T07:58:57Z", "event":"SupercruiseEntry", "StarSystem":"BD+40 2903" }
{ "timestamp":"2017-01-06T08:00:34Z", "event":"SupercruiseExit", "StarSystem":"BD+40 2903", "Body":"BD+40 2903 5 B Ring", "BodyType":"PlanetaryRing" }
{ "timestamp":"2017-01-06T08:00:36Z", "event":"ReceiveText", "From":"$npc_name_decorate:#name=Whitelegg;", "From_Localised":"Whitelegg", "Message":"$Miner_OnJumpNoAsteroids02;", "Message_Localised":"Sector report, mineral deposits at a minimum, moving on.", "Channel":"npc" }
{ "timestamp":"2017-01-06T08:01:24Z", "event":"LaunchFighter", "Loadout":"two", "PlayerControlled":false }
{ "timestamp":"2017-01-06T08:01:26Z", "event":"ReceiveText", "From":"$npc_name_decorate:#name=Rubellen;", "From_Localised":"Rubellen", "Message":"$Escort_EscortJump06;", "Message_Localised":"I'm not staying here to die.", "Channel":"npc" }
{ "timestamp":"2017-01-06T08:01:48Z", "event":"ReceiveText", "From":"$npc_name_decorate:#name=Dirk Gently;", "From_Localised":"Dirk Gently", "Message":"$Pirate_OnStartScanCargo09;", "Message_Localised":"The scan will soon be over.", "Channel":"npc" }
{ "timestamp":"2017-01-06T08:01:58Z", "event":"ReceiveText", "From":"$npc_name_decorate:#name=Dirk Gently;", "From_Localised":"Dirk Gently", "Message":"$Pirate_OnNoCargoFound06;", "Message_Localised":"Another dream of riches dashed.", "Channel":"npc" }
{ "timestamp":"2017-01-06T08:01:59Z", "event":"ReceiveText", "From":"$npc_name_decorate:#name=Dirk Gently;", "From_Localised":"Dirk Gently", "Message":"$Pirate_NotEnoughCargo08;", "Message_Localised":"You're not worth bothering with.", "Channel":"npc" }
{ "timestamp":"2017-01-06T08:02:14Z", "event":"ReceiveText", "From":"$npc_name_decorate:#name=Dirk Gently;", "From_Localised":"Dirk Gently", "Message":"$BadKarmaCriticalDamage06;", "Message_Localised":"I hadn't expected this.", "Channel":"npc" }
{ "timestamp":"2017-01-06T08:02:22Z", "event":"Bounty", "Rewards":[ { "Faction":"BD+40 2903 Alliance League", "Reward":200 }, { "Faction":"Alliance", "Reward":9540 } ], "TotalReward":9740, "VictimFaction":"BD+40 2903 Gang" }
{ "timestamp":"2017-01-06T08:02:51Z", "event":"ReceiveText", "From":"$ShipName_Police_Alliance;", "From_Localised":"Allied Police Forces", "Message":"$Police_ArrivedAtInvestigationLocation05;", "Message_Localised":"A crime has been reported here. All ships will be scanned.", "Channel":"npc" }
{ "timestamp":"2017-01-06T08:03:01Z", "event":"Bounty", "Rewards":[ { "Faction":"BD+40 2903 Alliance League", "Reward":9385 } ], "TotalReward":9385, "VictimFaction":"BD+40 2903 Gang" }
{ "timestamp":"2017-01-06T08:03:10Z", "event":"ReceiveText", "From":"$npc_name_decorate:#name=Jeff Bristow;", "From_Localised":"Jeff Bristow", "Message":"$Pirate_OnStartScanCargo07;", "Message_Localised":"Do you have anything of value?", "Channel":"npc" }
{ "timestamp":"2017-01-06T08:03:20Z", "event":"ReceiveText", "From":"$npc_name_decorate:#name=Jeff Bristow;", "From_Localised":"Jeff Bristow", "Message":"$Pirate_OnNoCargoFound06;", "Message_Localised":"Another dream of riches dashed.", "Channel":"npc" }
{ "timestamp":"2017-01-06T08:03:24Z", "event":"ReceiveText", "From":"$npc_name_decorate:#name=Ben Howard;", "From_Localised":"Ben Howard", "Message":"$Pirate_OnStartScanCargo04;", "Message_Localised":"What do you carry, I wonder?", "Channel":"npc" }
{ "timestamp":"2017-01-06T08:03:24Z", "event":"ReceiveText", "From":"$npc_name_decorate:#name=Regged;", "From_Localised":"Regged", "Message":"$BadKarmaCriticalDamage09;", "Message_Localised":"I can see when I'm outmatched.", "Channel":"npc" }
{ "timestamp":"2017-01-06T08:03:34Z", "event":"ReceiveText", "From":"$npc_name_decorate:#name=Ben Howard;", "From_Localised":"Ben Howard", "Message":"$Pirate_OnNoCargoFound08;", "Message_Localised":"A wasted effort. There's no cargo here.", "Channel":"npc" }
{ "timestamp":"2017-01-06T08:03:38Z", "event":"Bounty", "Rewards":[ { "Faction":"BD+40 2903 Alliance League", "Reward":200 }, { "Faction":"Alliance", "Reward":8565 } ], "TotalReward":8765, "VictimFaction":"BD+40 2903 Gang" }
{ "timestamp":"2017-01-06T08:03:49Z", "event":"VehicleSwitch", "To":"Fighter" }
{ "timestamp":"2017-01-06T08:03:53Z", "event":"ReceiveText", "From":"$ShipName_Police_Alliance;", "From_Localised":"Allied Police Forces", "Message":"$Police_ArriveInvestigate04;", "Message_Localised":"Emergency response squad in position.", "Channel":"npc" }
{ "timestamp":"2017-01-06T08:05:02Z", "event":"Bounty", "Rewards":[ { "Faction":"BD+40 2903 Alliance League", "Reward":400 } ], "TotalReward":400, "VictimFaction":"Li Yong-Rui" }
{ "timestamp":"2017-01-06T08:05:24Z", "event":"ReceiveText", "From":"$npc_name_decorate:#name=Ben Howard;", "From_Localised":"Ben Howard", "Message":"$Pirate_OnDeclarePiracyAttack01;", "Message_Localised":"I'll pick your bones clean, greenhorn.", "Channel":"npc" }
{ "timestamp":"2017-01-06T08:06:19Z", "event":"ReceiveText", "From":"$npc_name_decorate:#name=Corsel;", "From_Localised":"Corsel", "Message":"$Pirate_OnDeclarePiracyAttack02;", "Message_Localised":"You choose death then. Very well.", "Channel":"npc" }
{ "timestamp":"2017-01-06T08:07:26Z", "event":"ReceiveText", "From":"$npc_name_decorate:#name=Corsel;", "From_Localised":"Corsel", "Message":"$BadKarmaCriticalDamage05;", "Message_Localised":"No, no!", "Channel":"npc" }
{ "timestamp":"2017-01-06T08:07:36Z", "event":"Bounty", "Rewards":[ { "Faction":"BD+40 2903 Alliance League", "Reward":5787 } ], "TotalReward":5787, "VictimFaction":"BD+40 2903 Gang" }
{ "timestamp":"2017-01-06T08:07:55Z", "event":"ReceiveText", "From":"$ShipName_Police_Alliance;", "From_Localised":"Allied Police Forces", "Message":"$Police_ArrivedAtInvestigationLocation02;", "Message_Localised":"Cease and desist! Submit to authority scans immediately!", "Channel":"npc" }
{ "timestamp":"2017-01-06T08:10:03Z", "event":"Bounty", "Rewards":[ { "Faction":"BD+40 2903 Alliance League", "Reward":400 }, { "Faction":"Alliance", "Reward":24375 } ], "TotalReward":24775, "VictimFaction":"Kharinda Co" }
{ "timestamp":"2017-01-06T08:10:59Z", "event":"ReceiveText", "From":"$npc_name_decorate:#name=Gwai;", "From_Localised":"Gwai", "Message":"$BadKarmaCriticalDamage05;", "Message_Localised":"No, no!", "Channel":"npc" }
{ "timestamp":"2017-01-06T08:11:19Z", "event":"DockFighter" }
{ "timestamp":"2017-01-06T08:11:53Z", "event":"LaunchFighter", "Loadout":"two", "PlayerControlled":false }
{ "timestamp":"2017-01-06T08:12:04Z", "event":"ReceiveText", "From":"$npc_name_decorate:#name=Tillie Ariantho;", "From_Localised":"Tillie Ariantho", "Message":"$BadKarmaCriticalDamage02;", "Message_Localised":"Impossible!", "Channel":"npc" }
{ "timestamp":"2017-01-06T08:12:30Z", "event":"ReceiveText", "From":"$ShipName_Police_Alliance;", "From_Localised":"Allied Police Forces", "Message":"$Police_ThankYouPassedStopAndSearch09;", "Message_Localised":"Move along, Commander, we're done here.", "Channel":"npc" }
{ "timestamp":"2017-01-06T08:12:40Z", "event":"ReceiveText", "From":"$ShipName_Police_Alliance;", "From_Localised":"Allied Police Forces", "Message":"$Police_ThankYouPassedStopAndSearch03;", "Message_Localised":"All clear. Carry on, pilot.", "Channel":"npc" }
{ "timestamp":"2017-01-06T08:13:23Z", "event":"ReceiveText", "From":"$npc_name_decorate:#name=Jake Page;", "From_Localised":"Jake Page", "Message":"$BadKarmaCriticalDamage06;", "Message_Localised":"I hadn't expected this.", "Channel":"npc" }
{ "timestamp":"2017-01-06T08:13:59Z", "event":"Bounty", "Rewards":[ { "Faction":"BD+40 2903 Alliance League", "Reward":24012 } ], "TotalReward":24012, "VictimFaction":"BD+40 2903 Gang" }
{ "timestamp":"2017-01-06T08:14:17Z", "event":"ReceiveText", "From":"$npc_name_decorate:#name=Sirinan;", "From_Localised":"Sirinan", "Message":"$Escort_NearDeath04;", "Message_Localised":"Breaking off attack, I can't hold it.", "Channel":"npc" }
{ "timestamp":"2017-01-06T08:14:32Z", "event":"ReceiveText", "From":"$npc_name_decorate:#name=Stellar Who;", "From_Localised":"Stellar Who", "Message":"$BadKarmaCriticalDamage07;", "Message_Localised":"Too much damage!", "Channel":"npc" }
{ "timestamp":"2017-01-06T08:15:30Z", "event":"ReceiveText", "From":"$ShipName_Police_Alliance;", "From_Localised":"Allied Police Forces", "Message":"$Police_ArrivedAtInvestigationLocation05;", "Message_Localised":"A crime has been reported here. All ships will be scanned.", "Channel":"npc" }
{ "timestamp":"2017-01-06T08:15:39Z", "event":"ReceiveText", "From":"$ShipName_Police_Alliance;", "From_Localised":"Allied Police Forces", "Message":"$Police_FinishedAtInvestigationLocation01;", "Message_Localised":"Scanning complete. Citizens, please return to your business.", "Channel":"npc" }
{ "timestamp":"2017-01-06T08:17:12Z", "event":"ReceiveText", "From":"$npc_name_decorate:#name=Penfold;", "From_Localised":"Penfold", "Message":"$BadKarmaCriticalDamage07;", "Message_Localised":"Too much damage!", "Channel":"npc" }
{ "timestamp":"2017-01-06T08:17:39Z", "event":"Bounty", "Rewards":[ { "Faction":"BD+40 2903 Alliance League", "Reward":200 }, { "Faction":"Alliance", "Reward":9675 } ], "TotalReward":9875, "VictimFaction":"BD+40 2903 Gang" }
{ "timestamp":"2017-01-06T08:17:46Z", "event":"ReceiveText", "From":"$npc_name_decorate:#name=Michael Ellis;", "From_Localised":"Michael Ellis", "Message":"$BadKarmaCriticalDamage04;", "Message_Localised":"I don't believe it!", "Channel":"npc" }
{ "timestamp":"2017-01-06T08:18:25Z", "event":"ReceiveText", "From":"$ShipName_Police_Alliance;", "From_Localised":"Allied Police Forces", "Message":"$Police_FinishedAtInvestigationLocation03;", "Message_Localised":"Crime scene cordon removed, go back about your business.", "Channel":"npc" }
{ "timestamp":"2017-01-06T08:18:37Z", "event":"ReceiveText", "From":"$ShipName_Police_Alliance;", "From_Localised":"Allied Police Forces", "Message":"$Police_ThankYouPassedStopAndSearch09;", "Message_Localised":"Move along, Commander, we're done here.", "Channel":"npc" }
{ "timestamp":"2017-01-06T08:18:44Z", "event":"DockFighter" }
{ "timestamp":"2017-01-06T08:19:22Z", "event":"ReceiveText", "From":"$npc_name_decorate:#name=hieper;", "From_Localised":"hieper", "Message":"$BadKarmaCriticalDamage01;", "Message_Localised":"How is this happening?!", "Channel":"npc" }
