{ "timestamp":"2017-07-29T06:15:45Z", "event":"Fileheader", "part":1, "language":"English\\UK", "gameversion":"2.3.11", "build":"r148764/r0 " }
{ "timestamp":"2017-07-29T06:16:39Z", "event":"Cargo", "Inventory":[  ] }
{ "timestamp":"2017-07-29T06:16:39Z", "event":"Loadout", "Ship":"Anaconda", "ShipID":10, "ShipName":"", "ShipIdent":"", "Modules":[ { "Slot":"TinyHardpoint1", "Item":"Hpt_HeatSinkLauncher_Turret_Tiny", "On":true, "Priority":0, "AmmoInClip":1, "AmmoInHopper":1, "Health":0.912678, "Value":3500 }, { "Slot":"TinyHardpoint2", "Item":"Hpt_HeatSinkLauncher_Turret_Tiny", "On":true, "Priority":0, "AmmoInClip":1, "Health":0.882540, "Value":3500 }, { "Slot":"Armour", "Item":"Anaconda_Armour_Grade1", "On":true, "Priority":1, "Health":1.000000, "Value":0 }, { "Slot":"PowerPlant", "Item":"Int_Powerplant_Size3_Class5", "On":true, "Priority":1, "Health":0.928087, "Value":431726 }, { "Slot":"MainEngines", "Item":"Int_Engine_Size5_Class2", "On":true, "Priority":3, "Health":0.897804, "Value":189035 }, { "Slot":"FrameShiftDrive", "Item":"Int_Hyperdrive_Size6_Class5", "On":true, "Priority":0, "Health":0.916686, "Value":13752602 }, { "Slot":"LifeSupport", "Item":"Int_LifeSupport_Size5_Class2", "On":true, "Priority":0, "Health":0.890908, "Value":67528 }, { "Slot":"PowerDistributor", "Item":"Int_PowerDistributor_Size5_Class5", "On":true, "Priority":0, "Health":0.907863, "Value":1055120 }, { "Slot":"Radar", "Item":"Int_Sensors_Size8_Class2", "On":true, "Priority":0, "Health":0.892323, "Value":1482367 }, { "Slot":"FuelTank", "Item":"Int_FuelTank_Size5_Class3", "On":true, "Priority":1, "Health":1.000000, "Value":83090 }, { "Slot":"Slot01_Size7", "Item":"Int_FuelScoop_Size7_Class4", "On":true, "Priority":0, "Health":0.913511, "Value":22795161 }, { "Slot":"Slot02_Size6", "Item":"Int_BuggyBay_Size6_Class2", "On":true, "Priority":0, "Health":0.925590, "Value":691200 }, { "Slot":"Slot03_Size6", "Item":"Int_Repairer_Size6_Class5", "On":false, "Priority":0, "AmmoInClip":8100, "Health":0.924609, "Value":15305501 }, { "Slot":"Slot04_Size6", "Item":"Int_Repairer_Size6_Class5", "On":false, "Priority":1, "AmmoInClip":8100, "Health":0.904215, "Value":15305501 }, { "Slot":"Slot09_Size4", "Item":"Int_DetailedSurfaceScanner_Tiny", "On":true, "Priority":1, "Health":1.000000, "Value":250000 }, { "Slot":"Slot10_Size4", "Item":"Int_ShieldGenerator_Size3_Class2", "On":true, "Priority":1, "Health":0.834376, "Value":18812 }, { "Slot":"Slot13_Size2", "Item":"Int_StellarBodyDiscoveryScanner_Advanced", "On":true, "Priority":1, "Health":0.805216, "Value":1545000 }, { "Slot":"PlanetaryApproachSuite", "Item":"Int_PlanetApproachSuite", "On":true, "Priority":1, "Health":1.000000, "Value":425 }, { "Slot":"ShipCockpit", "Item":"Anaconda_Cockpit", "On":true, "Priority":1, "Health":0.921585, "Value":0 }, { "Slot":"CargoHatch", "Item":"ModularCargoBayDoor", "On":false, "Priority":1, "Health":0.875680, "Value":0 } ] }
{ "timestamp":"2017-07-29T06:16:39Z", "event":"Materials", "Raw":[ { "Name":"sulphur", "Count":33 }, { "Name":"phosphorus", "Count":30 }, { "Name":"manganese", "Count":12 }, { "Name":"nickel", "Count":7 }, { "Name":"carbon", "Count":11 }, { "Name":"cadmium", "Count":12 }, { "Name":"germanium", "Count":3 }, { "Name":"tungsten", "Count":3 }, { "Name":"arsenic", "Count":3 }, { "Name":"zinc", "Count":6 }, { "Name":"selenium", "Count":12 }, { "Name":"vanadium", "Count":3 }, { "Name":"antimony", "Count":3 } ], "Manufactured":[ { "Name":"hybridcapacitors", "Count":2 }, { "Name":"focuscrystals", "Count":1 }, { "Name":"salvagedalloys", "Count":1 }, { "Name":"shieldemitters", "Count":5 }, { "Name":"galvanisingalloys", "Count":4 }, { "Name":"phasealloys", "Count":10 }, { "Name":"highdensitycomposites", "Count":6 }, { "Name":"compoundshielding", "Count":6 }, { "Name":"refinedfocuscrystals", "Count":3 }, { "Name":"conductivecomponents", "Count":4 }, { "Name":"heatresistantceramics", "Count":1 }, { "Name":"precipitatedalloys", "Count":3 }, { "Name":"wornshieldemitters", "Count":3 }, { "Name":"shieldingsensors", "Count":3 }, { "Name":"thermicalloys", "Count":5 }, { "Name":"mechanicalequipment", "Count":1 }, { "Name":"gridresistors", "Count":2 }, { "Name":"temperedalloys", "Count":1 }, { "Name":"conductivepolymers", "Count":2 }, { "Name":"uncutfocuscrystals", "Count":1 } ], "Encoded":[ { "Name":"shieldcyclerecordings", "Count":53 }, { "Name":"emissiondata", "Count":40 }, { "Name":"encodedscandata", "Count":17 }, { "Name":"decodedemissiondata", "Count":114 }, { "Name":"shieldsoakanalysis", "Count":63 }, { "Name":"scandatabanks", "Count":33 }, { "Name":"bulkscandata", "Count":16 }, { "Name":"archivedemissiondata", "Count":2 }, { "Name":"shielddensityreports", "Count":75 }, { "Name":"shieldpatternanalysis", "Count":44 }, { "Name":"compactemissionsdata", "Count":5 }, { "Name":"shieldfrequencydata", "Count":3 }, { "Name":"consumerfirmware", "Count":1 }, { "Name":"hyperspacetrajectories", "Count":1 }, { "Name":"scrambledemissiondata", "Count":1 }, { "Name":"scanarchives", "Count":20 }, { "Name":"classifiedscandata", "Count":4 }, { "Name":"disruptedwakeechoes", "Count":3 }, { "Name":"securityfirmware", "Count":2 }, { "Name":"encryptionarchives", "Count":3 } ] }
{ "timestamp":"2017-07-29T06:16:39Z", "event":"LoadGame", "Commander":"Kith000", "Ship":"Anaconda", "ShipID":10, "ShipName":"", "ShipIdent":"", "FuelLevel":23.119244, "FuelCapacity":32.000000, "GameMode":"Group", "Group":"MOBIUS PVE", "Credits":23314987, "Loan":0 }
{ "timestamp":"2017-07-29T06:16:39Z", "event":"Rank", "Combat":6, "Trade":4, "Explore":2, "Empire":1, "Federation":4, "CQC":0 }
{ "timestamp":"2017-07-29T06:16:39Z", "event":"Progress", "Combat":21, "Trade":96, "Explore":24, "Empire":23, "Federation":1, "CQC":40 }
{ "timestamp":"2017-07-29T06:16:48Z", "event":"Location", "Docked":false, "StarSystem":"Dumbaa LS-S c17-4876", "StarPos":[-4557.531,17.313,22771.656], "SystemAllegiance":"", "SystemEconomy":"$economy_None;", "SystemEconomy_Localised":"None", "SystemGovernment":"$government_None;", "SystemGovernment_Localised":"None", "SystemSecurity":"$SYSTEM_SECURITY_low;", "SystemSecurity_Localised":"Low Security", "Body":"Dumbaa LS-S c17-4876 A", "BodyType":"Star" }
{ "timestamp":"2017-07-29T06:17:29Z", "event":"StartJump", "JumpType":"Hyperspace", "StarSystem":"Dumbaa LS-S c17-6197", "StarClass":"K" }
{ "timestamp":"2017-07-29T06:17:47Z", "event":"FSDJump", "StarSystem":"Dumbaa LS-S c17-6197", "StarPos":[-4554.469,19.875,22771.000], "SystemAllegiance":"", "SystemEconomy":"$economy_None;", "SystemEconomy_Localised":"None", "SystemGovernment":"$government_None;", "SystemGovernment_Localised":"None", "SystemSecurity":"$SYSTEM_SECURITY_low;", "SystemSecurity_Localised":"Low Security", "JumpDist":4.047, "FuelUsed":0.025070, "FuelLevel":23.094173 }
{ "timestamp":"2017-07-29T06:19:52Z", "event":"FuelScoop", "Scooped":5.010292, "Total":28.104477 }
{ "timestamp":"2017-07-29T06:19:56Z", "event":"FuelScoop", "Scooped":3.895526, "Total":32.000000 }
{ "timestamp":"2017-07-29T06:20:25Z", "event":"StartJump", "JumpType":"Hyperspace", "StarSystem":"Dumbaa KS-S c17-1739", "StarClass":"K" }
{ "timestamp":"2017-07-29T06:20:43Z", "event":"FSDJump", "StarSystem":"Dumbaa KS-S c17-1739", "StarPos":[-4587.625,19.844,22755.813], "SystemAllegiance":"", "SystemEconomy":"$economy_None;", "SystemEconomy_Localised":"None", "SystemGovernment":"$government_None;", "SystemGovernment_Localised":"None", "SystemSecurity":"$SYSTEM_SECURITY_low;", "SystemSecurity_Localised":"Low Security", "JumpDist":36.469, "FuelUsed":7.916667, "FuelLevel":24.083332 }
{ "timestamp":"2017-07-29T06:20:57Z", "event":"FuelScoop", "Scooped":5.004695, "Total":29.088022 }
{ "timestamp":"2017-07-29T06:21:00Z", "event":"FuelScoop", "Scooped":2.911965, "Total":32.000000 }
{ "timestamp":"2017-07-29T06:21:22Z", "event":"StartJump", "JumpType":"Hyperspace", "StarSystem":"Dumbaa KS-S c17-1490", "StarClass":"M" }
{ "timestamp":"2017-07-29T06:21:41Z", "event":"FSDJump", "StarSystem":"Dumbaa KS-S c17-1490", "StarPos":[-4620.219,21.438,22739.688], "SystemAllegiance":"", "SystemEconomy":"$economy_None;", "SystemEconomy_Localised":"None", "SystemGovernment":"$government_None;", "SystemGovernment_Localised":"None", "SystemSecurity":"$SYSTEM_SECURITY_low;", "SystemSecurity_Localised":"Low Security", "JumpDist":36.399, "FuelUsed":7.877304, "FuelLevel":24.122696 }
{ "timestamp":"2017-07-29T06:21:57Z", "event":"FuelScoop", "Scooped":5.000567, "Total":29.123262 }
{ "timestamp":"2017-07-29T06:22:00Z", "event":"FuelScoop", "Scooped":2.876746, "Total":32.000000 }
{ "timestamp":"2017-07-29T06:22:26Z", "event":"StartJump", "JumpType":"Hyperspace", "StarSystem":"Dumbaa FM-U c16-2980", "StarClass":"K" }
{ "timestamp":"2017-07-29T06:22:45Z", "event":"FSDJump", "StarSystem":"Dumbaa FM-U c16-2980", "StarPos":[-4650.344,20.875,22719.094], "SystemAllegiance":"", "SystemEconomy":"$economy_None;", "SystemEconomy_Localised":"None", "SystemGovernment":"$government_None;", "SystemGovernment_Localised":"None", "SystemSecurity":"$SYSTEM_SECURITY_low;", "SystemSecurity_Localised":"Low Security", "JumpDist":36.496, "FuelUsed":7.931603, "FuelLevel":24.068398 }
{ "timestamp":"2017-07-29T06:22:58Z", "event":"FuelScoop", "Scooped":5.010454, "Total":29.078842 }
{ "timestamp":"2017-07-29T06:23:02Z", "event":"FuelScoop", "Scooped":2.921161, "Total":32.000000 }
{ "timestamp":"2017-07-29T06:23:25Z", "event":"StartJump", "JumpType":"Hyperspace", "StarSystem":"Dumbaa EM-U c16-4654", "StarClass":"K" }
{ "timestamp":"2017-07-29T06:23:44Z", "event":"FSDJump", "StarSystem":"Dumbaa EM-U c16-4654", "StarPos":[-4680.625,21.625,22699.156], "SystemAllegiance":"", "SystemEconomy":"$economy_None;", "SystemEconomy_Localised":"None", "SystemGovernment":"$government_None;", "SystemGovernment_Localised":"None", "SystemSecurity":"$SYSTEM_SECURITY_low;", "SystemSecurity_Localised":"Low Security", "JumpDist":36.263, "FuelUsed":7.800817, "FuelLevel":24.199183 }
{ "timestamp":"2017-07-29T06:23:59Z", "event":"FuelScoop", "Scooped":5.009381, "Total":29.208574 }
{ "timestamp":"2017-07-29T06:24:01Z", "event":"FuelScoop", "Scooped":2.791420, "Total":32.000000 }
{ "timestamp":"2017-07-29T06:25:21Z", "event":"StartJump", "JumpType":"Hyperspace", "StarSystem":"Dumbaa LX-L d7-9714", "StarClass":"F" }
{ "timestamp":"2017-07-29T06:25:39Z", "event":"FSDJump", "StarSystem":"Dumbaa LX-L d7-9714", "StarPos":[-4712.594,22.875,22681.656], "SystemAllegiance":"", "SystemEconomy":"$economy_None;", "SystemEconomy_Localised":"None", "SystemGovernment":"$government_None;", "SystemGovernment_Localised":"None", "SystemSecurity":"$SYSTEM_SECURITY_low;", "SystemSecurity_Localised":"Low Security", "JumpDist":36.467, "FuelUsed":7.914975, "FuelLevel":24.085026 }
{ "timestamp":"2017-07-29T06:26:05Z", "event":"FuelScoop", "Scooped":5.007187, "Total":29.092222 }
{ "timestamp":"2017-07-29T06:26:08Z", "event":"FuelScoop", "Scooped":2.907779, "Total":32.000000 }
{ "timestamp":"2017-07-29T06:26:37Z", "event":"StartJump", "JumpType":"Hyperspace", "StarSystem":"Dumbaa ZF-W c15-2487", "StarClass":"K" }
{ "timestamp":"2017-07-29T06:26:55Z", "event":"FSDJump", "StarSystem":"Dumbaa ZF-W c15-2487", "StarPos":[-4744.063,21.188,22663.375], "SystemAllegiance":"", "SystemEconomy":"$economy_None;", "SystemEconomy_Localised":"None", "SystemGovernment":"$government_None;", "SystemGovernment_Localised":"None", "SystemSecurity":"$SYSTEM_SECURITY_low;", "SystemSecurity_Localised":"Low Security", "JumpDist":36.433, "FuelUsed":7.895878, "FuelLevel":24.104122 }
{ "timestamp":"2017-07-29T06:27:09Z", "event":"FuelScoop", "Scooped":5.015630, "Total":29.119759 }
{ "timestamp":"2017-07-29T06:27:11Z", "event":"FuelScoop", "Scooped":2.880243, "Total":32.000000 }
{ "timestamp":"2017-07-29T06:27:37Z", "event":"StartJump", "JumpType":"Hyperspace", "StarSystem":"Dumbaa UZ-X c14-5584", "StarClass":"K" }
{ "timestamp":"2017-07-29T06:27:56Z", "event":"FSDJump", "StarSystem":"Dumbaa UZ-X c14-5584", "StarPos":[-4776.969,21.438,22647.594], "SystemAllegiance":"", "SystemEconomy":"$economy_None;", "SystemEconomy_Localised":"None", "SystemGovernment":"$government_None;", "SystemGovernment_Localised":"None", "SystemSecurity":"$SYSTEM_SECURITY_low;", "SystemSecurity_Localised":"Low Security", "JumpDist":36.496, "FuelUsed":7.931634, "FuelLevel":24.068367 }
{ "timestamp":"2017-07-29T06:28:09Z", "event":"FuelScoop", "Scooped":5.003235, "Total":29.071596 }
{ "timestamp":"2017-07-29T06:28:12Z", "event":"FuelScoop", "Scooped":2.928404, "Total":32.000000 }
{ "timestamp":"2017-07-29T06:28:37Z", "event":"StartJump", "JumpType":"Hyperspace", "StarSystem":"Dumbaa TZ-X c14-7466", "StarClass":"K" }
{ "timestamp":"2017-07-29T06:28:56Z", "event":"FSDJump", "StarSystem":"Dumbaa TZ-X c14-7466", "StarPos":[-4807.750,22.094,22627.938], "SystemAllegiance":"", "SystemEconomy":"$economy_None;", "SystemEconomy_Localised":"None", "SystemGovernment":"$government_None;", "SystemGovernment_Localised":"None", "SystemSecurity":"$SYSTEM_SECURITY_low;", "SystemSecurity_Localised":"Low Security", "JumpDist":36.528, "FuelUsed":7.949572, "FuelLevel":24.050428 }
{ "timestamp":"2017-07-29T06:29:10Z", "event":"FuelScoop", "Scooped":5.013936, "Total":29.064363 }
{ "timestamp":"2017-07-29T06:29:14Z", "event":"FuelScoop", "Scooped":2.935653, "Total":32.000000 }
{ "timestamp":"2017-07-29T06:29:46Z", "event":"StartJump", "JumpType":"Hyperspace", "StarSystem":"Dumbaa OT-Z c13-5378", "StarClass":"K" }
{ "timestamp":"2017-07-29T06:30:04Z", "event":"FSDJump", "StarSystem":"Dumbaa OT-Z c13-5378", "StarPos":[-4839.594,24.250,22610.125], "SystemAllegiance":"", "SystemEconomy":"$economy_None;", "SystemEconomy_Localised":"None", "SystemGovernment":"$government_None;", "SystemGovernment_Localised":"None", "SystemSecurity":"$SYSTEM_SECURITY_low;", "SystemSecurity_Localised":"Low Security", "JumpDist":36.551, "FuelUsed":7.962825, "FuelLevel":24.037174 }
{ "timestamp":"2017-07-29T06:30:20Z", "event":"FuelScoop", "Scooped":5.013929, "Total":29.051096 }
{ "timestamp":"2017-07-29T06:30:23Z", "event":"FuelScoop", "Scooped":2.948900, "Total":32.000000 }
{ "timestamp":"2017-07-29T06:30:45Z", "event":"StartJump", "JumpType":"Hyperspace", "StarSystem":"Dumbaa NT-Z c13-2178", "StarClass":"K" }
{ "timestamp":"2017-07-29T06:31:03Z", "event":"FSDJump", "StarSystem":"Dumbaa NT-Z c13-2178", "StarPos":[-4872.750,21.469,22595.094], "SystemAllegiance":"", "SystemEconomy":"$economy_None;", "SystemEconomy_Localised":"None", "SystemGovernment":"$government_None;", "SystemGovernment_Localised":"None", "SystemSecurity":"$SYSTEM_SECURITY_low;", "SystemSecurity_Localised":"Low Security", "JumpDist":36.510, "FuelUsed":7.939989, "FuelLevel":24.060011 }
{ "timestamp":"2017-07-29T06:31:16Z", "event":"FuelScoop", "Scooped":5.008846, "Total":29.068861 }
{ "timestamp":"2017-07-29T06:31:18Z", "event":"FuelScoop", "Scooped":2.931137, "Total":32.000000 }
{ "timestamp":"2017-07-29T06:31:48Z", "event":"StartJump", "JumpType":"Hyperspace", "StarSystem":"Dumbaa MT-Z c13-2414", "StarClass":"K" }
{ "timestamp":"2017-07-29T06:32:06Z", "event":"FSDJump", "StarSystem":"Dumbaa MT-Z c13-2414", "StarPos":[-4905.156,19.375,22578.656], "SystemAllegiance":"", "SystemEconomy":"$economy_None;", "SystemEconomy_Localised":"None", "SystemGovernment":"$government_None;", "SystemGovernment_Localised":"None", "SystemSecurity":"$SYSTEM_SECURITY_low;", "SystemSecurity_Localised":"Low Security", "JumpDist":36.397, "FuelUsed":7.875871, "FuelLevel":24.124130 }
{ "timestamp":"2017-07-29T06:32:20Z", "event":"FuelScoop", "Scooped":5.020061, "Total":29.144194 }
{ "timestamp":"2017-07-29T06:32:23Z", "event":"FuelScoop", "Scooped":2.855794, "Total":32.000000 }
{ "timestamp":"2017-07-29T06:32:50Z", "event":"StartJump", "JumpType":"Hyperspace", "StarSystem":"Dumbaa IN-B c13-6995", "StarClass":"K" }
{ "timestamp":"2017-07-29T06:33:09Z", "event":"FSDJump", "StarSystem":"Dumbaa IN-B c13-6995", "StarPos":[-4936.219,19.594,22559.438], "SystemAllegiance":"", "SystemEconomy":"$economy_None;", "SystemEconomy_Localised":"None", "SystemGovernment":"$government_None;", "SystemGovernment_Localised":"None", "SystemSecurity":"$SYSTEM_SECURITY_low;", "SystemSecurity_Localised":"Low Security", "JumpDist":36.528, "FuelUsed":7.949271, "FuelLevel":24.050730 }
{ "timestamp":"2017-07-29T06:33:22Z", "event":"FuelScoop", "Scooped":5.006351, "Total":29.057087 }
{ "timestamp":"2017-07-29T06:33:25Z", "event":"FuelScoop", "Scooped":2.942913, "Total":32.000000 }
{ "timestamp":"2017-07-29T06:33:48Z", "event":"StartJump", "JumpType":"Hyperspace", "StarSystem":"Dumbaa OA-D b26-147", "StarClass":"M" }
{ "timestamp":"2017-07-29T06:34:07Z", "event":"FSDJump", "StarSystem":"Dumbaa OA-D b26-147", "StarPos":[-4968.750,19.906,22543.281], "SystemAllegiance":"", "SystemEconomy":"$economy_None;", "SystemEconomy_Localised":"None", "SystemGovernment":"$government_None;", "SystemGovernment_Localised":"None", "SystemSecurity":"$SYSTEM_SECURITY_low;", "SystemSecurity_Localised":"Low Security", "JumpDist":36.324, "FuelUsed":7.834789, "FuelLevel":24.165211 }
{ "timestamp":"2017-07-29T06:34:19Z", "event":"FuelScoop", "Scooped":5.011790, "Total":29.177002 }
{ "timestamp":"2017-07-29T06:34:21Z", "event":"FuelScoop", "Scooped":2.823005, "Total":32.000000 }
{ "timestamp":"2017-07-29T06:34:43Z", "event":"StartJump", "JumpType":"Hyperspace", "StarSystem":"Dumbaa CH-D c12-6863", "StarClass":"K" }
{ "timestamp":"2017-07-29T06:35:02Z", "event":"FSDJump", "StarSystem":"Dumbaa CH-D c12-6863", "StarPos":[-5000.313,19.875,22525.094], "SystemAllegiance":"", "SystemEconomy":"$economy_None;", "SystemEconomy_Localised":"None", "SystemGovernment":"$government_None;", "SystemGovernment_Localised":"None", "SystemSecurity":"$SYSTEM_SECURITY_low;", "SystemSecurity_Localised":"Low Security", "JumpDist":36.428, "FuelUsed":7.893302, "FuelLevel":24.106697 }
{ "timestamp":"2017-07-29T06:35:15Z", "event":"FuelScoop", "Scooped":5.009230, "Total":29.115923 }
{ "timestamp":"2017-07-29T06:35:18Z", "event":"FuelScoop", "Scooped":2.884079, "Total":32.000000 }
{ "timestamp":"2017-07-29T06:36:15Z", "event":"Scan", "BodyName":"Dumbaa CH-D c12-6863 1", "DistanceFromArrivalLS":257.761536, "TidalLock":true, "TerraformState":"Terraformable", "PlanetClass":"High metal content body", "Atmosphere":"hot thick carbon dioxide atmosphere", "AtmosphereType":"CarbonDioxide", "AtmosphereComposition":[ { "Name":"CarbonDioxide", "Percent":97.765236 }, { "Name":"Nitrogen", "Percent":1.256893 }, { "Name":"SulphurDioxide", "Percent":0.977652 } ], "Volcanism":"major rocky magma volcanism", "MassEM":0.977330, "Radius":6048249.000000, "SurfaceGravity":10.648573, "SurfaceTemperature":829.793091, "SurfacePressure":16711533.000000, "Landable":false, "SemiMajorAxis":77275365376.000000, "Eccentricity":0.000024, "OrbitalInclination":-0.000281, "Periapsis":184.745819, "OrbitalPeriod":12842665.000000, "RotationPeriod":12843122.000000, "AxialTilt":-0.059420 }
{ "timestamp":"2017-07-29T06:37:31Z", "event":"Scan", "BodyName":"Dumbaa CH-D c12-6863 2", "DistanceFromArrivalLS":479.333405, "TidalLock":false, "TerraformState":"", "PlanetClass":"High metal content body", "Atmosphere":"nitrogen atmosphere", "AtmosphereType":"Nitrogen", "AtmosphereComposition":[ { "Name":"Nitrogen", "Percent":99.983353 } ], "Volcanism":"major rocky magma volcanism", "MassEM":0.991384, "Radius":6074073.000000, "SurfaceGravity":10.710040, "SurfaceTemperature":204.549240, "SurfacePressure":240971.921875, "Landable":false, "SemiMajorAxis":143698575360.000000, "Eccentricity":0.000069, "OrbitalInclination":0.005462, "Periapsis":233.558365, "OrbitalPeriod":32566580.000000, "RotationPeriod":96412.531250, "AxialTilt":-0.177634 }
{ "timestamp":"2017-07-29T06:38:56Z", "event":"Scan", "BodyName":"Dumbaa CH-D c12-6863 3", "DistanceFromArrivalLS":676.725952, "TidalLock":false, "TerraformState":"", "PlanetClass":"Water world", "Atmosphere":"carbon dioxide rich atmosphere", "AtmosphereType":"CarbonDioxideRich", "AtmosphereComposition":[ { "Name":"Nitrogen", "Percent":55.891586 }, { "Name":"CarbonDioxide", "Percent":37.659039 }, { "Name":"Oxygen", "Percent":6.046200 } ], "Volcanism":"", "MassEM":0.386608, "Radius":4561571.000000, "SurfaceGravity":7.405442, "SurfaceTemperature":271.462891, "SurfacePressure":163580.390625, "Landable":false, "SemiMajorAxis":202632331264.000000, "Eccentricity":0.001654, "OrbitalInclination":0.242103, "Periapsis":125.984650, "OrbitalPeriod":54532652.000000, "RotationPeriod":44740.261719, "AxialTilt":-0.519116 }
{ "timestamp":"2017-07-29T06:39:25Z", "event":"StartJump", "JumpType":"Hyperspace", "StarSystem":"Dumbaa BH-D c12-1249", "StarClass":"G" }
{ "timestamp":"2017-07-29T06:39:44Z", "event":"FSDJump", "StarSystem":"Dumbaa BH-D c12-1249", "StarPos":[-5033.313,20.625,22509.719], "SystemAllegiance":"", "SystemEconomy":"$economy_None;", "SystemEconomy_Localised":"None", "SystemGovernment":"$government_None;", "SystemGovernment_Localised":"None", "SystemSecurity":"$SYSTEM_SECURITY_low;", "SystemSecurity_Localised":"Low Security", "JumpDist":36.414, "FuelUsed":7.884952, "FuelLevel":24.115047 }
{ "timestamp":"2017-07-29T06:39:58Z", "event":"FuelScoop", "Scooped":5.003249, "Total":29.118307 }
{ "timestamp":"2017-07-29T06:40:01Z", "event":"FuelScoop", "Scooped":2.881685, "Total":32.000000 }
{ "timestamp":"2017-07-29T06:40:26Z", "event":"StartJump", "JumpType":"Hyperspace", "StarSystem":"Dumbaa XA-F c11-2004", "StarClass":"K" }
{ "timestamp":"2017-07-29T06:40:44Z", "event":"FSDJump", "StarSystem":"Dumbaa XA-F c11-2004", "StarPos":[-5064.563,20.781,22490.813], "SystemAllegiance":"", "SystemEconomy":"$economy_None;", "SystemEconomy_Localised":"None", "SystemGovernment":"$government_None;", "SystemGovernment_Localised":"None", "SystemSecurity":"$SYSTEM_SECURITY_low;", "SystemSecurity_Localised":"Low Security", "JumpDist":36.524, "FuelUsed":7.947905, "FuelLevel":24.052095 }
{ "timestamp":"2017-07-29T06:40:58Z", "event":"FuelScoop", "Scooped":5.003871, "Total":29.055977 }
{ "timestamp":"2017-07-29T06:41:01Z", "event":"FuelScoop", "Scooped":2.944027, "Total":32.000000 }
{ "timestamp":"2017-07-29T06:41:30Z", "event":"StartJump", "JumpType":"Hyperspace", "StarSystem":"Dumbaa WA-F c11-4307", "StarClass":"G" }
{ "timestamp":"2017-07-29T06:41:49Z", "event":"FSDJump", "StarSystem":"Dumbaa WA-F c11-4307", "StarPos":[-5097.969,23.250,22476.469], "SystemAllegiance":"", "SystemEconomy":"$economy_None;", "SystemEconomy_Localised":"None", "SystemGovernment":"$government_None;", "SystemGovernment_Localised":"None", "SystemSecurity":"$SYSTEM_SECURITY_low;", "SystemSecurity_Localised":"Low Security", "JumpDist":36.439, "FuelUsed":7.899782, "FuelLevel":24.100218 }
{ "timestamp":"2017-07-29T06:42:07Z", "event":"FuelScoop", "Scooped":5.004175, "Total":29.104401 }
{ "timestamp":"2017-07-29T06:42:11Z", "event":"FuelScoop", "Scooped":2.895604, "Total":32.000000 }
{ "timestamp":"2017-07-29T06:42:34Z", "event":"StartJump", "JumpType":"Hyperspace", "StarSystem":"Dumbaa QB-K b22-5", "StarClass":"M" }
{ "timestamp":"2017-07-29T06:42:53Z", "event":"FSDJump", "StarSystem":"Dumbaa QB-K b22-5", "StarPos":[-5129.094,23.625,22457.375], "SystemAllegiance":"", "SystemEconomy":"$economy_None;", "SystemEconomy_Localised":"None", "SystemGovernment":"$government_None;", "SystemGovernment_Localised":"None", "SystemSecurity":"$SYSTEM_SECURITY_low;", "SystemSecurity_Localised":"Low Security", "JumpDist":36.517, "FuelUsed":7.943603, "FuelLevel":24.056396 }
{ "timestamp":"2017-07-29T06:43:10Z", "event":"FuelScoop", "Scooped":5.007959, "Total":29.064356 }
{ "timestamp":"2017-07-29T06:43:13Z", "event":"FuelScoop", "Scooped":2.935654, "Total":32.000000 }
{ "timestamp":"2017-07-29T06:43:34Z", "event":"StartJump", "JumpType":"Hyperspace", "StarSystem":"Dumbaa QU-G c10-476", "StarClass":"K" }
{ "timestamp":"2017-07-29T06:43:53Z", "event":"FSDJump", "StarSystem":"Dumbaa QU-G c10-476", "StarPos":[-5161.625,24.063,22440.938], "SystemAllegiance":"", "SystemEconomy":"$economy_None;", "SystemEconomy_Localised":"None", "SystemGovernment":"$government_None;", "SystemGovernment_Localised":"None", "SystemSecurity":"$SYSTEM_SECURITY_low;", "SystemSecurity_Localised":"Low Security", "JumpDist":36.451, "FuelUsed":7.906353, "FuelLevel":24.093647 }
{ "timestamp":"2017-07-29T06:44:06Z", "event":"FuelScoop", "Scooped":5.012143, "Total":29.105791 }
{ "timestamp":"2017-07-29T06:44:09Z", "event":"FuelScoop", "Scooped":2.894208, "Total":32.000000 }
{ "timestamp":"2017-07-29T06:45:15Z", "event":"Scan", "BodyName":"Dumbaa QU-G c10-476 A 4", "DistanceFromArrivalLS":319.559814, "TidalLock":false, "TerraformState":"Terraformable", "PlanetClass":"Water world", "Atmosphere":"nitrogen atmosphere", "AtmosphereType":"Nitrogen", "AtmosphereComposition":[ { "Name":"Nitrogen", "Percent":85.010284 }, { "Name":"Oxygen", "Percent":14.659489 }, { "Name":"CarbonDioxide", "Percent":0.301472 } ], "Volcanism":"", "MassEM":0.429650, "Radius":4702176.000000, "SurfaceGravity":7.745087, "SurfaceTemperature":267.265778, "SurfacePressure":112928.351563, "Landable":false, "SemiMajorAxis":95750750208.000000, "Eccentricity":0.000579, "OrbitalInclination":-3.285066, "Periapsis":146.580429, "OrbitalPeriod":21772082.000000, "RotationPeriod":121530.875000, "AxialTilt":0.387708 }
{ "timestamp":"2017-07-29T06:45:33Z", "event":"StartJump", "JumpType":"Hyperspace", "StarSystem":"Dumboi VV-G c10-3058", "StarClass":"K" }
{ "timestamp":"2017-07-29T06:45:52Z", "event":"FSDJump", "StarSystem":"Dumboi VV-G c10-3058", "StarPos":[-5194.969,25.406,22426.406], "SystemAllegiance":"", "SystemEconomy":"$economy_None;", "SystemEconomy_Localised":"None", "SystemGovernment":"$government_None;", "SystemGovernment_Localised":"None", "SystemSecurity":"$SYSTEM_SECURITY_low;", "SystemSecurity_Localised":"Low Security", "JumpDist":36.397, "FuelUsed":7.875544, "FuelLevel":24.124456 }
{ "timestamp":"2017-07-29T06:46:06Z", "event":"FuelScoop", "Scooped":5.011626, "Total":29.136105 }
{ "timestamp":"2017-07-29T06:46:09Z", "event":"FuelScoop", "Scooped":2.863876, "Total":32.000000 }
{ "timestamp":"2017-07-29T06:46:30Z", "event":"StartJump", "JumpType":"Hyperspace", "StarSystem":"Dumboi QP-I c9-1975", "StarClass":"K" }
{ "timestamp":"2017-07-29T06:46:49Z", "event":"FSDJump", "StarSystem":"Dumboi QP-I c9-1975", "StarPos":[-5226.219,26.563,22407.625], "SystemAllegiance":"", "SystemEconomy":"$economy_None;", "SystemEconomy_Localised":"None", "SystemGovernment":"$government_None;", "SystemGovernment_Localised":"None", "SystemSecurity":"$SYSTEM_SECURITY_low;", "SystemSecurity_Localised":"Low Security", "JumpDist":36.478, "FuelUsed":7.921595, "FuelLevel":24.078405 }
{ "timestamp":"2017-07-29T06:47:02Z", "event":"FuelScoop", "Scooped":5.011828, "Total":29.090206 }
{ "timestamp":"2017-07-29T06:47:05Z", "event":"FuelScoop", "Scooped":2.909796, "Total":32.000000 }
{ "timestamp":"2017-07-29T06:47:31Z", "event":"StartJump", "JumpType":"Hyperspace", "StarSystem":"Dumboi QP-I c9-82", "StarClass":"K" }
{ "timestamp":"2017-07-29T06:47:49Z", "event":"FSDJump", "StarSystem":"Dumboi QP-I c9-82", "StarPos":[-5258.219,25.938,22390.094], "SystemAllegiance":"", "SystemEconomy":"$economy_None;", "SystemEconomy_Localised":"None", "SystemGovernment":"$government_None;", "SystemGovernment_Localised":"None", "SystemSecurity":"$SYSTEM_SECURITY_low;", "SystemSecurity_Localised":"Low Security", "JumpDist":36.493, "FuelUsed":7.930111, "FuelLevel":24.069889 }
{ "timestamp":"2017-07-29T06:48:02Z", "event":"FuelScoop", "Scooped":5.028242, "Total":29.098133 }
{ "timestamp":"2017-07-29T06:48:05Z", "event":"FuelScoop", "Scooped":2.901862, "Total":32.000000 }
{ "timestamp":"2017-07-29T06:48:31Z", "event":"StartJump", "JumpType":"Hyperspace", "StarSystem":"Dumboi AZ-S b17-57", "StarClass":"L" }
{ "timestamp":"2017-07-29T06:48:50Z", "event":"FSDJump", "StarSystem":"Dumboi AZ-S b17-57", "StarPos":[-5288.125,25.563,22369.438], "SystemAllegiance":"", "SystemEconomy":"$economy_None;", "SystemEconomy_Localised":"None", "SystemGovernment":"$government_None;", "SystemGovernment_Localised":"None", "SystemSecurity":"$SYSTEM_SECURITY_low;", "SystemSecurity_Localised":"Low Security", "JumpDist":36.348, "FuelUsed":7.848694, "FuelLevel":24.151306 }
{ "timestamp":"2017-07-29T06:49:21Z", "event":"StartJump", "JumpType":"Hyperspace", "StarSystem":"Dumboi KJ-K c8-3333", "StarClass":"K" }
{ "timestamp":"2017-07-29T06:49:40Z", "event":"FSDJump", "StarSystem":"Dumboi KJ-K c8-3333", "StarPos":[-5319.719,21.344,22351.656], "SystemAllegiance":"", "SystemEconomy":"$economy_None;", "SystemEconomy_Localised":"None", "SystemGovernment":"$government_None;", "SystemGovernment_Localised":"None", "SystemSecurity":"$SYSTEM_SECURITY_low;", "SystemSecurity_Localised":"Low Security", "JumpDist":36.498, "FuelUsed":7.665947, "FuelLevel":16.485359 }
{ "timestamp":"2017-07-29T06:49:52Z", "event":"FuelScoop", "Scooped":5.007816, "Total":21.493164 }
{ "timestamp":"2017-07-29T06:49:57Z", "event":"FuelScoop", "Scooped":5.017975, "Total":26.511147 }
{ "timestamp":"2017-07-29T06:50:01Z", "event":"FuelScoop", "Scooped":5.029257, "Total":31.540396 }
{ "timestamp":"2017-07-29T06:50:02Z", "event":"FuelScoop", "Scooped":0.459610, "Total":32.000000 }
{ "timestamp":"2017-07-29T06:50:26Z", "event":"StartJump", "JumpType":"Hyperspace", "StarSystem":"Dumboi DZ-S d3-3054", "StarClass":"F" }
{ "timestamp":"2017-07-29T06:50:45Z", "event":"FSDJump", "StarSystem":"Dumboi DZ-S d3-3054", "StarPos":[-5350.781,19.313,22332.625], "SystemAllegiance":"", "SystemEconomy":"$economy_None;", "SystemEconomy_Localised":"None", "SystemGovernment":"$government_None;", "SystemGovernment_Localised":"None", "SystemSecurity":"$SYSTEM_SECURITY_low;", "SystemSecurity_Localised":"Low Security", "JumpDist":36.486, "FuelUsed":7.925918, "FuelLevel":24.074081 }
{ "timestamp":"2017-07-29T06:50:59Z", "event":"FuelScoop", "Scooped":5.006127, "Total":29.080191 }
{ "timestamp":"2017-07-29T06:51:02Z", "event":"FuelScoop", "Scooped":2.919801, "Total":32.000000 }
{ "timestamp":"2017-07-29T06:51:26Z", "event":"StartJump", "JumpType":"Hyperspace", "StarSystem":"Dumboi DZ-S d3-8170", "StarClass":"G" }
{ "timestamp":"2017-07-29T06:51:45Z", "event":"FSDJump", "StarSystem":"Dumboi DZ-S d3-8170", "StarPos":[-5371.031,20.281,22322.094], "SystemAllegiance":"", "SystemEconomy":"$economy_None;", "SystemEconomy_Localised":"None", "SystemGovernment":"$government_None;", "SystemGovernment_Localised":"None", "SystemSecurity":"$SYSTEM_SECURITY_low;", "SystemSecurity_Localised":"Low Security", "JumpDist":22.845, "FuelUsed":2.346314, "FuelLevel":29.653687 }
{ "timestamp":"2017-07-29T06:53:47Z", "event":"StartJump", "JumpType":"Hyperspace", "StarSystem":"Dumboi ED-M c7-1735", "StarClass":"K" }
{ "timestamp":"2017-07-29T06:54:06Z", "event":"FSDJump", "StarSystem":"Dumboi ED-M c7-1735", "StarPos":[-5400.594,26.844,22301.750], "SystemAllegiance":"", "SystemEconomy":"$economy_None;", "SystemEconomy_Localised":"None", "SystemGovernment":"$government_None;", "SystemGovernment_Localised":"None", "SystemSecurity":"$SYSTEM_SECURITY_low;", "SystemSecurity_Localised":"Low Security", "JumpDist":36.481, "FuelUsed":7.843074, "FuelLevel":20.740612 }
{ "timestamp":"2017-07-29T06:54:22Z", "event":"FuelScoop", "Scooped":5.012637, "Total":25.753256 }
{ "timestamp":"2017-07-29T06:54:27Z", "event":"FuelScoop", "Scooped":5.014366, "Total":30.767626 }
{ "timestamp":"2017-07-29T06:54:29Z", "event":"FuelScoop", "Scooped":1.232373, "Total":32.000000 }
{ "timestamp":"2017-07-29T06:54:51Z", "event":"StartJump", "JumpType":"Hyperspace", "StarSystem":"Dumboi ZW-N c6-2427", "StarClass":"K" }
{ "timestamp":"2017-07-29T06:55:09Z", "event":"FSDJump", "StarSystem":"Dumboi ZW-N c6-2427", "StarPos":[-5429.875,35.469,22282.250], "SystemAllegiance":"", "SystemEconomy":"$economy_None;", "SystemEconomy_Localised":"None", "SystemGovernment":"$government_None;", "SystemGovernment_Localised":"None", "SystemSecurity":"$SYSTEM_SECURITY_low;", "SystemSecurity_Localised":"Low Security", "JumpDist":36.222, "FuelUsed":7.777803, "FuelLevel":24.222197 }
{ "timestamp":"2017-07-29T06:55:22Z", "event":"FuelScoop", "Scooped":5.011475, "Total":29.233679 }
{ "timestamp":"2017-07-29T06:55:29Z", "event":"FuelScoop", "Scooped":1.997667, "Total":31.231346 }
{ "timestamp":"2017-07-29T06:55:46Z", "event":"StartJump", "JumpType":"Hyperspace", "StarSystem":"Dumboi ZW-N c6-2272", "StarClass":"K" }
{ "timestamp":"2017-07-29T06:56:05Z", "event":"FSDJump", "StarSystem":"Dumboi ZW-N c6-2272", "StarPos":[-5458.969,46.031,22262.969], "SystemAllegiance":"", "SystemEconomy":"$economy_None;", "SystemEconomy_Localised":"None", "SystemGovernment":"$government_None;", "SystemGovernment_Localised":"None", "SystemSecurity":"$SYSTEM_SECURITY_low;", "SystemSecurity_Localised":"Low Security", "JumpDist":36.466, "FuelUsed":7.888556, "FuelLevel":23.342789 }
{ "timestamp":"2017-07-29T06:56:18Z", "event":"FuelScoop", "Scooped":5.007841, "Total":28.350603 }
{ "timestamp":"2017-07-29T06:56:22Z", "event":"FuelScoop", "Scooped":3.649407, "Total":32.000000 }
{ "timestamp":"2017-07-29T06:56:49Z", "event":"StartJump", "JumpType":"Hyperspace", "StarSystem":"Dumboi UQ-P c5-3797", "StarClass":"K" }
{ "timestamp":"2017-07-29T06:57:07Z", "event":"FSDJump", "StarSystem":"Dumboi UQ-P c5-3797", "StarPos":[-5489.031,54.156,22244.375], "SystemAllegiance":"", "SystemEconomy":"$economy_None;", "SystemEconomy_Localised":"None", "SystemGovernment":"$government_None;", "SystemGovernment_Localised":"None", "SystemSecurity":"$SYSTEM_SECURITY_low;", "SystemSecurity_Localised":"Low Security", "JumpDist":36.270, "FuelUsed":7.804638, "FuelLevel":24.195362 }
{ "timestamp":"2017-07-29T06:57:21Z", "event":"FuelScoop", "Scooped":5.009667, "Total":29.205009 }
{ "timestamp":"2017-07-29T06:57:23Z", "event":"FuelScoop", "Scooped":2.794983, "Total":32.000000 }
{ "timestamp":"2017-07-29T06:57:47Z", "event":"StartJump", "JumpType":"Hyperspace", "StarSystem":"Dumboi RV-P c5-1964", "StarClass":"K" }
{ "timestamp":"2017-07-29T06:58:06Z", "event":"FSDJump", "StarSystem":"Dumboi RV-P c5-1964", "StarPos":[-5516.781,66.625,22224.406], "SystemAllegiance":"", "SystemEconomy":"$economy_None;", "SystemEconomy_Localised":"None", "SystemGovernment":"$government_None;", "SystemGovernment_Localised":"None", "SystemSecurity":"$SYSTEM_SECURITY_low;", "SystemSecurity_Localised":"Low Security", "JumpDist":36.391, "FuelUsed":7.872474, "FuelLevel":24.127525 }
{ "timestamp":"2017-07-29T06:58:19Z", "event":"FuelScoop", "Scooped":5.019804, "Total":29.147316 }
{ "timestamp":"2017-07-29T06:58:22Z", "event":"FuelScoop", "Scooped":2.852679, "Total":32.000000 }
{ "timestamp":"2017-07-29T06:58:41Z", "event":"StartJump", "JumpType":"Hyperspace", "StarSystem":"Dumboi MP-R c4-5066", "StarClass":"K" }
{ "timestamp":"2017-07-29T06:58:59Z", "event":"FSDJump", "StarSystem":"Dumboi MP-R c4-5066", "StarPos":[-5546.313,74.031,22204.375], "SystemAllegiance":"", "SystemEconomy":"$economy_None;", "SystemEconomy_Localised":"None", "SystemGovernment":"$government_None;", "SystemGovernment_Localised":"None", "SystemSecurity":"$SYSTEM_SECURITY_low;", "SystemSecurity_Localised":"Low Security", "JumpDist":36.444, "FuelUsed":7.902678, "FuelLevel":24.097321 }
{ "timestamp":"2017-07-29T06:59:12Z", "event":"FuelScoop", "Scooped":5.004939, "Total":29.102255 }
{ "timestamp":"2017-07-29T06:59:16Z", "event":"FuelScoop", "Scooped":2.897728, "Total":32.000000 }
{ "timestamp":"2017-07-29T06:59:44Z", "event":"StartJump", "JumpType":"Hyperspace", "StarSystem":"Dumboi MP-R c4-889", "StarClass":"G" }
{ "timestamp":"2017-07-29T07:00:02Z", "event":"FSDJump", "StarSystem":"Dumboi MP-R c4-889", "StarPos":[-5575.406,85.938,22185.969], "SystemAllegiance":"", "SystemEconomy":"$economy_None;", "SystemEconomy_Localised":"None", "SystemGovernment":"$government_None;", "SystemGovernment_Localised":"None", "SystemSecurity":"$SYSTEM_SECURITY_low;", "SystemSecurity_Localised":"Low Security", "JumpDist":36.428, "FuelUsed":7.893283, "FuelLevel":24.106716 }
{ "timestamp":"2017-07-29T07:00:16Z", "event":"FuelScoop", "Scooped":5.026366, "Total":29.133093 }
{ "timestamp":"2017-07-29T07:00:19Z", "event":"FuelScoop", "Scooped":2.866904, "Total":32.000000 }
{ "timestamp":"2017-07-29T07:00:41Z", "event":"StartJump", "JumpType":"Hyperspace", "StarSystem":"Dumboi FO-T c3-300", "StarClass":"K" }
{ "timestamp":"2017-07-29T07:00:59Z", "event":"FSDJump", "StarSystem":"Dumboi FO-T c3-300", "StarPos":[-5604.781,99.156,22168.750], "SystemAllegiance":"", "SystemEconomy":"$economy_None;", "SystemEconomy_Localised":"None", "SystemGovernment":"$government_None;", "SystemGovernment_Localised":"None", "SystemSecurity":"$SYSTEM_SECURITY_low;", "SystemSecurity_Localised":"Low Security", "JumpDist":36.525, "FuelUsed":7.947916, "FuelLevel":24.052084 }
{ "timestamp":"2017-07-29T07:01:12Z", "event":"FuelScoop", "Scooped":5.000188, "Total":29.052265 }
{ "timestamp":"2017-07-29T07:01:15Z", "event":"FuelScoop", "Scooped":2.947740, "Total":32.000000 }
{ "timestamp":"2017-07-29T07:01:42Z", "event":"StartJump", "JumpType":"Hyperspace", "StarSystem":"Dumboi EO-T c3-2826", "StarClass":"G" }
{ "timestamp":"2017-07-29T07:02:01Z", "event":"FSDJump", "StarSystem":"Dumboi EO-T c3-2826", "StarPos":[-5631.594,110.781,22147.188], "SystemAllegiance":"", "SystemEconomy":"$economy_None;", "SystemEconomy_Localised":"None", "SystemGovernment":"$government_None;", "SystemGovernment_Localised":"None", "SystemSecurity":"$SYSTEM_SECURITY_low;", "SystemSecurity_Localised":"Low Security", "JumpDist":36.318, "FuelUsed":7.831608, "FuelLevel":24.168392 }
{ "timestamp":"2017-07-29T07:02:15Z", "event":"FuelScoop", "Scooped":5.014305, "Total":29.182713 }
{ "timestamp":"2017-07-29T07:02:18Z", "event":"FuelScoop", "Scooped":2.817281, "Total":32.000000 }
{ "timestamp":"2017-07-29T07:02:41Z", "event":"StartJump", "JumpType":"Hyperspace", "StarSystem":"Dumboi AI-V c2-5801", "StarClass":"K" }
{ "timestamp":"2017-07-29T07:02:59Z", "event":"FSDJump", "StarSystem":"Dumboi AI-V c2-5801", "StarPos":[-5661.000,122.719,22129.094], "SystemAllegiance":"", "SystemEconomy":"$economy_None;", "SystemEconomy_Localised":"None", "SystemGovernment":"$government_None;", "SystemGovernment_Localised":"None", "SystemSecurity":"$SYSTEM_SECURITY_low;", "SystemSecurity_Localised":"Low Security", "JumpDist":36.532, "FuelUsed":7.952415, "FuelLevel":24.047585 }
{ "timestamp":"2017-07-29T07:03:13Z", "event":"FuelScoop", "Scooped":5.013035, "Total":29.060623 }
{ "timestamp":"2017-07-29T07:03:17Z", "event":"FuelScoop", "Scooped":2.939370, "Total":32.000000 }
{ "timestamp":"2017-07-29T07:03:41Z", "event":"SupercruiseExit", "StarSystem":"Dumboi AI-V c2-5801", "Body":"Dumboi AI-V c2-5801 A", "BodyType":"Star" }
