{ "timestamp":"2017-09-27T00:52:20Z", "event":"Fileheader", "part":1, "language":"English\\UK", "gameversion":"2.4", "build":"r154869/r0 " }
{ "timestamp":"2017-09-27T00:52:20Z", "event":"Music", "MusicTrack":"NoTrack" }
{ "timestamp":"2017-09-27T00:52:20Z", "event":"Music", "MusicTrack":"MainMenu" }
{ "timestamp":"2017-09-27T00:54:26Z", "event":"Cargo", "Inventory":[  ] }
{ "timestamp":"2017-09-27T00:54:26Z", "event":"Loadout", "Ship":"Asp", "ShipID":7, "ShipName":"", "ShipIdent":"", "Modules":[ { "Slot":"Armour", "Item":"Asp_Armour_Grade1", "On":true, "Priority":1, "Health":1.000000, "Value":0, "EngineerBlueprint":"Armour_HeavyDuty", "EngineerLevel":1 }, { "Slot":"PowerPlant", "Item":"Int_PowerPlant_Size5_Class1", "On":true, "Priority":1, "Health":1.000000, "Value":63012, "EngineerBlueprint":"PowerPlant_Boosted", "EngineerLevel":1 }, { "Slot":"MainEngines", "Item":"Int_Engine_Size5_Class1", "On":true, "Priority":1, "Health":1.000000, "Value":63012 }, { "Slot":"FrameShiftDrive", "Item":"Int_Hyperdrive_Size5_Class5", "On":true, "Priority":0, "Health":1.000000, "Value":5103953 }, { "Slot":"LifeSupport", "Item":"Int_LifeSupport_Size4_Class1", "On":true, "Priority":1, "Health":1.000000, "Value":11349 }, { "Slot":"PowerDistributor", "Item":"Int_PowerDistributor_Size4_Class1", "On":true, "Priority":0, "Health":1.000000, "Value":11349, "EngineerBlueprint":"PowerDistributor_PrioritySystems", "EngineerLevel":3 }, { "Slot":"Radar", "Item":"Int_Sensors_Size5_Class1", "On":true, "Priority":1, "Health":1.000000, "Value":31778 }, { "Slot":"FuelTank", "Item":"Int_FuelTank_Size5_Class3", "On":true, "Priority":1, "Health":1.000000, "Value":97754 }, { "Slot":"Slot01_Size6", "Item":"Int_FuelScoop_Size6_Class4", "On":true, "Priority":0, "Health":1.000000, "Value":6112268 }, { "Slot":"Slot02_Size5", "Item":"Int_CargoRack_Size5_Class1", "On":true, "Priority":1, "Health":1.000000, "Value":111566 }, { "Slot":"Slot03_Size3", "Item":"Int_CargoRack_Size3_Class1", "On":true, "Priority":1, "Health":1.000000, "Value":10563 }, { "Slot":"Slot04_Size3", "Item":"Int_ShieldGenerator_Size3_Class5", "On":true, "Priority":0, "Health":1.000000, "Value":507912 }, { "Slot":"Slot05_Size3", "Item":"Int_BuggyBay_Size2_Class1", "On":true, "Priority":0, "Health":1.000000, "Value":18000 }, { "Slot":"Slot06_Size2", "Item":"Int_DetailedSurfaceScanner_Tiny", "On":true, "Priority":1, "Health":1.000000, "Value":212500 }, { "Slot":"Slot07_Size2", "Item":"Int_StellarBodyDiscoveryScanner_Advanced", "On":true, "Priority":1, "Health":1.000000, "Value":1313250 }, { "Slot":"PlanetaryApproachSuite", "Item":"Int_PlanetApproachSuite", "On":true, "Priority":1, "Health":1.000000, "Value":500 }, { "Slot":"ShipCockpit", "Item":"Asp_Cockpit", "On":true, "Priority":1, "Health":1.000000, "Value":0 }, { "Slot":"CargoHatch", "Item":"ModularCargoBayDoor", "On":true, "Priority":2, "Health":1.000000, "Value":0 } ] }
{ "timestamp":"2017-09-27T00:54:26Z", "event":"Materials", "Raw":[ { "Name":"sulphur", "Count":54 }, { "Name":"phosphorus", "Count":49 }, { "Name":"manganese", "Count":83 }, { "Name":"nickel", "Count":20 }, { "Name":"carbon", "Count":58 }, { "Name":"cadmium", "Count":12 }, { "Name":"germanium", "Count":42 }, { "Name":"arsenic", "Count":3 }, { "Name":"selenium", "Count":23 }, { "Name":"vanadium", "Count":1 }, { "Name":"antimony", "Count":3 }, { "Name":"iron", "Count":56 }, { "Name":"niobium", "Count":60 }, { "Name":"technetium", "Count":3 }, { "Name":"mercury", "Count":60 }, { "Name":"chromium", "Count":6 }, { "Name":"polonium", "Count":30 }, { "Name":"zirconium", "Count":11 } ], "Manufactured":[ { "Name":"hybridcapacitors", "Count":8 }, { "Name":"shieldemitters", "Count":10 }, { "Name":"galvanisingalloys", "Count":7 }, { "Name":"phasealloys", "Count":16 }, { "Name":"highdensitycomposites", "Count":5 }, { "Name":"compoundshielding", "Count":6 }, { "Name":"refinedfocuscrystals", "Count":7 }, { "Name":"heatresistantceramics", "Count":1 }, { "Name":"precipitatedalloys", "Count":6 }, { "Name":"wornshieldemitters", "Count":6 }, { "Name":"shieldingsensors", "Count":9 }, { "Name":"thermicalloys", "Count":8 }, { "Name":"mechanicalequipment", "Count":12 }, { "Name":"gridresistors", "Count":6 }, { "Name":"temperedalloys", "Count":1 }, { "Name":"conductivepolymers", "Count":7 }, { "Name":"uncutfocuscrystals", "Count":6 }, { "Name":"chemicalprocessors", "Count":9 }, { "Name":"focuscrystals", "Count":31 }, { "Name":"salvagedalloys", "Count":15 }, { "Name":"heatdispersionplate", "Count":9 }, { "Name":"heatexchangers", "Count":2 }, { "Name":"heatvanes", "Count":3 }, { "Name":"conductivecomponents", "Count":12 }, { "Name":"electrochemicalarrays", "Count":1 }, { "Name":"protoradiolicalloys", "Count":12 }, { "Name":"protolightalloys", "Count":27 }, { "Name":"heatconductionwiring", "Count":6 }, { "Name":"polymercapacitors", "Count":8 }, { "Name":"fedproprietarycomposites", "Count":5 }, { "Name":"conductiveceramics", "Count":8 }, { "Name":"chemicaldistillery", "Count":4 }, { "Name":"chemicalmanipulators", "Count":5 }, { "Name":"configurablecomponents", "Count":3 }, { "Name":"exquisitefocuscrystals", "Count":1 } ], "Encoded":[ { "Name":"shieldcyclerecordings", "Count":70 }, { "Name":"emissiondata", "Count":32 }, { "Name":"encodedscandata", "Count":17 }, { "Name":"decodedemissiondata", "Count":52 }, { "Name":"shieldsoakanalysis", "Count":39 }, { "Name":"scandatabanks", "Count":39 }, { "Name":"bulkscandata", "Count":14 }, { "Name":"archivedemissiondata", "Count":5 }, { "Name":"shielddensityreports", "Count":37 }, { "Name":"shieldpatternanalysis", "Count":37 }, { "Name":"compactemissionsdata", "Count":5 }, { "Name":"shieldfrequencydata", "Count":3 }, { "Name":"hyperspacetrajectories", "Count":1 }, { "Name":"scanarchives", "Count":23 }, { "Name":"classifiedscandata", "Count":4 }, { "Name":"disruptedwakeechoes", "Count":3 }, { "Name":"securityfirmware", "Count":4 }, { "Name":"encryptionarchives", "Count":6 }, { "Name":"industrialfirmware", "Count":8 }, { "Name":"legacyfirmware", "Count":7 }, { "Name":"adaptiveencryptors", "Count":3 }, { "Name":"embeddedfirmware", "Count":5 }, { "Name":"scrambledemissiondata", "Count":1 } ] }
{ "timestamp":"2017-09-27T00:54:26Z", "event":"LoadGame", "Commander":"Kith000", "Ship":"Asp", "ShipID":7, "ShipName":"", "ShipIdent":"", "FuelLevel":32.000000, "FuelCapacity":32.000000, "GameMode":"Open", "Credits":159845123, "Loan":0 }
{ "timestamp":"2017-09-27T00:54:26Z", "event":"Rank", "Combat":6, "Trade":5, "Explore":7, "Empire":1, "Federation":4, "CQC":0 }
{ "timestamp":"2017-09-27T00:54:26Z", "event":"Progress", "Combat":29, "Trade":1, "Explore":48, "Empire":23, "Federation":16, "CQC":40 }
{ "timestamp":"2017-09-27T00:54:39Z", "event":"Location", "Docked":true, "StationName":"Cormack Hub", "StationType":"Orbis", "StarSystem":"Procyon", "StarPos":[6.219,2.656,-9.188], "SystemAllegiance":"Independent", "SystemEconomy":"$economy_Agri;", "SystemEconomy_Localised":"Agriculture", "SystemGovernment":"$government_Corporate;", "SystemGovernment_Localised":"Corporate", "SystemSecurity":"$SYSTEM_SECURITY_medium;", "SystemSecurity_Localised":"Medium Security", "Population":18561351895, "Body":"Cormack Hub", "BodyType":"Station", "Factions":[ { "Name":"Sirius Corporation", "FactionState":"Boom", "Government":"Corporate", "Influence":0.685000, "Allegiance":"Independent", "PendingStates":[ { "State":"Expansion", "Trend":0 } ] }, { "Name":"People's Procyon Values Party", "FactionState":"CivilWar", "Government":"Democracy", "Influence":0.095000, "Allegiance":"Federation" }, { "Name":"Pilots Federation Local Branch", "FactionState":"None", "Government":"Democracy", "Influence":0.000000, "Allegiance":"PilotsFederation" }, { "Name":"G 89-32 Gold Power Incorporated", "FactionState":"None", "Government":"Corporate", "Influence":0.049000, "Allegiance":"Federation", "PendingStates":[ { "State":"CivilUnrest", "Trend":-1 }, { "State":"Lockdown", "Trend":0 }, { "State":"Outbreak", "Trend":0 } ] }, { "Name":"G 41-14 Purple Travel Solutions", "FactionState":"None", "Government":"Corporate", "Influence":0.023000, "Allegiance":"Federation", "PendingStates":[ { "State":"Boom", "Trend":1 } ] }, { "Name":"Procyon Crimson Advanced Ex", "FactionState":"CivilWar", "Government":"Corporate", "Influence":0.031000, "Allegiance":"Independent" }, { "Name":"Autocracy of Procyon", "FactionState":"CivilWar", "Government":"Dictatorship", "Influence":0.023000, "Allegiance":"Independent", "PendingStates":[ { "State":"Boom", "Trend":0 }, { "State":"Outbreak", "Trend":0 } ] }, { "Name":"Procyon Incorporated", "FactionState":"CivilWar", "Government":"Corporate", "Influence":0.094000, "Allegiance":"Federation", "PendingStates":[ { "State":"Outbreak", "Trend":0 } ] } ], "SystemFaction":"Sirius Corporation", "FactionState":"Boom" }
{ "timestamp":"2017-09-27T00:54:40Z", "event":"Music", "MusicTrack":"NoTrack" }
{ "timestamp":"2017-09-27T00:54:40Z", "event":"Docked", "StationName":"Cormack Hub", "StationType":"Orbis", "StarSystem":"Procyon", "StationFaction":"Sirius Corporation", "FactionState":"Boom", "StationGovernment":"$government_Corporate;", "StationGovernment_Localised":"Corporate", "StationServices":[ "Dock", "Autodock", "BlackMarket", "Commodities", "Contacts", "Exploration", "Missions", "Outfitting", "CrewLounge", "Rearm", "Refuel", "Repair", "Shipyard", "Tuning", "MissionsGenerated", "FlightController", "StationOperations", "Powerplay", "SearchAndRescue" ], "StationEconomy":"$economy_Agri;", "StationEconomy_Localised":"Agriculture", "DistFromStarLS":9801.179688 }
{ "timestamp":"2017-09-27T00:54:40Z", "event":"Music", "MusicTrack":"Starport" }
{ "timestamp":"2017-09-27T00:55:19Z", "event":"Undocked", "StationName":"Cormack Hub", "StationType":"Orbis" }
{ "timestamp":"2017-09-27T00:55:52Z", "event":"Music", "MusicTrack":"NoTrack" }
{ "timestamp":"2017-09-27T00:56:39Z", "event":"StartJump", "JumpType":"Hyperspace", "StarSystem":"G 41-14", "StarClass":"M" }
{ "timestamp":"2017-09-27T00:56:58Z", "event":"FSDJump", "StarSystem":"G 41-14", "StarPos":[7.938,7.719,-9.438], "SystemAllegiance":"Federation", "SystemEconomy":"$economy_Industrial;", "SystemEconomy_Localised":"Industrial", "SystemGovernment":"$government_Corporate;", "SystemGovernment_Localised":"Corporate", "SystemSecurity":"$SYSTEM_SECURITY_low;", "SystemSecurity_Localised":"Low Security", "Population":3065518, "JumpDist":5.352, "FuelUsed":0.083145, "FuelLevel":31.916855, "Factions":[ { "Name":"Pilots Federation Local Branch", "FactionState":"None", "Government":"Democracy", "Influence":0.000000, "Allegiance":"PilotsFederation" }, { "Name":"G 99-49 Life Industry", "FactionState":"None", "Government":"Corporate", "Influence":0.187000, "Allegiance":"Federation", "RecoveringStates":[ { "State":"Boom", "Trend":0 } ] }, { "Name":"G 41-14 Purple Travel Solutions", "FactionState":"None", "Government":"Corporate", "Influence":0.154000, "Allegiance":"Federation", "PendingStates":[ { "State":"Boom", "Trend":1 } ] }, { "Name":"People's G 41-14 Progressive Party", "FactionState":"Boom", "Government":"Democracy", "Influence":0.233000, "Allegiance":"Federation", "PendingStates":[ { "State":"Bust", "Trend":1 } ] }, { "Name":"Bureau of G 41-14 Liberty Party", "FactionState":"None", "Government":"Dictatorship", "Influence":0.026000, "Allegiance":"Independent", "PendingStates":[ { "State":"Boom", "Trend":0 } ] }, { "Name":"Ross 104 Blue Public Solutions", "FactionState":"Boom", "Government":"Corporate", "Influence":0.172000, "Allegiance":"Federation" }, { "Name":"G 41-14 Gold Council", "FactionState":"None", "Government":"Anarchy", "Influence":0.020000, "Allegiance":"Independent", "PendingStates":[ { "State":"Boom", "Trend":0 } ] }, { "Name":"Gendalla Interstellar", "FactionState":"Retreat", "Government":"Corporate", "Influence":0.208000, "Allegiance":"Federation", "RecoveringStates":[ { "State":"Boom", "Trend":0 } ] } ], "SystemFaction":"G 41-14 Purple Travel Solutions" }
{ "timestamp":"2017-09-27T00:56:58Z", "event":"Music", "MusicTrack":"DestinationFromHyperspace" }
{ "timestamp":"2017-09-27T00:57:03Z", "event":"Music", "MusicTrack":"Supercruise" }
{ "timestamp":"2017-09-27T01:01:16Z", "event":"SupercruiseExit", "StarSystem":"G 41-14", "Body":"Ramon Hub", "BodyType":"Station" }
{ "timestamp":"2017-09-27T01:01:17Z", "event":"Music", "MusicTrack":"DestinationFromSupercruise" }
{ "timestamp":"2017-09-27T01:01:22Z", "event":"Music", "MusicTrack":"NoTrack" }
{ "timestamp":"2017-09-27T01:01:27Z", "event":"DockingRequested", "StationName":"Ramon Hub" }
{ "timestamp":"2017-09-27T01:01:27Z", "event":"ReceiveText", "From":"Ramon Hub", "Message":"$DockingChatter_Neutral;", "Message_Localised":"Ensure to observe starport protocol during your visit, pilot.", "Channel":"npc" }
{ "timestamp":"2017-09-27T01:01:28Z", "event":"ReceiveText", "From":"Ramon Hub", "Message":"$STATION_docking_granted;", "Message_Localised":"Docking request granted.", "Channel":"npc" }
{ "timestamp":"2017-09-27T01:01:28Z", "event":"DockingGranted", "LandingPad":3, "StationName":"Ramon Hub" }
{ "timestamp":"2017-09-27T01:01:39Z", "event":"ReceiveText", "From":"Ramon Hub", "Message":"$STATION_NoFireZone_entered;", "Message_Localised":"No fire zone entered.", "Channel":"npc" }
{ "timestamp":"2017-09-27T01:02:25Z", "event":"Music", "MusicTrack":"Starport" }
{ "timestamp":"2017-09-27T01:02:50Z", "event":"Docked", "StationName":"Ramon Hub", "StationType":"Coriolis", "StarSystem":"G 41-14", "StationFaction":"G 41-14 Purple Travel Solutions", "StationGovernment":"$government_Corporate;", "StationGovernment_Localised":"Corporate", "StationAllegiance":"Federation", "StationServices":[ "Dock", "Autodock", "BlackMarket", "Commodities", "Contacts", "Exploration", "Missions", "Outfitting", "CrewLounge", "Rearm", "Refuel", "Repair", "Shipyard", "Tuning", "MissionsGenerated", "Facilitator", "FlightController", "StationOperations", "Powerplay", "SearchAndRescue" ], "StationEconomy":"$economy_Industrial;", "StationEconomy_Localised":"Industrial", "DistFromStarLS":8382.191406 }
{ "timestamp":"2017-09-27T01:02:51Z", "event":"ReceiveText", "From":"$npc_name_decorate:#name=Allison Blake;", "From_Localised":"Allison Blake", "Message":"$Commuter_AuthorityScan01;", "Message_Localised":"Is there a problem here, officer?", "Channel":"npc" }
{ "timestamp":"2017-09-27T01:14:24Z", "event":"ReceiveText", "From":"$npc_name_decorate:#name=John Kappo;", "From_Localised":"John Kappo", "Message":"$Commuter_AuthorityScan01;", "Message_Localised":"Is there a problem here, officer?", "Channel":"npc" }
{ "timestamp":"2017-09-27T01:32:14Z", "event":"ReceiveText", "From":"$npc_name_decorate:#name=Vigus;", "From_Localised":"Vigus", "Message":"$Smuggler_NearDeath01;", "Message_Localised":"Okay, okay, the cargo's all yours... This job isn't worth my life.", "Channel":"npc" }
{ "timestamp":"2017-09-27T01:36:45Z", "event":"ReceiveText", "From":"$npc_name_decorate:#name=Arcaniison;", "From_Localised":"Arcaniison", "Message":"$Smuggler_NearDeath04;", "Message_Localised":"You're making a big mistake!", "Channel":"npc" }
{ "timestamp":"2017-09-27T01:56:59Z", "event":"ReceiveText", "From":"$ShipName_Police_Federation;", "From_Localised":"Federal Security Service", "Message":"$OverwatchCriticalDamage03;", "Message_Localised":"I'm hit, I'm hit!", "Channel":"npc" }
{ "timestamp":"2017-09-27T02:06:46Z", "event":"ReceiveText", "From":"$npc_name_decorate:#name=Troy;", "From_Localised":"Troy", "Message":"$Commuter_AuthorityScan01;", "Message_Localised":"Is there a problem here, officer?", "Channel":"npc" }
{ "timestamp":"2017-09-27T02:25:54Z", "event":"ReceiveText", "From":"$npc_name_decorate:#name=Emma Vartdal;", "From_Localised":"Emma Vartdal", "Message":"$Commuter_AuthorityScan03;", "Message_Localised":"Will this take long? I’ve got a schedule to keep. ", "Channel":"npc" }
{ "timestamp":"2017-09-27T02:27:48Z", "event":"ReceiveText", "From":"$npc_name_decorate:#name=Emma Vartdal;", "From_Localised":"Emma Vartdal", "Message":"$Commuter_AuthorityScan10;", "Message_Localised":"You'll get no trouble from me, officer.", "Channel":"npc" }
{ "timestamp":"2017-09-27T02:57:11Z", "event":"MissionCompleted", "Faction":"People's G 41-14 Progressive Party", "Name":"Mission_Courier_Boom_name", "MissionID":213516913, "TargetFaction":"People's G 41-14 Progressive Party", "DestinationSystem":"G 41-14", "DestinationStation":"Ramon Hub", "Reward":57928 }
{ "timestamp":"2017-09-27T02:57:11Z", "event":"MaterialCollected", "Category":"Manufactured", "Name":"conductiveceramics", "Count":1 }
{ "timestamp":"2017-09-27T02:57:32Z", "event":"Undocked", "StationName":"Ramon Hub", "StationType":"Coriolis" }
{ "timestamp":"2017-09-27T02:57:52Z", "event":"Music", "MusicTrack":"NoTrack" }
{ "timestamp":"2017-09-27T02:58:03Z", "event":"ReceiveText", "From":"Ramon Hub", "Message":"$STATION_NoFireZone_exited;", "Message_Localised":"No fire zone left.", "Channel":"npc" }
{ "timestamp":"2017-09-27T02:58:52Z", "event":"StartJump", "JumpType":"Hyperspace", "StarSystem":"G 99-49", "StarClass":"M" }
{ "timestamp":"2017-09-27T02:58:57Z", "event":"Music", "MusicTrack":"Exploration" }
{ "timestamp":"2017-09-27T02:58:57Z", "event":"Music", "MusicTrack":"NoTrack" }
{ "timestamp":"2017-09-27T02:59:10Z", "event":"FSDJump", "StarSystem":"G 99-49", "StarPos":[7.156,-3.094,-15.688], "SystemAllegiance":"Federation", "SystemEconomy":"$economy_Military;", "SystemEconomy_Localised":"Military", "SystemGovernment":"$government_Corporate;", "SystemGovernment_Localised":"Corporate", "SystemSecurity":"$SYSTEM_SECURITY_medium;", "SystemSecurity_Localised":"Medium Security", "Population":678559, "JumpDist":12.513, "FuelUsed":0.665731, "FuelLevel":31.251123, "Factions":[ { "Name":"Pilots Federation Local Branch", "FactionState":"None", "Government":"Democracy", "Influence":0.000000, "Allegiance":"PilotsFederation" }, { "Name":"G 99-49 Life Industry", "FactionState":"None", "Government":"Corporate", "Influence":0.451000, "Allegiance":"Federation", "RecoveringStates":[ { "State":"Boom", "Trend":0 } ] }, { "Name":"Tau Ceti Crimson Legal Solutions", "FactionState":"Boom", "Government":"Corporate", "Influence":0.272000, "Allegiance":"Federation", "PendingStates":[ { "State":"Outbreak", "Trend":0 } ] }, { "Name":"LHS 2459 Advanced Corp.", "FactionState":"War", "Government":"Corporate", "Influence":0.043000, "Allegiance":"Federation", "PendingStates":[ { "State":"Boom", "Trend":1 }, { "State":"Bust", "Trend":1 } ] }, { "Name":"Uniting G 99-49", "FactionState":"War", "Government":"Cooperative", "Influence":0.011000, "Allegiance":"Independent", "PendingStates":[ { "State":"Boom", "Trend":1 } ] }, { "Name":"Ross 986 Gold Advanced Int", "FactionState":"None", "Government":"Corporate", "Influence":0.056000, "Allegiance":"Federation", "PendingStates":[ { "State":"Boom", "Trend":1 } ] }, { "Name":"Barons of G 99-49", "FactionState":"None", "Government":"Feudal", "Influence":0.097000, "Allegiance":"Independent" }, { "Name":"Pirates of G 99-49", "FactionState":"Boom", "Government":"Anarchy", "Influence":0.070000, "Allegiance":"Independent" } ], "SystemFaction":"G 99-49 Life Industry" }
{ "timestamp":"2017-09-27T02:59:11Z", "event":"Music", "MusicTrack":"DestinationFromHyperspace" }
{ "timestamp":"2017-09-27T02:59:15Z", "event":"Music", "MusicTrack":"Supercruise" }
{ "timestamp":"2017-09-27T02:59:24Z", "event":"FuelScoop", "Scooped":0.748883, "Total":32.000000 }
{ "timestamp":"2017-09-27T03:01:53Z", "event":"ApproachSettlement", "Name":"Carlisle Vision" }
{ "timestamp":"2017-09-27T03:01:55Z", "event":"ApproachSettlement", "Name":"Noguchi Arsenal" }
{ "timestamp":"2017-09-27T03:01:56Z", "event":"ApproachSettlement", "Name":"Payne Point ++" }
{ "timestamp":"2017-09-27T03:03:20Z", "event":"ApproachSettlement", "Name":"Noguchi Arsenal" }
{ "timestamp":"2017-09-27T03:03:22Z", "event":"SupercruiseExit", "StarSystem":"G 99-49", "Body":"G 99-49 4 d", "BodyType":"Planet" }
{ "timestamp":"2017-09-27T03:03:23Z", "event":"Music", "MusicTrack":"Exploration" }
{ "timestamp":"2017-09-27T03:03:40Z", "event":"Music", "MusicTrack":"NoTrack" }
{ "timestamp":"2017-09-27T03:03:58Z", "event":"DockingRequested", "StationName":"Noguchi Arsenal" }
{ "timestamp":"2017-09-27T03:03:58Z", "event":"ReceiveText", "From":"Noguchi Arsenal", "Message":"$DockingChatter_Neutral;", "Message_Localised":"Ensure to observe starport protocol during your visit, pilot.", "Channel":"npc" }
{ "timestamp":"2017-09-27T03:04:01Z", "event":"ReceiveText", "From":"Noguchi Arsenal", "Message":"$STATION_docking_granted;", "Message_Localised":"Docking request granted.", "Channel":"npc" }
{ "timestamp":"2017-09-27T03:04:01Z", "event":"DockingGranted", "LandingPad":10, "StationName":"Noguchi Arsenal" }
{ "timestamp":"2017-09-27T03:04:13Z", "event":"ReceiveText", "From":"Noguchi Arsenal", "Message":"$STATION_NoFireZone_entered;", "Message_Localised":"No fire zone entered.", "Channel":"npc" }
{ "timestamp":"2017-09-27T03:05:04Z", "event":"ReceiveText", "From":"$ShipName_Police_Federation;", "From_Localised":"Federal Security Service", "Message":"$Police_ThankYouPassedStopAndSearch06;", "Message_Localised":"We're done here pilot, move along.", "Channel":"npc" }
{ "timestamp":"2017-09-27T03:05:21Z", "event":"Docked", "StationName":"Noguchi Arsenal", "StationType":"SurfaceStation", "StarSystem":"G 99-49", "StationFaction":"G 99-49 Life Industry", "StationGovernment":"$government_Corporate;", "StationGovernment_Localised":"Corporate", "StationAllegiance":"Federation", "StationServices":[ "Dock", "Autodock", "Commodities", "Contacts", "Exploration", "Missions", "Outfitting", "CrewLounge", "Rearm", "Refuel", "Repair", "Shipyard", "Tuning", "MissionsGenerated", "FlightController", "StationOperations", "Powerplay", "SearchAndRescue" ], "StationEconomy":"$economy_Military;", "StationEconomy_Localised":"Military", "DistFromStarLS":1710.967285 }
{ "timestamp":"2017-09-27T03:05:56Z", "event":"MissionCompleted", "Faction":"Ross 986 Gold Advanced Int", "Name":"Mission_Courier_Boom_name", "MissionID":213516968, "TargetFaction":"Ross 986 Gold Advanced Int", "DestinationSystem":"G 99-49", "DestinationStation":"Noguchi Arsenal", "Reward":35181 }
{ "timestamp":"2017-09-27T03:07:34Z", "event":"Undocked", "StationName":"Noguchi Arsenal", "StationType":"SurfaceStation" }
{ "timestamp":"2017-09-27T03:08:48Z", "event":"ReceiveText", "From":"Noguchi Arsenal", "Message":"$STATION_NoFireZone_exited;", "Message_Localised":"No fire zone left.", "Channel":"npc" }
{ "timestamp":"2017-09-27T03:08:52Z", "event":"Music", "MusicTrack":"GalaxyMap" }
{ "timestamp":"2017-09-27T03:08:59Z", "event":"Music", "MusicTrack":"NoTrack" }
{ "timestamp":"2017-09-27T03:09:10Z", "event":"StartJump", "JumpType":"Supercruise" }
{ "timestamp":"2017-09-27T03:09:10Z", "event":"ApproachSettlement", "Name":"Noguchi Arsenal" }
{ "timestamp":"2017-09-27T03:09:10Z", "event":"ApproachSettlement", "Name":"Carlisle Vision" }
{ "timestamp":"2017-09-27T03:09:10Z", "event":"ApproachSettlement", "Name":"Payne Point ++" }
{ "timestamp":"2017-09-27T03:09:15Z", "event":"SupercruiseEntry", "StarSystem":"G 99-49" }
{ "timestamp":"2017-09-27T03:09:15Z", "event":"Music", "MusicTrack":"Supercruise" }
{ "timestamp":"2017-09-27T03:15:10Z", "event":"SupercruiseExit", "StarSystem":"G 99-49", "Body":"Linnaeus Station", "BodyType":"Station" }
{ "timestamp":"2017-09-27T03:15:10Z", "event":"Music", "MusicTrack":"DestinationFromSupercruise" }
{ "timestamp":"2017-09-27T03:15:15Z", "event":"Music", "MusicTrack":"NoTrack" }
{ "timestamp":"2017-09-27T03:15:31Z", "event":"ReceiveText", "From":"Linnaeus Station", "Message":"$STATION_NoFireZone_entered;", "Message_Localised":"No fire zone entered.", "Channel":"npc" }
{ "timestamp":"2017-09-27T03:15:37Z", "event":"DockingRequested", "StationName":"Linnaeus Station" }
{ "timestamp":"2017-09-27T03:15:37Z", "event":"ReceiveText", "From":"Linnaeus Station", "Message":"$DockingChatter_Neutral;", "Message_Localised":"Ensure to observe starport protocol during your visit, pilot.", "Channel":"npc" }
{ "timestamp":"2017-09-27T03:15:39Z", "event":"ReceiveText", "From":"Linnaeus Station", "Message":"$STATION_docking_granted;", "Message_Localised":"Docking request granted.", "Channel":"npc" }
{ "timestamp":"2017-09-27T03:15:39Z", "event":"DockingGranted", "LandingPad":41, "StationName":"Linnaeus Station" }
{ "timestamp":"2017-09-27T03:16:07Z", "event":"Scanned", "ScanType":"Cargo" }
{ "timestamp":"2017-09-27T03:16:07Z", "event":"ReceiveText", "From":"$ShipName_Police_Federation;", "From_Localised":"Federal Security Service", "Message":"$Police_ThankYouPassedStopAndSearch09;", "Message_Localised":"Move along, Commander, we're done here.", "Channel":"npc" }
{ "timestamp":"2017-09-27T03:16:12Z", "event":"Music", "MusicTrack":"Starport" }
{ "timestamp":"2017-09-27T03:16:42Z", "event":"Docked", "StationName":"Linnaeus Station", "StationType":"Coriolis", "StarSystem":"G 99-49", "StationFaction":"G 99-49 Life Industry", "StationGovernment":"$government_Corporate;", "StationGovernment_Localised":"Corporate", "StationAllegiance":"Federation", "StationServices":[ "Dock", "Autodock", "BlackMarket", "Commodities", "Contacts", "Exploration", "Missions", "Outfitting", "CrewLounge", "Rearm", "Refuel", "Repair", "Shipyard", "Tuning", "MissionsGenerated", "FlightController", "StationOperations", "Powerplay", "SearchAndRescue" ], "StationEconomy":"$economy_Refinery;", "StationEconomy_Localised":"Refinery", "DistFromStarLS":14761.609375 }
{ "timestamp":"2017-09-27T03:16:54Z", "event":"RefuelAll", "Cost":25, "Amount":0.489064 }
{ "timestamp":"2017-09-27T03:17:12Z", "event":"MissionCompleted", "Faction":"Tau Ceti Crimson Legal Solutions", "Name":"Mission_Courier_Boom_name", "MissionID":213516876, "TargetFaction":"Tau Ceti Crimson Legal Solutions", "DestinationSystem":"G 99-49", "DestinationStation":"Linnaeus Station", "Reward":32849 }
{ "timestamp":"2017-09-27T06:45:01Z", "event":"Music", "MusicTrack":"Exploration" }
