{ "timestamp":"2017-02-09T03:42:14Z", "event":"Fileheader", "part":1, "language":"English\\UK", "gameversion":"2.2", "build":"r131487/r0 " }
{ "timestamp":"2017-02-09T03:45:06Z", "event":"LoadGame", "Commander":"Kith000", "Ship":"Asp", "ShipID":7, "GameMode":"Group", "Group":"MOBIUS PVE", "Credits":44259634, "Loan":0 }
{ "timestamp":"2017-02-09T03:45:06Z", "event":"Rank", "Combat":5, "Trade":4, "Explore":2, "Empire":0, "Federation":2, "CQC":0 }
{ "timestamp":"2017-02-09T03:45:06Z", "event":"Progress", "Combat":11, "Trade":57, "Explore":16, "Empire":100, "Federation":83, "CQC":40 }
{ "timestamp":"2017-02-09T03:45:33Z", "event":"Location", "Docked":false, "StarSystem":"Maia", "StarPos":[-81.781,-149.438,-343.375], "SystemAllegiance":"Independent", "SystemEconomy":"$economy_Refinery;", "SystemEconomy_Localised":"Refinery", "SystemGovernment":"$government_Anarchy;", "SystemGovernment_Localised":"Anarchy", "SystemSecurity":"$GAlAXY_MAP_INFO_state_anarchy;", "SystemSecurity_Localised":"Anarchy", "Body":"Maia A", "BodyType":"Star", "SystemFaction":"The Ant Hill Mob" }
{ "timestamp":"2017-02-09T03:53:22Z", "event":"SupercruiseEntry", "StarSystem":"Maia" }
{ "timestamp":"2017-02-09T03:54:37Z", "event":"SupercruiseExit", "StarSystem":"Maia", "Body":"Maia A", "BodyType":"Star" }
{ "timestamp":"2017-02-09T03:55:30Z", "event":"ReceiveText", "From":"$npc_name_decorate:#name=Puh;", "From_Localised":"Puh", "Message":"$Pirate_OnStartScanCargo08;", "Message_Localised":"What do you have in your cargo hold?", "Channel":"npc" }
{ "timestamp":"2017-02-09T03:55:33Z", "event":"SupercruiseEntry", "StarSystem":"Maia" }
{ "timestamp":"2017-02-09T03:57:10Z", "event":"ReceiveText", "From":"$npc_name_decorate:#name=Citizen G'Kar;", "From_Localised":"Citizen G'Kar", "Message":"$Pirate_StartInterdiction03;", "Message_Localised":"I have you now!", "Channel":"npc" }
{ "timestamp":"2017-02-09T03:57:39Z", "event":"EscapeInterdiction", "Interdictor":"Citizen G'Kar", "IsPlayer":false }
{ "timestamp":"2017-02-09T03:59:44Z", "event":"SupercruiseExit", "StarSystem":"Maia", "Body":"Obsidian Orbital", "BodyType":"Station" }
{ "timestamp":"2017-02-09T03:59:59Z", "event":"DockingRequested", "StationName":"Obsidian Orbital" }
{ "timestamp":"2017-02-09T03:59:59Z", "event":"ReceiveText", "From":"Obsidian Orbital", "Message":"$DockingChatter_Neutral;", "Message_Localised":"Ensure to observe starport protocol during your visit, pilot.", "Channel":"npc" }
{ "timestamp":"2017-02-09T04:00:00Z", "event":"ReceiveText", "From":"Obsidian Orbital", "Message":"$STATION_docking_granted;", "Message_Localised":"Docking request granted.", "Channel":"npc" }
{ "timestamp":"2017-02-09T04:00:00Z", "event":"DockingGranted", "LandingPad":23, "StationName":"Obsidian Orbital" }
{ "timestamp":"2017-02-09T04:00:13Z", "event":"ReceiveText", "From":"Obsidian Orbital", "Message":"$STATION_NoFireZone_entered;", "Message_Localised":"No fire zone entered.", "Channel":"npc" }
{ "timestamp":"2017-02-09T04:00:29Z", "event":"ReceiveText", "From":"$npc_name_decorate:#name=Torval's Shield;", "From_Localised":"Torval's Shield", "Message":"$PowersPirate_OnStartScanCargo03;", "Message_Localised":"Let's see if you have anything for us.", "Channel":"npc" }
{ "timestamp":"2017-02-09T04:00:49Z", "event":"ReceiveText", "From":"$npc_name_decorate:#name=ABW Galactic Travel Agency;", "From_Localised":"ABW Galactic Travel Agency", "Message":"$Commuter_HostileScan03;", "Message_Localised":"We have no valuable cargo onboard, please halt your scan.", "Channel":"npc" }
{ "timestamp":"2017-02-09T04:01:32Z", "event":"Docked", "StationName":"Obsidian Orbital", "StationType":"Bernal", "StarSystem":"Maia", "StationFaction":"The Ant Hill Mob", "StationGovernment":"$government_Anarchy;", "StationGovernment_Localised":"Anarchy", "StationEconomy":"$economy_HighTech;", "StationEconomy_Localised":"High tech" }
{ "timestamp":"2017-02-09T04:06:06Z", "event":"ReceiveText", "From":"$npc_name_decorate:#name=Torval's Shield;", "From_Localised":"Torval's Shield", "Message":"$BadKarmaCriticalDamage07;", "Message_Localised":"Too much damage!", "Channel":"npc" }
{ "timestamp":"2017-02-09T04:06:30Z", "event":"ReceiveText", "From":"$npc_name_decorate:#name=DG Space Tours;", "From_Localised":"DG Space Tours", "Message":"$Commuter_HostileScan04;", "Message_Localised":"This is not the trading ship you are looking for.", "Channel":"npc" }
{ "timestamp":"2017-02-09T04:12:10Z", "event":"ReceiveText", "From":"$npc_name_decorate:#name=ABW Galactic Travel Agency;", "From_Localised":"ABW Galactic Travel Agency", "Message":"$Commuter_HostileScan03;", "Message_Localised":"We have no valuable cargo onboard, please halt your scan.", "Channel":"npc" }
{ "timestamp":"2017-02-09T04:49:04Z", "event":"ReceiveText", "From":"$npc_name_decorate:#name=ABW Galactic Travel Agency;", "From_Localised":"ABW Galactic Travel Agency", "Message":"$Commuter_HostileScan01;", "Message_Localised":"Please cease your unauthorised scan immediately.", "Channel":"npc" }
{ "timestamp":"2017-02-09T04:49:08Z", "event":"ReceiveText", "From":"$npc_name_decorate:#name=Beautiful Corner Tours;", "From_Localised":"Beautiful Corner Tours", "Message":"$Commuter_HostileScan04;", "Message_Localised":"This is not the trading ship you are looking for.", "Channel":"npc" }
{ "timestamp":"2017-02-09T04:56:52Z", "event":"ReceiveText", "From":"$cmdr_decorate:#name=Apex Firethorn;", "From_Localised":"CMDR Apex Firethorn", "Message":"Remind me not to drink and drive....", "Channel":"local" }
{ "timestamp":"2017-02-09T05:00:37Z", "event":"ReceiveText", "From":"$npc_name_decorate:#name=DG Space Tours;", "From_Localised":"DG Space Tours", "Message":"$Commuter_HostileScan01;", "Message_Localised":"Please cease your unauthorised scan immediately.", "Channel":"npc" }
{ "timestamp":"2017-02-09T05:00:59Z", "event":"ReceiveText", "From":"$npc_name_decorate:#name=Vorius;", "From_Localised":"Vorius", "Message":"$BadKarmaCriticalDamage07;", "Message_Localised":"Too much damage!", "Channel":"npc" }
{ "timestamp":"2017-02-09T05:02:47Z", "event":"ReceiveText", "From":"$npc_name_decorate:#name=Sirius Transport;", "From_Localised":"Sirius Transport", "Message":"$BadKarmaCriticalDamage05;", "Message_Localised":"No, no!", "Channel":"npc" }
{ "timestamp":"2017-02-09T05:03:41Z", "event":"ReceiveText", "From":"$npc_name_decorate:#name=DG Space Tours;", "From_Localised":"DG Space Tours", "Message":"$Commuter_HostileScan03;", "Message_Localised":"We have no valuable cargo onboard, please halt your scan.", "Channel":"npc" }
{ "timestamp":"2017-02-09T05:05:50Z", "event":"ReceiveText", "From":"$npc_name_decorate:#name=DG Space Tours;", "From_Localised":"DG Space Tours", "Message":"$Commuter_HostileScan04;", "Message_Localised":"This is not the trading ship you are looking for.", "Channel":"npc" }
{ "timestamp":"2017-02-09T05:25:19Z", "event":"ReceiveText", "From":"$npc_name_decorate:#name=Beautiful Corner Tours;", "From_Localised":"Beautiful Corner Tours", "Message":"$Commuter_HostileScan03;", "Message_Localised":"We have no valuable cargo onboard, please halt your scan.", "Channel":"npc" }
{ "timestamp":"2017-02-09T05:27:49Z", "event":"ReceiveText", "From":"$npc_name_decorate:#name=Paine Pleasure Cruises;", "From_Localised":"Paine Pleasure Cruises", "Message":"$Commuter_HostileScan05;", "Message_Localised":"Your ship's ID has been logged, any active hostilities will result in criminal charges being brought against you.", "Channel":"npc" }
{ "timestamp":"2017-02-09T05:35:26Z", "event":"ReceiveText", "From":"$npc_name_decorate:#name=Trikkx Dark;", "From_Localised":"Trikkx Dark", "Message":"$Commuter_HostileScan03;", "Message_Localised":"We have no valuable cargo onboard, please halt your scan.", "Channel":"npc" }
{ "timestamp":"2017-02-09T05:37:40Z", "event":"ReceiveText", "From":"$npc_name_decorate:#name=AbuJordan;", "From_Localised":"AbuJordan", "Message":"$Commuter_HostileScan04;", "Message_Localised":"This is not the trading ship you are looking for.", "Channel":"npc" }
{ "timestamp":"2017-02-09T05:38:38Z", "event":"ReceiveText", "From":"$npc_name_decorate:#name=DG Space Tours;", "From_Localised":"DG Space Tours", "Message":"$Commuter_HostileScan03;", "Message_Localised":"We have no valuable cargo onboard, please halt your scan.", "Channel":"npc" }
