{ "timestamp":"2017-04-18T03:47:41Z", "event":"Fileheader", "part":1, "language":"English\\UK", "gameversion":"2.3", "build":"r141964/r0 " }
{ "timestamp":"2017-04-18T03:50:01Z", "event":"Cargo", "Inventory":[  ] }
{ "timestamp":"2017-04-18T03:50:01Z", "event":"Loadout", "Ship":"Vulture", "ShipID":3, "ShipName":"SS Minnow Johnson", "ShipIdent":"KI-25V", "Modules":[ { "Slot":"LargeHardpoint1", "Item":"Hpt_PulseLaser_Gimbal_Large", "On":true, "Priority":0, "Health":1.000000, "Value":140600 }, { "Slot":"LargeHardpoint2", "Item":"Hpt_PulseLaser_Gimbal_Large", "On":true, "Priority":0, "Health":1.000000, "Value":140600 }, { "Slot":"TinyHardpoint1", "Item":"Hpt_CrimeScanner_Size0_Class1", "On":true, "Priority":0, "Health":1.000000, "Value":13544 }, { "Slot":"TinyHardpoint2", "Item":"Hpt_ShieldBooster_Size0_Class5", "On":true, "Priority":0, "Health":1.000000, "Value":281000 }, { "Slot":"TinyHardpoint3", "Item":"Hpt_ChaffLauncher_Tiny", "On":true, "Priority":0, "AmmoInClip":1, "AmmoInHopper":1, "Health":1.000000, "Value":8500 }, { "Slot":"TinyHardpoint4", "Item":"Hpt_ShieldBooster_Size0_Class5", "On":true, "Priority":0, "Health":1.000000, "Value":281000 }, { "Slot":"Armour", "Item":"Vulture_Armour_Grade1", "On":true, "Priority":1, "Health":1.000000, "Value":0 }, { "Slot":"PaintJob", "Item":"PaintJob_Vulture_Tactical_White", "On":true, "Priority":1, "Health":1.000000, "Value":0 }, { "Slot":"PowerPlant", "Item":"Int_Powerplant_Size4_Class5", "On":true, "Priority":1, "Health":1.000000, "Value":1610080 }, { "Slot":"MainEngines", "Item":"Int_Engine_Size5_Class5", "On":true, "Priority":0, "Health":0.986865, "Value":5103953 }, { "Slot":"FrameShiftDrive", "Item":"Int_Hyperdrive_Size4_Class5", "On":true, "Priority":1, "Health":0.979932, "Value":1610080 }, { "Slot":"LifeSupport", "Item":"Int_LifeSupport_Size3_Class1", "On":true, "Priority":0, "Health":1.000000, "Value":4053 }, { "Slot":"PowerDistributor", "Item":"Int_PowerDistributor_Size5_Class5", "On":true, "Priority":0, "Health":0.981935, "Value":1241317, "EngineerBlueprint":"PowerDistributor_HighFrequency", "EngineerLevel":1 }, { "Slot":"Radar", "Item":"Int_Sensors_Size4_Class5", "On":true, "Priority":0, "Health":1.000000, "Value":443328 }, { "Slot":"FuelTank", "Item":"Int_FuelTank_Size3_Class3", "On":true, "Priority":1, "Health":1.000000, "Value":7063 }, { "Slot":"Slot01_Size5", "Item":"Int_ShieldGenerator_Size5_Class3_Fast", "On":true, "Priority":0, "Health":1.000000, "Value":850659 }, { "Slot":"Slot02_Size4", "Item":"Int_HullReinforcement_Size4_Class2", "On":true, "Priority":1, "Health":1.000000, "Value":195000 }, { "Slot":"Slot03_Size2", "Item":"Int_HullReinforcement_Size1_Class2", "On":true, "Priority":1, "Health":1.000000, "Value":15000 }, { "Slot":"Slot05_Size1", "Item":"Int_FuelScoop_Size1_Class4", "On":true, "Priority":1, "Health":1.000000, "Value":20568 }, { "Slot":"Slot06_Size1", "Item":"Int_StellarBodyDiscoveryScanner_Standard", "On":true, "Priority":1, "Health":1.000000, "Value":1000 }, { "Slot":"Military01", "Item":"Int_HullReinforcement_Size4_Class2", "On":true, "Priority":1, "Health":1.000000, "Value":195000 }, { "Slot":"PlanetaryApproachSuite", "Item":"Int_PlanetApproachSuite", "On":true, "Priority":1, "Health":1.000000, "Value":500 }, { "Slot":"ShipKitSpoiler", "Item":"Vulture_Shipkit1_Spoiler4", "On":true, "Priority":1, "Health":1.000000, "Value":0 }, { "Slot":"ShipKitWings", "Item":"Vulture_Shipkit1_Wings2", "On":true, "Priority":1, "Health":1.000000, "Value":0 }, { "Slot":"ShipKitTail", "Item":"Vulture_Shipkit1_Tail4", "On":true, "Priority":1, "Health":1.000000, "Value":0 }, { "Slot":"ShipKitBumper", "Item":"Vulture_Shipkit1_Bumper4", "On":true, "Priority":1, "Health":1.000000, "Value":0 }, { "Slot":"ShipCockpit", "Item":"Vulture_Cockpit", "On":true, "Priority":1, "Health":1.000000, "Value":0 }, { "Slot":"CargoHatch", "Item":"ModularCargoBayDoor", "On":true, "Priority":2, "Health":1.000000, "Value":0 } ] }
{ "timestamp":"2017-04-18T03:50:01Z", "event":"Materials", "Raw":[ { "Name":"iron", "Count":8 }, { "Name":"sulphur", "Count":44 }, { "Name":"phosphorus", "Count":30 }, { "Name":"manganese", "Count":12 }, { "Name":"nickel", "Count":11 }, { "Name":"carbon", "Count":11 }, { "Name":"cadmium", "Count":12 }, { "Name":"germanium", "Count":3 }, { "Name":"tungsten", "Count":3 }, { "Name":"arsenic", "Count":3 }, { "Name":"zinc", "Count":6 }, { "Name":"selenium", "Count":12 }, { "Name":"vanadium", "Count":3 }, { "Name":"antimony", "Count":3 } ], "Manufactured":[ { "Name":"hybridcapacitors", "Count":1 }, { "Name":"focuscrystals", "Count":1 }, { "Name":"salvagedalloys", "Count":1 }, { "Name":"shieldemitters", "Count":5 }, { "Name":"galvanisingalloys", "Count":4 }, { "Name":"phasealloys", "Count":7 }, { "Name":"highdensitycomposites", "Count":3 }, { "Name":"compoundshielding", "Count":6 }, { "Name":"refinedfocuscrystals", "Count":2 }, { "Name":"conductivecomponents", "Count":3 }, { "Name":"heatresistantceramics", "Count":1 } ], "Encoded":[ { "Name":"shieldcyclerecordings", "Count":44 }, { "Name":"emissiondata", "Count":31 }, { "Name":"encodedscandata", "Count":2 }, { "Name":"decodedemissiondata", "Count":120 }, { "Name":"shieldsoakanalysis", "Count":24 }, { "Name":"scandatabanks", "Count":33 }, { "Name":"bulkscandata", "Count":16 }, { "Name":"archivedemissiondata", "Count":2 }, { "Name":"shielddensityreports", "Count":48 }, { "Name":"shieldpatternanalysis", "Count":108 }, { "Name":"compactemissionsdata", "Count":5 }, { "Name":"shieldfrequencydata", "Count":3 }, { "Name":"consumerfirmware", "Count":1 }, { "Name":"hyperspacetrajectories", "Count":1 }, { "Name":"scrambledemissiondata", "Count":1 }, { "Name":"scanarchives", "Count":19 }, { "Name":"classifiedscandata", "Count":4 } ] }
{ "timestamp":"2017-04-18T03:50:01Z", "event":"LoadGame", "Commander":"Kith000", "Ship":"Vulture", "ShipID":3, "ShipName":"SS Minnow Johnson", "ShipIdent":"KI-25V", "FuelLevel":6.858389, "FuelCapacity":8.000000, "GameMode":"Solo", "Credits":49182604, "Loan":0 }
{ "timestamp":"2017-04-18T03:50:01Z", "event":"Rank", "Combat":5, "Trade":4, "Explore":2, "Empire":0, "Federation":2, "CQC":0 }
{ "timestamp":"2017-04-18T03:50:01Z", "event":"Progress", "Combat":25, "Trade":59, "Explore":20, "Empire":100, "Federation":83, "CQC":40 }
{ "timestamp":"2017-04-18T03:50:13Z", "event":"Location", "Docked":true, "StationName":"Jackson Gateway", "StationType":"Coriolis", "StarSystem":"Susano", "StarPos":[133.188,-209.719,-19.344], "SystemAllegiance":"Empire", "SystemEconomy":"$economy_Industrial;", "SystemEconomy_Localised":"Industrial", "SystemGovernment":"$government_Patronage;", "SystemGovernment_Localised":"Patronage", "SystemSecurity":"$SYSTEM_SECURITY_medium;", "SystemSecurity_Localised":"Medium Security", "Body":"Jackson Gateway", "BodyType":"Station", "Factions":[ { "Name":"Susano Patron's Principles", "FactionState":"None", "Government":"Patronage", "Influence":0.505495, "Allegiance":"Empire" }, { "Name":"HIP 13979 Advanced Systems", "FactionState":"Boom", "Government":"Corporate", "Influence":0.166833, "Allegiance":"Empire" }, { "Name":"HIP 14045 Empire Party", "FactionState":"None", "Government":"Patronage", "Influence":0.102897, "Allegiance":"Empire" }, { "Name":"Nationalists of Mehnemind", "FactionState":"None", "Government":"Dictatorship", "Influence":0.130869, "Allegiance":"Empire" }, { "Name":"Susano Natural Group", "FactionState":"None", "Government":"Corporate", "Influence":0.051948, "Allegiance":"Independent" }, { "Name":"Partnership of Susano", "FactionState":"None", "Government":"Anarchy", "Influence":0.009990, "Allegiance":"Independent" }, { "Name":"Independent Susano Labour", "FactionState":"None", "Government":"Democracy", "Influence":0.031968, "Allegiance":"Independent" } ], "SystemFaction":"Susano Patron's Principles" }
{ "timestamp":"2017-04-18T03:50:14Z", "event":"Docked", "StationName":"Jackson Gateway", "StationType":"Coriolis", "StarSystem":"Susano", "StationFaction":"Susano Patron's Principles", "StationGovernment":"$government_Patronage;", "StationGovernment_Localised":"Patronage", "StationAllegiance":"Empire", "StationEconomy":"$economy_Industrial;", "StationEconomy_Localised":"Industrial", "DistFromStarLS":1548.435303 }
{ "timestamp":"2017-04-18T03:55:34Z", "event":"ReceiveText", "From":"$npc_name_decorate:#name=David Morris;", "From_Localised":"David Morris", "Message":"$Commuter_AuthorityScan08;", "Message_Localised":"You've got no right to scan me, officer!", "Channel":"npc" }
{ "timestamp":"2017-04-18T03:57:45Z", "event":"ReceiveText", "From":"$npc_name_decorate:#name=Chris Norris;", "From_Localised":"Chris Norris", "Message":"$Commuter_AuthorityScan01;", "Message_Localised":"Is there a problem here, officer?", "Channel":"npc" }
{ "timestamp":"2017-04-18T03:59:10Z", "event":"ReceiveText", "From":"$npc_name_decorate:#name=Whoryder;", "From_Localised":"Whoryder", "Message":"$Commuter_AuthorityScan09;", "Message_Localised":"Can we hurry this up please, officer?", "Channel":"npc" }
{ "timestamp":"2017-04-18T04:08:23Z", "event":"BuyAmmo", "Cost":900 }
{ "timestamp":"2017-04-18T04:08:24Z", "event":"RefuelAll", "Cost":66, "Amount":1.284113 }
{ "timestamp":"2017-04-18T04:08:49Z", "event":"ModuleBuy", "Slot":"Slot03_Size2", "SellItem":"$int_hullreinforcement_size1_class2_name;", "SellItem_Localised":"Hull Reinforcement", "SellPrice":15000, "BuyItem":"$int_cargorack_size2_class1_name;", "BuyItem_Localised":"Cargo Rack", "BuyPrice":3250, "Ship":"vulture", "ShipID":3 }
{ "timestamp":"2017-04-18T04:09:02Z", "event":"RepairAll", "Cost":1405 }
{ "timestamp":"2017-04-18T04:09:59Z", "event":"MissionAccepted", "Faction":"Susano Patron's Principles", "Name":"Mission_Piracy_RankEmp", "Commodity":"$Lithium_Name;", "Commodity_Localised":"Lithium", "Count":4, "DestinationSystem":"Jagaluk", "DestinationStation":"King Hub", "Target":"JAAHAS", "Expiry":"2017-04-18T16:01:37Z", "Influence":"High", "Reputation":"Med", "MissionID":124976431 }
{ "timestamp":"2017-04-18T04:10:33Z", "event":"ReceiveText", "From":"$npc_name_decorate:#name=Paine;", "From_Localised":"Paine", "Message":"$Commuter_HostileScan03;", "Message_Localised":"We have no valuable cargo onboard, please halt your scan.", "Channel":"npc" }
{ "timestamp":"2017-04-18T04:10:44Z", "event":"ModuleBuy", "Slot":"Slot05_Size1", "StoredItem":"$int_fuelscoop_size1_class4_name;", "StoredItem_Localised":"Fuel Scoop", "BuyItem":"$int_dronecontrol_resourcesiphon_size1_class5_name;", "BuyItem_Localised":"Hatch Breaker", "BuyPrice":9600, "Ship":"vulture", "ShipID":3 }
{ "timestamp":"2017-04-18T04:10:46Z", "event":"ShieldState", "ShieldsUp":false }
{ "timestamp":"2017-04-18T04:11:00Z", "event":"ShieldState", "ShieldsUp":true }
{ "timestamp":"2017-04-18T04:12:25Z", "event":"BuyDrones", "Type":"Drones", "Count":4, "BuyPrice":101, "TotalCost":404 }
{ "timestamp":"2017-04-18T04:12:56Z", "event":"Undocked", "StationName":"Jackson Gateway", "StationType":"Coriolis" }
{ "timestamp":"2017-04-18T04:14:04Z", "event":"Scanned", "ScanType":"Cargo" }
{ "timestamp":"2017-04-18T04:14:04Z", "event":"ReceiveText", "From":"$ShipName_Police_Empire;", "From_Localised":"Internal Security Service", "Message":"$Police_ThankYouPassedStopAndSearch01;", "Message_Localised":"Thank you for your cooperation, Commander.", "Channel":"npc" }
{ "timestamp":"2017-04-18T04:15:22Z", "event":"ReceiveText", "From":"Jackson Gateway", "Message":"$STATION_NoFireZone_exited;", "Message_Localised":"No fire zone left.", "Channel":"npc" }
{ "timestamp":"2017-04-18T04:15:46Z", "event":"ShieldState", "ShieldsUp":false }
{ "timestamp":"2017-04-18T04:15:51Z", "event":"ReceiveText", "From":"$npc_name_decorate:#name=Ryoushi Nekittou;", "From_Localised":"Ryoushi Nekittou", "Message":"$Commuter_AuthorityScan10;", "Message_Localised":"You'll get no trouble from me, officer.", "Channel":"npc" }
{ "timestamp":"2017-04-18T04:15:53Z", "event":"ReceiveText", "From":"$npc_name_decorate:#name=iluciv;", "From_Localised":"iluciv", "Message":"$Smuggler_NearDeath02;", "Message_Localised":"I won't let it end like this!", "Channel":"npc" }
{ "timestamp":"2017-04-18T04:17:53Z", "event":"StartJump", "JumpType":"Hyperspace", "StarSystem":"Jagaluk", "StarClass":"M" }
{ "timestamp":"2017-04-18T04:17:54Z", "event":"Scanned", "ScanType":"Cargo" }
{ "timestamp":"2017-04-18T04:17:54Z", "event":"ReceiveText", "From":"$npc_name_decorate:#name=Aisling Guardian;", "From_Localised":"Aisling Guardian", "Message":"$Generic_NoAttackGeneric04;", "Message_Localised":"Damn! You're useless to me! They said this sector was rich pickings, what gives?", "Channel":"npc" }
{ "timestamp":"2017-04-18T04:18:12Z", "event":"FSDJump", "StarSystem":"Jagaluk", "StarPos":[130.313,-215.844,-24.125], "SystemAllegiance":"Empire", "SystemEconomy":"$economy_Military;", "SystemEconomy_Localised":"Military", "SystemGovernment":"$government_Corporate;", "SystemGovernment_Localised":"Corporate", "SystemSecurity":"$SYSTEM_SECURITY_low;", "SystemSecurity_Localised":"Low Security", "JumpDist":8.285, "FuelUsed":0.724787, "FuelLevel":7.275213, "Factions":[ { "Name":"Susano Patron's Principles", "FactionState":"None", "Government":"Patronage", "Influence":0.010000, "Allegiance":"Empire" }, { "Name":"HIP 13129 Empire Group", "FactionState":"Election", "Government":"Patronage", "Influence":0.132000, "Allegiance":"Empire" }, { "Name":"HIP 14415 Empire Assembly", "FactionState":"Election", "Government":"Patronage", "Influence":0.132000, "Allegiance":"Empire" }, { "Name":"HIP 14045 Empire Party", "FactionState":"None", "Government":"Patronage", "Influence":0.120000, "Allegiance":"Empire" }, { "Name":"Jagaluk Solutions", "FactionState":"None", "Government":"Corporate", "Influence":0.349000, "Allegiance":"Empire" }, { "Name":"Jagaluk Dynasty", "FactionState":"Outbreak", "Government":"Feudal", "Influence":0.239000, "Allegiance":"Independent" }, { "Name":"Partnership of Jagaluk", "FactionState":"None", "Government":"Anarchy", "Influence":0.018000, "Allegiance":"Independent" } ], "SystemFaction":"Jagaluk Solutions" }
{ "timestamp":"2017-04-18T04:19:14Z", "event":"USSDrop", "USSType":"$USS_Type_Convoy;", "USSType_Localised":"Convoy dispersal pattern detected", "USSThreat":2 }
{ "timestamp":"2017-04-18T04:19:15Z", "event":"SupercruiseExit", "StarSystem":"Jagaluk", "Body":"Jagaluk A", "BodyType":"Star" }
{ "timestamp":"2017-04-18T04:19:49Z", "event":"ReceiveText", "From":"$npc_name_decorate:#name=Medical Transport;", "From_Localised":"Medical Transport", "Message":"$TransportMissionPatrolComs08;", "Message_Localised":"This mission succeeds, I guess we're all looking at promotions. Stay sharp. Transport out.", "Channel":"npc" }
{ "timestamp":"2017-04-18T04:20:03Z", "event":"StartJump", "JumpType":"Supercruise" }
{ "timestamp":"2017-04-18T04:20:04Z", "event":"ReceiveText", "From":"$npc_name_decorate:#name=Medical Transport;", "From_Localised":"Medical Transport", "Message":"$TransportMissionPatrolComs01;", "Message_Localised":"Transport reporting in, cargo secure... I guess...", "Channel":"npc" }
{ "timestamp":"2017-04-18T04:20:08Z", "event":"SupercruiseEntry", "StarSystem":"Jagaluk" }
{ "timestamp":"2017-04-18T04:21:09Z", "event":"SupercruiseExit", "StarSystem":"Jagaluk", "Body":"Jagaluk A", "BodyType":"Star" }
{ "timestamp":"2017-04-18T04:22:03Z", "event":"Scanned", "ScanType":"Crime" }
{ "timestamp":"2017-04-18T04:22:03Z", "event":"ReceiveText", "From":"$npc_name_decorate:#name=punderwood;", "From_Localised":"punderwood", "Message":"$BountyHunter_ThankYouPassedStopAndSearch02;", "Message_Localised":"You're not the one I'm looking for. Move along.", "Channel":"npc" }
{ "timestamp":"2017-04-18T04:22:19Z", "event":"Scanned", "ScanType":"Crime" }
{ "timestamp":"2017-04-18T04:22:19Z", "event":"ReceiveText", "From":"$npc_name_decorate:#name=Brandon Upstart;", "From_Localised":"Brandon Upstart", "Message":"$Police_ThankYouPassedStopAndSearch06;", "Message_Localised":"We're done here pilot, move along.", "Channel":"npc" }
{ "timestamp":"2017-04-18T04:24:30Z", "event":"StartJump", "JumpType":"Supercruise" }
{ "timestamp":"2017-04-18T04:24:33Z", "event":"ReceiveText", "From":"$npc_name_decorate:#name=punderwood;", "From_Localised":"punderwood", "Message":"$MisfortuneCriticalDamage10;", "Message_Localised":"Don't scratch the paint - it cost me a fortune!", "Channel":"npc" }
{ "timestamp":"2017-04-18T04:24:35Z", "event":"SupercruiseEntry", "StarSystem":"Jagaluk" }
{ "timestamp":"2017-04-18T04:27:49Z", "event":"ReceiveText", "From":"$npc_name_decorate:#name=Pritch;", "From_Localised":"Pritch", "Message":"$Pirate_StartInterdiction03;", "Message_Localised":"I have you now!", "Channel":"npc" }
{ "timestamp":"2017-04-18T04:28:15Z", "event":"EscapeInterdiction", "Interdictor":"Pritch", "IsPlayer":false }
{ "timestamp":"2017-04-18T04:28:36Z", "event":"USSDrop", "USSType":"$USS_Type_MissionTarget;", "USSType_Localised":"Mission target", "USSThreat":1 }
{ "timestamp":"2017-04-18T04:28:38Z", "event":"SupercruiseExit", "StarSystem":"Jagaluk", "Body":"Jagaluk A 2", "BodyType":"Planet" }
{ "timestamp":"2017-04-18T04:28:55Z", "event":"ReceiveText", "From":"$npc_name_decorate:#name=JAAHAS;", "From_Localised":"JAAHAS", "Message":"$Trader_AttackRun02;", "Message_Localised":"I don't roll over for anyone!", "Channel":"npc" }
{ "timestamp":"2017-04-18T04:28:56Z", "event":"CommitCrime", "CrimeType":"assault", "Faction":"Jagaluk Solutions", "Victim":"JAAHAS", "Bounty":400 }
{ "timestamp":"2017-04-18T04:33:45Z", "event":"CollectCargo", "Type":"Lithium", "Stolen":true }
{ "timestamp":"2017-04-18T04:33:57Z", "event":"ReceiveText", "From":"$ShipName_Police_Empire;", "From_Localised":"Internal Security Service", "Message":"$Police_ArriveInvestigate01;", "Message_Localised":"Investigating reports of crime.", "Channel":"npc" }
{ "timestamp":"2017-04-18T04:34:10Z", "event":"ReceiveText", "From":"$ShipName_Police_Empire;", "From_Localised":"Internal Security Service", "Message":"$Police_ArrivedAtInvestigationLocation02;", "Message_Localised":"Cease and desist! Submit to authority scans immediately!", "Channel":"npc" }
{ "timestamp":"2017-04-18T04:35:09Z", "event":"StartJump", "JumpType":"Supercruise" }
{ "timestamp":"2017-04-18T04:35:14Z", "event":"SupercruiseEntry", "StarSystem":"Jagaluk" }
{ "timestamp":"2017-04-18T04:36:42Z", "event":"ReceiveText", "From":"$npc_name_decorate:#name=Mike Spence;", "From_Localised":"Mike Spence", "Message":"$Pirate_StartInterdiction08;", "Message_Localised":"I've found my next target and it's you, Commander.", "Channel":"npc" }
{ "timestamp":"2017-04-18T04:37:11Z", "event":"EscapeInterdiction", "Interdictor":"Mike Spence", "IsPlayer":false }
{ "timestamp":"2017-04-18T04:38:53Z", "event":"USSDrop", "USSType":"$USS_Type_MissionTarget;", "USSType_Localised":"Mission target", "USSThreat":1 }
{ "timestamp":"2017-04-18T04:38:55Z", "event":"SupercruiseExit", "StarSystem":"Jagaluk", "Body":"Jagaluk A 2", "BodyType":"Planet" }
{ "timestamp":"2017-04-18T04:39:18Z", "event":"CommitCrime", "CrimeType":"assault", "Faction":"Jagaluk Solutions", "Victim":"JAAHAS", "Bounty":400 }
{ "timestamp":"2017-04-18T04:40:48Z", "event":"CollectCargo", "Type":"Lithium", "Stolen":true }
{ "timestamp":"2017-04-18T04:41:18Z", "event":"CollectCargo", "Type":"Lithium", "Stolen":true }
{ "timestamp":"2017-04-18T04:41:56Z", "event":"CollectCargo", "Type":"Lithium", "Stolen":true }
{ "timestamp":"2017-04-18T04:42:20Z", "event":"StartJump", "JumpType":"Supercruise" }
{ "timestamp":"2017-04-18T04:42:25Z", "event":"SupercruiseEntry", "StarSystem":"Jagaluk" }
{ "timestamp":"2017-04-18T04:42:50Z", "event":"StartJump", "JumpType":"Hyperspace", "StarSystem":"Susano", "StarClass":"K" }
{ "timestamp":"2017-04-18T04:43:09Z", "event":"FSDJump", "StarSystem":"Susano", "StarPos":[133.188,-209.719,-19.344], "SystemAllegiance":"Empire", "SystemEconomy":"$economy_Industrial;", "SystemEconomy_Localised":"Industrial", "SystemGovernment":"$government_Patronage;", "SystemGovernment_Localised":"Patronage", "SystemSecurity":"$SYSTEM_SECURITY_medium;", "SystemSecurity_Localised":"Medium Security", "JumpDist":8.285, "FuelUsed":0.719073, "FuelLevel":5.986139, "Factions":[ { "Name":"Susano Patron's Principles", "FactionState":"None", "Government":"Patronage", "Influence":0.505495, "Allegiance":"Empire" }, { "Name":"HIP 13979 Advanced Systems", "FactionState":"Boom", "Government":"Corporate", "Influence":0.166833, "Allegiance":"Empire" }, { "Name":"HIP 14045 Empire Party", "FactionState":"None", "Government":"Patronage", "Influence":0.102897, "Allegiance":"Empire" }, { "Name":"Nationalists of Mehnemind", "FactionState":"None", "Government":"Dictatorship", "Influence":0.130869, "Allegiance":"Empire" }, { "Name":"Susano Natural Group", "FactionState":"None", "Government":"Corporate", "Influence":0.051948, "Allegiance":"Independent" }, { "Name":"Partnership of Susano", "FactionState":"None", "Government":"Anarchy", "Influence":0.009990, "Allegiance":"Independent" }, { "Name":"Independent Susano Labour", "FactionState":"None", "Government":"Democracy", "Influence":0.031968, "Allegiance":"Independent" } ], "SystemFaction":"Susano Patron's Principles" }
{ "timestamp":"2017-04-18T04:46:07Z", "event":"SupercruiseExit", "StarSystem":"Susano", "Body":"Jackson Gateway", "BodyType":"Station" }
{ "timestamp":"2017-04-18T04:46:14Z", "event":"ReceiveText", "From":"$ShipName_Police_Empire;", "From_Localised":"Internal Security Service", "Message":"$OverwatchCriticalDamage06;", "Message_Localised":"Noooooooo!", "Channel":"npc" }
{ "timestamp":"2017-04-18T04:46:18Z", "event":"DockingRequested", "StationName":"Jackson Gateway" }
{ "timestamp":"2017-04-18T04:46:18Z", "event":"ReceiveText", "From":"Jackson Gateway", "Message":"$DockingChatter_Cordial;", "Message_Localised":"Welcome back, Commander.", "Channel":"npc" }
{ "timestamp":"2017-04-18T04:46:19Z", "event":"ReceiveText", "From":"Jackson Gateway", "Message":"$STATION_docking_granted;", "Message_Localised":"Docking request granted.", "Channel":"npc" }
{ "timestamp":"2017-04-18T04:46:19Z", "event":"DockingGranted", "LandingPad":36, "StationName":"Jackson Gateway" }
{ "timestamp":"2017-04-18T04:46:28Z", "event":"ReceiveText", "From":"Jackson Gateway", "Message":"$STATION_NoFireZone_entered;", "Message_Localised":"No fire zone entered.", "Channel":"npc" }
{ "timestamp":"2017-04-18T04:47:03Z", "event":"Docked", "StationName":"Jackson Gateway", "StationType":"Coriolis", "StarSystem":"Susano", "StationFaction":"Susano Patron's Principles", "StationGovernment":"$government_Patronage;", "StationGovernment_Localised":"Patronage", "StationAllegiance":"Empire", "StationEconomy":"$economy_Industrial;", "StationEconomy_Localised":"Industrial", "DistFromStarLS":1548.214233 }
{ "timestamp":"2017-04-18T04:47:22Z", "event":"Promotion", "Empire":1 }
{ "timestamp":"2017-04-18T04:47:22Z", "event":"MissionCompleted", "Faction":"Susano Patron's Principles", "Name":"Mission_Piracy_RankEmp_name", "MissionID":124976431, "Commodity":"$Lithium_Name;", "Commodity_Localised":"Lithium", "Count":4, "DestinationSystem":"Jagaluk", "DestinationStation":"King Hub", "Target":"JAAHAS", "Reward":33057 }
{ "timestamp":"2017-04-18T04:47:23Z", "event":"EngineerProgress", "Engineer":"Hera Tani", "Progress":"Invited" }
{ "timestamp":"2017-04-18T04:49:56Z", "event":"RefuelAll", "Cost":113, "Amount":2.237774 }
{ "timestamp":"2017-04-18T04:49:58Z", "event":"BuyAmmo", "Cost":300 }
{ "timestamp":"2017-04-18T04:51:16Z", "event":"ModuleRetrieve", "Slot":"Slot05_Size1", "RetrievedItem":"$int_fuelscoop_size1_class4_name;", "RetrievedItem_Localised":"Fuel Scoop", "Ship":"vulture", "ShipID":3, "SwapOutItem":"$int_dronecontrol_resourcesiphon_size1_class5_name;", "SwapOutItem_Localised":"Hatch Breaker", "Cost":0 }
