{ "timestamp":"2017-01-04T02:44:13Z", "event":"Fileheader", "part":1, "language":"English\\UK", "gameversion":"2.2", "build":"r126898/r0 " }
{ "timestamp":"2017-01-04T02:44:43Z", "event":"LoadGame", "Commander":"Kith000", "Ship":"Vulture", "ShipID":3, "GameMode":"Solo", "Credits":36169608, "Loan":0 }
{ "timestamp":"2017-01-04T02:44:43Z", "event":"Rank", "Combat":5, "Trade":3, "Explore":1, "Empire":0, "Federation":2, "CQC":0 }
{ "timestamp":"2017-01-04T02:44:43Z", "event":"Progress", "Combat":3, "Trade":32, "Explore":18, "Empire":100, "Federation":60, "CQC":40 }
{ "timestamp":"2017-01-04T02:45:42Z", "event":"Location", "Docked":true, "StationName":"Whitney Platform", "StationType":"Outpost", "StarSystem":"LTT 13232", "StarPos":[46.625,84.656,-1.125], "SystemAllegiance":"Federation", "SystemEconomy":"$economy_Refinery;", "SystemEconomy_Localised":"Refinery", "SystemGovernment":"$government_Corporate;", "SystemGovernment_Localised":"Corporate", "SystemSecurity":"$SYSTEM_SECURITY_low;", "SystemSecurity_Localised":"Low Security", "Body":"Whitney Platform", "BodyType":"Station", "SystemFaction":"Wolf 406 Transport & Co" }
{ "timestamp":"2017-01-04T02:45:43Z", "event":"Docked", "StationName":"Whitney Platform", "StationType":"Outpost", "StarSystem":"LTT 13232", "StationFaction":"Wolf 406 Transport & Co", "StationGovernment":"$government_Corporate;", "StationGovernment_Localised":"Corporate", "StationAllegiance":"Alliance", "StationEconomy":"$economy_Refinery;", "StationEconomy_Localised":"Refinery" }
{ "timestamp":"2017-01-04T02:50:03Z", "event":"Undocked", "StationName":"Whitney Platform", "StationType":"Outpost" }
{ "timestamp":"2017-01-04T02:56:07Z", "event":"ReceiveText", "From":"Whitney Platform", "Message":"$STATION_NoFireZone_exited;", "Message_Localised":"No fire zone left.", "Channel":"npc" }
{ "timestamp":"2017-01-04T03:04:46Z", "event":"SupercruiseEntry", "StarSystem":"LTT 13232" }
{ "timestamp":"2017-01-04T03:08:33Z", "event":"SupercruiseExit", "StarSystem":"LTT 13232", "Body":"LTT 13232 3 B Ring", "BodyType":"PlanetaryRing" }
{ "timestamp":"2017-01-04T03:09:09Z", "event":"ReceiveText", "From":"$npc_name_decorate:#name=Shield of Justice;", "From_Localised":"Shield of Justice", "Message":"$PowersPirate_OnStartScanCargo03;", "Message_Localised":"Let's see if you have anything for us.", "Channel":"npc" }
{ "timestamp":"2017-01-04T03:09:19Z", "event":"ReceiveText", "From":"$npc_name_decorate:#name=Shield of Justice;", "From_Localised":"Shield of Justice", "Message":"$PowersPirate_OnNoCargoFound04;", "Message_Localised":"You're just wasting my time here. And yours.", "Channel":"npc" }
{ "timestamp":"2017-01-04T03:09:21Z", "event":"ReceiveText", "From":"$npc_name_decorate:#name=Shield of Justice;", "From_Localised":"Shield of Justice", "Message":"$Pirate_OnDeclarePiracyAttack04;", "Message_Localised":"I'm gonna boil you up!", "Channel":"npc" }
{ "timestamp":"2017-01-04T03:09:33Z", "event":"ReceiveText", "From":"$npc_name_decorate:#name=Shield of Justice;", "From_Localised":"Shield of Justice", "Message":"$BadKarmaCriticalDamage09;", "Message_Localised":"I can see when I'm outmatched.", "Channel":"npc" }
{ "timestamp":"2017-01-04T03:09:40Z", "event":"Bounty", "Rewards":[ { "Faction":"Wolf 406 Transport & Co", "Reward":9425 } ], "TotalReward":9425, "VictimFaction":"A. Lavigny-Duval" }
{ "timestamp":"2017-01-04T03:11:25Z", "event":"ReceiveText", "From":"$npc_name_decorate:#name=Marcin Rajfer;", "From_Localised":"Marcin Rajfer", "Message":"$Pirate_OnStartScanCargo07;", "Message_Localised":"Do you have anything of value?", "Channel":"npc" }
{ "timestamp":"2017-01-04T03:11:35Z", "event":"ReceiveText", "From":"$npc_name_decorate:#name=Marcin Rajfer;", "From_Localised":"Marcin Rajfer", "Message":"$Pirate_OnNoCargoFound11;", "Message_Localised":"Another empty cargo hold. My children will go hungry tonight.", "Channel":"npc" }
{ "timestamp":"2017-01-04T03:12:50Z", "event":"ReceiveText", "From":"$npc_name_decorate:#name=Marcin Rajfer;", "From_Localised":"Marcin Rajfer", "Message":"$Pirate_OnDeclarePiracyAttack03;", "Message_Localised":"Now you die, victim.", "Channel":"npc" }
{ "timestamp":"2017-01-04T03:14:01Z", "event":"ReceiveText", "From":"$npc_name_decorate:#name=PieWalker;", "From_Localised":"PieWalker", "Message":"$BadKarmaCriticalDamage08;", "Message_Localised":"I've taken too many hits.", "Channel":"npc" }
{ "timestamp":"2017-01-04T03:14:06Z", "event":"ReceiveText", "From":"$npc_name_decorate:#name=Iryni Starr;", "From_Localised":"Iryni Starr", "Message":"$BadKarmaCriticalDamage04;", "Message_Localised":"I don't believe it!", "Channel":"npc" }
{ "timestamp":"2017-01-04T03:14:31Z", "event":"ReceiveText", "From":"$ShipName_Police_Alliance;", "From_Localised":"Allied Police Forces", "Message":"$OverwatchCriticalDamage01;", "Message_Localised":"Impossible!", "Channel":"npc" }
{ "timestamp":"2017-01-04T03:15:16Z", "event":"SupercruiseEntry", "StarSystem":"LTT 13232" }
{ "timestamp":"2017-01-04T03:17:24Z", "event":"FSDJump", "StarSystem":"Olker", "StarPos":[46.906,81.188,-8.469], "SystemAllegiance":"Independent", "SystemEconomy":"$economy_Agri;", "SystemEconomy_Localised":"Agriculture", "SystemGovernment":"$government_Democracy;", "SystemGovernment_Localised":"Democracy", "SystemSecurity":"$SYSTEM_SECURITY_high;", "SystemSecurity_Localised":"High Security", "JumpDist":8.127, "FuelUsed":0.834494, "FuelLevel":6.595506, "SystemFaction":"Nationalists of Olker", "FactionState":"Boom" }
{ "timestamp":"2017-01-04T03:19:08Z", "event":"FSDJump", "StarSystem":"Wolf 397", "StarPos":[40.000,79.219,-10.406], "SystemAllegiance":"Alliance", "SystemEconomy":"$economy_Agri;", "SystemEconomy_Localised":"Agriculture", "SystemGovernment":"$government_Democracy;", "SystemGovernment_Localised":"Democracy", "SystemSecurity":"$SYSTEM_SECURITY_medium;", "SystemSecurity_Localised":"Medium Security", "JumpDist":7.438, "FuelUsed":0.677576, "FuelLevel":5.917931, "SystemFaction":"Wolf 397 Independents", "FactionState":"Lockdown" }
{ "timestamp":"2017-01-04T03:21:45Z", "event":"ReceiveText", "From":"$npc_name_decorate:#name=Bruce Warren;", "From_Localised":"Bruce Warren", "Message":"$Protester_Patrol03;", "Message_Localised":"The people, united, will never be defeated.", "Channel":"npc" }
{ "timestamp":"2017-01-04T03:22:33Z", "event":"ReceiveText", "From":"$npc_name_decorate:#name=Bruce Warren;", "From_Localised":"Bruce Warren", "Message":"$Protester_Patrol01;", "Message_Localised":"What do we want? Freedom. When do we want it? Now!", "Channel":"npc" }
{ "timestamp":"2017-01-04T03:22:40Z", "event":"SupercruiseExit", "StarSystem":"Wolf 397", "Body":"Trus Madi", "BodyType":"Planet" }
{ "timestamp":"2017-01-04T03:25:28Z", "event":"ReceiveText", "From":"Trophy Camp", "Message":"$STATION_NoFireZone_entered;", "Message_Localised":"No fire zone entered.", "Channel":"npc" }
{ "timestamp":"2017-01-04T03:25:46Z", "event":"DockingRequested", "StationName":"Trophy Camp" }
{ "timestamp":"2017-01-04T03:25:46Z", "event":"ReceiveText", "From":"Trophy Camp", "Message":"$DockingChatter_Neutral;", "Message_Localised":"Ensure to observe starport protocol during your visit, pilot.", "Channel":"npc" }
{ "timestamp":"2017-01-04T03:25:47Z", "event":"ReceiveText", "From":"Trophy Camp", "Message":"$STATION_docking_granted;", "Message_Localised":"Docking request granted.", "Channel":"npc" }
{ "timestamp":"2017-01-04T03:25:47Z", "event":"DockingGranted", "LandingPad":6, "StationName":"Trophy Camp" }
{ "timestamp":"2017-01-04T03:27:50Z", "event":"Docked", "StationName":"Trophy Camp", "StarSystem":"Wolf 397", "StationFaction":"Wolf 397 Independents", "FactionState":"Lockdown", "StationGovernment":"$government_Democracy;", "StationGovernment_Localised":"Democracy", "StationAllegiance":"Alliance" }
{ "timestamp":"2017-01-04T03:39:44Z", "event":"RefuelAll", "Cost":120, "Amount":2.375574 }
