{ "timestamp":"2017-07-28T04:35:42Z", "event":"Fileheader", "part":1, "language":"English\\UK", "gameversion":"2.3.11", "build":"r148764/r0 " }
{ "timestamp":"2017-07-28T04:38:09Z", "event":"Cargo", "Inventory":[  ] }
{ "timestamp":"2017-07-28T04:38:09Z", "event":"Loadout", "Ship":"Anaconda", "ShipID":10, "ShipName":"", "ShipIdent":"", "Modules":[ { "Slot":"TinyHardpoint1", "Item":"Hpt_HeatSinkLauncher_Turret_Tiny", "On":true, "Priority":0, "AmmoInClip":1, "AmmoInHopper":1, "Health":0.912678, "Value":3500 }, { "Slot":"TinyHardpoint2", "Item":"Hpt_HeatSinkLauncher_Turret_Tiny", "On":true, "Priority":0, "AmmoInClip":1, "Health":0.882540, "Value":3500 }, { "Slot":"Armour", "Item":"Anaconda_Armour_Grade1", "On":true, "Priority":1, "Health":1.000000, "Value":0 }, { "Slot":"PowerPlant", "Item":"Int_Powerplant_Size3_Class5", "On":true, "Priority":1, "Health":0.928087, "Value":431726 }, { "Slot":"MainEngines", "Item":"Int_Engine_Size5_Class2", "On":true, "Priority":3, "Health":0.897804, "Value":189035 }, { "Slot":"FrameShiftDrive", "Item":"Int_Hyperdrive_Size6_Class5", "On":true, "Priority":0, "Health":0.916686, "Value":13752602 }, { "Slot":"LifeSupport", "Item":"Int_LifeSupport_Size5_Class2", "On":true, "Priority":0, "Health":0.890908, "Value":67528 }, { "Slot":"PowerDistributor", "Item":"Int_PowerDistributor_Size5_Class5", "On":true, "Priority":0, "Health":0.907863, "Value":1055120 }, { "Slot":"Radar", "Item":"Int_Sensors_Size8_Class2", "On":true, "Priority":0, "Health":0.892323, "Value":1482367 }, { "Slot":"FuelTank", "Item":"Int_FuelTank_Size5_Class3", "On":true, "Priority":1, "Health":1.000000, "Value":83090 }, { "Slot":"Slot01_Size7", "Item":"Int_FuelScoop_Size7_Class4", "On":true, "Priority":0, "Health":0.913511, "Value":22795161 }, { "Slot":"Slot02_Size6", "Item":"Int_BuggyBay_Size6_Class2", "On":true, "Priority":0, "Health":0.925590, "Value":691200 }, { "Slot":"Slot03_Size6", "Item":"Int_Repairer_Size6_Class5", "On":false, "Priority":0, "AmmoInClip":8100, "Health":0.924609, "Value":15305501 }, { "Slot":"Slot04_Size6", "Item":"Int_Repairer_Size6_Class5", "On":false, "Priority":1, "AmmoInClip":8100, "Health":0.904215, "Value":15305501 }, { "Slot":"Slot09_Size4", "Item":"Int_DetailedSurfaceScanner_Tiny", "On":true, "Priority":1, "Health":1.000000, "Value":250000 }, { "Slot":"Slot10_Size4", "Item":"Int_ShieldGenerator_Size3_Class2", "On":true, "Priority":1, "Health":0.834376, "Value":18812 }, { "Slot":"Slot13_Size2", "Item":"Int_StellarBodyDiscoveryScanner_Advanced", "On":true, "Priority":1, "Health":0.805216, "Value":1545000 }, { "Slot":"PlanetaryApproachSuite", "Item":"Int_PlanetApproachSuite", "On":true, "Priority":1, "Health":1.000000, "Value":425 }, { "Slot":"ShipCockpit", "Item":"Anaconda_Cockpit", "On":true, "Priority":1, "Health":0.921585, "Value":0 }, { "Slot":"CargoHatch", "Item":"ModularCargoBayDoor", "On":false, "Priority":1, "Health":0.875680, "Value":0 } ] }
{ "timestamp":"2017-07-28T04:38:09Z", "event":"Materials", "Raw":[ { "Name":"sulphur", "Count":33 }, { "Name":"phosphorus", "Count":30 }, { "Name":"manganese", "Count":12 }, { "Name":"nickel", "Count":7 }, { "Name":"carbon", "Count":11 }, { "Name":"cadmium", "Count":12 }, { "Name":"germanium", "Count":3 }, { "Name":"tungsten", "Count":3 }, { "Name":"arsenic", "Count":3 }, { "Name":"zinc", "Count":6 }, { "Name":"selenium", "Count":12 }, { "Name":"vanadium", "Count":3 }, { "Name":"antimony", "Count":3 } ], "Manufactured":[ { "Name":"hybridcapacitors", "Count":2 }, { "Name":"focuscrystals", "Count":1 }, { "Name":"salvagedalloys", "Count":1 }, { "Name":"shieldemitters", "Count":5 }, { "Name":"galvanisingalloys", "Count":4 }, { "Name":"phasealloys", "Count":10 }, { "Name":"highdensitycomposites", "Count":6 }, { "Name":"compoundshielding", "Count":6 }, { "Name":"refinedfocuscrystals", "Count":3 }, { "Name":"conductivecomponents", "Count":4 }, { "Name":"heatresistantceramics", "Count":1 }, { "Name":"precipitatedalloys", "Count":3 }, { "Name":"wornshieldemitters", "Count":3 }, { "Name":"shieldingsensors", "Count":3 }, { "Name":"thermicalloys", "Count":5 }, { "Name":"mechanicalequipment", "Count":1 }, { "Name":"gridresistors", "Count":2 }, { "Name":"temperedalloys", "Count":1 }, { "Name":"conductivepolymers", "Count":2 }, { "Name":"uncutfocuscrystals", "Count":1 } ], "Encoded":[ { "Name":"shieldcyclerecordings", "Count":53 }, { "Name":"emissiondata", "Count":40 }, { "Name":"encodedscandata", "Count":17 }, { "Name":"decodedemissiondata", "Count":114 }, { "Name":"shieldsoakanalysis", "Count":63 }, { "Name":"scandatabanks", "Count":33 }, { "Name":"bulkscandata", "Count":16 }, { "Name":"archivedemissiondata", "Count":2 }, { "Name":"shielddensityreports", "Count":75 }, { "Name":"shieldpatternanalysis", "Count":44 }, { "Name":"compactemissionsdata", "Count":5 }, { "Name":"shieldfrequencydata", "Count":3 }, { "Name":"consumerfirmware", "Count":1 }, { "Name":"hyperspacetrajectories", "Count":1 }, { "Name":"scrambledemissiondata", "Count":1 }, { "Name":"scanarchives", "Count":20 }, { "Name":"classifiedscandata", "Count":4 }, { "Name":"disruptedwakeechoes", "Count":3 }, { "Name":"securityfirmware", "Count":2 }, { "Name":"encryptionarchives", "Count":3 } ] }
{ "timestamp":"2017-07-28T04:38:09Z", "event":"LoadGame", "Commander":"Kith000", "Ship":"Anaconda", "ShipID":10, "ShipName":"", "ShipIdent":"", "FuelLevel":32.000000, "FuelCapacity":32.000000, "GameMode":"Solo", "Credits":23314987, "Loan":0 }
{ "timestamp":"2017-07-28T04:38:09Z", "event":"Rank", "Combat":6, "Trade":4, "Explore":2, "Empire":1, "Federation":4, "CQC":0 }
{ "timestamp":"2017-07-28T04:38:09Z", "event":"Progress", "Combat":21, "Trade":96, "Explore":24, "Empire":23, "Federation":1, "CQC":40 }
{ "timestamp":"2017-07-28T04:38:19Z", "event":"Location", "Docked":false, "StarSystem":"Zunou WR-S c17-2763", "StarPos":[-2603.000,25.625,24027.313], "SystemAllegiance":"", "SystemEconomy":"$economy_None;", "SystemEconomy_Localised":"None", "SystemGovernment":"$government_None;", "SystemGovernment_Localised":"None", "SystemSecurity":"$SYSTEM_SECURITY_low;", "SystemSecurity_Localised":"Low Security", "Body":"Zunou WR-S c17-2763", "BodyType":"Star" }
{ "timestamp":"2017-07-28T04:39:42Z", "event":"StartJump", "JumpType":"Hyperspace", "StarSystem":"Zunoae XM-U c16-5766", "StarClass":"K" }
{ "timestamp":"2017-07-28T04:40:00Z", "event":"FSDJump", "StarSystem":"Zunoae XM-U c16-5766", "StarPos":[-2636.563,23.344,24013.094], "SystemAllegiance":"", "SystemEconomy":"$economy_None;", "SystemEconomy_Localised":"None", "SystemGovernment":"$government_None;", "SystemGovernment_Localised":"None", "SystemSecurity":"$SYSTEM_SECURITY_low;", "SystemSecurity_Localised":"Low Security", "JumpDist":36.521, "FuelUsed":7.946239, "FuelLevel":24.053761 }
{ "timestamp":"2017-07-28T04:40:13Z", "event":"FuelScoop", "Scooped":5.003683, "Total":29.057440 }
{ "timestamp":"2017-07-28T04:40:16Z", "event":"FuelScoop", "Scooped":2.942558, "Total":32.000000 }
{ "timestamp":"2017-07-28T04:40:46Z", "event":"StartJump", "JumpType":"Hyperspace", "StarSystem":"Zunoae WM-U c16-2269", "StarClass":"K" }
{ "timestamp":"2017-07-28T04:41:05Z", "event":"FSDJump", "StarSystem":"Zunoae WM-U c16-2269", "StarPos":[-2669.063,22.156,23996.750], "SystemAllegiance":"", "SystemEconomy":"$economy_None;", "SystemEconomy_Localised":"None", "SystemGovernment":"$government_None;", "SystemGovernment_Localised":"None", "SystemSecurity":"$SYSTEM_SECURITY_low;", "SystemSecurity_Localised":"Low Security", "JumpDist":36.398, "FuelUsed":7.876300, "FuelLevel":24.123699 }
{ "timestamp":"2017-07-28T04:41:19Z", "event":"FuelScoop", "Scooped":5.029971, "Total":29.153675 }
{ "timestamp":"2017-07-28T04:41:22Z", "event":"FuelScoop", "Scooped":2.846322, "Total":32.000000 }
{ "timestamp":"2017-07-28T04:43:34Z", "event":"StartJump", "JumpType":"Hyperspace", "StarSystem":"Zunoae WM-U c16-7045", "StarClass":"G" }
{ "timestamp":"2017-07-28T04:43:53Z", "event":"FSDJump", "StarSystem":"Zunoae WM-U c16-7045", "StarPos":[-2702.219,23.375,23981.438], "SystemAllegiance":"", "SystemEconomy":"$economy_None;", "SystemEconomy_Localised":"None", "SystemGovernment":"$government_None;", "SystemGovernment_Localised":"None", "SystemSecurity":"$SYSTEM_SECURITY_low;", "SystemSecurity_Localised":"Low Security", "JumpDist":36.542, "FuelUsed":7.957192, "FuelLevel":24.042809 }
{ "timestamp":"2017-07-28T04:44:06Z", "event":"FuelScoop", "Scooped":5.003707, "Total":29.046511 }
{ "timestamp":"2017-07-28T04:44:09Z", "event":"FuelScoop", "Scooped":2.953482, "Total":32.000000 }
{ "timestamp":"2017-07-28T04:44:56Z", "event":"StartJump", "JumpType":"Hyperspace", "StarSystem":"Zunoae MT-Q b32-133", "StarClass":"M" }
{ "timestamp":"2017-07-28T04:45:17Z", "event":"FSDJump", "StarSystem":"Zunoae MT-Q b32-133", "StarPos":[-2732.781,22.250,23961.563], "SystemAllegiance":"", "SystemEconomy":"$economy_None;", "SystemEconomy_Localised":"None", "SystemGovernment":"$government_None;", "SystemGovernment_Localised":"None", "SystemSecurity":"$SYSTEM_SECURITY_low;", "SystemSecurity_Localised":"Low Security", "JumpDist":36.474, "FuelUsed":7.918990, "FuelLevel":24.081009 }
{ "timestamp":"2017-07-28T04:45:31Z", "event":"FuelScoop", "Scooped":5.013125, "Total":29.094151 }
{ "timestamp":"2017-07-28T04:45:34Z", "event":"FuelScoop", "Scooped":2.905841, "Total":32.000000 }
{ "timestamp":"2017-07-28T04:46:08Z", "event":"StartJump", "JumpType":"Hyperspace", "StarSystem":"Zunoae QG-W c15-3360", "StarClass":"K" }
{ "timestamp":"2017-07-28T04:46:27Z", "event":"FSDJump", "StarSystem":"Zunoae QG-W c15-3360", "StarPos":[-2763.875,24.313,23942.656], "SystemAllegiance":"", "SystemEconomy":"$economy_None;", "SystemEconomy_Localised":"None", "SystemGovernment":"$government_None;", "SystemGovernment_Localised":"None", "SystemSecurity":"$SYSTEM_SECURITY_low;", "SystemSecurity_Localised":"Low Security", "JumpDist":36.449, "FuelUsed":7.904999, "FuelLevel":24.095001 }
{ "timestamp":"2017-07-28T04:46:40Z", "event":"FuelScoop", "Scooped":5.021380, "Total":29.116404 }
{ "timestamp":"2017-07-28T04:46:44Z", "event":"FuelScoop", "Scooped":2.883595, "Total":32.000000 }
{ "timestamp":"2017-07-28T04:47:30Z", "event":"StartJump", "JumpType":"Hyperspace", "StarSystem":"Zunoae LA-Y c14-1080", "StarClass":"K" }
{ "timestamp":"2017-07-28T04:47:49Z", "event":"FSDJump", "StarSystem":"Zunoae LA-Y c14-1080", "StarPos":[-2794.969,21.156,23923.813], "SystemAllegiance":"", "SystemEconomy":"$economy_None;", "SystemEconomy_Localised":"None", "SystemGovernment":"$government_None;", "SystemGovernment_Localised":"None", "SystemSecurity":"$SYSTEM_SECURITY_low;", "SystemSecurity_Localised":"Low Security", "JumpDist":36.495, "FuelUsed":7.931134, "FuelLevel":24.068867 }
{ "timestamp":"2017-07-28T04:48:03Z", "event":"FuelScoop", "Scooped":5.002497, "Total":29.071360 }
{ "timestamp":"2017-07-28T04:48:07Z", "event":"FuelScoop", "Scooped":2.928636, "Total":32.000000 }
{ "timestamp":"2017-07-28T04:48:40Z", "event":"StartJump", "JumpType":"Hyperspace", "StarSystem":"Zunoae KA-Y c14-2086", "StarClass":"K" }
{ "timestamp":"2017-07-28T04:48:59Z", "event":"FSDJump", "StarSystem":"Zunoae KA-Y c14-2086", "StarPos":[-2825.188,22.063,23903.313], "SystemAllegiance":"", "SystemEconomy":"$economy_None;", "SystemEconomy_Localised":"None", "SystemGovernment":"$government_None;", "SystemGovernment_Localised":"None", "SystemSecurity":"$SYSTEM_SECURITY_low;", "SystemSecurity_Localised":"Low Security", "JumpDist":36.527, "FuelUsed":7.949538, "FuelLevel":24.050463 }
{ "timestamp":"2017-07-28T04:49:11Z", "event":"FuelScoop", "Scooped":0.407117, "Total":24.457586 }
{ "timestamp":"2017-07-28T04:49:28Z", "event":"FuelScoop", "Scooped":5.002044, "Total":29.459633 }
{ "timestamp":"2017-07-28T04:49:31Z", "event":"FuelScoop", "Scooped":2.540358, "Total":32.000000 }
{ "timestamp":"2017-07-28T04:50:05Z", "event":"StartJump", "JumpType":"Hyperspace", "StarSystem":"Zunoae GU-Z c13-8913", "StarClass":"G" }
{ "timestamp":"2017-07-28T04:50:26Z", "event":"FSDJump", "StarSystem":"Zunoae GU-Z c13-8913", "StarPos":[-2858.188,25.281,23888.063], "SystemAllegiance":"", "SystemEconomy":"$economy_None;", "SystemEconomy_Localised":"None", "SystemGovernment":"$government_None;", "SystemGovernment_Localised":"None", "SystemSecurity":"$SYSTEM_SECURITY_low;", "SystemSecurity_Localised":"Low Security", "JumpDist":36.496, "FuelUsed":7.931566, "FuelLevel":24.068434 }
{ "timestamp":"2017-07-28T04:50:40Z", "event":"FuelScoop", "Scooped":5.028676, "Total":29.097107 }
{ "timestamp":"2017-07-28T04:50:43Z", "event":"FuelScoop", "Scooped":2.902893, "Total":32.000000 }
{ "timestamp":"2017-07-28T04:51:48Z", "event":"StartJump", "JumpType":"Hyperspace", "StarSystem":"Zunoae FU-Z c13-3017", "StarClass":"K" }
{ "timestamp":"2017-07-28T04:52:06Z", "event":"FSDJump", "StarSystem":"Zunoae FU-Z c13-3017", "StarPos":[-2888.938,21.594,23868.906], "SystemAllegiance":"", "SystemEconomy":"$economy_None;", "SystemEconomy_Localised":"None", "SystemGovernment":"$government_None;", "SystemGovernment_Localised":"None", "SystemSecurity":"$SYSTEM_SECURITY_low;", "SystemSecurity_Localised":"Low Security", "JumpDist":36.416, "FuelUsed":7.886220, "FuelLevel":24.113781 }
{ "timestamp":"2017-07-28T04:52:20Z", "event":"FuelScoop", "Scooped":5.014050, "Total":29.127836 }
{ "timestamp":"2017-07-28T04:52:22Z", "event":"FuelScoop", "Scooped":2.872167, "Total":32.000000 }
{ "timestamp":"2017-07-28T04:52:50Z", "event":"StartJump", "JumpType":"Hyperspace", "StarSystem":"Zunoae AO-B c13-3232", "StarClass":"G" }
{ "timestamp":"2017-07-28T04:53:12Z", "event":"FSDJump", "StarSystem":"Zunoae AO-B c13-3232", "StarPos":[-2919.375,23.094,23848.813], "SystemAllegiance":"", "SystemEconomy":"$economy_None;", "SystemEconomy_Localised":"None", "SystemGovernment":"$government_None;", "SystemGovernment_Localised":"None", "SystemSecurity":"$SYSTEM_SECURITY_low;", "SystemSecurity_Localised":"Low Security", "JumpDist":36.503, "FuelUsed":7.935645, "FuelLevel":24.064356 }
{ "timestamp":"2017-07-28T04:53:25Z", "event":"FuelScoop", "Scooped":5.009506, "Total":29.073832 }
{ "timestamp":"2017-07-28T04:53:28Z", "event":"FuelScoop", "Scooped":2.926173, "Total":32.000000 }
{ "timestamp":"2017-07-28T04:54:00Z", "event":"StartJump", "JumpType":"Hyperspace", "StarSystem":"Zunoae ZN-B c13-5115", "StarClass":"K" }
{ "timestamp":"2017-07-28T04:54:19Z", "event":"FSDJump", "StarSystem":"Zunoae ZN-B c13-5115", "StarPos":[-2952.313,22.500,23833.344], "SystemAllegiance":"", "SystemEconomy":"$economy_None;", "SystemEconomy_Localised":"None", "SystemGovernment":"$government_None;", "SystemGovernment_Localised":"None", "SystemSecurity":"$SYSTEM_SECURITY_low;", "SystemSecurity_Localised":"Low Security", "JumpDist":36.394, "FuelUsed":7.873641, "FuelLevel":24.126358 }
{ "timestamp":"2017-07-28T04:54:32Z", "event":"FuelScoop", "Scooped":5.027548, "Total":29.153906 }
{ "timestamp":"2017-07-28T04:54:35Z", "event":"FuelScoop", "Scooped":2.846095, "Total":32.000000 }
{ "timestamp":"2017-07-28T04:55:40Z", "event":"Scan", "BodyName":"Zunoae ZN-B c13-5115 1", "DistanceFromArrivalLS":330.763824, "TidalLock":false, "TerraformState":"Terraformable", "PlanetClass":"Water world", "Atmosphere":"carbon dioxide rich atmosphere", "AtmosphereType":"CarbonDioxideRich", "AtmosphereComposition":[ { "Name":"Oxygen", "Percent":92.949913 }, { "Name":"CarbonDioxide", "Percent":6.929763 }, { "Name":"SulphurDioxide", "Percent":0.069298 } ], "Volcanism":"", "MassEM":0.231175, "Radius":3884660.250000, "SurfaceGravity":6.105824, "SurfaceTemperature":258.461395, "SurfacePressure":13161.179688, "Landable":false, "SemiMajorAxis":99161817088.000000, "Eccentricity":0.000014, "OrbitalInclination":-0.000440, "Periapsis":217.974182, "OrbitalPeriod":21210898.000000, "RotationPeriod":772426.937500, "AxialTilt":0.337185 }
{ "timestamp":"2017-07-28T04:57:17Z", "event":"Scan", "BodyName":"Zunoae ZN-B c13-5115 2", "DistanceFromArrivalLS":435.177612, "TidalLock":true, "TerraformState":"", "PlanetClass":"Water world", "Atmosphere":"carbon dioxide rich atmosphere", "AtmosphereType":"CarbonDioxideRich", "AtmosphereComposition":[ { "Name":"Nitrogen", "Percent":69.793388 }, { "Name":"CarbonDioxide", "Percent":16.829788 }, { "Name":"Oxygen", "Percent":13.102685 } ], "Volcanism":"", "MassEM":0.472017, "Radius":4843386.000000, "SurfaceGravity":8.019907, "SurfaceTemperature":272.308075, "SurfacePressure":97335.382813, "Landable":false, "SemiMajorAxis":142681184.000000, "Eccentricity":0.112884, "OrbitalInclination":6.256497, "Periapsis":125.155533, "OrbitalPeriod":2478701.000000, "RotationPeriod":3958234.500000, "AxialTilt":-0.858910 }
{ "timestamp":"2017-07-28T04:57:46Z", "event":"StartJump", "JumpType":"Hyperspace", "StarSystem":"Zunoae YN-B c13-8533", "StarClass":"K" }
{ "timestamp":"2017-07-28T04:58:08Z", "event":"FSDJump", "StarSystem":"Zunoae YN-B c13-8533", "StarPos":[-2985.531,19.625,23819.563], "SystemAllegiance":"", "SystemEconomy":"$economy_None;", "SystemEconomy_Localised":"None", "SystemGovernment":"$government_None;", "SystemGovernment_Localised":"None", "SystemSecurity":"$SYSTEM_SECURITY_low;", "SystemSecurity_Localised":"Low Security", "JumpDist":36.079, "FuelUsed":7.698194, "FuelLevel":24.301805 }
{ "timestamp":"2017-07-28T04:58:23Z", "event":"FuelScoop", "Scooped":5.005237, "Total":29.307034 }
{ "timestamp":"2017-07-28T04:58:26Z", "event":"FuelScoop", "Scooped":2.692969, "Total":32.000000 }
{ "timestamp":"2017-07-28T04:58:48Z", "event":"StartJump", "JumpType":"Hyperspace", "StarSystem":"Zunoae NR-N d6-6778", "StarClass":"A" }
{ "timestamp":"2017-07-28T04:59:11Z", "event":"FSDJump", "StarSystem":"Zunoae NR-N d6-6778", "StarPos":[-2992.219,20.188,23816.563], "SystemAllegiance":"", "SystemEconomy":"$economy_None;", "SystemEconomy_Localised":"None", "SystemGovernment":"$government_None;", "SystemGovernment_Localised":"None", "SystemSecurity":"$SYSTEM_SECURITY_low;", "SystemSecurity_Localised":"Low Security", "JumpDist":7.351, "FuelUsed":0.123034, "FuelLevel":31.876966 }
{ "timestamp":"2017-07-28T04:59:17Z", "event":"FuelScoop", "Scooped":0.123033, "Total":32.000000 }
{ "timestamp":"2017-07-28T05:00:47Z", "event":"StartJump", "JumpType":"Hyperspace", "StarSystem":"Zunoae SV-E b25-6", "StarClass":"M" }
{ "timestamp":"2017-07-28T05:01:10Z", "event":"FSDJump", "StarSystem":"Zunoae SV-E b25-6", "StarPos":[-3022.375,16.531,23796.531], "SystemAllegiance":"", "SystemEconomy":"$economy_None;", "SystemEconomy_Localised":"None", "SystemGovernment":"$government_None;", "SystemGovernment_Localised":"None", "SystemSecurity":"$SYSTEM_SECURITY_low;", "SystemSecurity_Localised":"Low Security", "JumpDist":36.387, "FuelUsed":7.870114, "FuelLevel":24.129887 }
{ "timestamp":"2017-07-28T05:01:22Z", "event":"FuelScoop", "Scooped":5.013620, "Total":29.143507 }
{ "timestamp":"2017-07-28T05:01:25Z", "event":"FuelScoop", "Scooped":2.856498, "Total":32.000000 }
{ "timestamp":"2017-07-28T05:01:45Z", "event":"StartJump", "JumpType":"Hyperspace", "StarSystem":"Zunoae TH-D c12-6817", "StarClass":"K" }
{ "timestamp":"2017-07-28T05:02:08Z", "event":"FSDJump", "StarSystem":"Zunoae TH-D c12-6817", "StarPos":[-3052.875,17.094,23776.438], "SystemAllegiance":"", "SystemEconomy":"$economy_None;", "SystemEconomy_Localised":"None", "SystemGovernment":"$government_None;", "SystemGovernment_Localised":"None", "SystemSecurity":"$SYSTEM_SECURITY_low;", "SystemSecurity_Localised":"Low Security", "JumpDist":36.528, "FuelUsed":7.949730, "FuelLevel":24.050270 }
{ "timestamp":"2017-07-28T05:02:21Z", "event":"FuelScoop", "Scooped":5.014952, "Total":29.065207 }
{ "timestamp":"2017-07-28T05:02:24Z", "event":"FuelScoop", "Scooped":2.934793, "Total":32.000000 }
{ "timestamp":"2017-07-28T05:02:52Z", "event":"StartJump", "JumpType":"Hyperspace", "StarSystem":"Zunoae OB-F c11-8735", "StarClass":"K" }
{ "timestamp":"2017-07-28T05:03:10Z", "event":"FSDJump", "StarSystem":"Zunoae OB-F c11-8735", "StarPos":[-3081.656,16.750,23754.031], "SystemAllegiance":"", "SystemEconomy":"$economy_None;", "SystemEconomy_Localised":"None", "SystemGovernment":"$government_None;", "SystemGovernment_Localised":"None", "SystemSecurity":"$SYSTEM_SECURITY_low;", "SystemSecurity_Localised":"Low Security", "JumpDist":36.476, "FuelUsed":7.920533, "FuelLevel":24.079468 }
{ "timestamp":"2017-07-28T05:03:23Z", "event":"FuelScoop", "Scooped":5.010189, "Total":29.089655 }
{ "timestamp":"2017-07-28T05:03:26Z", "event":"FuelScoop", "Scooped":2.910350, "Total":32.000000 }
{ "timestamp":"2017-07-28T05:04:53Z", "event":"StartJump", "JumpType":"Hyperspace", "StarSystem":"Zunoae JV-G c10-1379", "StarClass":"G" }
{ "timestamp":"2017-07-28T05:05:12Z", "event":"FSDJump", "StarSystem":"Zunoae JV-G c10-1379", "StarPos":[-3112.063,15.938,23733.938], "SystemAllegiance":"", "SystemEconomy":"$economy_None;", "SystemEconomy_Localised":"None", "SystemGovernment":"$government_None;", "SystemGovernment_Localised":"None", "SystemSecurity":"$SYSTEM_SECURITY_low;", "SystemSecurity_Localised":"Low Security", "JumpDist":36.455, "FuelUsed":7.908628, "FuelLevel":24.091372 }
{ "timestamp":"2017-07-28T05:05:26Z", "event":"FuelScoop", "Scooped":5.018482, "Total":29.109842 }
{ "timestamp":"2017-07-28T05:05:28Z", "event":"FuelScoop", "Scooped":2.890162, "Total":32.000000 }
{ "timestamp":"2017-07-28T05:05:52Z", "event":"StartJump", "JumpType":"Hyperspace", "StarSystem":"Zunoae LQ-G c10-7994", "StarClass":"G" }
{ "timestamp":"2017-07-28T05:06:10Z", "event":"FSDJump", "StarSystem":"Zunoae LQ-G c10-7994", "StarPos":[-3141.094,13.969,23712.250], "SystemAllegiance":"", "SystemEconomy":"$economy_None;", "SystemEconomy_Localised":"None", "SystemGovernment":"$government_None;", "SystemGovernment_Localised":"None", "SystemSecurity":"$SYSTEM_SECURITY_low;", "SystemSecurity_Localised":"Low Security", "JumpDist":36.291, "FuelUsed":7.816520, "FuelLevel":24.183479 }
{ "timestamp":"2017-07-28T05:06:24Z", "event":"FuelScoop", "Scooped":5.028915, "Total":29.212395 }
{ "timestamp":"2017-07-28T05:06:26Z", "event":"FuelScoop", "Scooped":2.787618, "Total":32.000000 }
{ "timestamp":"2017-07-28T05:06:49Z", "event":"StartJump", "JumpType":"Hyperspace", "StarSystem":"Zunoae EP-I c9-7532", "StarClass":"M" }
{ "timestamp":"2017-07-28T05:07:08Z", "event":"FSDJump", "StarSystem":"Zunoae EP-I c9-7532", "StarPos":[-3169.063,15.406,23688.844], "SystemAllegiance":"", "SystemEconomy":"$economy_None;", "SystemEconomy_Localised":"None", "SystemGovernment":"$government_None;", "SystemGovernment_Localised":"None", "SystemSecurity":"$SYSTEM_SECURITY_low;", "SystemSecurity_Localised":"Low Security", "JumpDist":36.499, "FuelUsed":7.932878, "FuelLevel":24.067122 }
{ "timestamp":"2017-07-28T05:07:21Z", "event":"FuelScoop", "Scooped":5.035901, "Total":29.103012 }
{ "timestamp":"2017-07-28T05:07:23Z", "event":"FuelScoop", "Scooped":2.897000, "Total":32.000000 }
{ "timestamp":"2017-07-28T05:07:45Z", "event":"StartJump", "JumpType":"Hyperspace", "StarSystem":"Zunoae DP-I c9-8686", "StarClass":"G" }
{ "timestamp":"2017-07-28T05:08:03Z", "event":"FSDJump", "StarSystem":"Zunoae DP-I c9-8686", "StarPos":[-3200.969,16.000,23671.219], "SystemAllegiance":"", "SystemEconomy":"$economy_None;", "SystemEconomy_Localised":"None", "SystemGovernment":"$government_None;", "SystemGovernment_Localised":"None", "SystemSecurity":"$SYSTEM_SECURITY_low;", "SystemSecurity_Localised":"Low Security", "JumpDist":36.455, "FuelUsed":7.908962, "FuelLevel":24.091038 }
{ "timestamp":"2017-07-28T05:08:18Z", "event":"FuelScoop", "Scooped":5.012523, "Total":29.103552 }
{ "timestamp":"2017-07-28T05:08:21Z", "event":"FuelScoop", "Scooped":2.896436, "Total":32.000000 }
{ "timestamp":"2017-07-28T05:08:56Z", "event":"StartJump", "JumpType":"Hyperspace", "StarSystem":"Zunoae YI-K c8-1823", "StarClass":"K" }
{ "timestamp":"2017-07-28T05:09:19Z", "event":"FSDJump", "StarSystem":"Zunoae YI-K c8-1823", "StarPos":[-3229.969,17.250,23649.156], "SystemAllegiance":"", "SystemEconomy":"$economy_None;", "SystemEconomy_Localised":"None", "SystemGovernment":"$government_None;", "SystemGovernment_Localised":"None", "SystemSecurity":"$SYSTEM_SECURITY_low;", "SystemSecurity_Localised":"Low Security", "JumpDist":36.460, "FuelUsed":7.911390, "FuelLevel":24.088610 }
{ "timestamp":"2017-07-28T05:09:32Z", "event":"FuelScoop", "Scooped":5.008850, "Total":29.097454 }
{ "timestamp":"2017-07-28T05:09:35Z", "event":"FuelScoop", "Scooped":2.902556, "Total":32.000000 }
{ "timestamp":"2017-07-28T05:09:53Z", "event":"StartJump", "JumpType":"Hyperspace", "StarSystem":"Zunoae YI-K c8-8763", "StarClass":"K" }
{ "timestamp":"2017-07-28T05:10:12Z", "event":"FSDJump", "StarSystem":"Zunoae YI-K c8-8763", "StarPos":[-3260.875,15.750,23629.844], "SystemAllegiance":"", "SystemEconomy":"$economy_None;", "SystemEconomy_Localised":"None", "SystemGovernment":"$government_None;", "SystemGovernment_Localised":"None", "SystemSecurity":"$SYSTEM_SECURITY_low;", "SystemSecurity_Localised":"Low Security", "JumpDist":36.475, "FuelUsed":7.919923, "FuelLevel":24.080076 }
{ "timestamp":"2017-07-28T05:10:25Z", "event":"FuelScoop", "Scooped":5.030997, "Total":29.111084 }
{ "timestamp":"2017-07-28T05:10:28Z", "event":"FuelScoop", "Scooped":2.888932, "Total":32.000000 }
{ "timestamp":"2017-07-28T05:10:52Z", "event":"StartJump", "JumpType":"Hyperspace", "StarSystem":"Zunoae SG-W b15-46", "StarClass":"M" }
{ "timestamp":"2017-07-28T05:11:11Z", "event":"FSDJump", "StarSystem":"Zunoae SG-W b15-46", "StarPos":[-3290.969,13.813,23609.813], "SystemAllegiance":"", "SystemEconomy":"$economy_None;", "SystemEconomy_Localised":"None", "SystemGovernment":"$government_None;", "SystemGovernment_Localised":"None", "SystemSecurity":"$SYSTEM_SECURITY_low;", "SystemSecurity_Localised":"Low Security", "JumpDist":36.203, "FuelUsed":7.766964, "FuelLevel":24.233036 }
{ "timestamp":"2017-07-28T05:11:23Z", "event":"FuelScoop", "Scooped":5.026200, "Total":29.259241 }
{ "timestamp":"2017-07-28T05:11:26Z", "event":"FuelScoop", "Scooped":2.740763, "Total":32.000000 }
{ "timestamp":"2017-07-28T05:11:55Z", "event":"StartJump", "JumpType":"Hyperspace", "StarSystem":"Zunoae SC-M c7-4553", "StarClass":"K" }
{ "timestamp":"2017-07-28T05:12:17Z", "event":"FSDJump", "StarSystem":"Zunoae SC-M c7-4553", "StarPos":[-3321.750,16.500,23590.344], "SystemAllegiance":"", "SystemEconomy":"$economy_None;", "SystemEconomy_Localised":"None", "SystemGovernment":"$government_None;", "SystemGovernment_Localised":"None", "SystemSecurity":"$SYSTEM_SECURITY_low;", "SystemSecurity_Localised":"Low Security", "JumpDist":36.520, "FuelUsed":7.945458, "FuelLevel":24.054543 }
{ "timestamp":"2017-07-28T05:12:36Z", "event":"FuelScoop", "Scooped":5.002031, "Total":29.056572 }
{ "timestamp":"2017-07-28T05:12:43Z", "event":"FuelScoop", "Scooped":2.943427, "Total":32.000000 }
{ "timestamp":"2017-07-28T05:13:13Z", "event":"StartJump", "JumpType":"Hyperspace", "StarSystem":"Zunoae FZ-Z b13-84", "StarClass":"M" }
{ "timestamp":"2017-07-28T05:13:32Z", "event":"FSDJump", "StarSystem":"Zunoae FZ-Z b13-84", "StarPos":[-3351.281,20.438,23569.250], "SystemAllegiance":"", "SystemEconomy":"$economy_None;", "SystemEconomy_Localised":"None", "SystemGovernment":"$government_None;", "SystemGovernment_Localised":"None", "SystemSecurity":"$SYSTEM_SECURITY_low;", "SystemSecurity_Localised":"Low Security", "JumpDist":36.504, "FuelUsed":7.935766, "FuelLevel":24.064234 }
{ "timestamp":"2017-07-28T05:13:44Z", "event":"FuelScoop", "Scooped":5.007765, "Total":29.071997 }
{ "timestamp":"2017-07-28T05:13:47Z", "event":"FuelScoop", "Scooped":2.928001, "Total":32.000000 }
{ "timestamp":"2017-07-28T05:14:10Z", "event":"StartJump", "JumpType":"Hyperspace", "StarSystem":"Zunoae SS-U d2-7677", "StarClass":"A" }
{ "timestamp":"2017-07-28T05:14:29Z", "event":"FSDJump", "StarSystem":"Zunoae SS-U d2-7677", "StarPos":[-3380.250,22.313,23547.063], "SystemAllegiance":"", "SystemEconomy":"$economy_None;", "SystemEconomy_Localised":"None", "SystemGovernment":"$government_None;", "SystemGovernment_Localised":"None", "SystemSecurity":"$SYSTEM_SECURITY_low;", "SystemSecurity_Localised":"Low Security", "JumpDist":36.538, "FuelUsed":7.955312, "FuelLevel":24.044689 }
{ "timestamp":"2017-07-28T05:14:45Z", "event":"FuelScoop", "Scooped":5.011551, "Total":29.056242 }
{ "timestamp":"2017-07-28T05:14:50Z", "event":"FuelScoop", "Scooped":2.943756, "Total":32.000000 }
{ "timestamp":"2017-07-28T05:16:57Z", "event":"Scan", "BodyName":"Zunoae SS-U d2-7677 5", "DistanceFromArrivalLS":1884.539063, "TidalLock":false, "TerraformState":"", "PlanetClass":"Water world", "Atmosphere":"thick water rich atmosphere", "AtmosphereType":"WaterRich", "AtmosphereComposition":[ { "Name":"Nitrogen", "Percent":87.324661 }, { "Name":"Water", "Percent":8.875959 }, { "Name":"Oxygen", "Percent":3.777847 } ], "Volcanism":"major silicate vapour geysers volcanism", "MassEM":3.798378, "Radius":8881346.000000, "SurfaceGravity":19.193312, "SurfaceTemperature":457.222992, "SurfacePressure":1288116.375000, "Landable":false, "SemiMajorAxis":565099167744.000000, "Eccentricity":0.001146, "OrbitalInclination":-0.254959, "Periapsis":348.661896, "OrbitalPeriod":187448608.000000, "RotationPeriod":45923.640625, "AxialTilt":-1.877473 }
{ "timestamp":"2017-07-28T05:17:28Z", "event":"StartJump", "JumpType":"Hyperspace", "StarSystem":"Zunoae IQ-P c5-2427", "StarClass":"K" }
{ "timestamp":"2017-07-28T05:17:46Z", "event":"FSDJump", "StarSystem":"Zunoae IQ-P c5-2427", "StarPos":[-3409.250,19.813,23525.000], "SystemAllegiance":"", "SystemEconomy":"$economy_None;", "SystemEconomy_Localised":"None", "SystemGovernment":"$government_None;", "SystemGovernment_Localised":"None", "SystemSecurity":"$SYSTEM_SECURITY_low;", "SystemSecurity_Localised":"Low Security", "JumpDist":36.524, "FuelUsed":7.947473, "FuelLevel":24.052526 }
{ "timestamp":"2017-07-28T05:17:59Z", "event":"FuelScoop", "Scooped":5.017192, "Total":29.069721 }
{ "timestamp":"2017-07-28T05:18:02Z", "event":"FuelScoop", "Scooped":2.930269, "Total":32.000000 }
{ "timestamp":"2017-07-28T05:18:30Z", "event":"StartJump", "JumpType":"Hyperspace", "StarSystem":"Zunoae HQ-P c5-1068", "StarClass":"K" }
{ "timestamp":"2017-07-28T05:18:49Z", "event":"FSDJump", "StarSystem":"Zunoae HQ-P c5-1068", "StarPos":[-3439.031,18.406,23503.938], "SystemAllegiance":"", "SystemEconomy":"$economy_None;", "SystemEconomy_Localised":"None", "SystemGovernment":"$government_None;", "SystemGovernment_Localised":"None", "SystemSecurity":"$SYSTEM_SECURITY_low;", "SystemSecurity_Localised":"Low Security", "JumpDist":36.504, "FuelUsed":7.936260, "FuelLevel":24.063740 }
{ "timestamp":"2017-07-28T05:19:02Z", "event":"FuelScoop", "Scooped":5.019347, "Total":29.083082 }
{ "timestamp":"2017-07-28T05:19:06Z", "event":"FuelScoop", "Scooped":2.916914, "Total":32.000000 }
{ "timestamp":"2017-07-28T05:19:34Z", "event":"StartJump", "JumpType":"Hyperspace", "StarSystem":"Zunoae CK-R c4-2515", "StarClass":"K" }
{ "timestamp":"2017-07-28T05:19:52Z", "event":"FSDJump", "StarSystem":"Zunoae CK-R c4-2515", "StarPos":[-3468.219,20.281,23482.031], "SystemAllegiance":"", "SystemEconomy":"$economy_None;", "SystemEconomy_Localised":"None", "SystemGovernment":"$government_None;", "SystemGovernment_Localised":"None", "SystemSecurity":"$SYSTEM_SECURITY_low;", "SystemSecurity_Localised":"Low Security", "JumpDist":36.542, "FuelUsed":7.957795, "FuelLevel":24.042206 }
{ "timestamp":"2017-07-28T05:20:06Z", "event":"FuelScoop", "Scooped":5.009636, "Total":29.051859 }
{ "timestamp":"2017-07-28T05:20:09Z", "event":"FuelScoop", "Scooped":2.948140, "Total":32.000000 }
{ "timestamp":"2017-07-28T05:20:33Z", "event":"StartJump", "JumpType":"Hyperspace", "StarSystem":"Zunoae CK-R c4-3625", "StarClass":"K" }
{ "timestamp":"2017-07-28T05:20:51Z", "event":"FSDJump", "StarSystem":"Zunoae CK-R c4-3625", "StarPos":[-3497.438,19.469,23460.281], "SystemAllegiance":"", "SystemEconomy":"$economy_None;", "SystemEconomy_Localised":"None", "SystemGovernment":"$government_None;", "SystemGovernment_Localised":"None", "SystemSecurity":"$SYSTEM_SECURITY_low;", "SystemSecurity_Localised":"Low Security", "JumpDist":36.434, "FuelUsed":7.897017, "FuelLevel":24.102982 }
{ "timestamp":"2017-07-28T05:21:04Z", "event":"FuelScoop", "Scooped":5.013365, "Total":28.046345 }
{ "timestamp":"2017-07-28T05:21:08Z", "event":"FuelScoop", "Scooped":3.953650, "Total":32.000000 }
{ "timestamp":"2017-07-28T05:21:30Z", "event":"StartJump", "JumpType":"Hyperspace", "StarSystem":"Zunoae XD-T c3-2125", "StarClass":"K" }
{ "timestamp":"2017-07-28T05:21:48Z", "event":"FSDJump", "StarSystem":"Zunoae XD-T c3-2125", "StarPos":[-3527.781,16.969,23440.063], "SystemAllegiance":"", "SystemEconomy":"$economy_None;", "SystemEconomy_Localised":"None", "SystemGovernment":"$government_None;", "SystemGovernment_Localised":"None", "SystemSecurity":"$SYSTEM_SECURITY_low;", "SystemSecurity_Localised":"Low Security", "JumpDist":36.548, "FuelUsed":7.961062, "FuelLevel":24.038939 }
{ "timestamp":"2017-07-28T05:22:02Z", "event":"FuelScoop", "Scooped":5.001690, "Total":29.040642 }
{ "timestamp":"2017-07-28T05:22:05Z", "event":"FuelScoop", "Scooped":2.959355, "Total":32.000000 }
{ "timestamp":"2017-07-28T05:22:32Z", "event":"StartJump", "JumpType":"Hyperspace", "StarSystem":"Zunoae MM-W d1-8217", "StarClass":"F" }
{ "timestamp":"2017-07-28T05:22:50Z", "event":"FSDJump", "StarSystem":"Zunoae MM-W d1-8217", "StarPos":[-3558.344,17.125,23420.375], "SystemAllegiance":"", "SystemEconomy":"$economy_None;", "SystemEconomy_Localised":"None", "SystemGovernment":"$government_None;", "SystemGovernment_Localised":"None", "SystemSecurity":"$SYSTEM_SECURITY_low;", "SystemSecurity_Localised":"Low Security", "JumpDist":36.355, "FuelUsed":7.852426, "FuelLevel":24.147573 }
{ "timestamp":"2017-07-28T05:23:04Z", "event":"FuelScoop", "Scooped":5.010522, "Total":29.158102 }
{ "timestamp":"2017-07-28T05:23:07Z", "event":"FuelScoop", "Scooped":2.841904, "Total":32.000000 }
{ "timestamp":"2017-07-28T05:23:46Z", "event":"StartJump", "JumpType":"Hyperspace", "StarSystem":"Zunoae RX-U c2-3383", "StarClass":"K" }
{ "timestamp":"2017-07-28T05:24:04Z", "event":"FSDJump", "StarSystem":"Zunoae RX-U c2-3383", "StarPos":[-3588.313,16.969,23399.594], "SystemAllegiance":"", "SystemEconomy":"$economy_None;", "SystemEconomy_Localised":"None", "SystemGovernment":"$government_None;", "SystemGovernment_Localised":"None", "SystemSecurity":"$SYSTEM_SECURITY_low;", "SystemSecurity_Localised":"Low Security", "JumpDist":36.469, "FuelUsed":7.916630, "FuelLevel":24.083370 }
{ "timestamp":"2017-07-28T05:24:18Z", "event":"FuelScoop", "Scooped":3.043062, "Total":27.126423 }
{ "timestamp":"2017-07-28T05:24:25Z", "event":"SupercruiseExit", "StarSystem":"Zunoae RX-U c2-3383", "Body":"Zunoae RX-U c2-3383 A", "BodyType":"Star" }
{ "timestamp":"2017-07-28T05:55:09Z", "event":"Cargo", "Inventory":[  ] }
{ "timestamp":"2017-07-28T05:55:09Z", "event":"Loadout", "Ship":"Anaconda", "ShipID":10, "ShipName":"", "ShipIdent":"", "Modules":[ { "Slot":"TinyHardpoint1", "Item":"Hpt_HeatSinkLauncher_Turret_Tiny", "On":true, "Priority":0, "AmmoInClip":1, "AmmoInHopper":1, "Health":0.912678, "Value":3500 }, { "Slot":"TinyHardpoint2", "Item":"Hpt_HeatSinkLauncher_Turret_Tiny", "On":true, "Priority":0, "AmmoInClip":1, "Health":0.882540, "Value":3500 }, { "Slot":"Armour", "Item":"Anaconda_Armour_Grade1", "On":true, "Priority":1, "Health":1.000000, "Value":0 }, { "Slot":"PowerPlant", "Item":"Int_Powerplant_Size3_Class5", "On":true, "Priority":1, "Health":0.928087, "Value":431726 }, { "Slot":"MainEngines", "Item":"Int_Engine_Size5_Class2", "On":true, "Priority":3, "Health":0.897804, "Value":189035 }, { "Slot":"FrameShiftDrive", "Item":"Int_Hyperdrive_Size6_Class5", "On":true, "Priority":0, "Health":0.916686, "Value":13752602 }, { "Slot":"LifeSupport", "Item":"Int_LifeSupport_Size5_Class2", "On":true, "Priority":0, "Health":0.890908, "Value":67528 }, { "Slot":"PowerDistributor", "Item":"Int_PowerDistributor_Size5_Class5", "On":true, "Priority":0, "Health":0.907863, "Value":1055120 }, { "Slot":"Radar", "Item":"Int_Sensors_Size8_Class2", "On":true, "Priority":0, "Health":0.892323, "Value":1482367 }, { "Slot":"FuelTank", "Item":"Int_FuelTank_Size5_Class3", "On":true, "Priority":1, "Health":1.000000, "Value":83090 }, { "Slot":"Slot01_Size7", "Item":"Int_FuelScoop_Size7_Class4", "On":true, "Priority":0, "Health":0.913511, "Value":22795161 }, { "Slot":"Slot02_Size6", "Item":"Int_BuggyBay_Size6_Class2", "On":true, "Priority":0, "Health":0.925590, "Value":691200 }, { "Slot":"Slot03_Size6", "Item":"Int_Repairer_Size6_Class5", "On":false, "Priority":0, "AmmoInClip":8100, "Health":0.924609, "Value":15305501 }, { "Slot":"Slot04_Size6", "Item":"Int_Repairer_Size6_Class5", "On":false, "Priority":1, "AmmoInClip":8100, "Health":0.904215, "Value":15305501 }, { "Slot":"Slot09_Size4", "Item":"Int_DetailedSurfaceScanner_Tiny", "On":true, "Priority":1, "Health":1.000000, "Value":250000 }, { "Slot":"Slot10_Size4", "Item":"Int_ShieldGenerator_Size3_Class2", "On":true, "Priority":1, "Health":0.834376, "Value":18812 }, { "Slot":"Slot13_Size2", "Item":"Int_StellarBodyDiscoveryScanner_Advanced", "On":true, "Priority":1, "Health":0.805216, "Value":1545000 }, { "Slot":"PlanetaryApproachSuite", "Item":"Int_PlanetApproachSuite", "On":true, "Priority":1, "Health":1.000000, "Value":425 }, { "Slot":"ShipCockpit", "Item":"Anaconda_Cockpit", "On":true, "Priority":1, "Health":0.921585, "Value":0 }, { "Slot":"CargoHatch", "Item":"ModularCargoBayDoor", "On":false, "Priority":1, "Health":0.875680, "Value":0 } ] }
{ "timestamp":"2017-07-28T05:55:09Z", "event":"Materials", "Raw":[ { "Name":"sulphur", "Count":33 }, { "Name":"phosphorus", "Count":30 }, { "Name":"manganese", "Count":12 }, { "Name":"nickel", "Count":7 }, { "Name":"carbon", "Count":11 }, { "Name":"cadmium", "Count":12 }, { "Name":"germanium", "Count":3 }, { "Name":"tungsten", "Count":3 }, { "Name":"arsenic", "Count":3 }, { "Name":"zinc", "Count":6 }, { "Name":"selenium", "Count":12 }, { "Name":"vanadium", "Count":3 }, { "Name":"antimony", "Count":3 } ], "Manufactured":[ { "Name":"hybridcapacitors", "Count":2 }, { "Name":"focuscrystals", "Count":1 }, { "Name":"salvagedalloys", "Count":1 }, { "Name":"shieldemitters", "Count":5 }, { "Name":"galvanisingalloys", "Count":4 }, { "Name":"phasealloys", "Count":10 }, { "Name":"highdensitycomposites", "Count":6 }, { "Name":"compoundshielding", "Count":6 }, { "Name":"refinedfocuscrystals", "Count":3 }, { "Name":"conductivecomponents", "Count":4 }, { "Name":"heatresistantceramics", "Count":1 }, { "Name":"precipitatedalloys", "Count":3 }, { "Name":"wornshieldemitters", "Count":3 }, { "Name":"shieldingsensors", "Count":3 }, { "Name":"thermicalloys", "Count":5 }, { "Name":"mechanicalequipment", "Count":1 }, { "Name":"gridresistors", "Count":2 }, { "Name":"temperedalloys", "Count":1 }, { "Name":"conductivepolymers", "Count":2 }, { "Name":"uncutfocuscrystals", "Count":1 } ], "Encoded":[ { "Name":"shieldcyclerecordings", "Count":53 }, { "Name":"emissiondata", "Count":40 }, { "Name":"encodedscandata", "Count":17 }, { "Name":"decodedemissiondata", "Count":114 }, { "Name":"shieldsoakanalysis", "Count":63 }, { "Name":"scandatabanks", "Count":33 }, { "Name":"bulkscandata", "Count":16 }, { "Name":"archivedemissiondata", "Count":2 }, { "Name":"shielddensityreports", "Count":75 }, { "Name":"shieldpatternanalysis", "Count":44 }, { "Name":"compactemissionsdata", "Count":5 }, { "Name":"shieldfrequencydata", "Count":3 }, { "Name":"consumerfirmware", "Count":1 }, { "Name":"hyperspacetrajectories", "Count":1 }, { "Name":"scrambledemissiondata", "Count":1 }, { "Name":"scanarchives", "Count":20 }, { "Name":"classifiedscandata", "Count":4 }, { "Name":"disruptedwakeechoes", "Count":3 }, { "Name":"securityfirmware", "Count":2 }, { "Name":"encryptionarchives", "Count":3 } ] }
{ "timestamp":"2017-07-28T05:55:09Z", "event":"LoadGame", "Commander":"Kith000", "Ship":"Anaconda", "ShipID":10, "ShipName":"", "ShipIdent":"", "FuelLevel":27.126423, "FuelCapacity":32.000000, "GameMode":"Solo", "Credits":23314987, "Loan":0 }
{ "timestamp":"2017-07-28T05:55:09Z", "event":"Rank", "Combat":6, "Trade":4, "Explore":2, "Empire":1, "Federation":4, "CQC":0 }
{ "timestamp":"2017-07-28T05:55:09Z", "event":"Progress", "Combat":21, "Trade":96, "Explore":24, "Empire":23, "Federation":1, "CQC":40 }
{ "timestamp":"2017-07-28T05:55:15Z", "event":"Location", "Docked":false, "StarSystem":"Zunoae RX-U c2-3383", "StarPos":[-3588.313,16.969,23399.594], "SystemAllegiance":"", "SystemEconomy":"$economy_None;", "SystemEconomy_Localised":"None", "SystemGovernment":"$government_None;", "SystemGovernment_Localised":"None", "SystemSecurity":"$SYSTEM_SECURITY_low;", "SystemSecurity_Localised":"Low Security", "Body":"Zunoae RX-U c2-3383 A", "BodyType":"Star" }
{ "timestamp":"2017-07-28T05:56:53Z", "event":"StartJump", "JumpType":"Hyperspace", "StarSystem":"Zunoae RX-U c2-336", "StarClass":"K" }
{ "timestamp":"2017-07-28T05:57:12Z", "event":"FSDJump", "StarSystem":"Zunoae RX-U c2-336", "StarPos":[-3618.469,17.406,23379.063], "SystemAllegiance":"", "SystemEconomy":"$economy_None;", "SystemEconomy_Localised":"None", "SystemGovernment":"$government_None;", "SystemGovernment_Localised":"None", "SystemSecurity":"$SYSTEM_SECURITY_low;", "SystemSecurity_Localised":"Low Security", "JumpDist":36.485, "FuelUsed":7.758919, "FuelLevel":19.367504 }
{ "timestamp":"2017-07-28T05:57:46Z", "event":"FuelScoop", "Scooped":5.001531, "Total":24.369038 }
{ "timestamp":"2017-07-28T05:57:54Z", "event":"FuelScoop", "Scooped":5.017164, "Total":29.386223 }
{ "timestamp":"2017-07-28T05:57:58Z", "event":"FuelScoop", "Scooped":2.613784, "Total":32.000000 }
{ "timestamp":"2017-07-28T05:58:30Z", "event":"StartJump", "JumpType":"Hyperspace", "StarSystem":"Zunoae HG-Y d6826", "StarClass":"A" }
{ "timestamp":"2017-07-28T05:58:48Z", "event":"FSDJump", "StarSystem":"Zunoae HG-Y d6826", "StarPos":[-3648.500,14.656,23358.469], "SystemAllegiance":"", "SystemEconomy":"$economy_None;", "SystemEconomy_Localised":"None", "SystemGovernment":"$government_None;", "SystemGovernment_Localised":"None", "SystemSecurity":"$SYSTEM_SECURITY_low;", "SystemSecurity_Localised":"Low Security", "JumpDist":36.518, "FuelUsed":7.943745, "FuelLevel":24.056255 }
{ "timestamp":"2017-07-28T05:59:01Z", "event":"FuelScoop", "Scooped":5.006183, "Total":29.062441 }
{ "timestamp":"2017-07-28T05:59:05Z", "event":"FuelScoop", "Scooped":2.937541, "Total":32.000000 }
{ "timestamp":"2017-07-28T05:59:32Z", "event":"StartJump", "JumpType":"Hyperspace", "StarSystem":"Zunoae LR-W c1-6372", "StarClass":"K" }
{ "timestamp":"2017-07-28T05:59:51Z", "event":"FSDJump", "StarSystem":"Zunoae LR-W c1-6372", "StarPos":[-3678.813,17.813,23338.375], "SystemAllegiance":"", "SystemEconomy":"$economy_None;", "SystemEconomy_Localised":"None", "SystemGovernment":"$government_None;", "SystemGovernment_Localised":"None", "SystemSecurity":"$SYSTEM_SECURITY_low;", "SystemSecurity_Localised":"Low Security", "JumpDist":36.504, "FuelUsed":7.936564, "FuelLevel":24.063437 }
{ "timestamp":"2017-07-28T06:00:04Z", "event":"FuelScoop", "Scooped":5.013263, "Total":29.076704 }
{ "timestamp":"2017-07-28T06:00:07Z", "event":"FuelScoop", "Scooped":2.923298, "Total":32.000000 }
{ "timestamp":"2017-07-28T06:00:27Z", "event":"StartJump", "JumpType":"Hyperspace", "StarSystem":"Zunoae GL-Y c3809", "StarClass":"K" }
{ "timestamp":"2017-07-28T06:00:46Z", "event":"FSDJump", "StarSystem":"Zunoae GL-Y c3809", "StarPos":[-3707.938,17.531,23316.375], "SystemAllegiance":"", "SystemEconomy":"$economy_None;", "SystemEconomy_Localised":"None", "SystemGovernment":"$government_None;", "SystemGovernment_Localised":"None", "SystemSecurity":"$SYSTEM_SECURITY_low;", "SystemSecurity_Localised":"Low Security", "JumpDist":36.501, "FuelUsed":7.934526, "FuelLevel":24.065474 }
{ "timestamp":"2017-07-28T06:01:00Z", "event":"FuelScoop", "Scooped":5.024907, "Total":29.090376 }
{ "timestamp":"2017-07-28T06:01:03Z", "event":"FuelScoop", "Scooped":2.909628, "Total":32.000000 }
{ "timestamp":"2017-07-28T06:01:45Z", "event":"StartJump", "JumpType":"Hyperspace", "StarSystem":"Zunoae CF-A c4316", "StarClass":"K" }
{ "timestamp":"2017-07-28T06:02:14Z", "event":"FSDJump", "StarSystem":"Zunoae CF-A c4316", "StarPos":[-3736.000,19.031,23293.219], "SystemAllegiance":"", "SystemEconomy":"$economy_None;", "SystemEconomy_Localised":"None", "SystemGovernment":"$government_None;", "SystemGovernment_Localised":"None", "SystemSecurity":"$SYSTEM_SECURITY_low;", "SystemSecurity_Localised":"Low Security", "JumpDist":36.414, "FuelUsed":7.885479, "FuelLevel":24.114521 }
{ "timestamp":"2017-07-28T06:02:27Z", "event":"FuelScoop", "Scooped":5.004298, "Total":29.118832 }
{ "timestamp":"2017-07-28T06:02:30Z", "event":"FuelScoop", "Scooped":2.881164, "Total":32.000000 }
{ "timestamp":"2017-07-28T06:03:03Z", "event":"StartJump", "JumpType":"Hyperspace", "StarSystem":"Zunoae BF-A c5877", "StarClass":"K" }
{ "timestamp":"2017-07-28T06:03:26Z", "event":"FSDJump", "StarSystem":"Zunoae BF-A c5877", "StarPos":[-3748.625,18.656,23282.688], "SystemAllegiance":"", "SystemEconomy":"$economy_None;", "SystemEconomy_Localised":"None", "SystemGovernment":"$government_None;", "SystemGovernment_Localised":"None", "SystemSecurity":"$SYSTEM_SECURITY_low;", "SystemSecurity_Localised":"Low Security", "JumpDist":16.445, "FuelUsed":0.998212, "FuelLevel":31.001787 }
{ "timestamp":"2017-07-28T06:03:34Z", "event":"FuelScoop", "Scooped":0.998217, "Total":32.000000 }
{ "timestamp":"2017-07-28T06:05:11Z", "event":"StartJump", "JumpType":"Hyperspace", "StarSystem":"Zunoae BA-A d6085", "StarClass":"F" }
{ "timestamp":"2017-07-28T06:05:45Z", "event":"FSDJump", "StarSystem":"Zunoae BA-A d6085", "StarPos":[-3779.094,16.813,23262.906], "SystemAllegiance":"", "SystemEconomy":"$economy_None;", "SystemEconomy_Localised":"None", "SystemGovernment":"$government_None;", "SystemGovernment_Localised":"None", "SystemSecurity":"$SYSTEM_SECURITY_low;", "SystemSecurity_Localised":"Low Security", "JumpDist":36.374, "FuelUsed":7.862492, "FuelLevel":24.137508 }
{ "timestamp":"2017-07-28T06:05:58Z", "event":"FuelScoop", "Scooped":5.005533, "Total":29.143040 }
{ "timestamp":"2017-07-28T06:06:01Z", "event":"FuelScoop", "Scooped":2.856955, "Total":32.000000 }
{ "timestamp":"2017-07-28T06:06:29Z", "event":"StartJump", "JumpType":"Hyperspace", "StarSystem":"Hypou Aoscs JO-Z d13-2882", "StarClass":"A" }
{ "timestamp":"2017-07-28T06:06:48Z", "event":"FSDJump", "StarSystem":"Hypou Aoscs JO-Z d13-2882", "StarPos":[-3810.813,18.906,23245.000], "SystemAllegiance":"", "SystemEconomy":"$economy_None;", "SystemEconomy_Localised":"None", "SystemGovernment":"$government_None;", "SystemGovernment_Localised":"None", "SystemSecurity":"$SYSTEM_SECURITY_low;", "SystemSecurity_Localised":"Low Security", "JumpDist":36.484, "FuelUsed":7.925170, "FuelLevel":24.074829 }
{ "timestamp":"2017-07-28T06:07:02Z", "event":"FuelScoop", "Scooped":5.015867, "Total":29.090685 }
{ "timestamp":"2017-07-28T06:07:05Z", "event":"FuelScoop", "Scooped":2.909313, "Total":32.000000 }
{ "timestamp":"2017-07-28T06:07:36Z", "event":"StartJump", "JumpType":"Hyperspace", "StarSystem":"Hypou Aoscs TN-X c28-6799", "StarClass":"K" }
{ "timestamp":"2017-07-28T06:07:54Z", "event":"FSDJump", "StarSystem":"Hypou Aoscs TN-X c28-6799", "StarPos":[-3841.500,19.563,23225.344], "SystemAllegiance":"", "SystemEconomy":"$economy_None;", "SystemEconomy_Localised":"None", "SystemGovernment":"$government_None;", "SystemGovernment_Localised":"None", "SystemSecurity":"$SYSTEM_SECURITY_low;", "SystemSecurity_Localised":"Low Security", "JumpDist":36.449, "FuelUsed":7.905244, "FuelLevel":24.094757 }
{ "timestamp":"2017-07-28T06:08:07Z", "event":"FuelScoop", "Scooped":5.022789, "Total":29.117546 }
{ "timestamp":"2017-07-28T06:08:10Z", "event":"FuelScoop", "Scooped":2.882446, "Total":32.000000 }
{ "timestamp":"2017-07-28T06:08:36Z", "event":"StartJump", "JumpType":"Hyperspace", "StarSystem":"Hypou Aoscs OH-Z c27-775", "StarClass":"M" }
{ "timestamp":"2017-07-28T06:08:54Z", "event":"FSDJump", "StarSystem":"Hypou Aoscs OH-Z c27-775", "StarPos":[-3872.719,17.781,23206.594], "SystemAllegiance":"", "SystemEconomy":"$economy_None;", "SystemEconomy_Localised":"None", "SystemGovernment":"$government_None;", "SystemGovernment_Localised":"None", "SystemSecurity":"$SYSTEM_SECURITY_low;", "SystemSecurity_Localised":"Low Security", "JumpDist":36.460, "FuelUsed":7.911201, "FuelLevel":24.088799 }
{ "timestamp":"2017-07-28T06:09:09Z", "event":"FuelScoop", "Scooped":5.005147, "Total":29.093950 }
{ "timestamp":"2017-07-28T06:09:13Z", "event":"FuelScoop", "Scooped":2.906044, "Total":32.000000 }
{ "timestamp":"2017-07-28T06:09:35Z", "event":"StartJump", "JumpType":"Hyperspace", "StarSystem":"Hypou Aoscs OH-Z c27-2168", "StarClass":"K" }
{ "timestamp":"2017-07-28T06:10:03Z", "event":"FSDJump", "StarSystem":"Hypou Aoscs OH-Z c27-2168", "StarPos":[-3903.906,16.156,23187.906], "SystemAllegiance":"", "SystemEconomy":"$economy_None;", "SystemEconomy_Localised":"None", "SystemGovernment":"$government_None;", "SystemGovernment_Localised":"None", "SystemSecurity":"$SYSTEM_SECURITY_low;", "SystemSecurity_Localised":"Low Security", "JumpDist":36.394, "FuelUsed":7.873680, "FuelLevel":24.126320 }
{ "timestamp":"2017-07-28T06:10:17Z", "event":"FuelScoop", "Scooped":5.031279, "Total":29.157600 }
{ "timestamp":"2017-07-28T06:10:19Z", "event":"FuelScoop", "Scooped":2.842394, "Total":32.000000 }
{ "timestamp":"2017-07-28T06:10:37Z", "event":"StartJump", "JumpType":"Hyperspace", "StarSystem":"Dumbaa PC-B c27-5733", "StarClass":"M" }
{ "timestamp":"2017-07-28T06:10:55Z", "event":"FSDJump", "StarSystem":"Dumbaa PC-B c27-5733", "StarPos":[-3934.031,17.406,23167.750], "SystemAllegiance":"", "SystemEconomy":"$economy_None;", "SystemEconomy_Localised":"None", "SystemGovernment":"$government_None;", "SystemGovernment_Localised":"None", "SystemSecurity":"$SYSTEM_SECURITY_low;", "SystemSecurity_Localised":"Low Security", "JumpDist":36.268, "FuelUsed":7.803443, "FuelLevel":24.196556 }
{ "timestamp":"2017-07-28T06:11:09Z", "event":"FuelScoop", "Scooped":5.007625, "Total":29.204184 }
{ "timestamp":"2017-07-28T06:11:11Z", "event":"FuelScoop", "Scooped":2.795814, "Total":32.000000 }
{ "timestamp":"2017-07-28T06:11:37Z", "event":"StartJump", "JumpType":"Hyperspace", "StarSystem":"Dumbaa OC-B c27-409", "StarClass":"K" }
{ "timestamp":"2017-07-28T06:11:55Z", "event":"FSDJump", "StarSystem":"Dumbaa OC-B c27-409", "StarPos":[-3964.563,18.406,23147.750], "SystemAllegiance":"", "SystemEconomy":"$economy_None;", "SystemEconomy_Localised":"None", "SystemGovernment":"$government_None;", "SystemGovernment_Localised":"None", "SystemSecurity":"$SYSTEM_SECURITY_low;", "SystemSecurity_Localised":"Low Security", "JumpDist":36.512, "FuelUsed":7.941120, "FuelLevel":24.058880 }
{ "timestamp":"2017-07-28T06:12:09Z", "event":"FuelScoop", "Scooped":5.002273, "Total":29.061140 }
{ "timestamp":"2017-07-28T06:12:12Z", "event":"FuelScoop", "Scooped":2.938869, "Total":32.000000 }
{ "timestamp":"2017-07-28T06:12:43Z", "event":"StartJump", "JumpType":"Hyperspace", "StarSystem":"Dumbaa JW-C c26-2442", "StarClass":"G" }
{ "timestamp":"2017-07-28T06:13:02Z", "event":"FSDJump", "StarSystem":"Dumbaa JW-C c26-2442", "StarPos":[-3996.281,20.000,23129.844], "SystemAllegiance":"", "SystemEconomy":"$economy_None;", "SystemEconomy_Localised":"None", "SystemGovernment":"$government_None;", "SystemGovernment_Localised":"None", "SystemSecurity":"$SYSTEM_SECURITY_low;", "SystemSecurity_Localised":"Low Security", "JumpDist":36.459, "FuelUsed":7.910901, "FuelLevel":24.089100 }
{ "timestamp":"2017-07-28T06:13:16Z", "event":"FuelScoop", "Scooped":5.028913, "Total":29.118023 }
{ "timestamp":"2017-07-28T06:13:20Z", "event":"FuelScoop", "Scooped":2.881976, "Total":32.000000 }
{ "timestamp":"2017-07-28T06:14:41Z", "event":"Scan", "BodyName":"Dumbaa JW-C c26-2442 A 1", "DistanceFromArrivalLS":265.323975, "TidalLock":true, "TerraformState":"", "PlanetClass":"High metal content body", "Atmosphere":"hot sulfur dioxide atmosphere", "AtmosphereType":"SulphurDioxide", "AtmosphereComposition":[ { "Name":"SulphurDioxide", "Percent":50.180466 }, { "Name":"CarbonDioxide", "Percent":49.819527 } ], "Volcanism":"", "MassEM":0.340701, "Radius":4381590.500000, "SurfaceGravity":7.073263, "SurfaceTemperature":531.502136, "SurfacePressure":76635.687500, "Landable":false, "SemiMajorAxis":79523405824.000000, "Eccentricity":0.000321, "OrbitalInclination":-0.014074, "Periapsis":301.014954, "OrbitalPeriod":12958918.000000, "RotationPeriod":12959070.000000, "AxialTilt":0.331773 }
{ "timestamp":"2017-07-28T06:16:26Z", "event":"Scan", "BodyName":"Dumbaa JW-C c26-2442 A 2", "DistanceFromArrivalLS":358.496094, "TidalLock":false, "TerraformState":"", "PlanetClass":"High metal content body", "Atmosphere":"carbon dioxide atmosphere", "AtmosphereType":"CarbonDioxide", "AtmosphereComposition":[ { "Name":"CarbonDioxide", "Percent":55.893974 }, { "Name":"SulphurDioxide", "Percent":44.106014 } ], "Volcanism":"", "MassEM":0.331261, "Radius":4343532.000000, "SurfaceGravity":6.998319, "SurfaceTemperature":467.955231, "SurfacePressure":78365.984375, "Landable":false, "SemiMajorAxis":107475132416.000000, "Eccentricity":0.000007, "OrbitalInclination":0.001827, "Periapsis":342.834045, "OrbitalPeriod":20360490.000000, "RotationPeriod":107416.867188, "AxialTilt":0.423497 }
{ "timestamp":"2017-07-28T06:18:11Z", "event":"Scan", "BodyName":"Dumbaa JW-C c26-2442 A 3", "DistanceFromArrivalLS":486.497437, "TidalLock":false, "TerraformState":"Terraformable", "PlanetClass":"High metal content body", "Atmosphere":"carbon dioxide atmosphere", "AtmosphereType":"CarbonDioxide", "AtmosphereComposition":[ { "Name":"CarbonDioxide", "Percent":98.976692 }, { "Name":"SulphurDioxide", "Percent":1.014065 } ], "Volcanism":"", "MassEM":0.229869, "Radius":3875319.250000, "SurfaceGravity":6.100638, "SurfaceTemperature":411.458923, "SurfacePressure":52578.414063, "Landable":false, "SemiMajorAxis":145851088896.000000, "Eccentricity":0.000123, "OrbitalInclination":-0.273215, "Periapsis":355.970123, "OrbitalPeriod":32187758.000000, "RotationPeriod":65156.734375, "AxialTilt":0.261795 }
{ "timestamp":"2017-07-28T06:18:54Z", "event":"StartJump", "JumpType":"Hyperspace", "StarSystem":"Dumbaa SI-B d13-7754", "StarClass":"G" }
{ "timestamp":"2017-07-28T06:19:13Z", "event":"FSDJump", "StarSystem":"Dumbaa SI-B d13-7754", "StarPos":[-4026.125,18.781,23108.781], "SystemAllegiance":"", "SystemEconomy":"$economy_None;", "SystemEconomy_Localised":"None", "SystemGovernment":"$government_None;", "SystemGovernment_Localised":"None", "SystemSecurity":"$SYSTEM_SECURITY_low;", "SystemSecurity_Localised":"Low Security", "JumpDist":36.548, "FuelUsed":7.961310, "FuelLevel":24.038691 }
{ "timestamp":"2017-07-28T06:19:26Z", "event":"FuelScoop", "Scooped":5.028761, "Total":29.067455 }
{ "timestamp":"2017-07-28T06:19:29Z", "event":"FuelScoop", "Scooped":2.932546, "Total":32.000000 }
{ "timestamp":"2017-07-28T06:19:56Z", "event":"StartJump", "JumpType":"Hyperspace", "StarSystem":"Dumbaa MM-H b51-120", "StarClass":"M" }
{ "timestamp":"2017-07-28T06:20:14Z", "event":"FSDJump", "StarSystem":"Dumbaa MM-H b51-120", "StarPos":[-4056.375,22.219,23088.563], "SystemAllegiance":"", "SystemEconomy":"$economy_None;", "SystemEconomy_Localised":"None", "SystemGovernment":"$government_None;", "SystemGovernment_Localised":"None", "SystemSecurity":"$SYSTEM_SECURITY_low;", "SystemSecurity_Localised":"Low Security", "JumpDist":36.547, "FuelUsed":7.960036, "FuelLevel":24.039963 }
{ "timestamp":"2017-07-28T06:20:27Z", "event":"FuelScoop", "Scooped":5.017359, "Total":29.057323 }
{ "timestamp":"2017-07-28T06:20:30Z", "event":"FuelScoop", "Scooped":2.942679, "Total":32.000000 }
{ "timestamp":"2017-07-28T06:20:53Z", "event":"StartJump", "JumpType":"Hyperspace", "StarSystem":"Dumbaa DQ-E c25-1694", "StarClass":"K" }
{ "timestamp":"2017-07-28T06:21:12Z", "event":"FSDJump", "StarSystem":"Dumbaa DQ-E c25-1694", "StarPos":[-4086.781,22.188,23068.406], "SystemAllegiance":"", "SystemEconomy":"$economy_None;", "SystemEconomy_Localised":"None", "SystemGovernment":"$government_None;", "SystemGovernment_Localised":"None", "SystemSecurity":"$SYSTEM_SECURITY_low;", "SystemSecurity_Localised":"Low Security", "JumpDist":36.480, "FuelUsed":7.922462, "FuelLevel":24.077538 }
{ "timestamp":"2017-07-28T06:21:25Z", "event":"FuelScoop", "Scooped":5.003496, "Total":29.081051 }
{ "timestamp":"2017-07-28T06:21:28Z", "event":"FuelScoop", "Scooped":2.918955, "Total":32.000000 }
{ "timestamp":"2017-07-28T06:22:31Z", "event":"Scan", "BodyName":"Dumbaa DQ-E c25-1694 3", "DistanceFromArrivalLS":341.125732, "TidalLock":false, "TerraformState":"", "PlanetClass":"High metal content body", "Atmosphere":"carbon dioxide rich atmosphere", "AtmosphereType":"CarbonDioxideRich", "AtmosphereComposition":[ { "Name":"Nitrogen", "Percent":91.631493 }, { "Name":"CarbonDioxide", "Percent":8.204086 }, { "Name":"Argon", "Percent":0.082389 } ], "Volcanism":"", "MassEM":0.237215, "Radius":3915647.000000, "SurfaceGravity":6.166574, "SurfaceTemperature":216.385406, "SurfacePressure":11050.292969, "Landable":false, "SemiMajorAxis":102268420096.000000, "Eccentricity":0.000052, "OrbitalInclination":0.260817, "Periapsis":65.223953, "OrbitalPeriod":23863404.000000, "RotationPeriod":110159.320313, "AxialTilt":3.004778 }
{ "timestamp":"2017-07-28T06:23:50Z", "event":"Scan", "BodyName":"Dumbaa DQ-E c25-1694 4", "DistanceFromArrivalLS":450.347046, "TidalLock":false, "TerraformState":"", "PlanetClass":"Ammonia world", "Atmosphere":"thick  atmosphere", "AtmosphereType":"AmmoniaOxygen", "AtmosphereComposition":[ { "Name":"Nitrogen", "Percent":95.427292 }, { "Name":"Argon", "Percent":4.550395 } ], "Volcanism":"", "MassEM":0.398477, "Radius":5636310.500000, "SurfaceGravity":4.999454, "SurfaceTemperature":183.451935, "SurfacePressure":15025049.000000, "Landable":false, "SemiMajorAxis":135061135360.000000, "Eccentricity":0.000453, "OrbitalInclination":0.001086, "Periapsis":117.507515, "OrbitalPeriod":36217268.000000, "RotationPeriod":189932.796875, "AxialTilt":-0.175898 }
{ "timestamp":"2017-07-28T06:24:26Z", "event":"StartJump", "JumpType":"Hyperspace", "StarSystem":"Dumbaa YJ-G c24-7191", "StarClass":"M" }
{ "timestamp":"2017-07-28T06:24:56Z", "event":"FSDJump", "StarSystem":"Dumbaa YJ-G c24-7191", "StarPos":[-4116.906,22.000,23047.813], "SystemAllegiance":"", "SystemEconomy":"$economy_None;", "SystemEconomy_Localised":"None", "SystemGovernment":"$government_None;", "SystemGovernment_Localised":"None", "SystemSecurity":"$SYSTEM_SECURITY_low;", "SystemSecurity_Localised":"Low Security", "JumpDist":36.492, "FuelUsed":7.929478, "FuelLevel":24.070522 }
{ "timestamp":"2017-07-28T06:25:09Z", "event":"FuelScoop", "Scooped":5.006457, "Total":29.076981 }
{ "timestamp":"2017-07-28T06:25:12Z", "event":"FuelScoop", "Scooped":2.923018, "Total":32.000000 }
{ "timestamp":"2017-07-28T06:25:38Z", "event":"StartJump", "JumpType":"Hyperspace", "StarSystem":"Dumbaa XJ-G c24-5217", "StarClass":"K" }
{ "timestamp":"2017-07-28T06:26:00Z", "event":"FSDJump", "StarSystem":"Dumbaa XJ-G c24-5217", "StarPos":[-4147.344,22.125,23027.594], "SystemAllegiance":"", "SystemEconomy":"$economy_None;", "SystemEconomy_Localised":"None", "SystemGovernment":"$government_None;", "SystemGovernment_Localised":"None", "SystemSecurity":"$SYSTEM_SECURITY_low;", "SystemSecurity_Localised":"Low Security", "JumpDist":36.541, "FuelUsed":7.957367, "FuelLevel":24.042633 }
{ "timestamp":"2017-07-28T06:26:13Z", "event":"FuelScoop", "Scooped":5.000237, "Total":29.042854 }
{ "timestamp":"2017-07-28T06:26:15Z", "event":"FuelScoop", "Scooped":2.957146, "Total":32.000000 }
{ "timestamp":"2017-07-28T06:26:44Z", "event":"StartJump", "JumpType":"Hyperspace", "StarSystem":"Dumbaa TD-I c23-8197", "StarClass":"K" }
{ "timestamp":"2017-07-28T06:27:03Z", "event":"FSDJump", "StarSystem":"Dumbaa TD-I c23-8197", "StarPos":[-4178.875,20.875,23009.219], "SystemAllegiance":"", "SystemEconomy":"$economy_None;", "SystemEconomy_Localised":"None", "SystemGovernment":"$government_None;", "SystemGovernment_Localised":"None", "SystemSecurity":"$SYSTEM_SECURITY_low;", "SystemSecurity_Localised":"Low Security", "JumpDist":36.516, "FuelUsed":7.943179, "FuelLevel":24.056820 }
{ "timestamp":"2017-07-28T06:27:16Z", "event":"FuelScoop", "Scooped":5.015117, "Total":29.071941 }
{ "timestamp":"2017-07-28T06:27:19Z", "event":"FuelScoop", "Scooped":2.928056, "Total":32.000000 }
{ "timestamp":"2017-07-28T06:27:40Z", "event":"StartJump", "JumpType":"Hyperspace", "StarSystem":"Dumbaa SD-I c23-3340", "StarClass":"G" }
{ "timestamp":"2017-07-28T06:28:02Z", "event":"FSDJump", "StarSystem":"Dumbaa SD-I c23-3340", "StarPos":[-4209.188,20.469,22989.219], "SystemAllegiance":"", "SystemEconomy":"$economy_None;", "SystemEconomy_Localised":"None", "SystemGovernment":"$government_None;", "SystemGovernment_Localised":"None", "SystemSecurity":"$SYSTEM_SECURITY_low;", "SystemSecurity_Localised":"Low Security", "JumpDist":36.318, "FuelUsed":7.831767, "FuelLevel":24.168234 }
{ "timestamp":"2017-07-28T06:28:15Z", "event":"FuelScoop", "Scooped":5.006830, "Total":29.175047 }
{ "timestamp":"2017-07-28T06:28:18Z", "event":"FuelScoop", "Scooped":2.824958, "Total":32.000000 }
{ "timestamp":"2017-07-28T06:28:47Z", "event":"StartJump", "JumpType":"Hyperspace", "StarSystem":"Dumbaa NX-J c22-6540", "StarClass":"K" }
{ "timestamp":"2017-07-28T06:29:06Z", "event":"FSDJump", "StarSystem":"Dumbaa NX-J c22-6540", "StarPos":[-4240.250,22.969,22970.313], "SystemAllegiance":"", "SystemEconomy":"$economy_None;", "SystemEconomy_Localised":"None", "SystemGovernment":"$government_None;", "SystemGovernment_Localised":"None", "SystemSecurity":"$SYSTEM_SECURITY_low;", "SystemSecurity_Localised":"Low Security", "JumpDist":36.450, "FuelUsed":7.905659, "FuelLevel":24.094341 }
{ "timestamp":"2017-07-28T06:29:18Z", "event":"FuelScoop", "Scooped":5.016315, "Total":29.110657 }
{ "timestamp":"2017-07-28T06:29:21Z", "event":"FuelScoop", "Scooped":2.889346, "Total":32.000000 }
{ "timestamp":"2017-07-28T06:29:42Z", "event":"StartJump", "JumpType":"Hyperspace", "StarSystem":"Dumbaa MX-J c22-5622", "StarClass":"K" }
{ "timestamp":"2017-07-28T06:30:10Z", "event":"FSDJump", "StarSystem":"Dumbaa MX-J c22-5622", "StarPos":[-4272.563,26.969,22953.781], "SystemAllegiance":"", "SystemEconomy":"$economy_None;", "SystemEconomy_Localised":"None", "SystemGovernment":"$government_None;", "SystemGovernment_Localised":"None", "SystemSecurity":"$SYSTEM_SECURITY_low;", "SystemSecurity_Localised":"Low Security", "JumpDist":36.515, "FuelUsed":7.942216, "FuelLevel":24.057783 }
{ "timestamp":"2017-07-28T06:30:23Z", "event":"FuelScoop", "Scooped":5.017184, "Total":29.074972 }
{ "timestamp":"2017-07-28T06:30:26Z", "event":"FuelScoop", "Scooped":2.925035, "Total":32.000000 }
{ "timestamp":"2017-07-28T06:31:13Z", "event":"StartJump", "JumpType":"Hyperspace", "StarSystem":"Dumbaa IR-L c21-6635", "StarClass":"G" }
{ "timestamp":"2017-07-28T06:31:32Z", "event":"FSDJump", "StarSystem":"Dumbaa IR-L c21-6635", "StarPos":[-4302.813,23.344,22934.063], "SystemAllegiance":"", "SystemEconomy":"$economy_None;", "SystemEconomy_Localised":"None", "SystemGovernment":"$government_None;", "SystemGovernment_Localised":"None", "SystemSecurity":"$SYSTEM_SECURITY_low;", "SystemSecurity_Localised":"Low Security", "JumpDist":36.291, "FuelUsed":7.816018, "FuelLevel":24.183983 }
{ "timestamp":"2017-07-28T06:31:44Z", "event":"FuelScoop", "Scooped":5.002827, "Total":29.186804 }
{ "timestamp":"2017-07-28T06:31:47Z", "event":"FuelScoop", "Scooped":2.813198, "Total":32.000000 }
{ "timestamp":"2017-07-28T06:32:11Z", "event":"StartJump", "JumpType":"Hyperspace", "StarSystem":"Dumbaa HR-L c21-3135", "StarClass":"K" }
{ "timestamp":"2017-07-28T06:32:30Z", "event":"FSDJump", "StarSystem":"Dumbaa HR-L c21-3135", "StarPos":[-4333.594,21.281,22915.000], "SystemAllegiance":"", "SystemEconomy":"$economy_None;", "SystemEconomy_Localised":"None", "SystemGovernment":"$government_None;", "SystemGovernment_Localised":"None", "SystemSecurity":"$SYSTEM_SECURITY_low;", "SystemSecurity_Localised":"Low Security", "JumpDist":36.265, "FuelUsed":7.801718, "FuelLevel":24.198282 }
{ "timestamp":"2017-07-28T06:32:45Z", "event":"FuelScoop", "Scooped":5.009943, "Total":29.208233 }
{ "timestamp":"2017-07-28T06:32:51Z", "event":"FuelScoop", "Scooped":2.717870, "Total":31.926104 }
{ "timestamp":"2017-07-28T06:33:08Z", "event":"StartJump", "JumpType":"Hyperspace", "StarSystem":"Dumbaa CQ-G d10-6018", "StarClass":"A" }
{ "timestamp":"2017-07-28T06:33:36Z", "event":"FSDJump", "StarSystem":"Dumbaa CQ-G d10-6018", "StarPos":[-4364.063,22.656,22895.188], "SystemAllegiance":"", "SystemEconomy":"$economy_None;", "SystemEconomy_Localised":"None", "SystemGovernment":"$government_None;", "SystemGovernment_Localised":"None", "SystemSecurity":"$SYSTEM_SECURITY_low;", "SystemSecurity_Localised":"Low Security", "JumpDist":36.370, "FuelUsed":7.857748, "FuelLevel":24.068356 }
{ "timestamp":"2017-07-28T06:33:51Z", "event":"FuelScoop", "Scooped":5.016756, "Total":29.085102 }
{ "timestamp":"2017-07-28T06:33:54Z", "event":"FuelScoop", "Scooped":2.914898, "Total":32.000000 }
{ "timestamp":"2017-07-28T06:34:29Z", "event":"StartJump", "JumpType":"Hyperspace", "StarSystem":"Dumbaa BL-N c20-1234", "StarClass":"M" }
{ "timestamp":"2017-07-28T06:34:53Z", "event":"FSDJump", "StarSystem":"Dumbaa BL-N c20-1234", "StarPos":[-4393.844,25.531,22874.500], "SystemAllegiance":"", "SystemEconomy":"$economy_None;", "SystemEconomy_Localised":"None", "SystemGovernment":"$government_None;", "SystemGovernment_Localised":"None", "SystemSecurity":"$SYSTEM_SECURITY_low;", "SystemSecurity_Localised":"Low Security", "JumpDist":36.375, "FuelUsed":7.863803, "FuelLevel":24.136196 }
{ "timestamp":"2017-07-28T06:35:05Z", "event":"FuelScoop", "Scooped":5.012535, "Total":29.148720 }
{ "timestamp":"2017-07-28T06:35:08Z", "event":"FuelScoop", "Scooped":2.851284, "Total":32.000000 }
{ "timestamp":"2017-07-28T06:35:45Z", "event":"StartJump", "JumpType":"Hyperspace", "StarSystem":"Dumbaa XE-P c19-100", "StarClass":"K" }
{ "timestamp":"2017-07-28T06:36:09Z", "event":"FSDJump", "StarSystem":"Dumbaa XE-P c19-100", "StarPos":[-4422.969,26.250,22852.438], "SystemAllegiance":"", "SystemEconomy":"$economy_None;", "SystemEconomy_Localised":"None", "SystemGovernment":"$government_None;", "SystemGovernment_Localised":"None", "SystemSecurity":"$SYSTEM_SECURITY_low;", "SystemSecurity_Localised":"Low Security", "JumpDist":36.545, "FuelUsed":7.959255, "FuelLevel":24.040745 }
{ "timestamp":"2017-07-28T06:36:23Z", "event":"FuelScoop", "Scooped":5.022223, "Total":29.062977 }
{ "timestamp":"2017-07-28T06:36:26Z", "event":"FuelScoop", "Scooped":2.937035, "Total":32.000000 }
{ "timestamp":"2017-07-28T06:36:50Z", "event":"StartJump", "JumpType":"Hyperspace", "StarSystem":"Dumbaa WE-P c19-874", "StarClass":"K" }
{ "timestamp":"2017-07-28T06:37:09Z", "event":"FSDJump", "StarSystem":"Dumbaa WE-P c19-874", "StarPos":[-4454.156,21.313,22834.156], "SystemAllegiance":"", "SystemEconomy":"$economy_None;", "SystemEconomy_Localised":"None", "SystemGovernment":"$government_None;", "SystemGovernment_Localised":"None", "SystemSecurity":"$SYSTEM_SECURITY_low;", "SystemSecurity_Localised":"Low Security", "JumpDist":36.486, "FuelUsed":7.926062, "FuelLevel":24.073938 }
{ "timestamp":"2017-07-28T06:37:22Z", "event":"FuelScoop", "Scooped":5.001642, "Total":29.075584 }
{ "timestamp":"2017-07-28T06:37:25Z", "event":"FuelScoop", "Scooped":2.924409, "Total":32.000000 }
{ "timestamp":"2017-07-28T06:37:46Z", "event":"StartJump", "JumpType":"Hyperspace", "StarSystem":"Dumbaa WJ-I d9-604", "StarClass":"F" }
{ "timestamp":"2017-07-28T06:38:05Z", "event":"FSDJump", "StarSystem":"Dumbaa WJ-I d9-604", "StarPos":[-4485.250,19.719,22815.438], "SystemAllegiance":"", "SystemEconomy":"$economy_None;", "SystemEconomy_Localised":"None", "SystemGovernment":"$government_None;", "SystemGovernment_Localised":"None", "SystemSecurity":"$SYSTEM_SECURITY_low;", "SystemSecurity_Localised":"Low Security", "JumpDist":36.328, "FuelUsed":7.837481, "FuelLevel":24.162519 }
{ "timestamp":"2017-07-28T06:38:19Z", "event":"FuelScoop", "Scooped":5.029311, "Total":29.191833 }
{ "timestamp":"2017-07-28T06:38:22Z", "event":"FuelScoop", "Scooped":2.808180, "Total":32.000000 }
{ "timestamp":"2017-07-28T06:38:53Z", "event":"StartJump", "JumpType":"Hyperspace", "StarSystem":"Dumbaa LD-G b38-110", "StarClass":"M" }
{ "timestamp":"2017-07-28T06:39:12Z", "event":"FSDJump", "StarSystem":"Dumbaa LD-G b38-110", "StarPos":[-4516.313,18.844,22796.594], "SystemAllegiance":"", "SystemEconomy":"$economy_None;", "SystemEconomy_Localised":"None", "SystemGovernment":"$government_None;", "SystemGovernment_Localised":"None", "SystemSecurity":"$SYSTEM_SECURITY_low;", "SystemSecurity_Localised":"Low Security", "JumpDist":36.342, "FuelUsed":7.845037, "FuelLevel":24.154964 }
{ "timestamp":"2017-07-28T06:39:25Z", "event":"FuelScoop", "Scooped":5.006679, "Total":29.161640 }
{ "timestamp":"2017-07-28T06:39:28Z", "event":"FuelScoop", "Scooped":2.838362, "Total":32.000000 }
{ "timestamp":"2017-07-28T06:39:51Z", "event":"StartJump", "JumpType":"Hyperspace", "StarSystem":"Dumbaa QY-Q c18-97", "StarClass":"K" }
{ "timestamp":"2017-07-28T06:40:10Z", "event":"FSDJump", "StarSystem":"Dumbaa QY-Q c18-97", "StarPos":[-4527.031,19.406,22791.313], "SystemAllegiance":"", "SystemEconomy":"$economy_None;", "SystemEconomy_Localised":"None", "SystemGovernment":"$government_None;", "SystemGovernment_Localised":"None", "SystemSecurity":"$SYSTEM_SECURITY_low;", "SystemSecurity_Localised":"Low Security", "JumpDist":11.962, "FuelUsed":0.436351, "FuelLevel":31.563648 }
{ "timestamp":"2017-07-28T06:40:17Z", "event":"FuelScoop", "Scooped":0.436342, "Total":32.000000 }
{ "timestamp":"2017-07-28T06:41:13Z", "event":"Scan", "BodyName":"Dumbaa QY-Q c18-97 A 1", "DistanceFromArrivalLS":184.768417, "TidalLock":true, "TerraformState":"Terraformable", "PlanetClass":"High metal content body", "Atmosphere":"hot thick water atmosphere", "AtmosphereType":"Water", "AtmosphereComposition":[ { "Name":"Water", "Percent":99.866310 }, { "Name":"CarbonDioxide", "Percent":0.132344 } ], "Volcanism":"", "MassEM":0.159159, "Radius":3444662.750000, "SurfaceGravity":5.346216, "SurfaceTemperature":669.080444, "SurfacePressure":754491.750000, "Landable":false, "SemiMajorAxis":55389728768.000000, "Eccentricity":0.000050, "OrbitalInclination":0.007372, "Periapsis":28.439138, "OrbitalPeriod":9718061.000000, "RotationPeriod":9718122.000000, "AxialTilt":0.204024 }
{ "timestamp":"2017-07-28T06:45:41Z", "event":"SupercruiseExit", "StarSystem":"Dumbaa QY-Q c18-97", "Body":"Dumbaa QY-Q c18-97 A", "BodyType":"Star" }
{ "timestamp":"2017-07-28T06:49:25Z", "event":"StartJump", "JumpType":"Hyperspace", "StarSystem":"Dumbaa LS-S c17-4876", "StarClass":"K" }
{ "timestamp":"2017-07-28T06:49:44Z", "event":"FSDJump", "StarSystem":"Dumbaa LS-S c17-4876", "StarPos":[-4557.531,17.313,22771.656], "SystemAllegiance":"", "SystemEconomy":"$economy_None;", "SystemEconomy_Localised":"None", "SystemGovernment":"$government_None;", "SystemGovernment_Localised":"None", "SystemSecurity":"$SYSTEM_SECURITY_low;", "SystemSecurity_Localised":"Low Security", "JumpDist":36.346, "FuelUsed":7.810756, "FuelLevel":23.119244 }
{ "timestamp":"2017-07-28T06:49:59Z", "event":"SupercruiseExit", "StarSystem":"Dumbaa LS-S c17-4876", "Body":"Dumbaa LS-S c17-4876 A", "BodyType":"Star" }
