{ "timestamp":"2017-01-04T05:07:03Z", "event":"Fileheader", "part":1, "language":"English\\UK", "gameversion":"2.2", "build":"r126898/r0 " }
{ "timestamp":"2017-01-04T05:08:40Z", "event":"LoadGame", "Commander":"Kith000", "Ship":"Vulture", "ShipID":3, "GameMode":"Solo", "Credits":36169488, "Loan":0 }
{ "timestamp":"2017-01-04T05:08:40Z", "event":"Rank", "Combat":5, "Trade":3, "Explore":1, "Empire":0, "Federation":2, "CQC":0 }
{ "timestamp":"2017-01-04T05:08:40Z", "event":"Progress", "Combat":3, "Trade":32, "Explore":18, "Empire":100, "Federation":60, "CQC":40 }
{ "timestamp":"2017-01-04T05:09:53Z", "event":"Location", "Docked":true, "StationName":"Trophy Camp", "StationType":"", "StarSystem":"Wolf 397", "StarPos":[40.000,79.219,-10.406], "SystemAllegiance":"Alliance", "SystemEconomy":"$economy_Colony;", "SystemEconomy_Localised":"Colony", "SystemGovernment":"$government_Democracy;", "SystemGovernment_Localised":"Democracy", "SystemSecurity":"$SYSTEM_SECURITY_medium;", "SystemSecurity_Localised":"Medium Security", "Body":"Trus Madi", "BodyType":"Planet", "SystemFaction":"Wolf 397 Independents", "FactionState":"Lockdown" }
{ "timestamp":"2017-01-04T05:09:53Z", "event":"Docked", "StationName":"Trophy Camp", "StarSystem":"Wolf 397", "StationFaction":"Wolf 397 Independents", "FactionState":"Lockdown", "StationGovernment":"$government_Democracy;", "StationGovernment_Localised":"Democracy", "StationAllegiance":"Alliance" }
{ "timestamp":"2017-01-04T05:12:12Z", "event":"Repair", "Item":"Wear", "Cost":730 }
{ "timestamp":"2017-01-04T05:20:19Z", "event":"Undocked", "StationName":"Trophy Camp" }
{ "timestamp":"2017-01-04T05:20:50Z", "event":"ReceiveText", "From":"Trophy Camp", "Message":"$STATION_NoFireZone_exited;", "Message_Localised":"No fire zone left.", "Channel":"npc" }
{ "timestamp":"2017-01-04T05:21:03Z", "event":"SupercruiseEntry", "StarSystem":"Wolf 397" }
{ "timestamp":"2017-01-04T05:23:16Z", "event":"SupercruiseExit", "StarSystem":"Wolf 397", "Body":"Chelbin Service Station", "BodyType":"Station" }
{ "timestamp":"2017-01-04T05:23:17Z", "event":"ReceiveText", "From":"Chelbin Service Station", "Message":"$STATION_NoFireZone_entered;", "Message_Localised":"No fire zone entered.", "Channel":"npc" }
{ "timestamp":"2017-01-04T05:23:25Z", "event":"DockingRequested", "StationName":"Chelbin Service Station" }
{ "timestamp":"2017-01-04T05:23:25Z", "event":"ReceiveText", "From":"Chelbin Service Station", "Message":"$DockingChatter_Neutral;", "Message_Localised":"Ensure to observe starport protocol during your visit, pilot.", "Channel":"npc" }
{ "timestamp":"2017-01-04T05:23:27Z", "event":"ReceiveText", "From":"Chelbin Service Station", "Message":"$STATION_docking_granted;", "Message_Localised":"Docking request granted.", "Channel":"npc" }
{ "timestamp":"2017-01-04T05:23:27Z", "event":"DockingGranted", "LandingPad":16, "StationName":"Chelbin Service Station" }
{ "timestamp":"2017-01-04T05:24:39Z", "event":"Docked", "StationName":"Chelbin Service Station", "StationType":"Orbis", "StarSystem":"Wolf 397", "StationFaction":"Wolf 397 Independents", "FactionState":"Lockdown", "StationGovernment":"$government_Democracy;", "StationGovernment_Localised":"Democracy", "StationAllegiance":"Alliance", "StationEconomy":"$economy_Agri;", "StationEconomy_Localised":"Agriculture" }
{ "timestamp":"2017-01-04T05:26:04Z", "event":"Undocked", "StationName":"Chelbin Service Station", "StationType":"Orbis" }
{ "timestamp":"2017-01-04T05:26:50Z", "event":"ReceiveText", "From":"Chelbin Service Station", "Message":"$STATION_NoFireZone_exited;", "Message_Localised":"No fire zone left.", "Channel":"npc" }
{ "timestamp":"2017-01-04T05:27:17Z", "event":"FSDJump", "StarSystem":"LTT 13232", "StarPos":[46.625,84.656,-1.125], "SystemAllegiance":"Alliance", "SystemEconomy":"$economy_Military;", "SystemEconomy_Localised":"Military", "SystemGovernment":"$government_Corporate;", "SystemGovernment_Localised":"Corporate", "SystemSecurity":"$SYSTEM_SECURITY_low;", "SystemSecurity_Localised":"Low Security", "JumpDist":12.633, "FuelUsed":2.309437, "FuelLevel":5.690563, "SystemFaction":"Wolf 406 Transport & Co" }
{ "timestamp":"2017-01-04T05:29:38Z", "event":"FSDJump", "StarSystem":"Pomeche", "StarPos":[56.656,82.094,3.094], "SystemAllegiance":"Federation", "SystemEconomy":"$economy_Colony;", "SystemEconomy_Localised":"Colony", "SystemGovernment":"$government_Corporate;", "SystemGovernment_Localised":"Corporate", "SystemSecurity":"$SYSTEM_SECURITY_low;", "SystemSecurity_Localised":"Low Security", "JumpDist":11.180, "FuelUsed":1.720978, "FuelLevel":3.969585, "SystemFaction":"Pomeche Electronics Corporation", "FactionState":"Retreat" }
{ "timestamp":"2017-01-04T05:33:29Z", "event":"SupercruiseExit", "StarSystem":"Pomeche", "Body":"Drexler Colony", "BodyType":"Station" }
{ "timestamp":"2017-01-04T05:33:47Z", "event":"DockingRequested", "StationName":"Drexler Colony" }
{ "timestamp":"2017-01-04T05:33:47Z", "event":"ReceiveText", "From":"Drexler Colony", "Message":"$DockingChatter_Neutral;", "Message_Localised":"Ensure to observe starport protocol during your visit, pilot.", "Channel":"npc" }
{ "timestamp":"2017-01-04T05:33:49Z", "event":"ReceiveText", "From":"Drexler Colony", "Message":"$STATION_docking_granted;", "Message_Localised":"Docking request granted.", "Channel":"npc" }
{ "timestamp":"2017-01-04T05:33:49Z", "event":"DockingGranted", "LandingPad":14, "StationName":"Drexler Colony" }
{ "timestamp":"2017-01-04T05:34:02Z", "event":"ReceiveText", "From":"Drexler Colony", "Message":"$STATION_NoFireZone_entered;", "Message_Localised":"No fire zone entered.", "Channel":"npc" }
{ "timestamp":"2017-01-04T05:34:50Z", "event":"Docked", "StationName":"Drexler Colony", "StationType":"Coriolis", "StarSystem":"Pomeche", "StationFaction":"Pomeche Electronics Corporation", "FactionState":"Retreat", "StationGovernment":"$government_Corporate;", "StationGovernment_Localised":"Corporate", "StationAllegiance":"Federation", "StationEconomy":"$economy_Refinery;", "StationEconomy_Localised":"Refinery" }
{ "timestamp":"2017-01-04T05:37:27Z", "event":"ModuleBuy", "Slot":"Slot03_Size2", "SellItem":"$int_fsdinterdictor_size2_class5_name;", "SellItem_Localised":"FSD Interdictor", "SellPrice":2721600, "BuyItem":"$int_cargorack_size2_class1_name;", "BuyItem_Localised":"Cargo Rack", "BuyPrice":3250, "Ship":"vulture", "ShipID":3 }
{ "timestamp":"2017-01-04T05:38:20Z", "event":"CrewHire", "Name":"Sabrina Fisher", "Faction":"Allied Pomeche First", "Cost":150000, "CombatRank":4 }
{ "timestamp":"2017-01-04T05:40:00Z", "event":"Undocked", "StationName":"Drexler Colony", "StationType":"Coriolis" }
{ "timestamp":"2017-01-04T05:40:34Z", "event":"ReceiveText", "From":"Drexler Colony", "Message":"$STATION_NoFireZone_exited;", "Message_Localised":"No fire zone left.", "Channel":"npc" }
{ "timestamp":"2017-01-04T05:40:54Z", "event":"ReceiveText", "From":"Drexler Colony", "Message":"$STATION_NoFireZone_entered;", "Message_Localised":"No fire zone entered.", "Channel":"npc" }
{ "timestamp":"2017-01-04T05:40:55Z", "event":"ReceiveText", "From":"$ShipName_Police_Federation;", "From_Localised":"Federal Security Service", "Message":"$Police_ThankYouPassedStopAndSearch06;", "Message_Localised":"We're done here pilot, move along.", "Channel":"npc" }
{ "timestamp":"2017-01-04T05:41:03Z", "event":"ReceiveText", "From":"Drexler Colony", "Message":"$STATION_NoFireZone_exited;", "Message_Localised":"No fire zone left.", "Channel":"npc" }
{ "timestamp":"2017-01-04T05:41:33Z", "event":"ReceiveText", "From":"$npc_name_decorate:#name=Disko Nindza;", "From_Localised":"Disko Nindza", "Message":"$Commuter_AuthorityScan02;", "Message_Localised":"How can I be of assistance?", "Channel":"npc" }
{ "timestamp":"2017-01-04T05:41:40Z", "event":"SupercruiseEntry", "StarSystem":"Pomeche" }
{ "timestamp":"2017-01-04T05:43:04Z", "event":"SupercruiseExit", "StarSystem":"Pomeche", "Body":"Pomeche 1 A Ring", "BodyType":"PlanetaryRing" }
{ "timestamp":"2017-01-04T05:43:48Z", "event":"ReceiveText", "From":"$npc_name_decorate:#name=Antonius Nutter;", "From_Localised":"Antonius Nutter", "Message":"$Pirate_OnStartScanCargo06;", "Message_Localised":"Let's see what you are carrying.", "Channel":"npc" }
{ "timestamp":"2017-01-04T05:45:11Z", "event":"ReceiveText", "From":"$npc_name_decorate:#name=Kumo Crew Watch;", "From_Localised":"Kumo Crew Watch", "Message":"$BadKarmaCriticalDamage01;", "Message_Localised":"How is this happening?!", "Channel":"npc" }
{ "timestamp":"2017-01-04T05:45:20Z", "event":"ReceiveText", "From":"$npc_name_decorate:#name=EGP Operative;", "From_Localised":"EGP Operative", "Message":"$PowersPirate_OnStartScanCargo05;", "Message_Localised":"We're in need of some contributions. You got any?", "Channel":"npc" }
{ "timestamp":"2017-01-04T05:45:30Z", "event":"ReceiveText", "From":"$npc_name_decorate:#name=EGP Operative;", "From_Localised":"EGP Operative", "Message":"$PowersPirate_OnNoCargoFound02;", "Message_Localised":"Another dud, I'm really not filling my quota today.", "Channel":"npc" }
{ "timestamp":"2017-01-04T05:47:46Z", "event":"Bounty", "Rewards":[ { "Faction":"Pomeche Electronics Corporation", "Reward":168620 } ], "TotalReward":168620, "VictimFaction":"Pomeche Raiders" }
{ "timestamp":"2017-01-04T05:47:57Z", "event":"ReceiveText", "From":"$npc_name_decorate:#name=Patreus Sentinel;", "From_Localised":"Patreus Sentinel", "Message":"$BadKarmaCriticalDamage06;", "Message_Localised":"I hadn't expected this.", "Channel":"npc" }
{ "timestamp":"2017-01-04T05:48:39Z", "event":"Bounty", "Rewards":[ { "Faction":"Pomeche Electronics Corporation", "Reward":12910 } ], "TotalReward":12910, "VictimFaction":"Pomeche Raiders" }
{ "timestamp":"2017-01-04T05:49:09Z", "event":"ReceiveText", "From":"$npc_name_decorate:#name=Zeil Shou;", "From_Localised":"Zeil Shou", "Message":"$Pirate_OnStartScanCargo09;", "Message_Localised":"The scan will soon be over.", "Channel":"npc" }
{ "timestamp":"2017-01-04T05:49:19Z", "event":"ReceiveText", "From":"$npc_name_decorate:#name=Zeil Shou;", "From_Localised":"Zeil Shou", "Message":"$Pirate_OnNoCargoFound04;", "Message_Localised":"Another dud? Damn it all!", "Channel":"npc" }
{ "timestamp":"2017-01-04T05:50:19Z", "event":"SupercruiseEntry", "StarSystem":"Pomeche" }
{ "timestamp":"2017-01-04T05:53:39Z", "event":"ReceiveText", "From":"$npc_name_decorate:#name=Ferritas;", "From_Localised":"Ferritas", "Message":"$Pirate_StartInterdiction06;", "Message_Localised":"Make it easy on yourself and submit.", "Channel":"npc" }
{ "timestamp":"2017-01-04T05:54:12Z", "event":"Interdicted", "Submitted":false, "Interdictor":"Ferritas", "IsPlayer":false, "Faction":"Pomeche Raiders" }
{ "timestamp":"2017-01-04T05:54:17Z", "event":"SupercruiseExit", "StarSystem":"Pomeche", "Body":"Pomeche", "BodyType":"Star" }
{ "timestamp":"2017-01-04T05:54:20Z", "event":"ReceiveText", "From":"$npc_name_decorate:#name=Ferritas;", "From_Localised":"Ferritas", "Message":"$Pirate_OnDeclarePiracyThreaten14;", "Message_Localised":"Your choice is simple. Hand over your cargo or this will get messy.", "Channel":"npc" }
{ "timestamp":"2017-01-04T05:54:51Z", "event":"ReceiveText", "From":"$npc_name_decorate:#name=Ferritas;", "From_Localised":"Ferritas", "Message":"$Pirate_NiggledByNewShip02;", "Message_Localised":"You have just made a big mistake.", "Channel":"npc" }
{ "timestamp":"2017-01-04T05:55:16Z", "event":"ReceiveText", "From":"$npc_name_decorate:#name=Ferritas;", "From_Localised":"Ferritas", "Message":"$BadKarmaCriticalDamage03;", "Message_Localised":"You fight a good fight!", "Channel":"npc" }
{ "timestamp":"2017-01-04T05:55:31Z", "event":"ShieldState", "ShieldsUp":false }
{ "timestamp":"2017-01-04T05:55:59Z", "event":"Bounty", "Rewards":[ { "Faction":"Pomeche Electronics Corporation", "Reward":400 }, { "Faction":"Federation", "Reward":84735 } ], "TotalReward":85135, "VictimFaction":"Pomeche Raiders" }
{ "timestamp":"2017-01-04T05:57:06Z", "event":"MaterialDiscovered", "Category":"Manufactured", "Name":"highdensitycomposites", "DiscoveryNumber":9 }
{ "timestamp":"2017-01-04T05:57:06Z", "event":"MaterialCollected", "Category":"Manufactured", "Name":"highdensitycomposites", "Count":3 }
{ "timestamp":"2017-01-04T05:57:24Z", "event":"MaterialDiscovered", "Category":"Manufactured", "Name":"compoundshielding", "DiscoveryNumber":10 }
{ "timestamp":"2017-01-04T05:57:24Z", "event":"MaterialCollected", "Category":"Manufactured", "Name":"compoundshielding", "Count":3 }
{ "timestamp":"2017-01-04T05:57:30Z", "event":"ShieldState", "ShieldsUp":true }
{ "timestamp":"2017-01-04T05:57:49Z", "event":"MaterialCollected", "Category":"Manufactured", "Name":"compoundshielding", "Count":3 }
{ "timestamp":"2017-01-04T05:58:01Z", "event":"MaterialCollected", "Category":"Manufactured", "Name":"phasealloys", "Count":3 }
{ "timestamp":"2017-01-04T05:58:19Z", "event":"MaterialCollected", "Category":"Manufactured", "Name":"shieldemitters", "Count":3 }
{ "timestamp":"2017-01-04T05:58:34Z", "event":"MaterialDiscovered", "Category":"Manufactured", "Name":"refinedfocuscrystals", "DiscoveryNumber":11 }
{ "timestamp":"2017-01-04T05:58:34Z", "event":"MaterialCollected", "Category":"Manufactured", "Name":"refinedfocuscrystals", "Count":3 }
{ "timestamp":"2017-01-04T05:58:55Z", "event":"MaterialCollected", "Category":"Manufactured", "Name":"phasealloys", "Count":3 }
{ "timestamp":"2017-01-04T05:59:45Z", "event":"SupercruiseEntry", "StarSystem":"Pomeche" }
{ "timestamp":"2017-01-04T06:01:06Z", "event":"SupercruiseExit", "StarSystem":"Pomeche", "Body":"Behring Station", "BodyType":"Station" }
{ "timestamp":"2017-01-04T06:01:21Z", "event":"DockingRequested", "StationName":"Behring Station" }
{ "timestamp":"2017-01-04T06:01:21Z", "event":"ReceiveText", "From":"Behring Station", "Message":"$DockingChatter_Neutral;", "Message_Localised":"Ensure to observe starport protocol during your visit, pilot.", "Channel":"npc" }
{ "timestamp":"2017-01-04T06:01:23Z", "event":"ReceiveText", "From":"Behring Station", "Message":"$STATION_docking_granted;", "Message_Localised":"Docking request granted.", "Channel":"npc" }
{ "timestamp":"2017-01-04T06:01:23Z", "event":"DockingGranted", "LandingPad":1, "StationName":"Behring Station" }
{ "timestamp":"2017-01-04T06:01:34Z", "event":"ReceiveText", "From":"Behring Station", "Message":"$STATION_NoFireZone_entered;", "Message_Localised":"No fire zone entered.", "Channel":"npc" }
{ "timestamp":"2017-01-04T06:02:17Z", "event":"Docked", "StationName":"Behring Station", "StationType":"Outpost", "StarSystem":"Pomeche", "StationFaction":"Ross 129 Liberals", "StationGovernment":"$government_Democracy;", "StationGovernment_Localised":"Democracy", "StationAllegiance":"Federation", "StationEconomy":"$economy_Refinery;", "StationEconomy_Localised":"Refinery" }
{ "timestamp":"2017-01-04T06:02:49Z", "event":"RefuelAll", "Cost":245, "Amount":4.875373 }
{ "timestamp":"2017-01-04T06:02:53Z", "event":"RepairAll", "Cost":2404 }
{ "timestamp":"2017-01-04T06:03:01Z", "event":"RedeemVoucher", "Type":"bounty", "Amount":266665 }
{ "timestamp":"2017-01-04T06:03:45Z", "event":"Undocked", "StationName":"Behring Station", "StationType":"Outpost" }
{ "timestamp":"2017-01-04T06:04:11Z", "event":"ReceiveText", "From":"Behring Station", "Message":"$STATION_NoFireZone_exited;", "Message_Localised":"No fire zone left.", "Channel":"npc" }
{ "timestamp":"2017-01-04T06:04:17Z", "event":"SupercruiseEntry", "StarSystem":"Pomeche" }
{ "timestamp":"2017-01-04T06:06:05Z", "event":"USSDrop", "USSType":"$USS_Type_ValuableSalvage;", "USSType_Localised":"Encoded emissions detected", "USSThreat":0 }
{ "timestamp":"2017-01-04T06:06:08Z", "event":"SupercruiseExit", "StarSystem":"Pomeche", "Body":"Pomeche 5", "BodyType":"Planet" }
{ "timestamp":"2017-01-04T06:06:48Z", "event":"MaterialCollected", "Category":"Manufactured", "Name":"galvanisingalloys", "Count":3 }
{ "timestamp":"2017-01-04T06:07:07Z", "event":"SupercruiseEntry", "StarSystem":"Pomeche" }
{ "timestamp":"2017-01-04T06:08:51Z", "event":"USSDrop", "USSType":"$USS_Type_Salvage;", "USSType_Localised":"Degraded emissions detected", "USSThreat":0 }
{ "timestamp":"2017-01-04T06:08:53Z", "event":"SupercruiseExit", "StarSystem":"Pomeche", "Body":"Pomeche 5", "BodyType":"Planet" }
{ "timestamp":"2017-01-04T06:09:20Z", "event":"ReceiveText", "From":"$npc_name_decorate:#name=Niki Pantazis;", "From_Localised":"Niki Pantazis", "Message":"$Pirate_Special_Arrival01;", "Message_Localised":"Watch it pal, this is our haul! Just be on your way and don't try anything stupid.", "Channel":"npc" }
{ "timestamp":"2017-01-04T06:09:38Z", "event":"ReceiveText", "From":"$npc_name_decorate:#name=Niki Pantazis;", "From_Localised":"Niki Pantazis", "Message":"$Pirate_OnDeclarePiracyAttack06;", "Message_Localised":"Prepare for death, fool!", "Channel":"npc" }
{ "timestamp":"2017-01-04T06:09:56Z", "event":"ReceiveText", "From":"$npc_name_decorate:#name=Niki Pantazis;", "From_Localised":"Niki Pantazis", "Message":"$BadKarmaCriticalDamage04;", "Message_Localised":"I don't believe it!", "Channel":"npc" }
{ "timestamp":"2017-01-04T06:10:00Z", "event":"Bounty", "Rewards":[ { "Faction":"Pomeche Electronics Corporation", "Reward":4750 } ], "TotalReward":4750, "VictimFaction":"Pomeche Raiders" }
{ "timestamp":"2017-01-04T06:11:15Z", "event":"MaterialDiscovered", "Category":"Manufactured", "Name":"conductivecomponents", "DiscoveryNumber":12 }
{ "timestamp":"2017-01-04T06:11:15Z", "event":"MaterialCollected", "Category":"Manufactured", "Name":"conductivecomponents", "Count":3 }
{ "timestamp":"2017-01-04T06:11:44Z", "event":"SupercruiseEntry", "StarSystem":"Pomeche" }
{ "timestamp":"2017-01-04T06:12:14Z", "event":"ReceiveText", "From":"$npc_name_decorate:#name=Jive Scarlet;", "From_Localised":"Jive Scarlet", "Message":"$Pirate_StartInterdiction02;", "Message_Localised":"There's no escape!", "Channel":"npc" }
{ "timestamp":"2017-01-04T06:12:59Z", "event":"Interdicted", "Submitted":false, "Interdictor":"Jive Scarlet", "IsPlayer":false, "Faction":"Pomeche Raiders" }
{ "timestamp":"2017-01-04T06:13:01Z", "event":"SupercruiseExit", "StarSystem":"Pomeche", "Body":"Pomeche 5", "BodyType":"Planet" }
{ "timestamp":"2017-01-04T06:13:03Z", "event":"ReceiveText", "From":"$npc_name_decorate:#name=Jive Scarlet;", "From_Localised":"Jive Scarlet", "Message":"$Pirate_Arrival02;", "Message_Localised":"Prepare to pay up!", "Channel":"npc" }
{ "timestamp":"2017-01-04T06:13:21Z", "event":"ReceiveText", "From":"$npc_name_decorate:#name=Jive Scarlet;", "From_Localised":"Jive Scarlet", "Message":"$Pirate_OnDeclarePiracyAttack15;", "Message_Localised":"There will be no escape for you.", "Channel":"npc" }
{ "timestamp":"2017-01-04T06:13:41Z", "event":"ReceiveText", "From":"$npc_name_decorate:#name=Jive Scarlet;", "From_Localised":"Jive Scarlet", "Message":"$BadKarmaCriticalDamage05;", "Message_Localised":"No, no!", "Channel":"npc" }
{ "timestamp":"2017-01-04T06:14:08Z", "event":"Bounty", "Rewards":[ { "Faction":"Pomeche Electronics Corporation", "Reward":400 }, { "Faction":"Federation", "Reward":31140 } ], "TotalReward":31540, "VictimFaction":"Pomeche Raiders" }
{ "timestamp":"2017-01-04T06:15:08Z", "event":"SupercruiseEntry", "StarSystem":"Pomeche" }
{ "timestamp":"2017-01-04T06:16:32Z", "event":"USSDrop", "USSType":"$USS_Type_Salvage;", "USSType_Localised":"Degraded emissions detected", "USSThreat":0 }
{ "timestamp":"2017-01-04T06:16:35Z", "event":"SupercruiseExit", "StarSystem":"Pomeche", "Body":"Pomeche 5", "BodyType":"Planet" }
{ "timestamp":"2017-01-04T06:17:03Z", "event":"ReceiveText", "From":"$npc_name_decorate:#name=Star Birdy;", "From_Localised":"Star Birdy", "Message":"$Pirate_Special_Gloat01;", "Message_Localised":"Look what we found. Payday is here!", "Channel":"npc" }
{ "timestamp":"2017-01-04T06:17:21Z", "event":"ReceiveText", "From":"$npc_name_decorate:#name=Star Birdy;", "From_Localised":"Star Birdy", "Message":"$Pirate_OnDeclarePiracyAttack01;", "Message_Localised":"I'll pick your bones clean, greenhorn.", "Channel":"npc" }
{ "timestamp":"2017-01-04T06:17:35Z", "event":"ReceiveText", "From":"$npc_name_decorate:#name=Star Birdy;", "From_Localised":"Star Birdy", "Message":"$Pirate_NiggledByNewShip01;", "Message_Localised":"Oh, so you think you can take me?", "Channel":"npc" }
{ "timestamp":"2017-01-04T06:18:05Z", "event":"Bounty", "Rewards":[ { "Faction":"Pomeche Electronics Corporation", "Reward":19885 } ], "TotalReward":19885, "VictimFaction":"Ross 129 Liberals" }
{ "timestamp":"2017-01-04T06:19:22Z", "event":"SupercruiseEntry", "StarSystem":"Pomeche" }
{ "timestamp":"2017-01-04T06:22:07Z", "event":"ReceiveText", "From":"$npc_name_decorate:#name=Athol Fleming;", "From_Localised":"Athol Fleming", "Message":"$Pirate_StartInterdiction02;", "Message_Localised":"There's no escape!", "Channel":"npc" }
{ "timestamp":"2017-01-04T06:22:51Z", "event":"Interdicted", "Submitted":false, "Interdictor":"Athol Fleming", "IsPlayer":false, "Faction":"Tsondama Liberty Party" }
{ "timestamp":"2017-01-04T06:22:54Z", "event":"SupercruiseExit", "StarSystem":"Pomeche", "Body":"Pomeche 5", "BodyType":"Planet" }
{ "timestamp":"2017-01-04T06:22:56Z", "event":"ReceiveText", "From":"$npc_name_decorate:#name=Athol Fleming;", "From_Localised":"Athol Fleming", "Message":"$Pirate_Arrival07;", "Message_Localised":"Don't worry...", "Channel":"npc" }
{ "timestamp":"2017-01-04T06:23:41Z", "event":"ReceiveText", "From":"$npc_name_decorate:#name=Athol Fleming;", "From_Localised":"Athol Fleming", "Message":"$Pirate_OnHullLowJumpAway12;", "Message_Localised":"I'm not dying today!", "Channel":"npc" }
{ "timestamp":"2017-01-04T06:23:47Z", "event":"Bounty", "Rewards":[ { "Faction":"Pomeche Electronics Corporation", "Reward":400 }, { "Faction":"Federation", "Reward":22950 } ], "TotalReward":23350, "VictimFaction":"Tsondama Liberty Party" }
{ "timestamp":"2017-01-04T06:25:52Z", "event":"SupercruiseEntry", "StarSystem":"Pomeche" }
{ "timestamp":"2017-01-04T06:30:25Z", "event":"FSDJump", "StarSystem":"Sharru Sector GW-W c1-20", "StarPos":[56.688,81.156,-0.031], "SystemAllegiance":"", "SystemEconomy":"$economy_None;", "SystemEconomy_Localised":"None", "SystemGovernment":"$government_None;", "SystemGovernment_Localised":"None", "SystemSecurity":"$SYSTEM_SECURITY_low;", "SystemSecurity_Localised":"Low Security", "JumpDist":3.263, "FuelUsed":0.100865, "FuelLevel":7.329135 }
{ "timestamp":"2017-01-04T06:31:02Z", "event":"FuelScoop", "Scooped":0.173691, "Total":7.502826 }
{ "timestamp":"2017-01-04T06:31:21Z", "event":"FSDJump", "StarSystem":"Sharru Sector HM-V b2-2", "StarPos":[54.063,80.938,-6.406], "SystemAllegiance":"", "SystemEconomy":"$economy_None;", "SystemEconomy_Localised":"None", "SystemGovernment":"$government_None;", "SystemGovernment_Localised":"None", "SystemSecurity":"$SYSTEM_SECURITY_low;", "SystemSecurity_Localised":"Low Security", "JumpDist":6.898, "FuelUsed":0.564388, "FuelLevel":6.938438 }
{ "timestamp":"2017-01-04T06:36:02Z", "event":"FuelScoop", "Scooped":0.150027, "Total":7.088465 }
{ "timestamp":"2017-01-04T06:36:39Z", "event":"FSDJump", "StarSystem":"Olker", "StarPos":[46.906,81.188,-8.469], "SystemAllegiance":"Independent", "SystemEconomy":"$economy_Agri;", "SystemEconomy_Localised":"Agriculture", "SystemGovernment":"$government_Dictatorship;", "SystemGovernment_Localised":"Dictatorship", "SystemSecurity":"$SYSTEM_SECURITY_high;", "SystemSecurity_Localised":"High Security", "JumpDist":7.452, "FuelUsed":0.672720, "FuelLevel":6.415745, "SystemFaction":"Nationalists of Olker", "FactionState":"Boom" }
{ "timestamp":"2017-01-04T06:37:22Z", "event":"ReceiveText", "From":"$npc_name_decorate:#name=Cruise Ship;", "From_Localised":"Cruise Ship", "Message":"$CruiseLiner_SCPatrol02;", "Message_Localised":"We will be cruising in-system for a while, please feel free to take advantage of our in-flight entertainment.", "Channel":"npc" }
{ "timestamp":"2017-01-04T06:37:56Z", "event":"ReceiveText", "From":"$npc_name_decorate:#name=Cruise Ship;", "From_Localised":"Cruise Ship", "Message":"$CruiseLiner_SCPatrol01;", "Message_Localised":"And don't forget, this Liner is in the top 1% of all Liners out there.", "Channel":"npc" }
{ "timestamp":"2017-01-04T06:38:23Z", "event":"ReceiveText", "From":"$npc_name_decorate:#name=Cruise Ship;", "From_Localised":"Cruise Ship", "Message":"$CruiseLiner_SCPatrol04;", "Message_Localised":"I'd like to direct your attention to our flight attendants for a brief safety demonstration.", "Channel":"npc" }
{ "timestamp":"2017-01-04T06:41:23Z", "event":"ReceiveText", "From":"$npc_name_decorate:#name=Cruise Ship;", "From_Localised":"Cruise Ship", "Message":"$CruiseLiner_SCPatrol05;", "Message_Localised":"This is your captain. Due to some unforeseen delays, we will be arriving at our next destination later than scheduled.", "Channel":"npc" }
{ "timestamp":"2017-01-04T06:42:04Z", "event":"ReceiveText", "From":"$npc_name_decorate:#name=Cruise Ship;", "From_Localised":"Cruise Ship", "Message":"$CruiseLiner_SCPatrol04;", "Message_Localised":"I'd like to direct your attention to our flight attendants for a brief safety demonstration.", "Channel":"npc" }
{ "timestamp":"2017-01-04T06:45:35Z", "event":"ReceiveText", "From":"$npc_name_decorate:#name=Cruise Ship;", "From_Localised":"Cruise Ship", "Message":"$CruiseLiner_SCPatrol05;", "Message_Localised":"This is your captain. Due to some unforeseen delays, we will be arriving at our next destination later than scheduled.", "Channel":"npc" }
{ "timestamp":"2017-01-04T06:45:39Z", "event":"SupercruiseExit", "StarSystem":"Olker", "Body":"Dorsey Port", "BodyType":"Station" }
{ "timestamp":"2017-01-04T06:45:41Z", "event":"ReceiveText", "From":"Dorsey Port", "Message":"$STATION_NoFireZone_entered;", "Message_Localised":"No fire zone entered.", "Channel":"npc" }
{ "timestamp":"2017-01-04T06:45:51Z", "event":"DockingRequested", "StationName":"Dorsey Port" }
{ "timestamp":"2017-01-04T06:45:51Z", "event":"ReceiveText", "From":"Dorsey Port", "Message":"$DockingChatter_Neutral;", "Message_Localised":"Ensure to observe starport protocol during your visit, pilot.", "Channel":"npc" }
{ "timestamp":"2017-01-04T06:45:52Z", "event":"ReceiveText", "From":"Dorsey Port", "Message":"$STATION_docking_granted;", "Message_Localised":"Docking request granted.", "Channel":"npc" }
{ "timestamp":"2017-01-04T06:45:52Z", "event":"DockingGranted", "LandingPad":42, "StationName":"Dorsey Port" }
{ "timestamp":"2017-01-04T06:47:05Z", "event":"Docked", "StationName":"Dorsey Port", "StationType":"Orbis", "StarSystem":"Olker", "StationFaction":"Nationalists of Olker", "FactionState":"Boom", "StationGovernment":"$government_Dictatorship;", "StationGovernment_Localised":"Dictatorship", "StationEconomy":"$economy_Agri;", "StationEconomy_Localised":"Agriculture" }
{ "timestamp":"2017-01-04T06:53:46Z", "event":"MarketBuy", "Type":"tobacco", "Count":1, "BuyPrice":4275, "TotalCost":4275 }
{ "timestamp":"2017-01-04T06:54:03Z", "event":"Undocked", "StationName":"Dorsey Port", "StationType":"Orbis" }
{ "timestamp":"2017-01-04T06:54:42Z", "event":"ReceiveText", "From":"$ShipName_Police_Independent;", "From_Localised":"System Authority Vessel", "Message":"$Police_ThankYouPassedStopAndSearch04;", "Message_Localised":"No crimes detected. You're free to go, Commander.", "Channel":"npc" }
{ "timestamp":"2017-01-04T06:55:45Z", "event":"ReceiveText", "From":"Dorsey Port", "Message":"$STATION_NoFireZone_exited;", "Message_Localised":"No fire zone left.", "Channel":"npc" }
{ "timestamp":"2017-01-04T06:55:47Z", "event":"ReceiveText", "From":"$npc_name_decorate:#name=Tony Kustro;", "From_Localised":"Tony Kustro", "Message":"$Commuter_AuthorityScan02;", "Message_Localised":"How can I be of assistance?", "Channel":"npc" }
{ "timestamp":"2017-01-04T07:13:01Z", "event":"ReceiveText", "From":"Dorsey Port", "Message":"$STATION_NoFireZone_entered;", "Message_Localised":"No fire zone entered.", "Channel":"npc" }
{ "timestamp":"2017-01-04T07:13:42Z", "event":"FSDJump", "StarSystem":"Sharru Sector LS-T b3-1", "StarPos":[47.750,78.969,-4.094], "SystemAllegiance":"", "SystemEconomy":"$economy_None;", "SystemEconomy_Localised":"None", "SystemGovernment":"$government_None;", "SystemGovernment_Localised":"None", "SystemSecurity":"$SYSTEM_SECURITY_low;", "SystemSecurity_Localised":"Low Security", "JumpDist":4.977, "FuelUsed":0.265573, "FuelLevel":5.580172 }
{ "timestamp":"2017-01-04T07:14:04Z", "event":"FuelScoop", "Scooped":0.070618, "Total":5.650790 }
{ "timestamp":"2017-01-04T07:14:27Z", "event":"FSDJump", "StarSystem":"Sharru Sector GW-W c1-20", "StarPos":[56.688,81.156,-0.031], "SystemAllegiance":"", "SystemEconomy":"$economy_None;", "SystemEconomy_Localised":"None", "SystemGovernment":"$government_None;", "SystemGovernment_Localised":"None", "SystemSecurity":"$SYSTEM_SECURITY_low;", "SystemSecurity_Localised":"Low Security", "JumpDist":10.058, "FuelUsed":1.337686, "FuelLevel":4.313104 }
{ "timestamp":"2017-01-04T07:14:50Z", "event":"FuelScoop", "Scooped":0.059138, "Total":4.372242 }
{ "timestamp":"2017-01-04T07:15:23Z", "event":"FSDJump", "StarSystem":"Pomeche", "StarPos":[56.656,82.094,3.094], "SystemAllegiance":"Federation", "SystemEconomy":"$economy_Colony;", "SystemEconomy_Localised":"Colony", "SystemGovernment":"$government_Corporate;", "SystemGovernment_Localised":"Corporate", "SystemSecurity":"$SYSTEM_SECURITY_low;", "SystemSecurity_Localised":"Low Security", "JumpDist":3.263, "FuelUsed":0.099682, "FuelLevel":4.272560, "SystemFaction":"Pomeche Electronics Corporation", "FactionState":"Retreat" }
{ "timestamp":"2017-01-04T07:18:28Z", "event":"ReceiveText", "From":"$npc_name_decorate:#name=Clement Apap;", "From_Localised":"Clement Apap", "Message":"$Pirate_StartInterdiction07;", "Message_Localised":"I'm coming for you.", "Channel":"npc" }
{ "timestamp":"2017-01-04T07:18:32Z", "event":"Interdicted", "Submitted":true, "Interdictor":"Clement Apap", "IsPlayer":false, "Faction":"Pomeche Raiders" }
{ "timestamp":"2017-01-04T07:18:34Z", "event":"SupercruiseExit", "StarSystem":"Pomeche", "Body":"Pomeche", "BodyType":"Star" }
{ "timestamp":"2017-01-04T07:18:36Z", "event":"ReceiveText", "From":"$npc_name_decorate:#name=Clement Apap;", "From_Localised":"Clement Apap", "Message":"$Pirate_OnDeclarePiracyThreaten15;", "Message_Localised":"Give me your cargo and no-one will get hurt.", "Channel":"npc" }
{ "timestamp":"2017-01-04T07:19:11Z", "event":"ShieldState", "ShieldsUp":false }
{ "timestamp":"2017-01-04T07:19:49Z", "event":"SupercruiseEntry", "StarSystem":"Pomeche" }
{ "timestamp":"2017-01-04T07:23:39Z", "event":"SupercruiseExit", "StarSystem":"Pomeche", "Body":"Behring Station", "BodyType":"Station" }
{ "timestamp":"2017-01-04T07:23:56Z", "event":"DockingRequested", "StationName":"Behring Station" }
{ "timestamp":"2017-01-04T07:23:56Z", "event":"ReceiveText", "From":"Behring Station", "Message":"$DockingChatter_Neutral;", "Message_Localised":"Ensure to observe starport protocol during your visit, pilot.", "Channel":"npc" }
{ "timestamp":"2017-01-04T07:23:57Z", "event":"ReceiveText", "From":"Behring Station", "Message":"$STATION_docking_granted;", "Message_Localised":"Docking request granted.", "Channel":"npc" }
{ "timestamp":"2017-01-04T07:23:57Z", "event":"DockingGranted", "LandingPad":2, "StationName":"Behring Station" }
{ "timestamp":"2017-01-04T07:24:08Z", "event":"ReceiveText", "From":"Behring Station", "Message":"$STATION_NoFireZone_entered;", "Message_Localised":"No fire zone entered.", "Channel":"npc" }
{ "timestamp":"2017-01-04T07:25:12Z", "event":"Docked", "StationName":"Behring Station", "StationType":"Outpost", "StarSystem":"Pomeche", "StationFaction":"Ross 129 Liberals", "StationGovernment":"$government_Democracy;", "StationGovernment_Localised":"Democracy", "StationAllegiance":"Federation", "StationEconomy":"$economy_Refinery;", "StationEconomy_Localised":"Refinery" }
{ "timestamp":"2017-01-04T07:25:29Z", "event":"RefuelAll", "Cost":222, "Amount":4.427666 }
{ "timestamp":"2017-01-04T07:25:31Z", "event":"RepairAll", "Cost":3186 }
{ "timestamp":"2017-01-04T07:25:39Z", "event":"RedeemVoucher", "Type":"bounty", "Amount":79525 }
{ "timestamp":"2017-01-04T07:25:49Z", "event":"MarketSell", "Type":"tobacco", "Count":1, "SellPrice":5911, "TotalSale":5911, "AvgPricePaid":4275, "IllegalGoods":true, "BlackMarket":true }
{ "timestamp":"2017-01-04T07:26:25Z", "event":"EngineerProgress", "Engineer":"The Dweller", "Progress":"Invited" }
{ "timestamp":"2017-01-04T07:26:47Z", "event":"Undocked", "StationName":"Behring Station", "StationType":"Outpost" }
{ "timestamp":"2017-01-04T07:28:09Z", "event":"ReceiveText", "From":"Behring Station", "Message":"$STATION_NoFireZone_exited;", "Message_Localised":"No fire zone left.", "Channel":"npc" }
{ "timestamp":"2017-01-04T07:31:59Z", "event":"FSDJump", "StarSystem":"Sharru Sector GW-W c1-20", "StarPos":[56.688,81.156,-0.031], "SystemAllegiance":"", "SystemEconomy":"$economy_None;", "SystemEconomy_Localised":"None", "SystemGovernment":"$government_None;", "SystemGovernment_Localised":"None", "SystemSecurity":"$SYSTEM_SECURITY_low;", "SystemSecurity_Localised":"Low Security", "JumpDist":3.263, "FuelUsed":0.101191, "FuelLevel":7.898809 }
{ "timestamp":"2017-01-04T07:32:45Z", "event":"FuelScoop", "Scooped":0.101191, "Total":8.000000 }
{ "timestamp":"2017-01-04T07:33:20Z", "event":"FSDJump", "StarSystem":"Sharru Sector LS-T b3-0", "StarPos":[52.000,76.500,-4.313], "SystemAllegiance":"", "SystemEconomy":"$economy_None;", "SystemEconomy_Localised":"None", "SystemGovernment":"$government_None;", "SystemGovernment_Localised":"None", "SystemSecurity":"$SYSTEM_SECURITY_low;", "SystemSecurity_Localised":"Low Security", "JumpDist":7.873, "FuelUsed":0.767373, "FuelLevel":7.232627 }
{ "timestamp":"2017-01-04T07:33:45Z", "event":"FuelScoop", "Scooped":0.098149, "Total":7.330776 }
{ "timestamp":"2017-01-04T07:34:17Z", "event":"FSDJump", "StarSystem":"89 Leonis", "StarPos":[44.344,76.750,-5.031], "SystemAllegiance":"Federation", "SystemEconomy":"$economy_Agri;", "SystemEconomy_Localised":"Agriculture", "SystemGovernment":"$government_Democracy;", "SystemGovernment_Localised":"Democracy", "SystemSecurity":"$SYSTEM_SECURITY_medium;", "SystemSecurity_Localised":"Medium Security", "JumpDist":7.694, "FuelUsed":0.724951, "FuelLevel":6.605824, "SystemFaction":"89 Leonis Republic Party" }
{ "timestamp":"2017-01-04T07:35:32Z", "event":"HeatWarning" }
{ "timestamp":"2017-01-04T07:36:04Z", "event":"FSDJump", "StarSystem":"Sharru Sector NN-T b3-4", "StarPos":[38.375,66.469,-4.969], "SystemAllegiance":"", "SystemEconomy":"$economy_None;", "SystemEconomy_Localised":"None", "SystemGovernment":"$government_None;", "SystemGovernment_Localised":"None", "SystemSecurity":"$SYSTEM_SECURITY_low;", "SystemSecurity_Localised":"Low Security", "JumpDist":11.888, "FuelUsed":1.979892, "FuelLevel":6.020107 }
{ "timestamp":"2017-01-04T07:36:05Z", "event":"HeatWarning" }
{ "timestamp":"2017-01-04T07:36:34Z", "event":"FuelScoop", "Scooped":0.001624, "Total":6.021731 }
{ "timestamp":"2017-01-04T07:36:56Z", "event":"FSDJump", "StarSystem":"Wolf 386", "StarPos":[30.688,61.750,-9.938], "SystemAllegiance":"", "SystemEconomy":"$economy_None;", "SystemEconomy_Localised":"None", "SystemGovernment":"$government_None;", "SystemGovernment_Localised":"None", "SystemSecurity":"$SYSTEM_SECURITY_low;", "SystemSecurity_Localised":"Low Security", "JumpDist":10.298, "FuelUsed":1.407259, "FuelLevel":4.614471 }
{ "timestamp":"2017-01-04T07:39:02Z", "event":"FuelScoop", "Scooped":3.220962, "Total":7.835433 }
{ "timestamp":"2017-01-04T07:39:40Z", "event":"FSDJump", "StarSystem":"Sharru Sector IH-V b2-4", "StarPos":[23.094,59.438,-14.094], "SystemAllegiance":"", "SystemEconomy":"$economy_None;", "SystemEconomy_Localised":"None", "SystemGovernment":"$government_None;", "SystemGovernment_Localised":"None", "SystemSecurity":"$SYSTEM_SECURITY_low;", "SystemSecurity_Localised":"Low Security", "JumpDist":8.960, "FuelUsed":1.032288, "FuelLevel":6.803145 }
{ "timestamp":"2017-01-04T07:40:37Z", "event":"FuelScoop", "Scooped":-0.375987, "Total":6.427158 }
{ "timestamp":"2017-01-04T07:40:54Z", "event":"FSDJump", "StarSystem":"Zosma", "StarPos":[16.063,53.875,-15.844], "SystemAllegiance":"", "SystemEconomy":"$economy_None;", "SystemEconomy_Localised":"None", "SystemGovernment":"$government_None;", "SystemGovernment_Localised":"None", "SystemSecurity":"$SYSTEM_SECURITY_low;", "SystemSecurity_Localised":"Low Security", "JumpDist":9.135, "FuelUsed":1.076604, "FuelLevel":6.427158 }
{ "timestamp":"2017-01-04T07:41:26Z", "event":"FuelScoop", "Scooped":0.074456, "Total":6.501614 }
{ "timestamp":"2017-01-04T07:41:58Z", "event":"FSDJump", "StarSystem":"Ross 903", "StarPos":[11.156,49.250,-11.625], "SystemAllegiance":"", "SystemEconomy":"$economy_None;", "SystemEconomy_Localised":"None", "SystemGovernment":"$government_None;", "SystemGovernment_Localised":"None", "SystemSecurity":"$SYSTEM_SECURITY_low;", "SystemSecurity_Localised":"Low Security", "JumpDist":7.954, "FuelUsed":0.778886, "FuelLevel":5.722728 }
{ "timestamp":"2017-01-04T07:42:25Z", "event":"FuelScoop", "Scooped":0.147771, "Total":5.870499 }
{ "timestamp":"2017-01-04T07:42:54Z", "event":"FSDJump", "StarSystem":"LHS 304", "StarPos":[10.844,41.125,-11.094], "SystemAllegiance":"Federation", "SystemEconomy":"$economy_Military;", "SystemEconomy_Localised":"Military", "SystemGovernment":"$government_Corporate;", "SystemGovernment_Localised":"Corporate", "SystemSecurity":"$SYSTEM_SECURITY_medium;", "SystemSecurity_Localised":"Medium Security", "JumpDist":8.148, "FuelUsed":0.820067, "FuelLevel":5.050432, "SystemFaction":"LHS 304 Crimson Dynamic Co", "FactionState":"Boom" }
{ "timestamp":"2017-01-04T07:44:45Z", "event":"Screenshot", "Filename":"\\ED_Pictures\\Screenshot_0000.bmp", "Width":1920, "Height":1080, "System":"LHS 304", "Body":"LHS 304" }
{ "timestamp":"2017-01-04T07:44:47Z", "event":"Screenshot", "Filename":"\\ED_Pictures\\Screenshot_0001.bmp", "Width":1920, "Height":1080, "System":"LHS 304", "Body":"LHS 304" }
{ "timestamp":"2017-01-04T07:45:04Z", "event":"Screenshot", "Filename":"\\ED_Pictures\\HighResScreenShot_2017-01-04_07-45-03.bmp", "Width":7680, "Height":4320, "System":"LHS 304", "Body":"LHS 304" }
{ "timestamp":"2017-01-04T07:46:30Z", "event":"FSDJump", "StarSystem":"Pliny", "StarPos":[4.625,36.000,-13.500], "SystemAllegiance":"Federation", "SystemEconomy":"$economy_Industrial;", "SystemEconomy_Localised":"Industrial", "SystemGovernment":"$government_Democracy;", "SystemGovernment_Localised":"Democracy", "SystemSecurity":"$SYSTEM_SECURITY_high;", "SystemSecurity_Localised":"High Security", "JumpDist":8.410, "FuelUsed":0.878337, "FuelLevel":4.172095, "SystemFaction":"United Pliny Labour" }
{ "timestamp":"2017-01-04T07:47:09Z", "event":"Screenshot", "Filename":"\\ED_Pictures\\HighResScreenShot_2017-01-04_07-47-09.bmp", "Width":7680, "Height":4320, "System":"Pliny", "Body":"Pliny" }
{ "timestamp":"2017-01-04T07:47:31Z", "event":"FuelScoop", "Scooped":0.903777, "Total":5.075872 }
{ "timestamp":"2017-01-04T07:47:50Z", "event":"FSDJump", "StarSystem":"Shudun Sector AA-A d142", "StarPos":[-1.156,34.531,-7.594], "SystemAllegiance":"", "SystemEconomy":"$economy_None;", "SystemEconomy_Localised":"None", "SystemGovernment":"$government_None;", "SystemGovernment_Localised":"None", "SystemSecurity":"$SYSTEM_SECURITY_low;", "SystemSecurity_Localised":"Low Security", "JumpDist":8.394, "FuelUsed":0.874559, "FuelLevel":4.201313 }
{ "timestamp":"2017-01-04T07:48:18Z", "event":"HeatWarning" }
{ "timestamp":"2017-01-04T07:48:25Z", "event":"HeatWarning" }
{ "timestamp":"2017-01-04T07:48:52Z", "event":"FSDJump", "StarSystem":"Wyrd", "StarPos":[-11.625,31.531,-3.938], "SystemAllegiance":"Federation", "SystemEconomy":"$economy_Extraction;", "SystemEconomy_Localised":"Extraction", "SystemGovernment":"$government_Confederacy;", "SystemGovernment_Localised":"Confederacy", "SystemSecurity":"$SYSTEM_SECURITY_medium;", "SystemSecurity_Localised":"Medium Security", "JumpDist":11.488, "FuelUsed":1.791403, "FuelLevel":2.694342, "SystemFaction":"Alliance of BD+47 2112" }
{ "timestamp":"2017-01-04T07:49:50Z", "event":"FuelScoop", "Scooped":0.286382, "Total":2.980724 }
{ "timestamp":"2017-01-04T07:52:13Z", "event":"SupercruiseExit", "StarSystem":"Wyrd", "Body":"Wyrd A 2", "BodyType":"Planet" }
{ "timestamp":"2017-01-04T07:52:35Z", "event":"DockingRequested", "StationName":"Black Hide" }
{ "timestamp":"2017-01-04T07:52:35Z", "event":"ReceiveText", "From":"Black Hide", "Message":"$DockingChatter_Neutral;", "Message_Localised":"Ensure to observe starport protocol during your visit, pilot.", "Channel":"npc" }
{ "timestamp":"2017-01-04T07:52:37Z", "event":"ReceiveText", "From":"Black Hide", "Message":"$STATION_docking_granted;", "Message_Localised":"Docking request granted.", "Channel":"npc" }
{ "timestamp":"2017-01-04T07:52:37Z", "event":"DockingGranted", "LandingPad":6, "StationName":"Black Hide" }
{ "timestamp":"2017-01-04T07:52:48Z", "event":"ReceiveText", "From":"Black Hide", "Message":"$STATION_NoFireZone_entered;", "Message_Localised":"No fire zone entered.", "Channel":"npc" }
{ "timestamp":"2017-01-04T07:53:23Z", "event":"Docked", "StationName":"Black Hide", "StarSystem":"Wyrd", "StationFaction":"Alliance of BD+47 2112", "StationGovernment":"$government_Confederacy;", "StationGovernment_Localised":"Confederacy", "StationAllegiance":"Federation" }
{ "timestamp":"2017-01-04T07:53:51Z", "event":"EngineerProgress", "Engineer":"The Dweller", "Progress":"Unlocked", "Rank":1 }
{ "timestamp":"2017-01-04T07:54:54Z", "event":"EngineerCraft", "Engineer":"The Dweller", "Blueprint":"Weapon_RapidFire", "Level":1, "Ingredients":{"mechanicalscrap":1 } }
{ "timestamp":"2017-01-04T07:55:44Z", "event":"EngineerApply", "Engineer":"The Dweller", "Blueprint":"Weapon_RapidFire", "Level":1 }
{ "timestamp":"2017-01-04T07:57:37Z", "event":"EngineerCraft", "Engineer":"The Dweller", "Blueprint":"PowerDistributor_HighFrequency", "Level":1, "Ingredients":{"legacyfirmware":1 } }
{ "timestamp":"2017-01-04T07:58:13Z", "event":"EngineerApply", "Engineer":"The Dweller", "Blueprint":"PowerDistributor_HighFrequency", "Level":1 }
{ "timestamp":"2017-01-04T07:58:22Z", "event":"RefuelAll", "Cost":283, "Amount":5.642654 }
{ "timestamp":"2017-01-04T07:58:24Z", "event":"BuyAmmo", "Cost":100 }
{ "timestamp":"2017-01-04T07:58:28Z", "event":"RepairAll", "Cost":1425 }
