{ "timestamp":"2017-07-25T05:26:03Z", "event":"Fileheader", "part":1, "language":"English\\UK", "gameversion":"2.3.11", "build":"r148764/r0 " }
{ "timestamp":"2017-07-25T05:26:51Z", "event":"Cargo", "Inventory":[  ] }
{ "timestamp":"2017-07-25T05:26:51Z", "event":"Loadout", "Ship":"Anaconda", "ShipID":10, "ShipName":"", "ShipIdent":"", "Modules":[ { "Slot":"TinyHardpoint1", "Item":"Hpt_HeatSinkLauncher_Turret_Tiny", "On":true, "Priority":0, "AmmoInClip":1, "AmmoInHopper":1, "Health":0.919371, "Value":3500 }, { "Slot":"TinyHardpoint2", "Item":"Hpt_HeatSinkLauncher_Turret_Tiny", "On":true, "Priority":0, "AmmoInClip":1, "Health":0.906805, "Value":3500 }, { "Slot":"Armour", "Item":"Anaconda_Armour_Grade1", "On":true, "Priority":1, "Health":1.000000, "Value":0 }, { "Slot":"PowerPlant", "Item":"Int_Powerplant_Size3_Class5", "On":true, "Priority":1, "Health":0.936142, "Value":431726 }, { "Slot":"MainEngines", "Item":"Int_Engine_Size5_Class2", "On":true, "Priority":3, "Health":0.920782, "Value":189035 }, { "Slot":"FrameShiftDrive", "Item":"Int_Hyperdrive_Size6_Class5", "On":true, "Priority":0, "Health":0.920320, "Value":13752602 }, { "Slot":"LifeSupport", "Item":"Int_LifeSupport_Size5_Class2", "On":true, "Priority":0, "Health":0.912191, "Value":67528 }, { "Slot":"PowerDistributor", "Item":"Int_PowerDistributor_Size5_Class5", "On":true, "Priority":0, "Health":0.922766, "Value":1055120 }, { "Slot":"Radar", "Item":"Int_Sensors_Size8_Class2", "On":true, "Priority":0, "Health":0.912487, "Value":1482367 }, { "Slot":"FuelTank", "Item":"Int_FuelTank_Size5_Class3", "On":true, "Priority":1, "Health":1.000000, "Value":83090 }, { "Slot":"Slot01_Size7", "Item":"Int_FuelScoop_Size7_Class4", "On":true, "Priority":0, "Health":0.928447, "Value":22795161 }, { "Slot":"Slot02_Size6", "Item":"Int_BuggyBay_Size6_Class2", "On":true, "Priority":0, "Health":0.933584, "Value":691200 }, { "Slot":"Slot03_Size6", "Item":"Int_Repairer_Size6_Class5", "On":false, "Priority":0, "AmmoInClip":8100, "Health":0.928613, "Value":15305501 }, { "Slot":"Slot04_Size6", "Item":"Int_Repairer_Size6_Class5", "On":false, "Priority":1, "AmmoInClip":8100, "Health":0.920435, "Value":15305501 }, { "Slot":"Slot09_Size4", "Item":"Int_DetailedSurfaceScanner_Tiny", "On":true, "Priority":1, "Health":1.000000, "Value":250000 }, { "Slot":"Slot10_Size4", "Item":"Int_ShieldGenerator_Size3_Class2", "On":true, "Priority":1, "Health":0.862911, "Value":18812 }, { "Slot":"Slot13_Size2", "Item":"Int_StellarBodyDiscoveryScanner_Advanced", "On":true, "Priority":1, "Health":0.841494, "Value":1545000 }, { "Slot":"PlanetaryApproachSuite", "Item":"Int_PlanetApproachSuite", "On":true, "Priority":1, "Health":1.000000, "Value":425 }, { "Slot":"ShipCockpit", "Item":"Anaconda_Cockpit", "On":true, "Priority":1, "Health":0.934048, "Value":0 }, { "Slot":"CargoHatch", "Item":"ModularCargoBayDoor", "On":false, "Priority":1, "Health":0.889016, "Value":0 } ] }
{ "timestamp":"2017-07-25T05:26:51Z", "event":"Materials", "Raw":[ { "Name":"sulphur", "Count":33 }, { "Name":"phosphorus", "Count":30 }, { "Name":"manganese", "Count":12 }, { "Name":"nickel", "Count":7 }, { "Name":"carbon", "Count":11 }, { "Name":"cadmium", "Count":12 }, { "Name":"germanium", "Count":3 }, { "Name":"tungsten", "Count":3 }, { "Name":"arsenic", "Count":3 }, { "Name":"zinc", "Count":6 }, { "Name":"selenium", "Count":12 }, { "Name":"vanadium", "Count":3 }, { "Name":"antimony", "Count":3 } ], "Manufactured":[ { "Name":"hybridcapacitors", "Count":2 }, { "Name":"focuscrystals", "Count":1 }, { "Name":"salvagedalloys", "Count":1 }, { "Name":"shieldemitters", "Count":5 }, { "Name":"galvanisingalloys", "Count":4 }, { "Name":"phasealloys", "Count":10 }, { "Name":"highdensitycomposites", "Count":6 }, { "Name":"compoundshielding", "Count":6 }, { "Name":"refinedfocuscrystals", "Count":3 }, { "Name":"conductivecomponents", "Count":4 }, { "Name":"heatresistantceramics", "Count":1 }, { "Name":"precipitatedalloys", "Count":3 }, { "Name":"wornshieldemitters", "Count":3 }, { "Name":"shieldingsensors", "Count":3 }, { "Name":"thermicalloys", "Count":5 }, { "Name":"mechanicalequipment", "Count":1 }, { "Name":"gridresistors", "Count":2 }, { "Name":"temperedalloys", "Count":1 }, { "Name":"conductivepolymers", "Count":2 }, { "Name":"uncutfocuscrystals", "Count":1 } ], "Encoded":[ { "Name":"shieldcyclerecordings", "Count":53 }, { "Name":"emissiondata", "Count":40 }, { "Name":"encodedscandata", "Count":17 }, { "Name":"decodedemissiondata", "Count":114 }, { "Name":"shieldsoakanalysis", "Count":63 }, { "Name":"scandatabanks", "Count":33 }, { "Name":"bulkscandata", "Count":16 }, { "Name":"archivedemissiondata", "Count":2 }, { "Name":"shielddensityreports", "Count":75 }, { "Name":"shieldpatternanalysis", "Count":44 }, { "Name":"compactemissionsdata", "Count":5 }, { "Name":"shieldfrequencydata", "Count":3 }, { "Name":"consumerfirmware", "Count":1 }, { "Name":"hyperspacetrajectories", "Count":1 }, { "Name":"scrambledemissiondata", "Count":1 }, { "Name":"scanarchives", "Count":20 }, { "Name":"classifiedscandata", "Count":4 }, { "Name":"disruptedwakeechoes", "Count":3 }, { "Name":"securityfirmware", "Count":2 }, { "Name":"encryptionarchives", "Count":3 } ] }
{ "timestamp":"2017-07-25T05:26:51Z", "event":"LoadGame", "Commander":"Kith000", "Ship":"Anaconda", "ShipID":10, "ShipName":"", "ShipIdent":"", "FuelLevel":32.000000, "FuelCapacity":32.000000, "GameMode":"Group", "Group":"MOBIUS PVE", "Credits":23314987, "Loan":0 }
{ "timestamp":"2017-07-25T05:26:51Z", "event":"Rank", "Combat":6, "Trade":4, "Explore":2, "Empire":1, "Federation":4, "CQC":0 }
{ "timestamp":"2017-07-25T05:26:51Z", "event":"Progress", "Combat":21, "Trade":96, "Explore":24, "Empire":23, "Federation":1, "CQC":40 }
{ "timestamp":"2017-07-25T05:27:01Z", "event":"Location", "Docked":false, "StarSystem":"Shrogea TO-T b47-8", "StarPos":[8.969,560.438,21734.625], "SystemAllegiance":"", "SystemEconomy":"$economy_None;", "SystemEconomy_Localised":"None", "SystemGovernment":"$government_None;", "SystemGovernment_Localised":"None", "SystemSecurity":"$SYSTEM_SECURITY_low;", "SystemSecurity_Localised":"Low Security", "Body":"Shrogea TO-T b47-8 A", "BodyType":"Star" }
{ "timestamp":"2017-07-25T05:27:44Z", "event":"StartJump", "JumpType":"Hyperspace", "StarSystem":"Shrogea ZU-I c24-837", "StarClass":"K" }
{ "timestamp":"2017-07-25T05:28:02Z", "event":"FSDJump", "StarSystem":"Shrogea ZU-I c24-837", "StarPos":[11.156,556.719,21770.813], "SystemAllegiance":"", "SystemEconomy":"$economy_None;", "SystemEconomy_Localised":"None", "SystemGovernment":"$government_None;", "SystemGovernment_Localised":"None", "SystemSecurity":"$SYSTEM_SECURITY_low;", "SystemSecurity_Localised":"Low Security", "JumpDist":36.444, "FuelUsed":7.902363, "FuelLevel":24.097637 }
{ "timestamp":"2017-07-25T05:28:15Z", "event":"FuelScoop", "Scooped":5.012217, "Total":29.109854 }
{ "timestamp":"2017-07-25T05:28:18Z", "event":"FuelScoop", "Scooped":2.890136, "Total":32.000000 }
{ "timestamp":"2017-07-25T05:28:47Z", "event":"StartJump", "JumpType":"Hyperspace", "StarSystem":"Shrogea MK-E d12-6899", "StarClass":"K" }
{ "timestamp":"2017-07-25T05:29:06Z", "event":"FSDJump", "StarSystem":"Shrogea MK-E d12-6899", "StarPos":[9.438,556.938,21807.219], "SystemAllegiance":"", "SystemEconomy":"$economy_None;", "SystemEconomy_Localised":"None", "SystemGovernment":"$government_None;", "SystemGovernment_Localised":"None", "SystemSecurity":"$SYSTEM_SECURITY_low;", "SystemSecurity_Localised":"Low Security", "JumpDist":36.447, "FuelUsed":7.904435, "FuelLevel":24.095566 }
{ "timestamp":"2017-07-25T05:29:18Z", "event":"FuelScoop", "Scooped":5.011950, "Total":29.107510 }
{ "timestamp":"2017-07-25T05:29:21Z", "event":"FuelScoop", "Scooped":2.892485, "Total":32.000000 }
{ "timestamp":"2017-07-25T05:30:32Z", "event":"Scan", "BodyName":"Shrogea MK-E d12-6899 A 1", "DistanceFromArrivalLS":489.024719, "TidalLock":false, "TerraformState":"", "PlanetClass":"High metal content body", "Atmosphere":"carbon dioxide rich atmosphere", "AtmosphereType":"CarbonDioxideRich", "AtmosphereComposition":[ { "Name":"Nitrogen", "Percent":89.609352 }, { "Name":"CarbonDioxide", "Percent":6.693848 }, { "Name":"Oxygen", "Percent":3.568028 } ], "Volcanism":"minor silicate vapour geysers volcanism", "MassEM":1.138993, "Radius":6325785.000000, "SurfaceGravity":11.344921, "SurfaceTemperature":218.514633, "SurfacePressure":177793.687500, "Landable":false, "SemiMajorAxis":146603376640.000000, "Eccentricity":0.000221, "OrbitalInclination":-0.002113, "Periapsis":218.141174, "OrbitalPeriod":40815308.000000, "RotationPeriod":91257.742188, "AxialTilt":-0.366615 }
{ "timestamp":"2017-07-25T05:31:03Z", "event":"StartJump", "JumpType":"Hyperspace", "StarSystem":"Shrogea HH-F c26-863", "StarClass":"M" }
{ "timestamp":"2017-07-25T05:31:22Z", "event":"FSDJump", "StarSystem":"Shrogea HH-F c26-863", "StarPos":[8.156,557.313,21842.125], "SystemAllegiance":"", "SystemEconomy":"$economy_None;", "SystemEconomy_Localised":"None", "SystemGovernment":"$government_None;", "SystemGovernment_Localised":"None", "SystemSecurity":"$SYSTEM_SECURITY_low;", "SystemSecurity_Localised":"Low Security", "JumpDist":34.932, "FuelUsed":7.077984, "FuelLevel":24.922016 }
{ "timestamp":"2017-07-25T05:31:35Z", "event":"FuelScoop", "Scooped":5.006163, "Total":29.928183 }
{ "timestamp":"2017-07-25T05:31:38Z", "event":"FuelScoop", "Scooped":2.071820, "Total":32.000000 }
{ "timestamp":"2017-07-25T05:31:58Z", "event":"StartJump", "JumpType":"Hyperspace", "StarSystem":"Shrogea QQ-C d13-8466", "StarClass":"G" }
{ "timestamp":"2017-07-25T05:32:17Z", "event":"FSDJump", "StarSystem":"Shrogea QQ-C d13-8466", "StarPos":[7.688,557.438,21847.500], "SystemAllegiance":"", "SystemEconomy":"$economy_None;", "SystemEconomy_Localised":"None", "SystemGovernment":"$government_None;", "SystemGovernment_Localised":"None", "SystemSecurity":"$SYSTEM_SECURITY_low;", "SystemSecurity_Localised":"Low Security", "JumpDist":5.397, "FuelUsed":0.055090, "FuelLevel":31.944910 }
{ "timestamp":"2017-07-25T05:32:23Z", "event":"FuelScoop", "Scooped":0.055089, "Total":32.000000 }
{ "timestamp":"2017-07-25T05:33:45Z", "event":"StartJump", "JumpType":"Hyperspace", "StarSystem":"Shrogea LN-D c27-144", "StarClass":"K" }
{ "timestamp":"2017-07-25T05:34:04Z", "event":"FSDJump", "StarSystem":"Shrogea LN-D c27-144", "StarPos":[9.625,557.875,21883.875], "SystemAllegiance":"", "SystemEconomy":"$economy_None;", "SystemEconomy_Localised":"None", "SystemGovernment":"$government_None;", "SystemGovernment_Localised":"None", "SystemSecurity":"$SYSTEM_SECURITY_low;", "SystemSecurity_Localised":"Low Security", "JumpDist":36.429, "FuelUsed":7.893716, "FuelLevel":24.106285 }
{ "timestamp":"2017-07-25T05:34:20Z", "event":"FuelScoop", "Scooped":5.000547, "Total":29.106827 }
{ "timestamp":"2017-07-25T05:34:24Z", "event":"FuelScoop", "Scooped":2.893166, "Total":32.000000 }
{ "timestamp":"2017-07-25T05:34:55Z", "event":"StartJump", "JumpType":"Hyperspace", "StarSystem":"Shrogea JT-B b57-14", "StarClass":"M" }
{ "timestamp":"2017-07-25T05:35:13Z", "event":"FSDJump", "StarSystem":"Shrogea JT-B b57-14", "StarPos":[8.000,554.969,21920.250], "SystemAllegiance":"", "SystemEconomy":"$economy_None;", "SystemEconomy_Localised":"None", "SystemGovernment":"$government_None;", "SystemGovernment_Localised":"None", "SystemSecurity":"$SYSTEM_SECURITY_low;", "SystemSecurity_Localised":"Low Security", "JumpDist":36.527, "FuelUsed":7.949319, "FuelLevel":24.050682 }
{ "timestamp":"2017-07-25T05:35:28Z", "event":"FuelScoop", "Scooped":5.004198, "Total":29.054897 }
{ "timestamp":"2017-07-25T05:35:31Z", "event":"FuelScoop", "Scooped":2.945110, "Total":32.000000 }
{ "timestamp":"2017-07-25T05:35:51Z", "event":"StartJump", "JumpType":"Hyperspace", "StarSystem":"Shrogea TZ-Z c28-278", "StarClass":"G" }
{ "timestamp":"2017-07-25T05:36:10Z", "event":"FSDJump", "StarSystem":"Shrogea TZ-Z c28-278", "StarPos":[6.156,549.469,21956.281], "SystemAllegiance":"", "SystemEconomy":"$economy_None;", "SystemEconomy_Localised":"None", "SystemGovernment":"$government_None;", "SystemGovernment_Localised":"None", "SystemSecurity":"$SYSTEM_SECURITY_low;", "SystemSecurity_Localised":"Low Security", "JumpDist":36.495, "FuelUsed":7.930784, "FuelLevel":24.069216 }
{ "timestamp":"2017-07-25T05:36:23Z", "event":"FuelScoop", "Scooped":5.017284, "Total":29.086512 }
{ "timestamp":"2017-07-25T05:36:27Z", "event":"FuelScoop", "Scooped":2.913495, "Total":32.000000 }
{ "timestamp":"2017-07-25T05:36:53Z", "event":"StartJump", "JumpType":"Hyperspace", "StarSystem":"Dumbooe ZQ-C c233", "StarClass":"M" }
{ "timestamp":"2017-07-25T05:37:12Z", "event":"FSDJump", "StarSystem":"Dumbooe ZQ-C c233", "StarPos":[7.000,550.438,21992.438], "SystemAllegiance":"", "SystemEconomy":"$economy_None;", "SystemEconomy_Localised":"None", "SystemGovernment":"$government_None;", "SystemGovernment_Localised":"None", "SystemSecurity":"$SYSTEM_SECURITY_low;", "SystemSecurity_Localised":"Low Security", "JumpDist":36.179, "FuelUsed":7.753989, "FuelLevel":24.246010 }
{ "timestamp":"2017-07-25T05:37:25Z", "event":"FuelScoop", "Scooped":5.008444, "Total":29.254454 }
{ "timestamp":"2017-07-25T05:37:28Z", "event":"FuelScoop", "Scooped":2.745546, "Total":32.000000 }
{ "timestamp":"2017-07-25T05:37:48Z", "event":"StartJump", "JumpType":"Hyperspace", "StarSystem":"Dumbooe MI-B d8772", "StarClass":"M" }
{ "timestamp":"2017-07-25T05:38:07Z", "event":"FSDJump", "StarSystem":"Dumbooe MI-B d8772", "StarPos":[10.656,544.469,22028.219], "SystemAllegiance":"", "SystemEconomy":"$economy_None;", "SystemEconomy_Localised":"None", "SystemGovernment":"$government_None;", "SystemGovernment_Localised":"None", "SystemSecurity":"$SYSTEM_SECURITY_low;", "SystemSecurity_Localised":"Low Security", "JumpDist":36.459, "FuelUsed":7.911205, "FuelLevel":24.088795 }
{ "timestamp":"2017-07-25T05:38:20Z", "event":"FuelScoop", "Scooped":5.007890, "Total":29.096684 }
{ "timestamp":"2017-07-25T05:38:22Z", "event":"FuelScoop", "Scooped":2.903320, "Total":32.000000 }
{ "timestamp":"2017-07-25T05:38:51Z", "event":"StartJump", "JumpType":"Hyperspace", "StarSystem":"Dumbooe HD-Z c1-243", "StarClass":"M" }
{ "timestamp":"2017-07-25T05:39:10Z", "event":"FSDJump", "StarSystem":"Dumbooe HD-Z c1-243", "StarPos":[11.906,543.250,22064.406], "SystemAllegiance":"", "SystemEconomy":"$economy_None;", "SystemEconomy_Localised":"None", "SystemGovernment":"$government_None;", "SystemGovernment_Localised":"None", "SystemSecurity":"$SYSTEM_SECURITY_low;", "SystemSecurity_Localised":"Low Security", "JumpDist":36.230, "FuelUsed":7.781703, "FuelLevel":24.218296 }
{ "timestamp":"2017-07-25T05:39:24Z", "event":"FuelScoop", "Scooped":5.009558, "Total":29.227875 }
{ "timestamp":"2017-07-25T05:39:27Z", "event":"FuelScoop", "Scooped":2.772120, "Total":32.000000 }
{ "timestamp":"2017-07-25T05:39:49Z", "event":"StartJump", "JumpType":"Hyperspace", "StarSystem":"Dumbooe LJ-X c2-571", "StarClass":"K" }
{ "timestamp":"2017-07-25T05:40:08Z", "event":"FSDJump", "StarSystem":"Dumbooe LJ-X c2-571", "StarPos":[12.375,542.219,22100.875], "SystemAllegiance":"", "SystemEconomy":"$economy_None;", "SystemEconomy_Localised":"None", "SystemGovernment":"$government_None;", "SystemGovernment_Localised":"None", "SystemSecurity":"$SYSTEM_SECURITY_low;", "SystemSecurity_Localised":"Low Security", "JumpDist":36.486, "FuelUsed":7.926377, "FuelLevel":24.073624 }
{ "timestamp":"2017-07-25T05:40:20Z", "event":"FuelScoop", "Scooped":5.029158, "Total":29.102776 }
{ "timestamp":"2017-07-25T05:40:23Z", "event":"FuelScoop", "Scooped":2.897218, "Total":32.000000 }
{ "timestamp":"2017-07-25T05:40:46Z", "event":"StartJump", "JumpType":"Hyperspace", "StarSystem":"Dumbooe UU-X d1-6979", "StarClass":"F" }
{ "timestamp":"2017-07-25T05:41:05Z", "event":"FSDJump", "StarSystem":"Dumbooe UU-X d1-6979", "StarPos":[12.344,538.438,22137.156], "SystemAllegiance":"", "SystemEconomy":"$economy_None;", "SystemEconomy_Localised":"None", "SystemGovernment":"$government_None;", "SystemGovernment_Localised":"None", "SystemSecurity":"$SYSTEM_SECURITY_low;", "SystemSecurity_Localised":"Low Security", "JumpDist":36.478, "FuelUsed":7.921058, "FuelLevel":24.078941 }
{ "timestamp":"2017-07-25T05:41:20Z", "event":"FuelScoop", "Scooped":5.021146, "Total":29.100086 }
{ "timestamp":"2017-07-25T05:41:24Z", "event":"FuelScoop", "Scooped":2.899922, "Total":32.000000 }
{ "timestamp":"2017-07-25T05:41:46Z", "event":"StartJump", "JumpType":"Hyperspace", "StarSystem":"Dumbooe PP-V c3-478", "StarClass":"K" }
{ "timestamp":"2017-07-25T05:42:05Z", "event":"FSDJump", "StarSystem":"Dumbooe PP-V c3-478", "StarPos":[12.750,540.188,22173.500], "SystemAllegiance":"", "SystemEconomy":"$economy_None;", "SystemEconomy_Localised":"None", "SystemGovernment":"$government_None;", "SystemGovernment_Localised":"None", "SystemSecurity":"$SYSTEM_SECURITY_low;", "SystemSecurity_Localised":"Low Security", "JumpDist":36.388, "FuelUsed":7.871022, "FuelLevel":24.128979 }
{ "timestamp":"2017-07-25T05:42:19Z", "event":"FuelScoop", "Scooped":5.013127, "Total":29.142092 }
{ "timestamp":"2017-07-25T05:42:22Z", "event":"FuelScoop", "Scooped":2.857905, "Total":32.000000 }
{ "timestamp":"2017-07-25T05:42:39Z", "event":"StartJump", "JumpType":"Hyperspace", "StarSystem":"Dumbooe UU-X d1-3296", "StarClass":"K" }
{ "timestamp":"2017-07-25T05:42:58Z", "event":"FSDJump", "StarSystem":"Dumbooe UU-X d1-3296", "StarPos":[9.125,542.000,22209.438], "SystemAllegiance":"", "SystemEconomy":"$economy_None;", "SystemEconomy_Localised":"None", "SystemGovernment":"$government_None;", "SystemGovernment_Localised":"None", "SystemSecurity":"$SYSTEM_SECURITY_low;", "SystemSecurity_Localised":"Low Security", "JumpDist":36.165, "FuelUsed":7.746325, "FuelLevel":24.253674 }
{ "timestamp":"2017-07-25T05:43:11Z", "event":"FuelScoop", "Scooped":5.011738, "Total":29.265411 }
{ "timestamp":"2017-07-25T05:43:14Z", "event":"FuelScoop", "Scooped":2.734589, "Total":32.000000 }
{ "timestamp":"2017-07-25T05:44:19Z", "event":"Scan", "BodyName":"Dumbooe UU-X d1-3296 A 2", "DistanceFromArrivalLS":235.826920, "TidalLock":false, "TerraformState":"Terraformable", "PlanetClass":"High metal content body", "Atmosphere":"hot thick carbon dioxide atmosphere", "AtmosphereType":"CarbonDioxide", "AtmosphereComposition":[ { "Name":"CarbonDioxide", "Percent":98.399078 }, { "Name":"SulphurDioxide", "Percent":0.983991 }, { "Name":"Nitrogen", "Percent":0.616717 } ], "Volcanism":"major rocky magma volcanism", "MassEM":0.923100, "Radius":5940502.500000, "SurfaceGravity":10.425862, "SurfaceTemperature":766.580017, "SurfacePressure":15841937.000000, "Landable":false, "SemiMajorAxis":70692888576.000000, "Eccentricity":0.000552, "OrbitalInclination":1.662264, "Periapsis":58.527519, "OrbitalPeriod":12925486.000000, "RotationPeriod":110862.078125, "AxialTilt":-0.416848 }
{ "timestamp":"2017-07-25T05:45:41Z", "event":"Scan", "BodyName":"Dumbooe UU-X d1-3296 A 1", "DistanceFromArrivalLS":134.338837, "TidalLock":true, "TerraformState":"", "PlanetClass":"High metal content body", "Atmosphere":"sulfur dioxide atmosphere", "AtmosphereType":"SulphurDioxide", "AtmosphereComposition":[ { "Name":"SulphurDioxide", "Percent":100.000000 } ], "Volcanism":"", "MassEM":0.276832, "Radius":4108271.250000, "SurfaceGravity":6.537437, "SurfaceTemperature":333.690063, "SurfacePressure":49933.527344, "Landable":false, "SemiMajorAxis":40189980672.000000, "Eccentricity":0.002091, "OrbitalInclination":0.201944, "Periapsis":41.140705, "OrbitalPeriod":5540641.000000, "RotationPeriod":5540673.500000, "AxialTilt":-0.321780 }
{ "timestamp":"2017-07-25T05:46:14Z", "event":"StartJump", "JumpType":"Hyperspace", "StarSystem":"Dumbooe YA-W d2-2572", "StarClass":"F" }
{ "timestamp":"2017-07-25T05:46:33Z", "event":"FSDJump", "StarSystem":"Dumbooe YA-W d2-2572", "StarPos":[10.250,544.938,22245.594], "SystemAllegiance":"", "SystemEconomy":"$economy_None;", "SystemEconomy_Localised":"None", "SystemGovernment":"$government_None;", "SystemGovernment_Localised":"None", "SystemSecurity":"$SYSTEM_SECURITY_low;", "SystemSecurity_Localised":"Low Security", "JumpDist":36.293, "FuelUsed":7.817235, "FuelLevel":24.182764 }
{ "timestamp":"2017-07-25T05:46:48Z", "event":"FuelScoop", "Scooped":5.001029, "Total":29.183802 }
{ "timestamp":"2017-07-25T05:46:52Z", "event":"FuelScoop", "Scooped":2.816200, "Total":32.000000 }
{ "timestamp":"2017-07-25T05:47:18Z", "event":"StartJump", "JumpType":"Hyperspace", "StarSystem":"Dumbooe BI-Q c6-193", "StarClass":"K" }
{ "timestamp":"2017-07-25T05:47:37Z", "event":"FSDJump", "StarSystem":"Dumbooe BI-Q c6-193", "StarPos":[11.344,543.063,22281.781], "SystemAllegiance":"", "SystemEconomy":"$economy_None;", "SystemEconomy_Localised":"None", "SystemGovernment":"$government_None;", "SystemGovernment_Localised":"None", "SystemSecurity":"$SYSTEM_SECURITY_low;", "SystemSecurity_Localised":"Low Security", "JumpDist":36.253, "FuelUsed":7.795002, "FuelLevel":24.204998 }
{ "timestamp":"2017-07-25T05:47:52Z", "event":"FuelScoop", "Scooped":5.010604, "Total":29.215599 }
{ "timestamp":"2017-07-25T05:47:56Z", "event":"FuelScoop", "Scooped":2.784393, "Total":32.000000 }
{ "timestamp":"2017-07-25T05:48:19Z", "event":"StartJump", "JumpType":"Hyperspace", "StarSystem":"Dumbooe PI-B b16-19", "StarClass":"M" }
{ "timestamp":"2017-07-25T05:48:38Z", "event":"FSDJump", "StarSystem":"Dumbooe PI-B b16-19", "StarPos":[9.906,546.219,22317.875], "SystemAllegiance":"", "SystemEconomy":"$economy_None;", "SystemEconomy_Localised":"None", "SystemGovernment":"$government_None;", "SystemGovernment_Localised":"None", "SystemSecurity":"$SYSTEM_SECURITY_low;", "SystemSecurity_Localised":"Low Security", "JumpDist":36.260, "FuelUsed":7.799167, "FuelLevel":24.200832 }
{ "timestamp":"2017-07-25T05:48:51Z", "event":"FuelScoop", "Scooped":5.014125, "Total":29.214943 }
{ "timestamp":"2017-07-25T05:48:54Z", "event":"FuelScoop", "Scooped":2.785053, "Total":32.000000 }
{ "timestamp":"2017-07-25T05:49:16Z", "event":"StartJump", "JumpType":"Hyperspace", "StarSystem":"Dumbooe JU-M c8-1396", "StarClass":"K" }
{ "timestamp":"2017-07-25T05:49:35Z", "event":"FSDJump", "StarSystem":"Dumbooe JU-M c8-1396", "StarPos":[6.781,542.219,22353.969], "SystemAllegiance":"", "SystemEconomy":"$economy_None;", "SystemEconomy_Localised":"None", "SystemGovernment":"$government_None;", "SystemGovernment_Localised":"None", "SystemSecurity":"$SYSTEM_SECURITY_low;", "SystemSecurity_Localised":"Low Security", "JumpDist":36.449, "FuelUsed":7.905251, "FuelLevel":24.094749 }
{ "timestamp":"2017-07-25T05:49:49Z", "event":"FuelScoop", "Scooped":5.002277, "Total":29.097019 }
{ "timestamp":"2017-07-25T05:49:54Z", "event":"FuelScoop", "Scooped":2.902972, "Total":32.000000 }
{ "timestamp":"2017-07-25T05:50:22Z", "event":"StartJump", "JumpType":"Hyperspace", "StarSystem":"Dumbooe NA-L c9-551", "StarClass":"M" }
{ "timestamp":"2017-07-25T05:50:41Z", "event":"FSDJump", "StarSystem":"Dumbooe NA-L c9-551", "StarPos":[8.219,545.156,22390.094], "SystemAllegiance":"", "SystemEconomy":"$economy_None;", "SystemEconomy_Localised":"None", "SystemGovernment":"$government_None;", "SystemGovernment_Localised":"None", "SystemSecurity":"$SYSTEM_SECURITY_low;", "SystemSecurity_Localised":"Low Security", "JumpDist":36.273, "FuelUsed":7.806289, "FuelLevel":24.193710 }
{ "timestamp":"2017-07-25T05:50:54Z", "event":"FuelScoop", "Scooped":5.000111, "Total":29.193829 }
{ "timestamp":"2017-07-25T05:50:57Z", "event":"FuelScoop", "Scooped":2.806163, "Total":32.000000 }
{ "timestamp":"2017-07-25T05:51:15Z", "event":"StartJump", "JumpType":"Hyperspace", "StarSystem":"Dumbooe CB-X e1-2844", "StarClass":"TTS" }
{ "timestamp":"2017-07-25T05:51:35Z", "event":"FSDJump", "StarSystem":"Dumbooe CB-X e1-2844", "StarPos":[6.844,545.563,22426.469], "SystemAllegiance":"", "SystemEconomy":"$economy_None;", "SystemEconomy_Localised":"None", "SystemGovernment":"$government_None;", "SystemGovernment_Localised":"None", "SystemSecurity":"$SYSTEM_SECURITY_low;", "SystemSecurity_Localised":"Low Security", "JumpDist":36.403, "FuelUsed":7.879529, "FuelLevel":24.120470 }
{ "timestamp":"2017-07-25T05:52:19Z", "event":"StartJump", "JumpType":"Hyperspace", "StarSystem":"Dumbooe KT-Q d5-3128", "StarClass":"F" }
{ "timestamp":"2017-07-25T05:52:38Z", "event":"FSDJump", "StarSystem":"Dumbooe KT-Q d5-3128", "StarPos":[6.313,547.000,22462.281], "SystemAllegiance":"", "SystemEconomy":"$economy_None;", "SystemEconomy_Localised":"None", "SystemGovernment":"$government_None;", "SystemGovernment_Localised":"None", "SystemSecurity":"$SYSTEM_SECURITY_low;", "SystemSecurity_Localised":"Low Security", "JumpDist":35.845, "FuelUsed":7.313361, "FuelLevel":16.807110 }
{ "timestamp":"2017-07-25T05:52:52Z", "event":"FuelScoop", "Scooped":5.007804, "Total":21.814911 }
{ "timestamp":"2017-07-25T05:52:57Z", "event":"FuelScoop", "Scooped":5.011140, "Total":26.826050 }
{ "timestamp":"2017-07-25T05:53:03Z", "event":"FuelScoop", "Scooped":5.000711, "Total":31.826761 }
{ "timestamp":"2017-07-25T05:53:03Z", "event":"FuelScoop", "Scooped":0.173238, "Total":32.000000 }
{ "timestamp":"2017-07-25T05:53:24Z", "event":"StartJump", "JumpType":"Hyperspace", "StarSystem":"Dumbooe ZS-F c12-1020", "StarClass":"K" }
{ "timestamp":"2017-07-25T05:53:43Z", "event":"FSDJump", "StarSystem":"Dumbooe ZS-F c12-1020", "StarPos":[6.906,546.719,22498.563], "SystemAllegiance":"", "SystemEconomy":"$economy_None;", "SystemEconomy_Localised":"None", "SystemGovernment":"$government_None;", "SystemGovernment_Localised":"None", "SystemSecurity":"$SYSTEM_SECURITY_low;", "SystemSecurity_Localised":"Low Security", "JumpDist":36.287, "FuelUsed":7.814195, "FuelLevel":24.185804 }
{ "timestamp":"2017-07-25T05:53:57Z", "event":"FuelScoop", "Scooped":5.003109, "Total":29.188898 }
{ "timestamp":"2017-07-25T05:54:01Z", "event":"FuelScoop", "Scooped":3.881103, "Total":32.000000 }
{ "timestamp":"2017-07-25T05:54:23Z", "event":"StartJump", "JumpType":"Hyperspace", "StarSystem":"Dumbooe KT-Q d5-6991", "StarClass":"F" }
{ "timestamp":"2017-07-25T05:54:41Z", "event":"FSDJump", "StarSystem":"Dumbooe KT-Q d5-6991", "StarPos":[7.750,545.500,22534.906], "SystemAllegiance":"", "SystemEconomy":"$economy_None;", "SystemEconomy_Localised":"None", "SystemGovernment":"$government_None;", "SystemGovernment_Localised":"None", "SystemSecurity":"$SYSTEM_SECURITY_low;", "SystemSecurity_Localised":"Low Security", "JumpDist":36.374, "FuelUsed":7.862524, "FuelLevel":24.137476 }
{ "timestamp":"2017-07-25T05:54:57Z", "event":"FuelScoop", "Scooped":5.006227, "Total":29.143707 }
{ "timestamp":"2017-07-25T05:55:01Z", "event":"FuelScoop", "Scooped":2.856294, "Total":32.000000 }
{ "timestamp":"2017-07-25T05:55:31Z", "event":"StartJump", "JumpType":"Hyperspace", "StarSystem":"Dumbooe OZ-O d6-2663", "StarClass":"F" }
{ "timestamp":"2017-07-25T05:55:49Z", "event":"FSDJump", "StarSystem":"Dumbooe OZ-O d6-2663", "StarPos":[7.438,550.906,22570.969], "SystemAllegiance":"", "SystemEconomy":"$economy_None;", "SystemEconomy_Localised":"None", "SystemGovernment":"$government_None;", "SystemGovernment_Localised":"None", "SystemSecurity":"$SYSTEM_SECURITY_low;", "SystemSecurity_Localised":"Low Security", "JumpDist":36.467, "FuelUsed":7.915288, "FuelLevel":24.084711 }
{ "timestamp":"2017-07-25T05:56:02Z", "event":"FuelScoop", "Scooped":5.000337, "Total":29.085035 }
{ "timestamp":"2017-07-25T05:56:07Z", "event":"FuelScoop", "Scooped":2.914947, "Total":32.000000 }
{ "timestamp":"2017-07-25T05:56:31Z", "event":"StartJump", "JumpType":"Hyperspace", "StarSystem":"Dumbooe HF-C c14-374", "StarClass":"K" }
{ "timestamp":"2017-07-25T05:56:49Z", "event":"FSDJump", "StarSystem":"Dumbooe HF-C c14-374", "StarPos":[14.000,551.281,22606.719], "SystemAllegiance":"", "SystemEconomy":"$economy_None;", "SystemEconomy_Localised":"None", "SystemGovernment":"$government_None;", "SystemGovernment_Localised":"None", "SystemSecurity":"$SYSTEM_SECURITY_low;", "SystemSecurity_Localised":"Low Security", "JumpDist":36.349, "FuelUsed":7.849191, "FuelLevel":24.150808 }
{ "timestamp":"2017-07-25T05:57:02Z", "event":"FuelScoop", "Scooped":5.011238, "Total":29.162039 }
{ "timestamp":"2017-07-25T05:57:05Z", "event":"FuelScoop", "Scooped":2.837957, "Total":32.000000 }
{ "timestamp":"2017-07-25T05:58:29Z", "event":"Scan", "BodyName":"Dumbooe HF-C c14-374 1", "DistanceFromArrivalLS":236.197922, "TidalLock":true, "TerraformState":"Terraformable", "PlanetClass":"High metal content body", "Atmosphere":"hot thick carbon dioxide atmosphere", "AtmosphereType":"CarbonDioxide", "AtmosphereComposition":[ { "Name":"CarbonDioxide", "Percent":97.689690 }, { "Name":"SulphurDioxide", "Percent":2.310316 } ], "Volcanism":"", "MassEM":0.414468, "Radius":4654578.500000, "SurfaceGravity":7.624999, "SurfaceTemperature":707.505249, "SurfacePressure":3102249.500000, "Landable":false, "SemiMajorAxis":70812409856.000000, "Eccentricity":0.000078, "OrbitalInclination":-0.114522, "Periapsis":53.819874, "OrbitalPeriod":11161621.000000, "RotationPeriod":11161768.000000, "AxialTilt":0.466245 }
{ "timestamp":"2017-07-25T05:58:55Z", "event":"StartJump", "JumpType":"Hyperspace", "StarSystem":"Dumbooe BD-Z b30-10", "StarClass":"M" }
{ "timestamp":"2017-07-25T05:59:14Z", "event":"FSDJump", "StarSystem":"Dumbooe BD-Z b30-10", "StarPos":[14.844,551.969,22642.813], "SystemAllegiance":"", "SystemEconomy":"$economy_None;", "SystemEconomy_Localised":"None", "SystemGovernment":"$government_None;", "SystemGovernment_Localised":"None", "SystemSecurity":"$SYSTEM_SECURITY_low;", "SystemSecurity_Localised":"Low Security", "JumpDist":36.110, "FuelUsed":7.715227, "FuelLevel":24.284773 }
{ "timestamp":"2017-07-25T05:59:27Z", "event":"FuelScoop", "Scooped":5.001093, "Total":29.285875 }
{ "timestamp":"2017-07-25T05:59:31Z", "event":"FuelScoop", "Scooped":2.714107, "Total":32.000000 }
{ "timestamp":"2017-07-25T05:59:49Z", "event":"StartJump", "JumpType":"Hyperspace", "StarSystem":"Dumbooe PR-Y c15-790", "StarClass":"M" }
{ "timestamp":"2017-07-25T06:00:08Z", "event":"FSDJump", "StarSystem":"Dumbooe PR-Y c15-790", "StarPos":[13.531,552.469,22679.156], "SystemAllegiance":"", "SystemEconomy":"$economy_None;", "SystemEconomy_Localised":"None", "SystemGovernment":"$government_None;", "SystemGovernment_Localised":"None", "SystemSecurity":"$SYSTEM_SECURITY_low;", "SystemSecurity_Localised":"Low Security", "JumpDist":36.371, "FuelUsed":7.860891, "FuelLevel":24.139109 }
{ "timestamp":"2017-07-25T06:00:22Z", "event":"FuelScoop", "Scooped":5.017069, "Total":29.156174 }
{ "timestamp":"2017-07-25T06:00:24Z", "event":"FuelScoop", "Scooped":2.843822, "Total":32.000000 }
{ "timestamp":"2017-07-25T06:00:45Z", "event":"StartJump", "JumpType":"Hyperspace", "StarSystem":"Dumbooe TX-W c16-1312", "StarClass":"G" }
{ "timestamp":"2017-07-25T06:01:04Z", "event":"FSDJump", "StarSystem":"Dumbooe TX-W c16-1312", "StarPos":[13.313,551.563,22715.656], "SystemAllegiance":"", "SystemEconomy":"$economy_None;", "SystemEconomy_Localised":"None", "SystemGovernment":"$government_None;", "SystemGovernment_Localised":"None", "SystemSecurity":"$SYSTEM_SECURITY_low;", "SystemSecurity_Localised":"Low Security", "JumpDist":36.512, "FuelUsed":7.940337, "FuelLevel":24.059664 }
{ "timestamp":"2017-07-25T06:01:19Z", "event":"FuelScoop", "Scooped":5.008588, "Total":29.068247 }
{ "timestamp":"2017-07-25T06:01:22Z", "event":"FuelScoop", "Scooped":2.931755, "Total":32.000000 }
{ "timestamp":"2017-07-25T06:01:46Z", "event":"StartJump", "JumpType":"Hyperspace", "StarSystem":"Dumbooe XD-V c17-1535", "StarClass":"M" }
{ "timestamp":"2017-07-25T06:02:05Z", "event":"FSDJump", "StarSystem":"Dumbooe XD-V c17-1535", "StarPos":[10.156,554.219,22751.531], "SystemAllegiance":"", "SystemEconomy":"$economy_None;", "SystemEconomy_Localised":"None", "SystemGovernment":"$government_None;", "SystemGovernment_Localised":"None", "SystemSecurity":"$SYSTEM_SECURITY_low;", "SystemSecurity_Localised":"Low Security", "JumpDist":36.111, "FuelUsed":7.716341, "FuelLevel":24.283659 }
{ "timestamp":"2017-07-25T06:02:17Z", "event":"FuelScoop", "Scooped":5.024694, "Total":29.308363 }
{ "timestamp":"2017-07-25T06:02:20Z", "event":"FuelScoop", "Scooped":2.691639, "Total":32.000000 }
{ "timestamp":"2017-07-25T06:02:38Z", "event":"StartJump", "JumpType":"Hyperspace", "StarSystem":"Dumbooe AS-J d9-3362", "StarClass":"G" }
{ "timestamp":"2017-07-25T06:02:57Z", "event":"FSDJump", "StarSystem":"Dumbooe AS-J d9-3362", "StarPos":[10.500,552.031,22787.563], "SystemAllegiance":"", "SystemEconomy":"$economy_None;", "SystemEconomy_Localised":"None", "SystemGovernment":"$government_None;", "SystemGovernment_Localised":"None", "SystemSecurity":"$SYSTEM_SECURITY_low;", "SystemSecurity_Localised":"Low Security", "JumpDist":36.099, "FuelUsed":7.709578, "FuelLevel":24.290422 }
{ "timestamp":"2017-07-25T06:03:10Z", "event":"FuelScoop", "Scooped":5.000936, "Total":29.291363 }
{ "timestamp":"2017-07-25T06:03:13Z", "event":"FuelScoop", "Scooped":2.708637, "Total":32.000000 }
{ "timestamp":"2017-07-25T06:03:33Z", "event":"StartJump", "JumpType":"Hyperspace", "StarSystem":"Dumbooe FQ-R c19-643", "StarClass":"K" }
{ "timestamp":"2017-07-25T06:03:52Z", "event":"FSDJump", "StarSystem":"Dumbooe FQ-R c19-643", "StarPos":[9.938,556.188,22823.313], "SystemAllegiance":"", "SystemEconomy":"$economy_None;", "SystemEconomy_Localised":"None", "SystemGovernment":"$government_None;", "SystemGovernment_Localised":"None", "SystemSecurity":"$SYSTEM_SECURITY_low;", "SystemSecurity_Localised":"Low Security", "JumpDist":35.995, "FuelUsed":7.651483, "FuelLevel":24.348518 }
{ "timestamp":"2017-07-25T06:04:05Z", "event":"FuelScoop", "Scooped":5.030496, "Total":29.379021 }
{ "timestamp":"2017-07-25T06:04:08Z", "event":"FuelScoop", "Scooped":2.620975, "Total":32.000000 }
{ "timestamp":"2017-07-25T06:04:32Z", "event":"StartJump", "JumpType":"Hyperspace", "StarSystem":"Dumbooe FQ-R c19-1991", "StarClass":"K" }
{ "timestamp":"2017-07-25T06:04:51Z", "event":"FSDJump", "StarSystem":"Dumbooe FQ-R c19-1991", "StarPos":[10.250,556.094,22835.156], "SystemAllegiance":"", "SystemEconomy":"$economy_None;", "SystemEconomy_Localised":"None", "SystemGovernment":"$government_None;", "SystemGovernment_Localised":"None", "SystemSecurity":"$SYSTEM_SECURITY_low;", "SystemSecurity_Localised":"Low Security", "JumpDist":11.848, "FuelUsed":0.425634, "FuelLevel":31.574366 }
{ "timestamp":"2017-07-25T06:04:58Z", "event":"FuelScoop", "Scooped":0.425639, "Total":32.000000 }
{ "timestamp":"2017-07-25T06:06:21Z", "event":"StartJump", "JumpType":"Hyperspace", "StarSystem":"Dumbooe JW-P c20-1613", "StarClass":"K" }
{ "timestamp":"2017-07-25T06:06:39Z", "event":"FSDJump", "StarSystem":"Dumbooe JW-P c20-1613", "StarPos":[10.969,553.250,22871.500], "SystemAllegiance":"", "SystemEconomy":"$economy_None;", "SystemEconomy_Localised":"None", "SystemGovernment":"$government_None;", "SystemGovernment_Localised":"None", "SystemSecurity":"$SYSTEM_SECURITY_low;", "SystemSecurity_Localised":"Low Security", "JumpDist":36.462, "FuelUsed":7.912594, "FuelLevel":24.087406 }
{ "timestamp":"2017-07-25T06:06:53Z", "event":"FuelScoop", "Scooped":5.014898, "Total":29.102304 }
{ "timestamp":"2017-07-25T06:06:56Z", "event":"FuelScoop", "Scooped":2.897696, "Total":32.000000 }
{ "timestamp":"2017-07-25T06:07:22Z", "event":"StartJump", "JumpType":"Hyperspace", "StarSystem":"Dumbooe EY-H d10-7729", "StarClass":"K" }
{ "timestamp":"2017-07-25T06:07:40Z", "event":"FSDJump", "StarSystem":"Dumbooe EY-H d10-7729", "StarPos":[12.750,559.219,22907.438], "SystemAllegiance":"", "SystemEconomy":"$economy_None;", "SystemEconomy_Localised":"None", "SystemGovernment":"$government_None;", "SystemGovernment_Localised":"None", "SystemSecurity":"$SYSTEM_SECURITY_low;", "SystemSecurity_Localised":"Low Security", "JumpDist":36.473, "FuelUsed":7.918751, "FuelLevel":24.081249 }
{ "timestamp":"2017-07-25T06:07:55Z", "event":"FuelScoop", "Scooped":5.003679, "Total":29.084930 }
{ "timestamp":"2017-07-25T06:07:59Z", "event":"FuelScoop", "Scooped":2.915071, "Total":32.000000 }
{ "timestamp":"2017-07-25T06:17:56Z", "event":"Scan", "BodyName":"Dumbooe EY-H d10-7729 B 1", "DistanceFromArrivalLS":78528.265625, "TidalLock":false, "TerraformState":"", "PlanetClass":"Water world", "Atmosphere":"carbon dioxide atmosphere", "AtmosphereType":"CarbonDioxide", "AtmosphereComposition":[ { "Name":"CarbonDioxide", "Percent":84.423676 }, { "Name":"Oxygen", "Percent":14.697592 }, { "Name":"SulphurDioxide", "Percent":0.861614 } ], "Volcanism":"", "MassEM":0.221094, "Radius":3826883.500000, "SurfaceGravity":6.017231, "SurfaceTemperature":266.859009, "SurfacePressure":73372.820313, "Landable":false, "SemiMajorAxis":102497484800.000000, "Eccentricity":0.000017, "OrbitalInclination":-0.190650, "Periapsis":184.228851, "OrbitalPeriod":27299356.000000, "RotationPeriod":160847.015625, "AxialTilt":-0.441653 }
{ "timestamp":"2017-07-25T06:18:18Z", "event":"StartJump", "JumpType":"Hyperspace", "StarSystem":"Dumbooe SI-M c22-656", "StarClass":"K" }
{ "timestamp":"2017-07-25T06:18:37Z", "event":"FSDJump", "StarSystem":"Dumbooe SI-M c22-656", "StarPos":[15.125,557.531,22943.375], "SystemAllegiance":"", "SystemEconomy":"$economy_None;", "SystemEconomy_Localised":"None", "SystemGovernment":"$government_None;", "SystemGovernment_Localised":"None", "SystemSecurity":"$SYSTEM_SECURITY_low;", "SystemSecurity_Localised":"Low Security", "JumpDist":36.055, "FuelUsed":7.685003, "FuelLevel":24.314997 }
{ "timestamp":"2017-07-25T06:18:52Z", "event":"FuelScoop", "Scooped":5.009270, "Total":29.324280 }
{ "timestamp":"2017-07-25T06:18:56Z", "event":"FuelScoop", "Scooped":2.675718, "Total":32.000000 }
{ "timestamp":"2017-07-25T06:19:13Z", "event":"StartJump", "JumpType":"Hyperspace", "StarSystem":"Dumbooe WO-K c23-211", "StarClass":"M" }
{ "timestamp":"2017-07-25T06:19:32Z", "event":"FSDJump", "StarSystem":"Dumbooe WO-K c23-211", "StarPos":[15.438,557.281,22979.750], "SystemAllegiance":"", "SystemEconomy":"$economy_None;", "SystemEconomy_Localised":"None", "SystemGovernment":"$government_None;", "SystemGovernment_Localised":"None", "SystemSecurity":"$SYSTEM_SECURITY_low;", "SystemSecurity_Localised":"Low Security", "JumpDist":36.377, "FuelUsed":7.864622, "FuelLevel":24.135378 }
{ "timestamp":"2017-07-25T06:19:47Z", "event":"FuelScoop", "Scooped":5.005904, "Total":29.141293 }
{ "timestamp":"2017-07-25T06:19:50Z", "event":"FuelScoop", "Scooped":2.858700, "Total":32.000000 }
{ "timestamp":"2017-07-25T06:20:52Z", "event":"Scan", "BodyName":"Dumbooe WO-K c23-211 5", "DistanceFromArrivalLS":181.558594, "TidalLock":false, "TerraformState":"", "PlanetClass":"High metal content body", "Atmosphere":"carbon dioxide rich atmosphere", "AtmosphereType":"CarbonDioxideRich", "AtmosphereComposition":[ { "Name":"Nitrogen", "Percent":98.639832 }, { "Name":"CarbonDioxide", "Percent":1.341416 } ], "Volcanism":"", "MassEM":0.273021, "Radius":4074172.500000, "SurfaceGravity":6.555809, "SurfaceTemperature":224.527328, "SurfacePressure":66366.703125, "Landable":false, "SemiMajorAxis":54431232000.000000, "Eccentricity":0.000269, "OrbitalInclination":0.000673, "Periapsis":38.740955, "OrbitalPeriod":9870805.000000, "RotationPeriod":-9871560.000000, "AxialTilt":-2.969451 }
{ "timestamp":"2017-07-25T06:21:10Z", "event":"StartJump", "JumpType":"Hyperspace", "StarSystem":"Dumbooe AV-I c24-217", "StarClass":"K" }
{ "timestamp":"2017-07-25T06:21:29Z", "event":"FSDJump", "StarSystem":"Dumbooe AV-I c24-217", "StarPos":[16.500,555.719,23016.063], "SystemAllegiance":"", "SystemEconomy":"$economy_None;", "SystemEconomy_Localised":"None", "SystemGovernment":"$government_None;", "SystemGovernment_Localised":"None", "SystemSecurity":"$SYSTEM_SECURITY_low;", "SystemSecurity_Localised":"Low Security", "JumpDist":36.362, "FuelUsed":7.856129, "FuelLevel":24.143871 }
{ "timestamp":"2017-07-25T06:21:58Z", "event":"FuelScoop", "Scooped":5.009881, "Total":29.153732 }
{ "timestamp":"2017-07-25T06:22:01Z", "event":"FuelScoop", "Scooped":2.846275, "Total":32.000000 }
{ "timestamp":"2017-07-25T06:22:23Z", "event":"StartJump", "JumpType":"Hyperspace", "StarSystem":"Dumbooe MK-E d12-9148", "StarClass":"K" }
{ "timestamp":"2017-07-25T06:22:42Z", "event":"FSDJump", "StarSystem":"Dumbooe MK-E d12-9148", "StarPos":[14.563,553.719,23052.438], "SystemAllegiance":"", "SystemEconomy":"$economy_None;", "SystemEconomy_Localised":"None", "SystemGovernment":"$government_None;", "SystemGovernment_Localised":"None", "SystemSecurity":"$SYSTEM_SECURITY_low;", "SystemSecurity_Localised":"Low Security", "JumpDist":36.481, "FuelUsed":7.923606, "FuelLevel":24.076393 }
{ "timestamp":"2017-07-25T06:22:55Z", "event":"FuelScoop", "Scooped":5.003425, "Total":29.079813 }
{ "timestamp":"2017-07-25T06:22:58Z", "event":"FuelScoop", "Scooped":2.920186, "Total":32.000000 }
{ "timestamp":"2017-07-25T06:23:22Z", "event":"StartJump", "JumpType":"Hyperspace", "StarSystem":"Dumbooe MK-E d12-8481", "StarClass":"F" }
{ "timestamp":"2017-07-25T06:23:41Z", "event":"FSDJump", "StarSystem":"Dumbooe MK-E d12-8481", "StarPos":[13.063,552.969,23088.813], "SystemAllegiance":"", "SystemEconomy":"$economy_None;", "SystemEconomy_Localised":"None", "SystemGovernment":"$government_None;", "SystemGovernment_Localised":"None", "SystemSecurity":"$SYSTEM_SECURITY_low;", "SystemSecurity_Localised":"Low Security", "JumpDist":36.414, "FuelUsed":7.885172, "FuelLevel":24.114828 }
{ "timestamp":"2017-07-25T06:23:55Z", "event":"FuelScoop", "Scooped":5.010303, "Total":29.125141 }
{ "timestamp":"2017-07-25T06:23:58Z", "event":"FuelScoop", "Scooped":2.874853, "Total":32.000000 }
{ "timestamp":"2017-07-25T06:24:29Z", "event":"StartJump", "JumpType":"Hyperspace", "StarSystem":"Dumbooe HH-F c26-1029", "StarClass":"K" }
{ "timestamp":"2017-07-25T06:24:48Z", "event":"FSDJump", "StarSystem":"Dumbooe HH-F c26-1029", "StarPos":[14.375,551.938,23125.125], "SystemAllegiance":"", "SystemEconomy":"$economy_None;", "SystemEconomy_Localised":"None", "SystemGovernment":"$government_None;", "SystemGovernment_Localised":"None", "SystemSecurity":"$SYSTEM_SECURITY_low;", "SystemSecurity_Localised":"Low Security", "JumpDist":36.351, "FuelUsed":7.850072, "FuelLevel":24.149929 }
{ "timestamp":"2017-07-25T06:25:02Z", "event":"FuelScoop", "Scooped":5.004714, "Total":29.154650 }
{ "timestamp":"2017-07-25T06:25:06Z", "event":"FuelScoop", "Scooped":2.845344, "Total":32.000000 }
{ "timestamp":"2017-07-25T06:26:08Z", "event":"Scan", "BodyName":"Dumbooe HH-F c26-1029 4", "DistanceFromArrivalLS":263.249542, "TidalLock":true, "TerraformState":"Terraformable", "PlanetClass":"High metal content body", "Atmosphere":"nitrogen atmosphere", "AtmosphereType":"Nitrogen", "AtmosphereComposition":[ { "Name":"Nitrogen", "Percent":99.984085 } ], "Volcanism":"", "MassEM":0.316155, "Radius":4281372.000000, "SurfaceGravity":6.874534, "SurfaceTemperature":252.261642, "SurfacePressure":103688.218750, "Landable":false, "SemiMajorAxis":78919942144.000000, "Eccentricity":0.000008, "OrbitalInclination":-0.000177, "Periapsis":2.887401, "OrbitalPeriod":13924437.000000, "RotationPeriod":13925162.000000, "AxialTilt":-0.429149 }
{ "timestamp":"2017-07-25T06:26:38Z", "event":"StartJump", "JumpType":"Hyperspace", "StarSystem":"Dumbooe LN-D c27-1613", "StarClass":"K" }
{ "timestamp":"2017-07-25T06:26:56Z", "event":"FSDJump", "StarSystem":"Dumbooe LN-D c27-1613", "StarPos":[13.125,553.844,23161.344], "SystemAllegiance":"", "SystemEconomy":"$economy_None;", "SystemEconomy_Localised":"None", "SystemGovernment":"$government_None;", "SystemGovernment_Localised":"None", "SystemSecurity":"$SYSTEM_SECURITY_low;", "SystemSecurity_Localised":"Low Security", "JumpDist":36.290, "FuelUsed":7.815956, "FuelLevel":24.184044 }
{ "timestamp":"2017-07-25T06:27:12Z", "event":"FuelScoop", "Scooped":5.003710, "Total":29.187792 }
{ "timestamp":"2017-07-25T06:27:15Z", "event":"FuelScoop", "Scooped":2.812218, "Total":32.000000 }
{ "timestamp":"2017-07-25T06:27:32Z", "event":"StartJump", "JumpType":"Hyperspace", "StarSystem":"Dumbooe UW-A d14-2292", "StarClass":"M" }
{ "timestamp":"2017-07-25T06:27:51Z", "event":"FSDJump", "StarSystem":"Dumbooe UW-A d14-2292", "StarPos":[10.938,553.906,23197.656], "SystemAllegiance":"", "SystemEconomy":"$economy_None;", "SystemEconomy_Localised":"None", "SystemGovernment":"$government_None;", "SystemGovernment_Localised":"None", "SystemSecurity":"$SYSTEM_SECURITY_low;", "SystemSecurity_Localised":"Low Security", "JumpDist":36.378, "FuelUsed":7.865436, "FuelLevel":24.134563 }
{ "timestamp":"2017-07-25T06:28:03Z", "event":"FuelScoop", "Scooped":5.004893, "Total":29.139454 }
{ "timestamp":"2017-07-25T06:28:07Z", "event":"FuelScoop", "Scooped":1.812521, "Total":30.951984 }
{ "timestamp":"2017-07-25T06:28:29Z", "event":"StartJump", "JumpType":"Hyperspace", "StarSystem":"Dumbooe LE-A b58-16", "StarClass":"M" }
{ "timestamp":"2017-07-25T06:28:48Z", "event":"FSDJump", "StarSystem":"Dumbooe LE-A b58-16", "StarPos":[11.719,557.375,23234.031], "SystemAllegiance":"", "SystemEconomy":"$economy_None;", "SystemEconomy_Localised":"None", "SystemGovernment":"$government_None;", "SystemGovernment_Localised":"None", "SystemSecurity":"$SYSTEM_SECURITY_low;", "SystemSecurity_Localised":"Low Security", "JumpDist":36.548, "FuelUsed":7.925313, "FuelLevel":23.026672 }
{ "timestamp":"2017-07-25T06:29:02Z", "event":"FuelScoop", "Scooped":5.013640, "Total":28.040302 }
{ "timestamp":"2017-07-25T06:29:09Z", "event":"FuelScoop", "Scooped":3.711779, "Total":31.752102 }
{ "timestamp":"2017-07-25T06:29:23Z", "event":"StartJump", "JumpType":"Hyperspace", "StarSystem":"Zuni ZQ-C c1858", "StarClass":"K" }
{ "timestamp":"2017-07-25T06:29:41Z", "event":"FSDJump", "StarSystem":"Zuni ZQ-C c1858", "StarPos":[10.344,561.844,23270.031], "SystemAllegiance":"", "SystemEconomy":"$economy_None;", "SystemEconomy_Localised":"None", "SystemGovernment":"$government_None;", "SystemGovernment_Localised":"None", "SystemSecurity":"$SYSTEM_SECURITY_low;", "SystemSecurity_Localised":"Low Security", "JumpDist":36.302, "FuelUsed":7.811854, "FuelLevel":23.940247 }
{ "timestamp":"2017-07-25T06:29:55Z", "event":"FuelScoop", "Scooped":5.007827, "Total":28.948063 }
{ "timestamp":"2017-07-25T06:29:58Z", "event":"FuelScoop", "Scooped":3.051927, "Total":32.000000 }
{ "timestamp":"2017-07-25T06:30:22Z", "event":"StartJump", "JumpType":"Hyperspace", "StarSystem":"Zuni MI-B d600", "StarClass":"F" }
{ "timestamp":"2017-07-25T06:30:41Z", "event":"FSDJump", "StarSystem":"Zuni MI-B d600", "StarPos":[10.125,567.375,23306.063], "SystemAllegiance":"", "SystemEconomy":"$economy_None;", "SystemEconomy_Localised":"None", "SystemGovernment":"$government_None;", "SystemGovernment_Localised":"None", "SystemSecurity":"$SYSTEM_SECURITY_low;", "SystemSecurity_Localised":"Low Security", "JumpDist":36.454, "FuelUsed":7.908118, "FuelLevel":24.091883 }
{ "timestamp":"2017-07-25T06:30:54Z", "event":"FuelScoop", "Scooped":5.001926, "Total":29.093803 }
{ "timestamp":"2017-07-25T06:30:57Z", "event":"FuelScoop", "Scooped":2.906187, "Total":32.000000 }
{ "timestamp":"2017-07-25T06:31:08Z", "event":"HeatWarning" }
{ "timestamp":"2017-07-25T06:31:27Z", "event":"StartJump", "JumpType":"Hyperspace", "StarSystem":"Zuni HD-Z c1-1869", "StarClass":"K" }
{ "timestamp":"2017-07-25T06:31:45Z", "event":"FSDJump", "StarSystem":"Zuni HD-Z c1-1869", "StarPos":[9.406,567.031,23342.031], "SystemAllegiance":"", "SystemEconomy":"$economy_None;", "SystemEconomy_Localised":"None", "SystemGovernment":"$government_None;", "SystemGovernment_Localised":"None", "SystemSecurity":"$SYSTEM_SECURITY_low;", "SystemSecurity_Localised":"Low Security", "JumpDist":35.978, "FuelUsed":7.642209, "FuelLevel":24.357792 }
{ "timestamp":"2017-07-25T06:31:59Z", "event":"FuelScoop", "Scooped":5.001201, "Total":29.358994 }
{ "timestamp":"2017-07-25T06:32:01Z", "event":"FuelScoop", "Scooped":2.641010, "Total":32.000000 }
{ "timestamp":"2017-07-25T06:32:25Z", "event":"StartJump", "JumpType":"Hyperspace", "StarSystem":"Zuni LJ-X c2-1458", "StarClass":"K" }
{ "timestamp":"2017-07-25T06:32:44Z", "event":"FSDJump", "StarSystem":"Zuni LJ-X c2-1458", "StarPos":[11.625,566.000,23378.469], "SystemAllegiance":"", "SystemEconomy":"$economy_None;", "SystemEconomy_Localised":"None", "SystemGovernment":"$government_None;", "SystemGovernment_Localised":"None", "SystemSecurity":"$SYSTEM_SECURITY_low;", "SystemSecurity_Localised":"Low Security", "JumpDist":36.520, "FuelUsed":7.944987, "FuelLevel":24.055014 }
{ "timestamp":"2017-07-25T06:32:57Z", "event":"FuelScoop", "Scooped":5.011243, "Total":29.066257 }
{ "timestamp":"2017-07-25T06:33:00Z", "event":"FuelScoop", "Scooped":2.933745, "Total":32.000000 }
{ "timestamp":"2017-07-25T06:33:23Z", "event":"StartJump", "JumpType":"Hyperspace", "StarSystem":"Zuni MJ-X c2-1597", "StarClass":"K" }
{ "timestamp":"2017-07-25T06:33:42Z", "event":"FSDJump", "StarSystem":"Zuni MJ-X c2-1597", "StarPos":[15.156,566.500,23414.750], "SystemAllegiance":"", "SystemEconomy":"$economy_None;", "SystemEconomy_Localised":"None", "SystemGovernment":"$government_None;", "SystemGovernment_Localised":"None", "SystemSecurity":"$SYSTEM_SECURITY_low;", "SystemSecurity_Localised":"Low Security", "JumpDist":36.456, "FuelUsed":7.908638, "FuelLevel":24.091362 }
{ "timestamp":"2017-07-25T06:33:55Z", "event":"FuelScoop", "Scooped":5.015055, "Total":29.106398 }
{ "timestamp":"2017-07-25T06:33:58Z", "event":"FuelScoop", "Scooped":2.893603, "Total":32.000000 }
{ "timestamp":"2017-07-25T06:34:22Z", "event":"StartJump", "JumpType":"Hyperspace", "StarSystem":"Zuni QP-V c3-598", "StarClass":"M" }
{ "timestamp":"2017-07-25T06:34:41Z", "event":"FSDJump", "StarSystem":"Zuni QP-V c3-598", "StarPos":[15.063,564.719,23450.875], "SystemAllegiance":"", "SystemEconomy":"$economy_None;", "SystemEconomy_Localised":"None", "SystemGovernment":"$government_None;", "SystemGovernment_Localised":"None", "SystemSecurity":"$SYSTEM_SECURITY_low;", "SystemSecurity_Localised":"Low Security", "JumpDist":36.169, "FuelUsed":7.747968, "FuelLevel":24.252031 }
{ "timestamp":"2017-07-25T06:34:54Z", "event":"FuelScoop", "Scooped":5.031260, "Total":29.283293 }
{ "timestamp":"2017-07-25T06:34:56Z", "event":"FuelScoop", "Scooped":2.716705, "Total":32.000000 }
{ "timestamp":"2017-07-25T06:35:14Z", "event":"StartJump", "JumpType":"Hyperspace", "StarSystem":"Zuni UV-T c4-1957", "StarClass":"K" }
{ "timestamp":"2017-07-25T06:35:33Z", "event":"FSDJump", "StarSystem":"Zuni UV-T c4-1957", "StarPos":[17.000,566.719,23487.125], "SystemAllegiance":"", "SystemEconomy":"$economy_None;", "SystemEconomy_Localised":"None", "SystemGovernment":"$government_None;", "SystemGovernment_Localised":"None", "SystemSecurity":"$SYSTEM_SECURITY_low;", "SystemSecurity_Localised":"Low Security", "JumpDist":36.357, "FuelUsed":7.852833, "FuelLevel":24.147167 }
{ "timestamp":"2017-07-25T06:35:46Z", "event":"FuelScoop", "Scooped":5.000599, "Total":29.147758 }
{ "timestamp":"2017-07-25T06:35:49Z", "event":"FuelScoop", "Scooped":2.852259, "Total":32.000000 }
{ "timestamp":"2017-07-25T06:36:09Z", "event":"StartJump", "JumpType":"Hyperspace", "StarSystem":"Zuni YB-S c5-282", "StarClass":"K" }
{ "timestamp":"2017-07-25T06:36:28Z", "event":"FSDJump", "StarSystem":"Zuni YB-S c5-282", "StarPos":[17.719,563.406,23523.406], "SystemAllegiance":"", "SystemEconomy":"$economy_None;", "SystemEconomy_Localised":"None", "SystemGovernment":"$government_None;", "SystemGovernment_Localised":"None", "SystemSecurity":"$SYSTEM_SECURITY_low;", "SystemSecurity_Localised":"Low Security", "JumpDist":36.439, "FuelUsed":7.899727, "FuelLevel":24.100273 }
{ "timestamp":"2017-07-25T06:36:42Z", "event":"FuelScoop", "Scooped":5.033618, "Total":29.133894 }
{ "timestamp":"2017-07-25T06:36:44Z", "event":"FuelScoop", "Scooped":2.866110, "Total":32.000000 }
{ "timestamp":"2017-07-25T06:37:03Z", "event":"StartJump", "JumpType":"Hyperspace", "StarSystem":"Zuni CI-Q c6-654", "StarClass":"K" }
{ "timestamp":"2017-07-25T06:37:21Z", "event":"FSDJump", "StarSystem":"Zuni CI-Q c6-654", "StarPos":[15.250,561.875,23559.313], "SystemAllegiance":"", "SystemEconomy":"$economy_None;", "SystemEconomy_Localised":"None", "SystemGovernment":"$government_None;", "SystemGovernment_Localised":"None", "SystemSecurity":"$SYSTEM_SECURITY_low;", "SystemSecurity_Localised":"Low Security", "JumpDist":36.024, "FuelUsed":7.667446, "FuelLevel":24.332554 }
{ "timestamp":"2017-07-25T06:37:34Z", "event":"FuelScoop", "Scooped":5.026363, "Total":29.358925 }
{ "timestamp":"2017-07-25T06:37:37Z", "event":"FuelScoop", "Scooped":2.641064, "Total":32.000000 }
{ "timestamp":"2017-07-25T06:38:03Z", "event":"StartJump", "JumpType":"Hyperspace", "StarSystem":"Zuni GO-O c7-1960", "StarClass":"K" }
{ "timestamp":"2017-07-25T06:38:21Z", "event":"FSDJump", "StarSystem":"Zuni GO-O c7-1960", "StarPos":[15.156,562.313,23595.594], "SystemAllegiance":"", "SystemEconomy":"$economy_None;", "SystemEconomy_Localised":"None", "SystemGovernment":"$government_None;", "SystemGovernment_Localised":"None", "SystemSecurity":"$SYSTEM_SECURITY_low;", "SystemSecurity_Localised":"Low Security", "JumpDist":36.284, "FuelUsed":7.812357, "FuelLevel":24.187643 }
{ "timestamp":"2017-07-25T06:38:34Z", "event":"FuelScoop", "Scooped":5.023666, "Total":29.211308 }
{ "timestamp":"2017-07-25T06:38:37Z", "event":"FuelScoop", "Scooped":2.788692, "Total":32.000000 }
{ "timestamp":"2017-07-25T06:38:56Z", "event":"StartJump", "JumpType":"Hyperspace", "StarSystem":"Zuni CH-U d3-7253", "StarClass":"K" }
{ "timestamp":"2017-07-25T06:39:14Z", "event":"FSDJump", "StarSystem":"Zuni CH-U d3-7253", "StarPos":[11.875,560.938,23631.813], "SystemAllegiance":"", "SystemEconomy":"$economy_None;", "SystemEconomy_Localised":"None", "SystemGovernment":"$government_None;", "SystemGovernment_Localised":"None", "SystemSecurity":"$SYSTEM_SECURITY_low;", "SystemSecurity_Localised":"Low Security", "JumpDist":36.393, "FuelUsed":7.873409, "FuelLevel":24.126591 }
{ "timestamp":"2017-07-25T06:39:29Z", "event":"FuelScoop", "Scooped":5.005089, "Total":29.131687 }
{ "timestamp":"2017-07-25T06:39:32Z", "event":"FuelScoop", "Scooped":2.868315, "Total":32.000000 }
{ "timestamp":"2017-07-25T06:39:50Z", "event":"StartJump", "JumpType":"Hyperspace", "StarSystem":"Zuni GN-S d4-8630", "StarClass":"F" }
{ "timestamp":"2017-07-25T06:40:08Z", "event":"FSDJump", "StarSystem":"Zuni GN-S d4-8630", "StarPos":[10.844,561.188,23668.156], "SystemAllegiance":"", "SystemEconomy":"$economy_None;", "SystemEconomy_Localised":"None", "SystemGovernment":"$government_None;", "SystemGovernment_Localised":"None", "SystemSecurity":"$SYSTEM_SECURITY_low;", "SystemSecurity_Localised":"Low Security", "JumpDist":36.359, "FuelUsed":7.854791, "FuelLevel":24.145208 }
{ "timestamp":"2017-07-25T06:40:22Z", "event":"FuelScoop", "Scooped":5.010610, "Total":28.085836 }
{ "timestamp":"2017-07-25T06:40:26Z", "event":"FuelScoop", "Scooped":3.914155, "Total":32.000000 }
{ "timestamp":"2017-07-25T06:40:45Z", "event":"StartJump", "JumpType":"Hyperspace", "StarSystem":"Zuni HS-S b20-6", "StarClass":"M" }
{ "timestamp":"2017-07-25T06:41:04Z", "event":"FSDJump", "StarSystem":"Zuni HS-S b20-6", "StarPos":[11.125,556.938,23704.313], "SystemAllegiance":"", "SystemEconomy":"$economy_None;", "SystemEconomy_Localised":"None", "SystemGovernment":"$government_None;", "SystemGovernment_Localised":"None", "SystemSecurity":"$SYSTEM_SECURITY_low;", "SystemSecurity_Localised":"Low Security", "JumpDist":36.406, "FuelUsed":7.881230, "FuelLevel":24.118771 }
{ "timestamp":"2017-07-25T06:41:17Z", "event":"FuelScoop", "Scooped":5.012396, "Total":29.131176 }
{ "timestamp":"2017-07-25T06:41:19Z", "event":"FuelScoop", "Scooped":2.868829, "Total":32.000000 }
{ "timestamp":"2017-07-25T06:41:48Z", "event":"StartJump", "JumpType":"Hyperspace", "StarSystem":"Zuni VM-H c11-1234", "StarClass":"K" }
{ "timestamp":"2017-07-25T06:42:07Z", "event":"FSDJump", "StarSystem":"Zuni VM-H c11-1234", "StarPos":[13.125,556.500,23740.625], "SystemAllegiance":"", "SystemEconomy":"$economy_None;", "SystemEconomy_Localised":"None", "SystemGovernment":"$government_None;", "SystemGovernment_Localised":"None", "SystemSecurity":"$SYSTEM_SECURITY_low;", "SystemSecurity_Localised":"Low Security", "JumpDist":36.370, "FuelUsed":7.860927, "FuelLevel":24.139072 }
{ "timestamp":"2017-07-25T06:42:21Z", "event":"FuelScoop", "Scooped":5.001241, "Total":29.140308 }
{ "timestamp":"2017-07-25T06:42:27Z", "event":"FuelScoop", "Scooped":2.622166, "Total":31.762457 }
{ "timestamp":"2017-07-25T06:42:43Z", "event":"StartJump", "JumpType":"Hyperspace", "StarSystem":"Zuni ZS-F c12-1631", "StarClass":"K" }
{ "timestamp":"2017-07-25T06:43:02Z", "event":"FSDJump", "StarSystem":"Zuni ZS-F c12-1631", "StarPos":[11.563,557.125,23777.125], "SystemAllegiance":"", "SystemEconomy":"$economy_None;", "SystemEconomy_Localised":"None", "SystemGovernment":"$government_None;", "SystemGovernment_Localised":"None", "SystemSecurity":"$SYSTEM_SECURITY_low;", "SystemSecurity_Localised":"Low Security", "JumpDist":36.539, "FuelUsed":7.947402, "FuelLevel":23.815056 }
{ "timestamp":"2017-07-25T06:43:15Z", "event":"FuelScoop", "Scooped":5.010848, "Total":28.825912 }
{ "timestamp":"2017-07-25T06:43:18Z", "event":"FuelScoop", "Scooped":3.174093, "Total":32.000000 }
{ "timestamp":"2017-07-25T06:43:42Z", "event":"StartJump", "JumpType":"Hyperspace", "StarSystem":"Zuni ZS-F c12-1696", "StarClass":"K" }
{ "timestamp":"2017-07-25T06:44:00Z", "event":"FSDJump", "StarSystem":"Zuni ZS-F c12-1696", "StarPos":[13.344,554.250,23813.344], "SystemAllegiance":"", "SystemEconomy":"$economy_None;", "SystemEconomy_Localised":"None", "SystemGovernment":"$government_None;", "SystemGovernment_Localised":"None", "SystemSecurity":"$SYSTEM_SECURITY_low;", "SystemSecurity_Localised":"Low Security", "JumpDist":36.376, "FuelUsed":7.864385, "FuelLevel":24.135614 }
{ "timestamp":"2017-07-25T06:44:14Z", "event":"FuelScoop", "Scooped":5.026212, "Total":29.161831 }
{ "timestamp":"2017-07-25T06:44:16Z", "event":"FuelScoop", "Scooped":2.838172, "Total":32.000000 }
{ "timestamp":"2017-07-25T06:45:48Z", "event":"Scan", "BodyName":"Zuni ZS-F c12-1696 4", "DistanceFromArrivalLS":258.335907, "TidalLock":true, "TerraformState":"Terraformable", "PlanetClass":"High metal content body", "Atmosphere":"hot thick carbon dioxide atmosphere", "AtmosphereType":"CarbonDioxide", "AtmosphereComposition":[ { "Name":"CarbonDioxide", "Percent":95.847954 }, { "Name":"Nitrogen", "Percent":3.193106 }, { "Name":"SulphurDioxide", "Percent":0.958480 } ], "Volcanism":"minor metallic magma volcanism", "MassEM":2.902713, "Radius":8281856.500000, "SurfaceGravity":16.867788, "SurfaceTemperature":934.568787, "SurfacePressure":42504068.000000, "Landable":false, "SemiMajorAxis":77473947648.000000, "Eccentricity":0.000450, "OrbitalInclination":0.035722, "Periapsis":137.727203, "OrbitalPeriod":13184446.000000, "RotationPeriod":13206394.000000, "AxialTilt":-0.268730 }
{ "timestamp":"2017-07-25T06:46:20Z", "event":"StartJump", "JumpType":"Hyperspace", "StarSystem":"Zuni DZ-D c13-2049", "StarClass":"G" }
{ "timestamp":"2017-07-25T06:46:38Z", "event":"FSDJump", "StarSystem":"Zuni DZ-D c13-2049", "StarPos":[10.656,554.781,23832.563], "SystemAllegiance":"", "SystemEconomy":"$economy_None;", "SystemEconomy_Localised":"None", "SystemGovernment":"$government_None;", "SystemGovernment_Localised":"None", "SystemSecurity":"$SYSTEM_SECURITY_low;", "SystemSecurity_Localised":"Low Security", "JumpDist":19.413, "FuelUsed":1.536598, "FuelLevel":30.463402 }
{ "timestamp":"2017-07-25T06:46:48Z", "event":"FuelScoop", "Scooped":1.536598, "Total":32.000000 }
{ "timestamp":"2017-07-25T06:48:37Z", "event":"Screenshot", "Filename":"\\ED_Pictures\\HighResScreenShot_2017-07-25_06-48-37.bmp", "Width":7680, "Height":4320, "System":"Zuni DZ-D c13-2049", "Body":"Zuni DZ-D c13-2049 AB" }
