{ "timestamp":"2017-04-28T23:51:56Z", "event":"Fileheader", "part":1, "language":"English\\UK", "gameversion":"2.3.02", "build":"r143095/r0 " }
{ "timestamp":"2017-04-28T23:54:23Z", "event":"Cargo", "Inventory":[  ] }
{ "timestamp":"2017-04-28T23:54:23Z", "event":"Loadout", "Ship":"Vulture", "ShipID":3, "ShipName":"SS Minnow Johnson", "ShipIdent":"CR-1", "Modules":[ { "Slot":"LargeHardpoint1", "Item":"Hpt_PulseLaser_Gimbal_Large", "On":true, "Priority":0, "Health":1.000000, "Value":140600 }, { "Slot":"LargeHardpoint2", "Item":"Hpt_PulseLaser_Gimbal_Large", "On":true, "Priority":0, "Health":1.000000, "Value":140600 }, { "Slot":"TinyHardpoint1", "Item":"Hpt_ShieldBooster_Size0_Class5", "On":true, "Priority":0, "Health":1.000000, "Value":281000 }, { "Slot":"TinyHardpoint2", "Item":"Hpt_ShieldBooster_Size0_Class5", "On":true, "Priority":0, "Health":1.000000, "Value":281000 }, { "Slot":"TinyHardpoint3", "Item":"Hpt_ChaffLauncher_Tiny", "On":true, "Priority":0, "AmmoInClip":1, "AmmoInHopper":10, "Health":1.000000, "Value":8500 }, { "Slot":"TinyHardpoint4", "Item":"Hpt_ChaffLauncher_Tiny", "On":true, "Priority":0, "AmmoInClip":1, "AmmoInHopper":10, "Health":1.000000, "Value":8500 }, { "Slot":"Armour", "Item":"Vulture_Armour_Grade3", "On":true, "Priority":1, "Health":1.000000, "Value":4433053 }, { "Slot":"PaintJob", "Item":"PaintJob_Vulture_Tactical_White", "On":true, "Priority":1, "Health":1.000000, "Value":0 }, { "Slot":"PowerPlant", "Item":"Int_Powerplant_Size4_Class5", "On":true, "Priority":1, "Health":1.000000, "Value":1610080, "EngineerBlueprint":"PowerPlant_Boosted", "EngineerLevel":1 }, { "Slot":"MainEngines", "Item":"Int_Engine_Size5_Class5", "On":true, "Priority":0, "Health":1.000000, "Value":5103953 }, { "Slot":"FrameShiftDrive", "Item":"Int_Hyperdrive_Size4_Class5", "On":true, "Priority":1, "Health":1.000000, "Value":1610080 }, { "Slot":"LifeSupport", "Item":"Int_LifeSupport_Size3_Class1", "On":true, "Priority":0, "Health":1.000000, "Value":4053 }, { "Slot":"PowerDistributor", "Item":"Int_PowerDistributor_Size5_Class5", "On":true, "Priority":0, "Health":1.000000, "Value":1241317, "EngineerBlueprint":"PowerDistributor_HighFrequency", "EngineerLevel":1 }, { "Slot":"Radar", "Item":"Int_Sensors_Size4_Class5", "On":true, "Priority":0, "Health":1.000000, "Value":443328 }, { "Slot":"FuelTank", "Item":"Int_FuelTank_Size3_Class3", "On":true, "Priority":1, "Health":1.000000, "Value":7063 }, { "Slot":"Slot01_Size5", "Item":"Int_ShieldGenerator_Size5_Class3_Fast", "On":true, "Priority":0, "Health":1.000000, "Value":850659 }, { "Slot":"Slot02_Size4", "Item":"Int_ShieldCellBank_Size4_Class4", "On":true, "Priority":0, "AmmoInClip":1, "AmmoInHopper":4, "Health":1.000000, "Value":177331 }, { "Slot":"Slot03_Size2", "Item":"Int_CargoRack_Size2_Class1", "On":true, "Priority":1, "Health":1.000000, "Value":3250 }, { "Slot":"Slot05_Size1", "Item":"Int_FuelScoop_Size1_Class4", "On":true, "Priority":1, "Health":1.000000, "Value":20568 }, { "Slot":"Slot06_Size1", "Item":"Int_StellarBodyDiscoveryScanner_Standard", "On":true, "Priority":1, "Health":1.000000, "Value":1000 }, { "Slot":"Military01", "Item":"Int_HullReinforcement_Size5_Class2", "On":true, "Priority":1, "Health":1.000000, "Value":450000 }, { "Slot":"Decal1", "Item":"Decal_Combat_Master", "On":true, "Priority":1, "Health":1.000000, "Value":0 }, { "Slot":"ShipName0", "Item":"Nameplate_Practical01_Black", "On":true, "Priority":1, "Health":1.000000, "Value":0 }, { "Slot":"ShipName1", "Item":"Nameplate_ShipID_DoubleLine_Black", "On":true, "Priority":1, "Health":1.000000, "Value":0 }, { "Slot":"ShipID0", "Item":"Nameplate_ShipID_SingleLine_Black", "On":true, "Priority":1, "Health":1.000000, "Value":0 }, { "Slot":"ShipID1", "Item":"Nameplate_ShipID_SingleLine_Black", "On":true, "Priority":1, "Health":1.000000, "Value":0 }, { "Slot":"PlanetaryApproachSuite", "Item":"Int_PlanetApproachSuite", "On":true, "Priority":1, "Health":1.000000, "Value":500 }, { "Slot":"ShipKitSpoiler", "Item":"Vulture_Shipkit1_Spoiler3", "On":true, "Priority":1, "Health":1.000000, "Value":0 }, { "Slot":"ShipKitWings", "Item":"Vulture_Shipkit1_Wings1", "On":true, "Priority":1, "Health":1.000000, "Value":0 }, { "Slot":"ShipKitTail", "Item":"Vulture_Shipkit1_Tail3", "On":true, "Priority":1, "Health":1.000000, "Value":0 }, { "Slot":"ShipKitBumper", "Item":"Vulture_Shipkit1_Bumper4", "On":true, "Priority":1, "Health":1.000000, "Value":0 }, { "Slot":"ShipCockpit", "Item":"Vulture_Cockpit", "On":true, "Priority":1, "Health":1.000000, "Value":0 }, { "Slot":"CargoHatch", "Item":"ModularCargoBayDoor", "On":true, "Priority":1, "Health":1.000000, "Value":0 } ] }
{ "timestamp":"2017-04-28T23:54:23Z", "event":"Materials", "Raw":[ { "Name":"iron", "Count":8 }, { "Name":"sulphur", "Count":41 }, { "Name":"phosphorus", "Count":30 }, { "Name":"manganese", "Count":12 }, { "Name":"nickel", "Count":11 }, { "Name":"carbon", "Count":11 }, { "Name":"cadmium", "Count":12 }, { "Name":"germanium", "Count":3 }, { "Name":"tungsten", "Count":3 }, { "Name":"arsenic", "Count":3 }, { "Name":"zinc", "Count":6 }, { "Name":"selenium", "Count":12 }, { "Name":"vanadium", "Count":3 }, { "Name":"antimony", "Count":3 } ], "Manufactured":[ { "Name":"hybridcapacitors", "Count":1 }, { "Name":"focuscrystals", "Count":1 }, { "Name":"salvagedalloys", "Count":1 }, { "Name":"shieldemitters", "Count":5 }, { "Name":"galvanisingalloys", "Count":4 }, { "Name":"phasealloys", "Count":10 }, { "Name":"highdensitycomposites", "Count":6 }, { "Name":"compoundshielding", "Count":6 }, { "Name":"refinedfocuscrystals", "Count":3 }, { "Name":"conductivecomponents", "Count":4 }, { "Name":"heatresistantceramics", "Count":1 }, { "Name":"precipitatedalloys", "Count":3 }, { "Name":"wornshieldemitters", "Count":3 }, { "Name":"shieldingsensors", "Count":3 }, { "Name":"thermicalloys", "Count":2 }, { "Name":"mechanicalequipment", "Count":1 } ], "Encoded":[ { "Name":"shieldcyclerecordings", "Count":112 }, { "Name":"emissiondata", "Count":34 }, { "Name":"encodedscandata", "Count":12 }, { "Name":"decodedemissiondata", "Count":96 }, { "Name":"shieldsoakanalysis", "Count":42 }, { "Name":"scandatabanks", "Count":33 }, { "Name":"bulkscandata", "Count":16 }, { "Name":"archivedemissiondata", "Count":2 }, { "Name":"shielddensityreports", "Count":66 }, { "Name":"shieldpatternanalysis", "Count":44 }, { "Name":"compactemissionsdata", "Count":5 }, { "Name":"shieldfrequencydata", "Count":3 }, { "Name":"consumerfirmware", "Count":1 }, { "Name":"hyperspacetrajectories", "Count":1 }, { "Name":"scrambledemissiondata", "Count":1 }, { "Name":"scanarchives", "Count":20 }, { "Name":"classifiedscandata", "Count":4 }, { "Name":"disruptedwakeechoes", "Count":3 }, { "Name":"securityfirmware", "Count":2 }, { "Name":"encryptionarchives", "Count":3 } ] }
{ "timestamp":"2017-04-28T23:54:23Z", "event":"LoadGame", "Commander":"Kith000", "Ship":"Vulture", "ShipID":3, "ShipName":"SS Minnow Johnson", "ShipIdent":"CR-1", "FuelLevel":8.000000, "FuelCapacity":8.000000, "GameMode":"Group", "Group":"Kith000", "Credits":94555467, "Loan":0 }
{ "timestamp":"2017-04-28T23:54:23Z", "event":"Rank", "Combat":5, "Trade":4, "Explore":2, "Empire":1, "Federation":2, "CQC":0 }
{ "timestamp":"2017-04-28T23:54:23Z", "event":"Progress", "Combat":51, "Trade":72, "Explore":21, "Empire":23, "Federation":83, "CQC":40 }
{ "timestamp":"2017-04-28T23:54:35Z", "event":"Location", "Docked":true, "StationName":"Kizim Station", "StationType":"Coriolis", "StarSystem":"Huiche", "StarPos":[-50.688,-18.594,-57.625], "SystemAllegiance":"Independent", "SystemEconomy":"$economy_Industrial;", "SystemEconomy_Localised":"Industrial", "SystemGovernment":"$government_Dictatorship;", "SystemGovernment_Localised":"Dictatorship", "SystemSecurity":"$SYSTEM_SECURITY_medium;", "SystemSecurity_Localised":"Medium Security", "Body":"Kizim Station", "BodyType":"Station", "Factions":[ { "Name":"BD+55 570 Democrats", "FactionState":"Boom", "Government":"Democracy", "Influence":0.204795, "Allegiance":"Federation" }, { "Name":"Huiche Incorporated", "FactionState":"CivilWar", "Government":"Corporate", "Influence":0.148851, "Allegiance":"Federation" }, { "Name":"Nationalists of Huiche", "FactionState":"Boom", "Government":"Dictatorship", "Influence":0.070929, "Allegiance":"Independent" }, { "Name":"Huiche Blue Gang", "FactionState":"Boom", "Government":"Anarchy", "Influence":0.059940, "Allegiance":"Independent" }, { "Name":"New Ausan Defence Party", "FactionState":"Boom", "Government":"Dictatorship", "Influence":0.106893, "Allegiance":"Independent" }, { "Name":"Huiche Future", "FactionState":"None", "Government":"Democracy", "Influence":0.068931, "Allegiance":"Independent" }, { "Name":"Huiche Nationals", "FactionState":"CivilWar", "Government":"Dictatorship", "Influence":0.339660, "Allegiance":"Independent" } ], "SystemFaction":"Huiche Nationals", "FactionState":"CivilWar" }
{ "timestamp":"2017-04-28T23:54:35Z", "event":"Docked", "StationName":"Kizim Station", "StationType":"Coriolis", "StarSystem":"Huiche", "StationFaction":"Huiche Nationals", "FactionState":"CivilWar", "StationGovernment":"$government_Dictatorship;", "StationGovernment_Localised":"Dictatorship", "StationEconomy":"$economy_Industrial;", "StationEconomy_Localised":"Industrial", "DistFromStarLS":1131.560791 }
{ "timestamp":"2017-04-29T00:01:37Z", "event":"MissionAccepted", "Faction":"Huiche Nationals", "Name":"Mission_Massacre_Conflict_War", "TargetFaction":"Huiche Incorporated", "KillCount":6, "DestinationSystem":"Huiche", "DestinationStation":"Kizim Station", "Expiry":"2017-04-29T21:27:47Z", "Influence":"High", "Reputation":"Med", "MissionID":130837930 }
{ "timestamp":"2017-04-29T00:02:15Z", "event":"MissionAccepted", "Faction":"Huiche Nationals", "Name":"Mission_Massacre_Conflict_War", "TargetFaction":"Huiche Incorporated", "KillCount":12, "DestinationSystem":"Huiche", "DestinationStation":"Kizim Station", "Expiry":"2017-04-29T21:25:24Z", "Influence":"High", "Reputation":"Med", "MissionID":130838179 }
{ "timestamp":"2017-04-29T00:10:26Z", "event":"ReceiveText", "From":"$npc_name_decorate:#name=James Phillips;", "From_Localised":"James Phillips", "Message":"$Commuter_AuthorityScan02;", "Message_Localised":"How can I be of assistance?", "Channel":"npc" }
{ "timestamp":"2017-04-29T01:30:45Z", "event":"ShipyardTransfer", "ShipType":"Asp", "ShipID":7, "System":"Cherets", "Distance":57.316223, "TransferPrice":53292 }
{ "timestamp":"2017-04-29T01:33:05Z", "event":"Undocked", "StationName":"Kizim Station", "StationType":"Coriolis" }
{ "timestamp":"2017-04-29T01:33:37Z", "event":"ReceiveText", "From":"Kizim Station", "Message":"$STATION_NoFireZone_exited;", "Message_Localised":"No fire zone left.", "Channel":"npc" }
{ "timestamp":"2017-04-29T01:33:52Z", "event":"StartJump", "JumpType":"Supercruise" }
{ "timestamp":"2017-04-29T01:33:57Z", "event":"SupercruiseEntry", "StarSystem":"Huiche" }
{ "timestamp":"2017-04-29T01:35:10Z", "event":"SupercruiseExit", "StarSystem":"Huiche", "Body":"Huiche 1", "BodyType":"Planet" }
{ "timestamp":"2017-04-29T01:37:29Z", "event":"Bounty", "Target":"python", "TotalReward":0, "VictimFaction":"Huiche Incorporated" }
{ "timestamp":"2017-04-29T01:37:29Z", "event":"FactionKillBond", "Reward":59800, "AwardingFaction":"Huiche Nationals", "VictimFaction":"Huiche Incorporated" }
{ "timestamp":"2017-04-29T01:38:45Z", "event":"HeatWarning" }
{ "timestamp":"2017-04-29T01:39:04Z", "event":"ShieldState", "ShieldsUp":false }
{ "timestamp":"2017-04-29T01:40:11Z", "event":"RebootRepair", "Modules":[  ] }
{ "timestamp":"2017-04-29T01:41:07Z", "event":"ShieldState", "ShieldsUp":true }
{ "timestamp":"2017-04-29T01:41:18Z", "event":"StartJump", "JumpType":"Supercruise" }
{ "timestamp":"2017-04-29T01:41:23Z", "event":"SupercruiseEntry", "StarSystem":"Huiche" }
{ "timestamp":"2017-04-29T01:42:57Z", "event":"SupercruiseExit", "StarSystem":"Huiche", "Body":"Kizim Station", "BodyType":"Station" }
{ "timestamp":"2017-04-29T01:43:06Z", "event":"DockingRequested", "StationName":"Kizim Station" }
{ "timestamp":"2017-04-29T01:43:06Z", "event":"ReceiveText", "From":"Kizim Station", "Message":"$DockingChatter_Neutral;", "Message_Localised":"Ensure to observe starport protocol during your visit, pilot.", "Channel":"npc" }
{ "timestamp":"2017-04-29T01:43:07Z", "event":"ReceiveText", "From":"Kizim Station", "Message":"$STATION_docking_granted;", "Message_Localised":"Docking request granted.", "Channel":"npc" }
{ "timestamp":"2017-04-29T01:43:07Z", "event":"DockingGranted", "LandingPad":34, "StationName":"Kizim Station" }
{ "timestamp":"2017-04-29T01:43:16Z", "event":"ReceiveText", "From":"Kizim Station", "Message":"$STATION_NoFireZone_entered;", "Message_Localised":"No fire zone entered.", "Channel":"npc" }
{ "timestamp":"2017-04-29T01:43:37Z", "event":"Scanned", "ScanType":"Cargo" }
{ "timestamp":"2017-04-29T01:43:37Z", "event":"ReceiveText", "From":"$ShipName_Police_Independent;", "From_Localised":"System Authority Vessel", "Message":"$Police_ThankYouPassedStopAndSearch05;", "Message_Localised":"Scan finished. Be about your business.", "Channel":"npc" }
{ "timestamp":"2017-04-29T01:44:29Z", "event":"Docked", "StationName":"Kizim Station", "StationType":"Coriolis", "StarSystem":"Huiche", "StationFaction":"Huiche Nationals", "FactionState":"CivilWar", "StationGovernment":"$government_Dictatorship;", "StationGovernment_Localised":"Dictatorship", "StationEconomy":"$economy_Industrial;", "StationEconomy_Localised":"Industrial", "DistFromStarLS":1131.525146 }
{ "timestamp":"2017-04-29T01:44:43Z", "event":"BuyAmmo", "Cost":700 }
{ "timestamp":"2017-04-29T01:44:45Z", "event":"RepairAll", "Cost":49737 }
{ "timestamp":"2017-04-29T01:44:47Z", "event":"RefuelAll", "Cost":14, "Amount":0.273166 }
{ "timestamp":"2017-04-29T01:45:13Z", "event":"Undocked", "StationName":"Kizim Station", "StationType":"Coriolis" }
{ "timestamp":"2017-04-29T01:45:44Z", "event":"ReceiveText", "From":"Kizim Station", "Message":"$STATION_NoFireZone_exited;", "Message_Localised":"No fire zone left.", "Channel":"npc" }
{ "timestamp":"2017-04-29T01:45:58Z", "event":"StartJump", "JumpType":"Supercruise" }
{ "timestamp":"2017-04-29T01:46:03Z", "event":"SupercruiseEntry", "StarSystem":"Huiche" }
{ "timestamp":"2017-04-29T01:47:34Z", "event":"SupercruiseExit", "StarSystem":"Huiche", "Body":"Huiche 1", "BodyType":"Planet" }
{ "timestamp":"2017-04-29T01:49:28Z", "event":"Bounty", "Target":"python", "TotalReward":0, "VictimFaction":"Huiche Incorporated" }
{ "timestamp":"2017-04-29T01:49:28Z", "event":"FactionKillBond", "Reward":59800, "AwardingFaction":"Huiche Nationals", "VictimFaction":"Huiche Incorporated" }
{ "timestamp":"2017-04-29T01:50:22Z", "event":"Bounty", "Target":"asp_scout", "TotalReward":0, "VictimFaction":"Huiche Incorporated" }
{ "timestamp":"2017-04-29T01:50:22Z", "event":"FactionKillBond", "Reward":27600, "AwardingFaction":"Huiche Nationals", "VictimFaction":"Huiche Incorporated" }
{ "timestamp":"2017-04-29T01:50:47Z", "event":"Bounty", "Target":"eagle", "TotalReward":0, "VictimFaction":"Huiche Incorporated" }
{ "timestamp":"2017-04-29T01:50:47Z", "event":"FactionKillBond", "Reward":9200, "AwardingFaction":"Huiche Nationals", "VictimFaction":"Huiche Incorporated" }
{ "timestamp":"2017-04-29T01:51:47Z", "event":"Bounty", "Target":"anaconda", "TotalReward":0, "VictimFaction":"Huiche Incorporated" }
{ "timestamp":"2017-04-29T01:51:47Z", "event":"FactionKillBond", "Reward":92000, "AwardingFaction":"Huiche Nationals", "VictimFaction":"Huiche Incorporated" }
{ "timestamp":"2017-04-29T01:52:11Z", "event":"ReceiveText", "From":"$ShipName_Military_Federation;", "From_Localised":"Federal Navy Ship", "Message":"$Military_UnderFire02;", "Message_Localised":"You picked the wrong fight today, Commander.", "Channel":"npc" }
{ "timestamp":"2017-04-29T01:52:48Z", "event":"Bounty", "Target":"eagle", "TotalReward":0, "VictimFaction":"Huiche Incorporated" }
{ "timestamp":"2017-04-29T01:52:48Z", "event":"FactionKillBond", "Reward":9200, "AwardingFaction":"Huiche Nationals", "VictimFaction":"Huiche Incorporated" }
{ "timestamp":"2017-04-29T01:53:26Z", "event":"ReceiveText", "From":"$ShipName_Military_Federation;", "From_Localised":"Federal Navy Ship", "Message":"$Military_UnderFire03;", "Message_Localised":"Time to show you what a real pilot can do... ", "Channel":"npc" }
{ "timestamp":"2017-04-29T01:56:01Z", "event":"HeatWarning" }
{ "timestamp":"2017-04-29T01:56:16Z", "event":"HeatWarning" }
{ "timestamp":"2017-04-29T01:57:25Z", "event":"HeatWarning" }
{ "timestamp":"2017-04-29T01:57:25Z", "event":"ShieldState", "ShieldsUp":false }
{ "timestamp":"2017-04-29T01:57:39Z", "event":"HullDamage", "Health":0.769878, "PlayerPilot":true, "Fighter":false }
{ "timestamp":"2017-04-29T01:58:28Z", "event":"StartJump", "JumpType":"Supercruise" }
{ "timestamp":"2017-04-29T01:58:33Z", "event":"SupercruiseEntry", "StarSystem":"Huiche" }
{ "timestamp":"2017-04-29T02:00:09Z", "event":"SupercruiseExit", "StarSystem":"Huiche", "Body":"Kizim Station", "BodyType":"Station" }
{ "timestamp":"2017-04-29T02:00:24Z", "event":"DockingRequested", "StationName":"Kizim Station" }
{ "timestamp":"2017-04-29T02:00:24Z", "event":"ReceiveText", "From":"Kizim Station", "Message":"$DockingChatter_Neutral;", "Message_Localised":"Ensure to observe starport protocol during your visit, pilot.", "Channel":"npc" }
{ "timestamp":"2017-04-29T02:00:26Z", "event":"ReceiveText", "From":"Kizim Station", "Message":"$STATION_docking_granted;", "Message_Localised":"Docking request granted.", "Channel":"npc" }
{ "timestamp":"2017-04-29T02:00:26Z", "event":"DockingGranted", "LandingPad":29, "StationName":"Kizim Station" }
{ "timestamp":"2017-04-29T02:00:34Z", "event":"ReceiveText", "From":"Kizim Station", "Message":"$STATION_NoFireZone_entered;", "Message_Localised":"No fire zone entered.", "Channel":"npc" }
{ "timestamp":"2017-04-29T02:01:27Z", "event":"Docked", "StationName":"Kizim Station", "StationType":"Coriolis", "StarSystem":"Huiche", "StationFaction":"Huiche Nationals", "FactionState":"CivilWar", "StationGovernment":"$government_Dictatorship;", "StationGovernment_Localised":"Dictatorship", "StationEconomy":"$economy_Industrial;", "StationEconomy_Localised":"Industrial", "DistFromStarLS":1131.519653 }
{ "timestamp":"2017-04-29T02:01:37Z", "event":"RefuelAll", "Cost":20, "Amount":0.393076 }
{ "timestamp":"2017-04-29T02:01:38Z", "event":"RepairAll", "Cost":6777 }
{ "timestamp":"2017-04-29T02:01:40Z", "event":"BuyAmmo", "Cost":1700 }
{ "timestamp":"2017-04-29T02:01:51Z", "event":"MissionCompleted", "Faction":"Huiche Nationals", "Name":"Mission_Massacre_Conflict_War_name", "MissionID":130837930, "TargetFaction":"Huiche Incorporated", "KillCount":6, "DestinationSystem":"Huiche", "DestinationStation":"Kizim Station", "Reward":139614 }
{ "timestamp":"2017-04-29T02:02:06Z", "event":"RedeemVoucher", "Type":"CombatBond", "Amount":280876, "Faction":"Huiche Nationals" }
{ "timestamp":"2017-04-29T02:14:01Z", "event":"MissionAccepted", "Faction":"Huiche Nationals", "Name":"Mission_Salvage_Planet", "Commodity":"$BootlegLiquor_Name;", "Commodity_Localised":"Bootleg Liquor", "Count":2, "DestinationSystem":"Huiche", "Expiry":"2017-05-03T12:09:57Z", "Influence":"Med", "Reputation":"High", "MissionID":130885709 }
{ "timestamp":"2017-04-29T02:14:05Z", "event":"MissionAccepted", "Faction":"Huiche Nationals", "Name":"Mission_Scan_CivilWar", "DestinationSystem":"MCC 378", "DestinationStation":"Waldrop Installation", "Expiry":"2017-05-01T06:31:42Z", "Influence":"High", "Reputation":"Med", "MissionID":130885730 }
{ "timestamp":"2017-04-29T02:14:22Z", "event":"ShipyardSwap", "ShipType":"asp", "ShipID":7, "StoreOldShip":"Vulture", "StoreShipID":3 }
{ "timestamp":"2017-04-29T02:14:23Z", "event":"Cargo", "Inventory":[  ] }
{ "timestamp":"2017-04-29T02:14:23Z", "event":"Loadout", "Ship":"Asp", "ShipID":7, "ShipName":"", "ShipIdent":"", "Modules":[ { "Slot":"SmallHardpoint1", "Item":"Hpt_PulseLaser_Fixed_Small", "On":true, "Priority":1, "AmmoInClip":1, "AmmoInHopper":1, "Health":1.000000, "Value":2200 }, { "Slot":"SmallHardpoint2", "Item":"Hpt_PulseLaser_Fixed_Small", "On":true, "Priority":1, "AmmoInClip":1, "AmmoInHopper":1, "Health":1.000000, "Value":2200 }, { "Slot":"Armour", "Item":"Asp_Armour_Grade1", "On":true, "Priority":1, "Health":1.000000, "Value":0, "EngineerBlueprint":"Armour_HeavyDuty", "EngineerLevel":1 }, { "Slot":"PowerPlant", "Item":"Int_PowerPlant_Size5_Class1", "On":true, "Priority":1, "Health":1.000000, "Value":63012, "EngineerBlueprint":"PowerPlant_Boosted", "EngineerLevel":1 }, { "Slot":"MainEngines", "Item":"Int_Engine_Size5_Class1", "On":true, "Priority":1, "Health":1.000000, "Value":63012 }, { "Slot":"FrameShiftDrive", "Item":"Int_Hyperdrive_Size5_Class5", "On":true, "Priority":0, "Health":1.000000, "Value":5103953 }, { "Slot":"LifeSupport", "Item":"Int_LifeSupport_Size4_Class1", "On":true, "Priority":1, "Health":1.000000, "Value":11349 }, { "Slot":"PowerDistributor", "Item":"Int_PowerDistributor_Size4_Class1", "On":true, "Priority":0, "Health":1.000000, "Value":11349, "EngineerBlueprint":"PowerDistributor_HighCapacity", "EngineerLevel":1 }, { "Slot":"Radar", "Item":"Int_Sensors_Size5_Class1", "On":true, "Priority":1, "Health":1.000000, "Value":31778 }, { "Slot":"FuelTank", "Item":"Int_FuelTank_Size5_Class3", "On":true, "Priority":1, "Health":1.000000, "Value":97754 }, { "Slot":"Slot01_Size6", "Item":"Int_ShieldGenerator_Size6_Class3_Fast", "On":true, "Priority":0, "Health":1.000000, "Value":2696589 }, { "Slot":"Slot02_Size5", "Item":"Int_CargoRack_Size5_Class1", "On":true, "Priority":1, "Health":1.000000, "Value":111566 }, { "Slot":"Slot03_Size3", "Item":"Int_BuggyBay_Size2_Class1", "On":true, "Priority":0, "Health":1.000000, "Value":18000 }, { "Slot":"Slot06_Size2", "Item":"Int_FuelScoop_Size1_Class4", "On":true, "Priority":0, "Health":1.000000, "Value":20568 }, { "Slot":"Slot07_Size2", "Item":"Int_StellarBodyDiscoveryScanner_Standard", "On":true, "Priority":1, "Health":1.000000, "Value":1000 }, { "Slot":"PlanetaryApproachSuite", "Item":"Int_PlanetApproachSuite", "On":true, "Priority":1, "Health":1.000000, "Value":500 }, { "Slot":"ShipCockpit", "Item":"Asp_Cockpit", "On":true, "Priority":1, "Health":1.000000, "Value":0 }, { "Slot":"CargoHatch", "Item":"ModularCargoBayDoor", "On":true, "Priority":1, "Health":1.000000, "Value":0 } ] }
{ "timestamp":"2017-04-29T02:14:32Z", "event":"Docked", "StationName":"Kizim Station", "StationType":"Coriolis", "StarSystem":"Huiche", "StationFaction":"Huiche Nationals", "FactionState":"CivilWar", "StationGovernment":"$government_Dictatorship;", "StationGovernment_Localised":"Dictatorship", "StationEconomy":"$economy_Industrial;", "StationEconomy_Localised":"Industrial", "DistFromStarLS":1131.515381 }
{ "timestamp":"2017-04-29T02:15:02Z", "event":"MissionAccepted", "Faction":"Huiche Nationals", "Name":"Mission_Scan_CivilWar", "DestinationSystem":"Huiche", "DestinationStation":"Naddoddur Observatory", "Expiry":"2017-04-30T09:23:53Z", "Influence":"High", "Reputation":"Med", "MissionID":130886026 }
{ "timestamp":"2017-04-29T02:15:05Z", "event":"MissionAccepted", "Faction":"Huiche Nationals", "Name":"Mission_Salvage_Planet", "Commodity":"$GeologicalSamples_Name;", "Commodity_Localised":"Geological Samples", "Count":2, "DestinationSystem":"LP 245-17", "Expiry":"2017-05-01T22:55:57Z", "Influence":"Med", "Reputation":"High", "MissionID":130886041 }
{ "timestamp":"2017-04-29T02:25:40Z", "event":"Undocked", "StationName":"Kizim Station", "StationType":"Coriolis" }
{ "timestamp":"2017-04-29T02:26:20Z", "event":"ReceiveText", "From":"Kizim Station", "Message":"$STATION_NoFireZone_exited;", "Message_Localised":"No fire zone left.", "Channel":"npc" }
{ "timestamp":"2017-04-29T02:27:23Z", "event":"StartJump", "JumpType":"Hyperspace", "StarSystem":"LP 245-17", "StarClass":"M" }
{ "timestamp":"2017-04-29T02:27:41Z", "event":"FSDJump", "StarSystem":"LP 245-17", "StarPos":[-46.906,-30.313,-59.438], "SystemAllegiance":"Independent", "SystemEconomy":"$economy_Refinery;", "SystemEconomy_Localised":"Refinery", "SystemGovernment":"$government_Dictatorship;", "SystemGovernment_Localised":"Dictatorship", "SystemSecurity":"$SYSTEM_SECURITY_medium;", "SystemSecurity_Localised":"Medium Security", "JumpDist":12.446, "FuelUsed":0.806792, "FuelLevel":31.193207, "Factions":[ { "Name":"Aymiay Values Party", "FactionState":"None", "Government":"Democracy", "Influence":0.112000, "Allegiance":"Federation" }, { "Name":"Future of LP 245-17", "FactionState":"None", "Government":"Democracy", "Influence":0.132000, "Allegiance":"Federation" }, { "Name":"LP 245-17 Electronics Commodities", "FactionState":"Boom", "Government":"Corporate", "Influence":0.065000, "Allegiance":"Independent" }, { "Name":"NLTT 6655 Party", "FactionState":"Boom", "Government":"Dictatorship", "Influence":0.309000, "Allegiance":"Independent" }, { "Name":"Natural 12 Persei Defence Party", "FactionState":"War", "Government":"Dictatorship", "Influence":0.145000, "Allegiance":"Independent" }, { "Name":"Traditional LP 245-17 Law Party", "FactionState":"None", "Government":"Dictatorship", "Influence":0.177000, "Allegiance":"Independent" }, { "Name":"LP 245-17 Gold Clan", "FactionState":"War", "Government":"Anarchy", "Influence":0.060000, "Allegiance":"Independent" } ], "SystemFaction":"Traditional LP 245-17 Law Party" }
{ "timestamp":"2017-04-29T02:27:56Z", "event":"FuelScoop", "Scooped":0.002795, "Total":31.196001 }
{ "timestamp":"2017-04-29T02:28:32Z", "event":"SupercruiseExit", "StarSystem":"LP 245-17", "Body":"LP 245-18", "BodyType":"Star" }
{ "timestamp":"2017-04-29T02:29:11Z", "event":"StartJump", "JumpType":"Supercruise" }
{ "timestamp":"2017-04-29T02:29:16Z", "event":"SupercruiseEntry", "StarSystem":"LP 245-17" }
{ "timestamp":"2017-04-29T02:35:19Z", "event":"SupercruiseExit", "StarSystem":"LP 245-17", "Body":"LP 245-17 A 4", "BodyType":"Planet" }
{ "timestamp":"2017-04-29T02:38:51Z", "event":"Touchdown", "PlayerControlled":true, "Latitude":4.237925, "Longitude":150.087967 }
{ "timestamp":"2017-04-29T02:38:55Z", "event":"LaunchSRV", "Loadout":"starter", "PlayerControlled":true }
{ "timestamp":"2017-04-29T02:40:14Z", "event":"CollectCargo", "Type":"geologicalsamples", "Stolen":false }
{ "timestamp":"2017-04-29T02:40:51Z", "event":"CollectCargo", "Type":"geologicalsamples", "Stolen":false }
{ "timestamp":"2017-04-29T02:41:39Z", "event":"DockSRV" }
{ "timestamp":"2017-04-29T02:41:48Z", "event":"Liftoff", "PlayerControlled":true, "Latitude":4.237925, "Longitude":150.087967 }
{ "timestamp":"2017-04-29T02:43:00Z", "event":"StartJump", "JumpType":"Hyperspace", "StarSystem":"Huiche", "StarClass":"K" }
{ "timestamp":"2017-04-29T02:43:19Z", "event":"FSDJump", "StarSystem":"Huiche", "StarPos":[-50.688,-18.594,-57.625], "SystemAllegiance":"Independent", "SystemEconomy":"$economy_Industrial;", "SystemEconomy_Localised":"Industrial", "SystemGovernment":"$government_Dictatorship;", "SystemGovernment_Localised":"Dictatorship", "SystemSecurity":"$SYSTEM_SECURITY_medium;", "SystemSecurity_Localised":"Medium Security", "JumpDist":12.446, "FuelUsed":0.811832, "FuelLevel":30.384169, "Factions":[ { "Name":"BD+55 570 Democrats", "FactionState":"Boom", "Government":"Democracy", "Influence":0.204795, "Allegiance":"Federation" }, { "Name":"Huiche Incorporated", "FactionState":"CivilWar", "Government":"Corporate", "Influence":0.148851, "Allegiance":"Federation" }, { "Name":"Nationalists of Huiche", "FactionState":"Boom", "Government":"Dictatorship", "Influence":0.070929, "Allegiance":"Independent" }, { "Name":"Huiche Blue Gang", "FactionState":"Boom", "Government":"Anarchy", "Influence":0.059940, "Allegiance":"Independent" }, { "Name":"New Ausan Defence Party", "FactionState":"Boom", "Government":"Dictatorship", "Influence":0.106893, "Allegiance":"Independent" }, { "Name":"Huiche Future", "FactionState":"None", "Government":"Democracy", "Influence":0.068931, "Allegiance":"Independent" }, { "Name":"Huiche Nationals", "FactionState":"CivilWar", "Government":"Dictatorship", "Influence":0.339660, "Allegiance":"Independent" } ], "SystemFaction":"Huiche Nationals", "FactionState":"CivilWar" }
{ "timestamp":"2017-04-29T02:44:14Z", "event":"SupercruiseExit", "StarSystem":"Huiche", "Body":"Huiche", "BodyType":"Star" }
{ "timestamp":"2017-04-29T02:44:52Z", "event":"ReceiveText", "From":"$npc_name_decorate:#name=Brokkah Narrow;", "From_Localised":"Brokkah Narrow", "Message":"$Escort_EscortJump08;", "Message_Localised":"The lead is down. No payday for me.", "Channel":"npc" }
{ "timestamp":"2017-04-29T02:44:53Z", "event":"StartJump", "JumpType":"Supercruise" }
{ "timestamp":"2017-04-29T02:44:58Z", "event":"SupercruiseEntry", "StarSystem":"Huiche" }
{ "timestamp":"2017-04-29T02:47:34Z", "event":"ReceiveText", "From":"$ShipName_Military_Independent;", "From_Localised":"System Defence Force", "Message":"$Military_StartInterdiction03;", "Message_Localised":"Submit to military inspection, Commander.", "Channel":"npc" }
{ "timestamp":"2017-04-29T02:48:02Z", "event":"EscapeInterdiction", "Interdictor":"$ShipName_Military_Independent;", "Interdictor_Localised":"System Defence Force", "IsPlayer":false }
{ "timestamp":"2017-04-29T02:50:36Z", "event":"SupercruiseExit", "StarSystem":"Huiche", "Body":"Huiche 4 b", "BodyType":"Planet" }
{ "timestamp":"2017-04-29T02:54:17Z", "event":"Touchdown", "PlayerControlled":true, "Latitude":4.458290, "Longitude":150.352280 }
{ "timestamp":"2017-04-29T02:54:22Z", "event":"LaunchSRV", "Loadout":"starter", "PlayerControlled":true }
{ "timestamp":"2017-04-29T02:55:17Z", "event":"DatalinkScan", "Message":"$DATAPOINT_GAMEPLAY_complete;", "Message_Localised":"Alert: All Data Point telemetry links established, Intel package created." }
{ "timestamp":"2017-04-29T02:55:17Z", "event":"DatalinkVoucher", "Reward":13605, "VictimFaction":"", "PayeeFaction":"Federation" }
{ "timestamp":"2017-04-29T02:56:24Z", "event":"DockSRV" }
{ "timestamp":"2017-04-29T02:56:32Z", "event":"Liftoff", "PlayerControlled":true, "Latitude":4.458290, "Longitude":150.352280 }
{ "timestamp":"2017-04-29T02:58:54Z", "event":"StartJump", "JumpType":"Supercruise" }
{ "timestamp":"2017-04-29T02:58:59Z", "event":"SupercruiseEntry", "StarSystem":"Huiche" }
{ "timestamp":"2017-04-29T03:00:04Z", "event":"ReceiveText", "From":"$npc_name_decorate:#name=Rabid Squirrel;", "From_Localised":"Rabid Squirrel", "Message":"$Pirate_StartInterdiction01;", "Message_Localised":"You're mine now, Commander. ", "Channel":"npc" }
{ "timestamp":"2017-04-29T03:00:56Z", "event":"EscapeInterdiction", "Interdictor":"Rabid Squirrel", "IsPlayer":false }
{ "timestamp":"2017-04-29T03:03:17Z", "event":"SupercruiseExit", "StarSystem":"Huiche", "Body":"Kizim Station", "BodyType":"Station" }
{ "timestamp":"2017-04-29T03:04:14Z", "event":"Scanned", "ScanType":"Cargo" }
{ "timestamp":"2017-04-29T03:04:14Z", "event":"ReceiveText", "From":"$npc_name_decorate:#name=Utopian Overseer;", "From_Localised":"Utopian Overseer", "Message":"$Generic_NoAttackGeneric02;", "Message_Localised":"Well, you were a complete waste of my time and effort.", "Channel":"npc" }
{ "timestamp":"2017-04-29T03:04:19Z", "event":"DockingRequested", "StationName":"Kizim Station" }
{ "timestamp":"2017-04-29T03:04:19Z", "event":"ReceiveText", "From":"Kizim Station", "Message":"$DockingChatter_Cordial;", "Message_Localised":"Welcome back, Commander.", "Channel":"npc" }
{ "timestamp":"2017-04-29T03:04:21Z", "event":"ReceiveText", "From":"Kizim Station", "Message":"$STATION_docking_granted;", "Message_Localised":"Docking request granted.", "Channel":"npc" }
{ "timestamp":"2017-04-29T03:04:21Z", "event":"DockingGranted", "LandingPad":26, "StationName":"Kizim Station" }
{ "timestamp":"2017-04-29T03:04:32Z", "event":"ReceiveText", "From":"Kizim Station", "Message":"$STATION_NoFireZone_entered;", "Message_Localised":"No fire zone entered.", "Channel":"npc" }
{ "timestamp":"2017-04-29T03:05:41Z", "event":"Docked", "StationName":"Kizim Station", "StationType":"Coriolis", "StarSystem":"Huiche", "StationFaction":"Huiche Nationals", "FactionState":"CivilWar", "StationGovernment":"$government_Dictatorship;", "StationGovernment_Localised":"Dictatorship", "StationEconomy":"$economy_Industrial;", "StationEconomy_Localised":"Industrial", "DistFromStarLS":1131.498779 }
{ "timestamp":"2017-04-29T03:06:37Z", "event":"MissionCompleted", "Faction":"Huiche Nationals", "Name":"Mission_Salvage_Planet_name", "MissionID":130886041, "Commodity":"$GeologicalSamples_Name;", "Commodity_Localised":"Geological Samples", "Count":2, "DestinationSystem":"LP 245-17", "Reward":191778, "CommodityReward":[ { "Name":"Nanobreakers", "Count":4 } ] }
{ "timestamp":"2017-04-29T03:06:37Z", "event":"MaterialCollected", "Category":"Manufactured", "Name":"thermicalloys", "Count":1 }
{ "timestamp":"2017-04-29T03:06:46Z", "event":"MissionCompleted", "Faction":"Huiche Nationals", "Name":"Mission_Scan_CivilWar_name", "MissionID":130886026, "DestinationSystem":"Huiche", "DestinationStation":"Naddoddur Observatory", "Reward":123216 }
{ "timestamp":"2017-04-29T03:08:41Z", "event":"ModuleSell", "Slot":"Slot01_Size6", "SellItem":"$int_shieldgenerator_size6_class3_fast_name;", "SellItem_Localised":"Bi-Weave Shield", "SellPrice":2696589, "Ship":"asp", "ShipID":7 }
{ "timestamp":"2017-04-29T03:09:11Z", "event":"ModuleBuy", "Slot":"Slot01_Size6", "BuyItem":"$int_cargorack_size6_class1_name;", "BuyItem_Localised":"Cargo Rack", "BuyPrice":362591, "Ship":"asp", "ShipID":7 }
{ "timestamp":"2017-04-29T03:09:22Z", "event":"ModuleStore", "Slot":"Slot02_Size5", "StoredItem":"$int_cargorack_size5_class1_name;", "StoredItem_Localised":"Cargo Rack", "Ship":"asp", "ShipID":7 }
{ "timestamp":"2017-04-29T03:10:15Z", "event":"ModuleBuy", "Slot":"Slot02_Size5", "BuyItem":"$int_cargorack_size5_class1_name;", "BuyItem_Localised":"Cargo Rack", "BuyPrice":111566, "Ship":"asp", "ShipID":7 }
{ "timestamp":"2017-04-29T03:10:35Z", "event":"ModuleBuy", "Slot":"Slot04_Size3", "BuyItem":"$int_shieldgenerator_size3_class5_name;", "BuyItem_Localised":"Shield Generator", "BuyPrice":507912, "Ship":"asp", "ShipID":7 }
{ "timestamp":"2017-04-29T03:11:04Z", "event":"MissionAccepted", "Faction":"Huiche Nationals", "Name":"Mission_Delivery_CivilWar", "Commodity":"$BattleWeapons_Name;", "Commodity_Localised":"Battle Weapons", "Count":42, "DestinationSystem":"Huiche", "DestinationStation":"Naddoddur Observatory", "Expiry":"2017-04-30T03:06:13Z", "Influence":"Low", "Reputation":"Low", "MissionID":130904986 }
{ "timestamp":"2017-04-29T03:11:12Z", "event":"MissionAccepted", "Faction":"Huiche Nationals", "Name":"Mission_Delivery", "Commodity":"$Scrap_Name;", "Commodity_Localised":"Scrap", "Count":18, "DestinationSystem":"Ausan", "DestinationStation":"Ziemkiewicz Settlement", "Expiry":"2017-04-30T03:06:13Z", "Influence":"Low", "Reputation":"Low", "MissionID":130905038 }
{ "timestamp":"2017-04-29T03:12:00Z", "event":"RefuelAll", "Cost":118, "Amount":2.326796 }
{ "timestamp":"2017-04-29T03:12:28Z", "event":"Undocked", "StationName":"Kizim Station", "StationType":"Coriolis" }
{ "timestamp":"2017-04-29T03:13:00Z", "event":"ReceiveText", "From":"Kizim Station", "Message":"$STATION_NoFireZone_exited;", "Message_Localised":"No fire zone left.", "Channel":"npc" }
{ "timestamp":"2017-04-29T03:13:12Z", "event":"StartJump", "JumpType":"Supercruise" }
{ "timestamp":"2017-04-29T03:13:17Z", "event":"SupercruiseEntry", "StarSystem":"Huiche" }
{ "timestamp":"2017-04-29T03:14:12Z", "event":"ApproachSettlement", "Name":"Nikitin Base" }
{ "timestamp":"2017-04-29T03:14:12Z", "event":"ApproachSettlement", "Name":"Naddoddur Observatory" }
{ "timestamp":"2017-04-29T03:14:13Z", "event":"ApproachSettlement", "Name":"Tiedemann Prospect ++" }
{ "timestamp":"2017-04-29T03:14:13Z", "event":"ApproachSettlement", "Name":"Hauck Base +" }
{ "timestamp":"2017-04-29T03:15:22Z", "event":"ApproachSettlement", "Name":"Naddoddur Observatory" }
{ "timestamp":"2017-04-29T03:15:24Z", "event":"SupercruiseExit", "StarSystem":"Huiche", "Body":"Huiche 1 b", "BodyType":"Planet" }
{ "timestamp":"2017-04-29T03:15:46Z", "event":"DockingRequested", "StationName":"Naddoddur Observatory" }
{ "timestamp":"2017-04-29T03:15:46Z", "event":"ReceiveText", "From":"Naddoddur Observatory", "Message":"$DockingChatter_Cordial;", "Message_Localised":"Welcome back, Commander.", "Channel":"npc" }
{ "timestamp":"2017-04-29T03:15:48Z", "event":"ReceiveText", "From":"Naddoddur Observatory", "Message":"$STATION_docking_granted;", "Message_Localised":"Docking request granted.", "Channel":"npc" }
{ "timestamp":"2017-04-29T03:15:48Z", "event":"DockingGranted", "LandingPad":5, "StationName":"Naddoddur Observatory" }
{ "timestamp":"2017-04-29T03:15:55Z", "event":"ReceiveText", "From":"Naddoddur Observatory", "Message":"$STATION_NoFireZone_entered;", "Message_Localised":"No fire zone entered.", "Channel":"npc" }
{ "timestamp":"2017-04-29T03:16:02Z", "event":"ReceiveText", "From":"$ShipName_Police_Independent;", "From_Localised":"System Authority Vessel", "Message":"$Police_StartPatrol04;", "Message_Localised":"I'm away, heading to patrol route alpha now.", "Channel":"npc" }
{ "timestamp":"2017-04-29T03:16:33Z", "event":"Docked", "StationName":"Naddoddur Observatory", "StationType":"SurfaceStation", "StarSystem":"Huiche", "StationFaction":"Huiche Nationals", "FactionState":"CivilWar", "StationGovernment":"$government_Dictatorship;", "StationGovernment_Localised":"Dictatorship", "StationEconomy":"$economy_Colony;", "StationEconomy_Localised":"Colony", "DistFromStarLS":1087.895020 }
{ "timestamp":"2017-04-29T03:17:27Z", "event":"MissionCompleted", "Faction":"Huiche Nationals", "Name":"Mission_Delivery_CivilWar_name", "MissionID":130904986, "Commodity":"$BattleWeapons_Name;", "Commodity_Localised":"Battle Weapons", "Count":42, "DestinationSystem":"Huiche", "DestinationStation":"Naddoddur Observatory", "Reward":441346, "CommodityReward":[ { "Name":"Nanobreakers", "Count":4 } ] }
{ "timestamp":"2017-04-29T03:17:39Z", "event":"MissionAccepted", "Faction":"Huiche Nationals", "Name":"Mission_Rescue_Planet", "Commodity":"$OccupiedCryoPod_Name;", "Commodity_Localised":"Occupied Escape Pod", "Count":2, "DestinationSystem":"Njunmin", "Expiry":"2017-05-02T18:24:59Z", "Influence":"Med", "Reputation":"High", "MissionID":130907337 }
{ "timestamp":"2017-04-29T03:17:47Z", "event":"MissionAccepted", "Faction":"Huiche Nationals", "Name":"MISSION_Salvage_CivilWar", "Commodity":"$USSCargoRebelTransmissions_Name;", "Commodity_Localised":"Rebel Transmissions", "Count":2, "DestinationSystem":"Ququve", "DestinationStation":"Smirnova Relay", "Expiry":"2017-05-01T10:24:16Z", "Influence":"Med", "Reputation":"Low", "MissionID":130907374 }
{ "timestamp":"2017-04-29T03:17:49Z", "event":"MissionAccepted", "Faction":"Huiche Nationals", "Name":"MISSION_Salvage_CivilWar", "Commodity":"$USSCargoRebelTransmissions_Name;", "Commodity_Localised":"Rebel Transmissions", "Count":2, "DestinationSystem":"Zelada", "DestinationStation":"Port Zelada", "Expiry":"2017-05-02T21:31:41Z", "Influence":"Med", "Reputation":"Low", "MissionID":130907395 }
{ "timestamp":"2017-04-29T03:17:50Z", "event":"MissionAccepted", "Faction":"Huiche Nationals", "Name":"MISSION_Salvage_CivilWar", "Commodity":"$USSCargoRebelTransmissions_Name;", "Commodity_Localised":"Rebel Transmissions", "Count":2, "DestinationSystem":"Ququve", "DestinationStation":"Smirnova Relay", "Expiry":"2017-04-29T18:18:34Z", "Influence":"Med", "Reputation":"Low", "MissionID":130907403 }
{ "timestamp":"2017-04-29T03:19:19Z", "event":"ReceiveText", "From":"$ShipName_Police_Independent;", "From_Localised":"System Authority Vessel", "Message":"$Police_StartPatrol05;", "Message_Localised":"I'm heading out, Control. Hearing that rattle again, I'll see if I can lock it down.", "Channel":"npc" }
{ "timestamp":"2017-04-29T03:19:31Z", "event":"Undocked", "StationName":"Naddoddur Observatory", "StationType":"SurfaceStation" }
{ "timestamp":"2017-04-29T03:19:48Z", "event":"ReceiveText", "From":"Naddoddur Observatory", "Message":"$STATION_NoFireZone_exited;", "Message_Localised":"No fire zone left.", "Channel":"npc" }
{ "timestamp":"2017-04-29T03:20:38Z", "event":"StartJump", "JumpType":"Hyperspace", "StarSystem":"Ausan", "StarClass":"K" }
{ "timestamp":"2017-04-29T03:20:56Z", "event":"FSDJump", "StarSystem":"Ausan", "StarPos":[-49.500,-12.094,-69.406], "SystemAllegiance":"Independent", "SystemEconomy":"$economy_Refinery;", "SystemEconomy_Localised":"Refinery", "SystemGovernment":"$government_Dictatorship;", "SystemGovernment_Localised":"Dictatorship", "SystemSecurity":"$SYSTEM_SECURITY_medium;", "SystemSecurity_Localised":"Medium Security", "JumpDist":13.508, "FuelUsed":0.940285, "FuelLevel":31.059715, "Factions":[ { "Name":"Liberals of Jurua", "FactionState":"Boom", "Government":"Democracy", "Influence":0.051000, "Allegiance":"Federation" }, { "Name":"Ausan Left Party", "FactionState":"None", "Government":"Communism", "Influence":0.022000, "Allegiance":"Independent" }, { "Name":"Revolutionary Sisii Alliance", "FactionState":"Boom", "Government":"Confederacy", "Influence":0.032000, "Allegiance":"Federation" }, { "Name":"Ausan State Limited", "FactionState":"None", "Government":"Corporate", "Influence":0.226000, "Allegiance":"Federation" }, { "Name":"New Ausan Defence Party", "FactionState":"Boom", "Government":"Dictatorship", "Influence":0.634000, "Allegiance":"Independent" }, { "Name":"Ausan Purple Society", "FactionState":"None", "Government":"Anarchy", "Influence":0.016000, "Allegiance":"Independent" }, { "Name":"Ausan Natural Exchange", "FactionState":"None", "Government":"Corporate", "Influence":0.019000, "Allegiance":"Independent" } ], "SystemFaction":"New Ausan Defence Party", "FactionState":"Boom" }
{ "timestamp":"2017-04-29T03:21:34Z", "event":"FuelScoop", "Scooped":0.654278, "Total":31.714039 }
{ "timestamp":"2017-04-29T03:22:50Z", "event":"ApproachSettlement", "Name":"Stein Reach ++" }
{ "timestamp":"2017-04-29T03:23:02Z", "event":"ReceiveText", "From":"$ShipName_PassengerLiner_Wedding;", "From_Localised":"Wedding Barge", "Message":"$ConvoyWedding_Patrol05;", "Message_Localised":"The ceremony will be starting soon! Please make sure your screens are set to the appropriate frequencies!", "Channel":"npc" }
{ "timestamp":"2017-04-29T03:23:05Z", "event":"SupercruiseExit", "StarSystem":"Ausan", "Body":"Ziemkiewicz Settlement", "BodyType":"Station" }
{ "timestamp":"2017-04-29T03:23:15Z", "event":"DockingRequested", "StationName":"Ziemkiewicz Settlement" }
{ "timestamp":"2017-04-29T03:23:15Z", "event":"ReceiveText", "From":"Ziemkiewicz Settlement", "Message":"$DockingChatter_Neutral;", "Message_Localised":"Ensure to observe starport protocol during your visit, pilot.", "Channel":"npc" }
{ "timestamp":"2017-04-29T03:23:17Z", "event":"ReceiveText", "From":"Ziemkiewicz Settlement", "Message":"$STATION_docking_granted;", "Message_Localised":"Docking request granted.", "Channel":"npc" }
{ "timestamp":"2017-04-29T03:23:17Z", "event":"DockingGranted", "LandingPad":3, "StationName":"Ziemkiewicz Settlement" }
{ "timestamp":"2017-04-29T03:23:24Z", "event":"ReceiveText", "From":"Ziemkiewicz Settlement", "Message":"$STATION_NoFireZone_entered;", "Message_Localised":"No fire zone entered.", "Channel":"npc" }
{ "timestamp":"2017-04-29T03:24:31Z", "event":"Docked", "StationName":"Ziemkiewicz Settlement", "StationType":"Outpost", "StarSystem":"Ausan", "StationFaction":"New Ausan Defence Party", "FactionState":"Boom", "StationGovernment":"$government_Dictatorship;", "StationGovernment_Localised":"Dictatorship", "StationEconomy":"$economy_Refinery;", "StationEconomy_Localised":"Refinery", "DistFromStarLS":19.822216 }
{ "timestamp":"2017-04-29T03:25:02Z", "event":"MissionCompleted", "Faction":"Ausan Left Party", "Name":"Mission_Delivery_name", "MissionID":130905038, "Commodity":"$Scrap_Name;", "Commodity_Localised":"Scrap", "Count":18, "DestinationSystem":"Ausan", "DestinationStation":"Ziemkiewicz Settlement", "Reward":140745 }
{ "timestamp":"2017-04-29T03:25:21Z", "event":"RefuelAll", "Cost":24, "Amount":0.446541 }
{ "timestamp":"2017-04-29T03:27:41Z", "event":"MarketSell", "Type":"nanobreakers", "Count":8, "SellPrice":971, "TotalSale":7768, "AvgPricePaid":0 }
