{ "timestamp":"2017-04-14T03:32:44Z", "event":"Fileheader", "part":1, "language":"English\\UK", "gameversion":"2.3", "build":"r141964/r0 " }
{ "timestamp":"2017-04-14T03:33:48Z", "event":"Cargo", "Inventory":[  ] }
{ "timestamp":"2017-04-14T03:33:48Z", "event":"Loadout", "Ship":"Asp", "ShipID":7, "ShipName":"", "ShipIdent":"", "Modules":[ { "Slot":"SmallHardpoint1", "Item":"Hpt_PulseLaser_Fixed_Small", "On":true, "Priority":1, "AmmoInClip":1, "AmmoInHopper":1, "Health":1.000000, "Value":2200 }, { "Slot":"SmallHardpoint2", "Item":"Hpt_PulseLaser_Fixed_Small", "On":true, "Priority":1, "AmmoInClip":1, "AmmoInHopper":1, "Health":1.000000, "Value":2200 }, { "Slot":"Armour", "Item":"Asp_Armour_Grade1", "On":true, "Priority":1, "Health":1.000000, "Value":0 }, { "Slot":"PowerPlant", "Item":"Int_PowerPlant_Size5_Class1", "On":true, "Priority":1, "Health":1.000000, "Value":63012 }, { "Slot":"MainEngines", "Item":"Int_Engine_Size5_Class1", "On":true, "Priority":1, "Health":1.000000, "Value":63012 }, { "Slot":"FrameShiftDrive", "Item":"Int_Hyperdrive_Size5_Class5", "On":true, "Priority":0, "Health":1.000000, "Value":5103953 }, { "Slot":"LifeSupport", "Item":"Int_LifeSupport_Size4_Class1", "On":true, "Priority":1, "Health":1.000000, "Value":11349 }, { "Slot":"PowerDistributor", "Item":"Int_PowerDistributor_Size4_Class1", "On":true, "Priority":1, "Health":1.000000, "Value":11349 }, { "Slot":"Radar", "Item":"Int_Sensors_Size5_Class1", "On":true, "Priority":1, "Health":1.000000, "Value":31778 }, { "Slot":"FuelTank", "Item":"Int_FuelTank_Size5_Class3", "On":true, "Priority":1, "Health":1.000000, "Value":97754 }, { "Slot":"Slot01_Size6", "Item":"Int_FuelScoop_Size6_Class3", "On":true, "Priority":0, "Health":1.000000, "Value":1797726 }, { "Slot":"Slot02_Size5", "Item":"Int_ShieldGenerator_Size5_Class1", "On":true, "Priority":1, "Health":1.000000, "Value":63012 }, { "Slot":"Slot03_Size3", "Item":"Int_CargoRack_Size2_Class1", "On":true, "Priority":1, "Health":1.000000, "Value":3250 }, { "Slot":"Slot04_Size3", "Item":"Int_BuggyBay_Size2_Class2", "On":true, "Priority":0, "Health":1.000000, "Value":21600 }, { "Slot":"Slot06_Size2", "Item":"Int_CargoRack_Size1_Class1", "On":true, "Priority":1, "Health":1.000000, "Value":1000 }, { "Slot":"Slot07_Size2", "Item":"Int_StellarBodyDiscoveryScanner_Standard", "On":true, "Priority":1, "Health":1.000000, "Value":1000 }, { "Slot":"PlanetaryApproachSuite", "Item":"Int_PlanetApproachSuite", "On":true, "Priority":1, "Health":1.000000, "Value":500 }, { "Slot":"ShipCockpit", "Item":"Asp_Cockpit", "On":true, "Priority":1, "Health":1.000000, "Value":0 }, { "Slot":"CargoHatch", "Item":"ModularCargoBayDoor", "On":true, "Priority":1, "Health":1.000000, "Value":0 } ] }
{ "timestamp":"2017-04-14T03:33:48Z", "event":"Materials", "Raw":[ { "Name":"iron", "Count":14 }, { "Name":"sulphur", "Count":44 }, { "Name":"phosphorus", "Count":30 }, { "Name":"manganese", "Count":12 }, { "Name":"nickel", "Count":13 }, { "Name":"carbon", "Count":36 }, { "Name":"cadmium", "Count":12 }, { "Name":"germanium", "Count":3 }, { "Name":"tungsten", "Count":3 }, { "Name":"arsenic", "Count":3 }, { "Name":"zinc", "Count":6 }, { "Name":"selenium", "Count":12 }, { "Name":"vanadium", "Count":3 }, { "Name":"antimony", "Count":3 } ], "Manufactured":[ { "Name":"hybridcapacitors", "Count":1 }, { "Name":"focuscrystals", "Count":1 }, { "Name":"salvagedalloys", "Count":1 }, { "Name":"shieldemitters", "Count":5 }, { "Name":"galvanisingalloys", "Count":4 }, { "Name":"phasealloys", "Count":7 }, { "Name":"highdensitycomposites", "Count":3 }, { "Name":"compoundshielding", "Count":6 }, { "Name":"refinedfocuscrystals", "Count":2 }, { "Name":"conductivecomponents", "Count":3 }, { "Name":"heatresistantceramics", "Count":1 } ], "Encoded":[ { "Name":"shieldcyclerecordings", "Count":20 }, { "Name":"emissiondata", "Count":25 }, { "Name":"encodedscandata", "Count":2 }, { "Name":"decodedemissiondata", "Count":96 }, { "Name":"shieldsoakanalysis", "Count":12 }, { "Name":"scandatabanks", "Count":27 }, { "Name":"bulkscandata", "Count":4 }, { "Name":"archivedemissiondata", "Count":2 }, { "Name":"shielddensityreports", "Count":30 }, { "Name":"shieldpatternanalysis", "Count":84 }, { "Name":"compactemissionsdata", "Count":5 }, { "Name":"shieldfrequencydata", "Count":3 }, { "Name":"consumerfirmware", "Count":1 }, { "Name":"hyperspacetrajectories", "Count":1 }, { "Name":"scrambledemissiondata", "Count":1 }, { "Name":"scanarchives", "Count":13 }, { "Name":"classifiedscandata", "Count":4 } ] }
{ "timestamp":"2017-04-14T03:33:48Z", "event":"LoadGame", "Commander":"Kith000", "Ship":"Asp", "ShipID":7, "ShipName":"", "ShipIdent":"", "FuelLevel":32.000000, "FuelCapacity":32.000000, "GameMode":"Group", "Group":"MOBIUS PVE", "Credits":44259634, "Loan":0 }
{ "timestamp":"2017-04-14T03:33:48Z", "event":"Rank", "Combat":5, "Trade":4, "Explore":2, "Empire":0, "Federation":2, "CQC":0 }
{ "timestamp":"2017-04-14T03:33:48Z", "event":"Progress", "Combat":11, "Trade":57, "Explore":16, "Empire":100, "Federation":83, "CQC":40 }
{ "timestamp":"2017-04-14T03:34:02Z", "event":"Location", "Docked":true, "StationName":"Obsidian Orbital", "StationType":"Bernal", "StarSystem":"Maia", "StarPos":[-81.781,-149.438,-343.375], "SystemAllegiance":"Independent", "SystemEconomy":"$economy_Refinery;", "SystemEconomy_Localised":"Refinery", "SystemGovernment":"$government_Anarchy;", "SystemGovernment_Localised":"Anarchy", "SystemSecurity":"$GAlAXY_MAP_INFO_state_anarchy;", "SystemSecurity_Localised":"Anarchy", "Body":"Obsidian Orbital", "BodyType":"Station", "Factions":[ { "Name":"Professor Palin", "FactionState":"None", "Government":"Engineer", "Influence":0.023460, "Allegiance":"Independent" }, { "Name":"The Ant Hill Mob", "FactionState":"None", "Government":"Anarchy", "Influence":0.258065, "Allegiance":"Independent" }, { "Name":"Pleiades Resource Enterprise", "FactionState":"None", "Government":"Corporate", "Influence":0.108504, "Allegiance":"Federation" }, { "Name":"Cooper Research Associates", "FactionState":"Expansion", "Government":"Democracy", "Influence":0.214076, "Allegiance":"Alliance" }, { "Name":"Merope Expeditionary Fleet", "FactionState":"Retreat", "Government":"Patronage", "Influence":0.103617, "Allegiance":"Empire" }, { "Name":"Ryder Revolutionary Party", "FactionState":"Boom", "Government":"Communism", "Influence":0.076246, "Allegiance":"Independent" }, { "Name":"Nebula Goat Appreciation Society", "FactionState":"Election", "Government":"Democracy", "Influence":0.070381, "Allegiance":"Independent" }, { "Name":"The Pioneer's Cooperative", "FactionState":"Election", "Government":"Cooperative", "Influence":0.079179, "Allegiance":"Independent" }, { "Name":"Hagglebeard's Heroes", "FactionState":"None", "Government":"Cooperative", "Influence":0.066471, "Allegiance":"Independent" } ], "SystemFaction":"The Ant Hill Mob" }
{ "timestamp":"2017-04-14T03:34:03Z", "event":"Docked", "StationName":"Obsidian Orbital", "StationType":"Bernal", "StarSystem":"Maia", "StationFaction":"The Ant Hill Mob", "StationGovernment":"$government_Anarchy;", "StationGovernment_Localised":"Anarchy", "StationEconomy":"$economy_HighTech;", "StationEconomy_Localised":"High Tech", "DistFromStarLS":635.942871 }
{ "timestamp":"2017-04-14T03:40:52Z", "event":"Undocked", "StationName":"Obsidian Orbital", "StationType":"Bernal" }
{ "timestamp":"2017-04-14T03:41:38Z", "event":"ReceiveText", "From":"Obsidian Orbital", "Message":"$STATION_NoFireZone_exited;", "Message_Localised":"No fire zone left.", "Channel":"npc" }
{ "timestamp":"2017-04-14T03:42:59Z", "event":"StartJump", "JumpType":"Hyperspace", "StarSystem":"Pleiades Sector NI-S b4-1", "StarClass":"M" }
{ "timestamp":"2017-04-14T03:43:18Z", "event":"FSDJump", "StarSystem":"Pleiades Sector NI-S b4-1", "StarPos":[-65.469,-131.813,-333.750], "SystemAllegiance":"", "SystemEconomy":"$economy_None;", "SystemEconomy_Localised":"None", "SystemGovernment":"$government_None;", "SystemGovernment_Localised":"None", "SystemSecurity":"$SYSTEM_SECURITY_low;", "SystemSecurity_Localised":"Low Security", "JumpDist":25.872, "FuelUsed":4.215063, "FuelLevel":27.784937 }
{ "timestamp":"2017-04-14T03:43:37Z", "event":"FuelScoop", "Scooped":3.408355, "Total":31.193277 }
{ "timestamp":"2017-04-14T03:44:01Z", "event":"StartJump", "JumpType":"Hyperspace", "StarSystem":"Pleiades Sector QT-Q b5-3", "StarClass":"M" }
{ "timestamp":"2017-04-14T03:44:19Z", "event":"FSDJump", "StarSystem":"Pleiades Sector QT-Q b5-3", "StarPos":[-60.344,-119.969,-311.094], "SystemAllegiance":"", "SystemEconomy":"$economy_None;", "SystemEconomy_Localised":"None", "SystemGovernment":"$government_None;", "SystemGovernment_Localised":"None", "SystemSecurity":"$SYSTEM_SECURITY_low;", "SystemSecurity_Localised":"Low Security", "JumpDist":26.074, "FuelUsed":4.276659, "FuelLevel":26.916618 }
{ "timestamp":"2017-04-14T03:45:14Z", "event":"FuelScoop", "Scooped":5.015658, "Total":31.932278 }
{ "timestamp":"2017-04-14T03:45:14Z", "event":"FuelScoop", "Scooped":0.067722, "Total":32.000000 }
{ "timestamp":"2017-04-14T03:45:21Z", "event":"HeatWarning" }
{ "timestamp":"2017-04-14T03:45:30Z", "event":"StartJump", "JumpType":"Hyperspace", "StarSystem":"Pleiades Sector VZ-O b6-1", "StarClass":"M" }
{ "timestamp":"2017-04-14T03:45:48Z", "event":"FSDJump", "StarSystem":"Pleiades Sector VZ-O b6-1", "StarPos":[-36.250,-115.219,-300.313], "SystemAllegiance":"", "SystemEconomy":"$economy_None;", "SystemEconomy_Localised":"None", "SystemGovernment":"$government_None;", "SystemGovernment_Localised":"None", "SystemSecurity":"$SYSTEM_SECURITY_low;", "SystemSecurity_Localised":"Low Security", "JumpDist":26.820, "FuelUsed":4.603038, "FuelLevel":27.396961 }
{ "timestamp":"2017-04-14T03:46:27Z", "event":"FuelScoop", "Scooped":4.603041, "Total":32.000000 }
{ "timestamp":"2017-04-14T03:46:38Z", "event":"HeatWarning" }
{ "timestamp":"2017-04-14T03:46:48Z", "event":"StartJump", "JumpType":"Hyperspace", "StarSystem":"Pleiades Sector YK-N b7-0", "StarClass":"M" }
{ "timestamp":"2017-04-14T03:47:07Z", "event":"FSDJump", "StarSystem":"Pleiades Sector YK-N b7-0", "StarPos":[-22.219,-102.313,-280.625], "SystemAllegiance":"", "SystemEconomy":"$economy_None;", "SystemEconomy_Localised":"None", "SystemGovernment":"$government_None;", "SystemGovernment_Localised":"None", "SystemSecurity":"$SYSTEM_SECURITY_low;", "SystemSecurity_Localised":"Low Security", "JumpDist":27.405, "FuelUsed":4.853361, "FuelLevel":27.146639 }
{ "timestamp":"2017-04-14T03:47:07Z", "event":"HeatWarning" }
{ "timestamp":"2017-04-14T03:47:23Z", "event":"FuelScoop", "Scooped":3.857969, "Total":31.004612 }
{ "timestamp":"2017-04-14T03:47:55Z", "event":"StartJump", "JumpType":"Hyperspace", "StarSystem":"Hyades Sector BQ-Y d77", "StarClass":"G" }
{ "timestamp":"2017-04-14T03:48:13Z", "event":"FSDJump", "StarSystem":"Hyades Sector BQ-Y d77", "StarPos":[-12.375,-86.625,-260.375], "SystemAllegiance":"", "SystemEconomy":"$economy_None;", "SystemEconomy_Localised":"None", "SystemGovernment":"$government_None;", "SystemGovernment_Localised":"None", "SystemSecurity":"$SYSTEM_SECURITY_low;", "SystemSecurity_Localised":"Low Security", "JumpDist":27.442, "FuelUsed":4.842274, "FuelLevel":26.162338 }
{ "timestamp":"2017-04-14T03:48:37Z", "event":"HeatWarning" }
{ "timestamp":"2017-04-14T03:48:39Z", "event":"FuelScoop", "Scooped":5.002842, "Total":31.165159 }
{ "timestamp":"2017-04-14T03:48:40Z", "event":"FuelScoop", "Scooped":0.051440, "Total":31.216602 }
{ "timestamp":"2017-04-14T03:48:46Z", "event":"StartJump", "JumpType":"Hyperspace", "StarSystem":"Hyades Sector DQ-X b1-1", "StarClass":"M" }
{ "timestamp":"2017-04-14T03:49:05Z", "event":"FSDJump", "StarSystem":"Hyades Sector DQ-X b1-1", "StarPos":[-3.750,-72.500,-238.781], "SystemAllegiance":"", "SystemEconomy":"$economy_None;", "SystemEconomy_Localised":"None", "SystemGovernment":"$government_None;", "SystemGovernment_Localised":"None", "SystemSecurity":"$SYSTEM_SECURITY_low;", "SystemSecurity_Localised":"Low Security", "JumpDist":27.207, "FuelUsed":4.689908, "FuelLevel":26.526695 }
{ "timestamp":"2017-04-14T03:49:05Z", "event":"HeatWarning" }
{ "timestamp":"2017-04-14T03:49:23Z", "event":"FuelScoop", "Scooped":1.160669, "Total":27.687374 }
{ "timestamp":"2017-04-14T03:49:45Z", "event":"FuelScoop", "Scooped":1.819309, "Total":29.506712 }
{ "timestamp":"2017-04-14T03:49:59Z", "event":"StartJump", "JumpType":"Hyperspace", "StarSystem":"Hyades Sector IW-V b2-2", "StarClass":"M" }
{ "timestamp":"2017-04-14T03:50:18Z", "event":"FSDJump", "StarSystem":"Hyades Sector IW-V b2-2", "StarPos":[19.313,-72.094,-224.688], "SystemAllegiance":"", "SystemEconomy":"$economy_None;", "SystemEconomy_Localised":"None", "SystemGovernment":"$government_None;", "SystemGovernment_Localised":"None", "SystemSecurity":"$SYSTEM_SECURITY_low;", "SystemSecurity_Localised":"Low Security", "JumpDist":27.031, "FuelUsed":4.625551, "FuelLevel":24.881161 }
{ "timestamp":"2017-04-14T03:50:30Z", "event":"FuelScoop", "Scooped":1.218527, "Total":26.099691 }
{ "timestamp":"2017-04-14T03:50:50Z", "event":"StartJump", "JumpType":"Hyperspace", "StarSystem":"Hyades Sector MC-U b3-4", "StarClass":"M" }
{ "timestamp":"2017-04-14T03:51:09Z", "event":"FSDJump", "StarSystem":"Hyades Sector MC-U b3-4", "StarPos":[23.781,-73.219,-198.125], "SystemAllegiance":"", "SystemEconomy":"$economy_None;", "SystemEconomy_Localised":"None", "SystemGovernment":"$government_None;", "SystemGovernment_Localised":"None", "SystemSecurity":"$SYSTEM_SECURITY_low;", "SystemSecurity_Localised":"Low Security", "JumpDist":26.959, "FuelUsed":4.511859, "FuelLevel":21.587833 }
{ "timestamp":"2017-04-14T03:51:37Z", "event":"FuelScoop", "Scooped":5.007712, "Total":26.595545 }
{ "timestamp":"2017-04-14T03:51:51Z", "event":"FuelScoop", "Scooped":5.005069, "Total":31.600609 }
{ "timestamp":"2017-04-14T03:51:52Z", "event":"FuelScoop", "Scooped":0.399395, "Total":32.000000 }
{ "timestamp":"2017-04-14T03:53:23Z", "event":"FuelScoop", "Scooped":0.629996, "Total":32.000000 }
{ "timestamp":"2017-04-14T03:53:30Z", "event":"HeatWarning" }
{ "timestamp":"2017-04-14T03:53:40Z", "event":"StartJump", "JumpType":"Hyperspace", "StarSystem":"Hyades Sector ON-S b4-5", "StarClass":"M" }
{ "timestamp":"2017-04-14T03:53:58Z", "event":"FSDJump", "StarSystem":"Hyades Sector ON-S b4-5", "StarPos":[29.688,-53.625,-180.469], "SystemAllegiance":"", "SystemEconomy":"$economy_None;", "SystemEconomy_Localised":"None", "SystemGovernment":"$government_None;", "SystemGovernment_Localised":"None", "SystemSecurity":"$SYSTEM_SECURITY_low;", "SystemSecurity_Localised":"Low Security", "JumpDist":27.029, "FuelUsed":4.691455, "FuelLevel":27.308544 }
{ "timestamp":"2017-04-14T03:53:59Z", "event":"HeatWarning" }
{ "timestamp":"2017-04-14T03:54:13Z", "event":"FuelScoop", "Scooped":1.341931, "Total":28.650480 }
{ "timestamp":"2017-04-14T03:54:33Z", "event":"StartJump", "JumpType":"Hyperspace", "StarSystem":"Hyades Sector TT-Q b5-5", "StarClass":"M" }
{ "timestamp":"2017-04-14T03:54:51Z", "event":"FSDJump", "StarSystem":"Hyades Sector TT-Q b5-5", "StarPos":[42.281,-45.625,-157.813], "SystemAllegiance":"Independent", "SystemEconomy":"$economy_Military;", "SystemEconomy_Localised":"Military", "SystemGovernment":"$government_Corporate;", "SystemGovernment_Localised":"Corporate", "SystemSecurity":"$SYSTEM_SECURITY_low;", "SystemSecurity_Localised":"Low Security", "JumpDist":27.128, "FuelUsed":4.646319, "FuelLevel":24.004162, "Factions":[ { "Name":"HIP 24177 Boys", "FactionState":"War", "Government":"Anarchy", "Influence":0.068068, "Allegiance":"Independent" }, { "Name":"Coalition of Djagana", "FactionState":"War", "Government":"Confederacy", "Influence":0.068068, "Allegiance":"Independent" }, { "Name":"Chemaya Dynamic Co", "FactionState":"None", "Government":"Corporate", "Influence":0.863864, "Allegiance":"Independent" } ], "SystemFaction":"Chemaya Dynamic Co" }
{ "timestamp":"2017-04-14T03:55:21Z", "event":"StartJump", "JumpType":"Hyperspace", "StarSystem":"Hyades Sector PO-E a13-0", "StarClass":"TTS" }
{ "timestamp":"2017-04-14T03:55:39Z", "event":"FSDJump", "StarSystem":"Hyades Sector PO-E a13-0", "StarPos":[54.188,-33.781,-136.656], "SystemAllegiance":"", "SystemEconomy":"$economy_None;", "SystemEconomy_Localised":"None", "SystemGovernment":"$government_None;", "SystemGovernment_Localised":"None", "SystemSecurity":"$SYSTEM_SECURITY_low;", "SystemSecurity_Localised":"Low Security", "JumpDist":27.011, "FuelUsed":4.480362, "FuelLevel":19.523800 }
{ "timestamp":"2017-04-14T03:56:14Z", "event":"StartJump", "JumpType":"Hyperspace", "StarSystem":"Trianguli Sector XO-Z a0", "StarClass":"L" }
{ "timestamp":"2017-04-14T03:56:33Z", "event":"FSDJump", "StarSystem":"Trianguli Sector XO-Z a0", "StarPos":[75.344,-33.969,-119.469], "SystemAllegiance":"", "SystemEconomy":"$economy_None;", "SystemEconomy_Localised":"None", "SystemGovernment":"$government_None;", "SystemGovernment_Localised":"None", "SystemSecurity":"$SYSTEM_SECURITY_low;", "SystemSecurity_Localised":"Low Security", "JumpDist":27.259, "FuelUsed":4.466974, "FuelLevel":15.056826 }
{ "timestamp":"2017-04-14T03:57:22Z", "event":"StartJump", "JumpType":"Hyperspace", "StarSystem":"Trianguli Sector CQ-Y c14", "StarClass":"K" }
{ "timestamp":"2017-04-14T03:57:40Z", "event":"FSDJump", "StarSystem":"Trianguli Sector CQ-Y c14", "StarPos":[87.625,-23.875,-98.438], "SystemAllegiance":"", "SystemEconomy":"$economy_None;", "SystemEconomy_Localised":"None", "SystemGovernment":"$government_None;", "SystemGovernment_Localised":"None", "SystemSecurity":"$SYSTEM_SECURITY_low;", "SystemSecurity_Localised":"Low Security", "JumpDist":26.363, "FuelUsed":4.012444, "FuelLevel":11.044382 }
{ "timestamp":"2017-04-14T03:58:06Z", "event":"FuelScoop", "Scooped":5.008162, "Total":16.052549 }
{ "timestamp":"2017-04-14T03:58:21Z", "event":"FuelScoop", "Scooped":5.000122, "Total":21.052652 }
{ "timestamp":"2017-04-14T03:58:36Z", "event":"FuelScoop", "Scooped":5.000836, "Total":26.053476 }
{ "timestamp":"2017-04-14T03:58:51Z", "event":"FuelScoop", "Scooped":5.002586, "Total":31.056070 }
{ "timestamp":"2017-04-14T03:58:54Z", "event":"FuelScoop", "Scooped":0.943925, "Total":32.000000 }
{ "timestamp":"2017-04-14T03:59:03Z", "event":"HeatWarning" }
{ "timestamp":"2017-04-14T03:59:14Z", "event":"StartJump", "JumpType":"Hyperspace", "StarSystem":"Trianguli Sector JM-V b2-0", "StarClass":"M" }
{ "timestamp":"2017-04-14T03:59:33Z", "event":"FSDJump", "StarSystem":"Trianguli Sector JM-V b2-0", "StarPos":[100.938,-20.250,-79.188], "SystemAllegiance":"", "SystemEconomy":"$economy_None;", "SystemEconomy_Localised":"None", "SystemGovernment":"$government_None;", "SystemGovernment_Localised":"None", "SystemSecurity":"$SYSTEM_SECURITY_low;", "SystemSecurity_Localised":"Low Security", "JumpDist":23.684, "FuelUsed":3.394414, "FuelLevel":28.605587 }
{ "timestamp":"2017-04-14T03:59:33Z", "event":"HeatWarning" }
{ "timestamp":"2017-04-14T03:59:43Z", "event":"FuelScoop", "Scooped":0.543061, "Total":29.148649 }
{ "timestamp":"2017-04-14T04:00:05Z", "event":"StartJump", "JumpType":"Hyperspace", "StarSystem":"Col 285 Sector GB-C b14-6", "StarClass":"M" }
{ "timestamp":"2017-04-14T04:00:24Z", "event":"FSDJump", "StarSystem":"Col 285 Sector GB-C b14-6", "StarPos":[114.250,-9.438,-63.969], "SystemAllegiance":"", "SystemEconomy":"$economy_None;", "SystemEconomy_Localised":"None", "SystemGovernment":"$government_None;", "SystemGovernment_Localised":"None", "SystemSecurity":"$SYSTEM_SECURITY_low;", "SystemSecurity_Localised":"Low Security", "JumpDist":22.929, "FuelUsed":3.086214, "FuelLevel":26.062435 }
{ "timestamp":"2017-04-14T04:00:43Z", "event":"FuelScoop", "Scooped":1.512784, "Total":27.575209 }
{ "timestamp":"2017-04-14T04:01:04Z", "event":"StartJump", "JumpType":"Hyperspace", "StarSystem":"Deciat", "StarClass":"K" }
{ "timestamp":"2017-04-14T04:01:23Z", "event":"FSDJump", "StarSystem":"Deciat", "StarPos":[122.625,-0.813,-47.281], "SystemAllegiance":"Federation", "SystemEconomy":"$economy_Industrial;", "SystemEconomy_Localised":"Industrial", "SystemGovernment":"$government_Democracy;", "SystemGovernment_Localised":"Democracy", "SystemSecurity":"$SYSTEM_SECURITY_high;", "SystemSecurity_Localised":"High Security", "JumpDist":20.567, "FuelUsed":2.343812, "FuelLevel":25.231396, "Factions":[ { "Name":"Felicity Farseer", "FactionState":"None", "Government":"Engineer", "Influence":0.019627, "Allegiance":"Federation" }, { "Name":"Independent Deciat Green Party", "FactionState":"Boom", "Government":"Democracy", "Influence":0.713445, "Allegiance":"Federation" }, { "Name":"Kremata Incorporated", "FactionState":"Boom", "Government":"Corporate", "Influence":0.081452, "Allegiance":"Federation" }, { "Name":"Windri & Co", "FactionState":"None", "Government":"Corporate", "Influence":0.061825, "Allegiance":"Federation" }, { "Name":"Deciat Flag", "FactionState":"Boom", "Government":"Dictatorship", "Influence":0.067713, "Allegiance":"Independent" }, { "Name":"Deciat Corp.", "FactionState":"Boom", "Government":"Corporate", "Influence":0.040236, "Allegiance":"Independent" }, { "Name":"Deciat Blue Dragons", "FactionState":"Boom", "Government":"Anarchy", "Influence":0.015702, "Allegiance":"Independent" } ], "SystemFaction":"Independent Deciat Green Party", "FactionState":"Boom" }
{ "timestamp":"2017-04-14T04:03:32Z", "event":"SupercruiseExit", "StarSystem":"Deciat", "Body":"Garay Terminal", "BodyType":"Station" }
{ "timestamp":"2017-04-14T04:03:40Z", "event":"ReceiveText", "From":"Garay Terminal", "Message":"$DockingFailed_Distance:#distance=7500;", "Message_Localised":"Docking request denied, please approach to 7500m", "Channel":"npc" }
{ "timestamp":"2017-04-14T04:03:40Z", "event":"DockingDenied", "Reason":"Distance", "StationName":"Garay Terminal" }
{ "timestamp":"2017-04-14T04:03:46Z", "event":"DockingRequested", "StationName":"Garay Terminal" }
{ "timestamp":"2017-04-14T04:03:46Z", "event":"ReceiveText", "From":"Garay Terminal", "Message":"$DockingChatter_Neutral;", "Message_Localised":"Ensure to observe starport protocol during your visit, pilot.", "Channel":"npc" }
{ "timestamp":"2017-04-14T04:03:48Z", "event":"ReceiveText", "From":"Garay Terminal", "Message":"$STATION_docking_granted;", "Message_Localised":"Docking request granted.", "Channel":"npc" }
{ "timestamp":"2017-04-14T04:03:48Z", "event":"DockingGranted", "LandingPad":18, "StationName":"Garay Terminal" }
{ "timestamp":"2017-04-14T04:04:04Z", "event":"ReceiveText", "From":"Garay Terminal", "Message":"$STATION_NoFireZone_entered;", "Message_Localised":"No fire zone entered.", "Channel":"npc" }
{ "timestamp":"2017-04-14T04:04:38Z", "event":"Scanned", "ScanType":"Cargo" }
{ "timestamp":"2017-04-14T04:04:38Z", "event":"ReceiveText", "From":"$ShipName_Police_Federation;", "From_Localised":"Federal Security Service", "Message":"$Police_ThankYouPassedStopAndSearch01;", "Message_Localised":"Thank you for your cooperation, Commander.", "Channel":"npc" }
{ "timestamp":"2017-04-14T04:05:32Z", "event":"Docked", "StationName":"Garay Terminal", "StationType":"Coriolis", "StarSystem":"Deciat", "StationFaction":"Independent Deciat Green Party", "FactionState":"Boom", "StationGovernment":"$government_Democracy;", "StationGovernment_Localised":"Democracy", "StationAllegiance":"Federation", "StationEconomy":"$economy_Industrial;", "StationEconomy_Localised":"Industrial", "DistFromStarLS":62.482529 }
{ "timestamp":"2017-04-14T04:07:06Z", "event":"ShipyardSwap", "ShipType":"vulture", "ShipID":3, "StoreOldShip":"Asp", "StoreShipID":7 }
{ "timestamp":"2017-04-14T04:07:07Z", "event":"Cargo", "Inventory":[  ] }
{ "timestamp":"2017-04-14T04:07:07Z", "event":"Loadout", "Ship":"Vulture", "ShipID":3, "ShipName":"", "ShipIdent":"", "Modules":[ { "Slot":"LargeHardpoint1", "Item":"Hpt_PulseLaser_Fixed_Large", "On":true, "Priority":0, "AmmoInClip":1, "AmmoInHopper":1, "Health":1.000000, "Value":70400 }, { "Slot":"LargeHardpoint2", "Item":"Hpt_PulseLaser_Fixed_Large", "On":true, "Priority":0, "AmmoInClip":1, "AmmoInHopper":1, "Health":1.000000, "Value":70400 }, { "Slot":"TinyHardpoint2", "Item":"Hpt_ShieldBooster_Size0_Class5", "On":true, "Priority":0, "Health":1.000000, "Value":281000 }, { "Slot":"TinyHardpoint3", "Item":"Hpt_ChaffLauncher_Tiny", "On":true, "Priority":0, "AmmoInClip":1, "AmmoInHopper":10, "Health":1.000000, "Value":8500 }, { "Slot":"TinyHardpoint4", "Item":"Hpt_ShieldBooster_Size0_Class5", "On":true, "Priority":0, "Health":1.000000, "Value":281000 }, { "Slot":"Armour", "Item":"Vulture_Armour_Grade1", "On":true, "Priority":1, "Health":1.000000, "Value":0 }, { "Slot":"PaintJob", "Item":"PaintJob_Vulture_Tactical_White", "On":true, "Priority":1, "Health":1.000000, "Value":0 }, { "Slot":"PowerPlant", "Item":"Int_Powerplant_Size4_Class5", "On":true, "Priority":1, "Health":1.000000, "Value":1610080 }, { "Slot":"MainEngines", "Item":"Int_Engine_Size5_Class5", "On":true, "Priority":0, "Health":1.000000, "Value":5103953 }, { "Slot":"FrameShiftDrive", "Item":"Int_Hyperdrive_Size4_Class5", "On":true, "Priority":3, "Health":1.000000, "Value":1610080 }, { "Slot":"LifeSupport", "Item":"Int_LifeSupport_Size3_Class1", "On":true, "Priority":0, "Health":1.000000, "Value":4053 }, { "Slot":"PowerDistributor", "Item":"Int_PowerDistributor_Size5_Class5", "On":true, "Priority":0, "Health":1.000000, "Value":1241317, "EngineerBlueprint":"PowerDistributor_HighFrequency", "EngineerLevel":1 }, { "Slot":"Radar", "Item":"Int_Sensors_Size4_Class5", "On":true, "Priority":1, "Health":1.000000, "Value":443328 }, { "Slot":"FuelTank", "Item":"Int_FuelTank_Size3_Class3", "On":true, "Priority":1, "Health":1.000000, "Value":7063 }, { "Slot":"Slot01_Size5", "Item":"Int_ShieldGenerator_Size5_Class3_Fast", "On":true, "Priority":0, "Health":1.000000, "Value":850659 }, { "Slot":"Slot02_Size4", "Item":"Int_HullReinforcement_Size4_Class2", "On":true, "Priority":1, "Health":1.000000, "Value":195000 }, { "Slot":"Slot03_Size2", "Item":"Int_HullReinforcement_Size1_Class2", "On":true, "Priority":1, "Health":1.000000, "Value":15000 }, { "Slot":"Slot05_Size1", "Item":"Int_FuelScoop_Size1_Class4", "On":true, "Priority":0, "Health":1.000000, "Value":20568 }, { "Slot":"Slot06_Size1", "Item":"Int_StellarBodyDiscoveryScanner_Standard", "On":true, "Priority":1, "Health":1.000000, "Value":1000 }, { "Slot":"PlanetaryApproachSuite", "Item":"Int_PlanetApproachSuite", "On":true, "Priority":1, "Health":1.000000, "Value":500 }, { "Slot":"ShipKitSpoiler", "Item":"Vulture_Shipkit1_Spoiler4", "On":true, "Priority":1, "Health":1.000000, "Value":0 }, { "Slot":"ShipKitWings", "Item":"Vulture_Shipkit1_Wings2", "On":true, "Priority":1, "Health":1.000000, "Value":0 }, { "Slot":"ShipKitTail", "Item":"Vulture_Shipkit1_Tail4", "On":true, "Priority":1, "Health":1.000000, "Value":0 }, { "Slot":"ShipKitBumper", "Item":"Vulture_Shipkit1_Bumper4", "On":true, "Priority":1, "Health":1.000000, "Value":0 }, { "Slot":"Military01", "Item":"Int_HullReinforcement_Size4_Class2", "On":true, "Priority":1, "Health":1.000000, "Value":195000 }, { "Slot":"ShipCockpit", "Item":"Vulture_Cockpit", "On":true, "Priority":1, "Health":1.000000, "Value":0 }, { "Slot":"CargoHatch", "Item":"ModularCargoBayDoor", "On":true, "Priority":3, "Health":1.000000, "Value":0 } ] }
{ "timestamp":"2017-04-14T04:07:16Z", "event":"Docked", "StationName":"Garay Terminal", "StationType":"Coriolis", "StarSystem":"Deciat", "StationFaction":"Independent Deciat Green Party", "FactionState":"Boom", "StationGovernment":"$government_Democracy;", "StationGovernment_Localised":"Democracy", "StationAllegiance":"Federation", "StationEconomy":"$economy_Industrial;", "StationEconomy_Localised":"Industrial", "DistFromStarLS":62.480125 }
{ "timestamp":"2017-04-14T04:09:11Z", "event":"ReceiveText", "From":"&Ackron", "Message":"Mobius?", "Channel":"player" }
{ "timestamp":"2017-04-14T04:09:13Z", "event":"ReceiveText", "From":"&Ackron", "Message":"what do", "Channel":"player" }
{ "timestamp":"2017-04-14T04:09:15Z", "event":"ReceiveText", "From":"&Ackron", "Message":"halp", "Channel":"player" }
{ "timestamp":"2017-04-14T04:09:18Z", "event":"ReceiveText", "From":"&Ackron", "Message":"HAAAAAALP", "Channel":"player" }
{ "timestamp":"2017-04-14T04:09:27Z", "event":"ModuleBuy", "Slot":"LargeHardpoint1", "StoredItem":"$hpt_pulselaser_fixed_large_name;", "StoredItem_Localised":"Pulse Laser", "BuyItem":"$hpt_pulselaser_turret_large_name;", "BuyItem_Localised":"Pulse Laser", "BuyPrice":400400, "Ship":"vulture", "ShipID":3 }
{ "timestamp":"2017-04-14T04:09:47Z", "event":"ModuleBuy", "Slot":"LargeHardpoint2", "StoredItem":"$hpt_pulselaser_fixed_large_name;", "StoredItem_Localised":"Pulse Laser", "BuyItem":"$hpt_pulselaser_turret_large_name;", "BuyItem_Localised":"Pulse Laser", "BuyPrice":400400, "Ship":"vulture", "ShipID":3 }
{ "timestamp":"2017-04-14T04:10:34Z", "event":"SendText", "To":"Ackron", "Message":"lol" }
{ "timestamp":"2017-04-14T04:10:36Z", "event":"SendText", "To":"Ackron", "Message":"Hiiii" }
{ "timestamp":"2017-04-14T04:10:45Z", "event":"SendText", "To":"Ackron", "Message":"Look at your faceless self" }
{ "timestamp":"2017-04-14T04:10:57Z", "event":"ReceiveText", "From":"&Ackron", "Message":"how does one face lol", "Channel":"player" }
{ "timestamp":"2017-04-14T04:11:04Z", "event":"ReceiveText", "From":"&Ackron", "Message":"and hiii ", "Channel":"player" }
{ "timestamp":"2017-04-14T04:11:20Z", "event":"ReceiveText", "From":"&Ackron", "Message":"your head doesnt look as large in that icon", "Channel":"player" }
{ "timestamp":"2017-04-14T04:11:44Z", "event":"SendText", "To":"Ackron", "Message":"Yeah it looks fine now lol" }
{ "timestamp":"2017-04-14T04:11:49Z", "event":"SendText", "To":"Ackron", "Message":"It's the HoloMe function" }
{ "timestamp":"2017-04-14T04:11:54Z", "event":"SendText", "To":"Ackron", "Message":"You can see it in the right panel" }
{ "timestamp":"2017-04-14T04:12:20Z", "event":"Undocked", "StationName":"Garay Terminal", "StationType":"Coriolis" }
{ "timestamp":"2017-04-14T04:12:50Z", "event":"ReceiveText", "From":"Garay Terminal", "Message":"$STATION_NoFireZone_exited;", "Message_Localised":"No fire zone left.", "Channel":"npc" }
{ "timestamp":"2017-04-14T04:13:00Z", "event":"Scanned", "ScanType":"Cargo" }
{ "timestamp":"2017-04-14T04:13:00Z", "event":"ReceiveText", "From":"$ShipName_Police_Federation;", "From_Localised":"Federal Security Service", "Message":"$Police_ThankYouPassedStopAndSearch05;", "Message_Localised":"Scan finished. Be about your business.", "Channel":"npc" }
{ "timestamp":"2017-04-14T04:13:07Z", "event":"EndCrewSession", "OnCrime":false }
{ "timestamp":"2017-04-14T04:15:01Z", "event":"Scanned", "ScanType":"Cargo" }
{ "timestamp":"2017-04-14T04:15:01Z", "event":"ReceiveText", "From":"$npc_name_decorate:#name=Shield of Justice;", "From_Localised":"Shield of Justice", "Message":"$Generic_NoAttackGeneric01;", "Message_Localised":"I don't got a problem with you, you have nothing I want.", "Channel":"npc" }
{ "timestamp":"2017-04-14T04:15:52Z", "event":"ReceiveText", "From":"Garay Terminal", "Message":"$STATION_NoFireZone_entered;", "Message_Localised":"No fire zone entered.", "Channel":"npc" }
{ "timestamp":"2017-04-14T04:17:19Z", "event":"CrewMemberJoins", "Crew":"Ackron" }
{ "timestamp":"2017-04-14T04:17:19Z", "event":"CrewMemberRoleChange", "Crew":"Ackron", "Role":"Idle" }
{ "timestamp":"2017-04-14T04:17:34Z", "event":"ReceiveText", "From":"Garay Terminal", "Message":"$STATION_NoFireZone_exited;", "Message_Localised":"No fire zone left.", "Channel":"npc" }
{ "timestamp":"2017-04-14T04:19:03Z", "event":"Scanned", "ScanType":"Cargo" }
{ "timestamp":"2017-04-14T04:19:03Z", "event":"ReceiveText", "From":"$npc_name_decorate:#name=Shield of Justice;", "From_Localised":"Shield of Justice", "Message":"$Generic_NoAttackGeneric01;", "Message_Localised":"I don't got a problem with you, you have nothing I want.", "Channel":"npc" }
{ "timestamp":"2017-04-14T04:20:28Z", "event":"CrewMemberRoleChange", "Crew":"Ackron", "Role":"FireCon" }
{ "timestamp":"2017-04-14T04:21:08Z", "event":"StartJump", "JumpType":"Hyperspace", "StarSystem":"Malayamatha", "StarClass":"M" }
{ "timestamp":"2017-04-14T04:21:27Z", "event":"FSDJump", "StarSystem":"Malayamatha", "StarPos":[113.438,0.094,-45.719], "SystemAllegiance":"Independent", "SystemEconomy":"$economy_Extraction;", "SystemEconomy_Localised":"Extraction", "SystemGovernment":"$government_Cooperative;", "SystemGovernment_Localised":"Cooperative", "SystemSecurity":"$SYSTEM_SECURITY_low;", "SystemSecurity_Localised":"Low Security", "JumpDist":9.363, "FuelUsed":0.927849, "FuelLevel":7.072151, "Factions":[ { "Name":"Malayamatha Systems", "FactionState":"Boom", "Government":"Corporate", "Influence":0.009990, "Allegiance":"Federation" }, { "Name":"Independent Deciat Green Party", "FactionState":"Boom", "Government":"Democracy", "Influence":0.089910, "Allegiance":"Federation" }, { "Name":"Kremata Incorporated", "FactionState":"Boom", "Government":"Corporate", "Influence":0.060939, "Allegiance":"Federation" }, { "Name":"Movement for Hakkaia Liberals", "FactionState":"Boom", "Government":"Democracy", "Influence":0.017982, "Allegiance":"Federation" }, { "Name":"Amarishvaru Advanced Holdings", "FactionState":"None", "Government":"Corporate", "Influence":0.051948, "Allegiance":"Empire" }, { "Name":"Malayamatha Monarchy", "FactionState":"Boom", "Government":"Feudal", "Influence":0.009990, "Allegiance":"Independent" }, { "Name":"Co-operative of Malayamatha", "FactionState":"Boom", "Government":"Cooperative", "Influence":0.759241, "Allegiance":"Independent" } ], "SystemFaction":"Co-operative of Malayamatha", "FactionState":"Boom" }
{ "timestamp":"2017-04-14T04:21:51Z", "event":"FuelScoop", "Scooped":0.124210, "Total":7.196358 }
{ "timestamp":"2017-04-14T04:23:21Z", "event":"ReceiveText", "From":"$npc_name_decorate:#name=Andria Raney;", "From_Localised":"Andria Raney", "Message":"$Pirate_StartInterdiction08;", "Message_Localised":"I've found my next target and it's you, Commander.", "Channel":"npc" }
{ "timestamp":"2017-04-14T04:23:29Z", "event":"SupercruiseExit", "StarSystem":"Malayamatha", "Body":"Malayamatha 2 A Ring", "BodyType":"PlanetaryRing" }
{ "timestamp":"2017-04-14T04:24:54Z", "event":"ReceiveText", "From":"$npc_name_decorate:#name=Celia Sugarditch;", "From_Localised":"Celia Sugarditch", "Message":"$Pirate_OnStartScanCargo06;", "Message_Localised":"Let's see what you are carrying.", "Channel":"npc" }
{ "timestamp":"2017-04-14T04:25:14Z", "event":"ReceiveText", "From":"$npc_name_decorate:#name=Celia Sugarditch;", "From_Localised":"Celia Sugarditch", "Message":"$Pirate_OnNoCargoFound04;", "Message_Localised":"Another dud? Damn it all!", "Channel":"npc" }
{ "timestamp":"2017-04-14T04:25:14Z", "event":"Scanned", "ScanType":"Cargo" }
{ "timestamp":"2017-04-14T04:29:07Z", "event":"ShieldState", "ShieldsUp":false }
{ "timestamp":"2017-04-14T04:29:36Z", "event":"ReceiveText", "From":"$npc_name_decorate:#name=Holyshrine;", "From_Localised":"Holyshrine", "Message":"$Pirate_OnDeclarePiracyAttack09;", "Message_Localised":"I will end you!", "Channel":"npc" }
{ "timestamp":"2017-04-14T04:30:05Z", "event":"ShieldState", "ShieldsUp":true }
{ "timestamp":"2017-04-14T04:30:56Z", "event":"ShieldState", "ShieldsUp":false }
{ "timestamp":"2017-04-14T04:31:19Z", "event":"ReceiveText", "From":"$ShipName_Police_Independent;", "From_Localised":"System Authority Vessel", "Message":"$Police_ArriveInvestigate02;", "Message_Localised":"Incident response units on station.", "Channel":"npc" }
{ "timestamp":"2017-04-14T04:31:23Z", "event":"HullDamage", "Health":0.797774, "PlayerPilot":true, "Fighter":false }
{ "timestamp":"2017-04-14T04:31:32Z", "event":"Bounty", "Rewards":[ { "Faction":"Co-operative of Malayamatha", "Reward":87030 } ], "Target":"federation_dropship", "TotalReward":87030, "VictimFaction":"Movement for Hakkaia Liberals" }
{ "timestamp":"2017-04-14T04:31:34Z", "event":"ReceiveText", "From":"$npc_name_decorate:#name=Ladycake;", "From_Localised":"Ladycake", "Message":"$Pirate_OnStartScanCargo10;", "Message_Localised":"Let me see what you have.", "Channel":"npc" }
{ "timestamp":"2017-04-14T04:31:44Z", "event":"ReceiveText", "From":"$npc_name_decorate:#name=Ladycake;", "From_Localised":"Ladycake", "Message":"$Pirate_OnNoCargoFound07;", "Message_Localised":"Nothing for me here.", "Channel":"npc" }
{ "timestamp":"2017-04-14T04:31:44Z", "event":"Scanned", "ScanType":"Cargo" }
{ "timestamp":"2017-04-14T04:31:52Z", "event":"ShieldState", "ShieldsUp":true }
{ "timestamp":"2017-04-14T04:32:15Z", "event":"ReceiveText", "From":"$ShipName_Police_Independent;", "From_Localised":"System Authority Vessel", "Message":"$Police_ArrivedAtInvestigationLocation03;", "Message_Localised":"Crime scene cordon initialised, all ships must submit to police scan.", "Channel":"npc" }
{ "timestamp":"2017-04-14T04:36:30Z", "event":"Bounty", "Rewards":[ { "Faction":"Co-operative of Malayamatha", "Reward":52545 } ], "Target":"federation_dropship", "TotalReward":52545, "VictimFaction":"Movement for Hakkaia Liberals" }
{ "timestamp":"2017-04-14T04:39:21Z", "event":"StartJump", "JumpType":"Supercruise" }
{ "timestamp":"2017-04-14T04:39:26Z", "event":"SupercruiseEntry", "StarSystem":"Malayamatha" }
{ "timestamp":"2017-04-14T04:39:58Z", "event":"SupercruiseExit", "StarSystem":"Malayamatha", "Body":"Malayamatha 2 A Ring", "BodyType":"PlanetaryRing" }
{ "timestamp":"2017-04-14T04:40:58Z", "event":"Scanned", "ScanType":"Cargo" }
{ "timestamp":"2017-04-14T04:40:59Z", "event":"ReceiveText", "From":"$npc_name_decorate:#name=Shield of Justice;", "From_Localised":"Shield of Justice", "Message":"$Generic_NoAttackGeneric03;", "Message_Localised":"Another ship that's not worth my time, this is turning into a bad day.", "Channel":"npc" }
{ "timestamp":"2017-04-14T04:41:05Z", "event":"MaterialCollected", "Category":"Encoded", "Name":"bulkscandata", "Count":3 }
{ "timestamp":"2017-04-14T04:41:12Z", "event":"Scanned", "ScanType":"Cargo" }
{ "timestamp":"2017-04-14T04:41:12Z", "event":"ReceiveText", "From":"$npc_name_decorate:#name=Shield of Justice;", "From_Localised":"Shield of Justice", "Message":"$Generic_NoAttackGeneric04;", "Message_Localised":"Damn! You're useless to me! They said this sector was rich pickings, what gives?", "Channel":"npc" }
{ "timestamp":"2017-04-14T04:41:29Z", "event":"Scanned", "ScanType":"Cargo" }
{ "timestamp":"2017-04-14T04:41:30Z", "event":"ReceiveText", "From":"$npc_name_decorate:#name=Shield of Justice;", "From_Localised":"Shield of Justice", "Message":"$Generic_NoAttackGeneric03;", "Message_Localised":"Another ship that's not worth my time, this is turning into a bad day.", "Channel":"npc" }
{ "timestamp":"2017-04-14T04:41:58Z", "event":"ReceiveText", "From":"$npc_name_decorate:#name=Daniel Hagdahl;", "From_Localised":"Daniel Hagdahl", "Message":"$Pirate_OnStartScanCargo05;", "Message_Localised":"What treats do you carry?", "Channel":"npc" }
{ "timestamp":"2017-04-14T04:42:14Z", "event":"Bounty", "Rewards":[ { "Faction":"Co-operative of Malayamatha", "Reward":4680 } ], "Target":"eagle", "TotalReward":4680, "VictimFaction":"Movement for Hakkaia Liberals" }
{ "timestamp":"2017-04-14T04:42:24Z", "event":"ReceiveText", "From":"$ShipName_Police_Independent;", "From_Localised":"System Authority Vessel", "Message":"$Police_ArrivedAtInvestigationLocation01;", "Message_Localised":"All citizens must submit to authority scans. Do not attempt to flee!", "Channel":"npc" }
{ "timestamp":"2017-04-14T04:42:48Z", "event":"ReceiveText", "From":"$npc_name_decorate:#name=Eridani Vandesterren;", "From_Localised":"Eridani Vandesterren", "Message":"$BadKarmaCriticalDamage05;", "Message_Localised":"No, no!", "Channel":"npc" }
{ "timestamp":"2017-04-14T04:43:00Z", "event":"Bounty", "Rewards":[ { "Faction":"Co-operative of Malayamatha", "Reward":3765 } ], "Target":"sidewinder", "TotalReward":3765, "VictimFaction":"Movement for Hakkaia Liberals" }
{ "timestamp":"2017-04-14T04:44:47Z", "event":"ReceiveText", "From":"$npc_name_decorate:#name=Reindert;", "From_Localised":"Reindert", "Message":"$Escort_EscortJump01;", "Message_Localised":"Lead is down, repeat lead is down. This mission is a bust.", "Channel":"npc" }
{ "timestamp":"2017-04-14T04:45:18Z", "event":"ReceiveText", "From":"$npc_name_decorate:#name=Zeddicus Zu'l Zorander;", "From_Localised":"Zeddicus Zu'l Zorander", "Message":"$BadKarmaCriticalDamage02;", "Message_Localised":"Impossible!", "Channel":"npc" }
{ "timestamp":"2017-04-14T04:45:22Z", "event":"MaterialCollected", "Category":"Encoded", "Name":"shieldpatternanalysis", "Count":3 }
{ "timestamp":"2017-04-14T04:45:33Z", "event":"Bounty", "Rewards":[ { "Faction":"Co-operative of Malayamatha", "Reward":12780 } ], "Target":"viper_mkiv", "TotalReward":12780, "VictimFaction":"Malayamatha Systems" }
{ "timestamp":"2017-04-14T04:45:48Z", "event":"Scanned", "ScanType":"Cargo" }
{ "timestamp":"2017-04-14T04:45:48Z", "event":"ReceiveText", "From":"$ShipName_Police_Independent;", "From_Localised":"System Authority Vessel", "Message":"$Police_ThankYouPassedStopAndSearch04;", "Message_Localised":"No crimes detected. You're free to go, Commander.", "Channel":"npc" }
{ "timestamp":"2017-04-14T04:45:59Z", "event":"ReceiveText", "From":"$ShipName_Police_Independent;", "From_Localised":"System Authority Vessel", "Message":"$Police_FinishedAtInvestigationLocation06;", "Message_Localised":"Rapid criminal investigation scans are finished. Please continue about your business.", "Channel":"npc" }
{ "timestamp":"2017-04-14T04:48:13Z", "event":"ReceiveText", "From":"$npc_name_decorate:#name=Mark Rosher;", "From_Localised":"Mark Rosher", "Message":"$Miner_OnJumpCargoFull04;", "Message_Localised":"Cracked and stacked, I'm full to burst. Heading back.", "Channel":"npc" }
{ "timestamp":"2017-04-14T04:48:36Z", "event":"ReceiveText", "From":"$npc_name_decorate:#name=Brian D'Agostini;", "From_Localised":"Brian D'Agostini", "Message":"$Pirate_OnStartScanCargo06;", "Message_Localised":"Let's see what you are carrying.", "Channel":"npc" }
{ "timestamp":"2017-04-14T04:48:49Z", "event":"Scanned", "ScanType":"Cargo" }
{ "timestamp":"2017-04-14T04:48:49Z", "event":"ReceiveText", "From":"$npc_name_decorate:#name=Shield of Justice;", "From_Localised":"Shield of Justice", "Message":"$Generic_NoAttackGeneric01;", "Message_Localised":"I don't got a problem with you, you have nothing I want.", "Channel":"npc" }
{ "timestamp":"2017-04-14T04:48:59Z", "event":"ReceiveText", "From":"$npc_name_decorate:#name=Brian D'Agostini;", "From_Localised":"Brian D'Agostini", "Message":"$BadKarmaCriticalDamage08;", "Message_Localised":"I've taken too many hits.", "Channel":"npc" }
{ "timestamp":"2017-04-14T04:49:11Z", "event":"Bounty", "Rewards":[ { "Faction":"Co-operative of Malayamatha", "Reward":10455 } ], "Target":"diamondback", "TotalReward":10455, "VictimFaction":"Malayamatha Monarchy" }
{ "timestamp":"2017-04-14T04:52:38Z", "event":"ReceiveText", "From":"$npc_name_decorate:#name=Lexi Ruddlesdin;", "From_Localised":"Lexi Ruddlesdin", "Message":"$Pirate_OnDeclarePiracyAttack03;", "Message_Localised":"Now you die, victim.", "Channel":"npc" }
{ "timestamp":"2017-04-14T04:52:41Z", "event":"Bounty", "Rewards":[ { "Faction":"Co-operative of Malayamatha", "Reward":2835 } ], "Target":"eagle", "TotalReward":2835, "VictimFaction":"Movement for Hakkaia Liberals" }
{ "timestamp":"2017-04-14T04:53:02Z", "event":"ReceiveText", "From":"$npc_name_decorate:#name=Idah'kya Tyanu;", "From_Localised":"Idah'kya Tyanu", "Message":"$BadKarmaCriticalDamage02;", "Message_Localised":"Impossible!", "Channel":"npc" }
{ "timestamp":"2017-04-14T04:53:10Z", "event":"Bounty", "Rewards":[ { "Faction":"Co-operative of Malayamatha", "Reward":6840 } ], "Target":"eagle", "TotalReward":6840, "VictimFaction":"Movement for Hakkaia Liberals" }
{ "timestamp":"2017-04-14T04:53:17Z", "event":"Bounty", "Rewards":[ { "Faction":"Co-operative of Malayamatha", "Reward":9570 } ], "Target":"eagle", "TotalReward":9570, "VictimFaction":"Movement for Hakkaia Liberals" }
{ "timestamp":"2017-04-14T04:53:19Z", "event":"ReceiveText", "From":"$npc_name_decorate:#name=Limp;", "From_Localised":"Limp", "Message":"$BadKarmaCriticalDamage03;", "Message_Localised":"You fight a good fight!", "Channel":"npc" }
{ "timestamp":"2017-04-14T04:53:33Z", "event":"ReceiveText", "From":"$npc_name_decorate:#name=Caroline Andilse;", "From_Localised":"Caroline Andilse", "Message":"$BadKarmaCriticalDamage08;", "Message_Localised":"I've taken too many hits.", "Channel":"npc" }
{ "timestamp":"2017-04-14T04:53:43Z", "event":"ReceiveText", "From":"$npc_name_decorate:#name=Franz Branntwein;", "From_Localised":"Franz Branntwein", "Message":"$Pirate_OnStartScanCargo07;", "Message_Localised":"Do you have anything of value?", "Channel":"npc" }
{ "timestamp":"2017-04-14T04:53:53Z", "event":"ReceiveText", "From":"$npc_name_decorate:#name=Franz Branntwein;", "From_Localised":"Franz Branntwein", "Message":"$Pirate_OnNoCargoFound04;", "Message_Localised":"Another dud? Damn it all!", "Channel":"npc" }
{ "timestamp":"2017-04-14T04:53:53Z", "event":"Scanned", "ScanType":"Cargo" }
{ "timestamp":"2017-04-14T04:54:40Z", "event":"Bounty", "Rewards":[ { "Faction":"Co-operative of Malayamatha", "Reward":5700 } ], "Target":"empire_eagle", "TotalReward":5700, "VictimFaction":"Malayamatha Monarchy" }
{ "timestamp":"2017-04-14T04:58:22Z", "event":"ReceiveText", "From":"$npc_name_decorate:#name=Newsam;", "From_Localised":"Newsam", "Message":"$Miner_OnJumpCargoFull01;", "Message_Localised":"Another day, another good haul.", "Channel":"npc" }
{ "timestamp":"2017-04-14T04:58:51Z", "event":"ReceiveText", "From":"$npc_name_decorate:#name=Newsam;", "From_Localised":"Newsam", "Message":"$Miner_OnJumpCargoFull04;", "Message_Localised":"Cracked and stacked, I'm full to burst. Heading back.", "Channel":"npc" }
{ "timestamp":"2017-04-14T04:59:32Z", "event":"StartJump", "JumpType":"Supercruise" }
{ "timestamp":"2017-04-14T04:59:37Z", "event":"SupercruiseEntry", "StarSystem":"Malayamatha" }
{ "timestamp":"2017-04-14T05:02:06Z", "event":"CrewMemberQuits", "Crew":"Ackron" }
{ "timestamp":"2017-04-14T05:03:47Z", "event":"SupercruiseExit", "StarSystem":"Malayamatha", "Body":"Salk Terminal", "BodyType":"Station" }
{ "timestamp":"2017-04-14T05:04:01Z", "event":"DockingRequested", "StationName":"Salk Terminal" }
{ "timestamp":"2017-04-14T05:04:01Z", "event":"ReceiveText", "From":"Salk Terminal", "Message":"$DockingChatter_Neutral;", "Message_Localised":"Ensure to observe starport protocol during your visit, pilot.", "Channel":"npc" }
{ "timestamp":"2017-04-14T05:04:03Z", "event":"ReceiveText", "From":"Salk Terminal", "Message":"$STATION_docking_granted;", "Message_Localised":"Docking request granted.", "Channel":"npc" }
{ "timestamp":"2017-04-14T05:04:03Z", "event":"DockingGranted", "LandingPad":2, "StationName":"Salk Terminal" }
{ "timestamp":"2017-04-14T05:04:10Z", "event":"ReceiveText", "From":"Salk Terminal", "Message":"$STATION_NoFireZone_entered;", "Message_Localised":"No fire zone entered.", "Channel":"npc" }
{ "timestamp":"2017-04-14T05:05:12Z", "event":"CrewMemberJoins", "Crew":"Ackron" }
{ "timestamp":"2017-04-14T05:05:12Z", "event":"CrewMemberRoleChange", "Crew":"Ackron", "Role":"Idle" }
{ "timestamp":"2017-04-14T05:05:33Z", "event":"Docked", "StationName":"Salk Terminal", "StationType":"Outpost", "StarSystem":"Malayamatha", "StationFaction":"Co-operative of Malayamatha", "FactionState":"Boom", "StationGovernment":"$government_Cooperative;", "StationGovernment_Localised":"Cooperative", "StationEconomy":"$economy_Extraction;", "StationEconomy_Localised":"Extraction", "DistFromStarLS":990.317993 }
{ "timestamp":"2017-04-14T05:05:47Z", "event":"RefuelAll", "Cost":110, "Amount":2.173550 }
{ "timestamp":"2017-04-14T05:05:52Z", "event":"RepairAll", "Cost":13760 }
{ "timestamp":"2017-04-14T05:06:02Z", "event":"CrewMemberRoleChange", "Crew":"Ackron", "Role":"FireCon" }
{ "timestamp":"2017-04-14T05:08:26Z", "event":"Undocked", "StationName":"Salk Terminal", "StationType":"Outpost" }
{ "timestamp":"2017-04-14T05:08:58Z", "event":"ReceiveText", "From":"Salk Terminal", "Message":"$STATION_NoFireZone_exited;", "Message_Localised":"No fire zone left.", "Channel":"npc" }
{ "timestamp":"2017-04-14T05:09:01Z", "event":"StartJump", "JumpType":"Supercruise" }
{ "timestamp":"2017-04-14T05:09:06Z", "event":"SupercruiseEntry", "StarSystem":"Malayamatha" }
{ "timestamp":"2017-04-14T05:10:17Z", "event":"SupercruiseExit", "StarSystem":"Malayamatha", "Body":"Malayamatha 4 B Ring", "BodyType":"PlanetaryRing" }
{ "timestamp":"2017-04-14T05:10:48Z", "event":"MaterialCollected", "Category":"Encoded", "Name":"shielddensityreports", "Count":3 }
{ "timestamp":"2017-04-14T05:11:14Z", "event":"ReceiveText", "From":"$npc_name_decorate:#name=Chand Svare Ghei;", "From_Localised":"Chand Svare Ghei", "Message":"$Pirate_OnStartScanCargo05;", "Message_Localised":"What treats do you carry?", "Channel":"npc" }
{ "timestamp":"2017-04-14T05:11:24Z", "event":"ReceiveText", "From":"$npc_name_decorate:#name=Chand Svare Ghei;", "From_Localised":"Chand Svare Ghei", "Message":"$Pirate_OnNoCargoFound08;", "Message_Localised":"A wasted effort. There's no cargo here.", "Channel":"npc" }
{ "timestamp":"2017-04-14T05:11:24Z", "event":"Scanned", "ScanType":"Cargo" }
{ "timestamp":"2017-04-14T05:11:41Z", "event":"Scanned", "ScanType":"Cargo" }
{ "timestamp":"2017-04-14T05:11:42Z", "event":"ReceiveText", "From":"$npc_name_decorate:#name=Shield of Justice;", "From_Localised":"Shield of Justice", "Message":"$Generic_NoAttackGeneric02;", "Message_Localised":"Well, you were a complete waste of my time and effort.", "Channel":"npc" }
{ "timestamp":"2017-04-14T05:11:48Z", "event":"Scanned", "ScanType":"Cargo" }
{ "timestamp":"2017-04-14T05:11:48Z", "event":"ReceiveText", "From":"$npc_name_decorate:#name=Shield of Justice;", "From_Localised":"Shield of Justice", "Message":"$Generic_NoAttackGeneric02;", "Message_Localised":"Well, you were a complete waste of my time and effort.", "Channel":"npc" }
{ "timestamp":"2017-04-14T05:11:57Z", "event":"MaterialCollected", "Category":"Encoded", "Name":"shieldcyclerecordings", "Count":3 }
{ "timestamp":"2017-04-14T05:12:07Z", "event":"Scanned", "ScanType":"Cargo" }
{ "timestamp":"2017-04-14T05:12:07Z", "event":"ReceiveText", "From":"$ShipName_Police_Independent;", "From_Localised":"System Authority Vessel", "Message":"$Police_ThankYouPassedStopAndSearch03;", "Message_Localised":"All clear. Carry on, pilot.", "Channel":"npc" }
{ "timestamp":"2017-04-14T05:12:09Z", "event":"ReceiveText", "From":"$npc_name_decorate:#name=sercan;", "From_Localised":"sercan", "Message":"$Pirate_OnStartScanCargo08;", "Message_Localised":"What do you have in your cargo hold?", "Channel":"npc" }
{ "timestamp":"2017-04-14T05:12:58Z", "event":"ReceiveText", "From":"$npc_name_decorate:#name=sercan;", "From_Localised":"sercan", "Message":"$Pirate_OnDeclarePiracyAttack04;", "Message_Localised":"I'm gonna boil you up!", "Channel":"npc" }
{ "timestamp":"2017-04-14T05:13:10Z", "event":"ReceiveText", "From":"$npc_name_decorate:#name=sercan;", "From_Localised":"sercan", "Message":"$Pirate_NiggledByNewShip04;", "Message_Localised":"And now you have my attention, what will you do?", "Channel":"npc" }
{ "timestamp":"2017-04-14T05:13:30Z", "event":"Bounty", "Rewards":[ { "Faction":"Co-operative of Malayamatha", "Reward":8347 } ], "Target":"sidewinder", "TotalReward":8347, "VictimFaction":"Amarishvaru Advanced Holdings" }
{ "timestamp":"2017-04-14T05:13:40Z", "event":"ReceiveText", "From":"$npc_name_decorate:#name=Chand Svare Ghei;", "From_Localised":"Chand Svare Ghei", "Message":"$BadKarmaCriticalDamage03;", "Message_Localised":"You fight a good fight!", "Channel":"npc" }
{ "timestamp":"2017-04-14T05:14:25Z", "event":"ReceiveText", "From":"$npc_name_decorate:#name=Jannika;", "From_Localised":"Jannika", "Message":"$Escort_EscortStayAndFight07;", "Message_Localised":"This isn't how it should have gone, but I will fight to the end.", "Channel":"npc" }
{ "timestamp":"2017-04-14T05:14:26Z", "event":"Bounty", "Rewards":[ { "Faction":"Co-operative of Malayamatha", "Reward":39585 } ], "Target":"cobramkiii", "TotalReward":39585, "VictimFaction":"Independent Deciat Green Party" }
{ "timestamp":"2017-04-14T05:14:26Z", "event":"ReceiveText", "From":"$npc_name_decorate:#name=Armin Moghaddam;", "From_Localised":"Armin Moghaddam", "Message":"$MinerEnemySighted04;", "Message_Localised":"You're not taking my stuff!", "Channel":"npc" }
{ "timestamp":"2017-04-14T05:14:30Z", "event":"ReceiveText", "From":"$ShipName_Police_Independent;", "From_Localised":"System Authority Vessel", "Message":"$Police_ArriveReinforcement01;", "Message_Localised":"Reinforcements incoming.", "Channel":"npc" }
{ "timestamp":"2017-04-14T05:14:31Z", "event":"ReceiveText", "From":"$ShipName_Police_Independent;", "From_Localised":"System Authority Vessel", "Message":"$Police_Attack15;", "Message_Localised":"You are wanted, Commander. Surrender now.", "Channel":"npc" }
{ "timestamp":"2017-04-14T05:14:37Z", "event":"ReceiveText", "From":"$ShipName_Police_Independent;", "From_Localised":"System Authority Vessel", "Message":"$Police_ArriveReinforcement02;", "Message_Localised":"Back-up has arrived.", "Channel":"npc" }
{ "timestamp":"2017-04-14T05:14:42Z", "event":"ReceiveText", "From":"$ShipName_Police_Independent;", "From_Localised":"System Authority Vessel", "Message":"$Escort_AttackRun01;", "Message_Localised":"Accelerating to attack speed.", "Channel":"npc" }
{ "timestamp":"2017-04-14T05:14:53Z", "event":"ReceiveText", "From":"$npc_name_decorate:#name=Armin Moghaddam;", "From_Localised":"Armin Moghaddam", "Message":"$MinerAttackRun01;", "Message_Localised":"You're not so tough!", "Channel":"npc" }
{ "timestamp":"2017-04-14T05:14:57Z", "event":"StartJump", "JumpType":"Supercruise" }
{ "timestamp":"2017-04-14T05:14:57Z", "event":"ReceiveText", "From":"$ShipName_Police_Independent;", "From_Localised":"System Authority Vessel", "Message":"$Police_Attack02;", "Message_Localised":"Crime detected! ", "Channel":"npc" }
{ "timestamp":"2017-04-14T05:14:57Z", "event":"ReceiveText", "From":"$ShipName_Police_Independent;", "From_Localised":"System Authority Vessel", "Message":"$Police_Attack12;", "Message_Localised":"No-one wins when they fight the law.", "Channel":"npc" }
{ "timestamp":"2017-04-14T05:14:57Z", "event":"ReceiveText", "From":"$ShipName_Police_Independent;", "From_Localised":"System Authority Vessel", "Message":"$Police_Attack11;", "Message_Localised":"Justice awaits you, perp.", "Channel":"npc" }
{ "timestamp":"2017-04-14T05:14:57Z", "event":"ReceiveText", "From":"$ShipName_Police_Independent;", "From_Localised":"System Authority Vessel", "Message":"$Police_Attack01;", "Message_Localised":"Criminal!", "Channel":"npc" }
{ "timestamp":"2017-04-14T05:14:57Z", "event":"ReceiveText", "From":"$npc_name_decorate:#name=Armin Moghaddam;", "From_Localised":"Armin Moghaddam", "Message":"$MinerEnemySighted02;", "Message_Localised":"This doesn't look good.", "Channel":"npc" }
{ "timestamp":"2017-04-14T05:14:57Z", "event":"ReceiveText", "From":"$ShipName_Police_Independent;", "From_Localised":"System Authority Vessel", "Message":"$Police_Attack12;", "Message_Localised":"No-one wins when they fight the law.", "Channel":"npc" }
{ "timestamp":"2017-04-14T05:14:57Z", "event":"ReceiveText", "From":"$ShipName_Police_Independent;", "From_Localised":"System Authority Vessel", "Message":"$Police_Attack01;", "Message_Localised":"Criminal!", "Channel":"npc" }
{ "timestamp":"2017-04-14T05:14:57Z", "event":"ReceiveText", "From":"$ShipName_Police_Independent;", "From_Localised":"System Authority Vessel", "Message":"$Escort_AttackRun06;", "Message_Localised":"You're mine now.", "Channel":"npc" }
{ "timestamp":"2017-04-14T05:15:00Z", "event":"ReceiveText", "From":"$ShipName_Police_Independent;", "From_Localised":"System Authority Vessel", "Message":"$Escort_AttackRun05;", "Message_Localised":"Target locked. Preparing to fire.", "Channel":"npc" }
{ "timestamp":"2017-04-14T05:15:02Z", "event":"SupercruiseEntry", "StarSystem":"Malayamatha" }
{ "timestamp":"2017-04-14T05:16:43Z", "event":"SupercruiseExit", "StarSystem":"Malayamatha", "Body":"Salk Terminal", "BodyType":"Station" }
{ "timestamp":"2017-04-14T05:16:55Z", "event":"DockingRequested", "StationName":"Salk Terminal" }
{ "timestamp":"2017-04-14T05:16:55Z", "event":"ReceiveText", "From":"Salk Terminal", "Message":"$DockingChatter_Neutral;", "Message_Localised":"Ensure to observe starport protocol during your visit, pilot.", "Channel":"npc" }
{ "timestamp":"2017-04-14T05:16:57Z", "event":"ReceiveText", "From":"Salk Terminal", "Message":"$STATION_docking_granted;", "Message_Localised":"Docking request granted.", "Channel":"npc" }
{ "timestamp":"2017-04-14T05:16:57Z", "event":"DockingGranted", "LandingPad":1, "StationName":"Salk Terminal" }
{ "timestamp":"2017-04-14T05:17:08Z", "event":"ReceiveText", "From":"Salk Terminal", "Message":"$STATION_NoFireZone_entered;", "Message_Localised":"No fire zone entered.", "Channel":"npc" }
{ "timestamp":"2017-04-14T05:17:51Z", "event":"Docked", "StationName":"Salk Terminal", "StationType":"Outpost", "StarSystem":"Malayamatha", "StationFaction":"Co-operative of Malayamatha", "FactionState":"Boom", "StationGovernment":"$government_Cooperative;", "StationGovernment_Localised":"Cooperative", "StationEconomy":"$economy_Extraction;", "StationEconomy_Localised":"Extraction", "DistFromStarLS":990.325256 }
{ "timestamp":"2017-04-14T05:18:11Z", "event":"RedeemVoucher", "Type":"bounty", "Amount":394298, "Factions":[ { "Faction":"Empire", "Amount":27120 }, { "Faction":"Independent Deciat Green Party", "Amount":240 }, { "Faction":"Co-operative of Malayamatha", "Amount":292958 }, { "Faction":"Federation", "Amount":73980 } ] }
{ "timestamp":"2017-04-14T05:18:44Z", "event":"RedeemVoucher", "Type":"bounty", "Amount":118912, "Factions":[ { "Faction":"", "Amount":33750 }, { "Faction":"", "Amount":56719 }, { "Faction":"", "Amount":7068 }, { "Faction":"", "Amount":21225 }, { "Faction":"", "Amount":150 } ], "BrokerPercentage":25.000000 }
{ "timestamp":"2017-04-14T05:18:49Z", "event":"PayLegacyFines", "Amount":9887, "BrokerPercentage":25.000000 }
{ "timestamp":"2017-04-14T05:20:58Z", "event":"EndCrewSession", "OnCrime":false }
{ "timestamp":"2017-04-14T05:30:10Z", "event":"CrewMemberJoins", "Crew":"Ackron" }
{ "timestamp":"2017-04-14T05:30:10Z", "event":"CrewMemberRoleChange", "Crew":"Ackron", "Role":"Idle" }
{ "timestamp":"2017-04-14T05:33:42Z", "event":"RefuelAll", "Cost":11, "Amount":0.216909 }
{ "timestamp":"2017-04-14T05:34:25Z", "event":"KickCrewMember", "Crew":"Ackron", "OnCrime":false }
{ "timestamp":"2017-04-14T05:34:27Z", "event":"CrewMemberQuits", "Crew":"Ackron" }
{ "timestamp":"2017-04-14T05:53:17Z", "event":"ReceiveText", "From":"$npc_name_decorate:#name=Myratos;", "From_Localised":"Myratos", "Message":"$Commuter_HostileScan01;", "Message_Localised":"Please cease your unauthorised scan immediately.", "Channel":"npc" }
{ "timestamp":"2017-04-14T05:58:06Z", "event":"ReceiveText", "From":"$npc_name_decorate:#name=Dougal McTiddly;", "From_Localised":"Dougal McTiddly", "Message":"$Escort_EscortJump09;", "Message_Localised":"Mission failed. Time for me to leave.", "Channel":"npc" }
