{ "timestamp":"2017-07-15T22:52:58Z", "event":"Fileheader", "part":1, "language":"English\\UK", "gameversion":"2.3.11", "build":"r148764/r0 " }
{ "timestamp":"2017-07-15T22:53:38Z", "event":"Cargo", "Inventory":[  ] }
{ "timestamp":"2017-07-15T22:53:38Z", "event":"Loadout", "Ship":"Asp", "ShipID":7, "ShipName":"", "ShipIdent":"", "Modules":[ { "Slot":"SmallHardpoint1", "Item":"Hpt_PulseLaser_Fixed_Small", "On":true, "Priority":1, "AmmoInClip":1, "AmmoInHopper":1, "Health":1.000000, "Value":2200 }, { "Slot":"SmallHardpoint2", "Item":"Hpt_PulseLaser_Fixed_Small", "On":true, "Priority":1, "AmmoInClip":1, "AmmoInHopper":1, "Health":1.000000, "Value":2200 }, { "Slot":"Armour", "Item":"Asp_Armour_Grade1", "On":true, "Priority":1, "Health":1.000000, "Value":0, "EngineerBlueprint":"Armour_HeavyDuty", "EngineerLevel":1 }, { "Slot":"PowerPlant", "Item":"Int_PowerPlant_Size5_Class1", "On":true, "Priority":1, "Health":1.000000, "Value":63012, "EngineerBlueprint":"PowerPlant_Boosted", "EngineerLevel":1 }, { "Slot":"MainEngines", "Item":"Int_Engine_Size5_Class1", "On":true, "Priority":1, "Health":1.000000, "Value":63012 }, { "Slot":"FrameShiftDrive", "Item":"Int_Hyperdrive_Size5_Class5", "On":true, "Priority":0, "Health":1.000000, "Value":5103953 }, { "Slot":"LifeSupport", "Item":"Int_LifeSupport_Size4_Class1", "On":true, "Priority":1, "Health":1.000000, "Value":11349 }, { "Slot":"PowerDistributor", "Item":"Int_PowerDistributor_Size4_Class1", "On":true, "Priority":0, "Health":1.000000, "Value":11349, "EngineerBlueprint":"PowerDistributor_HighCapacity", "EngineerLevel":1 }, { "Slot":"Radar", "Item":"Int_Sensors_Size5_Class1", "On":true, "Priority":1, "Health":1.000000, "Value":31778 }, { "Slot":"FuelTank", "Item":"Int_FuelTank_Size5_Class3", "On":true, "Priority":1, "Health":1.000000, "Value":97754 }, { "Slot":"Slot01_Size6", "Item":"Int_CargoRack_Size6_Class1", "On":true, "Priority":1, "Health":1.000000, "Value":362591 }, { "Slot":"Slot02_Size5", "Item":"Int_CargoRack_Size5_Class1", "On":true, "Priority":1, "Health":1.000000, "Value":111566 }, { "Slot":"Slot03_Size3", "Item":"Int_BuggyBay_Size2_Class1", "On":true, "Priority":0, "Health":1.000000, "Value":18000 }, { "Slot":"Slot04_Size3", "Item":"Int_ShieldGenerator_Size3_Class5", "On":true, "Priority":0, "Health":1.000000, "Value":507912 }, { "Slot":"Slot06_Size2", "Item":"Int_FuelScoop_Size1_Class4", "On":true, "Priority":0, "Health":1.000000, "Value":20568 }, { "Slot":"Slot07_Size2", "Item":"Int_StellarBodyDiscoveryScanner_Standard", "On":true, "Priority":1, "Health":1.000000, "Value":1000 }, { "Slot":"PlanetaryApproachSuite", "Item":"Int_PlanetApproachSuite", "On":true, "Priority":1, "Health":1.000000, "Value":500 }, { "Slot":"ShipCockpit", "Item":"Asp_Cockpit", "On":true, "Priority":1, "Health":1.000000, "Value":0 }, { "Slot":"CargoHatch", "Item":"ModularCargoBayDoor", "On":true, "Priority":1, "Health":1.000000, "Value":0 } ] }
{ "timestamp":"2017-07-15T22:53:38Z", "event":"Materials", "Raw":[ { "Name":"sulphur", "Count":33 }, { "Name":"phosphorus", "Count":30 }, { "Name":"manganese", "Count":12 }, { "Name":"nickel", "Count":7 }, { "Name":"carbon", "Count":11 }, { "Name":"cadmium", "Count":12 }, { "Name":"germanium", "Count":3 }, { "Name":"tungsten", "Count":3 }, { "Name":"arsenic", "Count":3 }, { "Name":"zinc", "Count":6 }, { "Name":"selenium", "Count":12 }, { "Name":"vanadium", "Count":3 }, { "Name":"antimony", "Count":3 } ], "Manufactured":[ { "Name":"hybridcapacitors", "Count":2 }, { "Name":"focuscrystals", "Count":1 }, { "Name":"salvagedalloys", "Count":1 }, { "Name":"shieldemitters", "Count":5 }, { "Name":"galvanisingalloys", "Count":4 }, { "Name":"phasealloys", "Count":10 }, { "Name":"highdensitycomposites", "Count":6 }, { "Name":"compoundshielding", "Count":6 }, { "Name":"refinedfocuscrystals", "Count":3 }, { "Name":"conductivecomponents", "Count":4 }, { "Name":"heatresistantceramics", "Count":1 }, { "Name":"precipitatedalloys", "Count":3 }, { "Name":"wornshieldemitters", "Count":3 }, { "Name":"shieldingsensors", "Count":3 }, { "Name":"thermicalloys", "Count":5 }, { "Name":"mechanicalequipment", "Count":1 }, { "Name":"gridresistors", "Count":2 }, { "Name":"temperedalloys", "Count":1 }, { "Name":"conductivepolymers", "Count":2 }, { "Name":"uncutfocuscrystals", "Count":1 } ], "Encoded":[ { "Name":"shieldcyclerecordings", "Count":53 }, { "Name":"emissiondata", "Count":40 }, { "Name":"encodedscandata", "Count":17 }, { "Name":"decodedemissiondata", "Count":114 }, { "Name":"shieldsoakanalysis", "Count":63 }, { "Name":"scandatabanks", "Count":33 }, { "Name":"bulkscandata", "Count":16 }, { "Name":"archivedemissiondata", "Count":2 }, { "Name":"shielddensityreports", "Count":75 }, { "Name":"shieldpatternanalysis", "Count":44 }, { "Name":"compactemissionsdata", "Count":5 }, { "Name":"shieldfrequencydata", "Count":3 }, { "Name":"consumerfirmware", "Count":1 }, { "Name":"hyperspacetrajectories", "Count":1 }, { "Name":"scrambledemissiondata", "Count":1 }, { "Name":"scanarchives", "Count":20 }, { "Name":"classifiedscandata", "Count":4 }, { "Name":"disruptedwakeechoes", "Count":3 }, { "Name":"securityfirmware", "Count":2 }, { "Name":"encryptionarchives", "Count":3 } ] }
{ "timestamp":"2017-07-15T22:53:38Z", "event":"LoadGame", "Commander":"Kith000", "Ship":"Asp", "ShipID":7, "ShipName":"", "ShipIdent":"", "FuelLevel":32.000000, "FuelCapacity":32.000000, "GameMode":"Group", "Group":"MOBIUS PVE", "Credits":204457946, "Loan":0 }
{ "timestamp":"2017-07-15T22:53:38Z", "event":"Rank", "Combat":6, "Trade":4, "Explore":2, "Empire":1, "Federation":3, "CQC":0 }
{ "timestamp":"2017-07-15T22:53:38Z", "event":"Progress", "Combat":19, "Trade":84, "Explore":24, "Empire":23, "Federation":98, "CQC":40 }
{ "timestamp":"2017-07-15T22:53:47Z", "event":"Location", "Docked":true, "StationName":"Dekker Base", "StationType":"Coriolis", "StarSystem":"Rho Cancri", "StarPos":[9.344,24.938,-30.188], "SystemAllegiance":"Independent", "SystemEconomy":"$economy_Refinery;", "SystemEconomy_Localised":"Refinery", "SystemGovernment":"$government_Anarchy;", "SystemGovernment_Localised":"Anarchy", "SystemSecurity":"$GAlAXY_MAP_INFO_state_anarchy;", "SystemSecurity_Localised":"Anarchy", "Body":"Dekker Base", "BodyType":"Station", "Factions":[ { "Name":"Pollux Purple Galactic Inc", "FactionState":"Boom", "Government":"Corporate", "Influence":0.152847, "Allegiance":"Independent" }, { "Name":"BD+41 1865 Resistance", "FactionState":"Boom", "Government":"Democracy", "Influence":0.249750, "Allegiance":"Federation" }, { "Name":"Rho Cancri People's Party", "FactionState":"Boom", "Government":"Communism", "Influence":0.083916, "Allegiance":"Independent" }, { "Name":"Law Party of Rho Cancri", "FactionState":"None", "Government":"Dictatorship", "Influence":0.106893, "Allegiance":"Independent", "PendingStates":[ { "State":"Boom", "Trend":1 } ] }, { "Name":"Rho Cancri Crimson Central & Co", "FactionState":"CivilWar", "Government":"Corporate", "Influence":0.230769, "Allegiance":"Federation", "RecoveringStates":[ { "State":"Boom", "Trend":0 } ] }, { "Name":"Rho Cancri Organisation", "FactionState":"CivilWar", "Government":"Anarchy", "Influence":0.175824, "Allegiance":"Independent", "RecoveringStates":[ { "State":"Boom", "Trend":0 } ] } ], "SystemFaction":"Rho Cancri Organisation", "FactionState":"CivilWar" }
{ "timestamp":"2017-07-15T22:53:48Z", "event":"Docked", "StationName":"Dekker Base", "StationType":"Coriolis", "StarSystem":"Rho Cancri", "StationFaction":"Rho Cancri Crimson Central & Co", "FactionState":"CivilWar", "StationGovernment":"$government_Corporate;", "StationGovernment_Localised":"Corporate", "StationAllegiance":"Federation", "StationEconomy":"$economy_Refinery;", "StationEconomy_Localised":"Refinery", "DistFromStarLS":7.938542 }
{ "timestamp":"2017-07-15T22:54:54Z", "event":"Undocked", "StationName":"Dekker Base", "StationType":"Coriolis" }
{ "timestamp":"2017-07-15T22:55:28Z", "event":"ReceiveText", "From":"Dekker Base", "Message":"$STATION_NoFireZone_exited;", "Message_Localised":"No fire zone left.", "Channel":"npc" }
{ "timestamp":"2017-07-15T22:55:39Z", "event":"StartJump", "JumpType":"Supercruise" }
{ "timestamp":"2017-07-15T22:55:44Z", "event":"SupercruiseEntry", "StarSystem":"Rho Cancri" }
{ "timestamp":"2017-07-15T22:59:40Z", "event":"SupercruiseExit", "StarSystem":"Rho Cancri", "Body":"Hamilton Reserve", "BodyType":"Station" }
{ "timestamp":"2017-07-15T22:59:41Z", "event":"ReceiveText", "From":"Hamilton Reserve", "Message":"$STATION_NoFireZone_entered;", "Message_Localised":"No fire zone entered.", "Channel":"npc" }
{ "timestamp":"2017-07-15T23:00:10Z", "event":"DockingRequested", "StationName":"Hamilton Reserve" }
{ "timestamp":"2017-07-15T23:00:10Z", "event":"ReceiveText", "From":"Hamilton Reserve", "Message":"$DockingChatter_Neutral;", "Message_Localised":"Ensure to observe starport protocol during your visit, pilot.", "Channel":"npc" }
{ "timestamp":"2017-07-15T23:00:11Z", "event":"ReceiveText", "From":"Hamilton Reserve", "Message":"$STATION_docking_granted;", "Message_Localised":"Docking request granted.", "Channel":"npc" }
{ "timestamp":"2017-07-15T23:00:11Z", "event":"DockingGranted", "LandingPad":23, "StationName":"Hamilton Reserve" }
{ "timestamp":"2017-07-15T23:00:57Z", "event":"Docked", "StationName":"Hamilton Reserve", "StationType":"Orbis", "StarSystem":"Rho Cancri", "StationFaction":"Rho Cancri Organisation", "FactionState":"CivilWar", "StationGovernment":"$government_Anarchy;", "StationGovernment_Localised":"Anarchy", "StationEconomy":"$economy_Refinery;", "StationEconomy_Localised":"Refinery", "DistFromStarLS":2598.161865 }
{ "timestamp":"2017-07-15T23:06:36Z", "event":"Undocked", "StationName":"Hamilton Reserve", "StationType":"Orbis" }
{ "timestamp":"2017-07-15T23:07:15Z", "event":"StartJump", "JumpType":"Supercruise" }
{ "timestamp":"2017-07-15T23:07:20Z", "event":"SupercruiseEntry", "StarSystem":"Rho Cancri" }
{ "timestamp":"2017-07-15T23:07:32Z", "event":"ApproachSettlement", "Name":"Lefschetz Gateway" }
{ "timestamp":"2017-07-15T23:07:32Z", "event":"ApproachSettlement", "Name":"Rucker's Progress" }
{ "timestamp":"2017-07-15T23:07:32Z", "event":"ApproachSettlement", "Name":"Liwei Keep" }
{ "timestamp":"2017-07-15T23:07:32Z", "event":"ApproachSettlement", "Name":"Harris Vision +" }
{ "timestamp":"2017-07-15T23:07:33Z", "event":"ApproachSettlement", "Name":"Andrews Colony" }
{ "timestamp":"2017-07-15T23:11:41Z", "event":"SupercruiseExit", "StarSystem":"Rho Cancri", "Body":"Dekker Base", "BodyType":"Station" }
{ "timestamp":"2017-07-15T23:11:53Z", "event":"DockingRequested", "StationName":"Dekker Base" }
{ "timestamp":"2017-07-15T23:11:53Z", "event":"ReceiveText", "From":"Dekker Base", "Message":"$DockingChatter_Cordial;", "Message_Localised":"Welcome back, Commander.", "Channel":"npc" }
{ "timestamp":"2017-07-15T23:11:54Z", "event":"ReceiveText", "From":"Dekker Base", "Message":"$STATION_docking_granted;", "Message_Localised":"Docking request granted.", "Channel":"npc" }
{ "timestamp":"2017-07-15T23:11:54Z", "event":"DockingGranted", "LandingPad":45, "StationName":"Dekker Base" }
{ "timestamp":"2017-07-15T23:12:05Z", "event":"ReceiveText", "From":"Dekker Base", "Message":"$STATION_NoFireZone_entered;", "Message_Localised":"No fire zone entered.", "Channel":"npc" }
{ "timestamp":"2017-07-15T23:13:30Z", "event":"Docked", "StationName":"Dekker Base", "StationType":"Coriolis", "StarSystem":"Rho Cancri", "StationFaction":"Rho Cancri Crimson Central & Co", "FactionState":"CivilWar", "StationGovernment":"$government_Corporate;", "StationGovernment_Localised":"Corporate", "StationAllegiance":"Federation", "StationEconomy":"$economy_Refinery;", "StationEconomy_Localised":"Refinery", "DistFromStarLS":7.926857 }
{ "timestamp":"2017-07-15T23:13:44Z", "event":"RefuelAll", "Cost":14, "Amount":0.261837 }
{ "timestamp":"2017-07-15T23:14:58Z", "event":"ShipyardSwap", "ShipType":"ferdelance", "ShipID":9, "StoreOldShip":"Asp", "StoreShipID":7 }
{ "timestamp":"2017-07-15T23:14:59Z", "event":"Cargo", "Inventory":[  ] }
{ "timestamp":"2017-07-15T23:14:59Z", "event":"Loadout", "Ship":"FerDeLance", "ShipID":9, "ShipName":"the tempest", "ShipIdent":"cr-2", "Modules":[ { "Slot":"HugeHardpoint1", "Item":"Hpt_MultiCannon_Fixed_Huge", "On":true, "Priority":0, "AmmoInClip":97, "AmmoInHopper":2100, "Health":1.000000, "Value":1177600 }, { "Slot":"MediumHardpoint1", "Item":"Hpt_BeamLaser_Fixed_Medium", "On":true, "Priority":0, "Health":1.000000, "Value":269568 }, { "Slot":"MediumHardpoint2", "Item":"Hpt_BeamLaser_Fixed_Medium", "On":true, "Priority":0, "Health":1.000000, "Value":269568 }, { "Slot":"MediumHardpoint3", "Item":"Hpt_BeamLaser_Fixed_Medium", "On":true, "Priority":0, "Health":1.000000, "Value":269568 }, { "Slot":"MediumHardpoint4", "Item":"Hpt_BeamLaser_Fixed_Medium", "On":true, "Priority":0, "Health":1.000000, "Value":269568 }, { "Slot":"TinyHardpoint1", "Item":"Hpt_ShieldBooster_Size0_Class5", "On":true, "Priority":1, "Health":1.000000, "Value":281000 }, { "Slot":"TinyHardpoint2", "Item":"Hpt_ShieldBooster_Size0_Class5", "On":true, "Priority":0, "Health":1.000000, "Value":281000 }, { "Slot":"TinyHardpoint3", "Item":"Hpt_ShieldBooster_Size0_Class5", "On":true, "Priority":0, "Health":1.000000, "Value":238850 }, { "Slot":"TinyHardpoint4", "Item":"Hpt_ShieldBooster_Size0_Class5", "On":true, "Priority":0, "Health":1.000000, "Value":238850 }, { "Slot":"TinyHardpoint5", "Item":"Hpt_ShieldBooster_Size0_Class5", "On":true, "Priority":0, "Health":1.000000, "Value":238850 }, { "Slot":"TinyHardpoint6", "Item":"Hpt_ChaffLauncher_Tiny", "On":true, "Priority":0, "AmmoInClip":1, "AmmoInHopper":10, "Health":1.000000, "Value":8500 }, { "Slot":"Armour", "Item":"FerDeLance_Armour_Grade1", "On":true, "Priority":1, "Health":1.000000, "Value":0 }, { "Slot":"PaintJob", "Item":"PaintJob_FerDeLance_Synth_Blue", "On":true, "Priority":1, "Health":1.000000, "Value":0 }, { "Slot":"Decal1", "Item":"Decal_Combat_Dangerous", "On":true, "Priority":1, "Health":1.000000, "Value":0 }, { "Slot":"ShipName0", "Item":"Nameplate_Practical02_White", "On":true, "Priority":1, "Health":1.000000, "Value":0 }, { "Slot":"ShipName1", "Item":"Nameplate_ShipID_DoubleLine_White", "On":true, "Priority":1, "Health":1.000000, "Value":0 }, { "Slot":"PowerPlant", "Item":"Int_Powerplant_Size6_Class5", "On":true, "Priority":1, "Health":1.000000, "Value":13752602 }, { "Slot":"MainEngines", "Item":"Int_Engine_Size5_Class5", "On":true, "Priority":0, "Health":1.000000, "Value":5103953 }, { "Slot":"FrameShiftDrive", "Item":"Int_Hyperdrive_Size4_Class5", "On":true, "Priority":0, "Health":1.000000, "Value":1610080 }, { "Slot":"LifeSupport", "Item":"Int_LifeSupport_Size4_Class1", "On":true, "Priority":0, "Health":1.000000, "Value":9646 }, { "Slot":"PowerDistributor", "Item":"Int_PowerDistributor_Size6_Class5", "On":true, "Priority":0, "Health":1.000000, "Value":2954335 }, { "Slot":"Radar", "Item":"Int_Sensors_Size4_Class2", "On":true, "Priority":0, "Health":1.000000, "Value":24118 }, { "Slot":"FuelTank", "Item":"Int_FuelTank_Size3_Class3", "On":true, "Priority":1, "Health":1.000000, "Value":6003 }, { "Slot":"Slot01_Size5", "Item":"Int_ShieldGenerator_Size5_Class3_Fast", "On":true, "Priority":0, "Health":1.000000, "Value":850659 }, { "Slot":"Slot02_Size4", "Item":"Int_ShieldCellBank_Size4_Class5", "On":true, "Priority":0, "AmmoInClip":1, "AmmoInHopper":3, "Health":1.000000, "Value":376829 }, { "Slot":"Slot03_Size4", "Item":"Int_CargoRack_Size3_Class1", "On":true, "Priority":1, "Health":1.000000, "Value":8978 }, { "Slot":"Slot05_Size1", "Item":"Int_StellarBodyDiscoveryScanner_Standard", "On":true, "Priority":1, "Health":1.000000, "Value":850 }, { "Slot":"PlanetaryApproachSuite", "Item":"Int_PlanetApproachSuite", "On":true, "Priority":1, "Health":1.000000, "Value":425 }, { "Slot":"ShipCockpit", "Item":"FerDeLance_Cockpit", "On":true, "Priority":1, "Health":1.000000, "Value":0 }, { "Slot":"CargoHatch", "Item":"ModularCargoBayDoorFDL", "On":true, "Priority":2, "Health":1.000000, "Value":0 } ] }
{ "timestamp":"2017-07-15T23:15:10Z", "event":"Docked", "StationName":"Dekker Base", "StationType":"Coriolis", "StarSystem":"Rho Cancri", "StationFaction":"Rho Cancri Crimson Central & Co", "FactionState":"CivilWar", "StationGovernment":"$government_Corporate;", "StationGovernment_Localised":"Corporate", "StationAllegiance":"Federation", "StationEconomy":"$economy_Refinery;", "StationEconomy_Localised":"Refinery", "DistFromStarLS":7.925836 }
{ "timestamp":"2017-07-15T23:16:10Z", "event":"Undocked", "StationName":"Dekker Base", "StationType":"Coriolis" }
{ "timestamp":"2017-07-15T23:16:47Z", "event":"ReceiveText", "From":"Dekker Base", "Message":"$STATION_NoFireZone_exited;", "Message_Localised":"No fire zone left.", "Channel":"npc" }
{ "timestamp":"2017-07-15T23:17:01Z", "event":"StartJump", "JumpType":"Supercruise" }
{ "timestamp":"2017-07-15T23:17:07Z", "event":"SupercruiseEntry", "StarSystem":"Rho Cancri" }
{ "timestamp":"2017-07-15T23:17:51Z", "event":"SupercruiseExit", "StarSystem":"Rho Cancri", "Body":"Rho Cancri I (55 Cnc e)", "BodyType":"Planet" }
{ "timestamp":"2017-07-15T23:19:09Z", "event":"Bounty", "Target":"asp_scout", "TotalReward":0, "VictimFaction":"Rho Cancri Organisation" }
{ "timestamp":"2017-07-15T23:19:09Z", "event":"FactionKillBond", "Reward":27600, "AwardingFaction":"Rho Cancri Crimson Central & Co", "VictimFaction":"Rho Cancri Organisation" }
{ "timestamp":"2017-07-15T23:20:18Z", "event":"ReceiveText", "From":"$ShipName_Military_Independent;", "From_Localised":"System Defence Force", "Message":"$Military_UnderFire05;", "Message_Localised":"Incoming...", "Channel":"npc" }
{ "timestamp":"2017-07-15T23:22:41Z", "event":"StartJump", "JumpType":"Supercruise" }
{ "timestamp":"2017-07-15T23:22:46Z", "event":"SupercruiseEntry", "StarSystem":"Rho Cancri" }
{ "timestamp":"2017-07-15T23:23:21Z", "event":"SupercruiseExit", "StarSystem":"Rho Cancri", "Body":"Rho Cancri I (55 Cnc e)", "BodyType":"Planet" }
{ "timestamp":"2017-07-15T23:24:51Z", "event":"ShieldState", "ShieldsUp":false }
{ "timestamp":"2017-07-15T23:25:03Z", "event":"HullDamage", "Health":0.772713, "PlayerPilot":true, "Fighter":false }
{ "timestamp":"2017-07-15T23:25:14Z", "event":"StartJump", "JumpType":"Supercruise" }
{ "timestamp":"2017-07-15T23:25:19Z", "event":"SupercruiseEntry", "StarSystem":"Rho Cancri" }
{ "timestamp":"2017-07-15T23:26:33Z", "event":"SupercruiseExit", "StarSystem":"Rho Cancri", "Body":"Dekker Base", "BodyType":"Station" }
{ "timestamp":"2017-07-15T23:26:41Z", "event":"DockingRequested", "StationName":"Dekker Base" }
{ "timestamp":"2017-07-15T23:26:41Z", "event":"ReceiveText", "From":"Dekker Base", "Message":"$DockingChatter_Cordial;", "Message_Localised":"Welcome back, Commander.", "Channel":"npc" }
{ "timestamp":"2017-07-15T23:26:42Z", "event":"ReceiveText", "From":"Dekker Base", "Message":"$STATION_docking_granted;", "Message_Localised":"Docking request granted.", "Channel":"npc" }
{ "timestamp":"2017-07-15T23:26:42Z", "event":"DockingGranted", "LandingPad":18, "StationName":"Dekker Base" }
{ "timestamp":"2017-07-15T23:26:56Z", "event":"ReceiveText", "From":"Dekker Base", "Message":"$STATION_NoFireZone_entered;", "Message_Localised":"No fire zone entered.", "Channel":"npc" }
{ "timestamp":"2017-07-15T23:27:39Z", "event":"Docked", "StationName":"Dekker Base", "StationType":"Coriolis", "StarSystem":"Rho Cancri", "StationFaction":"Rho Cancri Crimson Central & Co", "FactionState":"CivilWar", "StationGovernment":"$government_Corporate;", "StationGovernment_Localised":"Corporate", "StationAllegiance":"Federation", "StationEconomy":"$economy_Refinery;", "StationEconomy_Localised":"Refinery", "DistFromStarLS":7.917993 }
{ "timestamp":"2017-07-15T23:29:35Z", "event":"RepairAll", "Cost":50562 }
{ "timestamp":"2017-07-15T23:29:36Z", "event":"RefuelAll", "Cost":18, "Amount":0.350106 }
{ "timestamp":"2017-07-15T23:29:39Z", "event":"BuyAmmo", "Cost":399 }
{ "timestamp":"2017-07-15T23:30:18Z", "event":"RedeemVoucher", "Type":"CombatBond", "Amount":23736, "Faction":"Rho Cancri Crimson Central & Co" }
{ "timestamp":"2017-07-15T23:32:30Z", "event":"Undocked", "StationName":"Dekker Base", "StationType":"Coriolis" }
{ "timestamp":"2017-07-15T23:33:02Z", "event":"ReceiveText", "From":"Dekker Base", "Message":"$STATION_NoFireZone_exited;", "Message_Localised":"No fire zone left.", "Channel":"npc" }
{ "timestamp":"2017-07-15T23:35:08Z", "event":"StartJump", "JumpType":"Supercruise" }
{ "timestamp":"2017-07-15T23:35:13Z", "event":"SupercruiseEntry", "StarSystem":"Rho Cancri" }
{ "timestamp":"2017-07-15T23:36:06Z", "event":"SupercruiseExit", "StarSystem":"Rho Cancri", "Body":"Rho Cancri I (55 Cnc e)", "BodyType":"Planet" }
{ "timestamp":"2017-07-15T23:37:18Z", "event":"Bounty", "Target":"cobramkiii", "TotalReward":0, "VictimFaction":"Rho Cancri Organisation" }
{ "timestamp":"2017-07-15T23:37:18Z", "event":"FactionKillBond", "Reward":18400, "AwardingFaction":"Rho Cancri Crimson Central & Co", "VictimFaction":"Rho Cancri Organisation" }
{ "timestamp":"2017-07-15T23:37:43Z", "event":"Bounty", "Target":"vulture", "TotalReward":0, "VictimFaction":"Rho Cancri Organisation" }
{ "timestamp":"2017-07-15T23:37:43Z", "event":"FactionKillBond", "Reward":41400, "AwardingFaction":"Rho Cancri Crimson Central & Co", "VictimFaction":"Rho Cancri Organisation" }
{ "timestamp":"2017-07-15T23:38:09Z", "event":"Bounty", "Target":"eagle", "TotalReward":0, "VictimFaction":"Rho Cancri Organisation" }
{ "timestamp":"2017-07-15T23:38:09Z", "event":"FactionKillBond", "Reward":9200, "AwardingFaction":"Rho Cancri Crimson Central & Co", "VictimFaction":"Rho Cancri Organisation" }
{ "timestamp":"2017-07-15T23:39:42Z", "event":"Bounty", "Target":"viper_mkiv", "TotalReward":0, "VictimFaction":"Rho Cancri Organisation" }
{ "timestamp":"2017-07-15T23:39:42Z", "event":"FactionKillBond", "Reward":23000, "AwardingFaction":"Rho Cancri Crimson Central & Co", "VictimFaction":"Rho Cancri Organisation" }
{ "timestamp":"2017-07-15T23:40:31Z", "event":"Bounty", "Target":"asp", "TotalReward":0, "VictimFaction":"Rho Cancri Organisation" }
{ "timestamp":"2017-07-15T23:40:31Z", "event":"FactionKillBond", "Reward":32200, "AwardingFaction":"Rho Cancri Crimson Central & Co", "VictimFaction":"Rho Cancri Organisation" }
{ "timestamp":"2017-07-15T23:41:49Z", "event":"Bounty", "Target":"cobramkiii", "TotalReward":0, "VictimFaction":"Rho Cancri Organisation" }
{ "timestamp":"2017-07-15T23:41:49Z", "event":"FactionKillBond", "Reward":18400, "AwardingFaction":"Rho Cancri Crimson Central & Co", "VictimFaction":"Rho Cancri Organisation" }
{ "timestamp":"2017-07-15T23:42:08Z", "event":"ReceiveText", "From":"$ShipName_Military_Independent;", "From_Localised":"System Defence Force", "Message":"$Military_UnderFire03;", "Message_Localised":"Time to show you what a real pilot can do... ", "Channel":"npc" }
{ "timestamp":"2017-07-15T23:42:16Z", "event":"Bounty", "Target":"vulture", "TotalReward":0, "VictimFaction":"Rho Cancri Organisation" }
{ "timestamp":"2017-07-15T23:42:16Z", "event":"FactionKillBond", "Reward":41400, "AwardingFaction":"Rho Cancri Crimson Central & Co", "VictimFaction":"Rho Cancri Organisation" }
{ "timestamp":"2017-07-15T23:43:45Z", "event":"HeatWarning" }
{ "timestamp":"2017-07-15T23:44:23Z", "event":"HeatWarning" }
{ "timestamp":"2017-07-15T23:44:41Z", "event":"HeatWarning" }
{ "timestamp":"2017-07-15T23:45:00Z", "event":"HeatWarning" }
{ "timestamp":"2017-07-15T23:45:03Z", "event":"HeatDamage" }
{ "timestamp":"2017-07-15T23:45:14Z", "event":"StartJump", "JumpType":"Supercruise" }
{ "timestamp":"2017-07-15T23:45:19Z", "event":"SupercruiseEntry", "StarSystem":"Rho Cancri" }
{ "timestamp":"2017-07-15T23:45:19Z", "event":"HeatWarning" }
{ "timestamp":"2017-07-15T23:46:28Z", "event":"SupercruiseExit", "StarSystem":"Rho Cancri", "Body":"Dekker Base", "BodyType":"Station" }
{ "timestamp":"2017-07-15T23:46:37Z", "event":"DockingRequested", "StationName":"Dekker Base" }
{ "timestamp":"2017-07-15T23:46:37Z", "event":"ReceiveText", "From":"Dekker Base", "Message":"$DockingChatter_Cordial;", "Message_Localised":"Welcome back, Commander.", "Channel":"npc" }
{ "timestamp":"2017-07-15T23:46:38Z", "event":"ReceiveText", "From":"Dekker Base", "Message":"$STATION_docking_granted;", "Message_Localised":"Docking request granted.", "Channel":"npc" }
{ "timestamp":"2017-07-15T23:46:38Z", "event":"DockingGranted", "LandingPad":23, "StationName":"Dekker Base" }
{ "timestamp":"2017-07-15T23:46:44Z", "event":"ReceiveText", "From":"Dekker Base", "Message":"$STATION_NoFireZone_entered;", "Message_Localised":"No fire zone entered.", "Channel":"npc" }
{ "timestamp":"2017-07-15T23:47:55Z", "event":"Docked", "StationName":"Dekker Base", "StationType":"Coriolis", "StarSystem":"Rho Cancri", "StationFaction":"Rho Cancri Crimson Central & Co", "FactionState":"CivilWar", "StationGovernment":"$government_Corporate;", "StationGovernment_Localised":"Corporate", "StationAllegiance":"Federation", "StationEconomy":"$economy_Refinery;", "StationEconomy_Localised":"Refinery", "DistFromStarLS":7.904605 }
{ "timestamp":"2017-07-15T23:48:04Z", "event":"RefuelAll", "Cost":24, "Amount":0.467746 }
{ "timestamp":"2017-07-15T23:48:05Z", "event":"RepairAll", "Cost":6310 }
{ "timestamp":"2017-07-15T23:48:07Z", "event":"BuyAmmo", "Cost":2119 }
{ "timestamp":"2017-07-15T23:48:16Z", "event":"RedeemVoucher", "Type":"CombatBond", "Amount":158240, "Faction":"Rho Cancri Crimson Central & Co" }
{ "timestamp":"2017-07-16T04:11:30Z", "event":"MissionAccepted", "Faction":"Rho Cancri Crimson Central & Co", "Name":"Mission_AltruismCredits", "Expiry":"2017-07-16T07:52:30Z", "Influence":"Low", "Reputation":"High", "MissionID":170220161 }
{ "timestamp":"2017-07-16T04:11:33Z", "event":"MissionCompleted", "Faction":"Rho Cancri Crimson Central & Co", "Name":"Mission_AltruismCredits_name", "MissionID":170220161, "Donation":25000 }
{ "timestamp":"2017-07-16T04:44:31Z", "event":"MissionAccepted", "Faction":"Rho Cancri Crimson Central & Co", "Name":"Mission_Assassinate_RankFed", "TargetType":"$MissionUtil_FactionTag_PirateLord;", "TargetType_Localised":"Pirate lord", "TargetFaction":"Bureau of G 109-55 Focus", "DestinationSystem":"G 109-55", "DestinationStation":"Grabe Refinery", "Target":"William Dobson", "Expiry":"2017-07-17T04:11:00Z", "Influence":"Med", "Reputation":"Med", "MissionID":170234555 }
{ "timestamp":"2017-07-16T04:45:16Z", "event":"Undocked", "StationName":"Dekker Base", "StationType":"Coriolis" }
{ "timestamp":"2017-07-16T04:45:48Z", "event":"ReceiveText", "From":"Dekker Base", "Message":"$STATION_NoFireZone_exited;", "Message_Localised":"No fire zone left.", "Channel":"npc" }
{ "timestamp":"2017-07-16T04:46:09Z", "event":"StartJump", "JumpType":"Hyperspace", "StarSystem":"DX 507", "StarClass":"T" }
{ "timestamp":"2017-07-16T04:46:28Z", "event":"FSDJump", "StarSystem":"DX 507", "StarPos":[13.188,17.938,-34.188], "SystemAllegiance":"", "SystemEconomy":"$economy_None;", "SystemEconomy_Localised":"None", "SystemGovernment":"$government_None;", "SystemGovernment_Localised":"None", "SystemSecurity":"$SYSTEM_SECURITY_low;", "SystemSecurity_Localised":"Low Security", "JumpDist":8.932, "FuelUsed":1.261063, "FuelLevel":6.738936 }
{ "timestamp":"2017-07-16T04:47:06Z", "event":"StartJump", "JumpType":"Hyperspace", "StarSystem":"G 109-55", "StarClass":"M" }
{ "timestamp":"2017-07-16T04:47:24Z", "event":"FSDJump", "StarSystem":"G 109-55", "StarPos":[7.313,12.219,-37.656], "SystemAllegiance":"Federation", "SystemEconomy":"$economy_Refinery;", "SystemEconomy_Localised":"Refinery", "SystemGovernment":"$government_Corporate;", "SystemGovernment_Localised":"Corporate", "SystemSecurity":"$SYSTEM_SECURITY_medium;", "SystemSecurity_Localised":"Medium Security", "JumpDist":8.902, "FuelUsed":1.243424, "FuelLevel":5.495513, "Factions":[ { "Name":"Pollux Purple Galactic Inc", "FactionState":"Boom", "Government":"Corporate", "Influence":0.076000, "Allegiance":"Independent" }, { "Name":"Democrats of G 109-55", "FactionState":"None", "Government":"Democracy", "Influence":0.309000, "Allegiance":"Federation", "RecoveringStates":[ { "State":"Boom", "Trend":1 } ] }, { "Name":"LP 255-11 Republic Party", "FactionState":"Boom", "Government":"Democracy", "Influence":0.139000, "Allegiance":"Federation" }, { "Name":"G 109-55 & Co", "FactionState":"Boom", "Government":"Corporate", "Influence":0.290000, "Allegiance":"Federation" }, { "Name":"Bureau of G 109-55 Focus", "FactionState":"CivilWar", "Government":"Dictatorship", "Influence":0.075000, "Allegiance":"Independent", "RecoveringStates":[ { "State":"Boom", "Trend":0 } ] }, { "Name":"G 109-55 Solutions", "FactionState":"Lockdown", "Government":"Corporate", "Influence":0.042000, "Allegiance":"Federation", "PendingStates":[ { "State":"Boom", "Trend":1 } ] }, { "Name":"G 109-55 Society", "FactionState":"CivilWar", "Government":"Anarchy", "Influence":0.069000, "Allegiance":"Independent", "RecoveringStates":[ { "State":"Boom", "Trend":-1 } ] } ], "SystemFaction":"G 109-55 & Co", "FactionState":"Boom" }
{ "timestamp":"2017-07-16T04:48:23Z", "event":"SupercruiseExit", "StarSystem":"G 109-55", "Body":"G 109-55 A", "BodyType":"Star" }
{ "timestamp":"2017-07-16T04:48:51Z", "event":"Scanned", "ScanType":"Crime" }
{ "timestamp":"2017-07-16T04:48:51Z", "event":"ReceiveText", "From":"$npc_name_decorate:#name=Jake Collier;", "From_Localised":"Jake Collier", "Message":"$BountyHunter_ThankYouPassedStopAndSearch02;", "Message_Localised":"You're not the one I'm looking for. Move along.", "Channel":"npc" }
{ "timestamp":"2017-07-16T04:49:01Z", "event":"ReceiveText", "From":"$npc_name_decorate:#name=William Dobson;", "From_Localised":"William Dobson", "Message":"$PirateLord_Arrival06;", "Message_Localised":"I am here. Soon you will not be.", "Channel":"npc" }
{ "timestamp":"2017-07-16T04:49:12Z", "event":"ReceiveText", "From":"$npc_name_decorate:#name=William Dobson;", "From_Localised":"William Dobson", "Message":"$PirateLord_OnDeclarePiracyAttack06;", "Message_Localised":"You are about to meet your end.", "Channel":"npc" }
{ "timestamp":"2017-07-16T04:49:16Z", "event":"Scanned", "ScanType":"Cargo" }
{ "timestamp":"2017-07-16T04:49:16Z", "event":"ReceiveText", "From":"$npc_name_decorate:#name=Federal Agent;", "From_Localised":"Federal Agent", "Message":"$Generic_NoAttackGeneric04;", "Message_Localised":"Damn! You're useless to me! They said this sector was rich pickings, what gives?", "Channel":"npc" }
{ "timestamp":"2017-07-16T04:49:41Z", "event":"Scanned", "ScanType":"Crime" }
{ "timestamp":"2017-07-16T04:49:41Z", "event":"ReceiveText", "From":"$npc_name_decorate:#name=Keridan;", "From_Localised":"Keridan", "Message":"$BountyHunter_ThankYouPassedStopAndSearch05;", "Message_Localised":"Keep your nose clean, Commander. Now proceed with your journey.", "Channel":"npc" }
{ "timestamp":"2017-07-16T04:49:42Z", "event":"Scanned", "ScanType":"Cargo" }
{ "timestamp":"2017-07-16T04:49:42Z", "event":"ReceiveText", "From":"$npc_name_decorate:#name=Federal Agent;", "From_Localised":"Federal Agent", "Message":"$Generic_NoAttackGeneric02;", "Message_Localised":"Well, you were a complete waste of my time and effort.", "Channel":"npc" }
{ "timestamp":"2017-07-16T04:50:00Z", "event":"HeatWarning" }
{ "timestamp":"2017-07-16T04:50:16Z", "event":"ReceiveText", "From":"$ShipName_Police_Federation;", "From_Localised":"Federal Security Service", "Message":"$Police_ArriveInvestigate01;", "Message_Localised":"Investigating reports of crime.", "Channel":"npc" }
{ "timestamp":"2017-07-16T04:50:22Z", "event":"StartJump", "JumpType":"Hyperspace", "StarSystem":"Pollux", "StarClass":"G" }
{ "timestamp":"2017-07-16T04:50:41Z", "event":"FSDJump", "StarSystem":"Pollux", "StarPos":[6.719,13.719,-30.125], "SystemAllegiance":"Independent", "SystemEconomy":"$economy_Military;", "SystemEconomy_Localised":"Military", "SystemGovernment":"$government_Corporate;", "SystemGovernment_Localised":"Corporate", "SystemSecurity":"$SYSTEM_SECURITY_low;", "SystemSecurity_Localised":"Low Security", "JumpDist":7.702, "FuelUsed":0.885430, "FuelLevel":4.610084, "Factions":[ { "Name":"Pollux Purple Galactic Inc", "FactionState":"Boom", "Government":"Corporate", "Influence":0.562438, "Allegiance":"Independent" }, { "Name":"Democrats of G 109-55", "FactionState":"War", "Government":"Democracy", "Influence":0.121878, "Allegiance":"Federation", "RecoveringStates":[ { "State":"Boom", "Trend":1 } ] }, { "Name":"Taliesin Crimson Fortune Systems", "FactionState":"None", "Government":"Corporate", "Influence":0.081918, "Allegiance":"Federation", "RecoveringStates":[ { "State":"Boom", "Trend":0 } ] }, { "Name":"CU Cancri Interstellar", "FactionState":"Boom", "Government":"Corporate", "Influence":0.105894, "Allegiance":"Federation" }, { "Name":"Uniting Pollux", "FactionState":"CivilWar", "Government":"Cooperative", "Influence":0.020979, "Allegiance":"Independent", "PendingStates":[ { "State":"Boom", "Trend":0 } ] }, { "Name":"Mafia of Pollux", "FactionState":"CivilWar", "Government":"Anarchy", "Influence":0.011988, "Allegiance":"Independent" }, { "Name":"Daedalus Consortium", "FactionState":"War", "Government":"Corporate", "Influence":0.094905, "Allegiance":"Independent", "RecoveringStates":[ { "State":"Boom", "Trend":1 }, { "State":"Famine", "Trend":0 } ] } ], "SystemFaction":"Pollux Purple Galactic Inc", "FactionState":"Boom" }
{ "timestamp":"2017-07-16T04:50:48Z", "event":"ReceiveText", "From":"$npc_name_decorate:#name=Gareth Clark;", "From_Localised":"Gareth Clark", "Message":"$Messenger_HunterPassiveSC_Relevant01;", "Message_Localised":"Good job I've found you, you're a hard one to track down.", "Channel":"npc" }
{ "timestamp":"2017-07-16T04:51:03Z", "event":"ReceiveText", "From":"$npc_name_decorate:#name=Gareth Clark;", "From_Localised":"Gareth Clark", "Message":"$Messenger_HunterPassiveSC_Drop02;", "Message_Localised":"I'm about to drop down. Can you follow me?", "Channel":"npc" }
{ "timestamp":"2017-07-16T04:53:02Z", "event":"SupercruiseExit", "StarSystem":"Pollux", "Body":"Pollux", "BodyType":"Star" }
{ "timestamp":"2017-07-16T04:53:11Z", "event":"ReceiveText", "From":"$npc_name_decorate:#name=Gareth Clark;", "From_Localised":"Gareth Clark", "Message":"$Mission_Assassinate_RankFed_ContactChat1:#pilotName1=William Dobson:#destinationStationName=Grabe Refinery:#destinationStationSystemName=G 109-55:#Reward=523377.000000:#startStationName=Dekker Base:#startSystemName=Rho Cancri:#startStationSystemName=Rho Cancri:#TargetType=$MissionUtil_FactionTag_PirateLord;:#AltTargetType=$MissionUtil_FactionTag_Informant;:#ContactSystem=Pollux:#pilotName2=Gareth Clark:#TimeStart=$TIME_HOURS_MINUTES:#value=16500;:#TimeEnd=$TIME_HOURS_MINUTES:#value=21900;:#altDestinationStationName=Alcala Hub:#altDestinationStationSystemName=Cavins:#NewDestinationStationSystemName=Pollux:#pilotName3=Ziggerilo:#factionToKill=Bureau of G 109-55 Focus:#minorFaction=Rho Cancri Crimson Central & Co:#altFactionToKill=League of Corbenic Defence Party:#ContactTimeStart=$TIME_HOURS_MINUTES:#value=17400;:#ContactTimeEnd=$TIME_HOURS_MINUTES:#value=22800;:#commanderName=Kith000;", "Message_Localised":"I've seen William Dobson in the area. If you're looking for them then you should be able to catch up with them.", "Channel":"npc" }
{ "timestamp":"2017-07-16T04:54:06Z", "event":"StartJump", "JumpType":"Hyperspace", "StarSystem":"G 109-55", "StarClass":"M" }
{ "timestamp":"2017-07-16T04:54:25Z", "event":"FSDJump", "StarSystem":"G 109-55", "StarPos":[7.313,12.219,-37.656], "SystemAllegiance":"Federation", "SystemEconomy":"$economy_Refinery;", "SystemEconomy_Localised":"Refinery", "SystemGovernment":"$government_Corporate;", "SystemGovernment_Localised":"Corporate", "SystemSecurity":"$SYSTEM_SECURITY_medium;", "SystemSecurity_Localised":"Medium Security", "JumpDist":7.702, "FuelUsed":0.881358, "FuelLevel":3.728725, "Factions":[ { "Name":"Pollux Purple Galactic Inc", "FactionState":"Boom", "Government":"Corporate", "Influence":0.076000, "Allegiance":"Independent" }, { "Name":"Democrats of G 109-55", "FactionState":"None", "Government":"Democracy", "Influence":0.309000, "Allegiance":"Federation", "RecoveringStates":[ { "State":"Boom", "Trend":1 } ] }, { "Name":"LP 255-11 Republic Party", "FactionState":"Boom", "Government":"Democracy", "Influence":0.139000, "Allegiance":"Federation" }, { "Name":"G 109-55 & Co", "FactionState":"Boom", "Government":"Corporate", "Influence":0.290000, "Allegiance":"Federation" }, { "Name":"Bureau of G 109-55 Focus", "FactionState":"CivilWar", "Government":"Dictatorship", "Influence":0.075000, "Allegiance":"Independent", "RecoveringStates":[ { "State":"Boom", "Trend":0 } ] }, { "Name":"G 109-55 Solutions", "FactionState":"Lockdown", "Government":"Corporate", "Influence":0.042000, "Allegiance":"Federation", "PendingStates":[ { "State":"Boom", "Trend":1 } ] }, { "Name":"G 109-55 Society", "FactionState":"CivilWar", "Government":"Anarchy", "Influence":0.069000, "Allegiance":"Independent", "RecoveringStates":[ { "State":"Boom", "Trend":-1 } ] } ], "SystemFaction":"G 109-55 & Co", "FactionState":"Boom" }
{ "timestamp":"2017-07-16T04:55:38Z", "event":"SupercruiseExit", "StarSystem":"G 109-55", "Body":"G 109-55 A", "BodyType":"Star" }
{ "timestamp":"2017-07-16T04:56:15Z", "event":"Scanned", "ScanType":"Crime" }
{ "timestamp":"2017-07-16T04:56:16Z", "event":"ReceiveText", "From":"$npc_name_decorate:#name=DILLON MCBLANE;", "From_Localised":"DILLON MCBLANE", "Message":"$BountyHunter_ThankYouPassedStopAndSearch05;", "Message_Localised":"Keep your nose clean, Commander. Now proceed with your journey.", "Channel":"npc" }
{ "timestamp":"2017-07-16T04:56:32Z", "event":"Scanned", "ScanType":"Crime" }
{ "timestamp":"2017-07-16T04:56:33Z", "event":"ReceiveText", "From":"$npc_name_decorate:#name=Felix VanderHallen;", "From_Localised":"Felix VanderHallen", "Message":"$BountyHunter_ThankYouPassedStopAndSearch05;", "Message_Localised":"Keep your nose clean, Commander. Now proceed with your journey.", "Channel":"npc" }
{ "timestamp":"2017-07-16T04:56:35Z", "event":"Scanned", "ScanType":"Cargo" }
{ "timestamp":"2017-07-16T04:56:35Z", "event":"ReceiveText", "From":"$npc_name_decorate:#name=Federal Agent;", "From_Localised":"Federal Agent", "Message":"$Generic_NoAttackGeneric03;", "Message_Localised":"Another ship that's not worth my time, this is turning into a bad day.", "Channel":"npc" }
{ "timestamp":"2017-07-16T04:56:36Z", "event":"Scanned", "ScanType":"Cargo" }
{ "timestamp":"2017-07-16T04:56:36Z", "event":"ReceiveText", "From":"$npc_name_decorate:#name=Federal Agent;", "From_Localised":"Federal Agent", "Message":"$Generic_NoAttackGeneric04;", "Message_Localised":"Damn! You're useless to me! They said this sector was rich pickings, what gives?", "Channel":"npc" }
{ "timestamp":"2017-07-16T04:59:07Z", "event":"Scanned", "ScanType":"Crime" }
{ "timestamp":"2017-07-16T05:00:25Z", "event":"ReceiveText", "From":"$npc_name_decorate:#name=Fat Steve;", "From_Localised":"Fat Steve", "Message":"$BadKarmaCriticalDamage10;", "Message_Localised":"You've scratched my paint!", "Channel":"npc" }
{ "timestamp":"2017-07-16T05:01:08Z", "event":"Bounty", "Rewards":[ { "Faction":"G 109-55 & Co", "Reward":1600 }, { "Faction":"Federation", "Reward":50490 } ], "Target":"vulture", "TotalReward":52090, "VictimFaction":"G 109-55 Society" }
{ "timestamp":"2017-07-16T05:01:41Z", "event":"StartJump", "JumpType":"Supercruise" }
{ "timestamp":"2017-07-16T05:01:46Z", "event":"SupercruiseEntry", "StarSystem":"G 109-55" }
{ "timestamp":"2017-07-16T05:04:14Z", "event":"ApproachSettlement", "Name":"Adams Landing" }
{ "timestamp":"2017-07-16T05:04:14Z", "event":"ApproachSettlement", "Name":"Deluc's Claim ++" }
{ "timestamp":"2017-07-16T05:05:05Z", "event":"ApproachSettlement", "Name":"Deluc's Claim ++" }
{ "timestamp":"2017-07-16T05:05:05Z", "event":"ApproachSettlement", "Name":"Adams Landing" }
{ "timestamp":"2017-07-16T05:05:08Z", "event":"SupercruiseExit", "StarSystem":"G 109-55", "Body":"G 109-55 B 4", "BodyType":"Planet" }
{ "timestamp":"2017-07-16T05:05:26Z", "event":"DockingRequested", "StationName":"Adams Landing" }
{ "timestamp":"2017-07-16T05:05:26Z", "event":"ReceiveText", "From":"Adams Landing", "Message":"$DockingChatter_Neutral;", "Message_Localised":"Ensure to observe starport protocol during your visit, pilot.", "Channel":"npc" }
{ "timestamp":"2017-07-16T05:05:28Z", "event":"ReceiveText", "From":"Adams Landing", "Message":"$STATION_docking_granted;", "Message_Localised":"Docking request granted.", "Channel":"npc" }
{ "timestamp":"2017-07-16T05:05:28Z", "event":"DockingGranted", "LandingPad":6, "StationName":"Adams Landing" }
{ "timestamp":"2017-07-16T05:05:32Z", "event":"ReceiveText", "From":"Adams Landing", "Message":"$STATION_NoFireZone_entered;", "Message_Localised":"No fire zone entered.", "Channel":"npc" }
{ "timestamp":"2017-07-16T05:06:17Z", "event":"Docked", "StationName":"Adams Landing", "StationType":"SurfaceStation", "StarSystem":"G 109-55", "StationFaction":"G 109-55 & Co", "FactionState":"Boom", "StationGovernment":"$government_Corporate;", "StationGovernment_Localised":"Corporate", "StationAllegiance":"Federation", "StationEconomy":"$economy_Refinery;", "StationEconomy_Localised":"Refinery", "DistFromStarLS":551.899841 }
{ "timestamp":"2017-07-16T05:06:28Z", "event":"RefuelAll", "Cost":246, "Amount":4.898031 }
{ "timestamp":"2017-07-16T05:06:33Z", "event":"BuyAmmo", "Cost":623 }
{ "timestamp":"2017-07-16T05:06:34Z", "event":"RepairAll", "Cost":558 }
{ "timestamp":"2017-07-16T05:07:46Z", "event":"ModuleBuy", "Slot":"Slot04_Size2", "BuyItem":"$int_fsdinterdictor_size2_class4_name;", "BuyItem_Localised":"FSD Interdictor", "BuyPrice":907200, "Ship":"ferdelance", "ShipID":9 }
{ "timestamp":"2017-07-16T05:10:01Z", "event":"Undocked", "StationName":"Adams Landing", "StationType":"SurfaceStation" }
{ "timestamp":"2017-07-16T05:10:15Z", "event":"ReceiveText", "From":"Adams Landing", "Message":"$STATION_NoFireZone_exited;", "Message_Localised":"No fire zone left.", "Channel":"npc" }
{ "timestamp":"2017-07-16T05:10:30Z", "event":"StartJump", "JumpType":"Supercruise" }
{ "timestamp":"2017-07-16T05:10:31Z", "event":"ApproachSettlement", "Name":"Deluc's Claim ++" }
{ "timestamp":"2017-07-16T05:10:31Z", "event":"ApproachSettlement", "Name":"Adams Landing" }
{ "timestamp":"2017-07-16T05:10:35Z", "event":"SupercruiseEntry", "StarSystem":"G 109-55" }
{ "timestamp":"2017-07-16T05:15:47Z", "event":"ApproachSettlement", "Name":"Foda Depot +" }
{ "timestamp":"2017-07-16T05:15:54Z", "event":"ReceiveText", "From":"$ShipName_PassengerLiner_Wedding;", "From_Localised":"Wedding Barge", "Message":"$ConvoyWedding_Patrol07;", "Message_Localised":"Today is the best day of my life.", "Channel":"npc" }
{ "timestamp":"2017-07-16T05:16:11Z", "event":"USSDrop", "USSType":"$USS_Type_MissionTarget;", "USSType_Localised":"Mission target", "USSThreat":3 }
{ "timestamp":"2017-07-16T05:16:13Z", "event":"SupercruiseExit", "StarSystem":"G 109-55", "Body":"G 109-55 B 1", "BodyType":"Planet" }
{ "timestamp":"2017-07-16T05:16:15Z", "event":"ReceiveText", "From":"$npc_name_decorate:#name=William Dobson;", "From_Localised":"William Dobson", "Message":"$PirateLord_Arrival06;", "Message_Localised":"I am here. Soon you will not be.", "Channel":"npc" }
{ "timestamp":"2017-07-16T05:16:59Z", "event":"ReceiveText", "From":"$npc_name_decorate:#name=Robert Orton;", "From_Localised":"Robert Orton", "Message":"$DistressCallDamagedPilot_Stationed_05;", "Message_Localised":"Mayday! Can anyone read me? I repeat, Mayday!", "Channel":"npc" }
{ "timestamp":"2017-07-16T05:17:22Z", "event":"HeatWarning" }
{ "timestamp":"2017-07-16T05:17:33Z", "event":"HeatWarning" }
{ "timestamp":"2017-07-16T05:17:38Z", "event":"ReceiveText", "From":"$npc_name_decorate:#name=Robert Orton;", "From_Localised":"Robert Orton", "Message":"$DistressCallAmbushedPilot_03;", "Message_Localised":"Can anyone read me? I'm being ambushed by pirates, need immediate assistance. Help me please.", "Channel":"npc" }
{ "timestamp":"2017-07-16T05:18:01Z", "event":"HeatWarning" }
{ "timestamp":"2017-07-16T05:18:08Z", "event":"ReceiveText", "From":"$npc_name_decorate:#name=Robert Orton;", "From_Localised":"Robert Orton", "Message":"$DistressCallAmbushedPilot_02;", "Message_Localised":"Mayday! I'm being ambushed by pirates. I can't hold them off much longer. Please help!", "Channel":"npc" }
{ "timestamp":"2017-07-16T05:18:45Z", "event":"HeatWarning" }
{ "timestamp":"2017-07-16T05:19:06Z", "event":"HeatWarning" }
{ "timestamp":"2017-07-16T05:19:07Z", "event":"ReceiveText", "From":"$npc_name_decorate:#name=Robert Orton;", "From_Localised":"Robert Orton", "Message":"$DistressCallDamagedPilot_Stationed_01;", "Message_Localised":"Mayday! Taking heavy damage, lost engines, venting fuel and oxygen. Mayday!", "Channel":"npc" }
{ "timestamp":"2017-07-16T05:19:24Z", "event":"HeatWarning" }
{ "timestamp":"2017-07-16T05:19:55Z", "event":"ShieldState", "ShieldsUp":false }
{ "timestamp":"2017-07-16T05:20:02Z", "event":"ReceiveText", "From":"$npc_name_decorate:#name=Robert Orton;", "From_Localised":"Robert Orton", "Message":"$DistressCallDamagedPilot_Stationed_01;", "Message_Localised":"Mayday! Taking heavy damage, lost engines, venting fuel and oxygen. Mayday!", "Channel":"npc" }
{ "timestamp":"2017-07-16T05:20:12Z", "event":"Bounty", "Rewards":[ { "Faction":"G 109-55 & Co", "Reward":400 }, { "Faction":"Federation", "Reward":75652 } ], "Target":"python", "TotalReward":76052, "VictimFaction":"Bureau of G 109-55 Focus" }
{ "timestamp":"2017-07-16T05:21:01Z", "event":"ReceiveText", "From":"$npc_name_decorate:#name=Robert Orton;", "From_Localised":"Robert Orton", "Message":"$DistressCallDamagedPilot_Stationed_05;", "Message_Localised":"Mayday! Can anyone read me? I repeat, Mayday!", "Channel":"npc" }
{ "timestamp":"2017-07-16T05:21:18Z", "event":"ShieldState", "ShieldsUp":true }
{ "timestamp":"2017-07-16T05:21:19Z", "event":"StartJump", "JumpType":"Hyperspace", "StarSystem":"DX 507", "StarClass":"T" }
{ "timestamp":"2017-07-16T05:21:38Z", "event":"FSDJump", "StarSystem":"DX 507", "StarPos":[13.188,17.938,-34.188], "SystemAllegiance":"", "SystemEconomy":"$economy_None;", "SystemEconomy_Localised":"None", "SystemGovernment":"$government_None;", "SystemGovernment_Localised":"None", "SystemSecurity":"$SYSTEM_SECURITY_low;", "SystemSecurity_Localised":"Low Security", "JumpDist":8.902, "FuelUsed":1.277609, "FuelLevel":6.722392 }
{ "timestamp":"2017-07-16T05:22:26Z", "event":"StartJump", "JumpType":"Hyperspace", "StarSystem":"Rho Cancri", "StarClass":"K" }
{ "timestamp":"2017-07-16T05:22:45Z", "event":"FSDJump", "StarSystem":"Rho Cancri", "StarPos":[9.344,24.938,-30.188], "SystemAllegiance":"Independent", "SystemEconomy":"$economy_Refinery;", "SystemEconomy_Localised":"Refinery", "SystemGovernment":"$government_Anarchy;", "SystemGovernment_Localised":"Anarchy", "SystemSecurity":"$GAlAXY_MAP_INFO_state_anarchy;", "SystemSecurity_Localised":"Anarchy", "JumpDist":8.932, "FuelUsed":1.278886, "FuelLevel":5.443505, "Factions":[ { "Name":"Pollux Purple Galactic Inc", "FactionState":"Boom", "Government":"Corporate", "Influence":0.152847, "Allegiance":"Independent" }, { "Name":"BD+41 1865 Resistance", "FactionState":"Boom", "Government":"Democracy", "Influence":0.249750, "Allegiance":"Federation" }, { "Name":"Rho Cancri People's Party", "FactionState":"Boom", "Government":"Communism", "Influence":0.083916, "Allegiance":"Independent" }, { "Name":"Law Party of Rho Cancri", "FactionState":"None", "Government":"Dictatorship", "Influence":0.106893, "Allegiance":"Independent", "PendingStates":[ { "State":"Boom", "Trend":1 } ] }, { "Name":"Rho Cancri Crimson Central & Co", "FactionState":"CivilWar", "Government":"Corporate", "Influence":0.230769, "Allegiance":"Federation", "RecoveringStates":[ { "State":"Boom", "Trend":0 } ] }, { "Name":"Rho Cancri Organisation", "FactionState":"CivilWar", "Government":"Anarchy", "Influence":0.175824, "Allegiance":"Independent", "RecoveringStates":[ { "State":"Boom", "Trend":0 } ] } ], "SystemFaction":"Rho Cancri Organisation", "FactionState":"CivilWar" }
