{ "timestamp":"2017-04-15T20:51:10Z", "event":"Fileheader", "part":1, "language":"English\\UK", "gameversion":"2.3", "build":"r141964/r0 " }
{ "timestamp":"2017-04-15T20:52:44Z", "event":"Cargo", "Inventory":[  ] }
{ "timestamp":"2017-04-15T20:52:44Z", "event":"Loadout", "Ship":"Vulture", "ShipID":3, "ShipName":"", "ShipIdent":"", "Modules":[ { "Slot":"LargeHardpoint1", "Item":"Hpt_PulseLaser_Turret_Large", "On":true, "Priority":0, "Health":1.000000, "Value":400400 }, { "Slot":"LargeHardpoint2", "Item":"Hpt_PulseLaser_Turret_Large", "On":true, "Priority":0, "Health":1.000000, "Value":400400 }, { "Slot":"TinyHardpoint2", "Item":"Hpt_ShieldBooster_Size0_Class5", "On":true, "Priority":0, "Health":1.000000, "Value":281000 }, { "Slot":"TinyHardpoint3", "Item":"Hpt_ChaffLauncher_Tiny", "On":true, "Priority":0, "AmmoInClip":1, "AmmoInHopper":3, "Health":1.000000, "Value":8500 }, { "Slot":"TinyHardpoint4", "Item":"Hpt_ShieldBooster_Size0_Class5", "On":true, "Priority":0, "Health":1.000000, "Value":281000 }, { "Slot":"Armour", "Item":"Vulture_Armour_Grade1", "On":true, "Priority":1, "Health":1.000000, "Value":0 }, { "Slot":"PaintJob", "Item":"PaintJob_Vulture_Tactical_White", "On":true, "Priority":1, "Health":1.000000, "Value":0 }, { "Slot":"PowerPlant", "Item":"Int_Powerplant_Size4_Class5", "On":true, "Priority":1, "Health":1.000000, "Value":1610080 }, { "Slot":"MainEngines", "Item":"Int_Engine_Size5_Class5", "On":true, "Priority":0, "Health":1.000000, "Value":5103953 }, { "Slot":"FrameShiftDrive", "Item":"Int_Hyperdrive_Size4_Class5", "On":true, "Priority":3, "Health":1.000000, "Value":1610080 }, { "Slot":"LifeSupport", "Item":"Int_LifeSupport_Size3_Class1", "On":true, "Priority":0, "Health":1.000000, "Value":4053 }, { "Slot":"PowerDistributor", "Item":"Int_PowerDistributor_Size5_Class5", "On":true, "Priority":0, "Health":1.000000, "Value":1241317, "EngineerBlueprint":"PowerDistributor_HighFrequency", "EngineerLevel":1 }, { "Slot":"Radar", "Item":"Int_Sensors_Size4_Class5", "On":true, "Priority":1, "Health":1.000000, "Value":443328 }, { "Slot":"FuelTank", "Item":"Int_FuelTank_Size3_Class3", "On":true, "Priority":1, "Health":1.000000, "Value":7063 }, { "Slot":"Slot01_Size5", "Item":"Int_ShieldGenerator_Size5_Class3_Fast", "On":true, "Priority":0, "Health":1.000000, "Value":850659 }, { "Slot":"Slot02_Size4", "Item":"Int_HullReinforcement_Size4_Class2", "On":true, "Priority":1, "Health":1.000000, "Value":195000 }, { "Slot":"Slot03_Size2", "Item":"Int_HullReinforcement_Size1_Class2", "On":true, "Priority":1, "Health":1.000000, "Value":15000 }, { "Slot":"Slot05_Size1", "Item":"Int_FuelScoop_Size1_Class4", "On":true, "Priority":0, "Health":1.000000, "Value":20568 }, { "Slot":"Slot06_Size1", "Item":"Int_StellarBodyDiscoveryScanner_Standard", "On":true, "Priority":1, "Health":1.000000, "Value":1000 }, { "Slot":"PlanetaryApproachSuite", "Item":"Int_PlanetApproachSuite", "On":true, "Priority":1, "Health":1.000000, "Value":500 }, { "Slot":"ShipKitSpoiler", "Item":"Vulture_Shipkit1_Spoiler4", "On":true, "Priority":1, "Health":1.000000, "Value":0 }, { "Slot":"ShipKitWings", "Item":"Vulture_Shipkit1_Wings2", "On":true, "Priority":1, "Health":1.000000, "Value":0 }, { "Slot":"ShipKitTail", "Item":"Vulture_Shipkit1_Tail4", "On":true, "Priority":1, "Health":1.000000, "Value":0 }, { "Slot":"ShipKitBumper", "Item":"Vulture_Shipkit1_Bumper4", "On":true, "Priority":1, "Health":1.000000, "Value":0 }, { "Slot":"Military01", "Item":"Int_HullReinforcement_Size4_Class2", "On":true, "Priority":1, "Health":1.000000, "Value":195000 }, { "Slot":"ShipCockpit", "Item":"Vulture_Cockpit", "On":true, "Priority":1, "Health":1.000000, "Value":0 }, { "Slot":"CargoHatch", "Item":"ModularCargoBayDoor", "On":true, "Priority":3, "Health":1.000000, "Value":0 } ] }
{ "timestamp":"2017-04-15T20:52:44Z", "event":"Materials", "Raw":[ { "Name":"iron", "Count":14 }, { "Name":"sulphur", "Count":44 }, { "Name":"phosphorus", "Count":30 }, { "Name":"manganese", "Count":12 }, { "Name":"nickel", "Count":13 }, { "Name":"carbon", "Count":36 }, { "Name":"cadmium", "Count":12 }, { "Name":"germanium", "Count":3 }, { "Name":"tungsten", "Count":3 }, { "Name":"arsenic", "Count":3 }, { "Name":"zinc", "Count":6 }, { "Name":"selenium", "Count":12 }, { "Name":"vanadium", "Count":3 }, { "Name":"antimony", "Count":3 } ], "Manufactured":[ { "Name":"hybridcapacitors", "Count":1 }, { "Name":"focuscrystals", "Count":1 }, { "Name":"salvagedalloys", "Count":1 }, { "Name":"shieldemitters", "Count":5 }, { "Name":"galvanisingalloys", "Count":4 }, { "Name":"phasealloys", "Count":7 }, { "Name":"highdensitycomposites", "Count":3 }, { "Name":"compoundshielding", "Count":6 }, { "Name":"refinedfocuscrystals", "Count":2 }, { "Name":"conductivecomponents", "Count":3 }, { "Name":"heatresistantceramics", "Count":1 } ], "Encoded":[ { "Name":"shieldcyclerecordings", "Count":23 }, { "Name":"emissiondata", "Count":25 }, { "Name":"encodedscandata", "Count":2 }, { "Name":"decodedemissiondata", "Count":96 }, { "Name":"shieldsoakanalysis", "Count":12 }, { "Name":"scandatabanks", "Count":27 }, { "Name":"bulkscandata", "Count":7 }, { "Name":"archivedemissiondata", "Count":2 }, { "Name":"shielddensityreports", "Count":33 }, { "Name":"shieldpatternanalysis", "Count":87 }, { "Name":"compactemissionsdata", "Count":5 }, { "Name":"shieldfrequencydata", "Count":3 }, { "Name":"consumerfirmware", "Count":1 }, { "Name":"hyperspacetrajectories", "Count":1 }, { "Name":"scrambledemissiondata", "Count":1 }, { "Name":"scanarchives", "Count":13 }, { "Name":"classifiedscandata", "Count":4 } ] }
{ "timestamp":"2017-04-15T20:52:44Z", "event":"LoadGame", "Commander":"Kith000", "Ship":"Vulture", "ShipID":3, "ShipName":"", "ShipIdent":"", "FuelLevel":8.000000, "FuelCapacity":8.000000, "GameMode":"Group", "Group":"MOBIUS PVE", "Credits":43876386, "Loan":0 }
{ "timestamp":"2017-04-15T20:52:48Z", "event":"Rank", "Combat":5, "Trade":4, "Explore":2, "Empire":0, "Federation":2, "CQC":0 }
{ "timestamp":"2017-04-15T20:52:48Z", "event":"Progress", "Combat":11, "Trade":57, "Explore":16, "Empire":100, "Federation":83, "CQC":40 }
{ "timestamp":"2017-04-15T20:52:54Z", "event":"Location", "Docked":true, "StationName":"Salk Terminal", "StationType":"Outpost", "StarSystem":"Malayamatha", "StarPos":[113.438,0.094,-45.719], "SystemAllegiance":"Independent", "SystemEconomy":"$economy_Extraction;", "SystemEconomy_Localised":"Extraction", "SystemGovernment":"$government_Cooperative;", "SystemGovernment_Localised":"Cooperative", "SystemSecurity":"$SYSTEM_SECURITY_low;", "SystemSecurity_Localised":"Low Security", "Body":"Salk Terminal", "BodyType":"Station", "Factions":[ { "Name":"Malayamatha Systems", "FactionState":"Boom", "Government":"Corporate", "Influence":0.041000, "Allegiance":"Federation" }, { "Name":"Independent Deciat Green Party", "FactionState":"Boom", "Government":"Democracy", "Influence":0.107000, "Allegiance":"Federation" }, { "Name":"Kremata Incorporated", "FactionState":"Boom", "Government":"Corporate", "Influence":0.076000, "Allegiance":"Federation" }, { "Name":"Movement for Hakkaia Liberals", "FactionState":"Retreat", "Government":"Democracy", "Influence":0.031000, "Allegiance":"Federation" }, { "Name":"Amarishvaru Advanced Holdings", "FactionState":"None", "Government":"Corporate", "Influence":0.068000, "Allegiance":"Empire" }, { "Name":"Malayamatha Monarchy", "FactionState":"Boom", "Government":"Feudal", "Influence":0.035000, "Allegiance":"Independent" }, { "Name":"Co-operative of Malayamatha", "FactionState":"None", "Government":"Cooperative", "Influence":0.642000, "Allegiance":"Independent" } ], "SystemFaction":"Co-operative of Malayamatha" }
{ "timestamp":"2017-04-15T20:52:55Z", "event":"Docked", "StationName":"Salk Terminal", "StationType":"Outpost", "StarSystem":"Malayamatha", "StationFaction":"Co-operative of Malayamatha", "StationGovernment":"$government_Cooperative;", "StationGovernment_Localised":"Cooperative", "StationEconomy":"$economy_Extraction;", "StationEconomy_Localised":"Extraction", "DistFromStarLS":991.669617 }
{ "timestamp":"2017-04-15T20:53:21Z", "event":"Undocked", "StationName":"Salk Terminal", "StationType":"Outpost" }
{ "timestamp":"2017-04-15T20:53:56Z", "event":"ReceiveText", "From":"Salk Terminal", "Message":"$STATION_NoFireZone_exited;", "Message_Localised":"No fire zone left.", "Channel":"npc" }
{ "timestamp":"2017-04-15T20:54:15Z", "event":"StartJump", "JumpType":"Hyperspace", "StarSystem":"Kremata", "StarClass":"M" }
{ "timestamp":"2017-04-15T20:54:33Z", "event":"FSDJump", "StarSystem":"Kremata", "StarPos":[113.938,-2.344,-54.625], "SystemAllegiance":"Federation", "SystemEconomy":"$economy_Industrial;", "SystemEconomy_Localised":"Industrial", "SystemGovernment":"$government_Corporate;", "SystemGovernment_Localised":"Corporate", "SystemSecurity":"$SYSTEM_SECURITY_low;", "SystemSecurity_Localised":"Low Security", "JumpDist":9.247, "FuelUsed":0.901607, "FuelLevel":7.098393, "Factions":[ { "Name":"Independent Deciat Green Party", "FactionState":"Boom", "Government":"Democracy", "Influence":0.244000, "Allegiance":"Federation" }, { "Name":"Kremata Incorporated", "FactionState":"Boom", "Government":"Corporate", "Influence":0.489000, "Allegiance":"Federation" }, { "Name":"Kanamba League", "FactionState":"Expansion", "Government":"Confederacy", "Influence":0.131000, "Allegiance":"Federation" }, { "Name":"Republic Party of Kremata", "FactionState":"CivilWar", "Government":"Communism", "Influence":0.047000, "Allegiance":"Independent" }, { "Name":"Kremata Defence Force", "FactionState":"CivilWar", "Government":"Dictatorship", "Influence":0.048000, "Allegiance":"Independent" }, { "Name":"Brotherhood of Kremata", "FactionState":"Boom", "Government":"Anarchy", "Influence":0.041000, "Allegiance":"Independent" } ], "SystemFaction":"Kremata Incorporated", "FactionState":"Boom" }
{ "timestamp":"2017-04-15T20:55:02Z", "event":"FuelScoop", "Scooped":0.267264, "Total":7.365659 }
{ "timestamp":"2017-04-15T20:57:49Z", "event":"SupercruiseExit", "StarSystem":"Kremata", "Body":"Gardner Horizons", "BodyType":"Station" }
{ "timestamp":"2017-04-15T20:58:01Z", "event":"DockingRequested", "StationName":"Gardner Horizons" }
{ "timestamp":"2017-04-15T20:58:01Z", "event":"ReceiveText", "From":"Gardner Horizons", "Message":"$DockingChatter_Neutral;", "Message_Localised":"Ensure to observe starport protocol during your visit, pilot.", "Channel":"npc" }
{ "timestamp":"2017-04-15T20:58:03Z", "event":"ReceiveText", "From":"Gardner Horizons", "Message":"$STATION_docking_granted;", "Message_Localised":"Docking request granted.", "Channel":"npc" }
{ "timestamp":"2017-04-15T20:58:03Z", "event":"DockingGranted", "LandingPad":19, "StationName":"Gardner Horizons" }
{ "timestamp":"2017-04-15T20:58:16Z", "event":"ReceiveText", "From":"Gardner Horizons", "Message":"$STATION_NoFireZone_entered;", "Message_Localised":"No fire zone entered.", "Channel":"npc" }
{ "timestamp":"2017-04-15T20:58:47Z", "event":"Scanned", "ScanType":"Cargo" }
{ "timestamp":"2017-04-15T20:58:47Z", "event":"ReceiveText", "From":"$ShipName_Police_Federation;", "From_Localised":"Federal Security Service", "Message":"$Police_ThankYouPassedStopAndSearch02;", "Message_Localised":"You're clean. Proceed, pilot.", "Channel":"npc" }
{ "timestamp":"2017-04-15T20:59:18Z", "event":"ReceiveText", "From":"$npc_name_decorate:#name=Rendon;", "From_Localised":"Rendon", "Message":"$Commuter_AuthorityScan05;", "Message_Localised":"On what grounds are you scanning this vessel, officer?", "Channel":"npc" }
{ "timestamp":"2017-04-15T20:59:36Z", "event":"Docked", "StationName":"Gardner Horizons", "StationType":"Coriolis", "StarSystem":"Kremata", "StationFaction":"Kremata Incorporated", "FactionState":"Boom", "StationGovernment":"$government_Corporate;", "StationGovernment_Localised":"Corporate", "StationAllegiance":"Federation", "StationEconomy":"$economy_Industrial;", "StationEconomy_Localised":"Industrial", "DistFromStarLS":1506.458862 }
{ "timestamp":"2017-04-15T21:01:32Z", "event":"ModuleBuy", "Slot":"LargeHardpoint1", "SellItem":"$hpt_pulselaser_turret_large_name;", "SellItem_Localised":"Pulse Laser", "SellPrice":400400, "BuyItem":"$hpt_pulselaser_gimbal_large_name;", "BuyItem_Localised":"Pulse Laser", "BuyPrice":140600, "Ship":"vulture", "ShipID":3 }
{ "timestamp":"2017-04-15T21:01:59Z", "event":"ModuleBuy", "Slot":"LargeHardpoint2", "SellItem":"$hpt_pulselaser_turret_large_name;", "SellItem_Localised":"Pulse Laser", "SellPrice":400400, "BuyItem":"$hpt_pulselaser_gimbal_large_name;", "BuyItem_Localised":"Pulse Laser", "BuyPrice":140600, "Ship":"vulture", "ShipID":3 }
{ "timestamp":"2017-04-15T21:03:38Z", "event":"ModuleBuy", "Slot":"TinyHardpoint1", "BuyItem":"$hpt_crimescanner_size0_class1_name;", "BuyItem_Localised":"K-Warrant Scanner", "BuyPrice":13544, "Ship":"vulture", "ShipID":3 }
{ "timestamp":"2017-04-15T21:04:41Z", "event":"SetUserShipName", "Ship":"vulture", "ShipID":3, "UserShipName":"SS Minnow Johnson", "UserShipId":"KI-25V" }
{ "timestamp":"2017-04-15T21:19:54Z", "event":"ReceiveText", "From":"$npc_name_decorate:#name=Rachel Taylor;", "From_Localised":"Rachel Taylor", "Message":"$Commuter_HostileScan01;", "Message_Localised":"Please cease your unauthorised scan immediately.", "Channel":"npc" }
{ "timestamp":"2017-04-15T21:23:28Z", "event":"ReceiveText", "From":"$npc_name_decorate:#name=Hector Prime;", "From_Localised":"Hector Prime", "Message":"$Commuter_AuthorityScan02;", "Message_Localised":"How can I be of assistance?", "Channel":"npc" }
{ "timestamp":"2017-04-15T21:24:08Z", "event":"ReceiveText", "From":"$npc_name_decorate:#name=Weehawk;", "From_Localised":"Weehawk", "Message":"$Commuter_HostileScan04;", "Message_Localised":"This is not the trading ship you are looking for.", "Channel":"npc" }
{ "timestamp":"2017-04-15T21:36:33Z", "event":"ReceiveText", "From":"$npc_name_decorate:#name=Wynnock Rode;", "From_Localised":"Wynnock Rode", "Message":"$Commuter_AuthorityScan02;", "Message_Localised":"How can I be of assistance?", "Channel":"npc" }
{ "timestamp":"2017-04-15T22:10:50Z", "event":"Undocked", "StationName":"Gardner Horizons", "StationType":"Coriolis" }
{ "timestamp":"2017-04-15T22:11:25Z", "event":"ReceiveText", "From":"Gardner Horizons", "Message":"$STATION_NoFireZone_exited;", "Message_Localised":"No fire zone left.", "Channel":"npc" }
{ "timestamp":"2017-04-15T22:12:05Z", "event":"StartJump", "JumpType":"Hyperspace", "StarSystem":"Deciat", "StarClass":"K" }
{ "timestamp":"2017-04-15T22:12:24Z", "event":"FSDJump", "StarSystem":"Deciat", "StarPos":[122.625,-0.813,-47.281], "SystemAllegiance":"Federation", "SystemEconomy":"$economy_Industrial;", "SystemEconomy_Localised":"Industrial", "SystemGovernment":"$government_Democracy;", "SystemGovernment_Localised":"Democracy", "SystemSecurity":"$SYSTEM_SECURITY_high;", "SystemSecurity_Localised":"High Security", "JumpDist":11.478, "FuelUsed":1.488254, "FuelLevel":5.877405, "Factions":[ { "Name":"Felicity Farseer", "FactionState":"None", "Government":"Engineer", "Influence":0.019608, "Allegiance":"Federation" }, { "Name":"Independent Deciat Green Party", "FactionState":"Boom", "Government":"Democracy", "Influence":0.656863, "Allegiance":"Federation" }, { "Name":"Kremata Incorporated", "FactionState":"Boom", "Government":"Corporate", "Influence":0.122549, "Allegiance":"Federation" }, { "Name":"Windri & Co", "FactionState":"None", "Government":"Corporate", "Influence":0.093137, "Allegiance":"Federation" }, { "Name":"Deciat Flag", "FactionState":"Boom", "Government":"Dictatorship", "Influence":0.057843, "Allegiance":"Independent" }, { "Name":"Deciat Corp.", "FactionState":"Boom", "Government":"Corporate", "Influence":0.036275, "Allegiance":"Independent" }, { "Name":"Deciat Blue Dragons", "FactionState":"Boom", "Government":"Anarchy", "Influence":0.013725, "Allegiance":"Independent" } ], "SystemFaction":"Independent Deciat Green Party", "FactionState":"Boom" }
{ "timestamp":"2017-04-15T22:12:34Z", "event":"FuelScoop", "Scooped":0.015960, "Total":5.893363 }
{ "timestamp":"2017-04-15T22:13:10Z", "event":"StartJump", "JumpType":"Hyperspace", "StarSystem":"Xinca", "StarClass":"F" }
{ "timestamp":"2017-04-15T22:13:29Z", "event":"FSDJump", "StarSystem":"Xinca", "StarPos":[123.906,-6.406,-48.938], "SystemAllegiance":"Independent", "SystemEconomy":"$economy_Agri;", "SystemEconomy_Localised":"Agriculture", "SystemGovernment":"$government_Dictatorship;", "SystemGovernment_Localised":"Dictatorship", "SystemSecurity":"$SYSTEM_SECURITY_high;", "SystemSecurity_Localised":"High Security", "JumpDist":5.973, "FuelUsed":0.328233, "FuelLevel":5.565129, "Factions":[ { "Name":"New Xinca Resistance", "FactionState":"Boom", "Government":"Democracy", "Influence":0.103000, "Allegiance":"Independent" }, { "Name":"New Cennicenino Liberty Party", "FactionState":"None", "Government":"Dictatorship", "Influence":0.028000, "Allegiance":"Independent" }, { "Name":"Independent Deciat Green Party", "FactionState":"Boom", "Government":"Democracy", "Influence":0.232000, "Allegiance":"Federation" }, { "Name":"Xinca Jet Transport Organisation", "FactionState":"Lockdown", "Government":"Corporate", "Influence":0.038000, "Allegiance":"Independent" }, { "Name":"Traditional Xinca League", "FactionState":"Boom", "Government":"Dictatorship", "Influence":0.077000, "Allegiance":"Independent" }, { "Name":"Xinca Industry", "FactionState":"None", "Government":"Corporate", "Influence":0.016000, "Allegiance":"Independent" }, { "Name":"League of Xinca", "FactionState":"None", "Government":"Dictatorship", "Influence":0.506000, "Allegiance":"Independent" } ], "SystemFaction":"League of Xinca" }
{ "timestamp":"2017-04-15T22:14:18Z", "event":"FuelScoop", "Scooped":0.107653, "Total":5.672788 }
{ "timestamp":"2017-04-15T22:14:19Z", "event":"StartJump", "JumpType":"Hyperspace", "StarSystem":"Cennicenino", "StarClass":"F" }
{ "timestamp":"2017-04-15T22:14:38Z", "event":"FSDJump", "StarSystem":"Cennicenino", "StarPos":[128.531,-4.094,-54.750], "SystemAllegiance":"Independent", "SystemEconomy":"$economy_Extraction;", "SystemEconomy_Localised":"Extraction", "SystemGovernment":"$government_Dictatorship;", "SystemGovernment_Localised":"Dictatorship", "SystemSecurity":"$SYSTEM_SECURITY_high;", "SystemSecurity_Localised":"High Security", "JumpDist":7.780, "FuelUsed":0.601640, "FuelLevel":5.071148, "Factions":[ { "Name":"Values Party of Cilbien Zu", "FactionState":"Retreat", "Government":"Democracy", "Influence":0.148703, "Allegiance":"Federation" }, { "Name":"New Cennicenino Liberty Party", "FactionState":"None", "Government":"Dictatorship", "Influence":0.270459, "Allegiance":"Independent" }, { "Name":"Independent Deciat Green Party", "FactionState":"Boom", "Government":"Democracy", "Influence":0.234531, "Allegiance":"Federation" }, { "Name":"Cennicenino Services", "FactionState":"Boom", "Government":"Corporate", "Influence":0.174651, "Allegiance":"Federation" }, { "Name":"Traditional Cennicenino Freedom Party", "FactionState":"Boom", "Government":"Dictatorship", "Influence":0.085828, "Allegiance":"Independent" }, { "Name":"Revolutionary Cennicenino Revolutionary Party", "FactionState":"Boom", "Government":"Democracy", "Influence":0.048902, "Allegiance":"Independent" }, { "Name":"Crew of Cennicenino", "FactionState":"Boom", "Government":"Anarchy", "Influence":0.036926, "Allegiance":"Independent" } ], "SystemFaction":"New Cennicenino Liberty Party" }
{ "timestamp":"2017-04-15T22:15:50Z", "event":"FuelScoop", "Scooped":0.361360, "Total":5.432506 }
{ "timestamp":"2017-04-15T22:18:42Z", "event":"SupercruiseExit", "StarSystem":"Cennicenino", "Body":"Cennicenino 6 A Ring", "BodyType":"PlanetaryRing" }
{ "timestamp":"2017-04-15T22:20:41Z", "event":"Scanned", "ScanType":"Cargo" }
{ "timestamp":"2017-04-15T22:20:42Z", "event":"ReceiveText", "From":"$npc_name_decorate:#name=Shield of Justice;", "From_Localised":"Shield of Justice", "Message":"$Generic_NoAttackGeneric04;", "Message_Localised":"Damn! You're useless to me! They said this sector was rich pickings, what gives?", "Channel":"npc" }
{ "timestamp":"2017-04-15T22:21:08Z", "event":"ReceiveText", "From":"$npc_name_decorate:#name=Loaph Requencee;", "From_Localised":"Loaph Requencee", "Message":"$Pirate_OnStartScanCargo06;", "Message_Localised":"Let's see what you are carrying.", "Channel":"npc" }
{ "timestamp":"2017-04-15T22:21:10Z", "event":"Scanned", "ScanType":"Cargo" }
{ "timestamp":"2017-04-15T22:21:10Z", "event":"ReceiveText", "From":"$ShipName_Police_Independent;", "From_Localised":"System Authority Vessel", "Message":"$Police_ThankYouPassedStopAndSearch04;", "Message_Localised":"No crimes detected. You're free to go, Commander.", "Channel":"npc" }
{ "timestamp":"2017-04-15T22:21:18Z", "event":"ReceiveText", "From":"$npc_name_decorate:#name=Loaph Requencee;", "From_Localised":"Loaph Requencee", "Message":"$Pirate_OnNoCargoFound04;", "Message_Localised":"Another dud? Damn it all!", "Channel":"npc" }
{ "timestamp":"2017-04-15T22:21:18Z", "event":"Scanned", "ScanType":"Cargo" }
{ "timestamp":"2017-04-15T22:21:19Z", "event":"ShieldState", "ShieldsUp":false }
{ "timestamp":"2017-04-15T22:22:52Z", "event":"ReceiveText", "From":"$npc_name_decorate:#name=Loaph Requencee;", "From_Localised":"Loaph Requencee", "Message":"$BadKarmaCriticalDamage09;", "Message_Localised":"I can see when I'm outmatched.", "Channel":"npc" }
{ "timestamp":"2017-04-15T22:23:25Z", "event":"ShieldState", "ShieldsUp":true }
{ "timestamp":"2017-04-15T22:23:31Z", "event":"Scanned", "ScanType":"Cargo" }
{ "timestamp":"2017-04-15T22:24:01Z", "event":"Scanned", "ScanType":"Cargo" }
{ "timestamp":"2017-04-15T22:24:02Z", "event":"ReceiveText", "From":"$npc_name_decorate:#name=Shield of Justice;", "From_Localised":"Shield of Justice", "Message":"$Generic_NoAttackGeneric05;", "Message_Localised":"Another ship, another useless spacer. Get out of my way!", "Channel":"npc" }
{ "timestamp":"2017-04-15T22:24:38Z", "event":"Scanned", "ScanType":"Cargo" }
{ "timestamp":"2017-04-15T22:25:26Z", "event":"ReceiveText", "From":"$npc_name_decorate:#name=Fearsome Panda;", "From_Localised":"Fearsome Panda", "Message":"$Pirate_OnStartScanCargo09;", "Message_Localised":"The scan will soon be over.", "Channel":"npc" }
{ "timestamp":"2017-04-15T22:25:36Z", "event":"ReceiveText", "From":"$npc_name_decorate:#name=Fearsome Panda;", "From_Localised":"Fearsome Panda", "Message":"$Pirate_OnDeclarePiracyAttack03;", "Message_Localised":"Now you die, victim.", "Channel":"npc" }
{ "timestamp":"2017-04-15T22:25:40Z", "event":"ReceiveText", "From":"$npc_name_decorate:#name=Fearsome Panda;", "From_Localised":"Fearsome Panda", "Message":"$BadKarmaCriticalDamage09;", "Message_Localised":"I can see when I'm outmatched.", "Channel":"npc" }
{ "timestamp":"2017-04-15T22:25:50Z", "event":"ReceiveText", "From":"$npc_name_decorate:#name=Waffle;", "From_Localised":"Waffle", "Message":"$BadKarmaCriticalDamage10;", "Message_Localised":"You've scratched my paint!", "Channel":"npc" }
{ "timestamp":"2017-04-15T22:25:56Z", "event":"Bounty", "Rewards":[ { "Faction":"New Cennicenino Liberty Party", "Reward":3450 } ], "Target":"sidewinder", "TotalReward":3450, "VictimFaction":"Crew of Cennicenino" }
{ "timestamp":"2017-04-15T22:25:59Z", "event":"ReceiveText", "From":"$npc_name_decorate:#name=Julian Southern;", "From_Localised":"Julian Southern", "Message":"$BadKarmaCriticalDamage02;", "Message_Localised":"Impossible!", "Channel":"npc" }
{ "timestamp":"2017-04-15T22:27:07Z", "event":"Scanned", "ScanType":"Cargo" }
{ "timestamp":"2017-04-15T22:27:07Z", "event":"ReceiveText", "From":"$ShipName_Police_Independent;", "From_Localised":"System Authority Vessel", "Message":"$Police_ThankYouPassedStopAndSearch03;", "Message_Localised":"All clear. Carry on, pilot.", "Channel":"npc" }
{ "timestamp":"2017-04-15T22:27:19Z", "event":"ReceiveText", "From":"$npc_name_decorate:#name=Caleb;", "From_Localised":"Caleb", "Message":"$Escort_EscortStayAndFight06;", "Message_Localised":"The mission is failed, but I will avenge them!", "Channel":"npc" }
{ "timestamp":"2017-04-15T22:27:23Z", "event":"ShieldState", "ShieldsUp":false }
{ "timestamp":"2017-04-15T22:28:03Z", "event":"ReceiveText", "From":"$npc_name_decorate:#name=Josh Jensen;", "From_Localised":"Josh Jensen", "Message":"$Escort_EscortJump03;", "Message_Localised":"No lead, no payout, I'm done. Time to bug out.", "Channel":"npc" }
{ "timestamp":"2017-04-15T22:31:17Z", "event":"StartJump", "JumpType":"Supercruise" }
{ "timestamp":"2017-04-15T22:31:22Z", "event":"SupercruiseEntry", "StarSystem":"Cennicenino" }
{ "timestamp":"2017-04-15T22:33:16Z", "event":"SupercruiseExit", "StarSystem":"Cennicenino", "Body":"Cennicenino 6 B Ring", "BodyType":"PlanetaryRing" }
{ "timestamp":"2017-04-15T22:34:38Z", "event":"ReceiveText", "From":"$npc_name_decorate:#name=Paul Honig;", "From_Localised":"Paul Honig", "Message":"$Pirate_OnStartScanCargo09;", "Message_Localised":"The scan will soon be over.", "Channel":"npc" }
{ "timestamp":"2017-04-15T22:34:48Z", "event":"ReceiveText", "From":"$npc_name_decorate:#name=Paul Honig;", "From_Localised":"Paul Honig", "Message":"$Pirate_OnNoCargoFound09;", "Message_Localised":"Next time you should fill your hold with gold.", "Channel":"npc" }
{ "timestamp":"2017-04-15T22:34:48Z", "event":"Scanned", "ScanType":"Cargo" }
{ "timestamp":"2017-04-15T22:34:56Z", "event":"ReceiveText", "From":"$npc_name_decorate:#name=Mischa o'Meanie;", "From_Localised":"Mischa o'Meanie", "Message":"$Pirate_OnStartScanCargo02;", "Message_Localised":"Carrying anything nice?", "Channel":"npc" }
{ "timestamp":"2017-04-15T22:34:58Z", "event":"ReceiveText", "From":"$npc_name_decorate:#name=Neil \"Flecko\" Fletcher;", "From_Localised":"Neil \"Flecko\" Fletcher", "Message":"$Pirate_OnStartScanCargo01;", "Message_Localised":"I see all!", "Channel":"npc" }
{ "timestamp":"2017-04-15T22:35:02Z", "event":"ReceiveText", "From":"$npc_name_decorate:#name=Steve Amat;", "From_Localised":"Steve Amat", "Message":"$Pirate_OnStartScanCargo10;", "Message_Localised":"Let me see what you have.", "Channel":"npc" }
{ "timestamp":"2017-04-15T22:35:12Z", "event":"ReceiveText", "From":"$npc_name_decorate:#name=Mischa o'Meanie;", "From_Localised":"Mischa o'Meanie", "Message":"$Pirate_OnStartScanCargo08;", "Message_Localised":"What do you have in your cargo hold?", "Channel":"npc" }
{ "timestamp":"2017-04-15T22:35:14Z", "event":"ReceiveText", "From":"$npc_name_decorate:#name=Neil \"Flecko\" Fletcher;", "From_Localised":"Neil \"Flecko\" Fletcher", "Message":"$Pirate_OnStartScanCargo05;", "Message_Localised":"What treats do you carry?", "Channel":"npc" }
{ "timestamp":"2017-04-15T22:35:27Z", "event":"ReceiveText", "From":"$npc_name_decorate:#name=Peter Butler;", "From_Localised":"Peter Butler", "Message":"$Pirate_OnStartScanCargo10;", "Message_Localised":"Let me see what you have.", "Channel":"npc" }
{ "timestamp":"2017-04-15T22:35:28Z", "event":"ReceiveText", "From":"$npc_name_decorate:#name=Neil \"Flecko\" Fletcher;", "From_Localised":"Neil \"Flecko\" Fletcher", "Message":"$Pirate_OnStartScanCargo05;", "Message_Localised":"What treats do you carry?", "Channel":"npc" }
{ "timestamp":"2017-04-15T22:35:31Z", "event":"ReceiveText", "From":"$npc_name_decorate:#name=Steve Amat;", "From_Localised":"Steve Amat", "Message":"$Pirate_OnNoCargoFound10;", "Message_Localised":"There's nothing worth my while here.", "Channel":"npc" }
{ "timestamp":"2017-04-15T22:35:31Z", "event":"Scanned", "ScanType":"Cargo" }
{ "timestamp":"2017-04-15T22:35:38Z", "event":"ReceiveText", "From":"$npc_name_decorate:#name=Neil \"Flecko\" Fletcher;", "From_Localised":"Neil \"Flecko\" Fletcher", "Message":"$Pirate_OnNoCargoFound02;", "Message_Localised":"Bah, nothing.", "Channel":"npc" }
{ "timestamp":"2017-04-15T22:35:38Z", "event":"Scanned", "ScanType":"Cargo" }
{ "timestamp":"2017-04-15T22:35:42Z", "event":"ReceiveText", "From":"$npc_name_decorate:#name=Peter Butler;", "From_Localised":"Peter Butler", "Message":"$Pirate_OnStartScanCargo06;", "Message_Localised":"Let's see what you are carrying.", "Channel":"npc" }
{ "timestamp":"2017-04-15T22:35:45Z", "event":"ReceiveText", "From":"$npc_name_decorate:#name=Mischa o'Meanie;", "From_Localised":"Mischa o'Meanie", "Message":"$Pirate_OnNoCargoFound09;", "Message_Localised":"Next time you should fill your hold with gold.", "Channel":"npc" }
{ "timestamp":"2017-04-15T22:35:45Z", "event":"Scanned", "ScanType":"Cargo" }
{ "timestamp":"2017-04-15T22:35:51Z", "event":"Scanned", "ScanType":"Cargo" }
{ "timestamp":"2017-04-15T22:35:52Z", "event":"ReceiveText", "From":"$npc_name_decorate:#name=Shield of Justice;", "From_Localised":"Shield of Justice", "Message":"$Generic_NoAttackGeneric05;", "Message_Localised":"Another ship, another useless spacer. Get out of my way!", "Channel":"npc" }
{ "timestamp":"2017-04-15T22:36:02Z", "event":"ReceiveText", "From":"$npc_name_decorate:#name=Peter Butler;", "From_Localised":"Peter Butler", "Message":"$Pirate_OnStartScanCargo05;", "Message_Localised":"What treats do you carry?", "Channel":"npc" }
{ "timestamp":"2017-04-15T22:36:12Z", "event":"ReceiveText", "From":"$npc_name_decorate:#name=Peter Butler;", "From_Localised":"Peter Butler", "Message":"$Pirate_OnNoCargoFound11;", "Message_Localised":"Another empty cargo hold. My children will go hungry tonight.", "Channel":"npc" }
{ "timestamp":"2017-04-15T22:36:12Z", "event":"Scanned", "ScanType":"Cargo" }
{ "timestamp":"2017-04-15T22:36:21Z", "event":"ShieldState", "ShieldsUp":false }
{ "timestamp":"2017-04-15T22:36:46Z", "event":"ReceiveText", "From":"$npc_name_decorate:#name=Stig ahio;", "From_Localised":"Stig ahio", "Message":"$Escort_EscortJump09;", "Message_Localised":"Mission failed. Time for me to leave.", "Channel":"npc" }
{ "timestamp":"2017-04-15T22:37:29Z", "event":"ShieldState", "ShieldsUp":true }
{ "timestamp":"2017-04-15T22:37:50Z", "event":"ReceiveText", "From":"$npc_name_decorate:#name=Paul Honig;", "From_Localised":"Paul Honig", "Message":"$Pirate_OnDeclarePiracyAttack16;", "Message_Localised":"I have you in my sights.", "Channel":"npc" }
{ "timestamp":"2017-04-15T22:38:19Z", "event":"StartJump", "JumpType":"Supercruise" }
{ "timestamp":"2017-04-15T22:38:24Z", "event":"SupercruiseEntry", "StarSystem":"Cennicenino" }
{ "timestamp":"2017-04-15T22:42:33Z", "event":"SupercruiseExit", "StarSystem":"Cennicenino", "Body":"Zahn Enterprise", "BodyType":"Station" }
{ "timestamp":"2017-04-15T22:42:43Z", "event":"DockingRequested", "StationName":"Zahn Enterprise" }
{ "timestamp":"2017-04-15T22:42:43Z", "event":"ReceiveText", "From":"Zahn Enterprise", "Message":"$DockingChatter_Neutral;", "Message_Localised":"Ensure to observe starport protocol during your visit, pilot.", "Channel":"npc" }
{ "timestamp":"2017-04-15T22:42:44Z", "event":"ReceiveText", "From":"Zahn Enterprise", "Message":"$STATION_docking_granted;", "Message_Localised":"Docking request granted.", "Channel":"npc" }
{ "timestamp":"2017-04-15T22:42:44Z", "event":"DockingGranted", "LandingPad":13, "StationName":"Zahn Enterprise" }
{ "timestamp":"2017-04-15T22:42:53Z", "event":"ReceiveText", "From":"Zahn Enterprise", "Message":"$STATION_NoFireZone_entered;", "Message_Localised":"No fire zone entered.", "Channel":"npc" }
{ "timestamp":"2017-04-15T22:43:39Z", "event":"Docked", "StationName":"Zahn Enterprise", "StationType":"Coriolis", "StarSystem":"Cennicenino", "StationFaction":"New Cennicenino Liberty Party", "StationGovernment":"$government_Dictatorship;", "StationGovernment_Localised":"Dictatorship", "StationEconomy":"$economy_Extraction;", "StationEconomy_Localised":"Extraction", "DistFromStarLS":118.352554 }
{ "timestamp":"2017-04-15T22:44:11Z", "event":"ReceiveText", "From":"$npc_name_decorate:#name=Lindsey Simon;", "From_Localised":"Lindsey Simon", "Message":"$Commuter_HostileScan03;", "Message_Localised":"We have no valuable cargo onboard, please halt your scan.", "Channel":"npc" }
{ "timestamp":"2017-04-15T22:45:25Z", "event":"BuyAmmo", "Cost":1000 }
{ "timestamp":"2017-04-15T22:45:27Z", "event":"RefuelAll", "Cost":174, "Amount":3.476576 }
{ "timestamp":"2017-04-15T22:45:29Z", "event":"RepairAll", "Cost":244 }
{ "timestamp":"2017-04-15T22:47:09Z", "event":"Undocked", "StationName":"Zahn Enterprise", "StationType":"Coriolis" }
{ "timestamp":"2017-04-15T22:47:48Z", "event":"ReceiveText", "From":"Zahn Enterprise", "Message":"$STATION_NoFireZone_exited;", "Message_Localised":"No fire zone left.", "Channel":"npc" }
{ "timestamp":"2017-04-15T22:48:09Z", "event":"StartJump", "JumpType":"Supercruise" }
{ "timestamp":"2017-04-15T22:48:15Z", "event":"SupercruiseEntry", "StarSystem":"Cennicenino" }
{ "timestamp":"2017-04-15T22:48:43Z", "event":"StartJump", "JumpType":"Hyperspace", "StarSystem":"Thrigpa", "StarClass":"M" }
{ "timestamp":"2017-04-15T22:49:02Z", "event":"FSDJump", "StarSystem":"Thrigpa", "StarPos":[130.594,8.219,-50.313], "SystemAllegiance":"Federation", "SystemEconomy":"$economy_Refinery;", "SystemEconomy_Localised":"Refinery", "SystemGovernment":"$government_Confederacy;", "SystemGovernment_Localised":"Confederacy", "SystemSecurity":"$SYSTEM_SECURITY_low;", "SystemSecurity_Localised":"Low Security", "JumpDist":13.249, "FuelUsed":2.078329, "FuelLevel":5.921671, "Factions":[ { "Name":"Thrigpa League", "FactionState":"Boom", "Government":"Confederacy", "Influence":0.835000, "Allegiance":"Federation" }, { "Name":"Windri & Co", "FactionState":"None", "Government":"Corporate", "Influence":0.083000, "Allegiance":"Federation" }, { "Name":"Thrigpa Solutions", "FactionState":"Boom", "Government":"Corporate", "Influence":0.017000, "Allegiance":"Independent" }, { "Name":"Drug Empire of Thrigpa", "FactionState":"Boom", "Government":"Anarchy", "Influence":0.065000, "Allegiance":"Independent" } ], "SystemFaction":"Thrigpa League", "FactionState":"Boom" }
{ "timestamp":"2017-04-15T22:49:40Z", "event":"StartJump", "JumpType":"Hyperspace", "StarSystem":"Karka", "StarClass":"M" }
{ "timestamp":"2017-04-15T22:49:58Z", "event":"FSDJump", "StarSystem":"Karka", "StarPos":[134.125,15.094,-63.875], "SystemAllegiance":"Independent", "SystemEconomy":"$economy_Industrial;", "SystemEconomy_Localised":"Industrial", "SystemGovernment":"$government_Democracy;", "SystemGovernment_Localised":"Democracy", "SystemSecurity":"$SYSTEM_SECURITY_medium;", "SystemSecurity_Localised":"Medium Security", "JumpDist":15.610, "FuelUsed":2.991729, "FuelLevel":2.929941, "Factions":[ { "Name":"Karka Future", "FactionState":"Boom", "Government":"Democracy", "Influence":0.801802, "Allegiance":"Independent" }, { "Name":"Regulatory State of Karka", "FactionState":"None", "Government":"Dictatorship", "Influence":0.085085, "Allegiance":"Independent" }, { "Name":"Karka General Group", "FactionState":"CivilWar", "Government":"Corporate", "Influence":0.050050, "Allegiance":"Independent" }, { "Name":"Brothers of Karka", "FactionState":"None", "Government":"Anarchy", "Influence":0.013013, "Allegiance":"Independent" }, { "Name":"Karka Justice Party", "FactionState":"CivilWar", "Government":"Dictatorship", "Influence":0.050050, "Allegiance":"Independent" } ], "SystemFaction":"Karka Future", "FactionState":"Boom" }
{ "timestamp":"2017-04-15T22:52:20Z", "event":"ReceiveText", "From":"$ShipName_PassengerLiner_Wedding;", "From_Localised":"Wedding Barge", "Message":"$ConvoyWedding_Patrol02;", "Message_Localised":"Three cheers for the happy couple!", "Channel":"npc" }
{ "timestamp":"2017-04-15T22:54:01Z", "event":"SupercruiseExit", "StarSystem":"Karka", "Body":"Karka 5 A Ring", "BodyType":"PlanetaryRing" }
{ "timestamp":"2017-04-15T22:54:32Z", "event":"ReceiveText", "From":"$npc_name_decorate:#name=Calcium Smith;", "From_Localised":"Calcium Smith", "Message":"$Escort_EscortStayAndFight03;", "Message_Localised":"I have failed in my duties, for this you will die!", "Channel":"npc" }
{ "timestamp":"2017-04-15T22:54:45Z", "event":"ReceiveText", "From":"$npc_name_decorate:#name=Ann-Marie Sefton;", "From_Localised":"Ann-Marie Sefton", "Message":"$Pirate_OnStartScanCargo07;", "Message_Localised":"Do you have anything of value?", "Channel":"npc" }
{ "timestamp":"2017-04-15T22:54:55Z", "event":"ReceiveText", "From":"$npc_name_decorate:#name=Ann-Marie Sefton;", "From_Localised":"Ann-Marie Sefton", "Message":"$Pirate_OnNoCargoFound02;", "Message_Localised":"Bah, nothing.", "Channel":"npc" }
{ "timestamp":"2017-04-15T22:54:55Z", "event":"Scanned", "ScanType":"Cargo" }
{ "timestamp":"2017-04-15T22:55:00Z", "event":"ReceiveText", "From":"$npc_name_decorate:#name=Ann-Marie Sefton;", "From_Localised":"Ann-Marie Sefton", "Message":"$Pirate_OnDeclarePiracyAttack03;", "Message_Localised":"Now you die, victim.", "Channel":"npc" }
{ "timestamp":"2017-04-15T22:55:22Z", "event":"Bounty", "Rewards":[ { "Faction":"Regulatory State of Karka", "Reward":13050 }, { "Faction":"Karka Future", "Reward":14760 } ], "Target":"viper_mkiv", "TotalReward":27810, "VictimFaction":"Regulatory State of Karka" }
{ "timestamp":"2017-04-15T22:56:35Z", "event":"ReceiveText", "From":"$npc_name_decorate:#name=Howaitosan;", "From_Localised":"Howaitosan", "Message":"$Pirate_OnStartScanCargo01;", "Message_Localised":"I see all!", "Channel":"npc" }
{ "timestamp":"2017-04-15T22:56:55Z", "event":"ReceiveText", "From":"$npc_name_decorate:#name=Howaitosan;", "From_Localised":"Howaitosan", "Message":"$BadKarmaCriticalDamage06;", "Message_Localised":"I hadn't expected this.", "Channel":"npc" }
{ "timestamp":"2017-04-15T22:57:03Z", "event":"Bounty", "Rewards":[ { "Faction":"Federation", "Reward":15480 }, { "Faction":"Karka Future", "Reward":33825 } ], "Target":"asp_scout", "TotalReward":49305, "VictimFaction":"Brothers of Karka" }
{ "timestamp":"2017-04-15T22:57:59Z", "event":"MaterialCollected", "Category":"Encoded", "Name":"bulkscandata", "Count":3 }
{ "timestamp":"2017-04-15T22:58:09Z", "event":"Scanned", "ScanType":"Cargo" }
{ "timestamp":"2017-04-15T22:58:09Z", "event":"ReceiveText", "From":"$ShipName_Police_Independent;", "From_Localised":"System Authority Vessel", "Message":"$Police_ThankYouPassedStopAndSearch02;", "Message_Localised":"You're clean. Proceed, pilot.", "Channel":"npc" }
{ "timestamp":"2017-04-15T22:59:34Z", "event":"ReceiveText", "From":"$ShipName_Police_Independent;", "From_Localised":"System Authority Vessel", "Message":"$Police_ArrivedAtInvestigationLocation02;", "Message_Localised":"Cease and desist! Submit to authority scans immediately!", "Channel":"npc" }
{ "timestamp":"2017-04-15T22:59:51Z", "event":"ReceiveText", "From":"$npc_name_decorate:#name=Phillip Degnan;", "From_Localised":"Phillip Degnan", "Message":"$BadKarmaCriticalDamage06;", "Message_Localised":"I hadn't expected this.", "Channel":"npc" }
{ "timestamp":"2017-04-15T23:00:10Z", "event":"Bounty", "Rewards":[ { "Faction":"Karka Future", "Reward":9705 } ], "Target":"empire_eagle", "TotalReward":9705, "VictimFaction":"Brothers of Karka" }
{ "timestamp":"2017-04-15T23:00:21Z", "event":"MaterialCollected", "Category":"Encoded", "Name":"scanarchives", "Count":3 }
{ "timestamp":"2017-04-15T23:00:46Z", "event":"ReceiveText", "From":"$ShipName_Police_Independent;", "From_Localised":"System Authority Vessel", "Message":"$Police_FinishedAtInvestigationLocation03;", "Message_Localised":"Crime scene cordon removed, go back about your business.", "Channel":"npc" }
{ "timestamp":"2017-04-15T23:05:27Z", "event":"Scanned", "ScanType":"Cargo" }
{ "timestamp":"2017-04-15T23:05:27Z", "event":"ReceiveText", "From":"$ShipName_Police_Independent;", "From_Localised":"System Authority Vessel", "Message":"$Police_ThankYouPassedStopAndSearch09;", "Message_Localised":"Move along, Commander, we're done here.", "Channel":"npc" }
{ "timestamp":"2017-04-15T23:06:24Z", "event":"ReceiveText", "From":"$npc_name_decorate:#name=Susceptance;", "From_Localised":"Susceptance", "Message":"$Pirate_OnStartScanCargo01;", "Message_Localised":"I see all!", "Channel":"npc" }
{ "timestamp":"2017-04-15T23:06:50Z", "event":"Bounty", "Rewards":[ { "Faction":"Karka Future", "Reward":5070 } ], "Target":"sidewinder", "TotalReward":5070, "VictimFaction":"Karka Future" }
{ "timestamp":"2017-04-16T01:40:57Z", "event":"ShieldState", "ShieldsUp":false }
{ "timestamp":"2017-04-16T01:45:57Z", "event":"Died" }
{ "timestamp":"2017-04-16T02:34:11Z", "event":"Resurrect", "Option":"rebuy", "Cost":842598, "Bankrupt":false }
{ "timestamp":"2017-04-16T02:34:16Z", "event":"Location", "Docked":true, "StationName":"Zahn Enterprise", "StationType":"Coriolis", "StarSystem":"Cennicenino", "StarPos":[128.531,-4.094,-54.750], "SystemAllegiance":"Independent", "SystemEconomy":"$economy_Extraction;", "SystemEconomy_Localised":"Extraction", "SystemGovernment":"$government_Dictatorship;", "SystemGovernment_Localised":"Dictatorship", "SystemSecurity":"$SYSTEM_SECURITY_high;", "SystemSecurity_Localised":"High Security", "Body":"Zahn Enterprise", "BodyType":"Station", "Factions":[ { "Name":"Values Party of Cilbien Zu", "FactionState":"Retreat", "Government":"Democracy", "Influence":0.148703, "Allegiance":"Federation" }, { "Name":"New Cennicenino Liberty Party", "FactionState":"None", "Government":"Dictatorship", "Influence":0.270459, "Allegiance":"Independent" }, { "Name":"Independent Deciat Green Party", "FactionState":"Boom", "Government":"Democracy", "Influence":0.234531, "Allegiance":"Federation" }, { "Name":"Cennicenino Services", "FactionState":"Boom", "Government":"Corporate", "Influence":0.174651, "Allegiance":"Federation" }, { "Name":"Traditional Cennicenino Freedom Party", "FactionState":"Boom", "Government":"Dictatorship", "Influence":0.085828, "Allegiance":"Independent" }, { "Name":"Revolutionary Cennicenino Revolutionary Party", "FactionState":"Boom", "Government":"Democracy", "Influence":0.048902, "Allegiance":"Independent" }, { "Name":"Crew of Cennicenino", "FactionState":"Boom", "Government":"Anarchy", "Influence":0.036926, "Allegiance":"Independent" } ], "SystemFaction":"New Cennicenino Liberty Party" }
{ "timestamp":"2017-04-16T02:34:17Z", "event":"Docked", "StationName":"Zahn Enterprise", "StationType":"Coriolis", "StarSystem":"Cennicenino", "StationFaction":"New Cennicenino Liberty Party", "StationGovernment":"$government_Dictatorship;", "StationGovernment_Localised":"Dictatorship", "StationEconomy":"$economy_Extraction;", "StationEconomy_Localised":"Extraction", "DistFromStarLS":118.365883 }
{ "timestamp":"2017-04-16T02:35:34Z", "event":"Undocked", "StationName":"Zahn Enterprise", "StationType":"Coriolis" }
{ "timestamp":"2017-04-16T02:36:06Z", "event":"ReceiveText", "From":"Zahn Enterprise", "Message":"$STATION_NoFireZone_exited;", "Message_Localised":"No fire zone left.", "Channel":"npc" }
{ "timestamp":"2017-04-16T02:36:12Z", "event":"Scanned", "ScanType":"Cargo" }
{ "timestamp":"2017-04-16T02:36:12Z", "event":"ReceiveText", "From":"$ShipName_Police_Independent;", "From_Localised":"System Authority Vessel", "Message":"$Police_ThankYouPassedStopAndSearch08;", "Message_Localised":"All done and you're clear to proceed, Commander.", "Channel":"npc" }
{ "timestamp":"2017-04-16T02:36:40Z", "event":"StartJump", "JumpType":"Hyperspace", "StarSystem":"Kherno", "StarClass":"K" }
{ "timestamp":"2017-04-16T02:36:58Z", "event":"FSDJump", "StarSystem":"Kherno", "StarPos":[128.875,-17.594,-60.938], "SystemAllegiance":"Independent", "SystemEconomy":"$economy_Extraction;", "SystemEconomy_Localised":"Extraction", "SystemGovernment":"$government_Feudal;", "SystemGovernment_Localised":"Feudal", "SystemSecurity":"$SYSTEM_SECURITY_low;", "SystemSecurity_Localised":"Low Security", "JumpDist":14.854, "FuelUsed":2.703587, "FuelLevel":5.296413, "Factions":[ { "Name":"Noblemen of Kherno", "FactionState":"Boom", "Government":"Feudal", "Influence":0.611000, "Allegiance":"Independent" }, { "Name":"Values Party of Cilbien Zu", "FactionState":"Retreat", "Government":"Democracy", "Influence":0.278000, "Allegiance":"Federation" }, { "Name":"Djinbin Public Company", "FactionState":"Famine", "Government":"Corporate", "Influence":0.111000, "Allegiance":"Federation" } ], "SystemFaction":"Noblemen of Kherno", "FactionState":"Boom" }
{ "timestamp":"2017-04-16T02:37:39Z", "event":"FuelScoop", "Scooped":0.013261, "Total":5.309674 }
{ "timestamp":"2017-04-16T02:37:59Z", "event":"StartJump", "JumpType":"Hyperspace", "StarSystem":"Djinbin", "StarClass":"K" }
{ "timestamp":"2017-04-16T02:38:18Z", "event":"FSDJump", "StarSystem":"Djinbin", "StarPos":[128.969,-20.250,-64.344], "SystemAllegiance":"Independent", "SystemEconomy":"$economy_Colony;", "SystemEconomy_Localised":"Colony", "SystemGovernment":"$government_Confederacy;", "SystemGovernment_Localised":"Confederacy", "SystemSecurity":"$SYSTEM_SECURITY_low;", "SystemSecurity_Localised":"Low Security", "JumpDist":4.321, "FuelUsed":0.155287, "FuelLevel":5.154387, "Factions":[ { "Name":"Hapakhered Resistance", "FactionState":"Boom", "Government":"Democracy", "Influence":0.086000, "Allegiance":"Federation" }, { "Name":"Noblemen of Kherno", "FactionState":"Boom", "Government":"Feudal", "Influence":0.049000, "Allegiance":"Independent" }, { "Name":"New Djinbin Confederacy", "FactionState":"None", "Government":"Confederacy", "Influence":0.588000, "Allegiance":"Independent" }, { "Name":"Djinbin Public Company", "FactionState":"Famine", "Government":"Corporate", "Influence":0.067000, "Allegiance":"Federation" }, { "Name":"Djinbin Jet Raiders", "FactionState":"None", "Government":"Anarchy", "Influence":0.086000, "Allegiance":"Independent" }, { "Name":"Djinbin Monarchy", "FactionState":"None", "Government":"Feudal", "Influence":0.124000, "Allegiance":"Independent" } ], "SystemFaction":"New Djinbin Confederacy" }
{ "timestamp":"2017-04-16T02:39:48Z", "event":"FuelScoop", "Scooped":1.144908, "Total":6.299289 }
{ "timestamp":"2017-04-16T02:40:11Z", "event":"StartJump", "JumpType":"Hyperspace", "StarSystem":"Yum Kachan", "StarClass":"M" }
{ "timestamp":"2017-04-16T02:40:29Z", "event":"FSDJump", "StarSystem":"Yum Kachan", "StarPos":[129.344,-24.531,-73.281], "SystemAllegiance":"Federation", "SystemEconomy":"$economy_Extraction;", "SystemEconomy_Localised":"Extraction", "SystemGovernment":"$government_Democracy;", "SystemGovernment_Localised":"Democracy", "SystemSecurity":"$SYSTEM_SECURITY_medium;", "SystemSecurity_Localised":"Medium Security", "JumpDist":9.917, "FuelUsed":1.056194, "FuelLevel":5.243094, "Factions":[ { "Name":"Hapakhered Resistance", "FactionState":"Boom", "Government":"Democracy", "Influence":0.170829, "Allegiance":"Federation" }, { "Name":"Nait Purple State Commodities", "FactionState":"Boom", "Government":"Corporate", "Influence":0.079920, "Allegiance":"Federation" }, { "Name":"Yum Kachan Liberals", "FactionState":"None", "Government":"Democracy", "Influence":0.400599, "Allegiance":"Federation" }, { "Name":"Yum Kachan Jet Legal Inc", "FactionState":"None", "Government":"Corporate", "Influence":0.009990, "Allegiance":"Independent" }, { "Name":"Social Narbudj Alliance", "FactionState":"War", "Government":"Confederacy", "Influence":0.146853, "Allegiance":"Federation" }, { "Name":"Monarchy of Yum Kachan", "FactionState":"War", "Government":"Feudal", "Influence":0.178821, "Allegiance":"Independent" }, { "Name":"Yum Kachan Crimson Organisation", "FactionState":"None", "Government":"Anarchy", "Influence":0.012987, "Allegiance":"Independent" } ], "SystemFaction":"Yum Kachan Liberals" }
{ "timestamp":"2017-04-16T02:41:26Z", "event":"StartJump", "JumpType":"Hyperspace", "StarSystem":"Nait", "StarClass":"K" }
{ "timestamp":"2017-04-16T02:41:45Z", "event":"FSDJump", "StarSystem":"Nait", "StarPos":[131.250,-20.438,-70.313], "SystemAllegiance":"Federation", "SystemEconomy":"$economy_Industrial;", "SystemEconomy_Localised":"Industrial", "SystemGovernment":"$government_Corporate;", "SystemGovernment_Localised":"Corporate", "SystemSecurity":"$SYSTEM_SECURITY_low;", "SystemSecurity_Localised":"Low Security", "JumpDist":5.404, "FuelUsed":0.259746, "FuelLevel":4.983348, "Factions":[ { "Name":"Tolun Silver United Ltd", "FactionState":"None", "Government":"Corporate", "Influence":0.057000, "Allegiance":"Independent" }, { "Name":"Nait Purple State Commodities", "FactionState":"Boom", "Government":"Corporate", "Influence":0.684000, "Allegiance":"Federation" }, { "Name":"Noblemen of Kherno", "FactionState":"Boom", "Government":"Feudal", "Influence":0.074000, "Allegiance":"Independent" }, { "Name":"Hodur Prison Colony", "FactionState":"None", "Government":"PrisonColony", "Influence":0.078000, "Allegiance":"Independent" }, { "Name":"Unionists of Nait", "FactionState":"None", "Government":"Communism", "Influence":0.041000, "Allegiance":"Independent" }, { "Name":"Nait Blue Council", "FactionState":"None", "Government":"Anarchy", "Influence":0.029000, "Allegiance":"Independent" }, { "Name":"Law Party of Nait", "FactionState":"None", "Government":"Dictatorship", "Influence":0.037000, "Allegiance":"Independent" } ], "SystemFaction":"Nait Purple State Commodities", "FactionState":"Boom" }
{ "timestamp":"2017-04-16T02:42:35Z", "event":"FuelScoop", "Scooped":0.149275, "Total":5.132618 }
{ "timestamp":"2017-04-16T02:46:17Z", "event":"SupercruiseExit", "StarSystem":"Nait", "Body":"Nait 2 B Ring", "BodyType":"PlanetaryRing" }
{ "timestamp":"2017-04-16T02:47:03Z", "event":"ReceiveText", "From":"$npc_name_decorate:#name=Coldheart;", "From_Localised":"Coldheart", "Message":"$Pirate_OnStartScanCargo05;", "Message_Localised":"What treats do you carry?", "Channel":"npc" }
{ "timestamp":"2017-04-16T02:47:13Z", "event":"ReceiveText", "From":"$npc_name_decorate:#name=Coldheart;", "From_Localised":"Coldheart", "Message":"$Pirate_OnNoCargoFound05;", "Message_Localised":"How do you fools make a living?", "Channel":"npc" }
{ "timestamp":"2017-04-16T02:47:13Z", "event":"Scanned", "ScanType":"Cargo" }
{ "timestamp":"2017-04-16T02:47:21Z", "event":"ReceiveText", "From":"$npc_name_decorate:#name=Cyril Silver;", "From_Localised":"Cyril Silver", "Message":"$Pirate_OnStartScanCargo07;", "Message_Localised":"Do you have anything of value?", "Channel":"npc" }
{ "timestamp":"2017-04-16T02:47:31Z", "event":"ReceiveText", "From":"$npc_name_decorate:#name=Cyril Silver;", "From_Localised":"Cyril Silver", "Message":"$Pirate_OnNoCargoFound09;", "Message_Localised":"Next time you should fill your hold with gold.", "Channel":"npc" }
{ "timestamp":"2017-04-16T02:47:31Z", "event":"Scanned", "ScanType":"Cargo" }
{ "timestamp":"2017-04-16T02:47:53Z", "event":"ReceiveText", "From":"$npc_name_decorate:#name=Coldheart;", "From_Localised":"Coldheart", "Message":"$BadKarmaCriticalDamage05;", "Message_Localised":"No, no!", "Channel":"npc" }
{ "timestamp":"2017-04-16T02:48:25Z", "event":"Bounty", "Rewards":[ { "Faction":"Nait Purple State Commodities", "Reward":66550 }, { "Faction":"Law Party of Nait", "Reward":23692 } ], "Target":"asp_scout", "TotalReward":90242, "VictimFaction":"Tolun Silver United Ltd" }
{ "timestamp":"2017-04-16T02:49:22Z", "event":"ReceiveText", "From":"$ShipName_Police_Federation;", "From_Localised":"Federal Security Service", "Message":"$Police_ArrivedAtInvestigationLocation05;", "Message_Localised":"A crime has been reported here. All ships will be scanned.", "Channel":"npc" }
{ "timestamp":"2017-04-16T02:49:47Z", "event":"ReceiveText", "From":"$ShipName_Police_Federation;", "From_Localised":"Federal Security Service", "Message":"$Police_ArrivedAtInvestigationLocation05;", "Message_Localised":"A crime has been reported here. All ships will be scanned.", "Channel":"npc" }
{ "timestamp":"2017-04-16T02:49:53Z", "event":"ReceiveText", "From":"$npc_name_decorate:#name=Cyril Silver;", "From_Localised":"Cyril Silver", "Message":"$BadKarmaCriticalDamage10;", "Message_Localised":"You've scratched my paint!", "Channel":"npc" }
{ "timestamp":"2017-04-16T02:50:59Z", "event":"ReceiveText", "From":"$npc_name_decorate:#name=jabba-j;", "From_Localised":"jabba-j", "Message":"$Pirate_OnStartScanCargo09;", "Message_Localised":"The scan will soon be over.", "Channel":"npc" }
{ "timestamp":"2017-04-16T02:51:09Z", "event":"ReceiveText", "From":"$npc_name_decorate:#name=jabba-j;", "From_Localised":"jabba-j", "Message":"$Pirate_OnNoCargoFound07;", "Message_Localised":"Nothing for me here.", "Channel":"npc" }
{ "timestamp":"2017-04-16T02:51:09Z", "event":"Scanned", "ScanType":"Cargo" }
{ "timestamp":"2017-04-16T02:51:30Z", "event":"ReceiveText", "From":"$ShipName_Police_Federation;", "From_Localised":"Federal Security Service", "Message":"$Police_FinishedAtInvestigationLocation05;", "Message_Localised":"All scans have completed. All vessels may proceed.", "Channel":"npc" }
{ "timestamp":"2017-04-16T02:52:16Z", "event":"ReceiveText", "From":"$npc_name_decorate:#name=Graham Saker;", "From_Localised":"Graham Saker", "Message":"$Escort_EscortJump09;", "Message_Localised":"Mission failed. Time for me to leave.", "Channel":"npc" }
{ "timestamp":"2017-04-16T02:52:20Z", "event":"ReceiveText", "From":"$npc_name_decorate:#name=jabba-j;", "From_Localised":"jabba-j", "Message":"$Pirate_OnDeclarePiracyAttack04;", "Message_Localised":"I'm gonna boil you up!", "Channel":"npc" }
{ "timestamp":"2017-04-16T02:52:38Z", "event":"ReceiveText", "From":"$npc_name_decorate:#name=George Read;", "From_Localised":"George Read", "Message":"$MinerCriticalDamage05;", "Message_Localised":"Damn you!", "Channel":"npc" }
{ "timestamp":"2017-04-16T02:52:53Z", "event":"ReceiveText", "From":"$npc_name_decorate:#name=will stridar;", "From_Localised":"will stridar", "Message":"$Escort_NearDeath03;", "Message_Localised":"I've got a problem here... requesting assistance.", "Channel":"npc" }
{ "timestamp":"2017-04-16T02:54:06Z", "event":"ReceiveText", "From":"$npc_name_decorate:#name=jabba-j;", "From_Localised":"jabba-j", "Message":"$BadKarmaCriticalDamage01;", "Message_Localised":"How is this happening?!", "Channel":"npc" }
{ "timestamp":"2017-04-16T02:54:11Z", "event":"ReceiveText", "From":"$npc_name_decorate:#name=Graham Beaumont;", "From_Localised":"Graham Beaumont", "Message":"$BadKarmaCriticalDamage05;", "Message_Localised":"No, no!", "Channel":"npc" }
{ "timestamp":"2017-04-16T02:54:38Z", "event":"ReceiveText", "From":"$npc_name_decorate:#name=jabba-j;", "From_Localised":"jabba-j", "Message":"$Pirate_NiggledByNewShip04;", "Message_Localised":"And now you have my attention, what will you do?", "Channel":"npc" }
{ "timestamp":"2017-04-16T02:54:52Z", "event":"Bounty", "Rewards":[ { "Faction":"Nait Purple State Commodities", "Reward":56875 } ], "Target":"cobramkiv", "TotalReward":56875, "VictimFaction":"Nait Blue Council" }
