{ "timestamp":"2017-07-27T03:37:34Z", "event":"Fileheader", "part":1, "language":"English\\UK", "gameversion":"2.3.11", "build":"r148764/r0 " }
{ "timestamp":"2017-07-27T03:39:38Z", "event":"Cargo", "Inventory":[  ] }
{ "timestamp":"2017-07-27T03:39:38Z", "event":"Loadout", "Ship":"Anaconda", "ShipID":10, "ShipName":"", "ShipIdent":"", "Modules":[ { "Slot":"TinyHardpoint1", "Item":"Hpt_HeatSinkLauncher_Turret_Tiny", "On":true, "Priority":0, "AmmoInClip":1, "AmmoInHopper":1, "Health":0.912678, "Value":3500 }, { "Slot":"TinyHardpoint2", "Item":"Hpt_HeatSinkLauncher_Turret_Tiny", "On":true, "Priority":0, "AmmoInClip":1, "Health":0.882540, "Value":3500 }, { "Slot":"Armour", "Item":"Anaconda_Armour_Grade1", "On":true, "Priority":1, "Health":1.000000, "Value":0 }, { "Slot":"PowerPlant", "Item":"Int_Powerplant_Size3_Class5", "On":true, "Priority":1, "Health":0.928087, "Value":431726 }, { "Slot":"MainEngines", "Item":"Int_Engine_Size5_Class2", "On":true, "Priority":3, "Health":0.897804, "Value":189035 }, { "Slot":"FrameShiftDrive", "Item":"Int_Hyperdrive_Size6_Class5", "On":true, "Priority":0, "Health":0.916686, "Value":13752602 }, { "Slot":"LifeSupport", "Item":"Int_LifeSupport_Size5_Class2", "On":true, "Priority":0, "Health":0.890908, "Value":67528 }, { "Slot":"PowerDistributor", "Item":"Int_PowerDistributor_Size5_Class5", "On":true, "Priority":0, "Health":0.907863, "Value":1055120 }, { "Slot":"Radar", "Item":"Int_Sensors_Size8_Class2", "On":true, "Priority":0, "Health":0.892323, "Value":1482367 }, { "Slot":"FuelTank", "Item":"Int_FuelTank_Size5_Class3", "On":true, "Priority":1, "Health":1.000000, "Value":83090 }, { "Slot":"Slot01_Size7", "Item":"Int_FuelScoop_Size7_Class4", "On":true, "Priority":0, "Health":0.913511, "Value":22795161 }, { "Slot":"Slot02_Size6", "Item":"Int_BuggyBay_Size6_Class2", "On":true, "Priority":0, "Health":0.925590, "Value":691200 }, { "Slot":"Slot03_Size6", "Item":"Int_Repairer_Size6_Class5", "On":false, "Priority":0, "AmmoInClip":8100, "Health":0.924609, "Value":15305501 }, { "Slot":"Slot04_Size6", "Item":"Int_Repairer_Size6_Class5", "On":false, "Priority":1, "AmmoInClip":8100, "Health":0.904215, "Value":15305501 }, { "Slot":"Slot09_Size4", "Item":"Int_DetailedSurfaceScanner_Tiny", "On":true, "Priority":1, "Health":1.000000, "Value":250000 }, { "Slot":"Slot10_Size4", "Item":"Int_ShieldGenerator_Size3_Class2", "On":true, "Priority":1, "Health":0.834376, "Value":18812 }, { "Slot":"Slot13_Size2", "Item":"Int_StellarBodyDiscoveryScanner_Advanced", "On":true, "Priority":1, "Health":0.805216, "Value":1545000 }, { "Slot":"PlanetaryApproachSuite", "Item":"Int_PlanetApproachSuite", "On":true, "Priority":1, "Health":1.000000, "Value":425 }, { "Slot":"ShipCockpit", "Item":"Anaconda_Cockpit", "On":true, "Priority":1, "Health":0.921585, "Value":0 }, { "Slot":"CargoHatch", "Item":"ModularCargoBayDoor", "On":false, "Priority":1, "Health":0.875680, "Value":0 } ] }
{ "timestamp":"2017-07-27T03:39:38Z", "event":"Materials", "Raw":[ { "Name":"sulphur", "Count":33 }, { "Name":"phosphorus", "Count":30 }, { "Name":"manganese", "Count":12 }, { "Name":"nickel", "Count":7 }, { "Name":"carbon", "Count":11 }, { "Name":"cadmium", "Count":12 }, { "Name":"germanium", "Count":3 }, { "Name":"tungsten", "Count":3 }, { "Name":"arsenic", "Count":3 }, { "Name":"zinc", "Count":6 }, { "Name":"selenium", "Count":12 }, { "Name":"vanadium", "Count":3 }, { "Name":"antimony", "Count":3 } ], "Manufactured":[ { "Name":"hybridcapacitors", "Count":2 }, { "Name":"focuscrystals", "Count":1 }, { "Name":"salvagedalloys", "Count":1 }, { "Name":"shieldemitters", "Count":5 }, { "Name":"galvanisingalloys", "Count":4 }, { "Name":"phasealloys", "Count":10 }, { "Name":"highdensitycomposites", "Count":6 }, { "Name":"compoundshielding", "Count":6 }, { "Name":"refinedfocuscrystals", "Count":3 }, { "Name":"conductivecomponents", "Count":4 }, { "Name":"heatresistantceramics", "Count":1 }, { "Name":"precipitatedalloys", "Count":3 }, { "Name":"wornshieldemitters", "Count":3 }, { "Name":"shieldingsensors", "Count":3 }, { "Name":"thermicalloys", "Count":5 }, { "Name":"mechanicalequipment", "Count":1 }, { "Name":"gridresistors", "Count":2 }, { "Name":"temperedalloys", "Count":1 }, { "Name":"conductivepolymers", "Count":2 }, { "Name":"uncutfocuscrystals", "Count":1 } ], "Encoded":[ { "Name":"shieldcyclerecordings", "Count":53 }, { "Name":"emissiondata", "Count":40 }, { "Name":"encodedscandata", "Count":17 }, { "Name":"decodedemissiondata", "Count":114 }, { "Name":"shieldsoakanalysis", "Count":63 }, { "Name":"scandatabanks", "Count":33 }, { "Name":"bulkscandata", "Count":16 }, { "Name":"archivedemissiondata", "Count":2 }, { "Name":"shielddensityreports", "Count":75 }, { "Name":"shieldpatternanalysis", "Count":44 }, { "Name":"compactemissionsdata", "Count":5 }, { "Name":"shieldfrequencydata", "Count":3 }, { "Name":"consumerfirmware", "Count":1 }, { "Name":"hyperspacetrajectories", "Count":1 }, { "Name":"scrambledemissiondata", "Count":1 }, { "Name":"scanarchives", "Count":20 }, { "Name":"classifiedscandata", "Count":4 }, { "Name":"disruptedwakeechoes", "Count":3 }, { "Name":"securityfirmware", "Count":2 }, { "Name":"encryptionarchives", "Count":3 } ] }
{ "timestamp":"2017-07-27T03:39:38Z", "event":"LoadGame", "Commander":"Kith000", "Ship":"Anaconda", "ShipID":10, "ShipName":"", "ShipIdent":"", "FuelLevel":32.000000, "FuelCapacity":32.000000, "GameMode":"Group", "Group":"MOBIUS PVE", "Credits":23314987, "Loan":0 }
{ "timestamp":"2017-07-27T03:39:38Z", "event":"Rank", "Combat":6, "Trade":4, "Explore":2, "Empire":1, "Federation":4, "CQC":0 }
{ "timestamp":"2017-07-27T03:39:38Z", "event":"Progress", "Combat":21, "Trade":96, "Explore":24, "Empire":23, "Federation":1, "CQC":40 }
{ "timestamp":"2017-07-27T03:39:47Z", "event":"Location", "Docked":false, "StarSystem":"Choomee ES-W c1-8161", "StarPos":[-1643.219,20.406,24616.156], "SystemAllegiance":"", "SystemEconomy":"$economy_None;", "SystemEconomy_Localised":"None", "SystemGovernment":"$government_None;", "SystemGovernment_Localised":"None", "SystemSecurity":"$SYSTEM_SECURITY_low;", "SystemSecurity_Localised":"Low Security", "Body":"Choomee ES-W c1-8161", "BodyType":"Star" }
{ "timestamp":"2017-07-27T03:42:26Z", "event":"StartJump", "JumpType":"Hyperspace", "StarSystem":"Choomee ZL-Y c9147", "StarClass":"G" }
{ "timestamp":"2017-07-27T03:42:44Z", "event":"FSDJump", "StarSystem":"Choomee ZL-Y c9147", "StarPos":[-1670.563,22.250,24592.031], "SystemAllegiance":"", "SystemEconomy":"$economy_None;", "SystemEconomy_Localised":"None", "SystemGovernment":"$government_None;", "SystemGovernment_Localised":"None", "SystemSecurity":"$SYSTEM_SECURITY_low;", "SystemSecurity_Localised":"Low Security", "JumpDist":36.512, "FuelUsed":7.940644, "FuelLevel":24.059357 }
{ "timestamp":"2017-07-27T03:42:58Z", "event":"FuelScoop", "Scooped":5.006942, "Total":29.066298 }
{ "timestamp":"2017-07-27T03:43:01Z", "event":"FuelScoop", "Scooped":2.933707, "Total":32.000000 }
{ "timestamp":"2017-07-27T03:44:25Z", "event":"Scan", "BodyName":"Choomee ZL-Y c9147 A 1", "DistanceFromArrivalLS":172.186478, "TidalLock":false, "TerraformState":"", "PlanetClass":"High metal content body", "Atmosphere":"sulfur dioxide atmosphere", "AtmosphereType":"SulphurDioxide", "AtmosphereComposition":[ { "Name":"SulphurDioxide", "Percent":100.000000 } ], "Volcanism":"", "MassEM":1.045396, "Radius":6159837.500000, "SurfaceGravity":10.981250, "SurfaceTemperature":445.864105, "SurfacePressure":172155.796875, "Landable":false, "SemiMajorAxis":52098727936.000000, "Eccentricity":0.010000, "OrbitalInclination":-0.748838, "Periapsis":356.205292, "OrbitalPeriod":6856655.000000, "RotationPeriod":-6856803.500000, "AxialTilt":-3.052603 }
{ "timestamp":"2017-07-27T03:45:55Z", "event":"Screenshot", "Filename":"\\ED_Pictures\\HighResScreenShot_2017-07-27_03-45-55.bmp", "Width":7680, "Height":4320, "System":"Choomee ZL-Y c9147", "Body":"Choomee ZL-Y c9147 A" }
{ "timestamp":"2017-07-27T03:46:25Z", "event":"StartJump", "JumpType":"Hyperspace", "StarSystem":"Choomee VF-A c1415", "StarClass":"K" }
{ "timestamp":"2017-07-27T03:46:43Z", "event":"FSDJump", "StarSystem":"Choomee VF-A c1415", "StarPos":[-1697.406,20.969,24567.469], "SystemAllegiance":"", "SystemEconomy":"$economy_None;", "SystemEconomy_Localised":"None", "SystemGovernment":"$government_None;", "SystemGovernment_Localised":"None", "SystemSecurity":"$SYSTEM_SECURITY_low;", "SystemSecurity_Localised":"Low Security", "JumpDist":36.408, "FuelUsed":7.882226, "FuelLevel":24.117775 }
{ "timestamp":"2017-07-27T03:46:57Z", "event":"FuelScoop", "Scooped":5.020314, "Total":29.138096 }
{ "timestamp":"2017-07-27T03:47:00Z", "event":"FuelScoop", "Scooped":2.861894, "Total":32.000000 }
{ "timestamp":"2017-07-27T03:47:26Z", "event":"StartJump", "JumpType":"Hyperspace", "StarSystem":"Choomee UF-A c2180", "StarClass":"K" }
{ "timestamp":"2017-07-27T03:47:44Z", "event":"FSDJump", "StarSystem":"Choomee UF-A c2180", "StarPos":[-1726.813,20.000,24545.813], "SystemAllegiance":"", "SystemEconomy":"$economy_None;", "SystemEconomy_Localised":"None", "SystemGovernment":"$government_None;", "SystemGovernment_Localised":"None", "SystemSecurity":"$SYSTEM_SECURITY_low;", "SystemSecurity_Localised":"Low Security", "JumpDist":36.533, "FuelUsed":7.952411, "FuelLevel":24.047588 }
{ "timestamp":"2017-07-27T03:47:57Z", "event":"FuelScoop", "Scooped":5.030771, "Total":29.078341 }
{ "timestamp":"2017-07-27T03:48:00Z", "event":"FuelScoop", "Scooped":2.921667, "Total":32.000000 }
{ "timestamp":"2017-07-27T03:48:24Z", "event":"StartJump", "JumpType":"Hyperspace", "StarSystem":"Zunou FJ-T b58-102", "StarClass":"M" }
{ "timestamp":"2017-07-27T03:48:43Z", "event":"FSDJump", "StarSystem":"Zunou FJ-T b58-102", "StarPos":[-1753.375,19.125,24521.000], "SystemAllegiance":"", "SystemEconomy":"$economy_None;", "SystemEconomy_Localised":"None", "SystemGovernment":"$government_None;", "SystemGovernment_Localised":"None", "SystemSecurity":"$SYSTEM_SECURITY_low;", "SystemSecurity_Localised":"Low Security", "JumpDist":36.359, "FuelUsed":7.854125, "FuelLevel":24.145876 }
{ "timestamp":"2017-07-27T03:48:55Z", "event":"FuelScoop", "Scooped":5.033583, "Total":29.179461 }
{ "timestamp":"2017-07-27T03:48:58Z", "event":"FuelScoop", "Scooped":2.820533, "Total":32.000000 }
{ "timestamp":"2017-07-27T03:49:20Z", "event":"StartJump", "JumpType":"Hyperspace", "StarSystem":"Zunou NO-X c28-6021", "StarClass":"K" }
{ "timestamp":"2017-07-27T03:49:38Z", "event":"FSDJump", "StarSystem":"Zunou NO-X c28-6021", "StarPos":[-1779.813,21.125,24496.094], "SystemAllegiance":"", "SystemEconomy":"$economy_None;", "SystemEconomy_Localised":"None", "SystemGovernment":"$government_None;", "SystemGovernment_Localised":"None", "SystemSecurity":"$SYSTEM_SECURITY_low;", "SystemSecurity_Localised":"Low Security", "JumpDist":36.377, "FuelUsed":7.864588, "FuelLevel":24.135412 }
{ "timestamp":"2017-07-27T03:49:53Z", "event":"FuelScoop", "Scooped":5.018110, "Total":29.153538 }
{ "timestamp":"2017-07-27T03:49:57Z", "event":"FuelScoop", "Scooped":2.846451, "Total":32.000000 }
{ "timestamp":"2017-07-27T03:50:13Z", "event":"StartJump", "JumpType":"Hyperspace", "StarSystem":"Zunou II-Z c27-1777", "StarClass":"K" }
{ "timestamp":"2017-07-27T03:50:32Z", "event":"FSDJump", "StarSystem":"Zunou II-Z c27-1777", "StarPos":[-1807.969,22.156,24473.031], "SystemAllegiance":"", "SystemEconomy":"$economy_None;", "SystemEconomy_Localised":"None", "SystemGovernment":"$government_None;", "SystemGovernment_Localised":"None", "SystemSecurity":"$SYSTEM_SECURITY_low;", "SystemSecurity_Localised":"Low Security", "JumpDist":36.410, "FuelUsed":7.882879, "FuelLevel":24.117121 }
{ "timestamp":"2017-07-27T03:50:45Z", "event":"FuelScoop", "Scooped":5.033121, "Total":29.150251 }
{ "timestamp":"2017-07-27T03:50:47Z", "event":"FuelScoop", "Scooped":2.849744, "Total":32.000000 }
{ "timestamp":"2017-07-27T03:52:12Z", "event":"Scan", "BodyName":"Zunou II-Z c27-1777 A 1", "DistanceFromArrivalLS":441.965698, "TidalLock":false, "TerraformState":"Terraformable", "PlanetClass":"High metal content body", "Atmosphere":"nitrogen atmosphere", "AtmosphereType":"Nitrogen", "AtmosphereComposition":[ { "Name":"Nitrogen", "Percent":99.989456 } ], "Volcanism":"", "MassEM":0.353724, "Radius":4433496.000000, "SurfaceGravity":7.172673, "SurfaceTemperature":242.830566, "SurfacePressure":245736.125000, "Landable":false, "SemiMajorAxis":132529356800.000000, "Eccentricity":0.000558, "OrbitalInclination":0.111152, "Periapsis":340.854156, "OrbitalPeriod":28191128.000000, "RotationPeriod":195740.828125, "AxialTilt":-0.010715 }
{ "timestamp":"2017-07-27T03:52:41Z", "event":"StartJump", "JumpType":"Hyperspace", "StarSystem":"Zunou DC-B c27-3420", "StarClass":"K" }
{ "timestamp":"2017-07-27T03:53:00Z", "event":"FSDJump", "StarSystem":"Zunou DC-B c27-3420", "StarPos":[-1836.406,20.688,24450.313], "SystemAllegiance":"", "SystemEconomy":"$economy_None;", "SystemEconomy_Localised":"None", "SystemGovernment":"$government_None;", "SystemGovernment_Localised":"None", "SystemSecurity":"$SYSTEM_SECURITY_low;", "SystemSecurity_Localised":"Low Security", "JumpDist":36.428, "FuelUsed":7.893323, "FuelLevel":24.106678 }
{ "timestamp":"2017-07-27T03:53:13Z", "event":"FuelScoop", "Scooped":5.008015, "Total":29.114685 }
{ "timestamp":"2017-07-27T03:53:16Z", "event":"FuelScoop", "Scooped":2.885320, "Total":32.000000 }
{ "timestamp":"2017-07-27T03:53:38Z", "event":"StartJump", "JumpType":"Hyperspace", "StarSystem":"Zunou DC-B c27-954", "StarClass":"G" }
{ "timestamp":"2017-07-27T03:53:57Z", "event":"FSDJump", "StarSystem":"Zunou DC-B c27-954", "StarPos":[-1862.750,19.531,24425.156], "SystemAllegiance":"", "SystemEconomy":"$economy_None;", "SystemEconomy_Localised":"None", "SystemGovernment":"$government_None;", "SystemGovernment_Localised":"None", "SystemSecurity":"$SYSTEM_SECURITY_low;", "SystemSecurity_Localised":"Low Security", "JumpDist":36.444, "FuelUsed":7.901876, "FuelLevel":24.098124 }
{ "timestamp":"2017-07-27T03:54:11Z", "event":"FuelScoop", "Scooped":5.015283, "Total":29.113409 }
{ "timestamp":"2017-07-27T03:54:14Z", "event":"FuelScoop", "Scooped":2.886593, "Total":32.000000 }
{ "timestamp":"2017-07-27T03:54:32Z", "event":"StartJump", "JumpType":"Hyperspace", "StarSystem":"Zunou YV-C c26-3934", "StarClass":"K" }
{ "timestamp":"2017-07-27T03:54:51Z", "event":"FSDJump", "StarSystem":"Zunou YV-C c26-3934", "StarPos":[-1889.156,18.750,24400.219], "SystemAllegiance":"", "SystemEconomy":"$economy_None;", "SystemEconomy_Localised":"None", "SystemGovernment":"$government_None;", "SystemGovernment_Localised":"None", "SystemSecurity":"$SYSTEM_SECURITY_low;", "SystemSecurity_Localised":"Low Security", "JumpDist":36.329, "FuelUsed":7.837552, "FuelLevel":24.162449 }
{ "timestamp":"2017-07-27T03:55:04Z", "event":"FuelScoop", "Scooped":5.026020, "Total":29.188457 }
{ "timestamp":"2017-07-27T03:55:08Z", "event":"FuelScoop", "Scooped":2.811541, "Total":32.000000 }
{ "timestamp":"2017-07-27T03:55:29Z", "event":"StartJump", "JumpType":"Hyperspace", "StarSystem":"Zunou VR-F b52-127", "StarClass":"M" }
{ "timestamp":"2017-07-27T03:55:47Z", "event":"FSDJump", "StarSystem":"Zunou VR-F b52-127", "StarPos":[-1917.688,19.219,24377.500], "SystemAllegiance":"", "SystemEconomy":"$economy_None;", "SystemEconomy_Localised":"None", "SystemGovernment":"$government_None;", "SystemGovernment_Localised":"None", "SystemSecurity":"$SYSTEM_SECURITY_low;", "SystemSecurity_Localised":"Low Security", "JumpDist":36.475, "FuelUsed":7.919554, "FuelLevel":24.080446 }
{ "timestamp":"2017-07-27T03:56:01Z", "event":"FuelScoop", "Scooped":5.006985, "Total":29.087423 }
{ "timestamp":"2017-07-27T03:56:04Z", "event":"FuelScoop", "Scooped":2.912585, "Total":32.000000 }
{ "timestamp":"2017-07-27T03:56:21Z", "event":"StartJump", "JumpType":"Hyperspace", "StarSystem":"Zunou TP-E c25-1352", "StarClass":"K" }
{ "timestamp":"2017-07-27T03:56:40Z", "event":"FSDJump", "StarSystem":"Zunou TP-E c25-1352", "StarPos":[-1943.563,21.969,24351.844], "SystemAllegiance":"", "SystemEconomy":"$economy_None;", "SystemEconomy_Localised":"None", "SystemGovernment":"$government_None;", "SystemGovernment_Localised":"None", "SystemSecurity":"$SYSTEM_SECURITY_low;", "SystemSecurity_Localised":"Low Security", "JumpDist":36.542, "FuelUsed":7.957820, "FuelLevel":24.042179 }
{ "timestamp":"2017-07-27T03:56:53Z", "event":"FuelScoop", "Scooped":5.009604, "Total":29.051762 }
{ "timestamp":"2017-07-27T03:56:55Z", "event":"FuelScoop", "Scooped":2.948241, "Total":32.000000 }
{ "timestamp":"2017-07-27T03:57:22Z", "event":"StartJump", "JumpType":"Hyperspace", "StarSystem":"Zunou GZ-K b49-27", "StarClass":"M" }
{ "timestamp":"2017-07-27T03:57:41Z", "event":"FSDJump", "StarSystem":"Zunou GZ-K b49-27", "StarPos":[-1972.375,23.844,24329.469], "SystemAllegiance":"", "SystemEconomy":"$economy_None;", "SystemEconomy_Localised":"None", "SystemGovernment":"$government_None;", "SystemGovernment_Localised":"None", "SystemSecurity":"$SYSTEM_SECURITY_low;", "SystemSecurity_Localised":"Low Security", "JumpDist":36.528, "FuelUsed":7.950100, "FuelLevel":24.049900 }
{ "timestamp":"2017-07-27T03:57:54Z", "event":"FuelScoop", "Scooped":5.021529, "Total":29.071440 }
{ "timestamp":"2017-07-27T03:57:57Z", "event":"FuelScoop", "Scooped":2.928553, "Total":32.000000 }
{ "timestamp":"2017-07-27T03:58:14Z", "event":"StartJump", "JumpType":"Hyperspace", "StarSystem":"Zunou BT-M b48-188", "StarClass":"M" }
{ "timestamp":"2017-07-27T03:58:32Z", "event":"FSDJump", "StarSystem":"Zunou BT-M b48-188", "StarPos":[-1998.125,23.969,24303.781], "SystemAllegiance":"", "SystemEconomy":"$economy_None;", "SystemEconomy_Localised":"None", "SystemGovernment":"$government_None;", "SystemGovernment_Localised":"None", "SystemSecurity":"$SYSTEM_SECURITY_low;", "SystemSecurity_Localised":"Low Security", "JumpDist":36.372, "FuelUsed":7.861983, "FuelLevel":24.138016 }
{ "timestamp":"2017-07-27T03:58:45Z", "event":"FuelScoop", "Scooped":5.032495, "Total":29.170500 }
{ "timestamp":"2017-07-27T03:58:48Z", "event":"FuelScoop", "Scooped":2.829504, "Total":32.000000 }
{ "timestamp":"2017-07-27T03:59:14Z", "event":"StartJump", "JumpType":"Hyperspace", "StarSystem":"Zunou DW-E d11-3722", "StarClass":"F" }
{ "timestamp":"2017-07-27T03:59:33Z", "event":"FSDJump", "StarSystem":"Zunou DW-E d11-3722", "StarPos":[-2025.563,22.125,24279.781], "SystemAllegiance":"", "SystemEconomy":"$economy_None;", "SystemEconomy_Localised":"None", "SystemGovernment":"$government_None;", "SystemGovernment_Localised":"None", "SystemSecurity":"$SYSTEM_SECURITY_low;", "SystemSecurity_Localised":"Low Security", "JumpDist":36.500, "FuelUsed":7.933832, "FuelLevel":24.066168 }
{ "timestamp":"2017-07-27T03:59:46Z", "event":"FuelScoop", "Scooped":5.011989, "Total":29.078178 }
{ "timestamp":"2017-07-27T03:59:49Z", "event":"FuelScoop", "Scooped":2.921826, "Total":32.000000 }
{ "timestamp":"2017-07-27T04:00:54Z", "event":"Scan", "BodyName":"Zunou DW-E d11-3722 2", "DistanceFromArrivalLS":267.608307, "TidalLock":false, "TerraformState":"", "PlanetClass":"High metal content body", "Atmosphere":"sulfur dioxide atmosphere", "AtmosphereType":"SulphurDioxide", "AtmosphereComposition":[ { "Name":"SulphurDioxide", "Percent":100.000000 } ], "Volcanism":"", "MassEM":0.323606, "Radius":4296617.000000, "SurfaceGravity":6.986717, "SurfaceTemperature":435.511810, "SurfacePressure":66350.335938, "Landable":false, "SemiMajorAxis":80328867840.000000, "Eccentricity":0.001284, "OrbitalInclination":0.057846, "Periapsis":136.707245, "OrbitalPeriod":11019145.000000, "RotationPeriod":-11019568.000000, "AxialTilt":2.074250 }
{ "timestamp":"2017-07-27T04:02:36Z", "event":"Scan", "BodyName":"Zunou DW-E d11-3722 3", "DistanceFromArrivalLS":344.952911, "TidalLock":false, "TerraformState":"", "PlanetClass":"High metal content body", "Atmosphere":"sulfur dioxide atmosphere", "AtmosphereType":"SulphurDioxide", "AtmosphereComposition":[ { "Name":"SulphurDioxide", "Percent":100.000000 } ], "Volcanism":"", "MassEM":0.299130, "Radius":4207283.500000, "SurfaceGravity":6.735449, "SurfaceTemperature":383.068298, "SurfacePressure":59794.332031, "Landable":false, "SemiMajorAxis":103402168320.000000, "Eccentricity":0.000118, "OrbitalInclination":0.011239, "Periapsis":120.093254, "OrbitalPeriod":16092921.000000, "RotationPeriod":108491.882813, "AxialTilt":-0.003405 }
{ "timestamp":"2017-07-27T04:04:37Z", "event":"Scan", "BodyName":"Zunou DW-E d11-3722 6", "DistanceFromArrivalLS":1184.396240, "TidalLock":false, "TerraformState":"", "PlanetClass":"Earthlike body", "Atmosphere":"", "AtmosphereType":"EarthLike", "AtmosphereComposition":[ { "Name":"Nitrogen", "Percent":94.673691 }, { "Name":"Oxygen", "Percent":5.166053 }, { "Name":"Water", "Percent":0.133441 } ], "Volcanism":"major rocky magma volcanism", "MassEM":0.813846, "Radius":5718131.000000, "SurfaceGravity":9.920724, "SurfaceTemperature":262.120911, "SurfacePressure":349127.281250, "Landable":false, "SemiMajorAxis":355045965824.000000, "Eccentricity":0.000088, "OrbitalInclination":0.164566, "Periapsis":300.326263, "OrbitalPeriod":102392304.000000, "RotationPeriod":74162.656250, "AxialTilt":-0.450531 }
{ "timestamp":"2017-07-27T04:06:20Z", "event":"Screenshot", "Filename":"\\ED_Pictures\\HighResScreenShot_2017-07-27_04-06-19.bmp", "Width":7680, "Height":4320, "System":"Zunou DW-E d11-3722", "Body":"Zunou DW-E d11-3722 6" }
{ "timestamp":"2017-07-27T04:06:47Z", "event":"Screenshot", "Filename":"\\ED_Pictures\\HighResScreenShot_2017-07-27_04-06-47.bmp", "Width":7680, "Height":4320, "System":"Zunou DW-E d11-3722", "Body":"Zunou DW-E d11-3722 6" }
{ "timestamp":"2017-07-27T04:08:08Z", "event":"StartJump", "JumpType":"Hyperspace", "StarSystem":"Zunou QG-Q b46-178", "StarClass":"L" }
{ "timestamp":"2017-07-27T04:08:26Z", "event":"FSDJump", "StarSystem":"Zunou QG-Q b46-178", "StarPos":[-2052.875,20.031,24255.750], "SystemAllegiance":"", "SystemEconomy":"$economy_None;", "SystemEconomy_Localised":"None", "SystemGovernment":"$government_None;", "SystemGovernment_Localised":"None", "SystemSecurity":"$SYSTEM_SECURITY_low;", "SystemSecurity_Localised":"Low Security", "JumpDist":36.440, "FuelUsed":7.899603, "FuelLevel":24.100397 }
{ "timestamp":"2017-07-27T04:09:11Z", "event":"StartJump", "JumpType":"Hyperspace", "StarSystem":"Zunou DX-J c22-7259", "StarClass":"G" }
{ "timestamp":"2017-07-27T04:09:30Z", "event":"FSDJump", "StarSystem":"Zunou DX-J c22-7259", "StarPos":[-2079.344,18.563,24230.625], "SystemAllegiance":"", "SystemEconomy":"$economy_None;", "SystemEconomy_Localised":"None", "SystemGovernment":"$government_None;", "SystemGovernment_Localised":"None", "SystemSecurity":"$SYSTEM_SECURITY_low;", "SystemSecurity_Localised":"Low Security", "JumpDist":36.524, "FuelUsed":7.678312, "FuelLevel":16.422085 }
{ "timestamp":"2017-07-27T04:09:43Z", "event":"FuelScoop", "Scooped":5.001832, "Total":20.353914 }
{ "timestamp":"2017-07-27T04:09:48Z", "event":"FuelScoop", "Scooped":5.011019, "Total":25.364935 }
{ "timestamp":"2017-07-27T04:09:53Z", "event":"FuelScoop", "Scooped":5.032494, "Total":30.397425 }
{ "timestamp":"2017-07-27T04:09:55Z", "event":"FuelScoop", "Scooped":1.602578, "Total":32.000000 }
{ "timestamp":"2017-07-27T04:10:11Z", "event":"StartJump", "JumpType":"Hyperspace", "StarSystem":"Zunou DX-J c22-841", "StarClass":"K" }
{ "timestamp":"2017-07-27T04:10:30Z", "event":"FSDJump", "StarSystem":"Zunou DX-J c22-841", "StarPos":[-2094.813,20.656,24218.906], "SystemAllegiance":"", "SystemEconomy":"$economy_None;", "SystemEconomy_Localised":"None", "SystemGovernment":"$government_None;", "SystemGovernment_Localised":"None", "SystemSecurity":"$SYSTEM_SECURITY_low;", "SystemSecurity_Localised":"Low Security", "JumpDist":19.519, "FuelUsed":1.558588, "FuelLevel":30.441412 }
{ "timestamp":"2017-07-27T04:10:41Z", "event":"FuelScoop", "Scooped":1.558579, "Total":32.000000 }
{ "timestamp":"2017-07-27T04:13:43Z", "event":"StartJump", "JumpType":"Hyperspace", "StarSystem":"Zunou DX-J c22-1384", "StarClass":"K" }
{ "timestamp":"2017-07-27T04:14:02Z", "event":"FSDJump", "StarSystem":"Zunou DX-J c22-1384", "StarPos":[-2066.969,21.813,24242.313], "SystemAllegiance":"", "SystemEconomy":"$economy_None;", "SystemEconomy_Localised":"None", "SystemGovernment":"$government_None;", "SystemGovernment_Localised":"None", "SystemSecurity":"$SYSTEM_SECURITY_low;", "SystemSecurity_Localised":"Low Security", "JumpDist":36.393, "FuelUsed":7.873565, "FuelLevel":24.126434 }
{ "timestamp":"2017-07-27T04:14:15Z", "event":"FuelScoop", "Scooped":5.019749, "Total":29.146194 }
{ "timestamp":"2017-07-27T04:14:17Z", "event":"FuelScoop", "Scooped":2.853807, "Total":32.000000 }
{ "timestamp":"2017-07-27T04:15:33Z", "event":"Scan", "BodyName":"Zunou DX-J c22-1384 6", "DistanceFromArrivalLS":143.741898, "TidalLock":true, "TerraformState":"", "PlanetClass":"High metal content body", "Atmosphere":"hot thick carbon dioxide atmosphere", "AtmosphereType":"CarbonDioxide", "AtmosphereComposition":[ { "Name":"CarbonDioxide", "Percent":92.860123 }, { "Name":"SulphurDioxide", "Percent":7.139882 } ], "Volcanism":"", "MassEM":0.532004, "Radius":5026178.500000, "SurfaceGravity":8.393605, "SurfaceTemperature":774.585571, "SurfacePressure":1408610.000000, "Landable":false, "SemiMajorAxis":8121471.500000, "Eccentricity":0.193797, "OrbitalInclination":-2.296389, "Periapsis":118.038483, "OrbitalPeriod":637786.062500, "RotationPeriod":2576355.500000, "AxialTilt":-0.226514 }
{ "timestamp":"2017-07-27T04:17:22Z", "event":"Scan", "BodyName":"Zunou DX-J c22-1384 11", "DistanceFromArrivalLS":801.688354, "TidalLock":false, "TerraformState":"", "PlanetClass":"High metal content body", "Atmosphere":"carbon dioxide rich atmosphere", "AtmosphereType":"CarbonDioxideRich", "AtmosphereComposition":[ { "Name":"Nitrogen", "Percent":67.824837 }, { "Name":"CarbonDioxide", "Percent":23.466635 }, { "Name":"Oxygen", "Percent":8.620650 } ], "Volcanism":"", "MassEM":0.605919, "Radius":5229773.000000, "SurfaceGravity":8.829950, "SurfaceTemperature":216.261612, "SurfacePressure":114325.039063, "Landable":false, "SemiMajorAxis":240473440256.000000, "Eccentricity":0.000692, "OrbitalInclination":0.014864, "Periapsis":356.951172, "OrbitalPeriod":74255072.000000, "RotationPeriod":74444.375000, "AxialTilt":-0.410956 }
{ "timestamp":"2017-07-27T04:17:55Z", "event":"StartJump", "JumpType":"Hyperspace", "StarSystem":"Zunou DW-E d11-9873", "StarClass":"F" }
{ "timestamp":"2017-07-27T04:18:16Z", "event":"FSDJump", "StarSystem":"Zunou DW-E d11-9873", "StarPos":[-2039.969,21.531,24266.844], "SystemAllegiance":"", "SystemEconomy":"$economy_None;", "SystemEconomy_Localised":"None", "SystemGovernment":"$government_None;", "SystemGovernment_Localised":"None", "SystemSecurity":"$SYSTEM_SECURITY_low;", "SystemSecurity_Localised":"Low Security", "JumpDist":36.481, "FuelUsed":7.923348, "FuelLevel":24.076653 }
{ "timestamp":"2017-07-27T04:18:29Z", "event":"FuelScoop", "Scooped":5.022925, "Total":29.099567 }
{ "timestamp":"2017-07-27T04:18:32Z", "event":"FuelScoop", "Scooped":2.900442, "Total":32.000000 }
{ "timestamp":"2017-07-27T04:19:18Z", "event":"StartJump", "JumpType":"Hyperspace", "StarSystem":"Zunou DW-E d11-9722", "StarClass":"F" }
{ "timestamp":"2017-07-27T04:19:37Z", "event":"FSDJump", "StarSystem":"Zunou DW-E d11-9722", "StarPos":[-2011.656,22.656,24289.719], "SystemAllegiance":"", "SystemEconomy":"$economy_None;", "SystemEconomy_Localised":"None", "SystemGovernment":"$government_None;", "SystemGovernment_Localised":"None", "SystemSecurity":"$SYSTEM_SECURITY_low;", "SystemSecurity_Localised":"Low Security", "JumpDist":36.416, "FuelUsed":7.886247, "FuelLevel":24.113752 }
{ "timestamp":"2017-07-27T04:19:51Z", "event":"FuelScoop", "Scooped":5.026354, "Total":29.140095 }
{ "timestamp":"2017-07-27T04:19:54Z", "event":"FuelScoop", "Scooped":2.859899, "Total":32.000000 }
{ "timestamp":"2017-07-27T04:21:51Z", "event":"Scan", "BodyName":"Zunou DW-E d11-9722 A 4", "DistanceFromArrivalLS":1580.072754, "TidalLock":false, "TerraformState":"Terraformable", "PlanetClass":"Water world", "Atmosphere":"ammonia atmosphere", "AtmosphereType":"Ammonia", "AtmosphereComposition":[ { "Name":"Ammonia", "Percent":46.976246 }, { "Name":"Nitrogen", "Percent":43.526554 }, { "Name":"Oxygen", "Percent":9.410559 } ], "Volcanism":"", "MassEM":0.628189, "Radius":5284144.000000, "SurfaceGravity":8.967068, "SurfaceTemperature":276.107727, "SurfacePressure":270028.281250, "Landable":false, "SemiMajorAxis":475088814080.000000, "Eccentricity":0.003239, "OrbitalInclination":5.522274, "Periapsis":83.723915, "OrbitalPeriod":151436288.000000, "RotationPeriod":40068.457031, "AxialTilt":-0.479733 }
{ "timestamp":"2017-07-27T04:22:28Z", "event":"StartJump", "JumpType":"Hyperspace", "StarSystem":"Zunou IC-D d12-3208", "StarClass":"F" }
{ "timestamp":"2017-07-27T04:22:47Z", "event":"FSDJump", "StarSystem":"Zunou IC-D d12-3208", "StarPos":[-1983.594,22.656,24312.781], "SystemAllegiance":"", "SystemEconomy":"$economy_None;", "SystemEconomy_Localised":"None", "SystemGovernment":"$government_None;", "SystemGovernment_Localised":"None", "SystemSecurity":"$SYSTEM_SECURITY_low;", "SystemSecurity_Localised":"Low Security", "JumpDist":36.323, "FuelUsed":7.834622, "FuelLevel":24.165379 }
{ "timestamp":"2017-07-27T04:26:36Z", "event":"FuelScoop", "Scooped":5.010021, "Total":29.175423 }
{ "timestamp":"2017-07-27T04:26:39Z", "event":"FuelScoop", "Scooped":2.824569, "Total":32.000000 }
{ "timestamp":"2017-07-27T04:28:00Z", "event":"Scan", "BodyName":"Zunou IC-D d12-3208 A 1", "DistanceFromArrivalLS":587.978210, "TidalLock":false, "TerraformState":"Terraformable", "PlanetClass":"High metal content body", "Atmosphere":"hot thick carbon dioxide atmosphere", "AtmosphereType":"CarbonDioxide", "AtmosphereComposition":[ { "Name":"CarbonDioxide", "Percent":96.182693 }, { "Name":"Nitrogen", "Percent":2.855268 }, { "Name":"SulphurDioxide", "Percent":0.961827 } ], "Volcanism":"major rocky magma volcanism", "MassEM":1.495141, "Radius":6826464.000000, "SurfaceGravity":12.787924, "SurfaceTemperature":890.366028, "SurfacePressure":23928942.000000, "Landable":false, "SemiMajorAxis":176271278080.000000, "Eccentricity":0.000014, "OrbitalInclination":-0.003091, "Periapsis":149.590530, "OrbitalPeriod":38318484.000000, "RotationPeriod":52700.796875, "AxialTilt":1.056617 }
{ "timestamp":"2017-07-27T04:30:01Z", "event":"Scan", "BodyName":"Zunou IC-D d12-3208 A 2", "DistanceFromArrivalLS":832.311462, "TidalLock":false, "TerraformState":"Terraformable", "PlanetClass":"High metal content body", "Atmosphere":"carbon dioxide rich atmosphere", "AtmosphereType":"CarbonDioxideRich", "AtmosphereComposition":[ { "Name":"Nitrogen", "Percent":82.046768 }, { "Name":"CarbonDioxide", "Percent":17.497904 }, { "Name":"Argon", "Percent":0.279676 } ], "Volcanism":"", "MassEM":0.681021, "Radius":5416946.500000, "SurfaceGravity":9.250402, "SurfaceTemperature":280.287994, "SurfacePressure":10620.509766, "Landable":false, "SemiMajorAxis":249105678336.000000, "Eccentricity":0.003368, "OrbitalInclination":-0.077931, "Periapsis":293.452545, "OrbitalPeriod":64374144.000000, "RotationPeriod":81185.867188, "AxialTilt":-0.141467 }
{ "timestamp":"2017-07-27T04:31:52Z", "event":"Scan", "BodyName":"Zunou IC-D d12-3208 A 3", "DistanceFromArrivalLS":1096.910156, "TidalLock":false, "TerraformState":"Terraformable", "PlanetClass":"High metal content body", "Atmosphere":"carbon dioxide rich atmosphere", "AtmosphereType":"CarbonDioxideRich", "AtmosphereComposition":[ { "Name":"Nitrogen", "Percent":97.527199 }, { "Name":"CarbonDioxide", "Percent":2.209332 }, { "Name":"Ammonia", "Percent":0.223037 } ], "Volcanism":"", "MassEM":0.545366, "Radius":5055442.000000, "SurfaceGravity":8.505089, "SurfaceTemperature":283.494263, "SurfacePressure":350497.906250, "Landable":false, "SemiMajorAxis":328272347136.000000, "Eccentricity":0.001939, "OrbitalInclination":0.053932, "Periapsis":331.865723, "OrbitalPeriod":97383968.000000, "RotationPeriod":125785.812500, "AxialTilt":-3.018678 }
{ "timestamp":"2017-07-27T04:33:26Z", "event":"Scan", "BodyName":"Zunou IC-D d12-3208 A 4", "DistanceFromArrivalLS":1386.857422, "TidalLock":false, "TerraformState":"", "PlanetClass":"High metal content body", "Atmosphere":"nitrogen atmosphere", "AtmosphereType":"Nitrogen", "AtmosphereComposition":[ { "Name":"Nitrogen", "Percent":78.467491 }, { "Name":"Oxygen", "Percent":20.915766 }, { "Name":"CarbonDioxide", "Percent":0.550640 } ], "Volcanism":"", "MassEM":0.471950, "Radius":4827852.000000, "SurfaceGravity":8.070440, "SurfaceTemperature":218.994308, "SurfacePressure":72146.796875, "Landable":false, "SemiMajorAxis":415692750848.000000, "Eccentricity":0.000275, "OrbitalInclination":-0.040596, "Periapsis":14.311043, "OrbitalPeriod":138769712.000000, "RotationPeriod":52367.714844, "AxialTilt":-0.821901 }
{ "timestamp":"2017-07-27T04:33:54Z", "event":"StartJump", "JumpType":"Hyperspace", "StarSystem":"Zunou SP-E c25-8116", "StarClass":"K" }
{ "timestamp":"2017-07-27T04:34:15Z", "event":"FSDJump", "StarSystem":"Zunou SP-E c25-8116", "StarPos":[-1955.500,20.719,24335.938], "SystemAllegiance":"", "SystemEconomy":"$economy_None;", "SystemEconomy_Localised":"None", "SystemGovernment":"$government_None;", "SystemGovernment_Localised":"None", "SystemSecurity":"$SYSTEM_SECURITY_low;", "SystemSecurity_Localised":"Low Security", "JumpDist":36.459, "FuelUsed":7.910659, "FuelLevel":24.089340 }
{ "timestamp":"2017-07-27T04:34:28Z", "event":"FuelScoop", "Scooped":5.001162, "Total":29.090498 }
{ "timestamp":"2017-07-27T04:34:31Z", "event":"FuelScoop", "Scooped":2.909502, "Total":32.000000 }
{ "timestamp":"2017-07-27T04:35:12Z", "event":"StartJump", "JumpType":"Hyperspace", "StarSystem":"Zunou TP-E c25-1626", "StarClass":"K" }
{ "timestamp":"2017-07-27T04:35:30Z", "event":"FSDJump", "StarSystem":"Zunou TP-E c25-1626", "StarPos":[-1927.031,22.406,24358.375], "SystemAllegiance":"", "SystemEconomy":"$economy_None;", "SystemEconomy_Localised":"None", "SystemGovernment":"$government_None;", "SystemGovernment_Localised":"None", "SystemSecurity":"$SYSTEM_SECURITY_low;", "SystemSecurity_Localised":"Low Security", "JumpDist":36.287, "FuelUsed":7.814373, "FuelLevel":24.185627 }
{ "timestamp":"2017-07-27T04:35:43Z", "event":"FuelScoop", "Scooped":5.021995, "Total":29.207621 }
{ "timestamp":"2017-07-27T04:35:46Z", "event":"FuelScoop", "Scooped":2.792364, "Total":32.000000 }
{ "timestamp":"2017-07-27T04:36:13Z", "event":"StartJump", "JumpType":"Hyperspace", "StarSystem":"Zunou WR-F b52-178", "StarClass":"M" }
{ "timestamp":"2017-07-27T04:36:32Z", "event":"FSDJump", "StarSystem":"Zunou WR-F b52-178", "StarPos":[-1900.375,23.813,24382.875], "SystemAllegiance":"", "SystemEconomy":"$economy_None;", "SystemEconomy_Localised":"None", "SystemGovernment":"$government_None;", "SystemGovernment_Localised":"None", "SystemSecurity":"$SYSTEM_SECURITY_low;", "SystemSecurity_Localised":"Low Security", "JumpDist":36.232, "FuelUsed":7.783715, "FuelLevel":24.216286 }
{ "timestamp":"2017-07-27T04:36:44Z", "event":"FuelScoop", "Scooped":5.019688, "Total":29.235968 }
{ "timestamp":"2017-07-27T04:36:47Z", "event":"FuelScoop", "Scooped":2.764030, "Total":32.000000 }
{ "timestamp":"2017-07-27T04:37:26Z", "event":"StartJump", "JumpType":"Hyperspace", "StarSystem":"Zunou YV-C c26-946", "StarClass":"K" }
{ "timestamp":"2017-07-27T04:37:45Z", "event":"FSDJump", "StarSystem":"Zunou YV-C c26-946", "StarPos":[-1871.719,24.500,24405.500], "SystemAllegiance":"", "SystemEconomy":"$economy_None;", "SystemEconomy_Localised":"None", "SystemGovernment":"$government_None;", "SystemGovernment_Localised":"None", "SystemSecurity":"$SYSTEM_SECURITY_low;", "SystemSecurity_Localised":"Low Security", "JumpDist":36.518, "FuelUsed":7.943718, "FuelLevel":24.056282 }
{ "timestamp":"2017-07-27T04:37:58Z", "event":"FuelScoop", "Scooped":5.004995, "Total":29.061295 }
{ "timestamp":"2017-07-27T04:38:02Z", "event":"FuelScoop", "Scooped":2.938700, "Total":32.000000 }
{ "timestamp":"2017-07-27T04:38:38Z", "event":"StartJump", "JumpType":"Hyperspace", "StarSystem":"Zunou DC-B c27-5676", "StarClass":"M" }
{ "timestamp":"2017-07-27T04:38:57Z", "event":"FSDJump", "StarSystem":"Zunou DC-B c27-5676", "StarPos":[-1845.594,25.688,24431.000], "SystemAllegiance":"", "SystemEconomy":"$economy_None;", "SystemEconomy_Localised":"None", "SystemGovernment":"$government_None;", "SystemGovernment_Localised":"None", "SystemSecurity":"$SYSTEM_SECURITY_low;", "SystemSecurity_Localised":"Low Security", "JumpDist":36.526, "FuelUsed":7.948574, "FuelLevel":24.051426 }
{ "timestamp":"2017-07-27T04:39:10Z", "event":"FuelScoop", "Scooped":5.012928, "Total":29.064358 }
{ "timestamp":"2017-07-27T04:39:13Z", "event":"FuelScoop", "Scooped":2.935638, "Total":32.000000 }
{ "timestamp":"2017-07-27T04:39:54Z", "event":"StartJump", "JumpType":"Hyperspace", "StarSystem":"Zunou II-Z c27-5926", "StarClass":"K" }
{ "timestamp":"2017-07-27T04:40:12Z", "event":"FSDJump", "StarSystem":"Zunou II-Z c27-5926", "StarPos":[-1819.063,24.844,24455.938], "SystemAllegiance":"", "SystemEconomy":"$economy_None;", "SystemEconomy_Localised":"None", "SystemGovernment":"$government_None;", "SystemGovernment_Localised":"None", "SystemSecurity":"$SYSTEM_SECURITY_low;", "SystemSecurity_Localised":"Low Security", "JumpDist":36.421, "FuelUsed":7.889594, "FuelLevel":24.110407 }
{ "timestamp":"2017-07-27T04:40:26Z", "event":"FuelScoop", "Scooped":5.002871, "Total":29.113268 }
{ "timestamp":"2017-07-27T04:40:31Z", "event":"FuelScoop", "Scooped":2.886728, "Total":32.000000 }
{ "timestamp":"2017-07-27T04:41:04Z", "event":"StartJump", "JumpType":"Hyperspace", "StarSystem":"Zunou II-Z c27-6383", "StarClass":"K" }
{ "timestamp":"2017-07-27T04:41:23Z", "event":"FSDJump", "StarSystem":"Zunou II-Z c27-6383", "StarPos":[-1791.844,23.375,24480.000], "SystemAllegiance":"", "SystemEconomy":"$economy_None;", "SystemEconomy_Localised":"None", "SystemGovernment":"$government_None;", "SystemGovernment_Localised":"None", "SystemSecurity":"$SYSTEM_SECURITY_low;", "SystemSecurity_Localised":"Low Security", "JumpDist":36.360, "FuelUsed":7.854696, "FuelLevel":24.145304 }
{ "timestamp":"2017-07-27T04:41:35Z", "event":"FuelScoop", "Scooped":5.025002, "Total":29.170298 }
{ "timestamp":"2017-07-27T04:41:38Z", "event":"FuelScoop", "Scooped":2.829702, "Total":32.000000 }
{ "timestamp":"2017-07-27T04:42:57Z", "event":"Scan", "BodyName":"Zunou II-Z c27-6383 A 1", "DistanceFromArrivalLS":245.112396, "TidalLock":false, "TerraformState":"Terraformable", "PlanetClass":"High metal content body", "Atmosphere":"nitrogen atmosphere", "AtmosphereType":"Nitrogen", "AtmosphereComposition":[ { "Name":"Nitrogen", "Percent":99.991600 } ], "Volcanism":"", "MassEM":0.348466, "Radius":4414772.500000, "SurfaceGravity":7.126112, "SurfaceTemperature":218.952103, "SurfacePressure":243077.156250, "Landable":false, "SemiMajorAxis":73481306112.000000, "Eccentricity":0.000349, "OrbitalInclination":0.051883, "Periapsis":356.040955, "OrbitalPeriod":14794775.000000, "RotationPeriod":118258.445313, "AxialTilt":-0.421302 }
{ "timestamp":"2017-07-27T04:44:22Z", "event":"Scan", "BodyName":"Zunou II-Z c27-6383 A 2", "DistanceFromArrivalLS":328.679077, "TidalLock":true, "TerraformState":"", "PlanetClass":"High metal content body", "Atmosphere":"nitrogen atmosphere", "AtmosphereType":"Nitrogen", "AtmosphereComposition":[ { "Name":"Nitrogen", "Percent":77.413849 }, { "Name":"Oxygen", "Percent":19.280552 }, { "Name":"CarbonDioxide", "Percent":3.240236 } ], "Volcanism":"", "MassEM":0.384199, "Radius":4550280.000000, "SurfaceGravity":7.395875, "SurfaceTemperature":228.652710, "SurfacePressure":72384.882813, "Landable":false, "SemiMajorAxis":162026656.000000, "Eccentricity":0.113060, "OrbitalInclination":-8.974202, "Periapsis":22.141869, "OrbitalPeriod":2282949.750000, "RotationPeriod":3299674.250000, "AxialTilt":-0.041668 }
{ "timestamp":"2017-07-27T04:44:50Z", "event":"Scan", "BodyName":"Zunou II-Z c27-6383 A 3", "DistanceFromArrivalLS":327.460419, "TidalLock":true, "TerraformState":"", "PlanetClass":"High metal content body", "Atmosphere":"carbon dioxide rich atmosphere", "AtmosphereType":"CarbonDioxideRich", "AtmosphereComposition":[ { "Name":"Nitrogen", "Percent":98.505814 }, { "Name":"CarbonDioxide", "Percent":1.472179 } ], "Volcanism":"", "MassEM":0.352783, "Radius":4431660.000000, "SurfaceGravity":7.159516, "SurfaceTemperature":228.711884, "SurfacePressure":249062.234375, "Landable":false, "SemiMajorAxis":176455744.000000, "Eccentricity":0.113060, "OrbitalInclination":-8.974202, "Periapsis":202.141861, "OrbitalPeriod":2282949.750000, "RotationPeriod":3161888.000000, "AxialTilt":-0.304449 }
{ "timestamp":"2017-07-27T04:45:22Z", "event":"StartJump", "JumpType":"Hyperspace", "StarSystem":"Zunou NO-X c28-1246", "StarClass":"G" }
{ "timestamp":"2017-07-27T04:45:41Z", "event":"FSDJump", "StarSystem":"Zunou NO-X c28-1246", "StarPos":[-1763.594,23.406,24502.719], "SystemAllegiance":"", "SystemEconomy":"$economy_None;", "SystemEconomy_Localised":"None", "SystemGovernment":"$government_None;", "SystemGovernment_Localised":"None", "SystemSecurity":"$SYSTEM_SECURITY_low;", "SystemSecurity_Localised":"Low Security", "JumpDist":36.252, "FuelUsed":7.794332, "FuelLevel":24.205667 }
{ "timestamp":"2017-07-27T04:45:55Z", "event":"FuelScoop", "Scooped":5.013794, "Total":29.219461 }
{ "timestamp":"2017-07-27T04:45:57Z", "event":"FuelScoop", "Scooped":2.780536, "Total":32.000000 }
{ "timestamp":"2017-07-27T04:46:32Z", "event":"StartJump", "JumpType":"Hyperspace", "StarSystem":"Zunou OO-X c28-9069", "StarClass":"K" }
{ "timestamp":"2017-07-27T04:46:51Z", "event":"FSDJump", "StarSystem":"Zunou OO-X c28-9069", "StarPos":[-1733.438,19.531,24522.969], "SystemAllegiance":"", "SystemEconomy":"$economy_None;", "SystemEconomy_Localised":"None", "SystemGovernment":"$government_None;", "SystemGovernment_Localised":"None", "SystemSecurity":"$SYSTEM_SECURITY_low;", "SystemSecurity_Localised":"Low Security", "JumpDist":36.531, "FuelUsed":7.951348, "FuelLevel":24.048653 }
{ "timestamp":"2017-07-27T04:47:06Z", "event":"FuelScoop", "Scooped":5.007561, "Total":29.056204 }
{ "timestamp":"2017-07-27T04:47:10Z", "event":"FuelScoop", "Scooped":2.943783, "Total":32.000000 }
{ "timestamp":"2017-07-27T04:47:47Z", "event":"StartJump", "JumpType":"Hyperspace", "StarSystem":"Choomee VF-A c6044", "StarClass":"K" }
{ "timestamp":"2017-07-27T04:48:06Z", "event":"FSDJump", "StarSystem":"Choomee VF-A c6044", "StarPos":[-1704.688,19.813,24545.469], "SystemAllegiance":"", "SystemEconomy":"$economy_None;", "SystemEconomy_Localised":"None", "SystemGovernment":"$government_None;", "SystemGovernment_Localised":"None", "SystemSecurity":"$SYSTEM_SECURITY_low;", "SystemSecurity_Localised":"Low Security", "JumpDist":36.509, "FuelUsed":7.939064, "FuelLevel":24.060936 }
{ "timestamp":"2017-07-27T04:48:22Z", "event":"FuelScoop", "Scooped":5.013567, "Total":29.074503 }
{ "timestamp":"2017-07-27T04:48:26Z", "event":"FuelScoop", "Scooped":2.925500, "Total":32.000000 }
{ "timestamp":"2017-07-27T04:50:40Z", "event":"Scan", "BodyName":"Choomee VF-A c6044 1", "DistanceFromArrivalLS":1222.373047, "TidalLock":false, "TerraformState":"", "PlanetClass":"Water world", "Atmosphere":"thick carbon dioxide atmosphere", "AtmosphereType":"CarbonDioxide", "AtmosphereComposition":[ { "Name":"CarbonDioxide", "Percent":91.511078 }, { "Name":"Oxygen", "Percent":4.582493 }, { "Name":"Nitrogen", "Percent":2.087696 } ], "Volcanism":"minor metallic magma volcanism", "MassEM":3.067941, "Radius":8402279.000000, "SurfaceGravity":17.320574, "SurfaceTemperature":293.941895, "SurfacePressure":1556374.750000, "Landable":false, "SemiMajorAxis":366439038976.000000, "Eccentricity":0.000108, "OrbitalInclination":0.217248, "Periapsis":291.081970, "OrbitalPeriod":137494448.000000, "RotationPeriod":121306.796875, "AxialTilt":-0.355648 }
{ "timestamp":"2017-07-27T04:51:08Z", "event":"StartJump", "JumpType":"Hyperspace", "StarSystem":"Choomee VF-A c4731", "StarClass":"K" }
{ "timestamp":"2017-07-27T04:51:26Z", "event":"FSDJump", "StarSystem":"Choomee VF-A c4731", "StarPos":[-1676.594,17.563,24568.375], "SystemAllegiance":"", "SystemEconomy":"$economy_None;", "SystemEconomy_Localised":"None", "SystemGovernment":"$government_None;", "SystemGovernment_Localised":"None", "SystemSecurity":"$SYSTEM_SECURITY_low;", "SystemSecurity_Localised":"Low Security", "JumpDist":36.318, "FuelUsed":7.831806, "FuelLevel":24.168194 }
{ "timestamp":"2017-07-27T04:52:07Z", "event":"FuelScoop", "Scooped":5.004430, "Total":28.102617 }
{ "timestamp":"2017-07-27T04:52:14Z", "event":"FuelScoop", "Scooped":3.897373, "Total":32.000000 }
{ "timestamp":"2017-07-27T04:53:07Z", "event":"Scan", "BodyName":"Choomee VF-A c4731 1", "DistanceFromArrivalLS":258.539764, "TidalLock":true, "TerraformState":"", "PlanetClass":"High metal content body", "Atmosphere":"carbon dioxide rich atmosphere", "AtmosphereType":"CarbonDioxideRich", "AtmosphereComposition":[ { "Name":"Nitrogen", "Percent":95.602036 }, { "Name":"CarbonDioxide", "Percent":4.354421 } ], "Volcanism":"", "MassEM":0.256136, "Radius":4005923.000000, "SurfaceGravity":6.361712, "SurfaceTemperature":218.770142, "SurfacePressure":20521.175781, "Landable":false, "SemiMajorAxis":77515866112.000000, "Eccentricity":0.000099, "OrbitalInclination":-0.218678, "Periapsis":106.028481, "OrbitalPeriod":15478142.000000, "RotationPeriod":15479388.000000, "AxialTilt":0.228513 }
{ "timestamp":"2017-07-27T04:54:52Z", "event":"Scan", "BodyName":"Choomee VF-A c4731 2", "DistanceFromArrivalLS":364.418396, "TidalLock":true, "TerraformState":"", "PlanetClass":"High metal content body", "Atmosphere":"carbon dioxide atmosphere", "AtmosphereType":"CarbonDioxide", "AtmosphereComposition":[ { "Name":"CarbonDioxide", "Percent":98.215240 }, { "Name":"SulphurDioxide", "Percent":0.982152 }, { "Name":"Nitrogen", "Percent":0.802609 } ], "Volcanism":"", "MassEM":0.188967, "Radius":3641109.500000, "SurfaceGravity":5.681035, "SurfaceTemperature":249.264206, "SurfacePressure":46890.890625, "Landable":false, "SemiMajorAxis":98244752.000000, "Eccentricity":0.191183, "OrbitalInclination":-4.767496, "Periapsis":359.830322, "OrbitalPeriod":1677814.000000, "RotationPeriod":2480460.500000, "AxialTilt":-0.201837 }
{ "timestamp":"2017-07-27T04:55:26Z", "event":"Scan", "BodyName":"Choomee VF-A c4731 3", "DistanceFromArrivalLS":364.829437, "TidalLock":true, "TerraformState":"", "PlanetClass":"High metal content body", "Atmosphere":"carbon dioxide atmosphere", "AtmosphereType":"CarbonDioxide", "AtmosphereComposition":[ { "Name":"CarbonDioxide", "Percent":99.009911 }, { "Name":"SulphurDioxide", "Percent":0.990099 } ], "Volcanism":"", "MassEM":0.159381, "Radius":3450548.250000, "SurfaceGravity":5.335422, "SurfaceTemperature":246.020172, "SurfacePressure":41027.132813, "Landable":false, "SemiMajorAxis":116482136.000000, "Eccentricity":0.191183, "OrbitalInclination":-4.767496, "Periapsis":179.830322, "OrbitalPeriod":1677814.000000, "RotationPeriod":2278018.750000, "AxialTilt":0.189535 }
{ "timestamp":"2017-07-27T04:56:40Z", "event":"Scan", "BodyName":"Choomee VF-A c4731 4", "DistanceFromArrivalLS":463.457794, "TidalLock":false, "TerraformState":"", "PlanetClass":"High metal content body", "Atmosphere":"methane rich atmosphere", "AtmosphereType":"MethaneRich", "AtmosphereComposition":[ { "Name":"Nitrogen", "Percent":99.850769 }, { "Name":"Methane", "Percent":0.119145 } ], "Volcanism":"", "MassEM":0.269240, "Radius":4068889.500000, "SurfaceGravity":6.481825, "SurfaceTemperature":155.126556, "SurfacePressure":51867.753906, "Landable":false, "SemiMajorAxis":348778336.000000, "Eccentricity":0.096399, "OrbitalInclination":-2.786418, "Periapsis":320.370728, "OrbitalPeriod":12191702.000000, "RotationPeriod":58417.792969, "AxialTilt":-0.343404 }
{ "timestamp":"2017-07-27T04:57:10Z", "event":"StartJump", "JumpType":"Hyperspace", "StarSystem":"Choomee AY-W b1-176", "StarClass":"M" }
{ "timestamp":"2017-07-27T04:57:28Z", "event":"FSDJump", "StarSystem":"Choomee AY-W b1-176", "StarPos":[-1647.531,18.563,24590.156], "SystemAllegiance":"", "SystemEconomy":"$economy_None;", "SystemEconomy_Localised":"None", "SystemGovernment":"$government_None;", "SystemGovernment_Localised":"None", "SystemSecurity":"$SYSTEM_SECURITY_low;", "SystemSecurity_Localised":"Low Security", "JumpDist":36.333, "FuelUsed":7.839753, "FuelLevel":24.160248 }
{ "timestamp":"2017-07-27T04:57:42Z", "event":"FuelScoop", "Scooped":5.008316, "Total":29.168556 }
{ "timestamp":"2017-07-27T04:57:47Z", "event":"FuelScoop", "Scooped":2.607600, "Total":31.776157 }
{ "timestamp":"2017-07-27T04:58:32Z", "event":"StartJump", "JumpType":"Hyperspace", "StarSystem":"Choomee BM-Y c6137", "StarClass":"K" }
{ "timestamp":"2017-07-27T04:58:53Z", "event":"FSDJump", "StarSystem":"Choomee BM-Y c6137", "StarPos":[-1617.906,19.563,24611.250], "SystemAllegiance":"", "SystemEconomy":"$economy_None;", "SystemEconomy_Localised":"None", "SystemGovernment":"$government_None;", "SystemGovernment_Localised":"None", "SystemSecurity":"$SYSTEM_SECURITY_low;", "SystemSecurity_Localised":"Low Security", "JumpDist":36.381, "FuelUsed":7.859115, "FuelLevel":23.917042 }
{ "timestamp":"2017-07-27T04:59:06Z", "event":"FuelScoop", "Scooped":5.003797, "Total":28.920851 }
{ "timestamp":"2017-07-27T04:59:10Z", "event":"FuelScoop", "Scooped":3.079156, "Total":32.000000 }
{ "timestamp":"2017-07-27T04:59:36Z", "event":"StartJump", "JumpType":"Hyperspace", "StarSystem":"Choomee FS-W c1-7084", "StarClass":"K" }
{ "timestamp":"2017-07-27T04:59:57Z", "event":"FSDJump", "StarSystem":"Choomee FS-W c1-7084", "StarPos":[-1587.563,22.125,24631.281], "SystemAllegiance":"", "SystemEconomy":"$economy_None;", "SystemEconomy_Localised":"None", "SystemGovernment":"$government_None;", "SystemGovernment_Localised":"None", "SystemSecurity":"$SYSTEM_SECURITY_low;", "SystemSecurity_Localised":"Low Security", "JumpDist":36.449, "FuelUsed":7.905343, "FuelLevel":24.094658 }
{ "timestamp":"2017-07-27T05:00:11Z", "event":"FuelScoop", "Scooped":5.018791, "Total":29.113443 }
{ "timestamp":"2017-07-27T05:00:14Z", "event":"FuelScoop", "Scooped":2.886557, "Total":32.000000 }
{ "timestamp":"2017-07-27T05:00:41Z", "event":"StartJump", "JumpType":"Hyperspace", "StarSystem":"Choomee RG-Y d6287", "StarClass":"F" }
{ "timestamp":"2017-07-27T05:01:00Z", "event":"FSDJump", "StarSystem":"Choomee RG-Y d6287", "StarPos":[-1559.188,18.781,24653.938], "SystemAllegiance":"", "SystemEconomy":"$economy_None;", "SystemEconomy_Localised":"None", "SystemGovernment":"$government_None;", "SystemGovernment_Localised":"None", "SystemSecurity":"$SYSTEM_SECURITY_low;", "SystemSecurity_Localised":"Low Security", "JumpDist":36.464, "FuelUsed":7.913795, "FuelLevel":24.086205 }
{ "timestamp":"2017-07-27T05:01:13Z", "event":"FuelScoop", "Scooped":5.003002, "Total":29.089212 }
{ "timestamp":"2017-07-27T05:01:16Z", "event":"FuelScoop", "Scooped":2.910781, "Total":32.000000 }
{ "timestamp":"2017-07-27T05:02:13Z", "event":"Scan", "BodyName":"Choomee RG-Y d6287 A 1", "DistanceFromArrivalLS":245.907104, "TidalLock":true, "TerraformState":"", "PlanetClass":"High metal content body", "Atmosphere":"sulfur dioxide atmosphere", "AtmosphereType":"SulphurDioxide", "AtmosphereComposition":[ { "Name":"SulphurDioxide", "Percent":100.000000 } ], "Volcanism":"", "MassEM":0.454285, "Radius":4775427.500000, "SurfaceGravity":7.939870, "SurfaceTemperature":430.962280, "SurfacePressure":88910.101563, "Landable":false, "SemiMajorAxis":73718087680.000000, "Eccentricity":0.000079, "OrbitalInclination":0.167998, "Periapsis":122.842636, "OrbitalPeriod":10220354.000000, "RotationPeriod":10220412.000000, "AxialTilt":1.150700 }
{ "timestamp":"2017-07-27T05:03:54Z", "event":"Scan", "BodyName":"Choomee RG-Y d6287 A 2", "DistanceFromArrivalLS":438.522461, "TidalLock":true, "TerraformState":"", "PlanetClass":"High metal content body", "Atmosphere":"sulfur dioxide atmosphere", "AtmosphereType":"SulphurDioxide", "AtmosphereComposition":[ { "Name":"SulphurDioxide", "Percent":100.000000 } ], "Volcanism":"", "MassEM":0.237583, "Radius":3914520.250000, "SurfaceGravity":6.179692, "SurfaceTemperature":321.180206, "SurfacePressure":36217.277344, "Landable":false, "SemiMajorAxis":93617912.000000, "Eccentricity":0.021114, "OrbitalInclination":1.537434, "Periapsis":293.276917, "OrbitalPeriod":1204020.875000, "RotationPeriod":1715134.875000, "AxialTilt":-0.507491 }
{ "timestamp":"2017-07-27T05:05:10Z", "event":"Scan", "BodyName":"Choomee RG-Y d6287 A 3", "DistanceFromArrivalLS":438.547699, "TidalLock":true, "TerraformState":"", "PlanetClass":"High metal content body", "Atmosphere":"sulfur dioxide atmosphere", "AtmosphereType":"SulphurDioxide", "AtmosphereComposition":[ { "Name":"SulphurDioxide", "Percent":100.000000 } ], "Volcanism":"", "MassEM":0.230838, "Radius":3879338.750000, "SurfaceGravity":6.113661, "SurfaceTemperature":320.821075, "SurfacePressure":33673.816406, "Landable":false, "SemiMajorAxis":96353248.000000, "Eccentricity":0.021114, "OrbitalInclination":1.537434, "Periapsis":113.276909, "OrbitalPeriod":1204020.875000, "RotationPeriod":1690615.000000, "AxialTilt":0.217890 }
{ "timestamp":"2017-07-27T05:07:35Z", "event":"Scan", "BodyName":"Choomee RG-Y d6287 A 4", "DistanceFromArrivalLS":712.425049, "TidalLock":false, "TerraformState":"Terraformable", "PlanetClass":"High metal content body", "Atmosphere":"hot thick carbon dioxide atmosphere", "AtmosphereType":"CarbonDioxide", "AtmosphereComposition":[ { "Name":"CarbonDioxide", "Percent":99.009666 }, { "Name":"SulphurDioxide", "Percent":0.990097 } ], "Volcanism":"", "MassEM":0.582923, "Radius":5167520.000000, "SurfaceGravity":8.700744, "SurfaceTemperature":719.959534, "SurfacePressure":10937034.000000, "Landable":false, "SemiMajorAxis":213583642624.000000, "Eccentricity":0.000033, "OrbitalInclination":0.156663, "Periapsis":328.011505, "OrbitalPeriod":50403056.000000, "RotationPeriod":55783.371094, "AxialTilt":0.177843 }
{ "timestamp":"2017-07-27T05:09:25Z", "event":"Scan", "BodyName":"Choomee RG-Y d6287 A 5", "DistanceFromArrivalLS":928.650696, "TidalLock":false, "TerraformState":"Terraformable", "PlanetClass":"High metal content body", "Atmosphere":"nitrogen atmosphere", "AtmosphereType":"Nitrogen", "AtmosphereComposition":[ { "Name":"Nitrogen", "Percent":99.866196 }, { "Name":"Water", "Percent":0.090856 } ], "Volcanism":"", "MassEM":0.294982, "Radius":4188417.250000, "SurfaceGravity":6.702008, "SurfaceTemperature":247.855820, "SurfacePressure":71204.984375, "Landable":false, "SemiMajorAxis":278593044480.000000, "Eccentricity":0.001226, "OrbitalInclination":-0.001369, "Periapsis":22.195185, "OrbitalPeriod":75086224.000000, "RotationPeriod":170605.703125, "AxialTilt":-0.204819 }
{ "timestamp":"2017-07-27T05:12:19Z", "event":"Scan", "BodyName":"Choomee RG-Y d6287 A 6", "DistanceFromArrivalLS":1580.660767, "TidalLock":false, "TerraformState":"", "PlanetClass":"Water world", "Atmosphere":"nitrogen atmosphere", "AtmosphereType":"Nitrogen", "AtmosphereComposition":[ { "Name":"Nitrogen", "Percent":74.544968 }, { "Name":"Oxygen", "Percent":23.853933 }, { "Name":"CarbonDioxide", "Percent":1.213862 } ], "Volcanism":"", "MassEM":0.471367, "Radius":4836447.000000, "SurfaceGravity":8.031846, "SurfaceTemperature":229.884140, "SurfacePressure":87165.273438, "Landable":false, "SemiMajorAxis":473033113600.000000, "Eccentricity":0.006345, "OrbitalInclination":2.692854, "Periapsis":332.476379, "OrbitalPeriod":166127744.000000, "RotationPeriod":103459.617188, "AxialTilt":3.013883 }
{ "timestamp":"2017-07-27T05:13:15Z", "event":"StartJump", "JumpType":"Hyperspace", "StarSystem":"Choomee LY-U c2-5966", "StarClass":"K" }
{ "timestamp":"2017-07-27T05:13:34Z", "event":"FSDJump", "StarSystem":"Choomee LY-U c2-5966", "StarPos":[-1529.438,19.531,24675.156], "SystemAllegiance":"", "SystemEconomy":"$economy_None;", "SystemEconomy_Localised":"None", "SystemGovernment":"$government_None;", "SystemGovernment_Localised":"None", "SystemSecurity":"$SYSTEM_SECURITY_low;", "SystemSecurity_Localised":"Low Security", "JumpDist":36.549, "FuelUsed":7.962059, "FuelLevel":24.037941 }
{ "timestamp":"2017-07-27T05:13:48Z", "event":"FuelScoop", "Scooped":5.011863, "Total":29.049786 }
{ "timestamp":"2017-07-27T05:13:52Z", "event":"FuelScoop", "Scooped":2.950209, "Total":32.000000 }
{ "timestamp":"2017-07-27T05:14:48Z", "event":"Scan", "BodyName":"Choomee LY-U c2-5966 A 6", "DistanceFromArrivalLS":207.558167, "TidalLock":true, "TerraformState":"Terraformable", "PlanetClass":"High metal content body", "Atmosphere":"nitrogen atmosphere", "AtmosphereType":"Nitrogen", "AtmosphereComposition":[ { "Name":"Nitrogen", "Percent":99.987045 } ], "Volcanism":"", "MassEM":0.338157, "Radius":4370291.000000, "SurfaceGravity":7.056796, "SurfaceTemperature":257.899719, "SurfacePressure":127268.937500, "Landable":false, "SemiMajorAxis":62219780096.000000, "Eccentricity":0.000102, "OrbitalInclination":-0.006272, "Periapsis":94.085854, "OrbitalPeriod":11444550.000000, "RotationPeriod":11420969.000000, "AxialTilt":0.479081 }
{ "timestamp":"2017-07-27T05:16:28Z", "event":"Scan", "BodyName":"Choomee LY-U c2-5966 A 7", "DistanceFromArrivalLS":285.817200, "TidalLock":true, "TerraformState":"Terraformable", "PlanetClass":"High metal content body", "Atmosphere":"nitrogen atmosphere", "AtmosphereType":"Nitrogen", "AtmosphereComposition":[ { "Name":"Nitrogen", "Percent":99.968140 } ], "Volcanism":"", "MassEM":0.473844, "Radius":4850159.000000, "SurfaceGravity":8.028470, "SurfaceTemperature":227.565735, "SurfacePressure":298106.562500, "Landable":false, "SemiMajorAxis":92591672.000000, "Eccentricity":0.174506, "OrbitalInclination":-9.330812, "Periapsis":211.553299, "OrbitalPeriod":1423939.000000, "RotationPeriod":2335186.250000, "AxialTilt":-0.331915 }
{ "timestamp":"2017-07-27T05:17:18Z", "event":"Scan", "BodyName":"Choomee LY-U c2-5966 A 8", "DistanceFromArrivalLS":286.636719, "TidalLock":true, "TerraformState":"Terraformable", "PlanetClass":"Water world", "Atmosphere":"oxygen atmosphere", "AtmosphereType":"Oxygen", "AtmosphereComposition":[ { "Name":"Oxygen", "Percent":50.085213 }, { "Name":"Nitrogen", "Percent":46.277664 }, { "Name":"CarbonDioxide", "Percent":3.589592 } ], "Volcanism":"", "MassEM":0.280476, "Radius":4123170.500000, "SurfaceGravity":6.575698, "SurfaceTemperature":251.097214, "SurfacePressure":24288.488281, "Landable":false, "SemiMajorAxis":156427264.000000, "Eccentricity":0.174506, "OrbitalInclination":-9.330812, "Periapsis":31.553295, "OrbitalPeriod":1423939.000000, "RotationPeriod":1796600.000000, "AxialTilt":-0.167429 }
{ "timestamp":"2017-07-27T05:18:53Z", "event":"Scan", "BodyName":"Choomee LY-U c2-5966 A 9", "DistanceFromArrivalLS":395.858398, "TidalLock":false, "TerraformState":"", "PlanetClass":"High metal content body", "Atmosphere":"ammonia rich atmosphere", "AtmosphereType":"AmmoniaRich", "AtmosphereComposition":[ { "Name":"Nitrogen", "Percent":49.271450 }, { "Name":"Ammonia", "Percent":44.546963 }, { "Name":"Oxygen", "Percent":4.865921 } ], "Volcanism":"", "MassEM":0.618807, "Radius":5262529.500000, "SurfaceGravity":8.905849, "SurfaceTemperature":232.589478, "SurfacePressure":138468.171875, "Landable":false, "SemiMajorAxis":118674456576.000000, "Eccentricity":0.000022, "OrbitalInclination":-0.014017, "Periapsis":207.836884, "OrbitalPeriod":30146844.000000, "RotationPeriod":186263.453125, "AxialTilt":0.278303 }
{ "timestamp":"2017-07-27T05:19:26Z", "event":"StartJump", "JumpType":"Hyperspace", "StarSystem":"Choomee QE-T c3-6898", "StarClass":"K" }
{ "timestamp":"2017-07-27T05:19:44Z", "event":"FSDJump", "StarSystem":"Choomee QE-T c3-6898", "StarPos":[-1501.875,19.094,24698.813], "SystemAllegiance":"", "SystemEconomy":"$economy_None;", "SystemEconomy_Localised":"None", "SystemGovernment":"$government_None;", "SystemGovernment_Localised":"None", "SystemSecurity":"$SYSTEM_SECURITY_low;", "SystemSecurity_Localised":"Low Security", "JumpDist":36.325, "FuelUsed":7.834978, "FuelLevel":24.165022 }
{ "timestamp":"2017-07-27T05:19:58Z", "event":"FuelScoop", "Scooped":5.010637, "Total":29.175671 }
{ "timestamp":"2017-07-27T05:20:01Z", "event":"FuelScoop", "Scooped":2.824332, "Total":32.000000 }
{ "timestamp":"2017-07-27T05:20:44Z", "event":"StartJump", "JumpType":"Hyperspace", "StarSystem":"Choomee QE-T c3-5639", "StarClass":"K" }
{ "timestamp":"2017-07-27T05:21:03Z", "event":"FSDJump", "StarSystem":"Choomee QE-T c3-5639", "StarPos":[-1472.781,19.125,24720.625], "SystemAllegiance":"", "SystemEconomy":"$economy_None;", "SystemEconomy_Localised":"None", "SystemGovernment":"$government_None;", "SystemGovernment_Localised":"None", "SystemSecurity":"$SYSTEM_SECURITY_low;", "SystemSecurity_Localised":"Low Security", "JumpDist":36.363, "FuelUsed":7.856456, "FuelLevel":24.143543 }
{ "timestamp":"2017-07-27T05:21:17Z", "event":"FuelScoop", "Scooped":5.007666, "Total":29.151218 }
{ "timestamp":"2017-07-27T05:21:20Z", "event":"FuelScoop", "Scooped":2.848790, "Total":32.000000 }
{ "timestamp":"2017-07-27T05:22:06Z", "event":"StartJump", "JumpType":"Hyperspace", "StarSystem":"Choomee VK-R c4-4917", "StarClass":"M" }
{ "timestamp":"2017-07-27T05:22:25Z", "event":"FSDJump", "StarSystem":"Choomee VK-R c4-4917", "StarPos":[-1445.063,21.219,24744.344], "SystemAllegiance":"", "SystemEconomy":"$economy_None;", "SystemEconomy_Localised":"None", "SystemGovernment":"$government_None;", "SystemGovernment_Localised":"None", "SystemSecurity":"$SYSTEM_SECURITY_low;", "SystemSecurity_Localised":"Low Security", "JumpDist":36.542, "FuelUsed":7.957654, "FuelLevel":24.042345 }
{ "timestamp":"2017-07-27T05:22:37Z", "event":"FuelScoop", "Scooped":5.011127, "Total":29.053469 }
{ "timestamp":"2017-07-27T05:22:40Z", "event":"FuelScoop", "Scooped":2.946528, "Total":32.000000 }
{ "timestamp":"2017-07-27T05:23:13Z", "event":"StartJump", "JumpType":"Hyperspace", "StarSystem":"Choomee WK-R c4-5057", "StarClass":"K" }
{ "timestamp":"2017-07-27T05:23:32Z", "event":"FSDJump", "StarSystem":"Choomee WK-R c4-5057", "StarPos":[-1414.156,21.406,24763.844], "SystemAllegiance":"", "SystemEconomy":"$economy_None;", "SystemEconomy_Localised":"None", "SystemGovernment":"$government_None;", "SystemGovernment_Localised":"None", "SystemSecurity":"$SYSTEM_SECURITY_low;", "SystemSecurity_Localised":"Low Security", "JumpDist":36.544, "FuelUsed":7.959127, "FuelLevel":24.040873 }
{ "timestamp":"2017-07-27T05:23:45Z", "event":"FuelScoop", "Scooped":5.013527, "Total":29.054394 }
{ "timestamp":"2017-07-27T05:23:48Z", "event":"FuelScoop", "Scooped":2.945619, "Total":32.000000 }
{ "timestamp":"2017-07-27T05:24:25Z", "event":"StartJump", "JumpType":"Hyperspace", "StarSystem":"Choomee AR-P c5-3725", "StarClass":"K" }
{ "timestamp":"2017-07-27T05:24:43Z", "event":"FSDJump", "StarSystem":"Choomee AR-P c5-3725", "StarPos":[-1385.594,20.969,24786.625], "SystemAllegiance":"", "SystemEconomy":"$economy_None;", "SystemEconomy_Localised":"None", "SystemGovernment":"$government_None;", "SystemGovernment_Localised":"None", "SystemSecurity":"$SYSTEM_SECURITY_low;", "SystemSecurity_Localised":"Low Security", "JumpDist":36.538, "FuelUsed":7.955342, "FuelLevel":24.044659 }
{ "timestamp":"2017-07-27T05:24:57Z", "event":"FuelScoop", "Scooped":5.029679, "Total":29.074335 }
{ "timestamp":"2017-07-27T05:24:59Z", "event":"FuelScoop", "Scooped":2.925669, "Total":32.000000 }
{ "timestamp":"2017-07-27T05:25:33Z", "event":"StartJump", "JumpType":"Hyperspace", "StarSystem":"Choomee LG-Y e7655", "StarClass":"B" }
{ "timestamp":"2017-07-27T05:25:51Z", "event":"FSDJump", "StarSystem":"Choomee LG-Y e7655", "StarPos":[-1358.469,20.500,24811.000], "SystemAllegiance":"", "SystemEconomy":"$economy_None;", "SystemEconomy_Localised":"None", "SystemGovernment":"$government_None;", "SystemGovernment_Localised":"None", "SystemSecurity":"$SYSTEM_SECURITY_low;", "SystemSecurity_Localised":"Low Security", "JumpDist":36.471, "FuelUsed":7.917658, "FuelLevel":24.082342 }
{ "timestamp":"2017-07-27T05:26:11Z", "event":"FuelScoop", "Scooped":3.784447, "Total":27.866789 }
{ "timestamp":"2017-07-27T05:27:53Z", "event":"StartJump", "JumpType":"Hyperspace", "StarSystem":"Choomee AR-P c5-2307", "StarClass":"G" }
{ "timestamp":"2017-07-27T05:28:11Z", "event":"FSDJump", "StarSystem":"Choomee AR-P c5-2307", "StarPos":[-1388.000,19.094,24789.656], "SystemAllegiance":"", "SystemEconomy":"$economy_None;", "SystemEconomy_Localised":"None", "SystemGovernment":"$government_None;", "SystemGovernment_Localised":"None", "SystemSecurity":"$SYSTEM_SECURITY_low;", "SystemSecurity_Localised":"Low Security", "JumpDist":36.464, "FuelUsed":7.772646, "FuelLevel":20.094143 }
{ "timestamp":"2017-07-27T05:28:25Z", "event":"FuelScoop", "Scooped":5.011631, "Total":25.105785 }
{ "timestamp":"2017-07-27T05:28:32Z", "event":"FuelScoop", "Scooped":5.006024, "Total":30.111795 }
{ "timestamp":"2017-07-27T05:28:34Z", "event":"FuelScoop", "Scooped":0.450390, "Total":30.562185 }
{ "timestamp":"2017-07-27T05:29:02Z", "event":"StartJump", "JumpType":"Hyperspace", "StarSystem":"Choomee WK-R c4-1637", "StarClass":"K" }
{ "timestamp":"2017-07-27T05:29:20Z", "event":"FSDJump", "StarSystem":"Choomee WK-R c4-1637", "StarPos":[-1418.313,19.344,24769.281], "SystemAllegiance":"", "SystemEconomy":"$economy_None;", "SystemEconomy_Localised":"None", "SystemGovernment":"$government_None;", "SystemGovernment_Localised":"None", "SystemSecurity":"$SYSTEM_SECURITY_low;", "SystemSecurity_Localised":"Low Security", "JumpDist":36.525, "FuelUsed":7.898015, "FuelLevel":22.664169 }
{ "timestamp":"2017-07-27T05:29:34Z", "event":"FuelScoop", "Scooped":5.010984, "Total":27.675158 }
{ "timestamp":"2017-07-27T05:29:38Z", "event":"FuelScoop", "Scooped":4.324848, "Total":32.000000 }
{ "timestamp":"2017-07-27T05:30:05Z", "event":"StartJump", "JumpType":"Hyperspace", "StarSystem":"Choomee VK-R c4-4680", "StarClass":"M" }
{ "timestamp":"2017-07-27T05:30:24Z", "event":"FSDJump", "StarSystem":"Choomee VK-R c4-4680", "StarPos":[-1448.219,17.094,24748.688], "SystemAllegiance":"", "SystemEconomy":"$economy_None;", "SystemEconomy_Localised":"None", "SystemGovernment":"$government_None;", "SystemGovernment_Localised":"None", "SystemSecurity":"$SYSTEM_SECURITY_low;", "SystemSecurity_Localised":"Low Security", "JumpDist":36.381, "FuelUsed":7.866798, "FuelLevel":24.133202 }
{ "timestamp":"2017-07-27T05:30:40Z", "event":"FuelScoop", "Scooped":5.006739, "Total":29.139935 }
{ "timestamp":"2017-07-27T05:30:46Z", "event":"FuelScoop", "Scooped":2.390239, "Total":31.530167 }
{ "timestamp":"2017-07-27T05:31:12Z", "event":"StartJump", "JumpType":"Hyperspace", "StarSystem":"Choomee SZ-S c3-7629", "StarClass":"K" }
{ "timestamp":"2017-07-27T05:31:30Z", "event":"FSDJump", "StarSystem":"Choomee SZ-S c3-7629", "StarPos":[-1477.563,14.188,24727.250], "SystemAllegiance":"", "SystemEconomy":"$economy_None;", "SystemEconomy_Localised":"None", "SystemGovernment":"$government_None;", "SystemGovernment_Localised":"None", "SystemSecurity":"$SYSTEM_SECURITY_low;", "SystemSecurity_Localised":"Low Security", "JumpDist":36.456, "FuelUsed":7.893191, "FuelLevel":23.636974 }
{ "timestamp":"2017-07-27T05:31:45Z", "event":"FuelScoop", "Scooped":5.023467, "Total":28.660446 }
{ "timestamp":"2017-07-27T05:31:49Z", "event":"FuelScoop", "Scooped":3.339552, "Total":32.000000 }
{ "timestamp":"2017-07-27T05:32:25Z", "event":"StartJump", "JumpType":"Hyperspace", "StarSystem":"Choomee RZ-S c3-5812", "StarClass":"K" }
{ "timestamp":"2017-07-27T05:32:43Z", "event":"FSDJump", "StarSystem":"Choomee RZ-S c3-5812", "StarPos":[-1507.656,14.094,24706.531], "SystemAllegiance":"", "SystemEconomy":"$economy_None;", "SystemEconomy_Localised":"None", "SystemGovernment":"$government_None;", "SystemGovernment_Localised":"None", "SystemSecurity":"$SYSTEM_SECURITY_low;", "SystemSecurity_Localised":"Low Security", "JumpDist":36.536, "FuelUsed":7.954180, "FuelLevel":24.045820 }
{ "timestamp":"2017-07-27T05:32:58Z", "event":"FuelScoop", "Scooped":5.009100, "Total":29.054909 }
{ "timestamp":"2017-07-27T05:33:01Z", "event":"FuelScoop", "Scooped":2.945085, "Total":32.000000 }
{ "timestamp":"2017-07-27T05:33:35Z", "event":"StartJump", "JumpType":"Hyperspace", "StarSystem":"Choomee NT-U c2-7749", "StarClass":"K" }
{ "timestamp":"2017-07-27T05:33:54Z", "event":"FSDJump", "StarSystem":"Choomee NT-U c2-7749", "StarPos":[-1537.250,13.688,24685.594], "SystemAllegiance":"", "SystemEconomy":"$economy_None;", "SystemEconomy_Localised":"None", "SystemGovernment":"$government_None;", "SystemGovernment_Localised":"None", "SystemSecurity":"$SYSTEM_SECURITY_low;", "SystemSecurity_Localised":"Low Security", "JumpDist":36.254, "FuelUsed":7.795672, "FuelLevel":24.204327 }
{ "timestamp":"2017-07-27T05:34:07Z", "event":"FuelScoop", "Scooped":5.024236, "Total":29.228573 }
{ "timestamp":"2017-07-27T05:34:10Z", "event":"FuelScoop", "Scooped":2.771418, "Total":32.000000 }
{ "timestamp":"2017-07-27T05:34:52Z", "event":"StartJump", "JumpType":"Hyperspace", "StarSystem":"Choomee MT-U c2-5504", "StarClass":"G" }
{ "timestamp":"2017-07-27T05:35:10Z", "event":"FSDJump", "StarSystem":"Choomee MT-U c2-5504", "StarPos":[-1567.031,9.719,24664.781], "SystemAllegiance":"", "SystemEconomy":"$economy_None;", "SystemEconomy_Localised":"None", "SystemGovernment":"$government_None;", "SystemGovernment_Localised":"None", "SystemSecurity":"$SYSTEM_SECURITY_low;", "SystemSecurity_Localised":"Low Security", "JumpDist":36.549, "FuelUsed":7.961855, "FuelLevel":22.968145 }
{ "timestamp":"2017-07-27T05:36:02Z", "event":"SupercruiseExit", "StarSystem":"Choomee MT-U c2-5504", "Body":"Choomee MT-U c2-5504", "BodyType":"Star" }
{ "timestamp":"2017-07-27T05:42:48Z", "event":"StartJump", "JumpType":"Supercruise" }
{ "timestamp":"2017-07-27T05:42:54Z", "event":"SupercruiseEntry", "StarSystem":"Choomee MT-U c2-5504" }
{ "timestamp":"2017-07-27T05:43:11Z", "event":"FuelScoop", "Scooped":5.012048, "Total":27.980188 }
{ "timestamp":"2017-07-27T05:43:15Z", "event":"FuelScoop", "Scooped":4.019807, "Total":32.000000 }
{ "timestamp":"2017-07-27T05:44:09Z", "event":"Scan", "BodyName":"Choomee MT-U c2-5504 4", "DistanceFromArrivalLS":115.968231, "TidalLock":true, "TerraformState":"", "PlanetClass":"High metal content body", "Atmosphere":"sulfur dioxide atmosphere", "AtmosphereType":"SulphurDioxide", "AtmosphereComposition":[ { "Name":"SulphurDioxide", "Percent":100.000000 } ], "Volcanism":"", "MassEM":0.253097, "Radius":3993298.750000, "SurfaceGravity":6.326044, "SurfaceTemperature":434.579102, "SurfacePressure":26083.253906, "Landable":false, "SemiMajorAxis":34766716928.000000, "Eccentricity":0.000009, "OrbitalInclination":0.065001, "Periapsis":252.396469, "OrbitalPeriod":4033984.750000, "RotationPeriod":4040324.750000, "AxialTilt":-0.363572 }
{ "timestamp":"2017-07-27T05:44:37Z", "event":"StartJump", "JumpType":"Hyperspace", "StarSystem":"Choomee HN-W c1-1975", "StarClass":"K" }
{ "timestamp":"2017-07-27T05:44:59Z", "event":"FSDJump", "StarSystem":"Choomee HN-W c1-1975", "StarPos":[-1597.188,12.031,24644.344], "SystemAllegiance":"", "SystemEconomy":"$economy_None;", "SystemEconomy_Localised":"None", "SystemGovernment":"$government_None;", "SystemGovernment_Localised":"None", "SystemSecurity":"$SYSTEM_SECURITY_low;", "SystemSecurity_Localised":"Low Security", "JumpDist":36.503, "FuelUsed":7.935488, "FuelLevel":24.064512 }
{ "timestamp":"2017-07-27T05:45:11Z", "event":"FuelScoop", "Scooped":5.003218, "Total":29.067734 }
{ "timestamp":"2017-07-27T05:45:14Z", "event":"FuelScoop", "Scooped":2.932272, "Total":32.000000 }
{ "timestamp":"2017-07-27T05:45:44Z", "event":"StartJump", "JumpType":"Hyperspace", "StarSystem":"Choomee GN-W c1-4635", "StarClass":"K" }
{ "timestamp":"2017-07-27T05:46:03Z", "event":"FSDJump", "StarSystem":"Choomee GN-W c1-4635", "StarPos":[-1628.000,10.656,24624.781], "SystemAllegiance":"", "SystemEconomy":"$economy_None;", "SystemEconomy_Localised":"None", "SystemGovernment":"$government_None;", "SystemGovernment_Localised":"None", "SystemSecurity":"$SYSTEM_SECURITY_low;", "SystemSecurity_Localised":"Low Security", "JumpDist":36.524, "FuelUsed":7.947363, "FuelLevel":24.052637 }
{ "timestamp":"2017-07-27T05:46:17Z", "event":"FuelScoop", "Scooped":5.012761, "Total":29.065378 }
{ "timestamp":"2017-07-27T05:46:21Z", "event":"FuelScoop", "Scooped":2.934624, "Total":32.000000 }
{ "timestamp":"2017-07-27T05:47:08Z", "event":"StartJump", "JumpType":"Hyperspace", "StarSystem":"Choomee CH-Y c4645", "StarClass":"K" }
{ "timestamp":"2017-07-27T05:47:27Z", "event":"FSDJump", "StarSystem":"Choomee CH-Y c4645", "StarPos":[-1657.625,14.125,24603.656], "SystemAllegiance":"", "SystemEconomy":"$economy_None;", "SystemEconomy_Localised":"None", "SystemGovernment":"$government_None;", "SystemGovernment_Localised":"None", "SystemSecurity":"$SYSTEM_SECURITY_low;", "SystemSecurity_Localised":"Low Security", "JumpDist":36.550, "FuelUsed":7.962667, "FuelLevel":24.037333 }
{ "timestamp":"2017-07-27T05:47:43Z", "event":"FuelScoop", "Scooped":5.008351, "Total":29.045698 }
{ "timestamp":"2017-07-27T05:47:46Z", "event":"FuelScoop", "Scooped":2.954303, "Total":32.000000 }
{ "timestamp":"2017-07-27T05:48:23Z", "event":"StartJump", "JumpType":"Hyperspace", "StarSystem":"Choomee ZL-Y c102", "StarClass":"K" }
{ "timestamp":"2017-07-27T05:48:42Z", "event":"FSDJump", "StarSystem":"Choomee ZL-Y c102", "StarPos":[-1689.531,16.563,24586.094], "SystemAllegiance":"", "SystemEconomy":"$economy_None;", "SystemEconomy_Localised":"None", "SystemGovernment":"$government_None;", "SystemGovernment_Localised":"None", "SystemSecurity":"$SYSTEM_SECURITY_low;", "SystemSecurity_Localised":"Low Security", "JumpDist":36.502, "FuelUsed":7.935143, "FuelLevel":24.064857 }
{ "timestamp":"2017-07-27T05:48:55Z", "event":"FuelScoop", "Scooped":5.000950, "Total":29.065796 }
{ "timestamp":"2017-07-27T05:48:58Z", "event":"FuelScoop", "Scooped":2.934209, "Total":32.000000 }
{ "timestamp":"2017-07-27T05:49:43Z", "event":"StartJump", "JumpType":"Hyperspace", "StarSystem":"Choomee LA-A d9425", "StarClass":"K" }
{ "timestamp":"2017-07-27T05:50:02Z", "event":"FSDJump", "StarSystem":"Choomee LA-A d9425", "StarPos":[-1720.500,16.094,24566.719], "SystemAllegiance":"", "SystemEconomy":"$economy_None;", "SystemEconomy_Localised":"None", "SystemGovernment":"$government_None;", "SystemGovernment_Localised":"None", "SystemSecurity":"$SYSTEM_SECURITY_low;", "SystemSecurity_Localised":"Low Security", "JumpDist":36.533, "FuelUsed":7.952867, "FuelLevel":24.047134 }
{ "timestamp":"2017-07-27T05:50:21Z", "event":"FuelScoop", "Scooped":5.009630, "Total":29.056765 }
{ "timestamp":"2017-07-27T05:50:24Z", "event":"FuelScoop", "Scooped":2.943239, "Total":32.000000 }
{ "timestamp":"2017-07-27T05:50:52Z", "event":"StartJump", "JumpType":"Hyperspace", "StarSystem":"Choomee NL-A b136", "StarClass":"M" }
{ "timestamp":"2017-07-27T05:51:11Z", "event":"FSDJump", "StarSystem":"Choomee NL-A b136", "StarPos":[-1750.000,16.531,24545.281], "SystemAllegiance":"", "SystemEconomy":"$economy_None;", "SystemEconomy_Localised":"None", "SystemGovernment":"$government_None;", "SystemGovernment_Localised":"None", "SystemSecurity":"$SYSTEM_SECURITY_low;", "SystemSecurity_Localised":"Low Security", "JumpDist":36.469, "FuelUsed":7.916614, "FuelLevel":24.083385 }
{ "timestamp":"2017-07-27T05:51:24Z", "event":"FuelScoop", "Scooped":5.001252, "Total":29.084654 }
{ "timestamp":"2017-07-27T05:51:27Z", "event":"FuelScoop", "Scooped":2.915345, "Total":32.000000 }
{ "timestamp":"2017-07-27T05:52:00Z", "event":"StartJump", "JumpType":"Hyperspace", "StarSystem":"Zunou NO-X c28-2519", "StarClass":"K" }
{ "timestamp":"2017-07-27T05:52:19Z", "event":"FSDJump", "StarSystem":"Zunou NO-X c28-2519", "StarPos":[-1781.031,18.625,24526.344], "SystemAllegiance":"", "SystemEconomy":"$economy_None;", "SystemEconomy_Localised":"None", "SystemGovernment":"$government_None;", "SystemGovernment_Localised":"None", "SystemSecurity":"$SYSTEM_SECURITY_low;", "SystemSecurity_Localised":"Low Security", "JumpDist":36.414, "FuelUsed":7.884974, "FuelLevel":24.115026 }
{ "timestamp":"2017-07-27T05:52:33Z", "event":"FuelScoop", "Scooped":5.021380, "Total":29.136408 }
{ "timestamp":"2017-07-27T05:52:36Z", "event":"FuelScoop", "Scooped":2.863589, "Total":32.000000 }
{ "timestamp":"2017-07-27T05:53:09Z", "event":"StartJump", "JumpType":"Hyperspace", "StarSystem":"Zunou MO-X c28-91", "StarClass":"K" }
{ "timestamp":"2017-07-27T05:53:27Z", "event":"FSDJump", "StarSystem":"Zunou MO-X c28-91", "StarPos":[-1811.594,15.719,24506.563], "SystemAllegiance":"", "SystemEconomy":"$economy_None;", "SystemEconomy_Localised":"None", "SystemGovernment":"$government_None;", "SystemGovernment_Localised":"None", "SystemSecurity":"$SYSTEM_SECURITY_low;", "SystemSecurity_Localised":"Low Security", "JumpDist":36.521, "FuelUsed":7.946108, "FuelLevel":24.053892 }
{ "timestamp":"2017-07-27T05:53:41Z", "event":"FuelScoop", "Scooped":5.003248, "Total":29.057137 }
{ "timestamp":"2017-07-27T05:53:45Z", "event":"FuelScoop", "Scooped":2.942862, "Total":32.000000 }
{ "timestamp":"2017-07-27T05:54:31Z", "event":"StartJump", "JumpType":"Hyperspace", "StarSystem":"Zunou HI-Z c27-857", "StarClass":"K" }
{ "timestamp":"2017-07-27T05:54:49Z", "event":"FSDJump", "StarSystem":"Zunou HI-Z c27-857", "StarPos":[-1841.938,15.844,24486.594], "SystemAllegiance":"", "SystemEconomy":"$economy_None;", "SystemEconomy_Localised":"None", "SystemGovernment":"$government_None;", "SystemGovernment_Localised":"None", "SystemSecurity":"$SYSTEM_SECURITY_low;", "SystemSecurity_Localised":"Low Security", "JumpDist":36.325, "FuelUsed":7.835605, "FuelLevel":24.164394 }
{ "timestamp":"2017-07-27T05:55:03Z", "event":"FuelScoop", "Scooped":5.003445, "Total":29.167824 }
{ "timestamp":"2017-07-27T05:55:06Z", "event":"FuelScoop", "Scooped":2.832169, "Total":32.000000 }
{ "timestamp":"2017-07-27T05:55:42Z", "event":"StartJump", "JumpType":"Hyperspace", "StarSystem":"Zunou GI-Z c27-8922", "StarClass":"M" }
{ "timestamp":"2017-07-27T05:56:01Z", "event":"FSDJump", "StarSystem":"Zunou GI-Z c27-8922", "StarPos":[-1872.469,17.313,24466.906], "SystemAllegiance":"", "SystemEconomy":"$economy_None;", "SystemEconomy_Localised":"None", "SystemGovernment":"$government_None;", "SystemGovernment_Localised":"None", "SystemSecurity":"$SYSTEM_SECURITY_low;", "SystemSecurity_Localised":"Low Security", "JumpDist":36.358, "FuelUsed":7.854156, "FuelLevel":24.145844 }
{ "timestamp":"2017-07-27T05:56:14Z", "event":"FuelScoop", "Scooped":5.022529, "Total":29.168371 }
{ "timestamp":"2017-07-27T05:56:16Z", "event":"FuelScoop", "Scooped":2.831623, "Total":32.000000 }
{ "timestamp":"2017-07-27T05:56:35Z", "event":"StartJump", "JumpType":"Hyperspace", "StarSystem":"Zunou CC-B c27-8813", "StarClass":"K" }
{ "timestamp":"2017-07-27T05:56:54Z", "event":"FSDJump", "StarSystem":"Zunou CC-B c27-8813", "StarPos":[-1901.625,16.125,24444.969], "SystemAllegiance":"", "SystemEconomy":"$economy_None;", "SystemEconomy_Localised":"None", "SystemGovernment":"$government_None;", "SystemGovernment_Localised":"None", "SystemSecurity":"$SYSTEM_SECURITY_low;", "SystemSecurity_Localised":"Low Security", "JumpDist":36.507, "FuelUsed":7.937634, "FuelLevel":24.062366 }
{ "timestamp":"2017-07-27T05:57:08Z", "event":"FuelScoop", "Scooped":5.007868, "Total":29.070248 }
{ "timestamp":"2017-07-27T05:57:12Z", "event":"FuelScoop", "Scooped":2.929765, "Total":32.000000 }
{ "timestamp":"2017-07-27T05:57:43Z", "event":"StartJump", "JumpType":"Hyperspace", "StarSystem":"Zunou MI-B d13-7045", "StarClass":"G" }
{ "timestamp":"2017-07-27T05:58:06Z", "event":"FSDJump", "StarSystem":"Zunou MI-B d13-7045", "StarPos":[-1932.844,15.906,24426.063], "SystemAllegiance":"", "SystemEconomy":"$economy_None;", "SystemEconomy_Localised":"None", "SystemGovernment":"$government_None;", "SystemGovernment_Localised":"None", "SystemSecurity":"$SYSTEM_SECURITY_low;", "SystemSecurity_Localised":"Low Security", "JumpDist":36.498, "FuelUsed":7.932724, "FuelLevel":24.067276 }
{ "timestamp":"2017-07-27T05:58:20Z", "event":"FuelScoop", "Scooped":5.010257, "Total":29.077532 }
{ "timestamp":"2017-07-27T05:58:23Z", "event":"FuelScoop", "Scooped":2.922482, "Total":32.000000 }
{ "timestamp":"2017-07-27T05:59:11Z", "event":"StartJump", "JumpType":"Hyperspace", "StarSystem":"Zunou XX-D b53-166", "StarClass":"M" }
{ "timestamp":"2017-07-27T05:59:30Z", "event":"FSDJump", "StarSystem":"Zunou XX-D b53-166", "StarPos":[-1963.250,15.781,24406.313], "SystemAllegiance":"", "SystemEconomy":"$economy_None;", "SystemEconomy_Localised":"None", "SystemGovernment":"$government_None;", "SystemGovernment_Localised":"None", "SystemSecurity":"$SYSTEM_SECURITY_low;", "SystemSecurity_Localised":"Low Security", "JumpDist":36.258, "FuelUsed":7.797238, "FuelLevel":24.202763 }
{ "timestamp":"2017-07-27T05:59:42Z", "event":"FuelScoop", "Scooped":5.034522, "Total":29.237280 }
{ "timestamp":"2017-07-27T05:59:45Z", "event":"FuelScoop", "Scooped":2.762727, "Total":32.000000 }
{ "timestamp":"2017-07-27T06:00:52Z", "event":"StartJump", "JumpType":"Hyperspace", "StarSystem":"Zunou VV-C c26-1262", "StarClass":"M" }
{ "timestamp":"2017-07-27T06:01:11Z", "event":"FSDJump", "StarSystem":"Zunou VV-C c26-1262", "StarPos":[-1993.375,15.500,24385.969], "SystemAllegiance":"", "SystemEconomy":"$economy_None;", "SystemEconomy_Localised":"None", "SystemGovernment":"$government_None;", "SystemGovernment_Localised":"None", "SystemSecurity":"$SYSTEM_SECURITY_low;", "SystemSecurity_Localised":"Low Security", "JumpDist":36.352, "FuelUsed":7.850032, "FuelLevel":24.149967 }
{ "timestamp":"2017-07-27T06:01:24Z", "event":"FuelScoop", "Scooped":5.005878, "Total":29.155851 }
{ "timestamp":"2017-07-27T06:01:27Z", "event":"FuelScoop", "Scooped":2.844152, "Total":32.000000 }
{ "timestamp":"2017-07-27T06:01:51Z", "event":"StartJump", "JumpType":"Hyperspace", "StarSystem":"Zunou RP-E c25-1631", "StarClass":"K" }
{ "timestamp":"2017-07-27T06:02:10Z", "event":"FSDJump", "StarSystem":"Zunou RP-E c25-1631", "StarPos":[-2022.625,18.063,24364.469], "SystemAllegiance":"", "SystemEconomy":"$economy_None;", "SystemEconomy_Localised":"None", "SystemGovernment":"$government_None;", "SystemGovernment_Localised":"None", "SystemSecurity":"$SYSTEM_SECURITY_low;", "SystemSecurity_Localised":"Low Security", "JumpDist":36.392, "FuelUsed":7.872739, "FuelLevel":24.127260 }
{ "timestamp":"2017-07-27T06:02:25Z", "event":"FuelScoop", "Scooped":5.007729, "Total":29.134995 }
{ "timestamp":"2017-07-27T06:02:29Z", "event":"FuelScoop", "Scooped":2.864993, "Total":32.000000 }
{ "timestamp":"2017-07-27T06:03:16Z", "event":"StartJump", "JumpType":"Hyperspace", "StarSystem":"Zunou SK-E c25-90", "StarClass":"K" }
{ "timestamp":"2017-07-27T06:03:35Z", "event":"FSDJump", "StarSystem":"Zunou SK-E c25-90", "StarPos":[-2052.750,14.938,24344.156], "SystemAllegiance":"", "SystemEconomy":"$economy_None;", "SystemEconomy_Localised":"None", "SystemGovernment":"$government_None;", "SystemGovernment_Localised":"None", "SystemSecurity":"$SYSTEM_SECURITY_low;", "SystemSecurity_Localised":"Low Security", "JumpDist":36.468, "FuelUsed":7.915744, "FuelLevel":24.084255 }
{ "timestamp":"2017-07-27T06:03:47Z", "event":"FuelScoop", "Scooped":5.016837, "Total":29.101084 }
{ "timestamp":"2017-07-27T06:03:50Z", "event":"FuelScoop", "Scooped":2.898925, "Total":32.000000 }
{ "timestamp":"2017-07-27T06:05:24Z", "event":"Scan", "BodyName":"Zunou SK-E c25-90 A 2", "DistanceFromArrivalLS":1017.475708, "TidalLock":false, "TerraformState":"", "PlanetClass":"High metal content body", "Atmosphere":"thick methane atmosphere", "AtmosphereType":"Methane", "AtmosphereComposition":[ { "Name":"Methane", "Percent":35.283768 }, { "Name":"Nitrogen", "Percent":35.283768 }, { "Name":"CarbonDioxide", "Percent":28.290510 } ], "Volcanism":"", "MassEM":0.674484, "Radius":5389140.500000, "SurfaceGravity":9.256399, "SurfaceTemperature":271.550323, "SurfacePressure":1142905.000000, "Landable":false, "SemiMajorAxis":108546112.000000, "Eccentricity":0.074719, "OrbitalInclination":-9.703296, "Periapsis":350.421448, "OrbitalPeriod":2425097.750000, "RotationPeriod":6827746.000000, "AxialTilt":-1.561445 }
{ "timestamp":"2017-07-27T06:05:50Z", "event":"StartJump", "JumpType":"Hyperspace", "StarSystem":"Zunou LJ-G c24-6380", "StarClass":"M" }
{ "timestamp":"2017-07-27T06:06:08Z", "event":"FSDJump", "StarSystem":"Zunou LJ-G c24-6380", "StarPos":[-2082.438,18.594,24323.313], "SystemAllegiance":"", "SystemEconomy":"$economy_None;", "SystemEconomy_Localised":"None", "SystemGovernment":"$government_None;", "SystemGovernment_Localised":"None", "SystemSecurity":"$SYSTEM_SECURITY_low;", "SystemSecurity_Localised":"Low Security", "JumpDist":36.458, "FuelUsed":7.910321, "FuelLevel":24.089680 }
{ "timestamp":"2017-07-27T06:06:22Z", "event":"FuelScoop", "Scooped":5.016921, "Total":29.106607 }
{ "timestamp":"2017-07-27T06:06:25Z", "event":"FuelScoop", "Scooped":2.893393, "Total":32.000000 }
{ "timestamp":"2017-07-27T06:07:00Z", "event":"StartJump", "JumpType":"Hyperspace", "StarSystem":"Zunou KJ-G c24-6523", "StarClass":"K" }
{ "timestamp":"2017-07-27T06:07:19Z", "event":"FSDJump", "StarSystem":"Zunou KJ-G c24-6523", "StarPos":[-2113.719,18.406,24304.469], "SystemAllegiance":"", "SystemEconomy":"$economy_None;", "SystemEconomy_Localised":"None", "SystemGovernment":"$government_None;", "SystemGovernment_Localised":"None", "SystemSecurity":"$SYSTEM_SECURITY_low;", "SystemSecurity_Localised":"Low Security", "JumpDist":36.519, "FuelUsed":7.944849, "FuelLevel":24.055151 }
{ "timestamp":"2017-07-27T06:07:32Z", "event":"FuelScoop", "Scooped":5.020278, "Total":29.075434 }
{ "timestamp":"2017-07-27T06:07:36Z", "event":"FuelScoop", "Scooped":2.924567, "Total":32.000000 }
{ "timestamp":"2017-07-27T06:07:56Z", "event":"StartJump", "JumpType":"Hyperspace", "StarSystem":"Zunou GD-I c23-2150", "StarClass":"G" }
{ "timestamp":"2017-07-27T06:08:15Z", "event":"FSDJump", "StarSystem":"Zunou GD-I c23-2150", "StarPos":[-2143.156,17.719,24283.344], "SystemAllegiance":"", "SystemEconomy":"$economy_None;", "SystemEconomy_Localised":"None", "SystemGovernment":"$government_None;", "SystemGovernment_Localised":"None", "SystemSecurity":"$SYSTEM_SECURITY_low;", "SystemSecurity_Localised":"Low Security", "JumpDist":36.240, "FuelUsed":7.787735, "FuelLevel":24.212265 }
{ "timestamp":"2017-07-27T06:08:29Z", "event":"FuelScoop", "Scooped":5.010491, "Total":29.222755 }
{ "timestamp":"2017-07-27T06:08:32Z", "event":"FuelScoop", "Scooped":2.777243, "Total":32.000000 }
{ "timestamp":"2017-07-27T06:09:09Z", "event":"StartJump", "JumpType":"Hyperspace", "StarSystem":"Zunou FD-I c23-3321", "StarClass":"K" }
{ "timestamp":"2017-07-27T06:09:27Z", "event":"FSDJump", "StarSystem":"Zunou FD-I c23-3321", "StarPos":[-2158.125,18.031,24275.563], "SystemAllegiance":"", "SystemEconomy":"$economy_None;", "SystemEconomy_Localised":"None", "SystemGovernment":"$government_None;", "SystemGovernment_Localised":"None", "SystemSecurity":"$SYSTEM_SECURITY_low;", "SystemSecurity_Localised":"Low Security", "JumpDist":16.873, "FuelUsed":1.067178, "FuelLevel":30.932821 }
{ "timestamp":"2017-07-27T06:09:36Z", "event":"FuelScoop", "Scooped":1.067182, "Total":32.000000 }
{ "timestamp":"2017-07-27T06:11:33Z", "event":"Scan", "BodyName":"Zunou FD-I c23-3321 A 5", "DistanceFromArrivalLS":809.983154, "TidalLock":false, "TerraformState":"", "PlanetClass":"Earthlike body", "Atmosphere":"", "AtmosphereType":"EarthLike", "AtmosphereComposition":[ { "Name":"Nitrogen", "Percent":95.003174 }, { "Name":"Oxygen", "Percent":4.823195 }, { "Name":"Water", "Percent":0.146446 } ], "Volcanism":"", "MassEM":0.998392, "Radius":6079279.500000, "SurfaceGravity":10.767290, "SurfaceTemperature":266.186005, "SurfacePressure":411378.625000, "Landable":false, "SemiMajorAxis":242881134592.000000, "Eccentricity":0.000229, "OrbitalInclination":-1.568245, "Periapsis":253.229568, "OrbitalPeriod":71563440.000000, "RotationPeriod":40318.125000, "AxialTilt":0.107695 }
{ "timestamp":"2017-07-27T06:13:11Z", "event":"StartJump", "JumpType":"Hyperspace", "StarSystem":"Zunou ED-I c23-1886", "StarClass":"M" }
{ "timestamp":"2017-07-27T06:13:30Z", "event":"FSDJump", "StarSystem":"Zunou ED-I c23-1886", "StarPos":[-2189.875,17.625,24257.781], "SystemAllegiance":"", "SystemEconomy":"$economy_None;", "SystemEconomy_Localised":"None", "SystemGovernment":"$government_None;", "SystemGovernment_Localised":"None", "SystemSecurity":"$SYSTEM_SECURITY_low;", "SystemSecurity_Localised":"Low Security", "JumpDist":36.392, "FuelUsed":7.873379, "FuelLevel":24.126621 }
{ "timestamp":"2017-07-27T06:13:44Z", "event":"FuelScoop", "Scooped":5.162633, "Total":29.289257 }
{ "timestamp":"2017-07-27T06:13:48Z", "event":"FuelScoop", "Scooped":1.127703, "Total":30.416964 }
{ "timestamp":"2017-07-27T06:14:17Z", "event":"StartJump", "JumpType":"Hyperspace", "StarSystem":"Zunou BW-E d11-4521", "StarClass":"K" }
{ "timestamp":"2017-07-27T06:14:36Z", "event":"FSDJump", "StarSystem":"Zunou BW-E d11-4521", "StarPos":[-2222.281,19.000,24240.938], "SystemAllegiance":"", "SystemEconomy":"$economy_None;", "SystemEconomy_Localised":"None", "SystemGovernment":"$government_None;", "SystemGovernment_Localised":"None", "SystemSecurity":"$SYSTEM_SECURITY_low;", "SystemSecurity_Localised":"Low Security", "JumpDist":36.548, "FuelUsed":7.906770, "FuelLevel":22.510193 }
{ "timestamp":"2017-07-27T06:14:50Z", "event":"FuelScoop", "Scooped":5.002223, "Total":27.512424 }
{ "timestamp":"2017-07-27T06:14:54Z", "event":"FuelScoop", "Scooped":4.487570, "Total":32.000000 }
{ "timestamp":"2017-07-27T06:15:37Z", "event":"StartJump", "JumpType":"Hyperspace", "StarSystem":"Zunou YT-T b44-10", "StarClass":"M" }
{ "timestamp":"2017-07-27T06:15:55Z", "event":"FSDJump", "StarSystem":"Zunou YT-T b44-10", "StarPos":[-2255.031,18.719,24224.781], "SystemAllegiance":"", "SystemEconomy":"$economy_None;", "SystemEconomy_Localised":"None", "SystemGovernment":"$government_None;", "SystemGovernment_Localised":"None", "SystemSecurity":"$SYSTEM_SECURITY_low;", "SystemSecurity_Localised":"Low Security", "JumpDist":36.519, "FuelUsed":7.944905, "FuelLevel":24.055096 }
{ "timestamp":"2017-07-27T06:16:08Z", "event":"FuelScoop", "Scooped":5.009624, "Total":29.064737 }
{ "timestamp":"2017-07-27T06:16:11Z", "event":"FuelScoop", "Scooped":2.935261, "Total":32.000000 }
{ "timestamp":"2017-07-27T06:16:44Z", "event":"StartJump", "JumpType":"Hyperspace", "StarSystem":"Zunou WP-G d10-9708", "StarClass":"F" }
{ "timestamp":"2017-07-27T06:17:03Z", "event":"FSDJump", "StarSystem":"Zunou WP-G d10-9708", "StarPos":[-2287.063,17.469,24207.344], "SystemAllegiance":"", "SystemEconomy":"$economy_None;", "SystemEconomy_Localised":"None", "SystemGovernment":"$government_None;", "SystemGovernment_Localised":"None", "SystemSecurity":"$SYSTEM_SECURITY_low;", "SystemSecurity_Localised":"Low Security", "JumpDist":36.492, "FuelUsed":7.928659, "FuelLevel":24.071341 }
{ "timestamp":"2017-07-27T06:17:16Z", "event":"FuelScoop", "Scooped":5.030744, "Total":29.102085 }
{ "timestamp":"2017-07-27T06:17:19Z", "event":"FuelScoop", "Scooped":2.897925, "Total":32.000000 }
{ "timestamp":"2017-07-27T06:18:06Z", "event":"StartJump", "JumpType":"Hyperspace", "StarSystem":"Zunou TQ-L c21-587", "StarClass":"K" }
{ "timestamp":"2017-07-27T06:18:25Z", "event":"FSDJump", "StarSystem":"Zunou TQ-L c21-587", "StarPos":[-2319.656,18.813,24190.969], "SystemAllegiance":"", "SystemEconomy":"$economy_None;", "SystemEconomy_Localised":"None", "SystemGovernment":"$government_None;", "SystemGovernment_Localised":"None", "SystemSecurity":"$SYSTEM_SECURITY_low;", "SystemSecurity_Localised":"Low Security", "JumpDist":36.501, "FuelUsed":7.934474, "FuelLevel":24.065525 }
{ "timestamp":"2017-07-27T06:18:42Z", "event":"FuelScoop", "Scooped":5.000252, "Total":29.065777 }
{ "timestamp":"2017-07-27T06:18:46Z", "event":"FuelScoop", "Scooped":2.934218, "Total":32.000000 }
{ "timestamp":"2017-07-27T06:19:24Z", "event":"StartJump", "JumpType":"Hyperspace", "StarSystem":"Zunou OK-N c20-273", "StarClass":"K" }
{ "timestamp":"2017-07-27T06:19:43Z", "event":"FSDJump", "StarSystem":"Zunou OK-N c20-273", "StarPos":[-2350.656,15.219,24172.063], "SystemAllegiance":"", "SystemEconomy":"$economy_None;", "SystemEconomy_Localised":"None", "SystemGovernment":"$government_None;", "SystemGovernment_Localised":"None", "SystemSecurity":"$SYSTEM_SECURITY_low;", "SystemSecurity_Localised":"Low Security", "JumpDist":36.488, "FuelUsed":7.927220, "FuelLevel":24.072781 }
{ "timestamp":"2017-07-27T06:19:56Z", "event":"FuelScoop", "Scooped":5.012343, "Total":29.085138 }
{ "timestamp":"2017-07-27T06:19:59Z", "event":"FuelScoop", "Scooped":2.914864, "Total":32.000000 }
{ "timestamp":"2017-07-27T06:20:36Z", "event":"StartJump", "JumpType":"Hyperspace", "StarSystem":"Zunou OK-N c20-5690", "StarClass":"K" }
{ "timestamp":"2017-07-27T06:20:55Z", "event":"FSDJump", "StarSystem":"Zunou OK-N c20-5690", "StarPos":[-2381.844,17.781,24153.250], "SystemAllegiance":"", "SystemEconomy":"$economy_None;", "SystemEconomy_Localised":"None", "SystemGovernment":"$government_None;", "SystemGovernment_Localised":"None", "SystemSecurity":"$SYSTEM_SECURITY_low;", "SystemSecurity_Localised":"Low Security", "JumpDist":36.512, "FuelUsed":7.940544, "FuelLevel":24.059456 }
{ "timestamp":"2017-07-27T06:21:09Z", "event":"FuelScoop", "Scooped":5.011948, "Total":29.071415 }
{ "timestamp":"2017-07-27T06:21:11Z", "event":"FuelScoop", "Scooped":2.928583, "Total":32.000000 }
{ "timestamp":"2017-07-27T06:21:28Z", "event":"StartJump", "JumpType":"Hyperspace", "StarSystem":"Zunou NK-N c20-2737", "StarClass":"K" }
{ "timestamp":"2017-07-27T06:21:47Z", "event":"FSDJump", "StarSystem":"Zunou NK-N c20-2737", "StarPos":[-2414.031,19.906,24136.531], "SystemAllegiance":"", "SystemEconomy":"$economy_None;", "SystemEconomy_Localised":"None", "SystemGovernment":"$government_None;", "SystemGovernment_Localised":"None", "SystemSecurity":"$SYSTEM_SECURITY_low;", "SystemSecurity_Localised":"Low Security", "JumpDist":36.333, "FuelUsed":7.839909, "FuelLevel":24.160091 }
{ "timestamp":"2017-07-27T06:22:00Z", "event":"FuelScoop", "Scooped":5.026829, "Total":29.186926 }
{ "timestamp":"2017-07-27T06:22:03Z", "event":"FuelScoop", "Scooped":2.813076, "Total":32.000000 }
{ "timestamp":"2017-07-27T06:22:22Z", "event":"StartJump", "JumpType":"Hyperspace", "StarSystem":"Zunou VO-C b40-136", "StarClass":"M" }
{ "timestamp":"2017-07-27T06:22:40Z", "event":"FSDJump", "StarSystem":"Zunou VO-C b40-136", "StarPos":[-2444.781,21.313,24116.875], "SystemAllegiance":"", "SystemEconomy":"$economy_None;", "SystemEconomy_Localised":"None", "SystemGovernment":"$government_None;", "SystemGovernment_Localised":"None", "SystemSecurity":"$SYSTEM_SECURITY_low;", "SystemSecurity_Localised":"Low Security", "JumpDist":36.523, "FuelUsed":7.946803, "FuelLevel":24.053196 }
{ "timestamp":"2017-07-27T06:22:53Z", "event":"FuelScoop", "Scooped":5.007309, "Total":29.060514 }
{ "timestamp":"2017-07-27T06:22:56Z", "event":"FuelScoop", "Scooped":2.939486, "Total":32.000000 }
{ "timestamp":"2017-07-27T06:23:27Z", "event":"StartJump", "JumpType":"Hyperspace", "StarSystem":"Zunou HE-P c19-6182", "StarClass":"M" }
{ "timestamp":"2017-07-27T06:23:46Z", "event":"FSDJump", "StarSystem":"Zunou HE-P c19-6182", "StarPos":[-2476.500,23.281,24098.969], "SystemAllegiance":"", "SystemEconomy":"$economy_None;", "SystemEconomy_Localised":"None", "SystemGovernment":"$government_None;", "SystemGovernment_Localised":"None", "SystemSecurity":"$SYSTEM_SECURITY_low;", "SystemSecurity_Localised":"Low Security", "JumpDist":36.477, "FuelUsed":7.921024, "FuelLevel":23.008976 }
{ "timestamp":"2017-07-27T06:23:59Z", "event":"FuelScoop", "Scooped":5.015752, "Total":28.024712 }
{ "timestamp":"2017-07-27T06:24:03Z", "event":"FuelScoop", "Scooped":3.975276, "Total":32.000000 }
{ "timestamp":"2017-07-27T06:24:36Z", "event":"StartJump", "JumpType":"Hyperspace", "StarSystem":"Zunou CY-Q c18-4094", "StarClass":"K" }
{ "timestamp":"2017-07-27T06:24:55Z", "event":"FSDJump", "StarSystem":"Zunou CY-Q c18-4094", "StarPos":[-2508.156,21.594,24080.969], "SystemAllegiance":"", "SystemEconomy":"$economy_None;", "SystemEconomy_Localised":"None", "SystemGovernment":"$government_None;", "SystemGovernment_Localised":"None", "SystemSecurity":"$SYSTEM_SECURITY_low;", "SystemSecurity_Localised":"Low Security", "JumpDist":36.455, "FuelUsed":7.908673, "FuelLevel":24.091328 }
{ "timestamp":"2017-07-27T06:25:07Z", "event":"FuelScoop", "Scooped":5.004248, "Total":29.095570 }
{ "timestamp":"2017-07-27T06:25:10Z", "event":"FuelScoop", "Scooped":2.904429, "Total":32.000000 }
{ "timestamp":"2017-07-27T06:25:32Z", "event":"StartJump", "JumpType":"Hyperspace", "StarSystem":"Zunou CY-Q c18-4786", "StarClass":"K" }
{ "timestamp":"2017-07-27T06:25:51Z", "event":"FSDJump", "StarSystem":"Zunou CY-Q c18-4786", "StarPos":[-2539.063,22.438,24061.625], "SystemAllegiance":"", "SystemEconomy":"$economy_None;", "SystemEconomy_Localised":"None", "SystemGovernment":"$government_None;", "SystemGovernment_Localised":"None", "SystemSecurity":"$SYSTEM_SECURITY_low;", "SystemSecurity_Localised":"Low Security", "JumpDist":36.470, "FuelUsed":7.917118, "FuelLevel":24.082882 }
{ "timestamp":"2017-07-27T06:26:04Z", "event":"FuelScoop", "Scooped":5.002887, "Total":29.085772 }
{ "timestamp":"2017-07-27T06:26:06Z", "event":"FuelScoop", "Scooped":2.914233, "Total":32.000000 }
{ "timestamp":"2017-07-27T06:26:27Z", "event":"StartJump", "JumpType":"Hyperspace", "StarSystem":"Zunou XR-S c17-5637", "StarClass":"M" }
{ "timestamp":"2017-07-27T06:26:46Z", "event":"FSDJump", "StarSystem":"Zunou XR-S c17-5637", "StarPos":[-2569.594,22.625,24041.813], "SystemAllegiance":"", "SystemEconomy":"$economy_None;", "SystemEconomy_Localised":"None", "SystemGovernment":"$government_None;", "SystemGovernment_Localised":"None", "SystemSecurity":"$SYSTEM_SECURITY_low;", "SystemSecurity_Localised":"Low Security", "JumpDist":36.397, "FuelUsed":7.875907, "FuelLevel":24.124092 }
{ "timestamp":"2017-07-27T06:27:00Z", "event":"FuelScoop", "Scooped":5.008898, "Total":29.132984 }
{ "timestamp":"2017-07-27T06:27:03Z", "event":"FuelScoop", "Scooped":2.867018, "Total":32.000000 }
{ "timestamp":"2017-07-27T06:27:21Z", "event":"StartJump", "JumpType":"Hyperspace", "StarSystem":"Zunou WR-S c17-2763", "StarClass":"K" }
{ "timestamp":"2017-07-27T06:27:39Z", "event":"FSDJump", "StarSystem":"Zunou WR-S c17-2763", "StarPos":[-2603.000,25.625,24027.313], "SystemAllegiance":"", "SystemEconomy":"$economy_None;", "SystemEconomy_Localised":"None", "SystemGovernment":"$government_None;", "SystemGovernment_Localised":"None", "SystemSecurity":"$SYSTEM_SECURITY_low;", "SystemSecurity_Localised":"Low Security", "JumpDist":36.541, "FuelUsed":7.957157, "FuelLevel":24.042843 }
{ "timestamp":"2017-07-27T06:27:52Z", "event":"FuelScoop", "Scooped":5.022493, "Total":29.065346 }
{ "timestamp":"2017-07-27T06:27:56Z", "event":"FuelScoop", "Scooped":2.934650, "Total":32.000000 }
{ "timestamp":"2017-07-27T06:28:32Z", "event":"SupercruiseExit", "StarSystem":"Zunou WR-S c17-2763", "Body":"Zunou WR-S c17-2763", "BodyType":"Star" }
