{ "timestamp":"2017-01-23T00:01:55Z", "event":"Fileheader", "part":1, "language":"English\\UK", "gameversion":"2.2", "build":"r131487/r0 " }
{ "timestamp":"2017-01-23T00:02:48Z", "event":"LoadGame", "Commander":"Kith000", "Ship":"Independant_Trader", "ShipID":5, "GameMode":"Group", "Group":"MOBIUS PVE", "Credits":42175873, "Loan":0 }
{ "timestamp":"2017-01-23T00:02:48Z", "event":"Rank", "Combat":5, "Trade":4, "Explore":2, "Empire":0, "Federation":2, "CQC":0 }
{ "timestamp":"2017-01-23T00:02:48Z", "event":"Progress", "Combat":11, "Trade":57, "Explore":16, "Empire":100, "Federation":83, "CQC":40 }
{ "timestamp":"2017-01-23T00:03:16Z", "event":"Location", "Docked":false, "StarSystem":"Col 285 Sector PV-I a25-1", "StarPos":[186.531,-40.594,-83.813], "SystemAllegiance":"", "SystemEconomy":"$economy_None;", "SystemEconomy_Localised":"None", "SystemGovernment":"$government_None;", "SystemGovernment_Localised":"None", "SystemSecurity":"$SYSTEM_SECURITY_low;", "SystemSecurity_Localised":"Low Security", "Body":"Col 285 Sector PV-I a25-1", "BodyType":"Star" }
{ "timestamp":"2017-01-23T00:04:24Z", "event":"FSDJump", "StarSystem":"Col 285 Sector LP-K a24-3", "StarPos":[193.438,-43.906,-85.125], "SystemAllegiance":"", "SystemEconomy":"$economy_None;", "SystemEconomy_Localised":"None", "SystemGovernment":"$government_None;", "SystemGovernment_Localised":"None", "SystemSecurity":"$SYSTEM_SECURITY_low;", "SystemSecurity_Localised":"Low Security", "JumpDist":7.771, "FuelUsed":0.372689, "FuelLevel":14.738671 }
{ "timestamp":"2017-01-23T00:05:20Z", "event":"FSDJump", "StarSystem":"Col 285 Sector QV-I a25-0", "StarPos":[196.000,-42.094,-84.250], "SystemAllegiance":"", "SystemEconomy":"$economy_None;", "SystemEconomy_Localised":"None", "SystemGovernment":"$government_None;", "SystemGovernment_Localised":"None", "SystemSecurity":"$SYSTEM_SECURITY_low;", "SystemSecurity_Localised":"Low Security", "JumpDist":3.258, "FuelUsed":0.050338, "FuelLevel":14.688334 }
{ "timestamp":"2017-01-23T00:06:04Z", "event":"FSDJump", "StarSystem":"Col 285 Sector MP-K a24-0", "StarPos":[200.938,-37.344,-85.156], "SystemAllegiance":"", "SystemEconomy":"$economy_None;", "SystemEconomy_Localised":"None", "SystemGovernment":"$government_None;", "SystemGovernment_Localised":"None", "SystemSecurity":"$SYSTEM_SECURITY_low;", "SystemSecurity_Localised":"Low Security", "JumpDist":6.911, "FuelUsed":0.282796, "FuelLevel":14.015537 }
{ "timestamp":"2017-01-23T00:07:03Z", "event":"FSDJump", "StarSystem":"Col 285 Sector RV-I a25-0", "StarPos":[206.656,-43.531,-82.281], "SystemAllegiance":"", "SystemEconomy":"$economy_None;", "SystemEconomy_Localised":"None", "SystemGovernment":"$government_None;", "SystemGovernment_Localised":"None", "SystemSecurity":"$SYSTEM_SECURITY_low;", "SystemSecurity_Localised":"Low Security", "JumpDist":8.903, "FuelUsed":0.505195, "FuelLevel":13.510343 }
{ "timestamp":"2017-01-23T00:07:56Z", "event":"FSDJump", "StarSystem":"Col 285 Sector EV-O c6-11", "StarPos":[211.781,-43.813,-83.750], "SystemAllegiance":"", "SystemEconomy":"$economy_None;", "SystemEconomy_Localised":"None", "SystemGovernment":"$government_None;", "SystemGovernment_Localised":"None", "SystemSecurity":"$SYSTEM_SECURITY_low;", "SystemSecurity_Localised":"Low Security", "JumpDist":5.339, "FuelUsed":0.155239, "FuelLevel":13.355103 }
{ "timestamp":"2017-01-23T00:08:45Z", "event":"FuelScoop", "Scooped":2.644897, "Total":16.000000 }
{ "timestamp":"2017-01-23T00:11:07Z", "event":"FSDJump", "StarSystem":"Col 285 Sector RV-I a25-0", "StarPos":[206.656,-43.531,-82.281], "SystemAllegiance":"", "SystemEconomy":"$economy_None;", "SystemEconomy_Localised":"None", "SystemGovernment":"$government_None;", "SystemGovernment_Localised":"None", "SystemSecurity":"$SYSTEM_SECURITY_low;", "SystemSecurity_Localised":"Low Security", "JumpDist":5.339, "FuelUsed":0.158224, "FuelLevel":15.841776 }
{ "timestamp":"2017-01-23T00:11:52Z", "event":"FSDJump", "StarSystem":"Col 285 Sector LL-D b13-3", "StarPos":[197.313,-47.031,-82.250], "SystemAllegiance":"", "SystemEconomy":"$economy_None;", "SystemEconomy_Localised":"None", "SystemGovernment":"$government_None;", "SystemGovernment_Localised":"None", "SystemSecurity":"$SYSTEM_SECURITY_low;", "SystemSecurity_Localised":"Low Security", "JumpDist":9.978, "FuelUsed":0.665926, "FuelLevel":15.175850 }
{ "timestamp":"2017-01-23T00:12:09Z", "event":"ReceiveText", "From":"$npc_name_decorate:#name=Tim Burton;", "From_Localised":"Tim Burton", "Message":"$Pirate_HunterHostileSC_Relevant01;", "Message_Localised":"That's the ship I'm looking for, the one with the big haul...", "Channel":"npc" }
{ "timestamp":"2017-01-23T00:12:42Z", "event":"ReceiveText", "From":"$npc_name_decorate:#name=Tim Burton;", "From_Localised":"Tim Burton", "Message":"$Pirate_StartInterdiction08;", "Message_Localised":"I've found my next target and it's you, Commander.", "Channel":"npc" }
{ "timestamp":"2017-01-23T00:13:09Z", "event":"EscapeInterdiction", "Interdictor":"Tim Burton", "IsPlayer":false }
{ "timestamp":"2017-01-23T00:13:31Z", "event":"FuelScoop", "Scooped":0.636581, "Total":15.812431 }
{ "timestamp":"2017-01-23T00:14:17Z", "event":"FSDJump", "StarSystem":"Col 285 Sector LP-K a24-3", "StarPos":[193.438,-43.906,-85.125], "SystemAllegiance":"", "SystemEconomy":"$economy_None;", "SystemEconomy_Localised":"None", "SystemGovernment":"$government_None;", "SystemGovernment_Localised":"None", "SystemSecurity":"$SYSTEM_SECURITY_low;", "SystemSecurity_Localised":"Low Security", "JumpDist":5.749, "FuelUsed":0.187569, "FuelLevel":15.812431 }
{ "timestamp":"2017-01-23T00:15:07Z", "event":"FSDJump", "StarSystem":"Col 285 Sector PV-I a25-0", "StarPos":[186.281,-42.500,-85.000], "SystemAllegiance":"", "SystemEconomy":"$economy_None;", "SystemEconomy_Localised":"None", "SystemGovernment":"$government_None;", "SystemGovernment_Localised":"None", "SystemSecurity":"$SYSTEM_SECURITY_low;", "SystemSecurity_Localised":"Low Security", "JumpDist":7.294, "FuelUsed":0.323887, "FuelLevel":15.488544 }
{ "timestamp":"2017-01-23T00:15:52Z", "event":"FSDJump", "StarSystem":"Col 285 Sector KP-K a24-0", "StarPos":[183.656,-42.063,-91.063], "SystemAllegiance":"", "SystemEconomy":"$economy_None;", "SystemEconomy_Localised":"None", "SystemGovernment":"$government_None;", "SystemGovernment_Localised":"None", "SystemSecurity":"$SYSTEM_SECURITY_low;", "SystemSecurity_Localised":"Low Security", "JumpDist":6.621, "FuelUsed":0.258571, "FuelLevel":15.229973 }
{ "timestamp":"2017-01-23T00:16:48Z", "event":"FSDJump", "StarSystem":"Col 285 Sector KP-K a24-2", "StarPos":[177.250,-40.781,-90.281], "SystemAllegiance":"", "SystemEconomy":"$economy_None;", "SystemEconomy_Localised":"None", "SystemGovernment":"$government_None;", "SystemGovernment_Localised":"None", "SystemSecurity":"$SYSTEM_SECURITY_low;", "SystemSecurity_Localised":"Low Security", "JumpDist":6.580, "FuelUsed":0.254382, "FuelLevel":14.975591 }
{ "timestamp":"2017-01-23T00:17:47Z", "event":"FSDJump", "StarSystem":"Col 285 Sector JP-K a24-0", "StarPos":[170.188,-43.906,-87.938], "SystemAllegiance":"", "SystemEconomy":"$economy_None;", "SystemEconomy_Localised":"None", "SystemGovernment":"$government_None;", "SystemGovernment_Localised":"None", "SystemSecurity":"$SYSTEM_SECURITY_low;", "SystemSecurity_Localised":"Low Security", "JumpDist":8.071, "FuelUsed":0.406144, "FuelLevel":14.569447 }
{ "timestamp":"2017-01-23T00:18:45Z", "event":"FSDJump", "StarSystem":"Col 285 Sector IP-K a24-2", "StarPos":[163.406,-42.750,-90.063], "SystemAllegiance":"", "SystemEconomy":"$economy_None;", "SystemEconomy_Localised":"None", "SystemGovernment":"$government_None;", "SystemGovernment_Localised":"None", "SystemSecurity":"$SYSTEM_SECURITY_low;", "SystemSecurity_Localised":"Low Security", "JumpDist":7.200, "FuelUsed":0.311363, "FuelLevel":14.258083 }
{ "timestamp":"2017-01-23T00:19:34Z", "event":"FSDJump", "StarSystem":"Col 285 Sector IP-K a24-0", "StarPos":[157.438,-42.688,-92.594], "SystemAllegiance":"", "SystemEconomy":"$economy_None;", "SystemEconomy_Localised":"None", "SystemGovernment":"$government_None;", "SystemGovernment_Localised":"None", "SystemSecurity":"$SYSTEM_SECURITY_low;", "SystemSecurity_Localised":"Low Security", "JumpDist":6.484, "FuelUsed":0.244098, "FuelLevel":14.013985 }
{ "timestamp":"2017-01-23T00:19:54Z", "event":"ReceiveText", "From":"$npc_name_decorate:#name=Vincent Angelo;", "From_Localised":"Vincent Angelo", "Message":"$Pirate_HunterHostileSC_Relevant03;", "Message_Localised":"I've come a long way for what's in your hold, don't try to run!", "Channel":"npc" }
{ "timestamp":"2017-01-23T00:20:20Z", "event":"FSDJump", "StarSystem":"Col 285 Sector HP-K a24-4", "StarPos":[150.000,-44.500,-92.750], "SystemAllegiance":"", "SystemEconomy":"$economy_None;", "SystemEconomy_Localised":"None", "SystemGovernment":"$government_None;", "SystemGovernment_Localised":"None", "SystemSecurity":"$SYSTEM_SECURITY_low;", "SystemSecurity_Localised":"Low Security", "JumpDist":7.657, "FuelUsed":0.357172, "FuelLevel":13.656813 }
{ "timestamp":"2017-01-23T00:20:33Z", "event":"SupercruiseExit", "StarSystem":"Col 285 Sector HP-K a24-4", "Body":"Col 285 Sector HP-K a24-4", "BodyType":"Star" }
{ "timestamp":"2017-01-23T00:22:07Z", "event":"FSDJump", "StarSystem":"Col 285 Sector HP-K a24-0", "StarPos":[146.438,-44.969,-94.656], "SystemAllegiance":"", "SystemEconomy":"$economy_None;", "SystemEconomy_Localised":"None", "SystemGovernment":"$government_None;", "SystemGovernment_Localised":"None", "SystemSecurity":"$SYSTEM_SECURITY_low;", "SystemSecurity_Localised":"Low Security", "JumpDist":4.068, "FuelUsed":0.083147, "FuelLevel":13.573666 }
{ "timestamp":"2017-01-23T00:24:52Z", "event":"FSDJump", "StarSystem":"Col 285 Sector CJ-M a23-2", "StarPos":[141.500,-42.094,-95.375], "SystemAllegiance":"", "SystemEconomy":"$economy_None;", "SystemEconomy_Localised":"None", "SystemGovernment":"$government_None;", "SystemGovernment_Localised":"None", "SystemSecurity":"$SYSTEM_SECURITY_low;", "SystemSecurity_Localised":"Low Security", "JumpDist":5.759, "FuelUsed":0.184854, "FuelLevel":13.388811 }
{ "timestamp":"2017-01-23T00:25:06Z", "event":"ReceiveText", "From":"$npc_name_decorate:#name=RJH Ablett;", "From_Localised":"RJH Ablett", "Message":"$Pirate_HunterHostileSC_Relevant03;", "Message_Localised":"I've come a long way for what's in your hold, don't try to run!", "Channel":"npc" }
{ "timestamp":"2017-01-23T00:25:52Z", "event":"FSDJump", "StarSystem":"HIP 31821", "StarPos":[135.250,-40.313,-91.219], "SystemAllegiance":"Independent", "SystemEconomy":"$economy_Terraforming;", "SystemEconomy_Localised":"Terraforming", "SystemGovernment":"$government_Corporate;", "SystemGovernment_Localised":"Corporate", "SystemSecurity":"$SYSTEM_SECURITY_low;", "SystemSecurity_Localised":"Low Security", "JumpDist":7.714, "FuelUsed":0.361631, "FuelLevel":13.027180, "SystemFaction":"HIP 31821 Purple Vision Systems" }
{ "timestamp":"2017-01-23T00:26:14Z", "event":"FuelScoop", "Scooped":0.129739, "Total":13.156919 }
{ "timestamp":"2017-01-23T00:28:47Z", "event":"FSDJump", "StarSystem":"Col 285 Sector GP-K a24-3", "StarPos":[135.156,-43.875,-89.500], "SystemAllegiance":"", "SystemEconomy":"$economy_None;", "SystemEconomy_Localised":"None", "SystemGovernment":"$government_None;", "SystemGovernment_Localised":"None", "SystemSecurity":"$SYSTEM_SECURITY_low;", "SystemSecurity_Localised":"Low Security", "JumpDist":3.957, "FuelUsed":0.077705, "FuelLevel":13.079213 }
{ "timestamp":"2017-01-23T00:29:31Z", "event":"FSDJump", "StarSystem":"Hyades Sector JM-L b8-7", "StarPos":[127.000,-46.781,-93.938], "SystemAllegiance":"", "SystemEconomy":"$economy_None;", "SystemEconomy_Localised":"None", "SystemGovernment":"$government_None;", "SystemGovernment_Localised":"None", "SystemSecurity":"$SYSTEM_SECURITY_low;", "SystemSecurity_Localised":"Low Security", "JumpDist":9.729, "FuelUsed":0.615258, "FuelLevel":12.463955 }
{ "timestamp":"2017-01-23T00:29:56Z", "event":"FuelScoop", "Scooped":0.825743, "Total":13.289698 }
{ "timestamp":"2017-01-23T00:30:31Z", "event":"FSDJump", "StarSystem":"Hyades Sector SY-R c4-16", "StarPos":[124.375,-52.188,-98.344], "SystemAllegiance":"Independent", "SystemEconomy":"$economy_Military;", "SystemEconomy_Localised":"Military", "SystemGovernment":"$government_Corporate;", "SystemGovernment_Localised":"Corporate", "SystemSecurity":"$SYSTEM_SECURITY_medium;", "SystemSecurity_Localised":"Medium Security", "JumpDist":7.452, "FuelUsed":0.333709, "FuelLevel":12.955988, "SystemFaction":"HIP 29241 Exchange", "FactionState":"Boom" }
{ "timestamp":"2017-01-23T00:30:57Z", "event":"FuelScoop", "Scooped":0.595182, "Total":13.551170 }
{ "timestamp":"2017-01-23T00:31:30Z", "event":"FSDJump", "StarSystem":"Meene", "StarPos":[118.781,-56.438,-97.188], "SystemAllegiance":"Independent", "SystemEconomy":"$economy_Industrial;", "SystemEconomy_Localised":"Industrial", "SystemGovernment":"$government_Anarchy;", "SystemGovernment_Localised":"Anarchy", "SystemSecurity":"$GAlAXY_MAP_INFO_state_anarchy;", "SystemSecurity_Localised":"Anarchy", "JumpDist":7.120, "FuelUsed":0.300947, "FuelLevel":13.250223, "SystemFaction":"Meene Purple Drug Empire" }
{ "timestamp":"2017-01-23T00:32:04Z", "event":"FuelScoop", "Scooped":1.105128, "Total":14.355351 }
{ "timestamp":"2017-01-23T00:32:56Z", "event":"ReceiveText", "From":"$npc_name_decorate:#name=Barnaby Jackson;", "From_Localised":"Barnaby Jackson", "Message":"$Pirate_StartInterdiction06;", "Message_Localised":"Make it easy on yourself and submit.", "Channel":"npc" }
{ "timestamp":"2017-01-23T00:33:20Z", "event":"EscapeInterdiction", "Interdictor":"Barnaby Jackson", "IsPlayer":false }
{ "timestamp":"2017-01-23T00:34:46Z", "event":"SupercruiseExit", "StarSystem":"Meene", "Body":"Felice Dock", "BodyType":"Station" }
{ "timestamp":"2017-01-23T00:35:01Z", "event":"DockingRequested", "StationName":"Felice Dock" }
{ "timestamp":"2017-01-23T00:35:01Z", "event":"ReceiveText", "From":"Felice Dock", "Message":"$DockingChatter_Neutral;", "Message_Localised":"Ensure to observe starport protocol during your visit, pilot.", "Channel":"npc" }
{ "timestamp":"2017-01-23T00:35:03Z", "event":"ReceiveText", "From":"Felice Dock", "Message":"$STATION_docking_granted;", "Message_Localised":"Docking request granted.", "Channel":"npc" }
{ "timestamp":"2017-01-23T00:35:03Z", "event":"DockingGranted", "LandingPad":20, "StationName":"Felice Dock" }
{ "timestamp":"2017-01-23T00:35:15Z", "event":"ReceiveText", "From":"Felice Dock", "Message":"$STATION_NoFireZone_entered;", "Message_Localised":"No fire zone entered.", "Channel":"npc" }
{ "timestamp":"2017-01-23T00:36:15Z", "event":"Docked", "StationName":"Felice Dock", "StationType":"Bernal", "StarSystem":"Meene", "StationFaction":"Meene Purple Drug Empire", "StationGovernment":"$government_Anarchy;", "StationGovernment_Localised":"Anarchy", "StationEconomy":"$economy_Industrial;", "StationEconomy_Localised":"Industrial" }
{ "timestamp":"2017-01-23T00:37:01Z", "event":"ScientificResearch", "Name":"ancientbiologicaldata", "Category":"Encoded", "Count":21 }
{ "timestamp":"2017-01-23T00:37:05Z", "event":"ScientificResearch", "Name":"ancientlanguagedata", "Category":"Encoded", "Count":12 }
{ "timestamp":"2017-01-23T00:37:10Z", "event":"ScientificResearch", "Name":"ancientculturaldata", "Category":"Encoded", "Count":24 }
{ "timestamp":"2017-01-23T00:37:15Z", "event":"ScientificResearch", "Name":"ancienthistoricaldata", "Category":"Encoded", "Count":33 }
{ "timestamp":"2017-01-23T00:37:47Z", "event":"CommunityGoalReward", "Name":"Ram Tah Appeal for Ancient Data", "System":"Meene", "Reward":15628032 }
{ "timestamp":"2017-01-23T00:38:38Z", "event":"MarketSell", "Type":"ancientcasket", "Count":3, "SellPrice":4595, "TotalSale":13785, "AvgPricePaid":0 }
{ "timestamp":"2017-01-23T00:38:42Z", "event":"MarketSell", "Type":"ancientorb", "Count":1, "SellPrice":5249, "TotalSale":5249, "AvgPricePaid":0 }
{ "timestamp":"2017-01-23T00:38:45Z", "event":"MarketSell", "Type":"ancientrelic", "Count":2, "SellPrice":8384, "TotalSale":16768, "AvgPricePaid":0 }
{ "timestamp":"2017-01-23T00:38:49Z", "event":"MarketSell", "Type":"ancienttablet", "Count":3, "SellPrice":5249, "TotalSale":15747, "AvgPricePaid":0 }
{ "timestamp":"2017-01-23T00:38:52Z", "event":"MarketSell", "Type":"ancienttotem", "Count":2, "SellPrice":6857, "TotalSale":13714, "AvgPricePaid":0 }
{ "timestamp":"2017-01-23T00:38:56Z", "event":"MarketSell", "Type":"ancienturn", "Count":2, "SellPrice":3298, "TotalSale":6596, "AvgPricePaid":0 }
{ "timestamp":"2017-01-23T00:39:02Z", "event":"MarketSell", "Type":"ancienturn", "Count":2, "SellPrice":3298, "TotalSale":6596, "AvgPricePaid":0 }
{ "timestamp":"2017-01-23T00:40:17Z", "event":"ReceiveText", "From":"$cmdr_decorate:#name=Ardos;", "From_Localised":"CMDR Ardos", "Message":"o7 Just saw what you said, Cmdr. Thank you! ", "Channel":"local" }
{ "timestamp":"2017-01-23T00:40:25Z", "event":"ShipyardSwap", "ShipType":"vulture", "ShipID":3, "StoreOldShip":"Independant_Trader", "StoreShipID":5 }
{ "timestamp":"2017-01-23T00:40:38Z", "event":"Docked", "StationName":"Felice Dock", "StationType":"Bernal", "StarSystem":"Meene", "StationFaction":"Meene Purple Drug Empire", "StationGovernment":"$government_Anarchy;", "StationGovernment_Localised":"Anarchy", "StationEconomy":"$economy_Industrial;", "StationEconomy_Localised":"Industrial" }
{ "timestamp":"2017-01-23T00:57:20Z", "event":"ReceiveText", "From":"$npc_name_decorate:#name=Gregg Olsen;", "From_Localised":"Gregg Olsen", "Message":"$MisfortuneCriticalDamage09;", "Message_Localised":"I'm not so easily beaten.", "Channel":"npc" }
{ "timestamp":"2017-01-23T00:57:51Z", "event":"ModuleBuy", "Slot":"Slot02_Size4", "SellItem":"$int_cargorack_size1_class1_name;", "SellItem_Localised":"Cargo Rack", "SellPrice":1000, "BuyItem":"$int_hullreinforcement_size4_class2_name;", "BuyItem_Localised":"Hull Reinforcement", "BuyPrice":195000, "Ship":"vulture", "ShipID":3 }
{ "timestamp":"2017-01-23T00:58:53Z", "event":"ReceiveText", "From":"$npc_name_decorate:#name=Andreas Hellner;", "From_Localised":"Andreas Hellner", "Message":"$Smuggler_NearDeath01;", "Message_Localised":"Okay, okay, the cargo's all yours... This job isn't worth my life.", "Channel":"npc" }
{ "timestamp":"2017-01-23T01:00:51Z", "event":"Undocked", "StationName":"Felice Dock", "StationType":"Bernal" }
{ "timestamp":"2017-01-23T01:01:15Z", "event":"ReceiveText", "From":"Felice Dock", "Message":"$STATION_NoFireZone_exited;", "Message_Localised":"No fire zone left.", "Channel":"npc" }
{ "timestamp":"2017-01-23T01:04:56Z", "event":"FSDJump", "StarSystem":"HIP 29241", "StarPos":[119.125,-53.406,-91.625], "SystemAllegiance":"Federation", "SystemEconomy":"$economy_Industrial;", "SystemEconomy_Localised":"Industrial", "SystemGovernment":"$government_Democracy;", "SystemGovernment_Localised":"Democracy", "SystemSecurity":"$SYSTEM_SECURITY_high;", "SystemSecurity_Localised":"High Security", "JumpDist":6.344, "FuelUsed":0.379000, "FuelLevel":7.621000, "SystemFaction":"Independent HIP 29241 Green Party", "FactionState":"Boom" }
{ "timestamp":"2017-01-23T01:05:32Z", "event":"FuelScoop", "Scooped":0.180994, "Total":7.801994 }
{ "timestamp":"2017-01-23T01:05:38Z", "event":"ReceiveText", "From":"$npc_name_decorate:#name=Cruise Ship;", "From_Localised":"Cruise Ship", "Message":"$CruiseLiner_SCPatrol01;", "Message_Localised":"And don't forget, this Liner is in the top 1% of all Liners out there.", "Channel":"npc" }
{ "timestamp":"2017-01-23T01:05:56Z", "event":"FSDJump", "StarSystem":"Chime", "StarPos":[114.969,-50.906,-82.438], "SystemAllegiance":"Independent", "SystemEconomy":"$economy_Extraction;", "SystemEconomy_Localised":"Extraction", "SystemGovernment":"$government_PrisonColony;", "SystemGovernment_Localised":"Prison colony", "SystemSecurity":"$SYSTEM_SECURITY_low;", "SystemSecurity_Localised":"Low Security", "JumpDist":10.389, "FuelUsed":1.176877, "FuelLevel":6.625116, "SystemFaction":"Chime Prison Colony", "FactionState":"Boom" }
{ "timestamp":"2017-01-23T01:07:24Z", "event":"FSDJump", "StarSystem":"Hyades Sector VU-T a18-4", "StarPos":[113.563,-44.281,-80.438], "SystemAllegiance":"", "SystemEconomy":"$economy_None;", "SystemEconomy_Localised":"None", "SystemGovernment":"$government_None;", "SystemGovernment_Localised":"None", "SystemSecurity":"$SYSTEM_SECURITY_low;", "SystemSecurity_Localised":"Low Security", "JumpDist":7.062, "FuelUsed":0.480810, "FuelLevel":6.144307 }
{ "timestamp":"2017-01-23T01:08:37Z", "event":"FSDJump", "StarSystem":"Hyades Sector ZA-S a19-1", "StarPos":[114.938,-44.125,-72.781], "SystemAllegiance":"", "SystemEconomy":"$economy_None;", "SystemEconomy_Localised":"None", "SystemGovernment":"$government_None;", "SystemGovernment_Localised":"None", "SystemSecurity":"$SYSTEM_SECURITY_low;", "SystemSecurity_Localised":"Low Security", "JumpDist":7.780, "FuelUsed":0.599060, "FuelLevel":5.545247 }
{ "timestamp":"2017-01-23T01:09:35Z", "event":"FSDJump", "StarSystem":"Hyades Sector AB-S a19-1", "StarPos":[118.313,-38.500,-69.719], "SystemAllegiance":"", "SystemEconomy":"$economy_None;", "SystemEconomy_Localised":"None", "SystemGovernment":"$government_None;", "SystemGovernment_Localised":"None", "SystemSecurity":"$SYSTEM_SECURITY_low;", "SystemSecurity_Localised":"Low Security", "JumpDist":7.239, "FuelUsed":0.505690, "FuelLevel":5.039557 }
{ "timestamp":"2017-01-23T01:10:30Z", "event":"FSDJump", "StarSystem":"Hyades Sector AB-S a19-3", "StarPos":[118.063,-35.094,-68.219], "SystemAllegiance":"", "SystemEconomy":"$economy_None;", "SystemEconomy_Localised":"None", "SystemGovernment":"$government_None;", "SystemGovernment_Localised":"None", "SystemSecurity":"$SYSTEM_SECURITY_low;", "SystemSecurity_Localised":"Low Security", "JumpDist":3.730, "FuelUsed":0.109697, "FuelLevel":4.929861 }
{ "timestamp":"2017-01-23T01:11:32Z", "event":"FSDJump", "StarSystem":"Hyades Sector CM-Q a20-0", "StarPos":[116.438,-34.344,-64.125], "SystemAllegiance":"", "SystemEconomy":"$economy_None;", "SystemEconomy_Localised":"None", "SystemGovernment":"$government_None;", "SystemGovernment_Localised":"None", "SystemSecurity":"$SYSTEM_SECURITY_low;", "SystemSecurity_Localised":"Low Security", "JumpDist":4.468, "FuelUsed":0.166005, "FuelLevel":4.763855 }
{ "timestamp":"2017-01-23T01:12:34Z", "event":"FSDJump", "StarSystem":"Col 285 Sector OM-F a27-2", "StarPos":[117.719,-27.875,-56.281], "SystemAllegiance":"", "SystemEconomy":"$economy_None;", "SystemEconomy_Localised":"None", "SystemGovernment":"$government_None;", "SystemGovernment_Localised":"None", "SystemSecurity":"$SYSTEM_SECURITY_low;", "SystemSecurity_Localised":"Low Security", "JumpDist":10.247, "FuelUsed":1.119069, "FuelLevel":3.644786 }
{ "timestamp":"2017-01-23T01:13:19Z", "event":"FSDJump", "StarSystem":"Col 285 Sector OM-F a27-1", "StarPos":[116.313,-25.281,-56.406], "SystemAllegiance":"", "SystemEconomy":"$economy_None;", "SystemEconomy_Localised":"None", "SystemGovernment":"$government_None;", "SystemGovernment_Localised":"None", "SystemSecurity":"$SYSTEM_SECURITY_low;", "SystemSecurity_Localised":"Low Security", "JumpDist":2.953, "FuelUsed":0.063538, "FuelLevel":3.581249 }
{ "timestamp":"2017-01-23T01:14:19Z", "event":"FSDJump", "StarSystem":"Col 285 Sector HB-C b14-7", "StarPos":[115.031,-19.938,-52.844], "SystemAllegiance":"", "SystemEconomy":"$economy_None;", "SystemEconomy_Localised":"None", "SystemGovernment":"$government_None;", "SystemGovernment_Localised":"None", "SystemSecurity":"$SYSTEM_SECURITY_low;", "SystemSecurity_Localised":"Low Security", "JumpDist":6.549, "FuelUsed":0.396659, "FuelLevel":3.184590 }
{ "timestamp":"2017-01-23T01:18:43Z", "event":"FuelScoop", "Scooped":4.815410, "Total":8.000000 }
{ "timestamp":"2017-01-23T01:19:12Z", "event":"FSDJump", "StarSystem":"Velli", "StarPos":[118.750,-14.813,-49.719], "SystemAllegiance":"Federation", "SystemEconomy":"$economy_Colony;", "SystemEconomy_Localised":"Colony", "SystemGovernment":"$government_Corporate;", "SystemGovernment_Localised":"Corporate", "SystemSecurity":"$SYSTEM_SECURITY_low;", "SystemSecurity_Localised":"Low Security", "JumpDist":7.061, "FuelUsed":0.484785, "FuelLevel":7.515215, "SystemFaction":"Velli Major Partners" }
{ "timestamp":"2017-01-23T01:20:05Z", "event":"FuelScoop", "Scooped":0.176180, "Total":7.691396 }
{ "timestamp":"2017-01-23T01:20:46Z", "event":"FSDJump", "StarSystem":"Xinca", "StarPos":[123.906,-6.406,-48.938], "SystemAllegiance":"Independent", "SystemEconomy":"$economy_Agri;", "SystemEconomy_Localised":"Agriculture", "SystemGovernment":"$government_Dictatorship;", "SystemGovernment_Localised":"Dictatorship", "SystemSecurity":"$SYSTEM_SECURITY_high;", "SystemSecurity_Localised":"High Security", "JumpDist":9.893, "FuelUsed":1.050797, "FuelLevel":6.640599, "SystemFaction":"League of Xinca" }
{ "timestamp":"2017-01-23T01:21:13Z", "event":"FuelScoop", "Scooped":0.149511, "Total":6.790110 }
{ "timestamp":"2017-01-23T01:21:48Z", "event":"FSDJump", "StarSystem":"Deciat", "StarPos":[122.625,-0.813,-47.281], "SystemAllegiance":"Federation", "SystemEconomy":"$economy_Industrial;", "SystemEconomy_Localised":"Industrial", "SystemGovernment":"$government_Democracy;", "SystemGovernment_Localised":"Democracy", "SystemSecurity":"$SYSTEM_SECURITY_high;", "SystemSecurity_Localised":"High Security", "JumpDist":5.973, "FuelUsed":0.327346, "FuelLevel":6.462763, "SystemFaction":"Independent Deciat Green Party", "FactionState":"Boom" }
{ "timestamp":"2017-01-23T01:23:20Z", "event":"ReceiveText", "From":"$npc_name_decorate:#name=John Charlton;", "From_Localised":"John Charlton", "Message":"$Pirate_StartInterdiction04;", "Message_Localised":"Prepare yourself!", "Channel":"npc" }
{ "timestamp":"2017-01-23T01:23:25Z", "event":"Interdicted", "Submitted":true, "Interdictor":"John Charlton", "IsPlayer":false, "Faction":"Kremata Incorporated" }
{ "timestamp":"2017-01-23T01:23:31Z", "event":"SupercruiseExit", "StarSystem":"Deciat", "Body":"Deciat", "BodyType":"Star" }
{ "timestamp":"2017-01-23T01:23:32Z", "event":"ReceiveText", "From":"$npc_name_decorate:#name=John Charlton;", "From_Localised":"John Charlton", "Message":"$Pirate_OnDeclarePiracyThreaten02;", "Message_Localised":"All I want is all you have.", "Channel":"npc" }
{ "timestamp":"2017-01-23T01:24:05Z", "event":"ReceiveText", "From":"$ShipName_Police_Federation;", "From_Localised":"Federal Security Service", "Message":"$Police_ArriveInvestigate01;", "Message_Localised":"Investigating reports of crime.", "Channel":"npc" }
{ "timestamp":"2017-01-23T01:24:06Z", "event":"ReceiveText", "From":"$ShipName_Police_Federation;", "From_Localised":"Federal Security Service", "Message":"$Police_ArrivedAtInvestigationLocation05;", "Message_Localised":"A crime has been reported here. All ships will be scanned.", "Channel":"npc" }
{ "timestamp":"2017-01-23T01:24:39Z", "event":"ReceiveText", "From":"$npc_name_decorate:#name=John Charlton;", "From_Localised":"John Charlton", "Message":"$BadKarmaCriticalDamage08;", "Message_Localised":"I've taken too many hits.", "Channel":"npc" }
{ "timestamp":"2017-01-23T01:24:59Z", "event":"Bounty", "Rewards":[ { "Faction":"Independent Deciat Green Party", "Reward":200 }, { "Faction":"Federation", "Reward":61650 } ], "Target":"federation_gunship", "TotalReward":61850, "VictimFaction":"Kremata Incorporated" }
{ "timestamp":"2017-01-23T01:25:10Z", "event":"ReceiveText", "From":"$ShipName_Police_Federation;", "From_Localised":"Federal Security Service", "Message":"$Police_ThankYouPassedStopAndSearch03;", "Message_Localised":"All clear. Carry on, pilot.", "Channel":"npc" }
{ "timestamp":"2017-01-23T01:25:13Z", "event":"ReceiveText", "From":"$ShipName_Police_Federation;", "From_Localised":"Federal Security Service", "Message":"$Police_ThankYouPassedStopAndSearch03;", "Message_Localised":"All clear. Carry on, pilot.", "Channel":"npc" }
{ "timestamp":"2017-01-23T01:28:21Z", "event":"SupercruiseEntry", "StarSystem":"Deciat" }
{ "timestamp":"2017-01-23T01:28:42Z", "event":"FuelScoop", "Scooped":0.019460, "Total":5.912223 }
{ "timestamp":"2017-01-23T01:34:33Z", "event":"SupercruiseExit", "StarSystem":"Deciat", "Body":"Deciat 6 a", "BodyType":"Planet" }
{ "timestamp":"2017-01-23T01:35:04Z", "event":"DockingRequested", "StationName":"Farseer Inc" }
{ "timestamp":"2017-01-23T01:35:04Z", "event":"ReceiveText", "From":"Farseer Inc", "Message":"$DockingChatter_Neutral;", "Message_Localised":"Ensure to observe starport protocol during your visit, pilot.", "Channel":"npc" }
{ "timestamp":"2017-01-23T01:35:05Z", "event":"ReceiveText", "From":"Farseer Inc", "Message":"$STATION_docking_granted;", "Message_Localised":"Docking request granted.", "Channel":"npc" }
{ "timestamp":"2017-01-23T01:35:05Z", "event":"DockingGranted", "LandingPad":3, "StationName":"Farseer Inc" }
{ "timestamp":"2017-01-23T01:35:15Z", "event":"ReceiveText", "From":"Farseer Inc", "Message":"$STATION_NoFireZone_entered;", "Message_Localised":"No fire zone entered.", "Channel":"npc" }
{ "timestamp":"2017-01-23T01:36:07Z", "event":"Docked", "StationName":"Farseer Inc", "StarSystem":"Deciat", "StationFaction":"Felicity Farseer", "StationGovernment":"$government_Engineer;", "StationGovernment_Localised":"Workshop", "StationAllegiance":"Federation", "StationEconomy":"$economy_Colony;", "StationEconomy_Localised":"Colony" }
{ "timestamp":"2017-01-23T01:36:46Z", "event":"RefuelAll", "Cost":117, "Amount":2.323512 }
{ "timestamp":"2017-01-23T01:36:48Z", "event":"Touchdown", "Latitude":23.838022, "Longitude":152.833206 }
{ "timestamp":"2017-01-23T01:49:50Z", "event":"ReceiveText", "From":"$cmdr_decorate:#name=Wilderness;", "From_Localised":"CMDR Wilderness", "Message":"wow, never seen so many cmdrs!  ", "Channel":"local" }
{ "timestamp":"2017-01-23T01:49:52Z", "event":"ReceiveText", "From":"$cmdr_decorate:#name=Wilderness;", "From_Localised":"CMDR Wilderness", "Message":"o7 all", "Channel":"local" }
{ "timestamp":"2017-01-23T03:18:59Z", "event":"Undocked", "StationName":"Farseer Inc" }
{ "timestamp":"2017-01-23T03:19:03Z", "event":"Liftoff", "Latitude":23.835648, "Longitude":152.832779 }
{ "timestamp":"2017-01-23T03:20:05Z", "event":"SendText", "To":"local", "Message":"o7" }
{ "timestamp":"2017-01-23T03:20:34Z", "event":"ReceiveText", "From":"Farseer Inc", "Message":"$STATION_NoFireZone_exited;", "Message_Localised":"No fire zone left.", "Channel":"npc" }
{ "timestamp":"2017-01-23T03:20:52Z", "event":"SupercruiseEntry", "StarSystem":"Deciat" }
{ "timestamp":"2017-01-23T03:26:16Z", "event":"SupercruiseExit", "StarSystem":"Deciat", "Body":"Garay Terminal", "BodyType":"Station" }
{ "timestamp":"2017-01-23T03:26:28Z", "event":"DockingRequested", "StationName":"Garay Terminal" }
{ "timestamp":"2017-01-23T03:26:28Z", "event":"ReceiveText", "From":"Garay Terminal", "Message":"$DockingChatter_Neutral;", "Message_Localised":"Ensure to observe starport protocol during your visit, pilot.", "Channel":"npc" }
{ "timestamp":"2017-01-23T03:26:30Z", "event":"ReceiveText", "From":"Garay Terminal", "Message":"$STATION_docking_granted;", "Message_Localised":"Docking request granted.", "Channel":"npc" }
{ "timestamp":"2017-01-23T03:26:30Z", "event":"DockingGranted", "LandingPad":6, "StationName":"Garay Terminal" }
{ "timestamp":"2017-01-23T03:26:41Z", "event":"ReceiveText", "From":"Garay Terminal", "Message":"$STATION_NoFireZone_entered;", "Message_Localised":"No fire zone entered.", "Channel":"npc" }
{ "timestamp":"2017-01-23T03:27:39Z", "event":"Docked", "StationName":"Garay Terminal", "StationType":"Coriolis", "StarSystem":"Deciat", "StationFaction":"Independent Deciat Green Party", "FactionState":"Boom", "StationGovernment":"$government_Democracy;", "StationGovernment_Localised":"Democracy", "StationAllegiance":"Federation", "StationEconomy":"$economy_Industrial;", "StationEconomy_Localised":"Industrial" }
{ "timestamp":"2017-01-23T03:29:23Z", "event":"ShipyardBuy", "ShipType":"asp", "ShipPrice":6661154, "StoreOldShip":"Vulture", "StoreShipID":3 }
{ "timestamp":"2017-01-23T03:29:24Z", "event":"ShipyardNew", "ShipType":"asp", "NewShipID":7 }
{ "timestamp":"2017-01-23T03:29:35Z", "event":"Docked", "StationName":"Garay Terminal", "StationType":"Coriolis", "StarSystem":"Deciat", "StationFaction":"Independent Deciat Green Party", "FactionState":"Boom", "StationGovernment":"$government_Democracy;", "StationGovernment_Localised":"Democracy", "StationAllegiance":"Federation", "StationEconomy":"$economy_Industrial;", "StationEconomy_Localised":"Industrial" }
{ "timestamp":"2017-01-23T03:35:59Z", "event":"Undocked", "StationName":"Garay Terminal", "StationType":"Coriolis" }
{ "timestamp":"2017-01-23T03:36:32Z", "event":"ReceiveText", "From":"Garay Terminal", "Message":"$STATION_NoFireZone_exited;", "Message_Localised":"No fire zone left.", "Channel":"npc" }
{ "timestamp":"2017-01-23T03:37:06Z", "event":"DockingRequested", "StationName":"Garay Terminal" }
{ "timestamp":"2017-01-23T03:37:06Z", "event":"ReceiveText", "From":"Garay Terminal", "Message":"$DockingChatter_Neutral;", "Message_Localised":"Ensure to observe starport protocol during your visit, pilot.", "Channel":"npc" }
{ "timestamp":"2017-01-23T03:37:08Z", "event":"ReceiveText", "From":"Garay Terminal", "Message":"$STATION_docking_granted;", "Message_Localised":"Docking request granted.", "Channel":"npc" }
{ "timestamp":"2017-01-23T03:37:08Z", "event":"DockingGranted", "LandingPad":15, "StationName":"Garay Terminal" }
{ "timestamp":"2017-01-23T03:37:19Z", "event":"ReceiveText", "From":"Garay Terminal", "Message":"$STATION_NoFireZone_entered;", "Message_Localised":"No fire zone entered.", "Channel":"npc" }
{ "timestamp":"2017-01-23T03:38:19Z", "event":"Docked", "StationName":"Garay Terminal", "StationType":"Coriolis", "StarSystem":"Deciat", "StationFaction":"Independent Deciat Green Party", "FactionState":"Boom", "StationGovernment":"$government_Democracy;", "StationGovernment_Localised":"Democracy", "StationAllegiance":"Federation", "StationEconomy":"$economy_Industrial;", "StationEconomy_Localised":"Industrial" }
{ "timestamp":"2017-01-23T03:41:03Z", "event":"ModuleBuy", "Slot":"Slot01_Size6", "SellItem":"$int_cargorack_size5_class1_name;", "SellItem_Localised":"Cargo Rack", "SellPrice":111566, "BuyItem":"$int_fuelscoop_size6_class3_name;", "BuyItem_Localised":"Fuel Scoop", "BuyPrice":1797726, "Ship":"asp", "ShipID":7 }
{ "timestamp":"2017-01-23T03:41:22Z", "event":"ModuleBuy", "Slot":"Slot04_Size3", "BuyItem":"$int_buggybay_size2_class2_name;", "BuyItem_Localised":"Planetary Vehicle Hangar", "BuyPrice":21600, "Ship":"asp", "ShipID":7 }
{ "timestamp":"2017-01-23T03:42:06Z", "event":"Undocked", "StationName":"Garay Terminal", "StationType":"Coriolis" }
{ "timestamp":"2017-01-23T03:42:39Z", "event":"ReceiveText", "From":"Garay Terminal", "Message":"$STATION_NoFireZone_exited;", "Message_Localised":"No fire zone left.", "Channel":"npc" }
{ "timestamp":"2017-01-23T03:42:59Z", "event":"ReceiveText", "From":"Garay Terminal", "Message":"$STATION_NoFireZone_entered;", "Message_Localised":"No fire zone entered.", "Channel":"npc" }
{ "timestamp":"2017-01-23T03:43:13Z", "event":"ReceiveText", "From":"Garay Terminal", "Message":"$STATION_NoFireZone_exited;", "Message_Localised":"No fire zone left.", "Channel":"npc" }
{ "timestamp":"2017-01-23T03:43:29Z", "event":"SupercruiseEntry", "StarSystem":"Deciat" }
{ "timestamp":"2017-01-23T03:47:00Z", "event":"ReceiveText", "From":"$npc_name_decorate:#name=Martin Auer;", "From_Localised":"Martin Auer", "Message":"$Pirate_StartInterdiction06;", "Message_Localised":"Make it easy on yourself and submit.", "Channel":"npc" }
{ "timestamp":"2017-01-23T03:47:39Z", "event":"EscapeInterdiction", "Interdictor":"Martin Auer", "IsPlayer":false }
{ "timestamp":"2017-01-23T03:48:07Z", "event":"ReceiveText", "From":"$npc_name_decorate:#name=Wedding Barge;", "From_Localised":"Wedding Barge", "Message":"$ConvoyWedding_Patrol06;", "Message_Localised":"I still haven't written my vows. What can I say?", "Channel":"npc" }
{ "timestamp":"2017-01-23T03:48:20Z", "event":"SupercruiseExit", "StarSystem":"Deciat", "Body":"Carson Hub", "BodyType":"Station" }
{ "timestamp":"2017-01-23T03:48:30Z", "event":"DockingRequested", "StationName":"Carson Hub" }
{ "timestamp":"2017-01-23T03:48:30Z", "event":"ReceiveText", "From":"Carson Hub", "Message":"$DockingChatter_Neutral;", "Message_Localised":"Ensure to observe starport protocol during your visit, pilot.", "Channel":"npc" }
{ "timestamp":"2017-01-23T03:48:31Z", "event":"ReceiveText", "From":"Carson Hub", "Message":"$STATION_docking_granted;", "Message_Localised":"Docking request granted.", "Channel":"npc" }
{ "timestamp":"2017-01-23T03:48:31Z", "event":"DockingGranted", "LandingPad":5, "StationName":"Carson Hub" }
{ "timestamp":"2017-01-23T03:48:40Z", "event":"ReceiveText", "From":"Carson Hub", "Message":"$STATION_NoFireZone_entered;", "Message_Localised":"No fire zone entered.", "Channel":"npc" }
{ "timestamp":"2017-01-23T03:49:28Z", "event":"Docked", "StationName":"Carson Hub", "StationType":"Outpost", "StarSystem":"Deciat", "StationFaction":"Deciat Flag", "FactionState":"Boom", "StationGovernment":"$government_Dictatorship;", "StationGovernment_Localised":"Dictatorship", "StationEconomy":"$economy_Industrial;", "StationEconomy_Localised":"Industrial" }
{ "timestamp":"2017-01-23T03:50:59Z", "event":"ModuleBuy", "Slot":"FrameShiftDrive", "SellItem":"$int_hyperdrive_size5_class1_name;", "SellItem_Localised":"FSD", "SellPrice":63012, "BuyItem":"$int_hyperdrive_size5_class5_name;", "BuyItem_Localised":"FSD", "BuyPrice":5103953, "Ship":"asp", "ShipID":7 }
{ "timestamp":"2017-01-23T03:51:28Z", "event":"Undocked", "StationName":"Carson Hub", "StationType":"Outpost" }
{ "timestamp":"2017-01-23T03:51:47Z", "event":"ReceiveText", "From":"Carson Hub", "Message":"$STATION_NoFireZone_exited;", "Message_Localised":"No fire zone left.", "Channel":"npc" }
{ "timestamp":"2017-01-23T03:54:04Z", "event":"FSDJump", "StarSystem":"Col 285 Sector EG-N c7-28", "StarPos":[125.938,-4.281,-49.406], "SystemAllegiance":"", "SystemEconomy":"$economy_None;", "SystemEconomy_Localised":"None", "SystemGovernment":"$government_None;", "SystemGovernment_Localised":"None", "SystemSecurity":"$SYSTEM_SECURITY_low;", "SystemSecurity_Localised":"Low Security", "JumpDist":5.246, "FuelUsed":0.084515, "FuelLevel":31.915485 }
{ "timestamp":"2017-01-23T03:56:42Z", "event":"FuelScoop", "Scooped":0.084515, "Total":32.000000 }
{ "timestamp":"2017-01-23T03:57:22Z", "event":"FSDJump", "StarSystem":"Vulganji", "StarPos":[117.875,-12.563,-73.063], "SystemAllegiance":"Independent", "SystemEconomy":"$economy_Industrial;", "SystemEconomy_Localised":"Industrial", "SystemGovernment":"$government_Democracy;", "SystemGovernment_Localised":"Democracy", "SystemSecurity":"$SYSTEM_SECURITY_medium;", "SystemSecurity_Localised":"Medium Security", "JumpDist":26.329, "FuelUsed":4.399096, "FuelLevel":27.600903, "SystemFaction":"Revolutionary Vulganji Liberals" }
{ "timestamp":"2017-01-23T03:57:52Z", "event":"FuelScoop", "Scooped":4.227926, "Total":31.828829 }
{ "timestamp":"2017-01-23T03:58:29Z", "event":"FSDJump", "StarSystem":"Hyades Sector PT-V a17-3", "StarPos":[106.313,-29.438,-91.094], "SystemAllegiance":"", "SystemEconomy":"$economy_None;", "SystemEconomy_Localised":"None", "SystemGovernment":"$government_None;", "SystemGovernment_Localised":"None", "SystemSecurity":"$SYSTEM_SECURITY_low;", "SystemSecurity_Localised":"Low Security", "JumpDist":27.269, "FuelUsed":4.789834, "FuelLevel":27.038994 }
{ "timestamp":"2017-01-23T03:59:24Z", "event":"FSDJump", "StarSystem":"Hyades Sector CB-B a15-3", "StarPos":[95.750,-31.813,-115.750], "SystemAllegiance":"", "SystemEconomy":"$economy_None;", "SystemEconomy_Localised":"None", "SystemGovernment":"$government_None;", "SystemGovernment_Localised":"None", "SystemSecurity":"$SYSTEM_SECURITY_low;", "SystemSecurity_Localised":"Low Security", "JumpDist":26.928, "FuelUsed":4.522882, "FuelLevel":22.516113 }
{ "timestamp":"2017-01-23T03:59:32Z", "event":"SupercruiseExit", "StarSystem":"Hyades Sector CB-B a15-3", "Body":"Hyades Sector CB-B a15-3", "BodyType":"Star" }
{ "timestamp":"2017-01-23T04:00:12Z", "event":"ReceiveText", "From":"$ShipName_Police_Independent;", "From_Localised":"System Authority Vessel", "Message":"$Police_AnnounceStopAndSearch07;", "Message_Localised":"Authority scan started.", "Channel":"npc" }
{ "timestamp":"2017-01-23T04:00:23Z", "event":"ReceiveText", "From":"$ShipName_Police_Independent;", "From_Localised":"System Authority Vessel", "Message":"$Police_ThankYouPassedStopAndSearch01;", "Message_Localised":"Thank you for your cooperation, Commander.", "Channel":"npc" }
{ "timestamp":"2017-01-23T04:00:31Z", "event":"HeatWarning" }
{ "timestamp":"2017-01-23T04:01:06Z", "event":"FSDJump", "StarSystem":"Hyades Sector YP-C a14-2", "StarPos":[78.656,-42.250,-132.875], "SystemAllegiance":"", "SystemEconomy":"$economy_None;", "SystemEconomy_Localised":"None", "SystemGovernment":"$government_None;", "SystemGovernment_Localised":"None", "SystemSecurity":"$SYSTEM_SECURITY_low;", "SystemSecurity_Localised":"Low Security", "JumpDist":26.352, "FuelUsed":4.181734, "FuelLevel":18.334379 }
{ "timestamp":"2017-01-23T04:01:06Z", "event":"HeatWarning" }
{ "timestamp":"2017-01-23T04:02:01Z", "event":"FSDJump", "StarSystem":"Hyades Sector GW-W d1-70", "StarPos":[58.313,-54.375,-144.625], "SystemAllegiance":"", "SystemEconomy":"$economy_None;", "SystemEconomy_Localised":"None", "SystemGovernment":"$government_None;", "SystemGovernment_Localised":"None", "SystemSecurity":"$SYSTEM_SECURITY_low;", "SystemSecurity_Localised":"Low Security", "JumpDist":26.438, "FuelUsed":4.116575, "FuelLevel":14.217804 }
{ "timestamp":"2017-01-23T04:03:17Z", "event":"FuelScoop", "Scooped":17.782196, "Total":32.000000 }
{ "timestamp":"2017-01-23T04:03:53Z", "event":"FSDJump", "StarSystem":"HIP 23277", "StarPos":[43.781,-65.750,-163.313], "SystemAllegiance":"Independent", "SystemEconomy":"$economy_Industrial;", "SystemEconomy_Localised":"Industrial", "SystemGovernment":"$government_Democracy;", "SystemGovernment_Localised":"Democracy", "SystemSecurity":"$SYSTEM_SECURITY_medium;", "SystemSecurity_Localised":"Medium Security", "JumpDist":26.263, "FuelUsed":4.372759, "FuelLevel":27.627241, "SystemFaction":"HIP 23277 Democrats", "FactionState":"Boom" }
{ "timestamp":"2017-01-23T04:04:16Z", "event":"HeatWarning" }
{ "timestamp":"2017-01-23T04:04:29Z", "event":"FuelScoop", "Scooped":0.629553, "Total":28.256794 }
{ "timestamp":"2017-01-23T04:05:27Z", "event":"FSDJump", "StarSystem":"Hyades Sector RI-S b4-0", "StarPos":[37.063,-82.875,-179.719], "SystemAllegiance":"", "SystemEconomy":"$economy_None;", "SystemEconomy_Localised":"None", "SystemGovernment":"$government_None;", "SystemGovernment_Localised":"None", "SystemSecurity":"$SYSTEM_SECURITY_low;", "SystemSecurity_Localised":"Low Security", "JumpDist":24.649, "FuelUsed":3.743206, "FuelLevel":28.256794 }
{ "timestamp":"2017-01-23T04:05:27Z", "event":"HeatWarning" }
{ "timestamp":"2017-01-23T04:06:09Z", "event":"HeatWarning" }
{ "timestamp":"2017-01-23T04:06:18Z", "event":"FuelScoop", "Scooped":0.043756, "Total":28.300550 }
{ "timestamp":"2017-01-23T04:06:48Z", "event":"FSDJump", "StarSystem":"Hyades Sector GB-X c1-16", "StarPos":[21.375,-94.781,-194.344], "SystemAllegiance":"", "SystemEconomy":"$economy_None;", "SystemEconomy_Localised":"None", "SystemGovernment":"$government_None;", "SystemGovernment_Localised":"None", "SystemSecurity":"$SYSTEM_SECURITY_low;", "SystemSecurity_Localised":"Low Security", "JumpDist":24.531, "FuelUsed":3.699450, "FuelLevel":28.300550 }
{ "timestamp":"2017-01-23T04:06:48Z", "event":"HeatWarning" }
{ "timestamp":"2017-01-23T04:07:42Z", "event":"FuelScoop", "Scooped":3.699450, "Total":32.000000 }
{ "timestamp":"2017-01-23T04:08:15Z", "event":"FSDJump", "StarSystem":"Hyades Sector HW-W c1-10", "StarPos":[3.469,-109.719,-208.781], "SystemAllegiance":"", "SystemEconomy":"$economy_None;", "SystemEconomy_Localised":"None", "SystemGovernment":"$government_None;", "SystemGovernment_Localised":"None", "SystemSecurity":"$SYSTEM_SECURITY_low;", "SystemSecurity_Localised":"Low Security", "JumpDist":27.426, "FuelUsed":4.862396, "FuelLevel":27.137604 }
{ "timestamp":"2017-01-23T04:09:15Z", "event":"HeatWarning" }
{ "timestamp":"2017-01-23T04:09:23Z", "event":"FuelScoop", "Scooped":0.003471, "Total":27.141075 }
{ "timestamp":"2017-01-23T04:09:51Z", "event":"FSDJump", "StarSystem":"Hyades Sector DL-Y d84", "StarPos":[-8.500,-114.563,-232.969], "SystemAllegiance":"", "SystemEconomy":"$economy_None;", "SystemEconomy_Localised":"None", "SystemGovernment":"$government_None;", "SystemGovernment_Localised":"None", "SystemSecurity":"$SYSTEM_SECURITY_low;", "SystemSecurity_Localised":"Low Security", "JumpDist":27.418, "FuelUsed":4.858925, "FuelLevel":27.141075 }
{ "timestamp":"2017-01-23T04:11:20Z", "event":"FuelScoop", "Scooped":4.858925, "Total":32.000000 }
{ "timestamp":"2017-01-23T04:12:09Z", "event":"FSDJump", "StarSystem":"Hyades Sector CA-Z b3", "StarPos":[-12.875,-115.438,-259.313], "SystemAllegiance":"", "SystemEconomy":"$economy_None;", "SystemEconomy_Localised":"None", "SystemGovernment":"$government_None;", "SystemGovernment_Localised":"None", "SystemSecurity":"$SYSTEM_SECURITY_low;", "SystemSecurity_Localised":"Low Security", "JumpDist":26.719, "FuelUsed":4.560517, "FuelLevel":27.439484 }
{ "timestamp":"2017-01-23T04:13:00Z", "event":"FSDJump", "StarSystem":"Pleiades Sector NN-T c3-11", "StarPos":[-32.063,-120.219,-277.313], "SystemAllegiance":"", "SystemEconomy":"$economy_None;", "SystemEconomy_Localised":"None", "SystemGovernment":"$government_None;", "SystemGovernment_Localised":"None", "SystemSecurity":"$SYSTEM_SECURITY_low;", "SystemSecurity_Localised":"Low Security", "JumpDist":26.740, "FuelUsed":4.455642, "FuelLevel":22.983841 }
{ "timestamp":"2017-01-23T04:14:12Z", "event":"FuelScoop", "Scooped":9.016159, "Total":32.000000 }
{ "timestamp":"2017-01-23T04:14:49Z", "event":"FSDJump", "StarSystem":"Pleiades Sector NN-T c3-4", "StarPos":[-44.656,-124.781,-299.156], "SystemAllegiance":"", "SystemEconomy":"$economy_None;", "SystemEconomy_Localised":"None", "SystemGovernment":"$government_None;", "SystemGovernment_Localised":"None", "SystemSecurity":"$SYSTEM_SECURITY_low;", "SystemSecurity_Localised":"Low Security", "JumpDist":25.624, "FuelUsed":4.116286, "FuelLevel":27.883713 }
{ "timestamp":"2017-01-23T04:15:33Z", "event":"FuelScoop", "Scooped":4.116287, "Total":32.000000 }
{ "timestamp":"2017-01-23T04:15:55Z", "event":"FSDJump", "StarSystem":"Pleiades Sector RO-Q b5-2", "StarPos":[-67.031,-136.563,-308.094], "SystemAllegiance":"", "SystemEconomy":"$economy_None;", "SystemEconomy_Localised":"None", "SystemGovernment":"$government_None;", "SystemGovernment_Localised":"None", "SystemSecurity":"$SYSTEM_SECURITY_low;", "SystemSecurity_Localised":"Low Security", "JumpDist":26.820, "FuelUsed":4.603091, "FuelLevel":27.396910 }
{ "timestamp":"2017-01-23T04:16:47Z", "event":"FuelScoop", "Scooped":1.396605, "Total":28.793514 }
{ "timestamp":"2017-01-23T04:19:17Z", "event":"FSDJump", "StarSystem":"Pleiades Sector IH-V c2-9", "StarPos":[-72.563,-141.969,-326.281], "SystemAllegiance":"", "SystemEconomy":"$economy_None;", "SystemEconomy_Localised":"None", "SystemGovernment":"$government_None;", "SystemGovernment_Localised":"None", "SystemSecurity":"$SYSTEM_SECURITY_low;", "SystemSecurity_Localised":"Low Security", "JumpDist":19.764, "FuelUsed":2.129093, "FuelLevel":26.664421 }
{ "timestamp":"2017-01-23T04:20:57Z", "event":"FSDJump", "StarSystem":"Maia", "StarPos":[-81.781,-149.438,-343.375], "SystemAllegiance":"Independent", "SystemEconomy":"$economy_Refinery;", "SystemEconomy_Localised":"Refinery", "SystemGovernment":"$government_Anarchy;", "SystemGovernment_Localised":"Anarchy", "SystemSecurity":"$GAlAXY_MAP_INFO_state_anarchy;", "SystemSecurity_Localised":"Anarchy", "JumpDist":20.808, "FuelUsed":2.399635, "FuelLevel":23.634787, "SystemFaction":"The Ant Hill Mob", "FactionState":"Boom" }
{ "timestamp":"2017-01-23T04:21:52Z", "event":"FuelScoop", "Scooped":0.711634, "Total":24.346420 }
{ "timestamp":"2017-01-23T04:23:39Z", "event":"ReceiveText", "From":"$npc_name_decorate:#name=Wolf WellDone;", "From_Localised":"Wolf WellDone", "Message":"$Pirate_StartInterdiction03;", "Message_Localised":"I have you now!", "Channel":"npc" }
{ "timestamp":"2017-01-23T04:24:05Z", "event":"EscapeInterdiction", "Interdictor":"Wolf WellDone", "IsPlayer":false }
{ "timestamp":"2017-01-23T04:26:17Z", "event":"SupercruiseExit", "StarSystem":"Maia", "Body":"Obsidian Orbital", "BodyType":"Station" }
{ "timestamp":"2017-01-23T04:26:34Z", "event":"DockingRequested", "StationName":"Obsidian Orbital" }
{ "timestamp":"2017-01-23T04:26:34Z", "event":"ReceiveText", "From":"Obsidian Orbital", "Message":"$DockingChatter_Neutral;", "Message_Localised":"Ensure to observe starport protocol during your visit, pilot.", "Channel":"npc" }
{ "timestamp":"2017-01-23T04:26:36Z", "event":"ReceiveText", "From":"Obsidian Orbital", "Message":"$STATION_docking_granted;", "Message_Localised":"Docking request granted.", "Channel":"npc" }
{ "timestamp":"2017-01-23T04:26:36Z", "event":"DockingGranted", "LandingPad":15, "StationName":"Obsidian Orbital" }
{ "timestamp":"2017-01-23T04:26:43Z", "event":"ReceiveText", "From":"Obsidian Orbital", "Message":"$STATION_NoFireZone_entered;", "Message_Localised":"No fire zone entered.", "Channel":"npc" }
{ "timestamp":"2017-01-23T04:28:05Z", "event":"Docked", "StationName":"Obsidian Orbital", "StationType":"Bernal", "StarSystem":"Maia", "StationFaction":"The Ant Hill Mob", "FactionState":"Boom", "StationGovernment":"$government_Anarchy;", "StationGovernment_Localised":"Anarchy", "StationEconomy":"$economy_Service;", "StationEconomy_Localised":"Service" }
{ "timestamp":"2017-01-23T04:37:41Z", "event":"ReceiveText", "From":"$npc_name_decorate:#name=Paine Pleasure Cruises;", "From_Localised":"Paine Pleasure Cruises", "Message":"$Commuter_HostileScan04;", "Message_Localised":"This is not the trading ship you are looking for.", "Channel":"npc" }
{ "timestamp":"2017-01-23T05:27:11Z", "event":"ReceiveText", "From":"$npc_name_decorate:#name=Paine Pleasure Cruises;", "From_Localised":"Paine Pleasure Cruises", "Message":"$Commuter_HostileScan03;", "Message_Localised":"We have no valuable cargo onboard, please halt your scan.", "Channel":"npc" }
{ "timestamp":"2017-01-23T05:30:13Z", "event":"ReceiveText", "From":"$npc_name_decorate:#name=DG Space Tours;", "From_Localised":"DG Space Tours", "Message":"$Commuter_HostileScan01;", "Message_Localised":"Please cease your unauthorised scan immediately.", "Channel":"npc" }
{ "timestamp":"2017-01-23T05:33:12Z", "event":"ReceiveText", "From":"$npc_name_decorate:#name=Soron Skalde;", "From_Localised":"Soron Skalde", "Message":"$MisfortuneCriticalDamage03;", "Message_Localised":"My ship!", "Channel":"npc" }
{ "timestamp":"2017-01-23T06:20:52Z", "event":"ReceiveText", "From":"$npc_name_decorate:#name=Beautiful Corner Tours;", "From_Localised":"Beautiful Corner Tours", "Message":"$Commuter_HostileScan04;", "Message_Localised":"This is not the trading ship you are looking for.", "Channel":"npc" }
{ "timestamp":"2017-01-23T06:22:53Z", "event":"ReceiveText", "From":"$npc_name_decorate:#name=DG Space Tours;", "From_Localised":"DG Space Tours", "Message":"$Commuter_HostileScan05;", "Message_Localised":"Your ship's ID has been logged, any active hostilities will result in criminal charges being brought against you.", "Channel":"npc" }
{ "timestamp":"2017-01-24T03:35:26Z", "event":"LoadGame", "Commander":"Kith000", "Ship":"Asp", "ShipID":7, "GameMode":"Group", "Group":"MOBIUS PVE", "Credits":44262143, "Loan":0 }
{ "timestamp":"2017-01-24T03:35:26Z", "event":"Rank", "Combat":5, "Trade":4, "Explore":2, "Empire":0, "Federation":2, "CQC":0 }
{ "timestamp":"2017-01-24T03:35:26Z", "event":"Progress", "Combat":11, "Trade":57, "Explore":16, "Empire":100, "Federation":83, "CQC":40 }
{ "timestamp":"2017-01-24T03:35:47Z", "event":"Location", "Docked":true, "StationName":"Obsidian Orbital", "StationType":"Bernal", "StarSystem":"Maia", "StarPos":[-81.781,-149.438,-343.375], "SystemAllegiance":"Independent", "SystemEconomy":"$economy_Refinery;", "SystemEconomy_Localised":"Refinery", "SystemGovernment":"$government_Anarchy;", "SystemGovernment_Localised":"Anarchy", "SystemSecurity":"$GAlAXY_MAP_INFO_state_anarchy;", "SystemSecurity_Localised":"Anarchy", "Body":"Obsidian Orbital", "BodyType":"Station", "SystemFaction":"The Ant Hill Mob", "FactionState":"CivilWar" }
{ "timestamp":"2017-01-24T03:35:48Z", "event":"Docked", "StationName":"Obsidian Orbital", "StationType":"Bernal", "StarSystem":"Maia", "StationFaction":"The Ant Hill Mob", "FactionState":"CivilWar", "StationGovernment":"$government_Anarchy;", "StationGovernment_Localised":"Anarchy", "StationEconomy":"$economy_Service;", "StationEconomy_Localised":"Service" }
{ "timestamp":"2017-01-24T03:37:32Z", "event":"ReceiveText", "From":"$npc_name_decorate:#name=DG Space Tours;", "From_Localised":"DG Space Tours", "Message":"$Commuter_HostileScan01;", "Message_Localised":"Please cease your unauthorised scan immediately.", "Channel":"npc" }
{ "timestamp":"2017-01-24T03:40:39Z", "event":"ReceiveText", "From":"$npc_name_decorate:#name=Paine Pleasure Cruises;", "From_Localised":"Paine Pleasure Cruises", "Message":"$Commuter_HostileScan05;", "Message_Localised":"Your ship's ID has been logged, any active hostilities will result in criminal charges being brought against you.", "Channel":"npc" }
{ "timestamp":"2017-01-24T03:41:48Z", "event":"ReceiveText", "From":"$npc_name_decorate:#name=Arnoldicus Hollandia;", "From_Localised":"Arnoldicus Hollandia", "Message":"$Commuter_HostileScan03;", "Message_Localised":"We have no valuable cargo onboard, please halt your scan.", "Channel":"npc" }
{ "timestamp":"2017-01-24T03:43:12Z", "event":"ReceiveText", "From":"$npc_name_decorate:#name=Torren;", "From_Localised":"Torren", "Message":"$Commuter_HostileScan02;", "Message_Localised":"It is an offence to scan this vessel unless you are an authorised member of system security.", "Channel":"npc" }
{ "timestamp":"2017-01-24T03:51:29Z", "event":"ReceiveText", "From":"$npc_name_decorate:#name=Beautiful Corner Tours;", "From_Localised":"Beautiful Corner Tours", "Message":"$Commuter_HostileScan04;", "Message_Localised":"This is not the trading ship you are looking for.", "Channel":"npc" }
{ "timestamp":"2017-01-24T03:52:46Z", "event":"ReceiveText", "From":"$npc_name_decorate:#name=Tristam MacDonald;", "From_Localised":"Tristam MacDonald", "Message":"$Commuter_HostileScan02;", "Message_Localised":"It is an offence to scan this vessel unless you are an authorised member of system security.", "Channel":"npc" }
{ "timestamp":"2017-01-24T03:57:02Z", "event":"RefuelAll", "Cost":391, "Amount":7.807451 }
{ "timestamp":"2017-01-24T03:57:02Z", "event":"ReceiveText", "From":"$npc_name_decorate:#name=ABW Galactic Travel Agency;", "From_Localised":"ABW Galactic Travel Agency", "Message":"$Commuter_HostileScan05;", "Message_Localised":"Your ship's ID has been logged, any active hostilities will result in criminal charges being brought against you.", "Channel":"npc" }
{ "timestamp":"2017-01-24T03:57:11Z", "event":"RepairAll", "Cost":2064 }
{ "timestamp":"2017-01-24T03:57:34Z", "event":"Undocked", "StationName":"Obsidian Orbital", "StationType":"Bernal" }
{ "timestamp":"2017-01-24T03:58:27Z", "event":"ReceiveText", "From":"$npc_name_decorate:#name=Frankie Lula;", "From_Localised":"Frankie Lula", "Message":"$Commuter_HostileScan02;", "Message_Localised":"It is an offence to scan this vessel unless you are an authorised member of system security.", "Channel":"npc" }
{ "timestamp":"2017-01-24T03:58:50Z", "event":"ReceiveText", "From":"Obsidian Orbital", "Message":"$STATION_NoFireZone_exited;", "Message_Localised":"No fire zone left.", "Channel":"npc" }
{ "timestamp":"2017-01-24T03:59:32Z", "event":"SupercruiseEntry", "StarSystem":"Maia" }
{ "timestamp":"2017-01-24T04:02:42Z", "event":"ReceiveText", "From":"$npc_name_decorate:#name=Chartreuse;", "From_Localised":"Chartreuse", "Message":"$Pirate_StartInterdiction05;", "Message_Localised":"You have something that I want.", "Channel":"npc" }
{ "timestamp":"2017-01-24T04:03:37Z", "event":"EscapeInterdiction", "Interdictor":"Chartreuse", "IsPlayer":false }
