{ "timestamp":"2017-04-24T04:16:31Z", "event":"Fileheader", "part":1, "language":"English\\UK", "gameversion":"2.3", "build":"r141964/r0 " }
{ "timestamp":"2017-04-24T04:18:38Z", "event":"Cargo", "Inventory":[ { "Name":"articulationmotors", "Count":4 } ] }
{ "timestamp":"2017-04-24T04:18:38Z", "event":"Loadout", "Ship":"Vulture", "ShipID":3, "ShipName":"SS Minnow Johnson", "ShipIdent":"CR-1", "Modules":[ { "Slot":"LargeHardpoint1", "Item":"Hpt_PulseLaser_Gimbal_Large", "On":true, "Priority":0, "Health":0.976563, "Value":140600 }, { "Slot":"LargeHardpoint2", "Item":"Hpt_PulseLaser_Gimbal_Large", "On":true, "Priority":0, "Health":0.968750, "Value":140600 }, { "Slot":"TinyHardpoint1", "Item":"Hpt_ShieldBooster_Size0_Class5", "On":true, "Priority":0, "Health":0.958333, "Value":281000 }, { "Slot":"TinyHardpoint2", "Item":"Hpt_ShieldBooster_Size0_Class5", "On":true, "Priority":0, "Health":0.989583, "Value":281000 }, { "Slot":"TinyHardpoint3", "Item":"Hpt_ChaffLauncher_Tiny", "On":true, "Priority":0, "AmmoInClip":1, "AmmoInHopper":6, "Health":0.975000, "Value":8500 }, { "Slot":"TinyHardpoint4", "Item":"Hpt_ChaffLauncher_Tiny", "On":true, "Priority":0, "AmmoInClip":1, "AmmoInHopper":6, "Health":0.850000, "Value":8500 }, { "Slot":"Armour", "Item":"Vulture_Armour_Grade1", "On":true, "Priority":1, "Health":1.000000, "Value":0 }, { "Slot":"PaintJob", "Item":"PaintJob_Vulture_Tactical_White", "On":true, "Priority":1, "Health":1.000000, "Value":0 }, { "Slot":"PowerPlant", "Item":"Int_Powerplant_Size4_Class5", "On":true, "Priority":1, "Health":1.000000, "Value":1610080, "EngineerBlueprint":"PowerPlant_Boosted", "EngineerLevel":1 }, { "Slot":"MainEngines", "Item":"Int_Engine_Size5_Class5", "On":true, "Priority":0, "Health":0.995283, "Value":5103953 }, { "Slot":"FrameShiftDrive", "Item":"Int_Hyperdrive_Size4_Class5", "On":true, "Priority":1, "Health":0.985000, "Value":1610080 }, { "Slot":"LifeSupport", "Item":"Int_LifeSupport_Size3_Class1", "On":true, "Priority":0, "Health":0.990196, "Value":4053 }, { "Slot":"PowerDistributor", "Item":"Int_PowerDistributor_Size5_Class5", "On":true, "Priority":0, "Health":0.978245, "Value":1241317, "EngineerBlueprint":"PowerDistributor_HighFrequency", "EngineerLevel":1 }, { "Slot":"Radar", "Item":"Int_Sensors_Size4_Class5", "On":true, "Priority":0, "Health":0.988636, "Value":443328 }, { "Slot":"FuelTank", "Item":"Int_FuelTank_Size3_Class3", "On":true, "Priority":1, "Health":1.000000, "Value":7063 }, { "Slot":"Slot01_Size5", "Item":"Int_ShieldGenerator_Size5_Class3_Fast", "On":true, "Priority":0, "Health":0.973958, "Value":850659 }, { "Slot":"Slot02_Size4", "Item":"Int_ShieldCellBank_Size4_Class4", "On":true, "Priority":0, "AmmoInClip":1, "AmmoInHopper":2, "Health":0.982143, "Value":177331 }, { "Slot":"Slot03_Size2", "Item":"Int_CargoRack_Size2_Class1", "On":true, "Priority":1, "Health":1.000000, "Value":3250 }, { "Slot":"Slot05_Size1", "Item":"Int_FuelScoop_Size1_Class4", "On":true, "Priority":1, "Health":0.973214, "Value":20568 }, { "Slot":"Slot06_Size1", "Item":"Int_StellarBodyDiscoveryScanner_Standard", "On":true, "Priority":1, "Health":0.937500, "Value":1000 }, { "Slot":"Military01", "Item":"Int_HullReinforcement_Size4_Class2", "On":true, "Priority":1, "Health":1.000000, "Value":195000 }, { "Slot":"ShipName0", "Item":"Nameplate_Practical01_Black", "On":true, "Priority":1, "Health":1.000000, "Value":0 }, { "Slot":"ShipName1", "Item":"Nameplate_ShipID_DoubleLine_Black", "On":true, "Priority":1, "Health":1.000000, "Value":0 }, { "Slot":"PlanetaryApproachSuite", "Item":"Int_PlanetApproachSuite", "On":true, "Priority":1, "Health":1.000000, "Value":500 }, { "Slot":"ShipKitSpoiler", "Item":"Vulture_Shipkit1_Spoiler3", "On":true, "Priority":1, "Health":1.000000, "Value":0 }, { "Slot":"ShipKitWings", "Item":"Vulture_Shipkit1_Wings1", "On":true, "Priority":1, "Health":1.000000, "Value":0 }, { "Slot":"ShipKitTail", "Item":"Vulture_Shipkit1_Tail3", "On":true, "Priority":1, "Health":1.000000, "Value":0 }, { "Slot":"ShipKitBumper", "Item":"Vulture_Shipkit1_Bumper4", "On":true, "Priority":1, "Health":1.000000, "Value":0 }, { "Slot":"ShipCockpit", "Item":"Vulture_Cockpit", "On":true, "Priority":1, "Health":1.000000, "Value":0 }, { "Slot":"CargoHatch", "Item":"ModularCargoBayDoor", "On":true, "Priority":1, "Health":0.975000, "Value":0 } ] }
{ "timestamp":"2017-04-24T04:18:38Z", "event":"Materials", "Raw":[ { "Name":"iron", "Count":8 }, { "Name":"sulphur", "Count":41 }, { "Name":"phosphorus", "Count":30 }, { "Name":"manganese", "Count":12 }, { "Name":"nickel", "Count":11 }, { "Name":"carbon", "Count":11 }, { "Name":"cadmium", "Count":12 }, { "Name":"germanium", "Count":3 }, { "Name":"tungsten", "Count":3 }, { "Name":"arsenic", "Count":3 }, { "Name":"zinc", "Count":6 }, { "Name":"selenium", "Count":12 }, { "Name":"vanadium", "Count":3 }, { "Name":"antimony", "Count":3 } ], "Manufactured":[ { "Name":"hybridcapacitors", "Count":1 }, { "Name":"focuscrystals", "Count":1 }, { "Name":"salvagedalloys", "Count":1 }, { "Name":"shieldemitters", "Count":5 }, { "Name":"galvanisingalloys", "Count":4 }, { "Name":"phasealloys", "Count":10 }, { "Name":"highdensitycomposites", "Count":6 }, { "Name":"compoundshielding", "Count":6 }, { "Name":"refinedfocuscrystals", "Count":2 }, { "Name":"conductivecomponents", "Count":4 }, { "Name":"heatresistantceramics", "Count":1 }, { "Name":"precipitatedalloys", "Count":3 }, { "Name":"wornshieldemitters", "Count":3 }, { "Name":"shieldingsensors", "Count":3 }, { "Name":"thermicalloys", "Count":2 }, { "Name":"mechanicalequipment", "Count":1 } ], "Encoded":[ { "Name":"shieldcyclerecordings", "Count":66 }, { "Name":"emissiondata", "Count":31 }, { "Name":"encodedscandata", "Count":6 }, { "Name":"decodedemissiondata", "Count":87 }, { "Name":"shieldsoakanalysis", "Count":27 }, { "Name":"scandatabanks", "Count":33 }, { "Name":"bulkscandata", "Count":16 }, { "Name":"archivedemissiondata", "Count":2 }, { "Name":"shielddensityreports", "Count":57 }, { "Name":"shieldpatternanalysis", "Count":44 }, { "Name":"compactemissionsdata", "Count":5 }, { "Name":"shieldfrequencydata", "Count":3 }, { "Name":"consumerfirmware", "Count":1 }, { "Name":"hyperspacetrajectories", "Count":1 }, { "Name":"scrambledemissiondata", "Count":1 }, { "Name":"scanarchives", "Count":20 }, { "Name":"classifiedscandata", "Count":4 }, { "Name":"disruptedwakeechoes", "Count":3 }, { "Name":"securityfirmware", "Count":1 }, { "Name":"encryptionarchives", "Count":3 } ] }
{ "timestamp":"2017-04-24T04:18:38Z", "event":"LoadGame", "Commander":"Kith000", "Ship":"Vulture", "ShipID":3, "ShipName":"SS Minnow Johnson", "ShipIdent":"CR-1", "FuelLevel":8.000000, "FuelCapacity":8.000000, "GameMode":"Group", "Group":"MOBIUS PVE", "Credits":67835886, "Loan":0 }
{ "timestamp":"2017-04-24T04:18:38Z", "event":"Rank", "Combat":5, "Trade":4, "Explore":2, "Empire":1, "Federation":2, "CQC":0 }
{ "timestamp":"2017-04-24T04:18:38Z", "event":"Progress", "Combat":39, "Trade":72, "Explore":21, "Empire":23, "Federation":83, "CQC":40 }
{ "timestamp":"2017-04-24T04:18:47Z", "event":"Location", "Docked":false, "StarSystem":"Cherets", "StarPos":[-65.938,35.531,-68.719], "SystemAllegiance":"Federation", "SystemEconomy":"$economy_Agri;", "SystemEconomy_Localised":"Agriculture", "SystemGovernment":"$government_Democracy;", "SystemGovernment_Localised":"Democracy", "SystemSecurity":"$SYSTEM_SECURITY_high;", "SystemSecurity_Localised":"High Security", "Body":"Cherets A 7", "BodyType":"Planet", "Factions":[ { "Name":"Independent Cherets Labour", "FactionState":"CivilWar", "Government":"Democracy", "Influence":0.372627, "Allegiance":"Federation" }, { "Name":"Ogowenk Shrine", "FactionState":"None", "Government":"Theocracy", "Influence":0.060939, "Allegiance":"Independent" }, { "Name":"Tones Confederacy", "FactionState":"Boom", "Government":"Confederacy", "Influence":0.169830, "Allegiance":"Independent" }, { "Name":"Cherets Creative Corp.", "FactionState":"Boom", "Government":"Corporate", "Influence":0.112887, "Allegiance":"Independent" }, { "Name":"Traditional Cherets Front", "FactionState":"None", "Government":"Dictatorship", "Influence":0.077922, "Allegiance":"Independent" }, { "Name":"Cherets Company", "FactionState":"CivilWar", "Government":"Corporate", "Influence":0.145854, "Allegiance":"Independent" }, { "Name":"Cherets Crimson Clan", "FactionState":"None", "Government":"Anarchy", "Influence":0.059940, "Allegiance":"Independent" } ], "SystemFaction":"Independent Cherets Labour", "FactionState":"CivilWar" }
{ "timestamp":"2017-04-24T04:19:44Z", "event":"StartJump", "JumpType":"Supercruise" }
{ "timestamp":"2017-04-24T04:19:49Z", "event":"SupercruiseEntry", "StarSystem":"Cherets" }
{ "timestamp":"2017-04-24T04:20:24Z", "event":"SupercruiseExit", "StarSystem":"Cherets", "Body":"Buckey Hub", "BodyType":"Station" }
{ "timestamp":"2017-04-24T04:20:35Z", "event":"DockingRequested", "StationName":"Buckey Hub" }
{ "timestamp":"2017-04-24T04:20:35Z", "event":"ReceiveText", "From":"Buckey Hub", "Message":"$DockingChatter_Neutral;", "Message_Localised":"Ensure to observe starport protocol during your visit, pilot.", "Channel":"npc" }
{ "timestamp":"2017-04-24T04:20:37Z", "event":"ReceiveText", "From":"Buckey Hub", "Message":"$STATION_docking_granted;", "Message_Localised":"Docking request granted.", "Channel":"npc" }
{ "timestamp":"2017-04-24T04:20:37Z", "event":"DockingGranted", "LandingPad":1, "StationName":"Buckey Hub" }
{ "timestamp":"2017-04-24T04:20:44Z", "event":"ReceiveText", "From":"Buckey Hub", "Message":"$STATION_NoFireZone_entered;", "Message_Localised":"No fire zone entered.", "Channel":"npc" }
{ "timestamp":"2017-04-24T04:21:35Z", "event":"Docked", "StationName":"Buckey Hub", "StationType":"Coriolis", "StarSystem":"Cherets", "StationFaction":"Independent Cherets Labour", "FactionState":"CivilWar", "StationGovernment":"$government_Democracy;", "StationGovernment_Localised":"Democracy", "StationAllegiance":"Federation", "StationEconomy":"$economy_Agri;", "StationEconomy_Localised":"Agriculture", "DistFromStarLS":108.714775 }
{ "timestamp":"2017-04-24T04:22:00Z", "event":"BuyAmmo", "Cost":1400 }
{ "timestamp":"2017-04-24T04:22:01Z", "event":"RepairAll", "Cost":1314 }
{ "timestamp":"2017-04-24T04:22:03Z", "event":"RefuelAll", "Cost":31, "Amount":0.602939 }
{ "timestamp":"2017-04-24T04:22:15Z", "event":"MissionCompleted", "Faction":"Cherets Company", "Name":"Mission_Massacre_Conflict_War_name", "MissionID":128044265, "TargetFaction":"Independent Cherets Labour", "KillCount":36, "DestinationSystem":"Cherets", "DestinationStation":"Buckey Hub", "Reward":4010930, "CommodityReward":[ { "Name":"CoolingHoses", "Count":0 } ] }
{ "timestamp":"2017-04-24T04:22:36Z", "event":"MissionAccepted", "Faction":"Cherets Company", "Name":"Mission_Massacre_Conflict_War", "TargetFaction":"Independent Cherets Labour", "KillCount":12, "DestinationSystem":"Cherets", "DestinationStation":"Buckey Hub", "Expiry":"2017-04-25T01:24:44Z", "Influence":"High", "Reputation":"Med", "MissionID":128313677 }
{ "timestamp":"2017-04-24T04:22:41Z", "event":"MissionAccepted", "Faction":"Cherets Company", "Name":"Mission_Massacre_Conflict_War", "TargetFaction":"Independent Cherets Labour", "KillCount":84, "DestinationSystem":"Cherets", "DestinationStation":"Buckey Hub", "Expiry":"2017-04-25T01:28:11Z", "Influence":"High", "Reputation":"Med", "MissionID":128313703 }
{ "timestamp":"2017-04-24T04:25:28Z", "event":"Undocked", "StationName":"Buckey Hub", "StationType":"Coriolis" }
{ "timestamp":"2017-04-24T04:25:51Z", "event":"ReceiveText", "From":"Buckey Hub", "Message":"$STATION_NoFireZone_exited;", "Message_Localised":"No fire zone left.", "Channel":"npc" }
{ "timestamp":"2017-04-24T04:26:13Z", "event":"StartJump", "JumpType":"Supercruise" }
{ "timestamp":"2017-04-24T04:26:18Z", "event":"SupercruiseEntry", "StarSystem":"Cherets" }
{ "timestamp":"2017-04-24T04:26:34Z", "event":"SupercruiseExit", "StarSystem":"Cherets", "Body":"Cherets A 7", "BodyType":"Planet" }
{ "timestamp":"2017-04-24T04:27:29Z", "event":"Bounty", "Target":"viper", "TotalReward":0, "VictimFaction":"Independent Cherets Labour" }
{ "timestamp":"2017-04-24T04:27:29Z", "event":"FactionKillBond", "Reward":23000, "AwardingFaction":"Cherets Company", "VictimFaction":"Independent Cherets Labour" }
{ "timestamp":"2017-04-24T04:27:42Z", "event":"Bounty", "Target":"type9", "TotalReward":0, "VictimFaction":"Independent Cherets Labour" }
{ "timestamp":"2017-04-24T04:27:42Z", "event":"FactionKillBond", "Reward":36800, "AwardingFaction":"Cherets Company", "VictimFaction":"Independent Cherets Labour" }
{ "timestamp":"2017-04-24T04:28:02Z", "event":"ReceiveText", "From":"$ShipName_Military_Federation;", "From_Localised":"Federal Navy Ship", "Message":"$Military_UnderFire04;", "Message_Localised":"Your ticket is about to get well and truly punched.", "Channel":"npc" }
{ "timestamp":"2017-04-24T04:28:12Z", "event":"ReceiveText", "From":"$ShipName_Military_Federation;", "From_Localised":"Federal Navy Ship", "Message":"$Military_UnderFire01;", "Message_Localised":"Bandit on my six...", "Channel":"npc" }
{ "timestamp":"2017-04-24T04:28:43Z", "event":"Bounty", "Target":"federation_dropship_mkii", "TotalReward":0, "VictimFaction":"Independent Cherets Labour" }
{ "timestamp":"2017-04-24T04:28:43Z", "event":"FactionKillBond", "Reward":50600, "AwardingFaction":"Cherets Company", "VictimFaction":"Independent Cherets Labour" }
{ "timestamp":"2017-04-24T04:29:52Z", "event":"Bounty", "Target":"viper_mkiv", "TotalReward":0, "VictimFaction":"Independent Cherets Labour" }
{ "timestamp":"2017-04-24T04:29:52Z", "event":"FactionKillBond", "Reward":23000, "AwardingFaction":"Cherets Company", "VictimFaction":"Independent Cherets Labour" }
{ "timestamp":"2017-04-24T04:30:27Z", "event":"ReceiveText", "From":"$ShipName_Military_Federation;", "From_Localised":"Federal Navy Ship", "Message":"$Military_UnderFire08;", "Message_Localised":"Enemy fire incoming!", "Channel":"npc" }
{ "timestamp":"2017-04-24T04:30:52Z", "event":"Bounty", "Target":"vulture", "TotalReward":0, "VictimFaction":"Independent Cherets Labour" }
{ "timestamp":"2017-04-24T04:30:52Z", "event":"FactionKillBond", "Reward":41400, "AwardingFaction":"Cherets Company", "VictimFaction":"Independent Cherets Labour" }
{ "timestamp":"2017-04-24T04:31:02Z", "event":"ReceiveText", "From":"$npc_name_decorate:#name=Joshua Longstaff;", "From_Localised":"Joshua Longstaff", "Message":"$Pirate_Arrival02;", "Message_Localised":"Prepare to pay up!", "Channel":"npc" }
{ "timestamp":"2017-04-24T04:31:02Z", "event":"ReceiveText", "From":"$npc_name_decorate:#name=Joshua Longstaff;", "From_Localised":"Joshua Longstaff", "Message":"$Pirate_ThreatenUnits01:#units=2;", "Message_Localised":"Give me 2t of cargo if you want to live.", "Channel":"npc" }
{ "timestamp":"2017-04-24T04:31:03Z", "event":"ReceiveText", "From":"$npc_name_decorate:#name=Joshua Longstaff;", "From_Localised":"Joshua Longstaff", "Message":"$Pirate_ThreatenTimer02:#seconds=10;", "Message_Localised":"I'll give you 10 seconds to jettison something good.", "Channel":"npc" }
{ "timestamp":"2017-04-24T04:31:06Z", "event":"ReceiveText", "From":"$npc_name_decorate:#name=Joshua Longstaff;", "From_Localised":"Joshua Longstaff", "Message":"$Pirate_OnTargetFleeing02;", "Message_Localised":"Get back here! I'm not done with you yet!", "Channel":"npc" }
{ "timestamp":"2017-04-24T04:31:23Z", "event":"ReceiveText", "From":"$ShipName_Military_Federation;", "From_Localised":"Federal Navy Ship", "Message":"$Military_UnderFire09;", "Message_Localised":"Allow me to show you the error of your ways.", "Channel":"npc" }
{ "timestamp":"2017-04-24T04:31:46Z", "event":"Bounty", "Target":"python", "TotalReward":0, "VictimFaction":"Independent Cherets Labour" }
{ "timestamp":"2017-04-24T04:31:46Z", "event":"FactionKillBond", "Reward":59800, "AwardingFaction":"Cherets Company", "VictimFaction":"Independent Cherets Labour" }
{ "timestamp":"2017-04-24T04:32:01Z", "event":"ReceiveText", "From":"$npc_name_decorate:#name=Joshua Longstaff;", "From_Localised":"Joshua Longstaff", "Message":"$BadKarmaCriticalDamage06;", "Message_Localised":"I hadn't expected this.", "Channel":"npc" }
{ "timestamp":"2017-04-24T04:32:43Z", "event":"ReceiveText", "From":"$ShipName_Military_Federation;", "From_Localised":"Federal Navy Ship", "Message":"$Military_UnderFire09;", "Message_Localised":"Allow me to show you the error of your ways.", "Channel":"npc" }
{ "timestamp":"2017-04-24T04:33:20Z", "event":"Bounty", "Target":"vulture", "TotalReward":0, "VictimFaction":"Independent Cherets Labour" }
{ "timestamp":"2017-04-24T04:33:20Z", "event":"FactionKillBond", "Reward":41400, "AwardingFaction":"Cherets Company", "VictimFaction":"Independent Cherets Labour" }
{ "timestamp":"2017-04-24T04:33:31Z", "event":"ReceiveText", "From":"$ShipName_Military_Federation;", "From_Localised":"Federal Navy Ship", "Message":"$Military_UnderFire03;", "Message_Localised":"Time to show you what a real pilot can do... ", "Channel":"npc" }
{ "timestamp":"2017-04-24T04:33:40Z", "event":"Bounty", "Target":"eagle", "TotalReward":0, "VictimFaction":"Independent Cherets Labour" }
{ "timestamp":"2017-04-24T04:33:40Z", "event":"FactionKillBond", "Reward":9200, "AwardingFaction":"Cherets Company", "VictimFaction":"Independent Cherets Labour" }
{ "timestamp":"2017-04-24T04:33:58Z", "event":"ReceiveText", "From":"$ShipName_Military_Federation;", "From_Localised":"Federal Navy Ship", "Message":"$Military_UnderFire07;", "Message_Localised":"You've just made a big mistake.", "Channel":"npc" }
{ "timestamp":"2017-04-24T04:33:59Z", "event":"MaterialCollected", "Category":"Encoded", "Name":"encodedscandata", "Count":3 }
{ "timestamp":"2017-04-24T04:34:33Z", "event":"Bounty", "Target":"vulture", "TotalReward":0, "VictimFaction":"Independent Cherets Labour" }
{ "timestamp":"2017-04-24T04:34:33Z", "event":"FactionKillBond", "Reward":41400, "AwardingFaction":"Cherets Company", "VictimFaction":"Independent Cherets Labour" }
{ "timestamp":"2017-04-24T04:35:50Z", "event":"HeatWarning" }
{ "timestamp":"2017-04-24T04:36:17Z", "event":"Bounty", "Target":"federation_dropship", "TotalReward":0, "VictimFaction":"Independent Cherets Labour" }
{ "timestamp":"2017-04-24T04:36:17Z", "event":"FactionKillBond", "Reward":50600, "AwardingFaction":"Cherets Company", "VictimFaction":"Independent Cherets Labour" }
{ "timestamp":"2017-04-24T04:36:48Z", "event":"MaterialCollected", "Category":"Encoded", "Name":"shieldcyclerecordings", "Count":3 }
{ "timestamp":"2017-04-24T04:36:54Z", "event":"MaterialCollected", "Category":"Encoded", "Name":"decodedemissiondata", "Count":3 }
{ "timestamp":"2017-04-24T04:37:18Z", "event":"Bounty", "Target":"cobramkiii", "TotalReward":0, "VictimFaction":"Independent Cherets Labour" }
{ "timestamp":"2017-04-24T04:37:18Z", "event":"FactionKillBond", "Reward":18400, "AwardingFaction":"Cherets Company", "VictimFaction":"Independent Cherets Labour" }
{ "timestamp":"2017-04-24T04:37:57Z", "event":"ReceiveText", "From":"$ShipName_Military_Federation;", "From_Localised":"Federal Navy Ship", "Message":"$Military_UnderFire02;", "Message_Localised":"You picked the wrong fight today, Commander.", "Channel":"npc" }
{ "timestamp":"2017-04-24T04:38:44Z", "event":"Bounty", "Target":"federation_gunship", "TotalReward":0, "VictimFaction":"Independent Cherets Labour" }
{ "timestamp":"2017-04-24T04:38:44Z", "event":"FactionKillBond", "Reward":50600, "AwardingFaction":"Cherets Company", "VictimFaction":"Independent Cherets Labour" }
{ "timestamp":"2017-04-24T04:38:49Z", "event":"ReceiveText", "From":"$ShipName_Military_Federation;", "From_Localised":"Federal Navy Ship", "Message":"$Military_UnderFire05;", "Message_Localised":"Incoming...", "Channel":"npc" }
{ "timestamp":"2017-04-24T04:38:51Z", "event":"MaterialCollected", "Category":"Encoded", "Name":"shieldcyclerecordings", "Count":3 }
{ "timestamp":"2017-04-24T04:39:43Z", "event":"Bounty", "Target":"federation_dropship", "TotalReward":0, "VictimFaction":"Independent Cherets Labour" }
{ "timestamp":"2017-04-24T04:39:43Z", "event":"FactionKillBond", "Reward":50600, "AwardingFaction":"Cherets Company", "VictimFaction":"Independent Cherets Labour" }
{ "timestamp":"2017-04-24T04:41:43Z", "event":"ReceiveText", "From":"$ShipName_Military_Federation;", "From_Localised":"Federal Navy Ship", "Message":"$Military_UnderFire01;", "Message_Localised":"Bandit on my six...", "Channel":"npc" }
{ "timestamp":"2017-04-24T04:42:20Z", "event":"ReceiveText", "From":"$ShipName_Military_Federation;", "From_Localised":"Federal Navy Ship", "Message":"$Military_UnderFire07;", "Message_Localised":"You've just made a big mistake.", "Channel":"npc" }
{ "timestamp":"2017-04-24T04:43:02Z", "event":"HeatWarning" }
{ "timestamp":"2017-04-24T04:43:03Z", "event":"ShieldState", "ShieldsUp":false }
{ "timestamp":"2017-04-24T04:43:59Z", "event":"ShieldState", "ShieldsUp":true }
{ "timestamp":"2017-04-24T04:44:05Z", "event":"Bounty", "Target":"federation_gunship", "TotalReward":0, "VictimFaction":"Independent Cherets Labour" }
{ "timestamp":"2017-04-24T04:44:05Z", "event":"FactionKillBond", "Reward":50600, "AwardingFaction":"Cherets Company", "VictimFaction":"Independent Cherets Labour" }
{ "timestamp":"2017-04-24T04:45:05Z", "event":"ReceiveText", "From":"$ShipName_Military_Federation;", "From_Localised":"Federal Navy Ship", "Message":"$Military_UnderFire03;", "Message_Localised":"Time to show you what a real pilot can do... ", "Channel":"npc" }
{ "timestamp":"2017-04-24T04:45:13Z", "event":"ReceiveText", "From":"$ShipName_Military_Independent;", "From_Localised":"System Defence Force", "Message":"$Military_AccidentalDamage08;", "Message_Localised":"Cease fire! You're hitting the wrong target.", "Channel":"npc" }
{ "timestamp":"2017-04-24T04:45:14Z", "event":"Bounty", "Target":"cobramkiii", "TotalReward":0, "VictimFaction":"Independent Cherets Labour" }
{ "timestamp":"2017-04-24T04:45:14Z", "event":"FactionKillBond", "Reward":18400, "AwardingFaction":"Cherets Company", "VictimFaction":"Independent Cherets Labour" }
{ "timestamp":"2017-04-24T04:46:59Z", "event":"Bounty", "Target":"federation_dropship", "TotalReward":0, "VictimFaction":"Independent Cherets Labour" }
{ "timestamp":"2017-04-24T04:46:59Z", "event":"FactionKillBond", "Reward":50600, "AwardingFaction":"Cherets Company", "VictimFaction":"Independent Cherets Labour" }
{ "timestamp":"2017-04-24T04:47:24Z", "event":"MaterialCollected", "Category":"Encoded", "Name":"shieldcyclerecordings", "Count":3 }
{ "timestamp":"2017-04-24T04:47:26Z", "event":"ReceiveText", "From":"$ShipName_Military_Federation;", "From_Localised":"Federal Navy Ship", "Message":"$Military_UnderFire06;", "Message_Localised":"I'm taking hits!", "Channel":"npc" }
{ "timestamp":"2017-04-24T04:50:50Z", "event":"Bounty", "Target":"viper_mkiv", "TotalReward":0, "VictimFaction":"Independent Cherets Labour" }
{ "timestamp":"2017-04-24T04:50:50Z", "event":"FactionKillBond", "Reward":23000, "AwardingFaction":"Cherets Company", "VictimFaction":"Independent Cherets Labour" }
{ "timestamp":"2017-04-24T04:51:09Z", "event":"MaterialCollected", "Category":"Encoded", "Name":"shieldsoakanalysis", "Count":3 }
{ "timestamp":"2017-04-24T04:51:10Z", "event":"MaterialCollected", "Category":"Encoded", "Name":"shieldcyclerecordings", "Count":3 }
{ "timestamp":"2017-04-24T04:51:40Z", "event":"ShieldState", "ShieldsUp":false }
{ "timestamp":"2017-04-24T04:51:57Z", "event":"HullDamage", "Health":0.769409, "PlayerPilot":true, "Fighter":false }
{ "timestamp":"2017-04-24T04:52:04Z", "event":"StartJump", "JumpType":"Supercruise" }
{ "timestamp":"2017-04-24T04:52:09Z", "event":"SupercruiseEntry", "StarSystem":"Cherets" }
{ "timestamp":"2017-04-24T04:52:24Z", "event":"ReceiveText", "From":"$npc_name_decorate:#name=Joshua Longstaff;", "From_Localised":"Joshua Longstaff", "Message":"$Pirate_HunterHostileSC_Relevant03;", "Message_Localised":"I've come a long way for what's in your hold, don't try to run!", "Channel":"npc" }
{ "timestamp":"2017-04-24T04:52:31Z", "event":"SupercruiseExit", "StarSystem":"Cherets", "Body":"Buckey Hub", "BodyType":"Station" }
{ "timestamp":"2017-04-24T04:52:42Z", "event":"DockingRequested", "StationName":"Buckey Hub" }
{ "timestamp":"2017-04-24T04:52:42Z", "event":"ReceiveText", "From":"Buckey Hub", "Message":"$DockingChatter_Neutral;", "Message_Localised":"Ensure to observe starport protocol during your visit, pilot.", "Channel":"npc" }
{ "timestamp":"2017-04-24T04:52:43Z", "event":"ReceiveText", "From":"Buckey Hub", "Message":"$STATION_docking_granted;", "Message_Localised":"Docking request granted.", "Channel":"npc" }
{ "timestamp":"2017-04-24T04:52:43Z", "event":"DockingGranted", "LandingPad":34, "StationName":"Buckey Hub" }
{ "timestamp":"2017-04-24T04:52:59Z", "event":"ReceiveText", "From":"Buckey Hub", "Message":"$STATION_NoFireZone_entered;", "Message_Localised":"No fire zone entered.", "Channel":"npc" }
{ "timestamp":"2017-04-24T04:53:02Z", "event":"ReceiveText", "From":"$npc_name_decorate:#name=Joshua Longstaff;", "From_Localised":"Joshua Longstaff", "Message":"$Pirate_Arrival08;", "Message_Localised":"Prepare to hand over your cargo.", "Channel":"npc" }
{ "timestamp":"2017-04-24T04:53:38Z", "event":"Docked", "StationName":"Buckey Hub", "StationType":"Coriolis", "StarSystem":"Cherets", "StationFaction":"Independent Cherets Labour", "FactionState":"CivilWar", "StationGovernment":"$government_Democracy;", "StationGovernment_Localised":"Democracy", "StationAllegiance":"Federation", "StationEconomy":"$economy_Agri;", "StationEconomy_Localised":"Agriculture", "DistFromStarLS":108.701645 }
{ "timestamp":"2017-04-24T04:53:58Z", "event":"BuyAmmo", "Cost":1800 }
{ "timestamp":"2017-04-24T04:54:00Z", "event":"RepairAll", "Cost":50109 }
{ "timestamp":"2017-04-24T04:54:02Z", "event":"RefuelAll", "Cost":33, "Amount":0.639042 }
{ "timestamp":"2017-04-24T04:54:17Z", "event":"MissionCompleted", "Faction":"Cherets Company", "Name":"Mission_Massacre_Conflict_War_name", "MissionID":128313677, "TargetFaction":"Independent Cherets Labour", "KillCount":12, "DestinationSystem":"Cherets", "DestinationStation":"Buckey Hub", "Reward":931160 }
{ "timestamp":"2017-04-24T04:56:31Z", "event":"Undocked", "StationName":"Buckey Hub", "StationType":"Coriolis" }
{ "timestamp":"2017-04-24T04:57:07Z", "event":"ReceiveText", "From":"Buckey Hub", "Message":"$STATION_NoFireZone_exited;", "Message_Localised":"No fire zone left.", "Channel":"npc" }
{ "timestamp":"2017-04-24T04:57:18Z", "event":"StartJump", "JumpType":"Supercruise" }
{ "timestamp":"2017-04-24T04:57:23Z", "event":"SupercruiseEntry", "StarSystem":"Cherets" }
{ "timestamp":"2017-04-24T04:57:40Z", "event":"SupercruiseExit", "StarSystem":"Cherets", "Body":"Cherets A 7", "BodyType":"Planet" }
{ "timestamp":"2017-04-24T04:59:41Z", "event":"Bounty", "Target":"asp_scout", "TotalReward":0, "VictimFaction":"Independent Cherets Labour" }
{ "timestamp":"2017-04-24T04:59:41Z", "event":"FactionKillBond", "Reward":27600, "AwardingFaction":"Cherets Company", "VictimFaction":"Independent Cherets Labour" }
{ "timestamp":"2017-04-24T04:59:56Z", "event":"ReceiveText", "From":"$ShipName_Military_Federation;", "From_Localised":"Federal Navy Ship", "Message":"$Military_UnderFire06;", "Message_Localised":"I'm taking hits!", "Channel":"npc" }
{ "timestamp":"2017-04-24T05:01:26Z", "event":"HeatWarning" }
{ "timestamp":"2017-04-24T05:02:06Z", "event":"StartJump", "JumpType":"Supercruise" }
{ "timestamp":"2017-04-24T05:02:11Z", "event":"SupercruiseEntry", "StarSystem":"Cherets" }
{ "timestamp":"2017-04-24T05:02:45Z", "event":"SupercruiseExit", "StarSystem":"Cherets", "Body":"Cherets A 7", "BodyType":"Planet" }
{ "timestamp":"2017-04-24T05:04:15Z", "event":"StartJump", "JumpType":"Supercruise" }
{ "timestamp":"2017-04-24T05:04:20Z", "event":"SupercruiseEntry", "StarSystem":"Cherets" }
{ "timestamp":"2017-04-24T05:04:39Z", "event":"SupercruiseExit", "StarSystem":"Cherets", "Body":"Cherets A 7", "BodyType":"Planet" }
{ "timestamp":"2017-04-24T05:06:25Z", "event":"ReceiveText", "From":"$ShipName_Military_Federation;", "From_Localised":"Federal Navy Ship", "Message":"$Military_UnderFire05;", "Message_Localised":"Incoming...", "Channel":"npc" }
{ "timestamp":"2017-04-24T05:06:27Z", "event":"MaterialCollected", "Category":"Encoded", "Name":"encodedscandata", "Count":3 }
{ "timestamp":"2017-04-24T05:06:28Z", "event":"MaterialCollected", "Category":"Encoded", "Name":"shielddensityreports", "Count":3 }
{ "timestamp":"2017-04-24T05:07:12Z", "event":"ReceiveText", "From":"$ShipName_Military_Federation;", "From_Localised":"Federal Navy Ship", "Message":"$Military_UnderFire01;", "Message_Localised":"Bandit on my six...", "Channel":"npc" }
{ "timestamp":"2017-04-24T05:07:41Z", "event":"Bounty", "Target":"federation_dropship", "TotalReward":0, "VictimFaction":"Independent Cherets Labour" }
{ "timestamp":"2017-04-24T05:07:41Z", "event":"FactionKillBond", "Reward":50600, "AwardingFaction":"Cherets Company", "VictimFaction":"Independent Cherets Labour" }
{ "timestamp":"2017-04-24T05:08:15Z", "event":"Bounty", "Target":"asp", "TotalReward":0, "VictimFaction":"Independent Cherets Labour" }
{ "timestamp":"2017-04-24T05:08:15Z", "event":"FactionKillBond", "Reward":32200, "AwardingFaction":"Cherets Company", "VictimFaction":"Independent Cherets Labour" }
{ "timestamp":"2017-04-24T05:08:42Z", "event":"ReceiveText", "From":"$ShipName_Military_Federation;", "From_Localised":"Federal Navy Ship", "Message":"$Military_UnderFire01;", "Message_Localised":"Bandit on my six...", "Channel":"npc" }
{ "timestamp":"2017-04-24T05:08:49Z", "event":"Bounty", "Target":"asp", "TotalReward":0, "VictimFaction":"Independent Cherets Labour" }
{ "timestamp":"2017-04-24T05:08:49Z", "event":"FactionKillBond", "Reward":32200, "AwardingFaction":"Cherets Company", "VictimFaction":"Independent Cherets Labour" }
{ "timestamp":"2017-04-24T05:08:57Z", "event":"MaterialCollected", "Category":"Encoded", "Name":"shieldcyclerecordings", "Count":3 }
{ "timestamp":"2017-04-24T05:10:02Z", "event":"ReceiveText", "From":"$ShipName_Military_Federation;", "From_Localised":"Federal Navy Ship", "Message":"$Military_UnderFire10;", "Message_Localised":"I'm under attack.", "Channel":"npc" }
{ "timestamp":"2017-04-24T05:11:32Z", "event":"MaterialCollected", "Category":"Encoded", "Name":"emissiondata", "Count":3 }
{ "timestamp":"2017-04-24T05:12:38Z", "event":"Bounty", "Target":"viper", "TotalReward":0, "VictimFaction":"Independent Cherets Labour" }
{ "timestamp":"2017-04-24T05:12:38Z", "event":"FactionKillBond", "Reward":23000, "AwardingFaction":"Cherets Company", "VictimFaction":"Independent Cherets Labour" }
{ "timestamp":"2017-04-24T05:12:46Z", "event":"ReceiveText", "From":"$ShipName_Military_Federation;", "From_Localised":"Federal Navy Ship", "Message":"$Military_UnderFire10;", "Message_Localised":"I'm under attack.", "Channel":"npc" }
{ "timestamp":"2017-04-24T05:12:55Z", "event":"HeatWarning" }
{ "timestamp":"2017-04-24T05:13:52Z", "event":"Bounty", "Target":"federation_gunship", "TotalReward":0, "VictimFaction":"Independent Cherets Labour" }
{ "timestamp":"2017-04-24T05:13:52Z", "event":"FactionKillBond", "Reward":50600, "AwardingFaction":"Cherets Company", "VictimFaction":"Independent Cherets Labour" }
{ "timestamp":"2017-04-24T05:14:22Z", "event":"Bounty", "Target":"type9", "TotalReward":0, "VictimFaction":"Independent Cherets Labour" }
{ "timestamp":"2017-04-24T05:14:22Z", "event":"FactionKillBond", "Reward":36800, "AwardingFaction":"Cherets Company", "VictimFaction":"Independent Cherets Labour" }
{ "timestamp":"2017-04-24T05:14:44Z", "event":"ReceiveText", "From":"$ShipName_Military_Federation;", "From_Localised":"Federal Navy Ship", "Message":"$Military_UnderFire03;", "Message_Localised":"Time to show you what a real pilot can do... ", "Channel":"npc" }
{ "timestamp":"2017-04-24T05:14:53Z", "event":"Bounty", "Target":"cobramkiii", "TotalReward":0, "VictimFaction":"Independent Cherets Labour" }
{ "timestamp":"2017-04-24T05:14:53Z", "event":"FactionKillBond", "Reward":18400, "AwardingFaction":"Cherets Company", "VictimFaction":"Independent Cherets Labour" }
{ "timestamp":"2017-04-24T05:16:57Z", "event":"Bounty", "Target":"cobramkiii", "TotalReward":0, "VictimFaction":"Independent Cherets Labour" }
{ "timestamp":"2017-04-24T05:16:57Z", "event":"FactionKillBond", "Reward":18400, "AwardingFaction":"Cherets Company", "VictimFaction":"Independent Cherets Labour" }
{ "timestamp":"2017-04-24T05:17:31Z", "event":"ReceiveText", "From":"$ShipName_Military_Federation;", "From_Localised":"Federal Navy Ship", "Message":"$Military_UnderFire01;", "Message_Localised":"Bandit on my six...", "Channel":"npc" }
{ "timestamp":"2017-04-24T05:18:47Z", "event":"Bounty", "Target":"cobramkiii", "TotalReward":0, "VictimFaction":"Independent Cherets Labour" }
{ "timestamp":"2017-04-24T05:18:47Z", "event":"FactionKillBond", "Reward":18400, "AwardingFaction":"Cherets Company", "VictimFaction":"Independent Cherets Labour" }
{ "timestamp":"2017-04-24T05:19:00Z", "event":"MaterialCollected", "Category":"Encoded", "Name":"shieldcyclerecordings", "Count":3 }
{ "timestamp":"2017-04-24T05:19:48Z", "event":"Bounty", "Target":"asp_scout", "TotalReward":0, "VictimFaction":"Independent Cherets Labour" }
{ "timestamp":"2017-04-24T05:19:48Z", "event":"FactionKillBond", "Reward":27600, "AwardingFaction":"Cherets Company", "VictimFaction":"Independent Cherets Labour" }
{ "timestamp":"2017-04-24T05:19:56Z", "event":"Bounty", "Target":"federation_gunship", "TotalReward":0, "VictimFaction":"Independent Cherets Labour" }
{ "timestamp":"2017-04-24T05:19:56Z", "event":"FactionKillBond", "Reward":50600, "AwardingFaction":"Cherets Company", "VictimFaction":"Independent Cherets Labour" }
{ "timestamp":"2017-04-24T05:20:36Z", "event":"Bounty", "Target":"viper_mkiv", "TotalReward":0, "VictimFaction":"Independent Cherets Labour" }
{ "timestamp":"2017-04-24T05:20:36Z", "event":"FactionKillBond", "Reward":23000, "AwardingFaction":"Cherets Company", "VictimFaction":"Independent Cherets Labour" }
{ "timestamp":"2017-04-24T05:20:54Z", "event":"ReceiveText", "From":"$ShipName_Military_Federation;", "From_Localised":"Federal Navy Ship", "Message":"$Military_UnderFire01;", "Message_Localised":"Bandit on my six...", "Channel":"npc" }
{ "timestamp":"2017-04-24T05:21:42Z", "event":"Bounty", "Target":"viper_mkiv", "TotalReward":0, "VictimFaction":"Independent Cherets Labour" }
{ "timestamp":"2017-04-24T05:21:42Z", "event":"FactionKillBond", "Reward":23000, "AwardingFaction":"Cherets Company", "VictimFaction":"Independent Cherets Labour" }
{ "timestamp":"2017-04-24T05:21:57Z", "event":"MaterialCollected", "Category":"Encoded", "Name":"decodedemissiondata", "Count":3 }
{ "timestamp":"2017-04-24T05:22:07Z", "event":"ReceiveText", "From":"$ShipName_Military_Federation;", "From_Localised":"Federal Navy Ship", "Message":"$Military_UnderFire09;", "Message_Localised":"Allow me to show you the error of your ways.", "Channel":"npc" }
{ "timestamp":"2017-04-24T05:22:13Z", "event":"ReceiveText", "From":"$ShipName_Military_Federation;", "From_Localised":"Federal Navy Ship", "Message":"$Military_UnderFire09;", "Message_Localised":"Allow me to show you the error of your ways.", "Channel":"npc" }
{ "timestamp":"2017-04-24T05:22:24Z", "event":"Bounty", "Target":"federation_dropship", "TotalReward":0, "VictimFaction":"Independent Cherets Labour" }
{ "timestamp":"2017-04-24T05:22:24Z", "event":"FactionKillBond", "Reward":50600, "AwardingFaction":"Cherets Company", "VictimFaction":"Independent Cherets Labour" }
{ "timestamp":"2017-04-24T05:23:23Z", "event":"HeatWarning" }
{ "timestamp":"2017-04-24T05:23:54Z", "event":"Bounty", "Target":"federation_dropship", "TotalReward":0, "VictimFaction":"Independent Cherets Labour" }
{ "timestamp":"2017-04-24T05:23:54Z", "event":"FactionKillBond", "Reward":50600, "AwardingFaction":"Cherets Company", "VictimFaction":"Independent Cherets Labour" }
{ "timestamp":"2017-04-24T05:24:08Z", "event":"ReceiveText", "From":"$ShipName_Military_Federation;", "From_Localised":"Federal Navy Ship", "Message":"$Military_UnderFire08;", "Message_Localised":"Enemy fire incoming!", "Channel":"npc" }
{ "timestamp":"2017-04-24T05:25:14Z", "event":"ReceiveText", "From":"$ShipName_Military_Federation;", "From_Localised":"Federal Navy Ship", "Message":"$Military_UnderFire10;", "Message_Localised":"I'm under attack.", "Channel":"npc" }
{ "timestamp":"2017-04-24T05:26:33Z", "event":"ReceiveText", "From":"$ShipName_Military_Federation;", "From_Localised":"Federal Navy Ship", "Message":"$Military_UnderFire02;", "Message_Localised":"You picked the wrong fight today, Commander.", "Channel":"npc" }
{ "timestamp":"2017-04-24T05:27:45Z", "event":"Bounty", "Target":"federation_corvette", "TotalReward":0, "VictimFaction":"Independent Cherets Labour" }
{ "timestamp":"2017-04-24T05:27:45Z", "event":"FactionKillBond", "Reward":101200, "AwardingFaction":"Cherets Company", "VictimFaction":"Independent Cherets Labour" }
{ "timestamp":"2017-04-24T05:27:58Z", "event":"Bounty", "Target":"asp_scout", "TotalReward":0, "VictimFaction":"Independent Cherets Labour" }
{ "timestamp":"2017-04-24T05:27:58Z", "event":"FactionKillBond", "Reward":27600, "AwardingFaction":"Cherets Company", "VictimFaction":"Independent Cherets Labour" }
{ "timestamp":"2017-04-24T05:28:17Z", "event":"ReceiveText", "From":"$ShipName_Military_Federation;", "From_Localised":"Federal Navy Ship", "Message":"$Military_UnderFire01;", "Message_Localised":"Bandit on my six...", "Channel":"npc" }
{ "timestamp":"2017-04-24T05:28:54Z", "event":"Bounty", "Target":"python", "TotalReward":0, "VictimFaction":"Independent Cherets Labour" }
{ "timestamp":"2017-04-24T05:28:54Z", "event":"FactionKillBond", "Reward":59800, "AwardingFaction":"Cherets Company", "VictimFaction":"Independent Cherets Labour" }
{ "timestamp":"2017-04-24T05:29:16Z", "event":"ReceiveText", "From":"$ShipName_Military_Federation;", "From_Localised":"Federal Navy Ship", "Message":"$Military_UnderFire01;", "Message_Localised":"Bandit on my six...", "Channel":"npc" }
{ "timestamp":"2017-04-24T05:30:15Z", "event":"HeatWarning" }
{ "timestamp":"2017-04-24T05:30:59Z", "event":"Bounty", "Target":"python", "TotalReward":0, "VictimFaction":"Independent Cherets Labour" }
{ "timestamp":"2017-04-24T05:30:59Z", "event":"FactionKillBond", "Reward":59800, "AwardingFaction":"Cherets Company", "VictimFaction":"Independent Cherets Labour" }
{ "timestamp":"2017-04-24T05:31:18Z", "event":"Bounty", "Target":"cobramkiii", "TotalReward":0, "VictimFaction":"Independent Cherets Labour" }
{ "timestamp":"2017-04-24T05:31:18Z", "event":"FactionKillBond", "Reward":18400, "AwardingFaction":"Cherets Company", "VictimFaction":"Independent Cherets Labour" }
{ "timestamp":"2017-04-24T05:32:31Z", "event":"Bounty", "Target":"python", "TotalReward":0, "VictimFaction":"Independent Cherets Labour" }
{ "timestamp":"2017-04-24T05:32:31Z", "event":"FactionKillBond", "Reward":59800, "AwardingFaction":"Cherets Company", "VictimFaction":"Independent Cherets Labour" }
{ "timestamp":"2017-04-24T05:33:12Z", "event":"ReceiveText", "From":"$ShipName_Military_Federation;", "From_Localised":"Federal Navy Ship", "Message":"$Military_UnderFire02;", "Message_Localised":"You picked the wrong fight today, Commander.", "Channel":"npc" }
{ "timestamp":"2017-04-24T05:34:45Z", "event":"ShieldState", "ShieldsUp":false }
{ "timestamp":"2017-04-24T05:34:54Z", "event":"HullDamage", "Health":0.751877, "PlayerPilot":true, "Fighter":false }
{ "timestamp":"2017-04-24T05:35:01Z", "event":"HullDamage", "Health":0.573712, "PlayerPilot":true, "Fighter":false }
{ "timestamp":"2017-04-24T05:35:03Z", "event":"EjectCargo", "Type":"articulationmotors", "Count":1, "Abandoned":false }
{ "timestamp":"2017-04-24T05:35:05Z", "event":"EjectCargo", "Type":"articulationmotors", "Count":1, "Abandoned":false }
{ "timestamp":"2017-04-24T05:35:07Z", "event":"EjectCargo", "Type":"articulationmotors", "Count":1, "Abandoned":false }
