{ "timestamp":"2017-01-13T02:27:14Z", "event":"Fileheader", "part":1, "language":"English\\UK", "gameversion":"2.2", "build":"r131487/r0 " }
{ "timestamp":"2017-01-13T02:33:25Z", "event":"LoadGame", "Commander":"Kith000", "Ship":"Independant_Trader", "ShipID":5, "GameMode":"Group", "Group":"Kith000", "Credits":27454465, "Loan":0 }
{ "timestamp":"2017-01-13T02:33:25Z", "event":"Rank", "Combat":5, "Trade":3, "Explore":1, "Empire":0, "Federation":2, "CQC":0 }
{ "timestamp":"2017-01-13T02:33:25Z", "event":"Progress", "Combat":11, "Trade":42, "Explore":21, "Empire":100, "Federation":83, "CQC":40 }
{ "timestamp":"2017-01-13T02:33:59Z", "event":"Location", "Docked":true, "StationName":"Reynolds Terminal", "StationType":"Coriolis", "StarSystem":"BD+15 2847", "StarPos":[-22.688,79.813,55.969], "SystemAllegiance":"Independent", "SystemEconomy":"$economy_Industrial;", "SystemEconomy_Localised":"Industrial", "SystemGovernment":"$government_Corporate;", "SystemGovernment_Localised":"Corporate", "SystemSecurity":"$SYSTEM_SECURITY_high;", "SystemSecurity_Localised":"High Security", "Body":"Reynolds Terminal", "BodyType":"Station", "SystemFaction":"BD+15 2847 Industry" }
{ "timestamp":"2017-01-13T02:33:59Z", "event":"Docked", "StationName":"Reynolds Terminal", "StationType":"Coriolis", "StarSystem":"BD+15 2847", "StationFaction":"BD+15 2847 Industry", "StationGovernment":"$government_Corporate;", "StationGovernment_Localised":"Corporate", "StationEconomy":"$economy_Industrial;", "StationEconomy_Localised":"Industrial" }
{ "timestamp":"2017-01-13T02:36:47Z", "event":"Undocked", "StationName":"Reynolds Terminal", "StationType":"Coriolis" }
{ "timestamp":"2017-01-13T02:40:13Z", "event":"ReceiveText", "From":"$ShipName_Police_Independent;", "From_Localised":"System Authority Vessel", "Message":"$Police_ThankYouPassedStopAndSearch02;", "Message_Localised":"You're clean. Proceed, pilot.", "Channel":"npc" }
{ "timestamp":"2017-01-13T02:40:25Z", "event":"ReceiveText", "From":"Reynolds Terminal", "Message":"$STATION_NoFireZone_exited;", "Message_Localised":"No fire zone left.", "Channel":"npc" }
{ "timestamp":"2017-01-13T02:41:49Z", "event":"DockingRequested", "StationName":"Reynolds Terminal" }
{ "timestamp":"2017-01-13T02:41:49Z", "event":"ReceiveText", "From":"Reynolds Terminal", "Message":"$DockingChatter_Neutral;", "Message_Localised":"Ensure to observe starport protocol during your visit, pilot.", "Channel":"npc" }
{ "timestamp":"2017-01-13T02:41:50Z", "event":"ReceiveText", "From":"Reynolds Terminal", "Message":"$STATION_docking_granted;", "Message_Localised":"Docking request granted.", "Channel":"npc" }
{ "timestamp":"2017-01-13T02:41:50Z", "event":"DockingGranted", "LandingPad":7, "StationName":"Reynolds Terminal" }
{ "timestamp":"2017-01-13T02:42:30Z", "event":"ReceiveText", "From":"Reynolds Terminal", "Message":"$STATION_NoFireZone_entered;", "Message_Localised":"No fire zone entered.", "Channel":"npc" }
{ "timestamp":"2017-01-13T02:43:34Z", "event":"Docked", "StationName":"Reynolds Terminal", "StationType":"Coriolis", "StarSystem":"BD+15 2847", "StationFaction":"BD+15 2847 Industry", "StationGovernment":"$government_Corporate;", "StationGovernment_Localised":"Corporate", "StationEconomy":"$economy_Industrial;", "StationEconomy_Localised":"Industrial" }
{ "timestamp":"2017-01-13T02:45:45Z", "event":"Undocked", "StationName":"Reynolds Terminal", "StationType":"Coriolis" }
{ "timestamp":"2017-01-13T02:46:25Z", "event":"ReceiveText", "From":"Reynolds Terminal", "Message":"$STATION_NoFireZone_exited;", "Message_Localised":"No fire zone left.", "Channel":"npc" }
{ "timestamp":"2017-01-13T02:47:31Z", "event":"FSDJump", "StarSystem":"Taritra", "StarPos":[-20.094,80.625,51.531], "SystemAllegiance":"Independent", "SystemEconomy":"$economy_Industrial;", "SystemEconomy_Localised":"Industrial", "SystemGovernment":"$government_Corporate;", "SystemGovernment_Localised":"Corporate", "SystemSecurity":"$SYSTEM_SECURITY_medium;", "SystemSecurity_Localised":"Medium Security", "JumpDist":5.204, "FuelUsed":0.160054, "FuelLevel":15.218784, "SystemFaction":"Taritra Silver Natural Ltd", "FactionState":"Boom" }
{ "timestamp":"2017-01-13T02:48:27Z", "event":"ReceiveText", "From":"$npc_name_decorate:#name=Cruise Ship;", "From_Localised":"Cruise Ship", "Message":"$CruiseLiner_SCPatrol04;", "Message_Localised":"I'd like to direct your attention to our flight attendants for a brief safety demonstration.", "Channel":"npc" }
{ "timestamp":"2017-01-13T02:50:30Z", "event":"ReceiveText", "From":"$npc_name_decorate:#name=Cruise Ship;", "From_Localised":"Cruise Ship", "Message":"$CruiseLiner_SCPatrol02;", "Message_Localised":"We will be cruising in-system for a while, please feel free to take advantage of our in-flight entertainment.", "Channel":"npc" }
{ "timestamp":"2017-01-13T02:50:53Z", "event":"SupercruiseExit", "StarSystem":"Taritra", "Body":"Lee Hub", "BodyType":"Station" }
{ "timestamp":"2017-01-13T02:51:09Z", "event":"DockingRequested", "StationName":"Lee Hub" }
{ "timestamp":"2017-01-13T02:51:09Z", "event":"ReceiveText", "From":"Lee Hub", "Message":"$DockingChatter_Neutral;", "Message_Localised":"Ensure to observe starport protocol during your visit, pilot.", "Channel":"npc" }
{ "timestamp":"2017-01-13T02:51:10Z", "event":"ReceiveText", "From":"Lee Hub", "Message":"$STATION_docking_granted;", "Message_Localised":"Docking request granted.", "Channel":"npc" }
{ "timestamp":"2017-01-13T02:51:10Z", "event":"DockingGranted", "LandingPad":37, "StationName":"Lee Hub" }
{ "timestamp":"2017-01-13T02:51:26Z", "event":"ReceiveText", "From":"Lee Hub", "Message":"$STATION_NoFireZone_entered;", "Message_Localised":"No fire zone entered.", "Channel":"npc" }
{ "timestamp":"2017-01-13T02:52:11Z", "event":"Docked", "StationName":"Lee Hub", "StationType":"Coriolis", "StarSystem":"Taritra", "StationFaction":"Taritra Silver Natural Ltd", "FactionState":"Boom", "StationGovernment":"$government_Corporate;", "StationGovernment_Localised":"Corporate", "StationEconomy":"$economy_Industrial;", "StationEconomy_Localised":"Industrial" }
{ "timestamp":"2017-01-13T02:54:13Z", "event":"ModuleBuy", "Slot":"Slot03_Size3", "SellItem":"$int_cargorack_size4_class1_name;", "SellItem_Localised":"Cargo Rack", "SellPrice":34328, "BuyItem":"$int_fuelscoop_size3_class5_name;", "BuyItem_Localised":"Fuel Scoop", "BuyPrice":902954, "Ship":"independant_trader", "ShipID":5 }
{ "timestamp":"2017-01-13T02:54:24Z", "event":"BuyAmmo", "Cost":400 }
{ "timestamp":"2017-01-13T02:54:24Z", "event":"RestockVehicle", "Type":"federation_fighter", "Loadout":"four", "Cost":1030, "Count":1 }
{ "timestamp":"2017-01-13T02:54:30Z", "event":"RepairAll", "Cost":9885 }
{ "timestamp":"2017-01-13T02:54:32Z", "event":"RefuelAll", "Cost":47, "Amount":0.901268 }
{ "timestamp":"2017-01-13T02:55:04Z", "event":"Undocked", "StationName":"Lee Hub", "StationType":"Coriolis" }
{ "timestamp":"2017-01-13T02:55:35Z", "event":"ReceiveText", "From":"Lee Hub", "Message":"$STATION_NoFireZone_exited;", "Message_Localised":"No fire zone left.", "Channel":"npc" }
{ "timestamp":"2017-01-13T02:57:31Z", "event":"FSDJump", "StarSystem":"LP 441-27", "StarPos":[-16.188,77.344,42.250], "SystemAllegiance":"", "SystemEconomy":"$economy_None;", "SystemEconomy_Localised":"None", "SystemGovernment":"$government_None;", "SystemGovernment_Localised":"None", "SystemSecurity":"$SYSTEM_SECURITY_low;", "SystemSecurity_Localised":"Low Security", "JumpDist":10.591, "FuelUsed":0.824280, "FuelLevel":15.175720 }
{ "timestamp":"2017-01-13T02:58:12Z", "event":"FuelScoop", "Scooped":0.824280, "Total":16.000000 }
{ "timestamp":"2017-01-13T02:58:47Z", "event":"FSDJump", "StarSystem":"LHS 3005", "StarPos":[-12.156,67.844,40.063], "SystemAllegiance":"Independent", "SystemEconomy":"$economy_Industrial;", "SystemEconomy_Localised":"Industrial", "SystemGovernment":"$government_Corporate;", "SystemGovernment_Localised":"Corporate", "SystemSecurity":"$SYSTEM_SECURITY_low;", "SystemSecurity_Localised":"Low Security", "JumpDist":10.549, "FuelUsed":0.816786, "FuelLevel":15.183214, "SystemFaction":"LHS 3005 Travel Network" }
{ "timestamp":"2017-01-13T03:00:27Z", "event":"FuelScoop", "Scooped":0.331541, "Total":15.514755 }
{ "timestamp":"2017-01-13T03:01:28Z", "event":"FSDJump", "StarSystem":"LTT 14398", "StarPos":[-5.031,63.500,41.125], "SystemAllegiance":"Federation", "SystemEconomy":"$economy_Military;", "SystemEconomy_Localised":"Military", "SystemGovernment":"$government_Democracy;", "SystemGovernment_Localised":"Democracy", "SystemSecurity":"$SYSTEM_SECURITY_medium;", "SystemSecurity_Localised":"Medium Security", "JumpDist":8.412, "FuelUsed":0.485245, "FuelLevel":15.514755, "SystemFaction":"LTT 14398 Democrats" }
{ "timestamp":"2017-01-13T03:01:56Z", "event":"FuelScoop", "Scooped":0.311683, "Total":15.826438 }
{ "timestamp":"2017-01-13T03:02:25Z", "event":"FSDJump", "StarSystem":"Waru", "StarPos":[-4.719,59.781,37.250], "SystemAllegiance":"Federation", "SystemEconomy":"$economy_Military;", "SystemEconomy_Localised":"Military", "SystemGovernment":"$government_Confederacy;", "SystemGovernment_Localised":"Confederacy", "SystemSecurity":"$SYSTEM_SECURITY_low;", "SystemSecurity_Localised":"Low Security", "JumpDist":5.380, "FuelUsed":0.173562, "FuelLevel":15.826438, "SystemFaction":"Union of Waru Coalition" }
{ "timestamp":"2017-01-13T03:02:59Z", "event":"FuelScoop", "Scooped":-0.503193, "Total":15.323245 }
{ "timestamp":"2017-01-13T03:03:18Z", "event":"FSDJump", "StarSystem":"Dedun", "StarPos":[-6.656,53.188,30.375], "SystemAllegiance":"", "SystemEconomy":"$economy_None;", "SystemEconomy_Localised":"None", "SystemGovernment":"$government_None;", "SystemGovernment_Localised":"None", "SystemSecurity":"$SYSTEM_SECURITY_low;", "SystemSecurity_Localised":"Low Security", "JumpDist":9.721, "FuelUsed":0.676755, "FuelLevel":15.323245 }
{ "timestamp":"2017-01-13T03:03:47Z", "event":"FuelScoop", "Scooped":0.091609, "Total":15.414854 }
{ "timestamp":"2017-01-13T03:04:04Z", "event":"FSDJump", "StarSystem":"HN Bootis", "StarPos":[-1.531,46.219,27.469], "SystemAllegiance":"Federation", "SystemEconomy":"$economy_Industrial;", "SystemEconomy_Localised":"Industrial", "SystemGovernment":"$government_Corporate;", "SystemGovernment_Localised":"Corporate", "SystemSecurity":"$SYSTEM_SECURITY_high;", "SystemSecurity_Localised":"High Security", "JumpDist":9.126, "FuelUsed":0.585146, "FuelLevel":15.414854, "SystemFaction":"HN Bootis Blue Life Co", "FactionState":"Retreat" }
{ "timestamp":"2017-01-13T03:05:04Z", "event":"FuelScoop", "Scooped":0.585146, "Total":16.000000 }
{ "timestamp":"2017-01-13T03:06:11Z", "event":"FSDJump", "StarSystem":"LFT 1103", "StarPos":[0.656,40.625,22.719], "SystemAllegiance":"Federation", "SystemEconomy":"$economy_HighTech;", "SystemEconomy_Localised":"High tech", "SystemGovernment":"$government_Corporate;", "SystemGovernment_Localised":"Corporate", "SystemSecurity":"$SYSTEM_SECURITY_medium;", "SystemSecurity_Localised":"Medium Security", "JumpDist":7.658, "FuelUsed":0.390917, "FuelLevel":15.609082, "SystemFaction":"LFT 1103 Gold Allied Services" }
{ "timestamp":"2017-01-13T03:06:36Z", "event":"FuelScoop", "Scooped":0.390918, "Total":16.000000 }
{ "timestamp":"2017-01-13T03:07:41Z", "event":"FSDJump", "StarSystem":"LHS 366", "StarPos":[4.563,39.281,22.313], "SystemAllegiance":"", "SystemEconomy":"$economy_None;", "SystemEconomy_Localised":"None", "SystemGovernment":"$government_None;", "SystemGovernment_Localised":"None", "SystemSecurity":"$SYSTEM_SECURITY_low;", "SystemSecurity_Localised":"Low Security", "JumpDist":4.151, "FuelUsed":0.095589, "FuelLevel":15.904411 }
{ "timestamp":"2017-01-13T03:08:06Z", "event":"FuelScoop", "Scooped":0.095589, "Total":16.000000 }
{ "timestamp":"2017-01-13T03:08:40Z", "event":"FSDJump", "StarSystem":"G 65-9", "StarPos":[9.531,42.344,20.344], "SystemAllegiance":"Federation", "SystemEconomy":"$economy_Industrial;", "SystemEconomy_Localised":"Industrial", "SystemGovernment":"$government_Corporate;", "SystemGovernment_Localised":"Corporate", "SystemSecurity":"$SYSTEM_SECURITY_medium;", "SystemSecurity_Localised":"Medium Security", "JumpDist":6.160, "FuelUsed":0.236968, "FuelLevel":15.763032, "SystemFaction":"G 65-9 Universal PLC", "FactionState":"Boom" }
{ "timestamp":"2017-01-13T03:09:07Z", "event":"FuelScoop", "Scooped":0.236968, "Total":16.000000 }
{ "timestamp":"2017-01-13T03:09:41Z", "event":"FSDJump", "StarSystem":"Ross 486", "StarPos":[14.656,39.469,18.906], "SystemAllegiance":"Independent", "SystemEconomy":"$economy_Military;", "SystemEconomy_Localised":"Military", "SystemGovernment":"$government_Anarchy;", "SystemGovernment_Localised":"Anarchy", "SystemSecurity":"$GAlAXY_MAP_INFO_state_anarchy;", "SystemSecurity_Localised":"Anarchy", "JumpDist":6.050, "FuelUsed":0.227340, "FuelLevel":15.772660, "SystemFaction":"Ross 486 Gold Clan" }
{ "timestamp":"2017-01-13T03:10:06Z", "event":"FuelScoop", "Scooped":0.227340, "Total":16.000000 }
{ "timestamp":"2017-01-13T03:10:28Z", "event":"FSDJump", "StarSystem":"Porrima", "StarPos":[16.063,33.344,8.969], "SystemAllegiance":"", "SystemEconomy":"$economy_None;", "SystemEconomy_Localised":"None", "SystemGovernment":"$government_None;", "SystemGovernment_Localised":"None", "SystemSecurity":"$SYSTEM_SECURITY_low;", "SystemSecurity_Localised":"Low Security", "JumpDist":11.758, "FuelUsed":1.048291, "FuelLevel":14.951709 }
{ "timestamp":"2017-01-13T03:10:48Z", "event":"FuelScoop", "Scooped":0.100793, "Total":15.052502 }
{ "timestamp":"2017-01-13T03:11:24Z", "event":"FSDJump", "StarSystem":"LTT 4730", "StarPos":[22.188,30.875,9.844], "SystemAllegiance":"Alliance", "SystemEconomy":"$economy_Colony;", "SystemEconomy_Localised":"Colony", "SystemGovernment":"$government_Patronage;", "SystemGovernment_Localised":"Patronage", "SystemSecurity":"$SYSTEM_SECURITY_medium;", "SystemSecurity_Localised":"Medium Security", "JumpDist":6.662, "FuelUsed":0.281740, "FuelLevel":14.770762, "SystemFaction":"LHS 2541 Alliance Combine", "FactionState":"Expansion" }
{ "timestamp":"2017-01-13T03:11:39Z", "event":"SupercruiseExit", "StarSystem":"LTT 4730", "Body":"LTT 4730", "BodyType":"Star" }
{ "timestamp":"2017-01-13T03:11:52Z", "event":"WingJoin", "Others":[] }
{ "timestamp":"2017-01-13T03:11:52Z", "event":"WingAdd", "Name":"Ackron" }
{ "timestamp":"2017-01-13T03:12:58Z", "event":"FSDJump", "StarSystem":"Cathbadah", "StarPos":[25.719,32.063,6.500], "SystemAllegiance":"", "SystemEconomy":"$economy_None;", "SystemEconomy_Localised":"None", "SystemGovernment":"$government_None;", "SystemGovernment_Localised":"None", "SystemSecurity":"$SYSTEM_SECURITY_low;", "SystemSecurity_Localised":"Low Security", "JumpDist":5.006, "FuelUsed":0.146738, "FuelLevel":15.532611 }
{ "timestamp":"2017-01-13T03:13:26Z", "event":"FuelScoop", "Scooped":0.201259, "Total":15.733870 }
{ "timestamp":"2017-01-13T03:13:55Z", "event":"FSDJump", "StarSystem":"LHS 306", "StarPos":[30.094,28.844,2.969], "SystemAllegiance":"Federation", "SystemEconomy":"$economy_Industrial;", "SystemEconomy_Localised":"Industrial", "SystemGovernment":"$government_Democracy;", "SystemGovernment_Localised":"Democracy", "SystemSecurity":"$SYSTEM_SECURITY_high;", "SystemSecurity_Localised":"High Security", "JumpDist":6.478, "FuelUsed":0.266130, "FuelLevel":15.733870, "SystemFaction":"Independent LHS 306 for Equality" }
{ "timestamp":"2017-01-13T03:14:21Z", "event":"FuelScoop", "Scooped":0.266130, "Total":16.000000 }
{ "timestamp":"2017-01-13T03:14:52Z", "event":"FSDJump", "StarSystem":"Eme", "StarPos":[33.719,26.219,4.031], "SystemAllegiance":"Federation", "SystemEconomy":"$economy_Refinery;", "SystemEconomy_Localised":"Refinery", "SystemGovernment":"$government_Democracy;", "SystemGovernment_Localised":"Democracy", "SystemSecurity":"$SYSTEM_SECURITY_high;", "SystemSecurity_Localised":"High Security", "JumpDist":4.600, "FuelUsed":0.121068, "FuelLevel":15.878932, "SystemFaction":"Eme for Equality", "FactionState":"Boom" }
{ "timestamp":"2017-01-13T03:15:16Z", "event":"FuelScoop", "Scooped":0.121068, "Total":16.000000 }
{ "timestamp":"2017-01-13T03:15:52Z", "event":"FSDJump", "StarSystem":"LP 790-29", "StarPos":[39.781,25.344,-3.031], "SystemAllegiance":"Federation", "SystemEconomy":"$economy_Military;", "SystemEconomy_Localised":"Military", "SystemGovernment":"$government_Confederacy;", "SystemGovernment_Localised":"Confederacy", "SystemSecurity":"$SYSTEM_SECURITY_medium;", "SystemSecurity_Localised":"Medium Security", "JumpDist":9.349, "FuelUsed":0.618587, "FuelLevel":15.381413, "SystemFaction":"People's LP 790-29 Partnership", "FactionState":"Boom" }
{ "timestamp":"2017-01-13T03:16:31Z", "event":"SupercruiseExit", "StarSystem":"LP 790-29", "Body":"LP 790-29", "BodyType":"Star" }
{ "timestamp":"2017-01-13T03:17:49Z", "event":"HeatWarning" }
{ "timestamp":"2017-01-13T03:18:03Z", "event":"FSDJump", "StarSystem":"HR 3862", "StarPos":[44.344,18.094,-10.031], "SystemAllegiance":"", "SystemEconomy":"$economy_None;", "SystemEconomy_Localised":"None", "SystemGovernment":"$government_None;", "SystemGovernment_Localised":"None", "SystemSecurity":"$SYSTEM_SECURITY_low;", "SystemSecurity_Localised":"Low Security", "JumpDist":11.063, "FuelUsed":0.907003, "FuelLevel":14.474411 }
{ "timestamp":"2017-01-13T03:18:03Z", "event":"HeatWarning" }
{ "timestamp":"2017-01-13T03:18:35Z", "event":"HeatWarning" }
{ "timestamp":"2017-01-13T03:19:08Z", "event":"FSDJump", "StarSystem":"Varayah", "StarPos":[52.750,16.750,-9.875], "SystemAllegiance":"Federation", "SystemEconomy":"$economy_Industrial;", "SystemEconomy_Localised":"Industrial", "SystemGovernment":"$government_Corporate;", "SystemGovernment_Localised":"Corporate", "SystemSecurity":"$SYSTEM_SECURITY_high;", "SystemSecurity_Localised":"High Security", "JumpDist":8.514, "FuelUsed":0.498922, "FuelLevel":15.506589, "SystemFaction":"Varayah Incorporated", "FactionState":"Boom" }
{ "timestamp":"2017-01-13T03:19:08Z", "event":"HeatWarning" }
{ "timestamp":"2017-01-13T03:19:32Z", "event":"HeatWarning" }
{ "timestamp":"2017-01-13T03:19:42Z", "event":"FuelScoop", "Scooped":0.058675, "Total":15.565264 }
{ "timestamp":"2017-01-13T03:19:56Z", "event":"FSDJump", "StarSystem":"Puppis Sector JH-V b2-1", "StarPos":[58.875,15.531,-14.906], "SystemAllegiance":"", "SystemEconomy":"$economy_None;", "SystemEconomy_Localised":"None", "SystemGovernment":"$government_None;", "SystemGovernment_Localised":"None", "SystemSecurity":"$SYSTEM_SECURITY_low;", "SystemSecurity_Localised":"Low Security", "JumpDist":8.020, "FuelUsed":0.434736, "FuelLevel":15.565264 }
{ "timestamp":"2017-01-13T03:20:17Z", "event":"FuelScoop", "Scooped":0.188476, "Total":15.753739 }
{ "timestamp":"2017-01-13T03:21:03Z", "event":"FSDJump", "StarSystem":"Neche", "StarPos":[63.688,12.906,-13.094], "SystemAllegiance":"Independent", "SystemEconomy":"$economy_Service;", "SystemEconomy_Localised":"Service", "SystemGovernment":"$government_Anarchy;", "SystemGovernment_Localised":"Anarchy", "SystemSecurity":"$GALAXY_MAP_INFO_state_lawless;", "SystemSecurity_Localised":"Lawless", "JumpDist":5.774, "FuelUsed":0.203833, "FuelLevel":15.549907, "SystemFaction":"Dragons of Neche", "FactionState":"Boom" }
{ "timestamp":"2017-01-13T03:21:16Z", "event":"ReceiveText", "From":"$npc_name_decorate:#name=Chris Longhurst;", "From_Localised":"Chris Longhurst", "Message":"$Pirate_HunterHostileSC_Relevant03;", "Message_Localised":"I've come a long way for what's in your hold, don't try to run!", "Channel":"npc" }
{ "timestamp":"2017-01-13T03:21:29Z", "event":"FuelScoop", "Scooped":0.450093, "Total":16.000000 }
{ "timestamp":"2017-01-13T03:21:58Z", "event":"FSDJump", "StarSystem":"Xingga", "StarPos":[67.500,8.625,-22.156], "SystemAllegiance":"Federation", "SystemEconomy":"$economy_Refinery;", "SystemEconomy_Localised":"Refinery", "SystemGovernment":"$government_Democracy;", "SystemGovernment_Localised":"Democracy", "SystemSecurity":"$SYSTEM_SECURITY_medium;", "SystemSecurity_Localised":"Medium Security", "JumpDist":10.723, "FuelUsed":0.848134, "FuelLevel":15.151867, "SystemFaction":"Xingga Labour", "FactionState":"Boom" }
{ "timestamp":"2017-01-13T03:22:23Z", "event":"FuelScoop", "Scooped":0.595484, "Total":15.747351 }
{ "timestamp":"2017-01-13T03:22:56Z", "event":"FSDJump", "StarSystem":"Puppis Sector LC-V b2-2", "StarPos":[70.188,3.969,-22.781], "SystemAllegiance":"", "SystemEconomy":"$economy_None;", "SystemEconomy_Localised":"None", "SystemGovernment":"$government_None;", "SystemGovernment_Localised":"None", "SystemSecurity":"$SYSTEM_SECURITY_low;", "SystemSecurity_Localised":"Low Security", "JumpDist":5.412, "FuelUsed":0.175647, "FuelLevel":15.571704 }
{ "timestamp":"2017-01-13T03:23:23Z", "event":"FuelScoop", "Scooped":0.202034, "Total":15.773738 }
{ "timestamp":"2017-01-13T03:23:49Z", "event":"FSDJump", "StarSystem":"Namte", "StarPos":[75.031,1.500,-25.406], "SystemAllegiance":"Federation", "SystemEconomy":"$economy_Refinery;", "SystemEconomy_Localised":"Refinery", "SystemGovernment":"$government_Corporate;", "SystemGovernment_Localised":"Corporate", "SystemSecurity":"$SYSTEM_SECURITY_high;", "SystemSecurity_Localised":"High Security", "JumpDist":6.037, "FuelUsed":0.226262, "FuelLevel":15.773738, "SystemFaction":"Namte Life & Co", "FactionState":"Retreat" }
{ "timestamp":"2017-01-13T03:24:19Z", "event":"FuelScoop", "Scooped":0.226262, "Total":16.000000 }
{ "timestamp":"2017-01-13T03:24:53Z", "event":"FSDJump", "StarSystem":"Neritus", "StarPos":[75.438,2.625,-30.875], "SystemAllegiance":"Federation", "SystemEconomy":"$economy_Military;", "SystemEconomy_Localised":"Military", "SystemGovernment":"$government_Corporate;", "SystemGovernment_Localised":"Corporate", "SystemSecurity":"$SYSTEM_SECURITY_medium;", "SystemSecurity_Localised":"Medium Security", "JumpDist":5.598, "FuelUsed":0.190199, "FuelLevel":15.809801, "SystemFaction":"Neritus Ltd", "FactionState":"CivilWar" }
{ "timestamp":"2017-01-13T03:25:04Z", "event":"ReceiveText", "From":"$npc_name_decorate:#name=Chris Thomson;", "From_Localised":"Chris Thomson", "Message":"$Pirate_HunterHostileSC_Relevant01;", "Message_Localised":"That's the ship I'm looking for, the one with the big haul...", "Channel":"npc" }
{ "timestamp":"2017-01-13T03:25:27Z", "event":"FuelScoop", "Scooped":0.003846, "Total":15.813647 }
{ "timestamp":"2017-01-13T03:25:50Z", "event":"FSDJump", "StarSystem":"Alkuyuma", "StarPos":[77.594,5.688,-34.969], "SystemAllegiance":"Federation", "SystemEconomy":"$economy_Refinery;", "SystemEconomy_Localised":"Refinery", "SystemGovernment":"$government_Democracy;", "SystemGovernment_Localised":"Democracy", "SystemSecurity":"$SYSTEM_SECURITY_medium;", "SystemSecurity_Localised":"Medium Security", "JumpDist":5.549, "FuelUsed":0.186353, "FuelLevel":15.813647, "SystemFaction":"Alkuyuma Independents" }
{ "timestamp":"2017-01-13T03:26:18Z", "event":"FuelScoop", "Scooped":-0.000197, "Total":15.813450 }
{ "timestamp":"2017-01-13T03:26:46Z", "event":"FSDJump", "StarSystem":"Kunahpu", "StarPos":[78.469,7.156,-40.250], "SystemAllegiance":"Federation", "SystemEconomy":"$economy_Refinery;", "SystemEconomy_Localised":"Refinery", "SystemGovernment":"$government_Democracy;", "SystemGovernment_Localised":"Democracy", "SystemSecurity":"$SYSTEM_SECURITY_medium;", "SystemSecurity_Localised":"Medium Security", "JumpDist":5.551, "FuelUsed":0.186550, "FuelLevel":15.813450, "SystemFaction":"Alkuyuma Independents" }
{ "timestamp":"2017-01-13T03:27:15Z", "event":"FuelScoop", "Scooped":-0.414725, "Total":15.398725 }
{ "timestamp":"2017-01-13T03:27:40Z", "event":"FSDJump", "StarSystem":"Pauatunus", "StarPos":[83.313,6.625,-48.094], "SystemAllegiance":"Federation", "SystemEconomy":"$economy_Refinery;", "SystemEconomy_Localised":"Refinery", "SystemGovernment":"$government_Democracy;", "SystemGovernment_Localised":"Democracy", "SystemSecurity":"$SYSTEM_SECURITY_medium;", "SystemSecurity_Localised":"Medium Security", "JumpDist":9.234, "FuelUsed":0.601276, "FuelLevel":15.398725, "SystemFaction":"Democrats of Pauatunus", "FactionState":"Boom" }
{ "timestamp":"2017-01-13T03:28:08Z", "event":"FuelScoop", "Scooped":-0.432233, "Total":14.966492 }
{ "timestamp":"2017-01-13T03:28:35Z", "event":"FSDJump", "StarSystem":"n Puppis", "StarPos":[88.438,-2.438,-53.406], "SystemAllegiance":"Federation", "SystemEconomy":"$economy_Agri;", "SystemEconomy_Localised":"Agriculture", "SystemGovernment":"$government_Corporate;", "SystemGovernment_Localised":"Corporate", "SystemSecurity":"$SYSTEM_SECURITY_high;", "SystemSecurity_Localised":"High Security", "JumpDist":11.688, "FuelUsed":1.033508, "FuelLevel":14.966492, "SystemFaction":"n Puppis & Co", "FactionState":"Boom" }
{ "timestamp":"2017-01-13T03:29:01Z", "event":"FuelScoop", "Scooped":0.130721, "Total":15.097213 }
{ "timestamp":"2017-01-13T03:29:31Z", "event":"FSDJump", "StarSystem":"Nyanga", "StarPos":[88.188,-8.875,-58.469], "SystemAllegiance":"Independent", "SystemEconomy":"$economy_Refinery;", "SystemEconomy_Localised":"Refinery", "SystemGovernment":"$government_Cooperative;", "SystemGovernment_Localised":"Cooperative", "SystemSecurity":"$SYSTEM_SECURITY_medium;", "SystemSecurity_Localised":"Medium Security", "JumpDist":8.193, "FuelUsed":0.453574, "FuelLevel":14.643639, "SystemFaction":"Uniting Nyanga" }
{ "timestamp":"2017-01-13T03:29:58Z", "event":"FuelScoop", "Scooped":1.197435, "Total":15.841074 }
{ "timestamp":"2017-01-13T03:30:17Z", "event":"FSDJump", "StarSystem":"Trianguli Sector MS-T b3-4", "StarPos":[85.563,-11.688,-61.563], "SystemAllegiance":"", "SystemEconomy":"$economy_None;", "SystemEconomy_Localised":"None", "SystemGovernment":"$government_None;", "SystemGovernment_Localised":"None", "SystemSecurity":"$SYSTEM_SECURITY_low;", "SystemSecurity_Localised":"Low Security", "JumpDist":4.937, "FuelUsed":0.141814, "FuelLevel":15.699260 }
{ "timestamp":"2017-01-13T03:30:42Z", "event":"FuelScoop", "Scooped":0.300740, "Total":16.000000 }
{ "timestamp":"2017-01-13T03:31:06Z", "event":"FSDJump", "StarSystem":"Trianguli Sector IM-V b2-8", "StarPos":[82.313,-15.531,-65.594], "SystemAllegiance":"", "SystemEconomy":"$economy_None;", "SystemEconomy_Localised":"None", "SystemGovernment":"$government_None;", "SystemGovernment_Localised":"None", "SystemSecurity":"$SYSTEM_SECURITY_low;", "SystemSecurity_Localised":"Low Security", "JumpDist":6.449, "FuelUsed":0.263341, "FuelLevel":15.736659 }
{ "timestamp":"2017-01-13T03:31:32Z", "event":"FuelScoop", "Scooped":0.263341, "Total":16.000000 }
{ "timestamp":"2017-01-13T03:32:01Z", "event":"FSDJump", "StarSystem":"Friggi", "StarPos":[84.969,-20.844,-68.969], "SystemAllegiance":"Independent", "SystemEconomy":"$economy_Refinery;", "SystemEconomy_Localised":"Refinery", "SystemGovernment":"$government_Patronage;", "SystemGovernment_Localised":"Patronage", "SystemSecurity":"$SYSTEM_SECURITY_low;", "SystemSecurity_Localised":"Low Security", "JumpDist":6.831, "FuelUsed":0.300655, "FuelLevel":15.699346, "SystemFaction":"Friggi Independent Union", "FactionState":"Boom" }
{ "timestamp":"2017-01-13T03:32:30Z", "event":"FuelScoop", "Scooped":0.300654, "Total":16.000000 }
{ "timestamp":"2017-01-13T03:32:58Z", "event":"FSDJump", "StarSystem":"Kotait", "StarPos":[86.906,-24.313,-72.969], "SystemAllegiance":"Independent", "SystemEconomy":"$economy_Industrial;", "SystemEconomy_Localised":"Industrial", "SystemGovernment":"$government_Communism;", "SystemGovernment_Localised":"Communism", "SystemSecurity":"$SYSTEM_SECURITY_high;", "SystemSecurity_Localised":"High Security", "JumpDist":5.638, "FuelUsed":0.193321, "FuelLevel":15.806680, "SystemFaction":"Left Party of Kotait" }
{ "timestamp":"2017-01-13T03:33:28Z", "event":"FuelScoop", "Scooped":0.193320, "Total":16.000000 }
{ "timestamp":"2017-01-13T03:33:56Z", "event":"FSDJump", "StarSystem":"Trianguli Sector ON-S a4-3", "StarPos":[88.594,-27.031,-77.406], "SystemAllegiance":"", "SystemEconomy":"$economy_None;", "SystemEconomy_Localised":"None", "SystemGovernment":"$government_None;", "SystemGovernment_Localised":"None", "SystemSecurity":"$SYSTEM_SECURITY_low;", "SystemSecurity_Localised":"Low Security", "JumpDist":5.471, "FuelUsed":0.180402, "FuelLevel":15.819597 }
{ "timestamp":"2017-01-13T03:34:53Z", "event":"FSDJump", "StarSystem":"Njunga", "StarPos":[91.469,-32.188,-79.563], "SystemAllegiance":"Independent", "SystemEconomy":"$economy_Agri;", "SystemEconomy_Localised":"Agriculture", "SystemGovernment":"$government_Corporate;", "SystemGovernment_Localised":"Corporate", "SystemSecurity":"$SYSTEM_SECURITY_high;", "SystemSecurity_Localised":"High Security", "JumpDist":6.285, "FuelUsed":0.247892, "FuelLevel":15.571705, "SystemFaction":"Purple Natural Company" }
{ "timestamp":"2017-01-13T03:35:13Z", "event":"HeatWarning" }
{ "timestamp":"2017-01-13T03:35:16Z", "event":"SupercruiseExit", "StarSystem":"Njunga", "Body":"Njunga A", "BodyType":"Star" }
{ "timestamp":"2017-01-13T03:35:16Z", "event":"HeatWarning" }
{ "timestamp":"2017-01-13T03:36:20Z", "event":"HeatWarning" }
{ "timestamp":"2017-01-13T03:36:45Z", "event":"FSDJump", "StarSystem":"10 G. Canis Majoris", "StarPos":[96.563,-38.281,-80.313], "SystemAllegiance":"Federation", "SystemEconomy":"$economy_Terraforming;", "SystemEconomy_Localised":"Terraforming", "SystemGovernment":"$government_Democracy;", "SystemGovernment_Localised":"Democracy", "SystemSecurity":"$SYSTEM_SECURITY_medium;", "SystemSecurity_Localised":"Medium Security", "JumpDist":7.978, "FuelUsed":0.429576, "FuelLevel":15.570424, "SystemFaction":"Values Party of 10 G. Canis Majoris", "FactionState":"Boom" }
{ "timestamp":"2017-01-13T03:36:46Z", "event":"HeatWarning" }
{ "timestamp":"2017-01-13T03:37:05Z", "event":"HeatWarning" }
{ "timestamp":"2017-01-13T03:37:18Z", "event":"FuelScoop", "Scooped":0.429576, "Total":16.000000 }
{ "timestamp":"2017-01-13T03:37:51Z", "event":"FSDJump", "StarSystem":"Trianguli Sector RI-S a4-3", "StarPos":[101.250,-40.313,-83.750], "SystemAllegiance":"", "SystemEconomy":"$economy_None;", "SystemEconomy_Localised":"None", "SystemGovernment":"$government_None;", "SystemGovernment_Localised":"None", "SystemSecurity":"$SYSTEM_SECURITY_low;", "SystemSecurity_Localised":"Low Security", "JumpDist":6.158, "FuelUsed":0.236769, "FuelLevel":15.763231 }
{ "timestamp":"2017-01-13T03:38:44Z", "event":"FSDJump", "StarSystem":"Trianguli Sector RI-S a4-0", "StarPos":[103.188,-42.406,-83.344], "SystemAllegiance":"", "SystemEconomy":"$economy_None;", "SystemEconomy_Localised":"None", "SystemGovernment":"$government_None;", "SystemGovernment_Localised":"None", "SystemSecurity":"$SYSTEM_SECURITY_low;", "SystemSecurity_Localised":"Low Security", "JumpDist":2.881, "FuelUsed":0.041217, "FuelLevel":15.722014 }
{ "timestamp":"2017-01-13T03:39:58Z", "event":"FSDJump", "StarSystem":"Hyades Sector VU-T a18-2", "StarPos":[111.344,-44.250,-84.031], "SystemAllegiance":"", "SystemEconomy":"$economy_None;", "SystemEconomy_Localised":"None", "SystemGovernment":"$government_None;", "SystemGovernment_Localised":"None", "SystemSecurity":"$SYSTEM_SECURITY_low;", "SystemSecurity_Localised":"Low Security", "JumpDist":8.390, "FuelUsed":0.481418, "FuelLevel":15.240596 }
{ "timestamp":"2017-01-13T03:40:43Z", "event":"FSDJump", "StarSystem":"Hyades Sector MS-J b9-5", "StarPos":[112.906,-47.094,-82.750], "SystemAllegiance":"", "SystemEconomy":"$economy_None;", "SystemEconomy_Localised":"None", "SystemGovernment":"$government_None;", "SystemGovernment_Localised":"None", "SystemSecurity":"$SYSTEM_SECURITY_low;", "SystemSecurity_Localised":"Low Security", "JumpDist":3.489, "FuelUsed":0.063735, "FuelLevel":15.176861 }
{ "timestamp":"2017-01-13T03:41:07Z", "event":"FuelScoop", "Scooped":0.435477, "Total":15.612338 }
{ "timestamp":"2017-01-13T03:41:35Z", "event":"FSDJump", "StarSystem":"Chime", "StarPos":[114.969,-50.906,-82.438], "SystemAllegiance":"Independent", "SystemEconomy":"$economy_Extraction;", "SystemEconomy_Localised":"Extraction", "SystemGovernment":"$government_PrisonColony;", "SystemGovernment_Localised":"Prison colony", "SystemSecurity":"$SYSTEM_SECURITY_low;", "SystemSecurity_Localised":"Low Security", "JumpDist":4.346, "FuelUsed":0.105937, "FuelLevel":15.506401, "SystemFaction":"Chime Prison Colony" }
{ "timestamp":"2017-01-13T03:41:46Z", "event":"ReceiveText", "From":"$npc_name_decorate:#name=Cheryl Clarke;", "From_Localised":"Cheryl Clarke", "Message":"$Pirate_HunterHostileSC_Relevant01;", "Message_Localised":"That's the ship I'm looking for, the one with the big haul...", "Channel":"npc" }
{ "timestamp":"2017-01-13T03:42:32Z", "event":"FSDJump", "StarSystem":"HIP 29241", "StarPos":[119.125,-53.406,-91.625], "SystemAllegiance":"Federation", "SystemEconomy":"$economy_Industrial;", "SystemEconomy_Localised":"Industrial", "SystemGovernment":"$government_Democracy;", "SystemGovernment_Localised":"Democracy", "SystemSecurity":"$SYSTEM_SECURITY_high;", "SystemSecurity_Localised":"High Security", "JumpDist":10.389, "FuelUsed":0.785746, "FuelLevel":14.330655, "SystemFaction":"Independent HIP 29241 Green Party" }
{ "timestamp":"2017-01-13T03:43:19Z", "event":"FuelScoop", "Scooped":0.845078, "Total":15.175734 }
{ "timestamp":"2017-01-13T03:44:11Z", "event":"FSDJump", "StarSystem":"Meene", "StarPos":[118.781,-56.438,-97.188], "SystemAllegiance":"Independent", "SystemEconomy":"$economy_Industrial;", "SystemEconomy_Localised":"Industrial", "SystemGovernment":"$government_Anarchy;", "SystemGovernment_Localised":"Anarchy", "SystemSecurity":"$GAlAXY_MAP_INFO_state_anarchy;", "SystemSecurity_Localised":"Anarchy", "JumpDist":6.344, "FuelUsed":0.252055, "FuelLevel":14.923678, "SystemFaction":"Meene Purple Drug Empire" }
{ "timestamp":"2017-01-13T03:44:38Z", "event":"FuelScoop", "Scooped":0.551430, "Total":15.475108 }
{ "timestamp":"2017-01-13T03:45:56Z", "event":"SupercruiseExit", "StarSystem":"Meene", "Body":"Felice Dock", "BodyType":"Station" }
{ "timestamp":"2017-01-13T03:46:05Z", "event":"DockingRequested", "StationName":"Felice Dock" }
{ "timestamp":"2017-01-13T03:46:05Z", "event":"ReceiveText", "From":"Felice Dock", "Message":"$DockingChatter_Neutral;", "Message_Localised":"Ensure to observe starport protocol during your visit, pilot.", "Channel":"npc" }
{ "timestamp":"2017-01-13T03:46:07Z", "event":"ReceiveText", "From":"Felice Dock", "Message":"$STATION_docking_granted;", "Message_Localised":"Docking request granted.", "Channel":"npc" }
{ "timestamp":"2017-01-13T03:46:07Z", "event":"DockingGranted", "LandingPad":15, "StationName":"Felice Dock" }
{ "timestamp":"2017-01-13T03:46:23Z", "event":"ReceiveText", "From":"Felice Dock", "Message":"$STATION_NoFireZone_entered;", "Message_Localised":"No fire zone entered.", "Channel":"npc" }
{ "timestamp":"2017-01-13T03:48:02Z", "event":"Docked", "StationName":"Felice Dock", "StationType":"Bernal", "StarSystem":"Meene", "StationFaction":"Meene Purple Drug Empire", "StationGovernment":"$government_Anarchy;", "StationGovernment_Localised":"Anarchy", "StationEconomy":"$economy_Industrial;", "StationEconomy_Localised":"Industrial" }
{ "timestamp":"2017-01-13T03:52:08Z", "event":"Undocked", "StationName":"Felice Dock", "StationType":"Bernal" }
{ "timestamp":"2017-01-13T03:52:45Z", "event":"ReceiveText", "From":"Felice Dock", "Message":"$STATION_NoFireZone_exited;", "Message_Localised":"No fire zone left.", "Channel":"npc" }
{ "timestamp":"2017-01-13T03:53:41Z", "event":"FSDJump", "StarSystem":"Hyades Sector SY-R c4-16", "StarPos":[124.375,-52.188,-98.344], "SystemAllegiance":"Independent", "SystemEconomy":"$economy_Military;", "SystemEconomy_Localised":"Military", "SystemGovernment":"$government_Corporate;", "SystemGovernment_Localised":"Corporate", "SystemSecurity":"$SYSTEM_SECURITY_low;", "SystemSecurity_Localised":"Low Security", "JumpDist":7.120, "FuelUsed":0.329384, "FuelLevel":15.145724, "SystemFaction":"HIP 29241 Exchange" }
{ "timestamp":"2017-01-13T03:54:08Z", "event":"FuelScoop", "Scooped":0.765520, "Total":15.911244 }
{ "timestamp":"2017-01-13T03:54:27Z", "event":"FSDJump", "StarSystem":"Hyades Sector JM-L b8-7", "StarPos":[127.000,-46.781,-93.938], "SystemAllegiance":"", "SystemEconomy":"$economy_None;", "SystemEconomy_Localised":"None", "SystemGovernment":"$government_None;", "SystemGovernment_Localised":"None", "SystemSecurity":"$SYSTEM_SECURITY_low;", "SystemSecurity_Localised":"Low Security", "JumpDist":7.452, "FuelUsed":0.366354, "FuelLevel":15.544890 }
{ "timestamp":"2017-01-13T03:54:38Z", "event":"ReceiveText", "From":"$npc_name_decorate:#name=Jennifer Sparling;", "From_Localised":"Jennifer Sparling", "Message":"$Pirate_HunterHostileSC_Relevant02;", "Message_Localised":"I knew I'd find you eventually, all that tasty cargo!", "Channel":"npc" }
{ "timestamp":"2017-01-13T03:54:52Z", "event":"FuelScoop", "Scooped":0.455110, "Total":16.000000 }
{ "timestamp":"2017-01-13T03:54:53Z", "event":"ReceiveText", "From":"$npc_name_decorate:#name=Jennifer Sparling;", "From_Localised":"Jennifer Sparling", "Message":"$Pirate_StartInterdiction03;", "Message_Localised":"I have you now!", "Channel":"npc" }
{ "timestamp":"2017-01-13T03:55:24Z", "event":"FSDJump", "StarSystem":"Col 285 Sector GP-K a24-3", "StarPos":[135.156,-43.875,-89.500], "SystemAllegiance":"", "SystemEconomy":"$economy_None;", "SystemEconomy_Localised":"None", "SystemGovernment":"$government_None;", "SystemGovernment_Localised":"None", "SystemSecurity":"$SYSTEM_SECURITY_low;", "SystemSecurity_Localised":"Low Security", "JumpDist":9.729, "FuelUsed":0.678160, "FuelLevel":15.321840 }
{ "timestamp":"2017-01-13T03:56:09Z", "event":"FSDJump", "StarSystem":"Col 285 Sector GP-K a24-0", "StarPos":[136.563,-43.688,-86.313], "SystemAllegiance":"", "SystemEconomy":"$economy_None;", "SystemEconomy_Localised":"None", "SystemGovernment":"$government_None;", "SystemGovernment_Localised":"None", "SystemSecurity":"$SYSTEM_SECURITY_low;", "SystemSecurity_Localised":"Low Security", "JumpDist":3.489, "FuelUsed":0.063791, "FuelLevel":15.258050 }
{ "timestamp":"2017-01-13T03:56:33Z", "event":"FuelScoop", "Scooped":0.616088, "Total":15.874138 }
{ "timestamp":"2017-01-13T03:56:55Z", "event":"FSDJump", "StarSystem":"HIP 32159", "StarPos":[143.219,-43.656,-81.375], "SystemAllegiance":"", "SystemEconomy":"$economy_None;", "SystemEconomy_Localised":"None", "SystemGovernment":"$government_None;", "SystemGovernment_Localised":"None", "SystemSecurity":"$SYSTEM_SECURITY_low;", "SystemSecurity_Localised":"Low Security", "JumpDist":8.288, "FuelUsed":0.468183, "FuelLevel":15.405955 }
{ "timestamp":"2017-01-13T03:57:17Z", "event":"FuelScoop", "Scooped":0.172688, "Total":15.578643 }
{ "timestamp":"2017-01-13T03:57:41Z", "event":"FSDJump", "StarSystem":"Col 285 Sector LV-I a25-5", "StarPos":[148.688,-38.563,-82.906], "SystemAllegiance":"", "SystemEconomy":"$economy_None;", "SystemEconomy_Localised":"None", "SystemGovernment":"$government_None;", "SystemGovernment_Localised":"None", "SystemSecurity":"$SYSTEM_SECURITY_low;", "SystemSecurity_Localised":"Low Security", "JumpDist":7.629, "FuelUsed":0.386361, "FuelLevel":15.192282 }
{ "timestamp":"2017-01-13T03:57:52Z", "event":"ReceiveText", "From":"$npc_name_decorate:#name=Irimus Mouscavich;", "From_Localised":"Irimus Mouscavich", "Message":"$Pirate_HunterHostileSC_Relevant02;", "Message_Localised":"I knew I'd find you eventually, all that tasty cargo!", "Channel":"npc" }
{ "timestamp":"2017-01-13T03:57:56Z", "event":"ReceiveText", "From":"$npc_name_decorate:#name=Irimus Mouscavich;", "From_Localised":"Irimus Mouscavich", "Message":"$Pirate_StartInterdiction06;", "Message_Localised":"Make it easy on yourself and submit.", "Channel":"npc" }
{ "timestamp":"2017-01-13T03:58:18Z", "event":"EscapeInterdiction", "Interdictor":"Irimus Mouscavich", "IsPlayer":false }
{ "timestamp":"2017-01-13T03:59:06Z", "event":"FSDJump", "StarSystem":"Col 285 Sector LV-I a25-0", "StarPos":[152.156,-39.719,-78.219], "SystemAllegiance":"", "SystemEconomy":"$economy_None;", "SystemEconomy_Localised":"None", "SystemGovernment":"$government_None;", "SystemGovernment_Localised":"None", "SystemSecurity":"$SYSTEM_SECURITY_low;", "SystemSecurity_Localised":"Low Security", "JumpDist":5.945, "FuelUsed":0.217105, "FuelLevel":14.975176 }
{ "timestamp":"2017-01-13T04:00:06Z", "event":"FSDJump", "StarSystem":"Col 285 Sector MV-I a25-2", "StarPos":[158.281,-41.938,-79.438], "SystemAllegiance":"", "SystemEconomy":"$economy_None;", "SystemEconomy_Localised":"None", "SystemGovernment":"$government_None;", "SystemGovernment_Localised":"None", "SystemSecurity":"$SYSTEM_SECURITY_low;", "SystemSecurity_Localised":"Low Security", "JumpDist":6.628, "FuelUsed":0.278321, "FuelLevel":14.696855 }
{ "timestamp":"2017-01-13T04:01:07Z", "event":"FSDJump", "StarSystem":"Col 285 Sector NV-I a25-1", "StarPos":[166.594,-42.844,-82.063], "SystemAllegiance":"", "SystemEconomy":"$economy_None;", "SystemEconomy_Localised":"None", "SystemGovernment":"$government_None;", "SystemGovernment_Localised":"None", "SystemSecurity":"$SYSTEM_SECURITY_low;", "SystemSecurity_Localised":"Low Security", "JumpDist":8.764, "FuelUsed":0.528170, "FuelLevel":14.168684 }
{ "timestamp":"2017-01-13T04:02:04Z", "event":"FSDJump", "StarSystem":"Col 285 Sector NV-I a25-2", "StarPos":[168.156,-41.719,-81.031], "SystemAllegiance":"", "SystemEconomy":"$economy_None;", "SystemEconomy_Localised":"None", "SystemGovernment":"$government_None;", "SystemGovernment_Localised":"None", "SystemSecurity":"$SYSTEM_SECURITY_low;", "SystemSecurity_Localised":"Low Security", "JumpDist":2.184, "FuelUsed":0.021537, "FuelLevel":14.147146 }
{ "timestamp":"2017-01-13T04:02:31Z", "event":"FuelScoop", "Scooped":1.382046, "Total":15.529192 }
{ "timestamp":"2017-01-13T04:03:01Z", "event":"FSDJump", "StarSystem":"Col 285 Sector OV-I a25-3", "StarPos":[175.625,-39.688,-82.969], "SystemAllegiance":"", "SystemEconomy":"$economy_None;", "SystemEconomy_Localised":"None", "SystemGovernment":"$government_None;", "SystemGovernment_Localised":"None", "SystemSecurity":"$SYSTEM_SECURITY_low;", "SystemSecurity_Localised":"Low Security", "JumpDist":7.979, "FuelUsed":0.427868, "FuelLevel":15.101323 }
{ "timestamp":"2017-01-13T04:03:47Z", "event":"FSDJump", "StarSystem":"Col 285 Sector OV-I a25-1", "StarPos":[178.063,-37.875,-83.188], "SystemAllegiance":"", "SystemEconomy":"$economy_None;", "SystemEconomy_Localised":"None", "SystemGovernment":"$government_None;", "SystemGovernment_Localised":"None", "SystemSecurity":"$SYSTEM_SECURITY_low;", "SystemSecurity_Localised":"Low Security", "JumpDist":3.045, "FuelUsed":0.046583, "FuelLevel":15.054740 }
{ "timestamp":"2017-01-13T04:04:44Z", "event":"FSDJump", "StarSystem":"Col 285 Sector PV-I a25-2", "StarPos":[185.188,-41.344,-81.500], "SystemAllegiance":"", "SystemEconomy":"$economy_None;", "SystemEconomy_Localised":"None", "SystemGovernment":"$government_None;", "SystemGovernment_Localised":"None", "SystemSecurity":"$SYSTEM_SECURITY_low;", "SystemSecurity_Localised":"Low Security", "JumpDist":8.102, "FuelUsed":0.442062, "FuelLevel":14.612679 }
{ "timestamp":"2017-01-13T04:05:40Z", "event":"FSDJump", "StarSystem":"Col 285 Sector PV-I a25-1", "StarPos":[186.531,-40.594,-83.813], "SystemAllegiance":"", "SystemEconomy":"$economy_None;", "SystemEconomy_Localised":"None", "SystemGovernment":"$government_None;", "SystemGovernment_Localised":"None", "SystemSecurity":"$SYSTEM_SECURITY_low;", "SystemSecurity_Localised":"Low Security", "JumpDist":2.778, "FuelUsed":0.037563, "FuelLevel":14.575115 }
{ "timestamp":"2017-01-13T04:06:24Z", "event":"FSDJump", "StarSystem":"Col 285 Sector LP-K a24-3", "StarPos":[193.438,-43.906,-85.125], "SystemAllegiance":"", "SystemEconomy":"$economy_None;", "SystemEconomy_Localised":"None", "SystemGovernment":"$government_None;", "SystemGovernment_Localised":"None", "SystemSecurity":"$SYSTEM_SECURITY_low;", "SystemSecurity_Localised":"Low Security", "JumpDist":7.771, "FuelUsed":0.400200, "FuelLevel":14.174914 }
{ "timestamp":"2017-01-13T04:07:18Z", "event":"FSDJump", "StarSystem":"Col 285 Sector QV-I a25-0", "StarPos":[196.000,-42.094,-84.250], "SystemAllegiance":"", "SystemEconomy":"$economy_None;", "SystemEconomy_Localised":"None", "SystemGovernment":"$government_None;", "SystemGovernment_Localised":"None", "SystemSecurity":"$SYSTEM_SECURITY_low;", "SystemSecurity_Localised":"Low Security", "JumpDist":3.258, "FuelUsed":0.054048, "FuelLevel":14.120867 }
{ "timestamp":"2017-01-13T04:07:29Z", "event":"ReceiveText", "From":"$npc_name_decorate:#name=Ian 'Wilko' Wilkinson;", "From_Localised":"Ian 'Wilko' Wilkinson", "Message":"$Pirate_HunterHostileSC_Relevant02;", "Message_Localised":"I knew I'd find you eventually, all that tasty cargo!", "Channel":"npc" }
{ "timestamp":"2017-01-13T04:07:36Z", "event":"ReceiveText", "From":"$npc_name_decorate:#name=Ian 'Wilko' Wilkinson;", "From_Localised":"Ian 'Wilko' Wilkinson", "Message":"$Pirate_StartInterdiction02;", "Message_Localised":"There's no escape!", "Channel":"npc" }
{ "timestamp":"2017-01-13T04:08:02Z", "event":"EscapeInterdiction", "Interdictor":"Ian 'Wilko' Wilkinson", "IsPlayer":false }
{ "timestamp":"2017-01-13T04:08:42Z", "event":"FSDJump", "StarSystem":"Col 285 Sector MP-K a24-0", "StarPos":[200.938,-37.344,-85.156], "SystemAllegiance":"", "SystemEconomy":"$economy_None;", "SystemEconomy_Localised":"None", "SystemGovernment":"$government_None;", "SystemGovernment_Localised":"None", "SystemSecurity":"$SYSTEM_SECURITY_low;", "SystemSecurity_Localised":"Low Security", "JumpDist":6.911, "FuelUsed":0.304540, "FuelLevel":13.426327 }
{ "timestamp":"2017-01-13T04:09:37Z", "event":"FSDJump", "StarSystem":"Col 285 Sector RV-I a25-0", "StarPos":[206.656,-43.531,-82.281], "SystemAllegiance":"", "SystemEconomy":"$economy_None;", "SystemEconomy_Localised":"None", "SystemGovernment":"$government_None;", "SystemGovernment_Localised":"None", "SystemSecurity":"$SYSTEM_SECURITY_low;", "SystemSecurity_Localised":"Low Security", "JumpDist":8.903, "FuelUsed":0.542414, "FuelLevel":12.883913 }
{ "timestamp":"2017-01-13T04:10:23Z", "event":"FSDJump", "StarSystem":"Col 285 Sector EV-O c6-11", "StarPos":[211.781,-43.813,-83.750], "SystemAllegiance":"", "SystemEconomy":"$economy_None;", "SystemEconomy_Localised":"None", "SystemGovernment":"$government_None;", "SystemGovernment_Localised":"None", "SystemSecurity":"$SYSTEM_SECURITY_low;", "SystemSecurity_Localised":"Low Security", "JumpDist":5.339, "FuelUsed":0.166649, "FuelLevel":12.717264 }
{ "timestamp":"2017-01-13T04:10:58Z", "event":"FuelScoop", "Scooped":1.650398, "Total":14.367662 }
{ "timestamp":"2017-01-13T04:11:29Z", "event":"FSDJump", "StarSystem":"Col 285 Sector ML-D b13-2", "StarPos":[219.344,-45.563,-83.125], "SystemAllegiance":"", "SystemEconomy":"$economy_None;", "SystemEconomy_Localised":"None", "SystemGovernment":"$government_None;", "SystemGovernment_Localised":"None", "SystemSecurity":"$SYSTEM_SECURITY_low;", "SystemSecurity_Localised":"Low Security", "JumpDist":7.787, "FuelUsed":0.401170, "FuelLevel":13.966493 }
{ "timestamp":"2017-01-13T04:11:57Z", "event":"FuelScoop", "Scooped":1.377598, "Total":15.344090 }
{ "timestamp":"2017-01-13T04:12:35Z", "event":"FSDJump", "StarSystem":"Col 285 Sector TV-I a25-0", "StarPos":[225.438,-42.906,-82.375], "SystemAllegiance":"", "SystemEconomy":"$economy_None;", "SystemEconomy_Localised":"None", "SystemGovernment":"$government_None;", "SystemGovernment_Localised":"None", "SystemSecurity":"$SYSTEM_SECURITY_low;", "SystemSecurity_Localised":"Low Security", "JumpDist":6.690, "FuelUsed":0.285131, "FuelLevel":15.058960 }
{ "timestamp":"2017-01-13T04:12:52Z", "event":"SupercruiseExit", "StarSystem":"Col 285 Sector TV-I a25-0", "Body":"Col 285 Sector TV-I a25-0", "BodyType":"Star" }
{ "timestamp":"2017-01-13T04:13:09Z", "event":"EjectCargo", "Type":"neofabricinsulation", "Count":3, "Abandoned":true }
{ "timestamp":"2017-01-13T04:13:10Z", "event":"EjectCargo", "Type":"hnshockmount", "Count":4, "Abandoned":false }
{ "timestamp":"2017-01-13T04:13:11Z", "event":"EjectCargo", "Type":"coolinghoses", "Count":4, "Abandoned":false }
{ "timestamp":"2017-01-13T04:14:02Z", "event":"SupercruiseEntry", "StarSystem":"Col 285 Sector TV-I a25-0" }
{ "timestamp":"2017-01-13T04:15:15Z", "event":"FSDJump", "StarSystem":"Col 285 Sector TV-I a25-6", "StarPos":[230.156,-40.813,-79.719], "SystemAllegiance":"", "SystemEconomy":"$economy_None;", "SystemEconomy_Localised":"None", "SystemGovernment":"$government_None;", "SystemGovernment_Localised":"None", "SystemSecurity":"$SYSTEM_SECURITY_low;", "SystemSecurity_Localised":"Low Security", "JumpDist":5.806, "FuelUsed":0.189055, "FuelLevel":14.869905 }
{ "timestamp":"2017-01-13T04:16:03Z", "event":"EngineerProgress", "Engineer":"Elvira Martuuk", "Progress":"Invited" }
{ "timestamp":"2017-01-13T04:17:44Z", "event":"FSDJump", "StarSystem":"Col 285 Sector UV-I a25-0", "StarPos":[236.781,-38.781,-81.188], "SystemAllegiance":"", "SystemEconomy":"$economy_None;", "SystemEconomy_Localised":"None", "SystemGovernment":"$government_None;", "SystemGovernment_Localised":"None", "SystemSecurity":"$SYSTEM_SECURITY_low;", "SystemSecurity_Localised":"Low Security", "JumpDist":7.083, "FuelUsed":0.298293, "FuelLevel":14.571612 }
{ "timestamp":"2017-01-13T04:18:49Z", "event":"FSDJump", "StarSystem":"Col 285 Sector UV-I a25-5", "StarPos":[243.094,-37.656,-77.344], "SystemAllegiance":"", "SystemEconomy":"$economy_None;", "SystemEconomy_Localised":"None", "SystemGovernment":"$government_None;", "SystemGovernment_Localised":"None", "SystemSecurity":"$SYSTEM_SECURITY_low;", "SystemSecurity_Localised":"Low Security", "JumpDist":7.476, "FuelUsed":0.336909, "FuelLevel":14.234703 }
{ "timestamp":"2017-01-13T04:19:36Z", "event":"FSDJump", "StarSystem":"Col 285 Sector XG-H a26-0", "StarPos":[246.563,-34.313,-74.344], "SystemAllegiance":"", "SystemEconomy":"$economy_None;", "SystemEconomy_Localised":"None", "SystemGovernment":"$government_None;", "SystemGovernment_Localised":"None", "SystemSecurity":"$SYSTEM_SECURITY_low;", "SystemSecurity_Localised":"Low Security", "JumpDist":5.676, "FuelUsed":0.178324, "FuelLevel":14.056379 }
{ "timestamp":"2017-01-13T04:22:38Z", "event":"FSDJump", "StarSystem":"Col 285 Sector XG-H a26-1", "StarPos":[248.750,-32.688,-74.656], "SystemAllegiance":"", "SystemEconomy":"$economy_None;", "SystemEconomy_Localised":"None", "SystemGovernment":"$government_None;", "SystemGovernment_Localised":"None", "SystemSecurity":"$SYSTEM_SECURITY_low;", "SystemSecurity_Localised":"Low Security", "JumpDist":2.743, "FuelUsed":0.033439, "FuelLevel":14.022940 }
{ "timestamp":"2017-01-13T04:23:32Z", "event":"FSDJump", "StarSystem":"Col 285 Sector FV-O c6-2", "StarPos":[254.344,-33.500,-72.188], "SystemAllegiance":"", "SystemEconomy":"$economy_None;", "SystemEconomy_Localised":"None", "SystemGovernment":"$government_None;", "SystemGovernment_Localised":"None", "SystemSecurity":"$SYSTEM_SECURITY_low;", "SystemSecurity_Localised":"Low Security", "JumpDist":6.168, "FuelUsed":0.215580, "FuelLevel":13.807360 }
{ "timestamp":"2017-01-13T04:24:01Z", "event":"FuelScoop", "Scooped":1.226172, "Total":15.033532 }
{ "timestamp":"2017-01-13T04:24:33Z", "event":"FSDJump", "StarSystem":"Synuefe SN-F a93-1", "StarPos":[259.000,-34.156,-73.000], "SystemAllegiance":"", "SystemEconomy":"$economy_None;", "SystemEconomy_Localised":"None", "SystemGovernment":"$government_None;", "SystemGovernment_Localised":"None", "SystemSecurity":"$SYSTEM_SECURITY_low;", "SystemSecurity_Localised":"Low Security", "JumpDist":4.772, "FuelUsed":0.120386, "FuelLevel":14.913146 }
{ "timestamp":"2017-01-13T04:25:41Z", "event":"FSDJump", "StarSystem":"Synuefe UI-F a93-0", "StarPos":[262.750,-35.969,-70.406], "SystemAllegiance":"", "SystemEconomy":"$economy_None;", "SystemEconomy_Localised":"None", "SystemGovernment":"$government_None;", "SystemGovernment_Localised":"None", "SystemSecurity":"$SYSTEM_SECURITY_low;", "SystemSecurity_Localised":"Low Security", "JumpDist":4.907, "FuelUsed":0.128246, "FuelLevel":14.784900 }
{ "timestamp":"2017-01-13T04:26:41Z", "event":"FSDJump", "StarSystem":"Synuefe VI-F a93-2", "StarPos":[270.781,-35.125,-72.688], "SystemAllegiance":"", "SystemEconomy":"$economy_None;", "SystemEconomy_Localised":"None", "SystemGovernment":"$government_None;", "SystemGovernment_Localised":"None", "SystemSecurity":"$SYSTEM_SECURITY_low;", "SystemSecurity_Localised":"Low Security", "JumpDist":8.391, "FuelUsed":0.440190, "FuelLevel":14.344710 }
{ "timestamp":"2017-01-13T04:27:27Z", "event":"FSDJump", "StarSystem":"Synuefe UN-F a93-0", "StarPos":[276.594,-34.938,-74.906], "SystemAllegiance":"", "SystemEconomy":"$economy_None;", "SystemEconomy_Localised":"None", "SystemGovernment":"$government_None;", "SystemGovernment_Localised":"None", "SystemSecurity":"$SYSTEM_SECURITY_low;", "SystemSecurity_Localised":"Low Security", "JumpDist":6.224, "FuelUsed":0.220682, "FuelLevel":14.124029 }
{ "timestamp":"2017-01-13T04:28:13Z", "event":"FSDJump", "StarSystem":"Synuefe UN-F a93-3", "StarPos":[281.813,-33.219,-73.469], "SystemAllegiance":"", "SystemEconomy":"$economy_None;", "SystemEconomy_Localised":"None", "SystemGovernment":"$government_None;", "SystemGovernment_Localised":"None", "SystemSecurity":"$SYSTEM_SECURITY_low;", "SystemSecurity_Localised":"Low Security", "JumpDist":5.679, "FuelUsed":0.178445, "FuelLevel":13.945584 }
{ "timestamp":"2017-01-13T04:28:23Z", "event":"SupercruiseExit", "StarSystem":"Synuefe UN-F a93-3", "Body":"Synuefe UN-F a93-3", "BodyType":"Star" }
{ "timestamp":"2017-01-13T04:29:44Z", "event":"FSDJump", "StarSystem":"Synuefe VN-F a93-0", "StarPos":[285.438,-34.250,-73.188], "SystemAllegiance":"", "SystemEconomy":"$economy_None;", "SystemEconomy_Localised":"None", "SystemGovernment":"$government_None;", "SystemGovernment_Localised":"None", "SystemSecurity":"$SYSTEM_SECURITY_low;", "SystemSecurity_Localised":"Low Security", "JumpDist":3.779, "FuelUsed":0.069833, "FuelLevel":13.875751 }
{ "timestamp":"2017-01-13T04:31:04Z", "event":"FSDJump", "StarSystem":"Synuefe VN-F a93-3", "StarPos":[286.656,-32.625,-72.906], "SystemAllegiance":"", "SystemEconomy":"$economy_None;", "SystemEconomy_Localised":"None", "SystemGovernment":"$government_None;", "SystemGovernment_Localised":"None", "SystemSecurity":"$SYSTEM_SECURITY_low;", "SystemSecurity_Localised":"Low Security", "JumpDist":2.051, "FuelUsed":0.017053, "FuelLevel":13.468698 }
{ "timestamp":"2017-01-13T04:32:18Z", "event":"FSDJump", "StarSystem":"Synuefe YI-F a93-2", "StarPos":[295.188,-36.563,-72.563], "SystemAllegiance":"", "SystemEconomy":"$economy_None;", "SystemEconomy_Localised":"None", "SystemGovernment":"$government_None;", "SystemGovernment_Localised":"None", "SystemSecurity":"$SYSTEM_SECURITY_low;", "SystemSecurity_Localised":"Low Security", "JumpDist":9.402, "FuelUsed":0.566053, "FuelLevel":12.902645 }
{ "timestamp":"2017-01-13T04:33:18Z", "event":"FSDJump", "StarSystem":"Synuefe UC-H a92-2", "StarPos":[301.906,-36.875,-75.688], "SystemAllegiance":"", "SystemEconomy":"$economy_None;", "SystemEconomy_Localised":"None", "SystemGovernment":"$government_None;", "SystemGovernment_Localised":"None", "SystemSecurity":"$SYSTEM_SECURITY_low;", "SystemSecurity_Localised":"Low Security", "JumpDist":7.417, "FuelUsed":0.326570, "FuelLevel":12.576075 }
{ "timestamp":"2017-01-13T04:34:25Z", "event":"FSDJump", "StarSystem":"Synuefe VC-H a92-7", "StarPos":[305.500,-38.500,-77.469], "SystemAllegiance":"", "SystemEconomy":"$economy_None;", "SystemEconomy_Localised":"None", "SystemGovernment":"$government_None;", "SystemGovernment_Localised":"None", "SystemSecurity":"$SYSTEM_SECURITY_low;", "SystemSecurity_Localised":"Low Security", "JumpDist":4.328, "FuelUsed":0.094362, "FuelLevel":12.481712 }
{ "timestamp":"2017-01-13T04:35:11Z", "event":"FSDJump", "StarSystem":"Synuefe VC-H a92-2", "StarPos":[310.000,-37.594,-80.719], "SystemAllegiance":"", "SystemEconomy":"$economy_None;", "SystemEconomy_Localised":"None", "SystemGovernment":"$government_None;", "SystemGovernment_Localised":"None", "SystemSecurity":"$SYSTEM_SECURITY_low;", "SystemSecurity_Localised":"Low Security", "JumpDist":5.624, "FuelUsed":0.172296, "FuelLevel":12.309416 }
{ "timestamp":"2017-01-13T04:36:08Z", "event":"FSDJump", "StarSystem":"Synuefe VC-H a92-9", "StarPos":[313.438,-38.469,-77.906], "SystemAllegiance":"", "SystemEconomy":"$economy_None;", "SystemEconomy_Localised":"None", "SystemGovernment":"$government_None;", "SystemGovernment_Localised":"None", "SystemSecurity":"$SYSTEM_SECURITY_low;", "SystemSecurity_Localised":"Low Security", "JumpDist":4.527, "FuelUsed":0.104436, "FuelLevel":12.204980 }
{ "timestamp":"2017-01-13T04:36:58Z", "event":"FSDJump", "StarSystem":"Synuefe WC-H a92-2", "StarPos":[317.563,-40.500,-79.688], "SystemAllegiance":"", "SystemEconomy":"$economy_None;", "SystemEconomy_Localised":"None", "SystemGovernment":"$government_None;", "SystemGovernment_Localised":"None", "SystemSecurity":"$SYSTEM_SECURITY_low;", "SystemSecurity_Localised":"Low Security", "JumpDist":4.931, "FuelUsed":0.127033, "FuelLevel":12.077948 }
{ "timestamp":"2017-01-13T04:37:08Z", "event":"SupercruiseExit", "StarSystem":"Synuefe WC-H a92-2", "Body":"Synuefe WC-H a92-2", "BodyType":"Star" }
{ "timestamp":"2017-01-13T04:38:29Z", "event":"HeatWarning" }
{ "timestamp":"2017-01-13T04:38:54Z", "event":"FSDJump", "StarSystem":"Synuefe WC-H a92-3", "StarPos":[322.844,-37.844,-81.531], "SystemAllegiance":"", "SystemEconomy":"$economy_None;", "SystemEconomy_Localised":"None", "SystemGovernment":"$government_None;", "SystemGovernment_Localised":"None", "SystemSecurity":"$SYSTEM_SECURITY_low;", "SystemSecurity_Localised":"Low Security", "JumpDist":6.192, "FuelUsed":0.214304, "FuelLevel":11.863644 }
{ "timestamp":"2017-01-13T04:38:54Z", "event":"HeatWarning" }
{ "timestamp":"2017-01-13T04:39:46Z", "event":"FSDJump", "StarSystem":"Synuefe VH-H a92-0", "StarPos":[326.688,-34.656,-83.094], "SystemAllegiance":"", "SystemEconomy":"$economy_None;", "SystemEconomy_Localised":"None", "SystemGovernment":"$government_None;", "SystemGovernment_Localised":"None", "SystemSecurity":"$SYSTEM_SECURITY_low;", "SystemSecurity_Localised":"Low Security", "JumpDist":5.232, "FuelUsed":0.145210, "FuelLevel":11.718433 }
{ "timestamp":"2017-01-13T04:40:37Z", "event":"FSDJump", "StarSystem":"Synuefe VH-H a92-1", "StarPos":[328.531,-32.469,-82.156], "SystemAllegiance":"", "SystemEconomy":"$economy_None;", "SystemEconomy_Localised":"None", "SystemGovernment":"$government_None;", "SystemGovernment_Localised":"None", "SystemSecurity":"$SYSTEM_SECURITY_low;", "SystemSecurity_Localised":"Low Security", "JumpDist":3.011, "FuelUsed":0.040684, "FuelLevel":11.677750 }
{ "timestamp":"2017-01-13T04:41:41Z", "event":"FSDJump", "StarSystem":"Synuefe YC-H a92-0", "StarPos":[335.250,-36.219,-81.469], "SystemAllegiance":"", "SystemEconomy":"$economy_None;", "SystemEconomy_Localised":"None", "SystemGovernment":"$government_None;", "SystemGovernment_Localised":"None", "SystemSecurity":"$SYSTEM_SECURITY_low;", "SystemSecurity_Localised":"Low Security", "JumpDist":7.725, "FuelUsed":0.355282, "FuelLevel":11.322468 }
{ "timestamp":"2017-01-13T04:43:01Z", "event":"FSDJump", "StarSystem":"Synuefe YC-H a92-1", "StarPos":[335.375,-39.781,-80.219], "SystemAllegiance":"", "SystemEconomy":"$economy_None;", "SystemEconomy_Localised":"None", "SystemGovernment":"$government_None;", "SystemGovernment_Localised":"None", "SystemSecurity":"$SYSTEM_SECURITY_low;", "SystemSecurity_Localised":"Low Security", "JumpDist":3.778, "FuelUsed":0.068355, "FuelLevel":11.254113 }
{ "timestamp":"2017-01-13T04:43:56Z", "event":"FSDJump", "StarSystem":"Synuefe YC-H a92-4", "StarPos":[343.688,-40.000,-81.781], "SystemAllegiance":"", "SystemEconomy":"$economy_None;", "SystemEconomy_Localised":"None", "SystemGovernment":"$government_None;", "SystemGovernment_Localised":"None", "SystemSecurity":"$SYSTEM_SECURITY_low;", "SystemSecurity_Localised":"Low Security", "JumpDist":8.461, "FuelUsed":0.436543, "FuelLevel":10.817571 }
{ "timestamp":"2017-01-13T04:44:51Z", "event":"FSDJump", "StarSystem":"Synuefe ZC-H a92-4", "StarPos":[345.875,-41.438,-80.875], "SystemAllegiance":"", "SystemEconomy":"$economy_None;", "SystemEconomy_Localised":"None", "SystemGovernment":"$government_None;", "SystemGovernment_Localised":"None", "SystemSecurity":"$SYSTEM_SECURITY_low;", "SystemSecurity_Localised":"Low Security", "JumpDist":2.770, "FuelUsed":0.033358, "FuelLevel":10.784213 }
{ "timestamp":"2017-01-13T04:45:50Z", "event":"FSDJump", "StarSystem":"Synuefe ZC-H a92-2", "StarPos":[350.156,-43.500,-79.656], "SystemAllegiance":"", "SystemEconomy":"$economy_None;", "SystemEconomy_Localised":"None", "SystemGovernment":"$government_None;", "SystemGovernment_Localised":"None", "SystemSecurity":"$SYSTEM_SECURITY_low;", "SystemSecurity_Localised":"Low Security", "JumpDist":4.906, "FuelUsed":0.124178, "FuelLevel":10.660035 }
{ "timestamp":"2017-01-13T04:46:47Z", "event":"FSDJump", "StarSystem":"Synuefe XR-H d11-102", "StarPos":[357.344,-49.344,-74.750], "SystemAllegiance":"", "SystemEconomy":"$economy_None;", "SystemEconomy_Localised":"None", "SystemGovernment":"$government_None;", "SystemGovernment_Localised":"None", "SystemSecurity":"$SYSTEM_SECURITY_low;", "SystemSecurity_Localised":"Low Security", "JumpDist":10.482, "FuelUsed":0.711250, "FuelLevel":9.948786 }
{ "timestamp":"2017-01-13T04:48:33Z", "event":"FuelScoop", "Scooped":6.051214, "Total":16.000000 }
{ "timestamp":"2017-01-13T04:54:03Z", "event":"SupercruiseExit", "StarSystem":"Synuefe XR-H d11-102", "Body":"Synuefe XR-H d11-102 2", "BodyType":"Star" }
{ "timestamp":"2017-01-13T04:55:10Z", "event":"SupercruiseEntry", "StarSystem":"Synuefe XR-H d11-102" }
{ "timestamp":"2017-01-13T04:59:15Z", "event":"SupercruiseExit", "StarSystem":"Synuefe XR-H d11-102", "Body":"Synuefe XR-H d11-102 1 c", "BodyType":"Planet" }
{ "timestamp":"2017-01-13T05:00:10Z", "event":"SupercruiseEntry", "StarSystem":"Synuefe XR-H d11-102" }
{ "timestamp":"2017-01-13T05:17:14Z", "event":"SupercruiseExit", "StarSystem":"Synuefe XR-H d11-102", "Body":"Synuefe XR-H d11-102 1 b", "BodyType":"Planet" }
{ "timestamp":"2017-01-13T05:17:57Z", "event":"SupercruiseEntry", "StarSystem":"Synuefe XR-H d11-102" }
{ "timestamp":"2017-01-13T05:18:03Z", "event":"SupercruiseExit", "StarSystem":"Synuefe XR-H d11-102", "Body":"Synuefe XR-H d11-102 1 b", "BodyType":"Planet" }
{ "timestamp":"2017-01-13T05:18:37Z", "event":"SupercruiseEntry", "StarSystem":"Synuefe XR-H d11-102" }
{ "timestamp":"2017-01-13T05:21:27Z", "event":"SupercruiseExit", "StarSystem":"Synuefe XR-H d11-102", "Body":"Synuefe XR-H d11-102 1 b", "BodyType":"Planet" }
{ "timestamp":"2017-01-13T05:22:16Z", "event":"SupercruiseEntry", "StarSystem":"Synuefe XR-H d11-102" }
{ "timestamp":"2017-01-13T05:22:27Z", "event":"SupercruiseExit", "StarSystem":"Synuefe XR-H d11-102", "Body":"Synuefe XR-H d11-102 1 b", "BodyType":"Planet" }
{ "timestamp":"2017-01-13T05:22:50Z", "event":"SupercruiseEntry", "StarSystem":"Synuefe XR-H d11-102" }
{ "timestamp":"2017-01-13T05:23:34Z", "event":"SupercruiseExit", "StarSystem":"Synuefe XR-H d11-102", "Body":"Synuefe XR-H d11-102 1 b", "BodyType":"Planet" }
{ "timestamp":"2017-01-13T05:23:57Z", "event":"SupercruiseEntry", "StarSystem":"Synuefe XR-H d11-102" }
{ "timestamp":"2017-01-13T05:26:26Z", "event":"SupercruiseExit", "StarSystem":"Synuefe XR-H d11-102", "Body":"Synuefe XR-H d11-102 1 b", "BodyType":"Planet" }
{ "timestamp":"2017-01-13T05:37:40Z", "event":"Touchdown", "Latitude":-31.778261, "Longitude":-128.949417 }
{ "timestamp":"2017-01-13T05:37:46Z", "event":"LaunchSRV", "Loadout":"starter", "PlayerControlled":true }
{ "timestamp":"2017-01-13T05:40:42Z", "event":"CollectCargo", "Type":"ancientcasket", "Stolen":false }
{ "timestamp":"2017-01-13T05:52:12Z", "event":"HullDamage", "Health":0.793143, "PlayerPilot":true }
{ "timestamp":"2017-01-13T05:52:40Z", "event":"EjectCargo", "Type":"ancientcasket", "Count":1, "Abandoned":false }
{ "timestamp":"2017-01-13T05:55:26Z", "event":"CollectCargo", "Type":"ancienturn", "Stolen":false }
{ "timestamp":"2017-01-13T06:01:08Z", "event":"CollectCargo", "Type":"ancientcasket", "Stolen":false }
{ "timestamp":"2017-01-13T06:13:20Z", "event":"EjectCargo", "Type":"ancientcasket", "Count":1, "Abandoned":true }
{ "timestamp":"2017-01-13T06:13:23Z", "event":"CollectCargo", "Type":"AncientRelic", "Stolen":false }
{ "timestamp":"2017-01-13T06:18:15Z", "event":"EjectCargo", "Type":"ancienturn", "Count":1, "Abandoned":false }
{ "timestamp":"2017-01-13T06:21:58Z", "event":"CollectCargo", "Type":"AncientRelic", "Stolen":false }
{ "timestamp":"2017-01-13T06:26:31Z", "event":"HullDamage", "Health":0.595079, "PlayerPilot":true }
{ "timestamp":"2017-01-13T06:28:01Z", "event":"DockSRV" }
{ "timestamp":"2017-01-13T06:28:32Z", "event":"Liftoff", "Latitude":-31.796574, "Longitude":-128.907364 }
{ "timestamp":"2017-01-13T06:29:14Z", "event":"LaunchFighter", "Loadout":"four", "PlayerControlled":true }
{ "timestamp":"2017-01-13T06:33:51Z", "event":"VehicleSwitch", "To":"Mothership" }
{ "timestamp":"2017-01-13T06:35:10Z", "event":"DockFighter" }
{ "timestamp":"2017-01-13T06:35:41Z", "event":"Touchdown", "Latitude":-31.811476, "Longitude":-128.938187 }
{ "timestamp":"2017-01-13T06:35:48Z", "event":"LaunchSRV", "Loadout":"starter", "PlayerControlled":true }
{ "timestamp":"2017-01-13T06:39:22Z", "event":"EjectCargo", "Type":"ancientrelic", "Count":1, "Abandoned":true }
{ "timestamp":"2017-01-13T06:39:29Z", "event":"CollectCargo", "Type":"ancienttotem", "Stolen":true }
{ "timestamp":"2017-01-13T06:39:54Z", "event":"EjectCargo", "Type":"ancienttotem", "Count":1, "Abandoned":false }
{ "timestamp":"2017-01-13T06:40:15Z", "event":"CollectCargo", "Type":"ancienttotem", "Stolen":true }
{ "timestamp":"2017-01-13T06:43:37Z", "event":"EjectCargo", "Type":"ancienttotem", "Count":1, "Abandoned":false }
{ "timestamp":"2017-01-13T06:43:40Z", "event":"CollectCargo", "Type":"ancientorb", "Stolen":false }
{ "timestamp":"2017-01-13T06:48:33Z", "event":"WingLeave" }
{ "timestamp":"2017-01-13T06:48:58Z", "event":"EjectCargo", "Type":"ancientorb", "Count":1, "Abandoned":true }
{ "timestamp":"2017-01-13T06:49:25Z", "event":"WingJoin", "Others":[] }
{ "timestamp":"2017-01-13T06:49:25Z", "event":"WingAdd", "Name":"Ackron" }
{ "timestamp":"2017-01-13T06:52:19Z", "event":"HullDamage", "Health":0.792817, "PlayerPilot":true }
{ "timestamp":"2017-01-13T06:53:18Z", "event":"HullDamage", "Health":0.597296, "PlayerPilot":true }
{ "timestamp":"2017-01-13T06:57:43Z", "event":"CollectCargo", "Type":"ancienturn", "Stolen":false }
{ "timestamp":"2017-01-13T06:58:10Z", "event":"HullDamage", "Health":0.390878, "PlayerPilot":true }
{ "timestamp":"2017-01-13T07:09:21Z", "event":"EjectCargo", "Type":"ancienturn", "Count":1, "Abandoned":true }
{ "timestamp":"2017-01-13T07:10:59Z", "event":"WingLeave" }
{ "timestamp":"2017-01-13T07:13:05Z", "event":"DockSRV" }
