{ "timestamp":"2017-01-21T22:50:22Z", "event":"Fileheader", "part":1, "language":"English\\UK", "gameversion":"2.2", "build":"r131487/r0 " }
{ "timestamp":"2017-01-21T22:51:17Z", "event":"LoadGame", "Commander":"Kith000", "Ship":"Independant_Trader", "ShipID":5, "StartLanded":true, "GameMode":"Solo", "Credits":36155873, "Loan":0 }
{ "timestamp":"2017-01-21T22:51:17Z", "event":"Rank", "Combat":5, "Trade":4, "Explore":2, "Empire":0, "Federation":2, "CQC":0 }
{ "timestamp":"2017-01-21T22:51:17Z", "event":"Progress", "Combat":11, "Trade":34, "Explore":16, "Empire":100, "Federation":83, "CQC":40 }
{ "timestamp":"2017-01-21T22:51:51Z", "event":"Location", "Docked":false, "StarSystem":"Synuefe XR-H d11-102", "StarPos":[357.344,-49.344,-74.750], "SystemAllegiance":"", "SystemEconomy":"$economy_None;", "SystemEconomy_Localised":"None", "SystemGovernment":"$government_None;", "SystemGovernment_Localised":"None", "SystemSecurity":"$SYSTEM_SECURITY_low;", "SystemSecurity_Localised":"Low Security", "Body":"Synuefe XR-H d11-102 1 b", "BodyType":"Planet" }
{ "timestamp":"2017-01-21T22:51:51Z", "event":"Touchdown", "Latitude":-31.765524, "Longitude":-128.915833 }
{ "timestamp":"2017-01-21T22:52:01Z", "event":"LaunchSRV", "Loadout":"starter", "PlayerControlled":true }
{ "timestamp":"2017-01-21T22:53:59Z", "event":"DockSRV" }
{ "timestamp":"2017-01-21T22:54:16Z", "event":"Liftoff", "Latitude":-31.765524, "Longitude":-128.915833 }
{ "timestamp":"2017-01-21T22:55:18Z", "event":"Touchdown", "Latitude":-31.808506, "Longitude":-128.938080 }
{ "timestamp":"2017-01-21T22:55:28Z", "event":"LaunchSRV", "Loadout":"starter", "PlayerControlled":true }
{ "timestamp":"2017-01-21T22:57:30Z", "event":"CollectCargo", "Type":"ancienturn", "Stolen":false }
{ "timestamp":"2017-01-21T22:58:20Z", "event":"CollectCargo", "Type":"ancientcasket", "Stolen":false }
{ "timestamp":"2017-01-21T23:00:44Z", "event":"CollectCargo", "Type":"ancienturn", "Stolen":false }
{ "timestamp":"2017-01-21T23:02:04Z", "event":"CollectCargo", "Type":"ancientcasket", "Stolen":false }
{ "timestamp":"2017-01-21T23:05:06Z", "event":"CollectCargo", "Type":"AncientRelic", "Stolen":false }
{ "timestamp":"2017-01-21T23:07:14Z", "event":"DockSRV" }
{ "timestamp":"2017-01-21T23:07:27Z", "event":"Liftoff", "Latitude":-31.808512, "Longitude":-128.938080 }
{ "timestamp":"2017-01-21T23:08:14Z", "event":"Touchdown", "Latitude":-31.791683, "Longitude":-128.926041 }
{ "timestamp":"2017-01-21T23:08:20Z", "event":"LaunchSRV", "Loadout":"starter", "PlayerControlled":true }
{ "timestamp":"2017-01-21T23:09:57Z", "event":"CollectCargo", "Type":"ancienttotem", "Stolen":false }
{ "timestamp":"2017-01-21T23:10:53Z", "event":"CollectCargo", "Type":"AncientRelic", "Stolen":false }
{ "timestamp":"2017-01-21T23:12:05Z", "event":"DockSRV" }
{ "timestamp":"2017-01-21T23:12:15Z", "event":"Liftoff", "Latitude":-31.791683, "Longitude":-128.926041 }
{ "timestamp":"2017-01-21T23:17:53Z", "event":"Touchdown", "Latitude":-31.771881, "Longitude":-128.935501 }
{ "timestamp":"2017-01-21T23:17:59Z", "event":"LaunchSRV", "Loadout":"starter", "PlayerControlled":true }
{ "timestamp":"2017-01-21T23:19:08Z", "event":"CollectCargo", "Type":"ancientorb", "Stolen":false }
{ "timestamp":"2017-01-21T23:20:00Z", "event":"CollectCargo", "Type":"ancienttotem", "Stolen":false }
{ "timestamp":"2017-01-21T23:21:42Z", "event":"MaterialCollected", "Category":"Encoded", "Name":"ancienttechnologicaldata", "Count":3 }
{ "timestamp":"2017-01-21T23:23:15Z", "event":"MaterialCollected", "Category":"Encoded", "Name":"ancienthistoricaldata", "Count":3 }
{ "timestamp":"2017-01-21T23:23:17Z", "event":"MaterialCollected", "Category":"Encoded", "Name":"ancienttechnologicaldata", "Count":3 }
{ "timestamp":"2017-01-21T23:23:57Z", "event":"MaterialCollected", "Category":"Encoded", "Name":"ancienthistoricaldata", "Count":3 }
{ "timestamp":"2017-01-21T23:23:59Z", "event":"MaterialCollected", "Category":"Encoded", "Name":"ancientlanguagedata", "Count":3 }
{ "timestamp":"2017-01-21T23:24:58Z", "event":"MaterialCollected", "Category":"Encoded", "Name":"ancienthistoricaldata", "Count":3 }
{ "timestamp":"2017-01-21T23:24:59Z", "event":"MaterialCollected", "Category":"Encoded", "Name":"ancientbiologicaldata", "Count":3 }
{ "timestamp":"2017-01-21T23:25:50Z", "event":"MaterialCollected", "Category":"Encoded", "Name":"ancientlanguagedata", "Count":3 }
{ "timestamp":"2017-01-21T23:26:36Z", "event":"MaterialCollected", "Category":"Encoded", "Name":"ancientculturaldata", "Count":3 }
{ "timestamp":"2017-01-21T23:27:52Z", "event":"LoadGame", "Commander":"Kith000", "Ship":"TestBuggy", "ShipID":6, "StartLanded":true, "GameMode":"Solo", "Credits":36155873, "Loan":0 }
{ "timestamp":"2017-01-21T23:27:52Z", "event":"Rank", "Combat":5, "Trade":4, "Explore":2, "Empire":0, "Federation":2, "CQC":0 }
{ "timestamp":"2017-01-21T23:27:52Z", "event":"Progress", "Combat":11, "Trade":34, "Explore":16, "Empire":100, "Federation":83, "CQC":40 }
{ "timestamp":"2017-01-21T23:28:12Z", "event":"Location", "Docked":false, "StarSystem":"Synuefe XR-H d11-102", "StarPos":[357.344,-49.344,-74.750], "SystemAllegiance":"", "SystemEconomy":"$economy_None;", "SystemEconomy_Localised":"None", "SystemGovernment":"$government_None;", "SystemGovernment_Localised":"None", "SystemSecurity":"$SYSTEM_SECURITY_low;", "SystemSecurity_Localised":"Low Security", "Body":"Synuefe XR-H d11-102 1 b", "BodyType":"Planet" }
{ "timestamp":"2017-01-21T23:29:20Z", "event":"MaterialCollected", "Category":"Encoded", "Name":"ancientculturaldata", "Count":3 }
{ "timestamp":"2017-01-21T23:29:21Z", "event":"MaterialCollected", "Category":"Encoded", "Name":"ancienthistoricaldata", "Count":3 }
{ "timestamp":"2017-01-21T23:29:49Z", "event":"MaterialCollected", "Category":"Encoded", "Name":"ancienttechnologicaldata", "Count":3 }
{ "timestamp":"2017-01-21T23:30:11Z", "event":"MaterialCollected", "Category":"Encoded", "Name":"ancienthistoricaldata", "Count":3 }
{ "timestamp":"2017-01-21T23:30:12Z", "event":"MaterialCollected", "Category":"Encoded", "Name":"ancienthistoricaldata", "Count":3 }
{ "timestamp":"2017-01-21T23:30:54Z", "event":"MaterialCollected", "Category":"Encoded", "Name":"ancienttechnologicaldata", "Count":3 }
{ "timestamp":"2017-01-21T23:30:55Z", "event":"MaterialCollected", "Category":"Encoded", "Name":"ancienttechnologicaldata", "Count":3 }
{ "timestamp":"2017-01-21T23:31:56Z", "event":"DockSRV" }
{ "timestamp":"2017-01-21T23:32:10Z", "event":"LaunchSRV", "Loadout":"starter", "PlayerControlled":true }
{ "timestamp":"2017-01-21T23:33:29Z", "event":"DockSRV" }
{ "timestamp":"2017-01-21T23:34:06Z", "event":"LoadGame", "Commander":"Kith000", "Ship":"Independant_Trader", "ShipID":5, "StartLanded":true, "GameMode":"Group", "Group":"MOBIUS PVE", "Credits":36155873, "Loan":0 }
{ "timestamp":"2017-01-21T23:34:06Z", "event":"Rank", "Combat":5, "Trade":4, "Explore":2, "Empire":0, "Federation":2, "CQC":0 }
{ "timestamp":"2017-01-21T23:34:06Z", "event":"Progress", "Combat":11, "Trade":34, "Explore":16, "Empire":100, "Federation":83, "CQC":40 }
{ "timestamp":"2017-01-21T23:34:34Z", "event":"Location", "Docked":false, "StarSystem":"Synuefe XR-H d11-102", "StarPos":[357.344,-49.344,-74.750], "SystemAllegiance":"", "SystemEconomy":"$economy_None;", "SystemEconomy_Localised":"None", "SystemGovernment":"$government_None;", "SystemGovernment_Localised":"None", "SystemSecurity":"$SYSTEM_SECURITY_low;", "SystemSecurity_Localised":"Low Security", "Body":"Synuefe XR-H d11-102 1 b", "BodyType":"Planet" }
{ "timestamp":"2017-01-21T23:34:34Z", "event":"Touchdown", "Latitude":-31.771881, "Longitude":-128.935501 }
{ "timestamp":"2017-01-21T23:35:15Z", "event":"ReceiveText", "From":"$cmdr_decorate:#name=Buttie;", "From_Localised":"CMDR Buttie", "Message":"I can report thaqt slamming your ship into the ground at this site has no effect on the obelisks", "Channel":"local" }
{ "timestamp":"2017-01-21T23:35:26Z", "event":"ReceiveText", "From":"$cmdr_decorate:#name=Buttie;", "From_Localised":"CMDR Buttie", "Message":"oops", "Channel":"local" }
{ "timestamp":"2017-01-21T23:35:29Z", "event":"ReceiveText", "From":"$cmdr_decorate:#name=EuroAE;", "From_Localised":"CMDR EuroAE", "Message":"did you try hitting it harder?", "Channel":"local" }
{ "timestamp":"2017-01-21T23:35:32Z", "event":"SendText", "To":"local", "Message":"Good to know" }
{ "timestamp":"2017-01-21T23:35:36Z", "event":"Liftoff", "Latitude":-31.771881, "Longitude":-128.935501 }
{ "timestamp":"2017-01-21T23:35:37Z", "event":"ReceiveText", "From":"$cmdr_decorate:#name=Siggen;", "From_Localised":"CMDR Siggen", "Message":"the ground is bouncy thouh", "Channel":"local" }
{ "timestamp":"2017-01-21T23:35:50Z", "event":"ReceiveText", "From":"$cmdr_decorate:#name=Kiddo;", "From_Localised":"CMDR Kiddo", "Message":"Hmmm, have you tried turning it on and off?", "Channel":"local" }
{ "timestamp":"2017-01-21T23:36:21Z", "event":"ReceiveText", "From":"$cmdr_decorate:#name=Buttie;", "From_Localised":"CMDR Buttie", "Message":"I tried that once and my screen was blank - forever", "Channel":"local" }
{ "timestamp":"2017-01-21T23:36:38Z", "event":"ReceiveText", "From":"$cmdr_decorate:#name=Darkening;", "From_Localised":"CMDR Darkening", "Message":"what was that?", "Channel":"local" }
{ "timestamp":"2017-01-21T23:36:45Z", "event":"Touchdown", "Latitude":-31.795240, "Longitude":-128.951218 }
{ "timestamp":"2017-01-21T23:37:11Z", "event":"ReceiveText", "From":"$cmdr_decorate:#name=Kiddo;", "From_Localised":"CMDR Kiddo", "Message":"That was prob me launching my fighter.", "Channel":"local" }
{ "timestamp":"2017-01-21T23:37:36Z", "event":"ReceiveText", "From":"$cmdr_decorate:#name=Darkening;", "From_Localised":"CMDR Darkening", "Message":"should go get my keelback but i'm a lazy shit", "Channel":"local" }
{ "timestamp":"2017-01-21T23:37:57Z", "event":"LaunchSRV", "Loadout":"starter", "PlayerControlled":true }
{ "timestamp":"2017-01-21T23:39:10Z", "event":"MaterialCollected", "Category":"Encoded", "Name":"ancientlanguagedata", "Count":3 }
{ "timestamp":"2017-01-21T23:39:13Z", "event":"MaterialCollected", "Category":"Encoded", "Name":"ancienthistoricaldata", "Count":3 }
{ "timestamp":"2017-01-21T23:41:06Z", "event":"MaterialCollected", "Category":"Encoded", "Name":"ancientbiologicaldata", "Count":3 }
{ "timestamp":"2017-01-21T23:41:38Z", "event":"MaterialCollected", "Category":"Encoded", "Name":"ancienthistoricaldata", "Count":3 }
{ "timestamp":"2017-01-21T23:41:40Z", "event":"MaterialCollected", "Category":"Encoded", "Name":"ancientbiologicaldata", "Count":3 }
{ "timestamp":"2017-01-21T23:43:18Z", "event":"MaterialCollected", "Category":"Encoded", "Name":"ancientculturaldata", "Count":3 }
{ "timestamp":"2017-01-21T23:44:43Z", "event":"MaterialCollected", "Category":"Encoded", "Name":"ancientlanguagedata", "Count":3 }
{ "timestamp":"2017-01-21T23:45:10Z", "event":"MaterialCollected", "Category":"Encoded", "Name":"ancientculturaldata", "Count":3 }
{ "timestamp":"2017-01-21T23:46:15Z", "event":"MaterialCollected", "Category":"Encoded", "Name":"ancientculturaldata", "Count":3 }
{ "timestamp":"2017-01-21T23:46:16Z", "event":"MaterialCollected", "Category":"Encoded", "Name":"ancienttechnologicaldata", "Count":3 }
{ "timestamp":"2017-01-21T23:47:08Z", "event":"ReceiveText", "From":"$cmdr_decorate:#name=EuroAE;", "From_Localised":"CMDR EuroAE", "Message":"dam, should have been watching my SRV's hull lol", "Channel":"local" }
{ "timestamp":"2017-01-21T23:47:10Z", "event":"HullDamage", "Health":0.797899, "PlayerPilot":true }
{ "timestamp":"2017-01-21T23:47:39Z", "event":"MaterialCollected", "Category":"Encoded", "Name":"ancientculturaldata", "Count":3 }
{ "timestamp":"2017-01-21T23:48:06Z", "event":"MaterialCollected", "Category":"Encoded", "Name":"ancientbiologicaldata", "Count":3 }
{ "timestamp":"2017-01-21T23:48:29Z", "event":"MaterialCollected", "Category":"Encoded", "Name":"ancienttechnologicaldata", "Count":3 }
{ "timestamp":"2017-01-21T23:48:40Z", "event":"MaterialCollected", "Category":"Encoded", "Name":"ancientbiologicaldata", "Count":3 }
{ "timestamp":"2017-01-21T23:48:40Z", "event":"ReceiveText", "From":"$cmdr_decorate:#name=Darkening;", "From_Localised":"CMDR Darkening", "Message":"odd i can see two wheels rolling by me....", "Channel":"local" }
{ "timestamp":"2017-01-21T23:48:41Z", "event":"MaterialCollected", "Category":"Encoded", "Name":"ancientculturaldata", "Count":3 }
{ "timestamp":"2017-01-21T23:49:53Z", "event":"Synthesis", "Name":"Fuel Basic", "Materials":{ "sulphur":1, "phosphorus":1 } }
{ "timestamp":"2017-01-21T23:50:46Z", "event":"HullDamage", "Health":0.583434, "PlayerPilot":true }
{ "timestamp":"2017-01-21T23:50:51Z", "event":"HullDamage", "Health":0.387837, "PlayerPilot":true }
{ "timestamp":"2017-01-21T23:51:34Z", "event":"DockSRV" }
{ "timestamp":"2017-01-21T23:51:56Z", "event":"Liftoff", "Latitude":-31.795235, "Longitude":-128.951218 }
{ "timestamp":"2017-01-21T23:52:15Z", "event":"ReceiveText", "From":"$cmdr_decorate:#name=Darkening;", "From_Localised":"CMDR Darkening", "Message":"e`its a shame the side pods don't move on the keelback", "Channel":"local" }
{ "timestamp":"2017-01-21T23:53:03Z", "event":"ReceiveText", "From":"$cmdr_decorate:#name=Kiddo;", "From_Localised":"CMDR Kiddo", "Message":"The side engines? They do", "Channel":"local" }
{ "timestamp":"2017-01-21T23:53:15Z", "event":"ReceiveText", "From":"", "Message":"do they?", "Channel":"npc" }
{ "timestamp":"2017-01-21T23:53:20Z", "event":"SupercruiseEntry", "StarSystem":"Synuefe XR-H d11-102" }
{ "timestamp":"2017-01-21T23:54:55Z", "event":"FSDJump", "StarSystem":"HIP 38413", "StarPos":[346.969,-51.156,-71.875], "SystemAllegiance":"", "SystemEconomy":"$economy_None;", "SystemEconomy_Localised":"None", "SystemGovernment":"$government_None;", "SystemGovernment_Localised":"None", "SystemSecurity":"$SYSTEM_SECURITY_low;", "SystemSecurity_Localised":"Low Security", "JumpDist":10.917, "FuelUsed":0.805760, "FuelLevel":12.893177 }
{ "timestamp":"2017-01-21T23:55:41Z", "event":"FuelScoop", "Scooped":2.803723, "Total":15.696900 }
{ "timestamp":"2017-01-21T23:56:12Z", "event":"FSDJump", "StarSystem":"Synuefe OJ-D b46-1", "StarPos":[340.719,-50.000,-75.000], "SystemAllegiance":"", "SystemEconomy":"$economy_None;", "SystemEconomy_Localised":"None", "SystemGovernment":"$government_None;", "SystemGovernment_Localised":"None", "SystemSecurity":"$SYSTEM_SECURITY_low;", "SystemSecurity_Localised":"Low Security", "JumpDist":7.083, "FuelUsed":0.303100, "FuelLevel":15.696900 }
{ "timestamp":"2017-01-21T23:56:29Z", "event":"ReceiveText", "From":"$npc_name_decorate:#name=Patrick Ashmore;", "From_Localised":"Patrick Ashmore", "Message":"$Pirate_HunterHostileSC_Relevant02;", "Message_Localised":"I knew I'd find you eventually, all that tasty cargo!", "Channel":"npc" }
{ "timestamp":"2017-01-21T23:56:41Z", "event":"FuelScoop", "Scooped":-0.059757, "Total":15.637143 }
{ "timestamp":"2017-01-21T23:56:57Z", "event":"FSDJump", "StarSystem":"Synuefe YC-H a92-3", "StarPos":[336.094,-44.031,-76.281], "SystemAllegiance":"", "SystemEconomy":"$economy_None;", "SystemEconomy_Localised":"None", "SystemGovernment":"$government_None;", "SystemGovernment_Localised":"None", "SystemSecurity":"$SYSTEM_SECURITY_low;", "SystemSecurity_Localised":"Low Security", "JumpDist":7.659, "FuelUsed":0.362857, "FuelLevel":15.637143 }
{ "timestamp":"2017-01-21T23:57:44Z", "event":"FSDJump", "StarSystem":"Synuefe XC-H a92-2", "StarPos":[332.688,-42.375,-76.594], "SystemAllegiance":"", "SystemEconomy":"$economy_None;", "SystemEconomy_Localised":"None", "SystemGovernment":"$government_None;", "SystemGovernment_Localised":"None", "SystemSecurity":"$SYSTEM_SECURITY_low;", "SystemSecurity_Localised":"Low Security", "JumpDist":3.800, "FuelUsed":0.072208, "FuelLevel":15.564935 }
{ "timestamp":"2017-01-21T23:58:28Z", "event":"FSDJump", "StarSystem":"Synuefe BJ-F a93-0", "StarPos":[327.188,-42.594,-74.688], "SystemAllegiance":"", "SystemEconomy":"$economy_None;", "SystemEconomy_Localised":"None", "SystemGovernment":"$government_None;", "SystemGovernment_Localised":"None", "SystemSecurity":"$SYSTEM_SECURITY_low;", "SystemSecurity_Localised":"Low Security", "JumpDist":5.825, "FuelUsed":0.192719, "FuelLevel":15.372216 }
{ "timestamp":"2017-01-21T23:58:56Z", "event":"FuelScoop", "Scooped":0.627784, "Total":16.000000 }
{ "timestamp":"2017-01-21T23:59:14Z", "event":"FSDJump", "StarSystem":"Synuefe AJ-F a93-4", "StarPos":[318.750,-42.250,-73.500], "SystemAllegiance":"", "SystemEconomy":"$economy_None;", "SystemEconomy_Localised":"None", "SystemGovernment":"$government_None;", "SystemGovernment_Localised":"None", "SystemSecurity":"$SYSTEM_SECURITY_low;", "SystemSecurity_Localised":"Low Security", "JumpDist":8.528, "FuelUsed":0.464531, "FuelLevel":15.535469 }
{ "timestamp":"2017-01-22T00:00:13Z", "event":"FSDJump", "StarSystem":"Synuefe AJ-F a93-0", "StarPos":[315.250,-43.219,-74.469], "SystemAllegiance":"", "SystemEconomy":"$economy_None;", "SystemEconomy_Localised":"None", "SystemGovernment":"$government_None;", "SystemGovernment_Localised":"None", "SystemSecurity":"$SYSTEM_SECURITY_low;", "SystemSecurity_Localised":"Low Security", "JumpDist":3.759, "FuelUsed":0.070337, "FuelLevel":15.465132 }
{ "timestamp":"2017-01-22T00:01:11Z", "event":"FSDJump", "StarSystem":"Synuefe ZI-F a93-2", "StarPos":[309.438,-41.969,-73.781], "SystemAllegiance":"", "SystemEconomy":"$economy_None;", "SystemEconomy_Localised":"None", "SystemGovernment":"$government_None;", "SystemGovernment_Localised":"None", "SystemSecurity":"$SYSTEM_SECURITY_low;", "SystemSecurity_Localised":"Low Security", "JumpDist":5.985, "FuelUsed":0.204949, "FuelLevel":15.260182 }
{ "timestamp":"2017-01-22T00:01:56Z", "event":"FSDJump", "StarSystem":"Synuefe ZI-F a93-1", "StarPos":[307.875,-43.563,-74.094], "SystemAllegiance":"", "SystemEconomy":"$economy_None;", "SystemEconomy_Localised":"None", "SystemGovernment":"$government_None;", "SystemGovernment_Localised":"None", "SystemSecurity":"$SYSTEM_SECURITY_low;", "SystemSecurity_Localised":"Low Security", "JumpDist":2.254, "FuelUsed":0.021646, "FuelLevel":15.238537 }
{ "timestamp":"2017-01-22T00:02:11Z", "event":"SupercruiseExit", "StarSystem":"Synuefe ZI-F a93-1", "Body":"Synuefe ZI-F a93-1 A", "BodyType":"Star" }
{ "timestamp":"2017-01-22T00:03:06Z", "event":"FSDJump", "StarSystem":"Synuefe YI-F a93-4", "StarPos":[300.813,-43.438,-71.594], "SystemAllegiance":"", "SystemEconomy":"$economy_None;", "SystemEconomy_Localised":"None", "SystemGovernment":"$government_None;", "SystemGovernment_Localised":"None", "SystemSecurity":"$SYSTEM_SECURITY_low;", "SystemSecurity_Localised":"Low Security", "JumpDist":7.493, "FuelUsed":0.343043, "FuelLevel":14.895494 }
{ "timestamp":"2017-01-22T00:03:21Z", "event":"ReceiveText", "From":"$npc_name_decorate:#name=Thiokol;", "From_Localised":"Thiokol", "Message":"$Pirate_HunterHostileSC_Relevant03;", "Message_Localised":"I've come a long way for what's in your hold, don't try to run!", "Channel":"npc" }
{ "timestamp":"2017-01-22T00:04:05Z", "event":"FSDJump", "StarSystem":"Synuefe WR-H d11-81", "StarPos":[295.719,-43.531,-68.594], "SystemAllegiance":"", "SystemEconomy":"$economy_None;", "SystemEconomy_Localised":"None", "SystemGovernment":"$government_None;", "SystemGovernment_Localised":"None", "SystemSecurity":"$SYSTEM_SECURITY_low;", "SystemSecurity_Localised":"Low Security", "JumpDist":5.912, "FuelUsed":0.198401, "FuelLevel":14.697093 }
{ "timestamp":"2017-01-22T00:04:43Z", "event":"FuelScoop", "Scooped":1.239439, "Total":15.936532 }
{ "timestamp":"2017-01-22T00:05:09Z", "event":"FSDJump", "StarSystem":"Synuefe XI-F a93-2", "StarPos":[293.750,-41.781,-66.156], "SystemAllegiance":"", "SystemEconomy":"$economy_None;", "SystemEconomy_Localised":"None", "SystemGovernment":"$government_None;", "SystemGovernment_Localised":"None", "SystemSecurity":"$SYSTEM_SECURITY_low;", "SystemSecurity_Localised":"Low Security", "JumpDist":3.589, "FuelUsed":0.063468, "FuelLevel":15.936532 }
{ "timestamp":"2017-01-22T00:06:06Z", "event":"FSDJump", "StarSystem":"Synuefe BP-D a94-0", "StarPos":[291.313,-42.219,-64.875], "SystemAllegiance":"", "SystemEconomy":"$economy_None;", "SystemEconomy_Localised":"None", "SystemGovernment":"$government_None;", "SystemGovernment_Localised":"None", "SystemSecurity":"$SYSTEM_SECURITY_low;", "SystemSecurity_Localised":"Low Security", "JumpDist":2.788, "FuelUsed":0.035500, "FuelLevel":15.901032 }
{ "timestamp":"2017-01-22T00:07:06Z", "event":"FSDJump", "StarSystem":"Synuefe WR-H d11-104", "StarPos":[285.094,-44.000,-64.969], "SystemAllegiance":"", "SystemEconomy":"$economy_None;", "SystemEconomy_Localised":"None", "SystemGovernment":"$government_None;", "SystemGovernment_Localised":"None", "SystemSecurity":"$SYSTEM_SECURITY_low;", "SystemSecurity_Localised":"Low Security", "JumpDist":6.470, "FuelUsed":0.245949, "FuelLevel":15.655084 }
{ "timestamp":"2017-01-22T00:07:37Z", "event":"FuelScoop", "Scooped":0.344916, "Total":16.000000 }
{ "timestamp":"2017-01-22T00:08:11Z", "event":"FSDJump", "StarSystem":"Synuefe WR-H d11-46", "StarPos":[278.250,-45.156,-64.750], "SystemAllegiance":"", "SystemEconomy":"$economy_None;", "SystemEconomy_Localised":"None", "SystemGovernment":"$government_None;", "SystemGovernment_Localised":"None", "SystemSecurity":"$SYSTEM_SECURITY_low;", "SystemSecurity_Localised":"Low Security", "JumpDist":6.944, "FuelUsed":0.289648, "FuelLevel":15.710352 }
{ "timestamp":"2017-01-22T00:08:40Z", "event":"FuelScoop", "Scooped":0.041838, "Total":15.752190 }
{ "timestamp":"2017-01-22T00:08:56Z", "event":"FSDJump", "StarSystem":"Synuefe VI-F a93-4", "StarPos":[273.000,-41.969,-66.844], "SystemAllegiance":"", "SystemEconomy":"$economy_None;", "SystemEconomy_Localised":"None", "SystemGovernment":"$government_None;", "SystemGovernment_Localised":"None", "SystemSecurity":"$SYSTEM_SECURITY_low;", "SystemSecurity_Localised":"Low Security", "JumpDist":6.489, "FuelUsed":0.247810, "FuelLevel":15.752190 }
{ "timestamp":"2017-01-22T00:09:50Z", "event":"FSDJump", "StarSystem":"Synuefe VI-F a93-3", "StarPos":[267.563,-41.344,-71.906], "SystemAllegiance":"", "SystemEconomy":"$economy_None;", "SystemEconomy_Localised":"None", "SystemGovernment":"$government_None;", "SystemGovernment_Localised":"None", "SystemSecurity":"$SYSTEM_SECURITY_low;", "SystemSecurity_Localised":"Low Security", "JumpDist":7.456, "FuelUsed":0.340454, "FuelLevel":15.411736 }
{ "timestamp":"2017-01-22T00:10:49Z", "event":"FSDJump", "StarSystem":"Synuefe UI-F a93-3", "StarPos":[262.625,-42.281,-74.750], "SystemAllegiance":"", "SystemEconomy":"$economy_None;", "SystemEconomy_Localised":"None", "SystemGovernment":"$government_None;", "SystemGovernment_Localised":"None", "SystemSecurity":"$SYSTEM_SECURITY_low;", "SystemSecurity_Localised":"Low Security", "JumpDist":5.774, "FuelUsed":0.188669, "FuelLevel":15.223066 }
{ "timestamp":"2017-01-22T00:11:48Z", "event":"FSDJump", "StarSystem":"Synuefe UI-F a93-5", "StarPos":[257.563,-43.344,-71.781], "SystemAllegiance":"", "SystemEconomy":"$economy_None;", "SystemEconomy_Localised":"None", "SystemGovernment":"$government_None;", "SystemGovernment_Localised":"None", "SystemSecurity":"$SYSTEM_SECURITY_low;", "SystemSecurity_Localised":"Low Security", "JumpDist":5.964, "FuelUsed":0.202936, "FuelLevel":15.020130 }
{ "timestamp":"2017-01-22T00:12:48Z", "event":"FSDJump", "StarSystem":"Col 285 Sector ZB-H a26-0", "StarPos":[252.375,-43.063,-72.750], "SystemAllegiance":"", "SystemEconomy":"$economy_None;", "SystemEconomy_Localised":"None", "SystemGovernment":"$government_None;", "SystemGovernment_Localised":"None", "SystemSecurity":"$SYSTEM_SECURITY_low;", "SystemSecurity_Localised":"Low Security", "JumpDist":5.285, "FuelUsed":0.153413, "FuelLevel":14.866717 }
{ "timestamp":"2017-01-22T00:13:48Z", "event":"FSDJump", "StarSystem":"Col 285 Sector ZB-H a26-1", "StarPos":[250.219,-44.531,-73.063], "SystemAllegiance":"", "SystemEconomy":"$economy_None;", "SystemEconomy_Localised":"None", "SystemGovernment":"$government_None;", "SystemGovernment_Localised":"None", "SystemSecurity":"$SYSTEM_SECURITY_low;", "SystemSecurity_Localised":"Low Security", "JumpDist":2.628, "FuelUsed":0.030718, "FuelLevel":14.835999 }
{ "timestamp":"2017-01-22T00:13:56Z", "event":"SupercruiseExit", "StarSystem":"Col 285 Sector ZB-H a26-1", "Body":"Col 285 Sector ZB-H a26-1", "BodyType":"Star" }
{ "timestamp":"2017-01-22T00:15:31Z", "event":"FSDJump", "StarSystem":"Col 285 Sector ZB-H a26-4", "StarPos":[246.938,-41.500,-68.375], "SystemAllegiance":"", "SystemEconomy":"$economy_None;", "SystemEconomy_Localised":"None", "SystemGovernment":"$government_None;", "SystemGovernment_Localised":"None", "SystemSecurity":"$SYSTEM_SECURITY_low;", "SystemSecurity_Localised":"Low Security", "JumpDist":6.475, "FuelUsed":0.244448, "FuelLevel":14.591551 }
{ "timestamp":"2017-01-22T00:16:41Z", "event":"FSDJump", "StarSystem":"Col 285 Sector YB-H a26-0", "StarPos":[241.344,-42.969,-69.344], "SystemAllegiance":"", "SystemEconomy":"$economy_None;", "SystemEconomy_Localised":"None", "SystemGovernment":"$government_None;", "SystemGovernment_Localised":"None", "SystemSecurity":"$SYSTEM_SECURITY_low;", "SystemSecurity_Localised":"Low Security", "JumpDist":5.864, "FuelUsed":0.194237, "FuelLevel":14.397314 }
{ "timestamp":"2017-01-22T00:17:35Z", "event":"FSDJump", "StarSystem":"Col 285 Sector YB-H a26-3", "StarPos":[239.844,-39.469,-67.125], "SystemAllegiance":"", "SystemEconomy":"$economy_None;", "SystemEconomy_Localised":"None", "SystemGovernment":"$government_None;", "SystemGovernment_Localised":"None", "SystemSecurity":"$SYSTEM_SECURITY_low;", "SystemSecurity_Localised":"Low Security", "JumpDist":4.407, "FuelUsed":0.100557, "FuelLevel":14.296758 }
{ "timestamp":"2017-01-22T00:18:32Z", "event":"FSDJump", "StarSystem":"Col 285 Sector YB-H a26-2", "StarPos":[239.250,-36.531,-69.375], "SystemAllegiance":"", "SystemEconomy":"$economy_None;", "SystemEconomy_Localised":"None", "SystemGovernment":"$government_None;", "SystemGovernment_Localised":"None", "SystemSecurity":"$SYSTEM_SECURITY_low;", "SystemSecurity_Localised":"Low Security", "JumpDist":3.748, "FuelUsed":0.069204, "FuelLevel":14.227554 }
{ "timestamp":"2017-01-22T00:19:27Z", "event":"FSDJump", "StarSystem":"Col 285 Sector FV-O c6-1", "StarPos":[232.000,-35.219,-72.625], "SystemAllegiance":"", "SystemEconomy":"$economy_None;", "SystemEconomy_Localised":"None", "SystemGovernment":"$government_None;", "SystemGovernment_Localised":"None", "SystemSecurity":"$SYSTEM_SECURITY_low;", "SystemSecurity_Localised":"Low Security", "JumpDist":8.053, "FuelUsed":0.400557, "FuelLevel":13.436996 }
{ "timestamp":"2017-01-22T00:20:16Z", "event":"HeatWarning" }
{ "timestamp":"2017-01-22T00:20:40Z", "event":"FSDJump", "StarSystem":"Col 285 Sector VG-H a26-2", "StarPos":[231.406,-33.438,-75.000], "SystemAllegiance":"", "SystemEconomy":"$economy_None;", "SystemEconomy_Localised":"None", "SystemGovernment":"$government_None;", "SystemGovernment_Localised":"None", "SystemSecurity":"$SYSTEM_SECURITY_low;", "SystemSecurity_Localised":"Low Security", "JumpDist":3.028, "FuelUsed":0.042916, "FuelLevel":15.957085 }
{ "timestamp":"2017-01-22T00:20:40Z", "event":"HeatWarning" }
{ "timestamp":"2017-01-22T00:21:42Z", "event":"FSDJump", "StarSystem":"Col 285 Sector RA-J a25-2", "StarPos":[229.313,-31.688,-78.875], "SystemAllegiance":"", "SystemEconomy":"$economy_None;", "SystemEconomy_Localised":"None", "SystemGovernment":"$government_None;", "SystemGovernment_Localised":"None", "SystemSecurity":"$SYSTEM_SECURITY_low;", "SystemSecurity_Localised":"Low Security", "JumpDist":4.739, "FuelUsed":0.120279, "FuelLevel":15.836805 }
{ "timestamp":"2017-01-22T00:22:39Z", "event":"FSDJump", "StarSystem":"Col 285 Sector QA-J a25-2", "StarPos":[223.969,-29.688,-80.156], "SystemAllegiance":"", "SystemEconomy":"$economy_None;", "SystemEconomy_Localised":"None", "SystemGovernment":"$government_None;", "SystemGovernment_Localised":"None", "SystemSecurity":"$SYSTEM_SECURITY_low;", "SystemSecurity_Localised":"Low Security", "JumpDist":5.848, "FuelUsed":0.194858, "FuelLevel":15.641947 }
{ "timestamp":"2017-01-22T00:23:37Z", "event":"FSDJump", "StarSystem":"Col 285 Sector QA-J a25-1", "StarPos":[217.719,-32.406,-84.500], "SystemAllegiance":"", "SystemEconomy":"$economy_None;", "SystemEconomy_Localised":"None", "SystemGovernment":"$government_None;", "SystemGovernment_Localised":"None", "SystemSecurity":"$SYSTEM_SECURITY_low;", "SystemSecurity_Localised":"Low Security", "JumpDist":8.082, "FuelUsed":0.409547, "FuelLevel":15.232400 }
{ "timestamp":"2017-01-22T00:24:22Z", "event":"FSDJump", "StarSystem":"Col 285 Sector QA-J a25-0", "StarPos":[215.406,-34.000,-84.188], "SystemAllegiance":"", "SystemEconomy":"$economy_None;", "SystemEconomy_Localised":"None", "SystemGovernment":"$government_None;", "SystemGovernment_Localised":"None", "SystemSecurity":"$SYSTEM_SECURITY_low;", "SystemSecurity_Localised":"Low Security", "JumpDist":2.826, "FuelUsed":0.036414, "FuelLevel":15.195987 }
{ "timestamp":"2017-01-22T00:25:18Z", "event":"FSDJump", "StarSystem":"Col 285 Sector PA-J a25-1", "StarPos":[208.500,-29.844,-81.844], "SystemAllegiance":"", "SystemEconomy":"$economy_None;", "SystemEconomy_Localised":"None", "SystemGovernment":"$government_None;", "SystemGovernment_Localised":"None", "SystemSecurity":"$SYSTEM_SECURITY_low;", "SystemSecurity_Localised":"Low Security", "JumpDist":8.394, "FuelUsed":0.445313, "FuelLevel":14.750673 }
{ "timestamp":"2017-01-22T00:26:18Z", "event":"FSDJump", "StarSystem":"Col 285 Sector OA-J a25-2", "StarPos":[204.344,-28.250,-80.750], "SystemAllegiance":"", "SystemEconomy":"$economy_None;", "SystemEconomy_Localised":"None", "SystemGovernment":"$government_None;", "SystemGovernment_Localised":"None", "SystemSecurity":"$SYSTEM_SECURITY_low;", "SystemSecurity_Localised":"Low Security", "JumpDist":4.584, "FuelUsed":0.110365, "FuelLevel":14.640307 }
{ "timestamp":"2017-01-22T00:27:02Z", "event":"FSDJump", "StarSystem":"Col 285 Sector OA-J a25-3", "StarPos":[201.094,-31.531,-80.844], "SystemAllegiance":"", "SystemEconomy":"$economy_None;", "SystemEconomy_Localised":"None", "SystemGovernment":"$government_None;", "SystemGovernment_Localised":"None", "SystemSecurity":"$SYSTEM_SECURITY_low;", "SystemSecurity_Localised":"Low Security", "JumpDist":4.619, "FuelUsed":0.112249, "FuelLevel":14.528058 }
{ "timestamp":"2017-01-22T00:27:59Z", "event":"FSDJump", "StarSystem":"Col 285 Sector NA-J a25-1", "StarPos":[194.719,-31.656,-81.406], "SystemAllegiance":"", "SystemEconomy":"$economy_None;", "SystemEconomy_Localised":"None", "SystemGovernment":"$government_None;", "SystemGovernment_Localised":"None", "SystemSecurity":"$SYSTEM_SECURITY_low;", "SystemSecurity_Localised":"Low Security", "JumpDist":6.401, "FuelUsed":0.237494, "FuelLevel":14.290564 }
{ "timestamp":"2017-01-22T00:29:14Z", "event":"FSDJump", "StarSystem":"Col 285 Sector NA-J a25-2", "StarPos":[192.000,-28.594,-81.750], "SystemAllegiance":"", "SystemEconomy":"$economy_None;", "SystemEconomy_Localised":"None", "SystemGovernment":"$government_None;", "SystemGovernment_Localised":"None", "SystemSecurity":"$SYSTEM_SECURITY_low;", "SystemSecurity_Localised":"Low Security", "JumpDist":4.110, "FuelUsed":0.085552, "FuelLevel":14.205011 }
{ "timestamp":"2017-01-22T00:30:10Z", "event":"FSDJump", "StarSystem":"Col 285 Sector NA-J a25-0", "StarPos":[185.438,-32.125,-84.406], "SystemAllegiance":"", "SystemEconomy":"$economy_None;", "SystemEconomy_Localised":"None", "SystemGovernment":"$government_None;", "SystemGovernment_Localised":"None", "SystemSecurity":"$SYSTEM_SECURITY_low;", "SystemSecurity_Localised":"Low Security", "JumpDist":7.911, "FuelUsed":0.385661, "FuelLevel":13.819350 }
{ "timestamp":"2017-01-22T00:31:04Z", "event":"FSDJump", "StarSystem":"Col 285 Sector OV-I a25-1", "StarPos":[178.063,-37.875,-83.188], "SystemAllegiance":"", "SystemEconomy":"$economy_None;", "SystemEconomy_Localised":"None", "SystemGovernment":"$government_None;", "SystemGovernment_Localised":"None", "SystemSecurity":"$SYSTEM_SECURITY_low;", "SystemSecurity_Localised":"Low Security", "JumpDist":9.431, "FuelUsed":0.575942, "FuelLevel":13.243408 }
{ "timestamp":"2017-01-22T00:32:15Z", "event":"FSDJump", "StarSystem":"Col 285 Sector OV-I a25-3", "StarPos":[175.625,-39.688,-82.969], "SystemAllegiance":"", "SystemEconomy":"$economy_None;", "SystemEconomy_Localised":"None", "SystemGovernment":"$government_None;", "SystemGovernment_Localised":"None", "SystemSecurity":"$SYSTEM_SECURITY_low;", "SystemSecurity_Localised":"Low Security", "JumpDist":3.045, "FuelUsed":0.042597, "FuelLevel":13.200810 }
{ "timestamp":"2017-01-22T00:33:02Z", "event":"FSDJump", "StarSystem":"Col 285 Sector JP-K a24-1", "StarPos":[167.188,-41.031,-85.031], "SystemAllegiance":"", "SystemEconomy":"$economy_None;", "SystemEconomy_Localised":"None", "SystemGovernment":"$government_None;", "SystemGovernment_Localised":"None", "SystemSecurity":"$SYSTEM_SECURITY_low;", "SystemSecurity_Localised":"Low Security", "JumpDist":8.789, "FuelUsed":0.487473, "FuelLevel":12.713337 }
{ "timestamp":"2017-01-22T00:33:15Z", "event":"ReceiveText", "From":"$npc_name_decorate:#name=Dvorak;", "From_Localised":"Dvorak", "Message":"$Pirate_HunterHostileSC_Relevant04;", "Message_Localised":"Big haul like that, surprised you made it this far.", "Channel":"npc" }
{ "timestamp":"2017-01-22T00:33:31Z", "event":"SupercruiseExit", "StarSystem":"Col 285 Sector JP-K a24-1", "Body":"Col 285 Sector JP-K a24-1 A", "BodyType":"Star" }
{ "timestamp":"2017-01-22T00:34:01Z", "event":"ReceiveText", "From":"$npc_name_decorate:#name=Dvorak;", "From_Localised":"Dvorak", "Message":"$Pirate_Arrival09;", "Message_Localised":"I'm here for the cargo. Nothing else.", "Channel":"npc" }
{ "timestamp":"2017-01-22T00:34:11Z", "event":"ReceiveText", "From":"$npc_name_decorate:#name=Dvorak;", "From_Localised":"Dvorak", "Message":"$Pirate_OnDeclarePiracyAttack15;", "Message_Localised":"There will be no escape for you.", "Channel":"npc" }
{ "timestamp":"2017-01-22T00:34:27Z", "event":"ReceiveText", "From":"$npc_name_decorate:#name=Dvorak;", "From_Localised":"Dvorak", "Message":"$Pirate_OnDeclarePiracyAttack13;", "Message_Localised":"Your end is nigh.", "Channel":"npc" }
{ "timestamp":"2017-01-22T00:35:15Z", "event":"FSDJump", "StarSystem":"Col 285 Sector IP-K a24-1", "StarPos":[163.656,-44.406,-85.719], "SystemAllegiance":"", "SystemEconomy":"$economy_None;", "SystemEconomy_Localised":"None", "SystemGovernment":"$government_None;", "SystemGovernment_Localised":"None", "SystemSecurity":"$SYSTEM_SECURITY_low;", "SystemSecurity_Localised":"Low Security", "JumpDist":4.933, "FuelUsed":0.128634, "FuelLevel":12.584702 }
{ "timestamp":"2017-01-22T00:36:20Z", "event":"FSDJump", "StarSystem":"Col 285 Sector IP-K a24-2", "StarPos":[163.406,-42.750,-90.063], "SystemAllegiance":"", "SystemEconomy":"$economy_None;", "SystemEconomy_Localised":"None", "SystemGovernment":"$government_None;", "SystemGovernment_Localised":"None", "SystemSecurity":"$SYSTEM_SECURITY_low;", "SystemSecurity_Localised":"Low Security", "JumpDist":4.656, "FuelUsed":0.112493, "FuelLevel":12.472209 }
{ "timestamp":"2017-01-22T00:37:04Z", "event":"FSDJump", "StarSystem":"Col 285 Sector IP-K a24-0", "StarPos":[157.438,-42.688,-92.594], "SystemAllegiance":"", "SystemEconomy":"$economy_None;", "SystemEconomy_Localised":"None", "SystemGovernment":"$government_None;", "SystemGovernment_Localised":"None", "SystemSecurity":"$SYSTEM_SECURITY_low;", "SystemSecurity_Localised":"Low Security", "JumpDist":6.484, "FuelUsed":0.240770, "FuelLevel":12.231440 }
{ "timestamp":"2017-01-22T00:37:50Z", "event":"FSDJump", "StarSystem":"Col 285 Sector HP-K a24-4", "StarPos":[150.000,-44.500,-92.750], "SystemAllegiance":"", "SystemEconomy":"$economy_None;", "SystemEconomy_Localised":"None", "SystemGovernment":"$government_None;", "SystemGovernment_Localised":"None", "SystemSecurity":"$SYSTEM_SECURITY_low;", "SystemSecurity_Localised":"Low Security", "JumpDist":7.657, "FuelUsed":0.352307, "FuelLevel":11.879132 }
{ "timestamp":"2017-01-22T00:38:54Z", "event":"FSDJump", "StarSystem":"Col 285 Sector HP-K a24-0", "StarPos":[146.438,-44.969,-94.656], "SystemAllegiance":"", "SystemEconomy":"$economy_None;", "SystemEconomy_Localised":"None", "SystemGovernment":"$government_None;", "SystemGovernment_Localised":"None", "SystemSecurity":"$SYSTEM_SECURITY_low;", "SystemSecurity_Localised":"Low Security", "JumpDist":4.068, "FuelUsed":0.082016, "FuelLevel":11.797116 }
{ "timestamp":"2017-01-22T00:39:39Z", "event":"FSDJump", "StarSystem":"Col 285 Sector CJ-M a23-2", "StarPos":[141.500,-42.094,-95.375], "SystemAllegiance":"", "SystemEconomy":"$economy_None;", "SystemEconomy_Localised":"None", "SystemGovernment":"$government_None;", "SystemGovernment_Localised":"None", "SystemSecurity":"$SYSTEM_SECURITY_low;", "SystemSecurity_Localised":"Low Security", "JumpDist":5.759, "FuelUsed":0.182341, "FuelLevel":11.614775 }
{ "timestamp":"2017-01-22T00:40:35Z", "event":"FSDJump", "StarSystem":"HIP 31821", "StarPos":[135.250,-40.313,-91.219], "SystemAllegiance":"Independent", "SystemEconomy":"$economy_Terraforming;", "SystemEconomy_Localised":"Terraforming", "SystemGovernment":"$government_Corporate;", "SystemGovernment_Localised":"Corporate", "SystemSecurity":"$SYSTEM_SECURITY_low;", "SystemSecurity_Localised":"Low Security", "JumpDist":7.714, "FuelUsed":0.356718, "FuelLevel":11.258057, "SystemFaction":"HIP 31821 Purple Vision Systems" }
