{ "timestamp":"2016-12-11T20:55:03Z", "event":"Fileheader", "part":1, "language":"English\\UK", "gameversion":"2.2", "build":"r126898/r0 " }
{ "timestamp":"2016-12-11T20:59:02Z", "event":"LoadGame", "Commander":"Kith000", "Ship":"Vulture", "ShipID":3, "GameMode":"Open", "Credits":35620266, "Loan":0 }
{ "timestamp":"2016-12-11T20:59:02Z", "event":"Rank", "Combat":5, "Trade":3, "Explore":1, "Empire":0, "Federation":2, "CQC":0 }
{ "timestamp":"2016-12-11T20:59:02Z", "event":"Progress", "Combat":2, "Trade":32, "Explore":18, "Empire":100, "Federation":60, "CQC":40 }
{ "timestamp":"2016-12-11T20:59:49Z", "event":"Location", "Docked":true, "StationName":"Bluford Orbital", "StationType":"Orbis", "StarSystem":"LHS 3447", "StarPos":[-43.188,-5.281,56.156], "SystemAllegiance":"Federation", "SystemEconomy":"$economy_Agri;", "SystemEconomy_Localised":"Agriculture", "SystemGovernment":"$government_Corporate;", "SystemGovernment_Localised":"Corporate", "SystemSecurity":"$SYSTEM_SECURITY_high;", "SystemSecurity_Localised":"High Security", "Body":"Bluford Orbital", "BodyType":"Station", "SystemFaction":"LHS 3447 Dynamic & Co" }
{ "timestamp":"2016-12-11T20:59:50Z", "event":"Docked", "StationName":"Bluford Orbital", "StationType":"Orbis", "StarSystem":"LHS 3447", "StationFaction":"LHS 3447 Dynamic & Co", "StationGovernment":"$government_Corporate;", "StationGovernment_Localised":"Corporate", "StationAllegiance":"Federation", "StationEconomy":"$economy_Agri;", "StationEconomy_Localised":"Agriculture" }
{ "timestamp":"2016-12-11T21:03:29Z", "event":"LoadGame", "Commander":"Kith000", "Ship":"Vulture", "ShipID":3, "GameMode":"Open", "Credits":35620266, "Loan":0 }
{ "timestamp":"2016-12-11T21:03:29Z", "event":"Rank", "Combat":5, "Trade":3, "Explore":1, "Empire":0, "Federation":2, "CQC":0 }
{ "timestamp":"2016-12-11T21:03:29Z", "event":"Progress", "Combat":2, "Trade":32, "Explore":18, "Empire":100, "Federation":60, "CQC":40 }
{ "timestamp":"2016-12-11T21:03:50Z", "event":"Location", "Docked":true, "StationName":"Bluford Orbital", "StationType":"Orbis", "StarSystem":"LHS 3447", "StarPos":[-43.188,-5.281,56.156], "SystemAllegiance":"Federation", "SystemEconomy":"$economy_Agri;", "SystemEconomy_Localised":"Agriculture", "SystemGovernment":"$government_Corporate;", "SystemGovernment_Localised":"Corporate", "SystemSecurity":"$SYSTEM_SECURITY_high;", "SystemSecurity_Localised":"High Security", "Body":"Bluford Orbital", "BodyType":"Station", "SystemFaction":"LHS 3447 Dynamic & Co" }
{ "timestamp":"2016-12-11T21:03:50Z", "event":"Docked", "StationName":"Bluford Orbital", "StationType":"Orbis", "StarSystem":"LHS 3447", "StationFaction":"LHS 3447 Dynamic & Co", "StationGovernment":"$government_Corporate;", "StationGovernment_Localised":"Corporate", "StationAllegiance":"Federation", "StationEconomy":"$economy_Agri;", "StationEconomy_Localised":"Agriculture" }
{ "timestamp":"2016-12-11T21:04:00Z", "event":"ReceiveText", "From":"$npc_name_decorate:#name=Malark;", "From_Localised":"Malark", "Message":"$BadKarmaCriticalDamage04;", "Message_Localised":"I don't believe it!", "Channel":"npc" }
{ "timestamp":"2016-12-11T21:11:09Z", "event":"Undocked", "StationName":"Bluford Orbital", "StationType":"Orbis" }
{ "timestamp":"2016-12-11T21:13:41Z", "event":"ReceiveText", "From":"Bluford Orbital", "Message":"$STATION_NoFireZone_exited;", "Message_Localised":"No fire zone left.", "Channel":"npc" }
{ "timestamp":"2016-12-11T21:14:00Z", "event":"SupercruiseEntry", "StarSystem":"LHS 3447" }
{ "timestamp":"2016-12-11T21:14:45Z", "event":"FSDJump", "StarSystem":"Alrai Sector KH-V b2-3", "StarPos":[-38.875,-1.750,56.969], "SystemAllegiance":"", "SystemEconomy":"$economy_None;", "SystemEconomy_Localised":"None", "SystemGovernment":"$government_None;", "SystemGovernment_Localised":"None", "SystemSecurity":"$SYSTEM_SECURITY_low;", "SystemSecurity_Localised":"Low Security", "JumpDist":5.633, "FuelUsed":0.360308, "FuelLevel":7.639691 }
{ "timestamp":"2016-12-11T21:15:08Z", "event":"FuelScoop", "Scooped":0.040300, "Total":7.679992 }
{ "timestamp":"2016-12-11T21:17:09Z", "event":"FSDJump", "StarSystem":"Alrai Sector KH-V b2-2", "StarPos":[-34.469,-3.469,58.844], "SystemAllegiance":"", "SystemEconomy":"$economy_None;", "SystemEconomy_Localised":"None", "SystemGovernment":"$government_None;", "SystemGovernment_Localised":"None", "SystemSecurity":"$SYSTEM_SECURITY_low;", "SystemSecurity_Localised":"Low Security", "JumpDist":5.088, "FuelUsed":0.284604, "FuelLevel":7.395388 }
{ "timestamp":"2016-12-11T21:17:37Z", "event":"FuelScoop", "Scooped":0.298661, "Total":7.694048 }
{ "timestamp":"2016-12-11T21:18:12Z", "event":"FSDJump", "StarSystem":"BD-01 3500", "StarPos":[-29.563,3.594,52.906], "SystemAllegiance":"Federation", "SystemEconomy":"$economy_Agri;", "SystemEconomy_Localised":"Agriculture", "SystemGovernment":"$government_Democracy;", "SystemGovernment_Localised":"Democracy", "SystemSecurity":"$SYSTEM_SECURITY_high;", "SystemSecurity_Localised":"High Security", "JumpDist":10.450, "FuelUsed":1.490090, "FuelLevel":6.203959, "SystemFaction":"Independent BD-01 3500 Liberals" }
{ "timestamp":"2016-12-11T21:19:19Z", "event":"FuelScoop", "Scooped":1.254234, "Total":7.458192 }
{ "timestamp":"2016-12-11T21:19:53Z", "event":"FSDJump", "StarSystem":"Eta Serpentis", "StarPos":[-27.594,5.031,53.563], "SystemAllegiance":"Federation", "SystemEconomy":"$economy_Agri;", "SystemEconomy_Localised":"Agriculture", "SystemGovernment":"$government_Corporate;", "SystemGovernment_Localised":"Corporate", "SystemSecurity":"$SYSTEM_SECURITY_high;", "SystemSecurity_Localised":"High Security", "JumpDist":2.524, "FuelUsed":0.056711, "FuelLevel":7.401482, "SystemFaction":"Eta Serpentis Energy PLC", "FactionState":"Boom" }
{ "timestamp":"2016-12-11T21:20:20Z", "event":"FuelScoop", "Scooped":0.209204, "Total":7.610686 }
{ "timestamp":"2016-12-11T21:20:52Z", "event":"FSDJump", "StarSystem":"LHS 463", "StarPos":[-24.969,5.750,45.938], "SystemAllegiance":"Independent", "SystemEconomy":"$economy_Colony;", "SystemEconomy_Localised":"Colony", "SystemGovernment":"$government_Feudal;", "SystemGovernment_Localised":"Feudal", "SystemSecurity":"$SYSTEM_SECURITY_medium;", "SystemSecurity_Localised":"Medium Security", "JumpDist":8.096, "FuelUsed":0.828032, "FuelLevel":6.782654, "SystemFaction":"Noblemen of LHS 463", "FactionState":"Boom" }
{ "timestamp":"2016-12-11T21:22:01Z", "event":"FuelScoop", "Scooped":1.217346, "Total":8.000000 }
{ "timestamp":"2016-12-11T21:22:36Z", "event":"FSDJump", "StarSystem":"LFT 1404", "StarPos":[-25.844,7.656,44.188], "SystemAllegiance":"Independent", "SystemEconomy":"$economy_Military;", "SystemEconomy_Localised":"Military", "SystemGovernment":"$government_Feudal;", "SystemGovernment_Localised":"Feudal", "SystemSecurity":"$SYSTEM_SECURITY_low;", "SystemSecurity_Localised":"Low Security", "JumpDist":2.732, "FuelUsed":0.068196, "FuelLevel":7.931804, "SystemFaction":"Noblemen of LHS 463", "FactionState":"Boom" }
{ "timestamp":"2016-12-11T21:23:07Z", "event":"FuelScoop", "Scooped":0.068196, "Total":8.000000 }
{ "timestamp":"2016-12-11T21:23:28Z", "event":"FSDJump", "StarSystem":"Zugen", "StarPos":[-23.375,5.406,38.406], "SystemAllegiance":"Federation", "SystemEconomy":"$economy_Refinery;", "SystemEconomy_Localised":"Refinery", "SystemGovernment":"$government_Feudal;", "SystemGovernment_Localised":"Feudal", "SystemSecurity":"$SYSTEM_SECURITY_low;", "SystemSecurity_Localised":"Low Security", "JumpDist":6.677, "FuelUsed":0.532740, "FuelLevel":7.467260, "SystemFaction":"Zugen Incorporated", "FactionState":"CivilWar" }
{ "timestamp":"2016-12-11T21:24:05Z", "event":"HeatWarning" }
{ "timestamp":"2016-12-11T21:24:18Z", "event":"HeatWarning" }
{ "timestamp":"2016-12-11T21:24:19Z", "event":"FuelScoop", "Scooped":-0.745209, "Total":6.722051 }
{ "timestamp":"2016-12-11T21:24:33Z", "event":"FSDJump", "StarSystem":"Core Sys Sector QT-R b4-6", "StarPos":[-14.781,8.594,35.031], "SystemAllegiance":"", "SystemEconomy":"$economy_None;", "SystemEconomy_Localised":"None", "SystemGovernment":"$government_None;", "SystemGovernment_Localised":"None", "SystemSecurity":"$SYSTEM_SECURITY_low;", "SystemSecurity_Localised":"Low Security", "JumpDist":9.767, "FuelUsed":1.277949, "FuelLevel":6.722051 }
{ "timestamp":"2016-12-11T21:24:45Z", "event":"HeatWarning" }
{ "timestamp":"2016-12-11T21:24:47Z", "event":"SupercruiseExit", "StarSystem":"Core Sys Sector QT-R b4-6", "Body":"Core Sys Sector QT-R b4-6 A", "BodyType":"Star" }
{ "timestamp":"2016-12-11T21:24:47Z", "event":"HeatWarning" }
{ "timestamp":"2016-12-11T21:25:52Z", "event":"SupercruiseEntry", "StarSystem":"Core Sys Sector QT-R b4-6" }
{ "timestamp":"2016-12-11T21:26:14Z", "event":"FuelScoop", "Scooped":0.151238, "Total":7.070403 }
{ "timestamp":"2016-12-11T21:26:36Z", "event":"FSDJump", "StarSystem":"LFT 1324", "StarPos":[-11.063,12.313,31.094], "SystemAllegiance":"", "SystemEconomy":"$economy_None;", "SystemEconomy_Localised":"None", "SystemGovernment":"$government_None;", "SystemGovernment_Localised":"None", "SystemSecurity":"$SYSTEM_SECURITY_low;", "SystemSecurity_Localised":"Low Security", "JumpDist":6.570, "FuelUsed":0.510558, "FuelLevel":6.559845 }
{ "timestamp":"2016-12-11T21:26:59Z", "event":"FuelScoop", "Scooped":0.067027, "Total":6.626872 }
{ "timestamp":"2016-12-11T21:27:28Z", "event":"FSDJump", "StarSystem":"LP 625-34", "StarPos":[-9.469,17.813,30.438], "SystemAllegiance":"", "SystemEconomy":"$economy_None;", "SystemEconomy_Localised":"None", "SystemGovernment":"$government_None;", "SystemGovernment_Localised":"None", "SystemSecurity":"$SYSTEM_SECURITY_low;", "SystemSecurity_Localised":"Low Security", "JumpDist":5.764, "FuelUsed":0.376936, "FuelLevel":6.249936 }
{ "timestamp":"2016-12-11T21:28:57Z", "event":"FuelScoop", "Scooped":1.616086, "Total":7.866022 }
{ "timestamp":"2016-12-11T21:29:30Z", "event":"FSDJump", "StarSystem":"Lambda Serpentis", "StarPos":[-7.906,27.219,27.563], "SystemAllegiance":"", "SystemEconomy":"$economy_None;", "SystemEconomy_Localised":"None", "SystemGovernment":"$government_None;", "SystemGovernment_Localised":"None", "SystemSecurity":"$SYSTEM_SECURITY_low;", "SystemSecurity_Localised":"Low Security", "JumpDist":9.959, "FuelUsed":1.335364, "FuelLevel":6.530658 }
{ "timestamp":"2016-12-11T21:30:01Z", "event":"FuelScoop", "Scooped":-0.613471, "Total":5.917187 }
{ "timestamp":"2016-12-11T21:30:16Z", "event":"FSDJump", "StarSystem":"LHS 396", "StarPos":[-9.875,30.844,20.469], "SystemAllegiance":"", "SystemEconomy":"$economy_None;", "SystemEconomy_Localised":"None", "SystemGovernment":"$government_None;", "SystemGovernment_Localised":"None", "SystemSecurity":"$SYSTEM_SECURITY_low;", "SystemSecurity_Localised":"Low Security", "JumpDist":8.206, "FuelUsed":0.849426, "FuelLevel":5.917187 }
{ "timestamp":"2016-12-11T21:30:28Z", "event":"SupercruiseExit", "StarSystem":"LHS 396", "Body":"LHS 396", "BodyType":"Star" }
{ "timestamp":"2016-12-11T21:32:02Z", "event":"FSDJump", "StarSystem":"DE Bootis", "StarPos":[-7.438,32.625,17.000], "SystemAllegiance":"", "SystemEconomy":"$economy_None;", "SystemEconomy_Localised":"None", "SystemGovernment":"$government_None;", "SystemGovernment_Localised":"None", "SystemSecurity":"$SYSTEM_SECURITY_low;", "SystemSecurity_Localised":"Low Security", "JumpDist":4.599, "FuelUsed":0.223524, "FuelLevel":5.846699 }
{ "timestamp":"2016-12-11T21:34:00Z", "event":"FuelScoop", "Scooped":2.153301, "Total":8.000000 }
{ "timestamp":"2016-12-11T21:34:35Z", "event":"FSDJump", "StarSystem":"Arcturus", "StarPos":[-3.531,34.156,12.969], "SystemAllegiance":"Federation", "SystemEconomy":"$economy_Extraction;", "SystemEconomy_Localised":"Extraction", "SystemGovernment":"$government_Corporate;", "SystemGovernment_Localised":"Corporate", "SystemSecurity":"$SYSTEM_SECURITY_medium;", "SystemSecurity_Localised":"Medium Security", "JumpDist":5.818, "FuelUsed":0.388222, "FuelLevel":7.611778, "SystemFaction":"Arcturus Public Inc", "FactionState":"Boom" }
{ "timestamp":"2016-12-11T22:00:07Z", "event":"LoadGame", "Commander":"Kith000", "Ship":"Vulture", "ShipID":3, "GameMode":"Open", "Credits":35620266, "Loan":0 }
{ "timestamp":"2016-12-11T22:00:08Z", "event":"Rank", "Combat":5, "Trade":3, "Explore":1, "Empire":0, "Federation":2, "CQC":0 }
{ "timestamp":"2016-12-11T22:00:08Z", "event":"Progress", "Combat":2, "Trade":32, "Explore":18, "Empire":100, "Federation":60, "CQC":40 }
{ "timestamp":"2016-12-11T22:00:26Z", "event":"Location", "Docked":false, "StarSystem":"Arcturus", "StarPos":[-3.531,34.156,12.969], "SystemAllegiance":"Federation", "SystemEconomy":"$economy_Extraction;", "SystemEconomy_Localised":"Extraction", "SystemGovernment":"$government_Corporate;", "SystemGovernment_Localised":"Corporate", "SystemSecurity":"$SYSTEM_SECURITY_medium;", "SystemSecurity_Localised":"Medium Security", "Body":"Arcturus", "BodyType":"Star", "SystemFaction":"Arcturus Public Inc", "FactionState":"Boom" }
{ "timestamp":"2016-12-11T22:01:46Z", "event":"SupercruiseEntry", "StarSystem":"Arcturus" }
{ "timestamp":"2016-12-11T22:02:54Z", "event":"FSDJump", "StarSystem":"Mufrid", "StarPos":[-1.125,35.250,11.094], "SystemAllegiance":"Federation", "SystemEconomy":"$economy_Industrial;", "SystemEconomy_Localised":"Industrial", "SystemGovernment":"$government_Corporate;", "SystemGovernment_Localised":"Corporate", "SystemSecurity":"$SYSTEM_SECURITY_high;", "SystemSecurity_Localised":"High Security", "JumpDist":3.241, "FuelUsed":0.100494, "FuelLevel":6.941284, "SystemFaction":"Mufrid Fortune Interstellar", "FactionState":"Boom" }
{ "timestamp":"2016-12-11T22:03:23Z", "event":"HeatWarning" }
{ "timestamp":"2016-12-11T22:03:34Z", "event":"FuelScoop", "Scooped":0.035842, "Total":6.977126 }
{ "timestamp":"2016-12-11T22:03:58Z", "event":"FSDJump", "StarSystem":"Coelrind", "StarPos":[3.063,35.281,6.969], "SystemAllegiance":"Federation", "SystemEconomy":"$economy_Refinery;", "SystemEconomy_Localised":"Refinery", "SystemGovernment":"$government_Corporate;", "SystemGovernment_Localised":"Corporate", "SystemSecurity":"$SYSTEM_SECURITY_low;", "SystemSecurity_Localised":"Low Security", "JumpDist":5.878, "FuelUsed":0.395656, "FuelLevel":6.977126, "SystemFaction":"Crimson General Industry" }
{ "timestamp":"2016-12-11T22:04:25Z", "event":"FuelScoop", "Scooped":0.179459, "Total":7.156585 }
{ "timestamp":"2016-12-11T22:04:59Z", "event":"FSDJump", "StarSystem":"DT Virginis", "StarPos":[6.938,35.031,6.219], "SystemAllegiance":"Federation", "SystemEconomy":"$economy_Refinery;", "SystemEconomy_Localised":"Refinery", "SystemGovernment":"$government_Confederacy;", "SystemGovernment_Localised":"Confederacy", "SystemSecurity":"$SYSTEM_SECURITY_medium;", "SystemSecurity_Localised":"Medium Security", "JumpDist":3.955, "FuelUsed":0.158968, "FuelLevel":6.997617, "SystemFaction":"Confederation of DT Virginis", "FactionState":"Retreat" }
{ "timestamp":"2016-12-11T22:05:29Z", "event":"FuelScoop", "Scooped":-0.676647, "Total":6.320970 }
{ "timestamp":"2016-12-11T22:05:45Z", "event":"FSDJump", "StarSystem":"Wolf 414", "StarPos":[13.656,40.500,4.438], "SystemAllegiance":"", "SystemEconomy":"$economy_None;", "SystemEconomy_Localised":"None", "SystemGovernment":"$government_None;", "SystemGovernment_Localised":"None", "SystemSecurity":"$SYSTEM_SECURITY_low;", "SystemSecurity_Localised":"Low Security", "JumpDist":8.844, "FuelUsed":1.012381, "FuelLevel":6.320970 }
{ "timestamp":"2016-12-11T22:06:12Z", "event":"FuelScoop", "Scooped":0.168641, "Total":6.489611 }
{ "timestamp":"2016-12-11T22:06:43Z", "event":"FSDJump", "StarSystem":"LHS 2471", "StarPos":[18.969,42.094,-1.313], "SystemAllegiance":"Federation", "SystemEconomy":"$economy_Agri;", "SystemEconomy_Localised":"Agriculture", "SystemGovernment":"$government_Corporate;", "SystemGovernment_Localised":"Corporate", "SystemSecurity":"$SYSTEM_SECURITY_high;", "SystemSecurity_Localised":"High Security", "JumpDist":7.989, "FuelUsed":0.797907, "FuelLevel":5.691704, "SystemFaction":"LHS 2471 General Ltd" }
{ "timestamp":"2016-12-11T22:07:14Z", "event":"FuelScoop", "Scooped":0.115627, "Total":5.807332 }
{ "timestamp":"2016-12-11T22:08:05Z", "event":"FSDJump", "StarSystem":"LP 493-64", "StarPos":[19.188,47.969,-3.063], "SystemAllegiance":"Independent", "SystemEconomy":"$economy_Industrial;", "SystemEconomy_Localised":"Industrial", "SystemGovernment":"$government_Democracy;", "SystemGovernment_Localised":"Democracy", "SystemSecurity":"$SYSTEM_SECURITY_medium;", "SystemSecurity_Localised":"Medium Security", "JumpDist":6.134, "FuelUsed":0.432941, "FuelLevel":5.374391, "SystemFaction":"Progressive Party of LP 493-64" }
{ "timestamp":"2016-12-11T22:08:41Z", "event":"FuelScoop", "Scooped":0.345191, "Total":5.719582 }
{ "timestamp":"2016-12-11T22:09:13Z", "event":"FSDJump", "StarSystem":"Sharru Sector KC-V b2-6", "StarPos":[21.250,52.844,-5.469], "SystemAllegiance":"", "SystemEconomy":"$economy_None;", "SystemEconomy_Localised":"None", "SystemGovernment":"$government_None;", "SystemGovernment_Localised":"None", "SystemSecurity":"$SYSTEM_SECURITY_low;", "SystemSecurity_Localised":"Low Security", "JumpDist":5.815, "FuelUsed":0.382674, "FuelLevel":5.336908 }
{ "timestamp":"2016-12-11T22:09:38Z", "event":"FuelScoop", "Scooped":0.089620, "Total":5.426528 }
{ "timestamp":"2016-12-11T22:10:49Z", "event":"FSDJump", "StarSystem":"LHS 301", "StarPos":[28.844,52.344,-8.625], "SystemAllegiance":"Federation", "SystemEconomy":"$economy_Industrial;", "SystemEconomy_Localised":"Industrial", "SystemGovernment":"$government_Corporate;", "SystemGovernment_Localised":"Corporate", "SystemSecurity":"$SYSTEM_SECURITY_high;", "SystemSecurity_Localised":"High Security", "JumpDist":8.239, "FuelUsed":0.851485, "FuelLevel":4.575043, "SystemFaction":"LHS 301 Vision Systems", "FactionState":"Boom" }
{ "timestamp":"2016-12-11T22:13:18Z", "event":"FuelScoop", "Scooped":2.174840, "Total":6.749883 }
{ "timestamp":"2016-12-11T22:13:35Z", "event":"FSDJump", "StarSystem":"Wolf 386", "StarPos":[30.688,61.750,-9.938], "SystemAllegiance":"", "SystemEconomy":"$economy_None;", "SystemEconomy_Localised":"None", "SystemGovernment":"$government_None;", "SystemGovernment_Localised":"None", "SystemSecurity":"$SYSTEM_SECURITY_low;", "SystemSecurity_Localised":"Low Security", "JumpDist":9.675, "FuelUsed":1.250117, "FuelLevel":6.749883 }
{ "timestamp":"2016-12-11T22:14:08Z", "event":"FuelScoop", "Scooped":0.231988, "Total":6.981871 }
{ "timestamp":"2016-12-11T22:15:09Z", "event":"FSDJump", "StarSystem":"78 Iota Leonis", "StarPos":[31.781,69.281,-12.188], "SystemAllegiance":"", "SystemEconomy":"$economy_None;", "SystemEconomy_Localised":"None", "SystemGovernment":"$government_None;", "SystemGovernment_Localised":"None", "SystemSecurity":"$SYSTEM_SECURITY_low;", "SystemSecurity_Localised":"Low Security", "JumpDist":7.936, "FuelUsed":0.788095, "FuelLevel":6.193777 }
{ "timestamp":"2016-12-11T22:16:39Z", "event":"FuelScoop", "Scooped":-0.319449, "Total":5.874328 }
{ "timestamp":"2016-12-11T22:17:09Z", "event":"FSDJump", "StarSystem":"Wolf 397", "StarPos":[40.000,79.219,-10.406], "SystemAllegiance":"Alliance", "SystemEconomy":"$economy_Colony;", "SystemEconomy_Localised":"Colony", "SystemGovernment":"$government_Democracy;", "SystemGovernment_Localised":"Democracy", "SystemSecurity":"$SYSTEM_SECURITY_medium;", "SystemSecurity_Localised":"Medium Security", "JumpDist":13.018, "FuelUsed":2.452542, "FuelLevel":3.421786, "SystemFaction":"Wolf 397 Independents" }
{ "timestamp":"2016-12-11T22:20:23Z", "event":"SupercruiseExit", "StarSystem":"Wolf 397", "Body":"Trus Madi", "BodyType":"Planet" }
{ "timestamp":"2016-12-11T22:21:51Z", "event":"SupercruiseEntry", "StarSystem":"Wolf 397" }
{ "timestamp":"2016-12-11T22:21:59Z", "event":"SupercruiseExit", "StarSystem":"Wolf 397", "Body":"Trus Madi", "BodyType":"Planet" }
{ "timestamp":"2016-12-11T22:22:20Z", "event":"SupercruiseEntry", "StarSystem":"Wolf 397" }
{ "timestamp":"2016-12-11T22:23:03Z", "event":"SupercruiseExit", "StarSystem":"Wolf 397", "Body":"Trus Madi", "BodyType":"Planet" }
{ "timestamp":"2016-12-11T22:23:33Z", "event":"DockingRequested", "StationName":"Trophy Camp" }
{ "timestamp":"2016-12-11T22:23:33Z", "event":"ReceiveText", "From":"Trophy Camp", "Message":"$DockingChatter_Friendly;", "Message_Localised":"It's great to see you again, Commander.", "Channel":"npc" }
{ "timestamp":"2016-12-11T22:23:35Z", "event":"ReceiveText", "From":"Trophy Camp", "Message":"$STATION_docking_granted;", "Message_Localised":"Docking request granted.", "Channel":"npc" }
{ "timestamp":"2016-12-11T22:23:35Z", "event":"DockingGranted", "LandingPad":4, "StationName":"Trophy Camp" }
{ "timestamp":"2016-12-11T22:23:44Z", "event":"ReceiveText", "From":"Trophy Camp", "Message":"$STATION_NoFireZone_entered;", "Message_Localised":"No fire zone entered.", "Channel":"npc" }
{ "timestamp":"2016-12-11T22:25:01Z", "event":"Docked", "StationName":"Trophy Camp", "StarSystem":"Wolf 397", "StationFaction":"Wolf 397 Independents", "StationGovernment":"$government_Democracy;", "StationGovernment_Localised":"Democracy", "StationAllegiance":"Alliance" }
{ "timestamp":"2016-12-11T22:25:33Z", "event":"RefuelAll", "Cost":239, "Amount":4.770238 }
{ "timestamp":"2016-12-11T22:25:36Z", "event":"RepairAll", "Cost":4411 }
{ "timestamp":"2016-12-11T22:25:38Z", "event":"BuyAmmo", "Cost":100 }
{ "timestamp":"2016-12-11T22:26:04Z", "event":"EngineerProgress", "Engineer":"Tod 'The Blaster' McQuinn", "Progress":"Unlocked", "Rank":1 }
