{ "timestamp":"2017-07-19T06:05:59Z", "event":"Fileheader", "part":1, "language":"English\\UK", "gameversion":"2.3.11", "build":"r148764/r0 " }
{ "timestamp":"2017-07-19T06:06:43Z", "event":"Cargo", "Inventory":[  ] }
{ "timestamp":"2017-07-19T06:06:43Z", "event":"Loadout", "Ship":"Anaconda", "ShipID":10, "ShipName":"", "ShipIdent":"", "Modules":[ { "Slot":"TinyHardpoint1", "Item":"Hpt_HeatSinkLauncher_Turret_Tiny", "On":true, "Priority":0, "AmmoInClip":1, "AmmoInHopper":1, "Health":0.957889, "Value":3500 }, { "Slot":"TinyHardpoint2", "Item":"Hpt_HeatSinkLauncher_Turret_Tiny", "On":true, "Priority":0, "AmmoInClip":1, "AmmoInHopper":1, "Health":0.965796, "Value":3500 }, { "Slot":"Armour", "Item":"Anaconda_Armour_Grade1", "On":true, "Priority":1, "Health":1.000000, "Value":0 }, { "Slot":"PowerPlant", "Item":"Int_Powerplant_Size3_Class5", "On":true, "Priority":1, "Health":0.993051, "Value":431726 }, { "Slot":"MainEngines", "Item":"Int_Engine_Size5_Class2", "On":true, "Priority":3, "Health":0.943642, "Value":189035 }, { "Slot":"FrameShiftDrive", "Item":"Int_Hyperdrive_Size6_Class5", "On":true, "Priority":0, "Health":0.982520, "Value":13752602 }, { "Slot":"LifeSupport", "Item":"Int_LifeSupport_Size5_Class2", "On":true, "Priority":0, "Health":0.945235, "Value":67528 }, { "Slot":"PowerDistributor", "Item":"Int_PowerDistributor_Size5_Class5", "On":true, "Priority":0, "Health":0.968909, "Value":1055120 }, { "Slot":"Radar", "Item":"Int_Sensors_Size8_Class2", "On":true, "Priority":0, "Health":0.970511, "Value":1482367 }, { "Slot":"FuelTank", "Item":"Int_FuelTank_Size5_Class3", "On":true, "Priority":1, "Health":1.000000, "Value":83090 }, { "Slot":"Slot01_Size7", "Item":"Int_FuelScoop_Size7_Class4", "On":true, "Priority":0, "Health":0.981168, "Value":22795161 }, { "Slot":"Slot02_Size6", "Item":"Int_BuggyBay_Size6_Class2", "On":true, "Priority":0, "Health":0.973663, "Value":691200 }, { "Slot":"Slot03_Size6", "Item":"Int_Repairer_Size6_Class5", "On":false, "Priority":0, "AmmoInClip":8100, "Health":0.986432, "Value":15305501 }, { "Slot":"Slot04_Size6", "Item":"Int_Repairer_Size6_Class5", "On":false, "Priority":1, "AmmoInClip":8100, "Health":0.966028, "Value":15305501 }, { "Slot":"Slot09_Size4", "Item":"Int_DetailedSurfaceScanner_Tiny", "On":true, "Priority":1, "Health":1.000000, "Value":250000 }, { "Slot":"Slot10_Size4", "Item":"Int_ShieldGenerator_Size3_Class2", "On":true, "Priority":1, "Health":0.975455, "Value":18812 }, { "Slot":"Slot13_Size2", "Item":"Int_StellarBodyDiscoveryScanner_Advanced", "On":true, "Priority":1, "Health":0.975806, "Value":1545000 }, { "Slot":"PlanetaryApproachSuite", "Item":"Int_PlanetApproachSuite", "On":true, "Priority":1, "Health":1.000000, "Value":425 }, { "Slot":"ShipCockpit", "Item":"Anaconda_Cockpit", "On":true, "Priority":1, "Health":1.000000, "Value":0 }, { "Slot":"CargoHatch", "Item":"ModularCargoBayDoor", "On":false, "Priority":2, "Health":0.973031, "Value":0 } ] }
{ "timestamp":"2017-07-19T06:06:43Z", "event":"Materials", "Raw":[ { "Name":"sulphur", "Count":33 }, { "Name":"phosphorus", "Count":30 }, { "Name":"manganese", "Count":12 }, { "Name":"nickel", "Count":7 }, { "Name":"carbon", "Count":11 }, { "Name":"cadmium", "Count":12 }, { "Name":"germanium", "Count":3 }, { "Name":"tungsten", "Count":3 }, { "Name":"arsenic", "Count":3 }, { "Name":"zinc", "Count":6 }, { "Name":"selenium", "Count":12 }, { "Name":"vanadium", "Count":3 }, { "Name":"antimony", "Count":3 } ], "Manufactured":[ { "Name":"hybridcapacitors", "Count":2 }, { "Name":"focuscrystals", "Count":1 }, { "Name":"salvagedalloys", "Count":1 }, { "Name":"shieldemitters", "Count":5 }, { "Name":"galvanisingalloys", "Count":4 }, { "Name":"phasealloys", "Count":10 }, { "Name":"highdensitycomposites", "Count":6 }, { "Name":"compoundshielding", "Count":6 }, { "Name":"refinedfocuscrystals", "Count":3 }, { "Name":"conductivecomponents", "Count":4 }, { "Name":"heatresistantceramics", "Count":1 }, { "Name":"precipitatedalloys", "Count":3 }, { "Name":"wornshieldemitters", "Count":3 }, { "Name":"shieldingsensors", "Count":3 }, { "Name":"thermicalloys", "Count":5 }, { "Name":"mechanicalequipment", "Count":1 }, { "Name":"gridresistors", "Count":2 }, { "Name":"temperedalloys", "Count":1 }, { "Name":"conductivepolymers", "Count":2 }, { "Name":"uncutfocuscrystals", "Count":1 } ], "Encoded":[ { "Name":"shieldcyclerecordings", "Count":53 }, { "Name":"emissiondata", "Count":40 }, { "Name":"encodedscandata", "Count":17 }, { "Name":"decodedemissiondata", "Count":114 }, { "Name":"shieldsoakanalysis", "Count":63 }, { "Name":"scandatabanks", "Count":33 }, { "Name":"bulkscandata", "Count":16 }, { "Name":"archivedemissiondata", "Count":2 }, { "Name":"shielddensityreports", "Count":75 }, { "Name":"shieldpatternanalysis", "Count":44 }, { "Name":"compactemissionsdata", "Count":5 }, { "Name":"shieldfrequencydata", "Count":3 }, { "Name":"consumerfirmware", "Count":1 }, { "Name":"hyperspacetrajectories", "Count":1 }, { "Name":"scrambledemissiondata", "Count":1 }, { "Name":"scanarchives", "Count":20 }, { "Name":"classifiedscandata", "Count":4 }, { "Name":"disruptedwakeechoes", "Count":3 }, { "Name":"securityfirmware", "Count":2 }, { "Name":"encryptionarchives", "Count":3 } ] }
{ "timestamp":"2017-07-19T06:06:43Z", "event":"LoadGame", "Commander":"Kith000", "Ship":"Anaconda", "ShipID":10, "ShipName":"", "ShipIdent":"", "FuelLevel":32.000000, "FuelCapacity":32.000000, "GameMode":"Open", "Credits":32994291, "Loan":0 }
{ "timestamp":"2017-07-19T06:06:43Z", "event":"Rank", "Combat":6, "Trade":4, "Explore":2, "Empire":1, "Federation":4, "CQC":0 }
{ "timestamp":"2017-07-19T06:06:43Z", "event":"Progress", "Combat":21, "Trade":96, "Explore":24, "Empire":23, "Federation":1, "CQC":40 }
{ "timestamp":"2017-07-19T06:06:54Z", "event":"Location", "Docked":false, "StarSystem":"Blu Thua CP-A b29-1", "StarPos":[272.469,333.438,2127.094], "SystemAllegiance":"", "SystemEconomy":"$economy_None;", "SystemEconomy_Localised":"None", "SystemGovernment":"$government_None;", "SystemGovernment_Localised":"None", "SystemSecurity":"$SYSTEM_SECURITY_low;", "SystemSecurity_Localised":"Low Security", "Body":"Blu Thua CP-A b29-1", "BodyType":"Star" }
{ "timestamp":"2017-07-19T06:08:12Z", "event":"StartJump", "JumpType":"Hyperspace", "StarSystem":"Blu Thua LB-X b30-0", "StarClass":"M" }
{ "timestamp":"2017-07-19T06:08:31Z", "event":"FSDJump", "StarSystem":"Blu Thua LB-X b30-0", "StarPos":[276.344,320.188,2159.719], "SystemAllegiance":"", "SystemEconomy":"$economy_None;", "SystemEconomy_Localised":"None", "SystemGovernment":"$government_None;", "SystemGovernment_Localised":"None", "SystemSecurity":"$SYSTEM_SECURITY_low;", "SystemSecurity_Localised":"Low Security", "JumpDist":35.426, "FuelUsed":7.341063, "FuelLevel":24.658937 }
{ "timestamp":"2017-07-19T06:08:44Z", "event":"FuelScoop", "Scooped":5.003363, "Total":29.662304 }
{ "timestamp":"2017-07-19T06:08:47Z", "event":"FuelScoop", "Scooped":2.337697, "Total":32.000000 }
{ "timestamp":"2017-07-19T06:09:23Z", "event":"StartJump", "JumpType":"Hyperspace", "StarSystem":"Blu Thua QH-V b31-0", "StarClass":"M" }
{ "timestamp":"2017-07-19T06:09:27Z", "event":"HeatWarning" }
{ "timestamp":"2017-07-19T06:09:42Z", "event":"FSDJump", "StarSystem":"Blu Thua QH-V b31-0", "StarPos":[298.781,321.875,2188.125], "SystemAllegiance":"", "SystemEconomy":"$economy_None;", "SystemEconomy_Localised":"None", "SystemGovernment":"$government_None;", "SystemGovernment_Localised":"None", "SystemSecurity":"$SYSTEM_SECURITY_low;", "SystemSecurity_Localised":"Low Security", "JumpDist":36.238, "FuelUsed":7.786797, "FuelLevel":24.845877 }
{ "timestamp":"2017-07-19T06:09:42Z", "event":"HeatWarning" }
{ "timestamp":"2017-07-19T06:09:58Z", "event":"FuelScoop", "Scooped":5.008649, "Total":29.854513 }
{ "timestamp":"2017-07-19T06:10:00Z", "event":"FuelScoop", "Scooped":2.145483, "Total":32.000000 }
{ "timestamp":"2017-07-19T06:10:56Z", "event":"StartJump", "JumpType":"Hyperspace", "StarSystem":"Blu Thua MU-V c16-5", "StarClass":"K" }
{ "timestamp":"2017-07-19T06:11:15Z", "event":"FSDJump", "StarSystem":"Blu Thua MU-V c16-5", "StarPos":[287.906,315.125,2220.094], "SystemAllegiance":"", "SystemEconomy":"$economy_None;", "SystemEconomy_Localised":"None", "SystemGovernment":"$government_None;", "SystemGovernment_Localised":"None", "SystemSecurity":"$SYSTEM_SECURITY_low;", "SystemSecurity_Localised":"Low Security", "JumpDist":34.436, "FuelUsed":6.819420, "FuelLevel":25.180580 }
{ "timestamp":"2017-07-19T06:11:37Z", "event":"FuelScoop", "Scooped":5.015946, "Total":30.196533 }
{ "timestamp":"2017-07-19T06:11:40Z", "event":"FuelScoop", "Scooped":1.803472, "Total":32.000000 }
{ "timestamp":"2017-07-19T06:12:11Z", "event":"StartJump", "JumpType":"Hyperspace", "StarSystem":"Blu Thua BA-Q b34-0", "StarClass":"M" }
{ "timestamp":"2017-07-19T06:12:30Z", "event":"FSDJump", "StarSystem":"Blu Thua BA-Q b34-0", "StarPos":[285.344,319.406,2254.875], "SystemAllegiance":"", "SystemEconomy":"$economy_None;", "SystemEconomy_Localised":"None", "SystemGovernment":"$government_None;", "SystemGovernment_Localised":"None", "SystemSecurity":"$SYSTEM_SECURITY_low;", "SystemSecurity_Localised":"Low Security", "JumpDist":35.137, "FuelUsed":7.186463, "FuelLevel":24.813538 }
{ "timestamp":"2017-07-19T06:12:48Z", "event":"FuelScoop", "Scooped":5.003014, "Total":29.816547 }
{ "timestamp":"2017-07-19T06:12:51Z", "event":"FuelScoop", "Scooped":2.183459, "Total":32.000000 }
{ "timestamp":"2017-07-19T06:14:36Z", "event":"Scan", "BodyName":"Blu Thua BA-Q b34-0 2", "DistanceFromArrivalLS":444.316498, "TidalLock":false, "TerraformState":"", "PlanetClass":"Rocky ice body", "Atmosphere":"", "AtmosphereType":"None", "Volcanism":"", "MassEM":0.004013, "Radius":1255699.875000, "SurfaceGravity":1.014457, "SurfaceTemperature":86.452805, "SurfacePressure":0.000000, "Landable":true, "Materials":[ { "Name":"sulphur", "Percent":22.466249 }, { "Name":"carbon", "Percent":18.891788 }, { "Name":"iron", "Percent":18.668257 }, { "Name":"nickel", "Percent":14.119887 }, { "Name":"phosphorus", "Percent":12.094848 }, { "Name":"vanadium", "Percent":4.584274 }, { "Name":"selenium", "Percent":3.516158 }, { "Name":"zirconium", "Percent":2.167769 }, { "Name":"cadmium", "Percent":1.449675 }, { "Name":"molybdenum", "Percent":1.219026 }, { "Name":"antimony", "Percent":0.822060 } ], "SemiMajorAxis":133365293056.000000, "Eccentricity":0.001259, "OrbitalInclination":-0.238564, "Periapsis":247.186981, "OrbitalPeriod":46368516.000000, "RotationPeriod":94757.070313, "AxialTilt":0.462213 }
{ "timestamp":"2017-07-19T06:15:23Z", "event":"StartJump", "JumpType":"Hyperspace", "StarSystem":"Blu Thua JM-M b36-1", "StarClass":"M" }
{ "timestamp":"2017-07-19T06:15:41Z", "event":"FSDJump", "StarSystem":"Blu Thua JM-M b36-1", "StarPos":[281.500,329.500,2284.531], "SystemAllegiance":"", "SystemEconomy":"$economy_None;", "SystemEconomy_Localised":"None", "SystemGovernment":"$government_None;", "SystemGovernment_Localised":"None", "SystemSecurity":"$SYSTEM_SECURITY_low;", "SystemSecurity_Localised":"Low Security", "JumpDist":31.562, "FuelUsed":5.436711, "FuelLevel":26.563290 }
{ "timestamp":"2017-07-19T06:15:57Z", "event":"FuelScoop", "Scooped":5.002007, "Total":31.565289 }
{ "timestamp":"2017-07-19T06:15:58Z", "event":"FuelScoop", "Scooped":0.434716, "Total":32.000000 }
{ "timestamp":"2017-07-19T06:16:26Z", "event":"StartJump", "JumpType":"Hyperspace", "StarSystem":"Blu Thua SO-R e4-0", "StarClass":"TTS" }
{ "timestamp":"2017-07-19T06:16:44Z", "event":"FSDJump", "StarSystem":"Blu Thua SO-R e4-0", "StarPos":[276.188,319.875,2318.063], "SystemAllegiance":"", "SystemEconomy":"$economy_None;", "SystemEconomy_Localised":"None", "SystemGovernment":"$government_None;", "SystemGovernment_Localised":"None", "SystemSecurity":"$SYSTEM_SECURITY_low;", "SystemSecurity_Localised":"Low Security", "JumpDist":35.288, "FuelUsed":7.266645, "FuelLevel":24.733355 }
{ "timestamp":"2017-07-19T06:17:37Z", "event":"StartJump", "JumpType":"Hyperspace", "StarSystem":"Blu Thua VE-H b39-0", "StarClass":"M" }
{ "timestamp":"2017-07-19T06:17:56Z", "event":"FSDJump", "StarSystem":"Blu Thua VE-H b39-0", "StarPos":[286.375,317.500,2352.406], "SystemAllegiance":"", "SystemEconomy":"$economy_None;", "SystemEconomy_Localised":"None", "SystemGovernment":"$government_None;", "SystemGovernment_Localised":"None", "SystemSecurity":"$SYSTEM_SECURITY_low;", "SystemSecurity_Localised":"Low Security", "JumpDist":35.902, "FuelUsed":7.363030, "FuelLevel":17.370325 }
{ "timestamp":"2017-07-19T06:18:15Z", "event":"FuelScoop", "Scooped":5.021986, "Total":22.392300 }
{ "timestamp":"2017-07-19T06:18:20Z", "event":"FuelScoop", "Scooped":5.013093, "Total":27.405399 }
{ "timestamp":"2017-07-19T06:18:26Z", "event":"FuelScoop", "Scooped":4.594595, "Total":32.000000 }
{ "timestamp":"2017-07-19T06:19:02Z", "event":"StartJump", "JumpType":"Hyperspace", "StarSystem":"Blu Thua OJ-H d10-23", "StarClass":"F" }
{ "timestamp":"2017-07-19T06:19:21Z", "event":"FSDJump", "StarSystem":"Blu Thua OJ-H d10-23", "StarPos":[300.063,334.438,2378.188], "SystemAllegiance":"", "SystemEconomy":"$economy_None;", "SystemEconomy_Localised":"None", "SystemGovernment":"$government_None;", "SystemGovernment_Localised":"None", "SystemSecurity":"$SYSTEM_SECURITY_low;", "SystemSecurity_Localised":"Low Security", "JumpDist":33.748, "FuelUsed":6.470569, "FuelLevel":25.529430 }
{ "timestamp":"2017-07-19T06:19:33Z", "event":"FuelScoop", "Scooped":5.011395, "Total":30.540836 }
{ "timestamp":"2017-07-19T06:19:36Z", "event":"FuelScoop", "Scooped":1.459156, "Total":32.000000 }
{ "timestamp":"2017-07-19T06:20:04Z", "event":"StartJump", "JumpType":"Hyperspace", "StarSystem":"Blu Thua IX-B b42-1", "StarClass":"M" }
{ "timestamp":"2017-07-19T06:20:23Z", "event":"FSDJump", "StarSystem":"Blu Thua IX-B b42-1", "StarPos":[301.844,324.500,2411.781], "SystemAllegiance":"", "SystemEconomy":"$economy_None;", "SystemEconomy_Localised":"None", "SystemGovernment":"$government_None;", "SystemGovernment_Localised":"None", "SystemSecurity":"$SYSTEM_SECURITY_low;", "SystemSecurity_Localised":"Low Security", "JumpDist":35.078, "FuelUsed":7.154939, "FuelLevel":24.845060 }
{ "timestamp":"2017-07-19T06:20:43Z", "event":"FuelScoop", "Scooped":4.922093, "Total":29.767178 }
{ "timestamp":"2017-07-19T06:21:01Z", "event":"StartJump", "JumpType":"Hyperspace", "StarSystem":"Blu Thua QJ-Y b43-0", "StarClass":"M" }
{ "timestamp":"2017-07-19T06:21:20Z", "event":"FSDJump", "StarSystem":"Blu Thua QJ-Y b43-0", "StarPos":[302.625,315.063,2446.594], "SystemAllegiance":"", "SystemEconomy":"$economy_None;", "SystemEconomy_Localised":"None", "SystemGovernment":"$government_None;", "SystemGovernment_Localised":"None", "SystemSecurity":"$SYSTEM_SECURITY_low;", "SystemSecurity_Localised":"Low Security", "JumpDist":36.078, "FuelUsed":7.622720, "FuelLevel":22.144457 }
{ "timestamp":"2017-07-19T06:21:33Z", "event":"FuelScoop", "Scooped":5.006496, "Total":27.150944 }
{ "timestamp":"2017-07-19T06:21:39Z", "event":"FuelScoop", "Scooped":3.016578, "Total":30.167521 }
{ "timestamp":"2017-07-19T06:22:19Z", "event":"StartJump", "JumpType":"Hyperspace", "StarSystem":"Blu Thua YV-U b45-0", "StarClass":"M" }
{ "timestamp":"2017-07-19T06:22:38Z", "event":"FSDJump", "StarSystem":"Blu Thua YV-U b45-0", "StarPos":[300.250,318.563,2477.063], "SystemAllegiance":"", "SystemEconomy":"$economy_None;", "SystemEconomy_Localised":"None", "SystemGovernment":"$government_None;", "SystemGovernment_Localised":"None", "SystemSecurity":"$SYSTEM_SECURITY_low;", "SystemSecurity_Localised":"Low Security", "JumpDist":30.761, "FuelUsed":5.045065, "FuelLevel":25.122456 }
{ "timestamp":"2017-07-19T06:22:52Z", "event":"FuelScoop", "Scooped":5.018854, "Total":30.141314 }
{ "timestamp":"2017-07-19T06:22:54Z", "event":"FuelScoop", "Scooped":1.858683, "Total":32.000000 }
{ "timestamp":"2017-07-19T06:24:24Z", "event":"StartJump", "JumpType":"Hyperspace", "StarSystem":"Blu Thua AH-T b46-0", "StarClass":"M" }
{ "timestamp":"2017-07-19T06:24:42Z", "event":"FSDJump", "StarSystem":"Blu Thua AH-T b46-0", "StarPos":[299.906,336.875,2504.125], "SystemAllegiance":"", "SystemEconomy":"$economy_None;", "SystemEconomy_Localised":"None", "SystemGovernment":"$government_None;", "SystemGovernment_Localised":"None", "SystemSecurity":"$SYSTEM_SECURITY_low;", "SystemSecurity_Localised":"Low Security", "JumpDist":32.678, "FuelUsed":5.950813, "FuelLevel":26.049187 }
{ "timestamp":"2017-07-19T06:24:55Z", "event":"FuelScoop", "Scooped":5.002974, "Total":31.052164 }
{ "timestamp":"2017-07-19T06:24:56Z", "event":"FuelScoop", "Scooped":0.947838, "Total":32.000000 }
{ "timestamp":"2017-07-19T06:25:35Z", "event":"StartJump", "JumpType":"Hyperspace", "StarSystem":"Blu Thua HT-P b48-0", "StarClass":"M" }
{ "timestamp":"2017-07-19T06:25:53Z", "event":"FSDJump", "StarSystem":"Blu Thua HT-P b48-0", "StarPos":[292.281,342.063,2537.969], "SystemAllegiance":"", "SystemEconomy":"$economy_None;", "SystemEconomy_Localised":"None", "SystemGovernment":"$government_None;", "SystemGovernment_Localised":"None", "SystemSecurity":"$SYSTEM_SECURITY_low;", "SystemSecurity_Localised":"Low Security", "JumpDist":35.078, "FuelUsed":7.154660, "FuelLevel":24.845341 }
{ "timestamp":"2017-07-19T06:26:08Z", "event":"FuelScoop", "Scooped":5.002317, "Total":29.847658 }
{ "timestamp":"2017-07-19T06:26:09Z", "event":"FuelScoop", "Scooped":0.225859, "Total":30.073524 }
{ "timestamp":"2017-07-19T06:26:25Z", "event":"StartJump", "JumpType":"Hyperspace", "StarSystem":"Blu Thua QW-H c24-5", "StarClass":"K" }
{ "timestamp":"2017-07-19T06:26:44Z", "event":"FSDJump", "StarSystem":"Blu Thua QW-H c24-5", "StarPos":[286.469,340.063,2571.344], "SystemAllegiance":"", "SystemEconomy":"$economy_None;", "SystemEconomy_Localised":"None", "SystemGovernment":"$government_None;", "SystemGovernment_Localised":"None", "SystemSecurity":"$SYSTEM_SECURITY_low;", "SystemSecurity_Localised":"Low Security", "JumpDist":33.936, "FuelUsed":6.510676, "FuelLevel":23.562849 }
{ "timestamp":"2017-07-19T06:26:58Z", "event":"FuelScoop", "Scooped":5.006554, "Total":28.569391 }
{ "timestamp":"2017-07-19T06:27:02Z", "event":"FuelScoop", "Scooped":3.430612, "Total":32.000000 }
{ "timestamp":"2017-07-19T06:27:44Z", "event":"StartJump", "JumpType":"Hyperspace", "StarSystem":"Blu Thua WV-D d12-19", "StarClass":"F" }
{ "timestamp":"2017-07-19T06:28:03Z", "event":"FSDJump", "StarSystem":"Blu Thua WV-D d12-19", "StarPos":[291.406,342.031,2603.656], "SystemAllegiance":"", "SystemEconomy":"$economy_None;", "SystemEconomy_Localised":"None", "SystemGovernment":"$government_None;", "SystemGovernment_Localised":"None", "SystemSecurity":"$SYSTEM_SECURITY_low;", "SystemSecurity_Localised":"Low Security", "JumpDist":32.747, "FuelUsed":5.983770, "FuelLevel":26.016230 }
{ "timestamp":"2017-07-19T06:28:19Z", "event":"FuelScoop", "Scooped":5.000155, "Total":31.016394 }
{ "timestamp":"2017-07-19T06:28:20Z", "event":"FuelScoop", "Scooped":0.983606, "Total":32.000000 }
{ "timestamp":"2017-07-19T06:28:45Z", "event":"StartJump", "JumpType":"Hyperspace", "StarSystem":"Blu Thua ZI-E c26-5", "StarClass":"M" }
{ "timestamp":"2017-07-19T06:29:04Z", "event":"FSDJump", "StarSystem":"Blu Thua ZI-E c26-5", "StarPos":[301.219,348.813,2632.250], "SystemAllegiance":"", "SystemEconomy":"$economy_None;", "SystemEconomy_Localised":"None", "SystemGovernment":"$government_None;", "SystemGovernment_Localised":"None", "SystemSecurity":"$SYSTEM_SECURITY_low;", "SystemSecurity_Localised":"Low Security", "JumpDist":30.982, "FuelUsed":5.181005, "FuelLevel":26.818996 }
{ "timestamp":"2017-07-19T06:29:17Z", "event":"FuelScoop", "Scooped":5.025970, "Total":31.844976 }
{ "timestamp":"2017-07-19T06:29:17Z", "event":"FuelScoop", "Scooped":0.155023, "Total":32.000000 }
{ "timestamp":"2017-07-19T06:30:40Z", "event":"Scan", "BodyName":"Blu Thua ZI-E c26-5 1", "DistanceFromArrivalLS":419.072815, "TidalLock":false, "TerraformState":"", "PlanetClass":"High metal content body", "Atmosphere":"hot thick methane rich atmosphere", "AtmosphereType":"MethaneRich", "AtmosphereComposition":[ { "Name":"Ammonia", "Percent":32.701214 }, { "Name":"Methane", "Percent":32.701214 }, { "Name":"Nitrogen", "Percent":32.701214 } ], "Volcanism":"minor metallic magma volcanism", "MassEM":2.071461, "Radius":7656460.500000, "SurfaceGravity":14.084134, "SurfaceTemperature":617.660095, "SurfacePressure":160848736.000000, "Landable":false, "SemiMajorAxis":125635043328.000000, "Eccentricity":0.000003, "OrbitalInclination":0.009562, "Periapsis":299.747101, "OrbitalPeriod":35033168.000000, "RotationPeriod":146763.437500, "AxialTilt":-0.134069 }
{ "timestamp":"2017-07-19T06:31:27Z", "event":"StartJump", "JumpType":"Hyperspace", "StarSystem":"Blu Thua DP-C c27-3", "StarClass":"G" }
{ "timestamp":"2017-07-19T06:31:45Z", "event":"FSDJump", "StarSystem":"Blu Thua DP-C c27-3", "StarPos":[313.250,357.375,2660.938], "SystemAllegiance":"", "SystemEconomy":"$economy_None;", "SystemEconomy_Localised":"None", "SystemGovernment":"$government_None;", "SystemGovernment_Localised":"None", "SystemSecurity":"$SYSTEM_SECURITY_low;", "SystemSecurity_Localised":"Low Security", "JumpDist":32.265, "FuelUsed":5.730945, "FuelLevel":25.199055 }
{ "timestamp":"2017-07-19T06:32:00Z", "event":"FuelScoop", "Scooped":5.018149, "Total":30.217209 }
{ "timestamp":"2017-07-19T06:32:02Z", "event":"FuelScoop", "Scooped":1.782782, "Total":32.000000 }
{ "timestamp":"2017-07-19T06:32:43Z", "event":"StartJump", "JumpType":"Hyperspace", "StarSystem":"Blu Thua AC-C d13-20", "StarClass":"M" }
{ "timestamp":"2017-07-19T06:33:01Z", "event":"FSDJump", "StarSystem":"Blu Thua AC-C d13-20", "StarPos":[321.219,342.750,2693.031], "SystemAllegiance":"", "SystemEconomy":"$economy_None;", "SystemEconomy_Localised":"None", "SystemGovernment":"$government_None;", "SystemGovernment_Localised":"None", "SystemSecurity":"$SYSTEM_SECURITY_low;", "SystemSecurity_Localised":"Low Security", "JumpDist":36.158, "FuelUsed":7.741790, "FuelLevel":24.258209 }
{ "timestamp":"2017-07-19T06:33:13Z", "event":"FuelScoop", "Scooped":5.017014, "Total":29.275215 }
{ "timestamp":"2017-07-19T06:33:18Z", "event":"FuelScoop", "Scooped":2.724780, "Total":32.000000 }
{ "timestamp":"2017-07-19T06:33:44Z", "event":"StartJump", "JumpType":"Hyperspace", "StarSystem":"Blu Thua AB-O e6-2", "StarClass":"TTS" }
{ "timestamp":"2017-07-19T06:34:03Z", "event":"FSDJump", "StarSystem":"Blu Thua AB-O e6-2", "StarPos":[305.375,354.219,2723.500], "SystemAllegiance":"", "SystemEconomy":"$economy_None;", "SystemEconomy_Localised":"None", "SystemGovernment":"$government_None;", "SystemGovernment_Localised":"None", "SystemSecurity":"$SYSTEM_SECURITY_low;", "SystemSecurity_Localised":"Low Security", "JumpDist":36.206, "FuelUsed":7.768868, "FuelLevel":24.231133 }
{ "timestamp":"2017-07-19T06:34:48Z", "event":"StartJump", "JumpType":"Hyperspace", "StarSystem":"Blu Thua UH-Y b57-0", "StarClass":"M" }
{ "timestamp":"2017-07-19T06:35:07Z", "event":"FSDJump", "StarSystem":"Blu Thua UH-Y b57-0", "StarPos":[304.969,362.625,2753.750], "SystemAllegiance":"", "SystemEconomy":"$economy_None;", "SystemEconomy_Localised":"None", "SystemGovernment":"$government_None;", "SystemGovernment_Localised":"None", "SystemSecurity":"$SYSTEM_SECURITY_low;", "SystemSecurity_Localised":"Low Security", "JumpDist":31.399, "FuelUsed":5.185417, "FuelLevel":19.045715 }
{ "timestamp":"2017-07-19T06:35:21Z", "event":"FuelScoop", "Scooped":5.011607, "Total":24.057306 }
{ "timestamp":"2017-07-19T06:35:27Z", "event":"FuelScoop", "Scooped":5.011156, "Total":29.068460 }
{ "timestamp":"2017-07-19T06:35:30Z", "event":"FuelScoop", "Scooped":2.931550, "Total":32.000000 }
{ "timestamp":"2017-07-19T06:35:57Z", "event":"StartJump", "JumpType":"Hyperspace", "StarSystem":"Smojai EV-D b0", "StarClass":"M" }
{ "timestamp":"2017-07-19T06:36:15Z", "event":"FSDJump", "StarSystem":"Smojai EV-D b0", "StarPos":[299.500,375.438,2780.156], "SystemAllegiance":"", "SystemEconomy":"$economy_None;", "SystemEconomy_Localised":"None", "SystemGovernment":"$government_None;", "SystemGovernment_Localised":"None", "SystemSecurity":"$SYSTEM_SECURITY_low;", "SystemSecurity_Localised":"Low Security", "JumpDist":29.856, "FuelUsed":4.705476, "FuelLevel":27.294525 }
{ "timestamp":"2017-07-19T06:36:31Z", "event":"FuelScoop", "Scooped":4.705476, "Total":32.000000 }
{ "timestamp":"2017-07-19T06:38:02Z", "event":"Scan", "BodyName":"Smojai EV-D b0 2", "DistanceFromArrivalLS":291.766266, "TidalLock":true, "TerraformState":"", "PlanetClass":"Ammonia world", "Atmosphere":"thick  atmosphere", "AtmosphereType":"AmmoniaOxygen", "AtmosphereComposition":[ { "Name":"Nitrogen", "Percent":95.075493 }, { "Name":"Argon", "Percent":4.897725 } ], "Volcanism":"major water magma volcanism", "MassEM":1.027119, "Radius":8041845.000000, "SurfaceGravity":6.330217, "SurfaceTemperature":184.087753, "SurfacePressure":38266012.000000, "Landable":false, "SemiMajorAxis":313314368.000000, "Eccentricity":0.113245, "OrbitalInclination":4.056653, "Periapsis":348.069305, "OrbitalPeriod":3166507.250000, "RotationPeriod":4385923.500000, "AxialTilt":-0.265388 }
{ "timestamp":"2017-07-19T06:39:29Z", "event":"StartJump", "JumpType":"Hyperspace", "StarSystem":"Smojai PX-B c4", "StarClass":"K" }
{ "timestamp":"2017-07-19T06:39:47Z", "event":"FSDJump", "StarSystem":"Smojai PX-B c4", "StarPos":[306.313,397.063,2807.938], "SystemAllegiance":"", "SystemEconomy":"$economy_None;", "SystemEconomy_Localised":"None", "SystemGovernment":"$government_None;", "SystemGovernment_Localised":"None", "SystemSecurity":"$SYSTEM_SECURITY_low;", "SystemSecurity_Localised":"Low Security", "JumpDist":35.859, "FuelUsed":7.576483, "FuelLevel":24.423517 }
{ "timestamp":"2017-07-19T06:40:00Z", "event":"FuelScoop", "Scooped":5.009683, "Total":29.433199 }
{ "timestamp":"2017-07-19T06:40:03Z", "event":"FuelScoop", "Scooped":2.566801, "Total":32.000000 }
{ "timestamp":"2017-07-19T06:40:39Z", "event":"StartJump", "JumpType":"Hyperspace", "StarSystem":"Smojai RN-Y b2-0", "StarClass":"M" }
{ "timestamp":"2017-07-19T06:40:58Z", "event":"FSDJump", "StarSystem":"Smojai RN-Y b2-0", "StarPos":[319.656,379.844,2835.938], "SystemAllegiance":"", "SystemEconomy":"$economy_None;", "SystemEconomy_Localised":"None", "SystemGovernment":"$government_None;", "SystemGovernment_Localised":"None", "SystemSecurity":"$SYSTEM_SECURITY_low;", "SystemSecurity_Localised":"Low Security", "JumpDist":35.476, "FuelUsed":7.368045, "FuelLevel":24.631954 }
{ "timestamp":"2017-07-19T06:41:11Z", "event":"FuelScoop", "Scooped":5.025774, "Total":29.657740 }
{ "timestamp":"2017-07-19T06:41:14Z", "event":"FuelScoop", "Scooped":2.342261, "Total":32.000000 }
{ "timestamp":"2017-07-19T06:41:49Z", "event":"StartJump", "JumpType":"Hyperspace", "StarSystem":"Smojai YJ-Y c1-3", "StarClass":"G" }
{ "timestamp":"2017-07-19T06:42:08Z", "event":"FSDJump", "StarSystem":"Smojai YJ-Y c1-3", "StarPos":[336.531,376.969,2865.438], "SystemAllegiance":"", "SystemEconomy":"$economy_None;", "SystemEconomy_Localised":"None", "SystemGovernment":"$government_None;", "SystemGovernment_Localised":"None", "SystemSecurity":"$SYSTEM_SECURITY_low;", "SystemSecurity_Localised":"Low Security", "JumpDist":34.107, "FuelUsed":6.651242, "FuelLevel":25.348759 }
{ "timestamp":"2017-07-19T06:42:24Z", "event":"FuelScoop", "Scooped":5.000793, "Total":30.349537 }
{ "timestamp":"2017-07-19T06:42:27Z", "event":"FuelScoop", "Scooped":1.650461, "Total":32.000000 }
{ "timestamp":"2017-07-19T06:42:57Z", "event":"StartJump", "JumpType":"Hyperspace", "StarSystem":"Smojai EG-T b5-0", "StarClass":"M" }
{ "timestamp":"2017-07-19T06:43:16Z", "event":"FSDJump", "StarSystem":"Smojai EG-T b5-0", "StarPos":[338.219,379.563,2900.000], "SystemAllegiance":"", "SystemEconomy":"$economy_None;", "SystemEconomy_Localised":"None", "SystemGovernment":"$government_None;", "SystemGovernment_Localised":"None", "SystemSecurity":"$SYSTEM_SECURITY_low;", "SystemSecurity_Localised":"Low Security", "JumpDist":34.701, "FuelUsed":6.956369, "FuelLevel":25.043631 }
{ "timestamp":"2017-07-19T06:43:52Z", "event":"FuelScoop", "Scooped":5.014646, "Total":30.058264 }
{ "timestamp":"2017-07-19T06:43:55Z", "event":"FuelScoop", "Scooped":1.941728, "Total":32.000000 }
{ "timestamp":"2017-07-19T06:44:31Z", "event":"StartJump", "JumpType":"Hyperspace", "StarSystem":"Smojai FR-R b6-0", "StarClass":"M" }
{ "timestamp":"2017-07-19T06:44:50Z", "event":"FSDJump", "StarSystem":"Smojai FR-R b6-0", "StarPos":[333.250,395.188,2918.219], "SystemAllegiance":"", "SystemEconomy":"$economy_None;", "SystemEconomy_Localised":"None", "SystemGovernment":"$government_None;", "SystemGovernment_Localised":"None", "SystemSecurity":"$SYSTEM_SECURITY_low;", "SystemSecurity_Localised":"Low Security", "JumpDist":24.510, "FuelUsed":2.817189, "FuelLevel":29.182812 }
{ "timestamp":"2017-07-19T06:45:00Z", "event":"FuelScoop", "Scooped":2.817199, "Total":32.000000 }
{ "timestamp":"2017-07-19T06:46:58Z", "event":"StartJump", "JumpType":"Hyperspace", "StarSystem":"Smojai JX-P b7-0", "StarClass":"M" }
{ "timestamp":"2017-07-19T06:47:17Z", "event":"FSDJump", "StarSystem":"Smojai JX-P b7-0", "StarPos":[324.188,408.000,2949.813], "SystemAllegiance":"", "SystemEconomy":"$economy_None;", "SystemEconomy_Localised":"None", "SystemGovernment":"$government_None;", "SystemGovernment_Localised":"None", "SystemSecurity":"$SYSTEM_SECURITY_low;", "SystemSecurity_Localised":"Low Security", "JumpDist":35.277, "FuelUsed":7.261092, "FuelLevel":24.738907 }
{ "timestamp":"2017-07-19T06:47:33Z", "event":"FuelScoop", "Scooped":5.005077, "Total":29.743994 }
{ "timestamp":"2017-07-19T06:47:35Z", "event":"FuelScoop", "Scooped":2.256011, "Total":32.000000 }
{ "timestamp":"2017-07-19T06:48:45Z", "event":"StartJump", "JumpType":"Hyperspace", "StarSystem":"Smojai RJ-M b9-0", "StarClass":"M" }
{ "timestamp":"2017-07-19T06:49:03Z", "event":"FSDJump", "StarSystem":"Smojai RJ-M b9-0", "StarPos":[317.906,400.719,2980.750], "SystemAllegiance":"", "SystemEconomy":"$economy_None;", "SystemEconomy_Localised":"None", "SystemGovernment":"$government_None;", "SystemGovernment_Localised":"None", "SystemSecurity":"$SYSTEM_SECURITY_low;", "SystemSecurity_Localised":"Low Security", "JumpDist":32.398, "FuelUsed":5.819248, "FuelLevel":26.180752 }
{ "timestamp":"2017-07-19T06:49:26Z", "event":"FuelScoop", "Scooped":3.513892, "Total":29.694637 }
{ "timestamp":"2017-07-19T06:49:52Z", "event":"StartJump", "JumpType":"Hyperspace", "StarSystem":"Smojai HH-T c4-2", "StarClass":"G" }
{ "timestamp":"2017-07-19T06:50:11Z", "event":"FSDJump", "StarSystem":"Smojai HH-T c4-2", "StarPos":[311.188,420.188,3009.906], "SystemAllegiance":"", "SystemEconomy":"$economy_None;", "SystemEconomy_Localised":"None", "SystemGovernment":"$government_None;", "SystemGovernment_Localised":"None", "SystemSecurity":"$SYSTEM_SECURITY_low;", "SystemSecurity_Localised":"Low Security", "JumpDist":35.697, "FuelUsed":7.412899, "FuelLevel":22.281738 }
{ "timestamp":"2017-07-19T06:50:27Z", "event":"FuelScoop", "Scooped":5.005404, "Total":27.287140 }
{ "timestamp":"2017-07-19T06:50:35Z", "event":"FuelScoop", "Scooped":4.712879, "Total":32.000000 }
{ "timestamp":"2017-07-19T06:51:19Z", "event":"StartJump", "JumpType":"Hyperspace", "StarSystem":"Smojai DC-H b12-0", "StarClass":"M" }
{ "timestamp":"2017-07-19T06:51:38Z", "event":"FSDJump", "StarSystem":"Smojai DC-H b12-0", "StarPos":[316.281,398.594,3036.969], "SystemAllegiance":"", "SystemEconomy":"$economy_None;", "SystemEconomy_Localised":"None", "SystemGovernment":"$government_None;", "SystemGovernment_Localised":"None", "SystemSecurity":"$SYSTEM_SECURITY_low;", "SystemSecurity_Localised":"Low Security", "JumpDist":34.995, "FuelUsed":7.111081, "FuelLevel":24.888920 }
{ "timestamp":"2017-07-19T06:51:51Z", "event":"FuelScoop", "Scooped":5.007055, "Total":29.895954 }
{ "timestamp":"2017-07-19T06:51:54Z", "event":"FuelScoop", "Scooped":2.104043, "Total":32.000000 }
{ "timestamp":"2017-07-19T06:52:32Z", "event":"StartJump", "JumpType":"Hyperspace", "StarSystem":"Smojai GI-F b13-0", "StarClass":"M" }
{ "timestamp":"2017-07-19T06:52:51Z", "event":"FSDJump", "StarSystem":"Smojai GI-F b13-0", "StarPos":[304.094,395.469,3069.875], "SystemAllegiance":"", "SystemEconomy":"$economy_None;", "SystemEconomy_Localised":"None", "SystemGovernment":"$government_None;", "SystemGovernment_Localised":"None", "SystemSecurity":"$SYSTEM_SECURITY_low;", "SystemSecurity_Localised":"Low Security", "JumpDist":35.230, "FuelUsed":7.235938, "FuelLevel":24.764063 }
{ "timestamp":"2017-07-19T06:53:04Z", "event":"FuelScoop", "Scooped":5.014112, "Total":29.778168 }
{ "timestamp":"2017-07-19T06:53:06Z", "event":"FuelScoop", "Scooped":2.221838, "Total":32.000000 }
{ "timestamp":"2017-07-19T06:53:39Z", "event":"StartJump", "JumpType":"Hyperspace", "StarSystem":"Smojai QP-B b15-0", "StarClass":"M" }
{ "timestamp":"2017-07-19T06:53:58Z", "event":"FSDJump", "StarSystem":"Smojai QP-B b15-0", "StarPos":[299.906,378.688,3096.281], "SystemAllegiance":"", "SystemEconomy":"$economy_None;", "SystemEconomy_Localised":"None", "SystemGovernment":"$government_None;", "SystemGovernment_Localised":"None", "SystemSecurity":"$SYSTEM_SECURITY_low;", "SystemSecurity_Localised":"Low Security", "JumpDist":31.566, "FuelUsed":5.439013, "FuelLevel":26.560986 }
{ "timestamp":"2017-07-19T06:54:10Z", "event":"FuelScoop", "Scooped":5.009496, "Total":31.570484 }
{ "timestamp":"2017-07-19T06:54:11Z", "event":"FuelScoop", "Scooped":0.429517, "Total":32.000000 }
{ "timestamp":"2017-07-19T06:55:18Z", "event":"StartJump", "JumpType":"Hyperspace", "StarSystem":"Smojai VU-N c7-1", "StarClass":"K" }
{ "timestamp":"2017-07-19T06:55:36Z", "event":"FSDJump", "StarSystem":"Smojai VU-N c7-1", "StarPos":[296.813,380.906,3128.813], "SystemAllegiance":"", "SystemEconomy":"$economy_None;", "SystemEconomy_Localised":"None", "SystemGovernment":"$government_None;", "SystemGovernment_Localised":"None", "SystemSecurity":"$SYSTEM_SECURITY_low;", "SystemSecurity_Localised":"Low Security", "JumpDist":32.753, "FuelUsed":5.986845, "FuelLevel":26.013155 }
{ "timestamp":"2017-07-19T06:55:58Z", "event":"FuelScoop", "Scooped":5.004538, "Total":31.017681 }
{ "timestamp":"2017-07-19T06:56:00Z", "event":"FuelScoop", "Scooped":0.982318, "Total":32.000000 }
{ "timestamp":"2017-07-19T06:56:23Z", "event":"StartJump", "JumpType":"Hyperspace", "StarSystem":"Smojai CI-W b17-0", "StarClass":"M" }
{ "timestamp":"2017-07-19T06:56:41Z", "event":"FSDJump", "StarSystem":"Smojai CI-W b17-0", "StarPos":[296.844,377.719,3156.938], "SystemAllegiance":"", "SystemEconomy":"$economy_None;", "SystemEconomy_Localised":"None", "SystemGovernment":"$government_None;", "SystemGovernment_Localised":"None", "SystemSecurity":"$SYSTEM_SECURITY_low;", "SystemSecurity_Localised":"Low Security", "JumpDist":28.305, "FuelUsed":4.096042, "FuelLevel":27.903957 }
{ "timestamp":"2017-07-19T06:56:52Z", "event":"FuelScoop", "Scooped":4.096046, "Total":32.000000 }
{ "timestamp":"2017-07-19T06:56:54Z", "event":"SupercruiseExit", "StarSystem":"Smojai CI-W b17-0", "Body":"Smojai CI-W b17-0", "BodyType":"Star" }
