{ "timestamp":"2017-01-09T02:15:25Z", "event":"Fileheader", "part":1, "language":"English\\UK", "gameversion":"2.2", "build":"r126898/r0 " }
{ "timestamp":"2017-01-09T02:17:03Z", "event":"LoadGame", "Commander":"Kith000", "Ship":"Vulture", "ShipID":3, "GameMode":"Solo", "Credits":27690505, "Loan":0 }
{ "timestamp":"2017-01-09T02:17:03Z", "event":"Rank", "Combat":5, "Trade":3, "Explore":1, "Empire":0, "Federation":2, "CQC":0 }
{ "timestamp":"2017-01-09T02:17:03Z", "event":"Progress", "Combat":11, "Trade":37, "Explore":21, "Empire":100, "Federation":71, "CQC":40 }
{ "timestamp":"2017-01-09T02:17:37Z", "event":"Location", "Docked":true, "StationName":"Hope Terminal", "StationType":"Outpost", "StarSystem":"BD+22 2742", "StarPos":[-17.875,75.656,33.406], "SystemAllegiance":"Federation", "SystemEconomy":"$economy_Agri;", "SystemEconomy_Localised":"Agriculture", "SystemGovernment":"$government_Democracy;", "SystemGovernment_Localised":"Democracy", "SystemSecurity":"$SYSTEM_SECURITY_high;", "SystemSecurity_Localised":"High Security", "Body":"Hope Terminal", "BodyType":"Station", "SystemFaction":"Progressive Party of BD+22 2742" }
{ "timestamp":"2017-01-09T02:17:38Z", "event":"Docked", "StationName":"Hope Terminal", "StationType":"Outpost", "StarSystem":"BD+22 2742", "StationFaction":"BD+22 2742 Party", "StationGovernment":"$government_Dictatorship;", "StationGovernment_Localised":"Dictatorship", "StationEconomy":"$economy_Refinery;", "StationEconomy_Localised":"Refinery" }
{ "timestamp":"2017-01-09T02:19:38Z", "event":"Undocked", "StationName":"Hope Terminal", "StationType":"Outpost" }
{ "timestamp":"2017-01-09T02:22:07Z", "event":"ReceiveText", "From":"Hope Terminal", "Message":"$STATION_NoFireZone_exited;", "Message_Localised":"No fire zone left.", "Channel":"npc" }
{ "timestamp":"2017-01-09T02:24:32Z", "event":"FSDJump", "StarSystem":"HO Bootis", "StarPos":[-23.125,73.844,27.406], "SystemAllegiance":"Federation", "SystemEconomy":"$economy_Extraction;", "SystemEconomy_Localised":"Extraction", "SystemGovernment":"$government_Corporate;", "SystemGovernment_Localised":"Corporate", "SystemSecurity":"$SYSTEM_SECURITY_low;", "SystemSecurity_Localised":"Low Security", "JumpDist":8.176, "FuelUsed":0.837045, "FuelLevel":7.162955, "SystemFaction":"HO Bootis Corporation" }
{ "timestamp":"2017-01-09T02:26:03Z", "event":"FSDJump", "StarSystem":"Alrai Sector BV-Y c21", "StarPos":[-23.344,77.063,35.406], "SystemAllegiance":"", "SystemEconomy":"$economy_None;", "SystemEconomy_Localised":"None", "SystemGovernment":"$government_None;", "SystemGovernment_Localised":"None", "SystemSecurity":"$SYSTEM_SECURITY_low;", "SystemSecurity_Localised":"Low Security", "JumpDist":8.626, "FuelUsed":0.942335, "FuelLevel":6.220620 }
{ "timestamp":"2017-01-09T02:26:31Z", "event":"FuelScoop", "Scooped":-0.950336, "Total":5.270284 }
{ "timestamp":"2017-01-09T02:27:00Z", "event":"FSDJump", "StarSystem":"Mortel", "StarPos":[-22.469,73.781,44.094], "SystemAllegiance":"Federation", "SystemEconomy":"$economy_Industrial;", "SystemEconomy_Localised":"Industrial", "SystemGovernment":"$government_Democracy;", "SystemGovernment_Localised":"Democracy", "SystemSecurity":"$SYSTEM_SECURITY_high;", "SystemSecurity_Localised":"High Security", "JumpDist":9.328, "FuelUsed":1.122646, "FuelLevel":5.270284, "SystemFaction":"Morten for Equality", "FactionState":"Boom" }
{ "timestamp":"2017-01-09T02:27:27Z", "event":"FuelScoop", "Scooped":0.176211, "Total":5.446495 }
{ "timestamp":"2017-01-09T02:28:36Z", "event":"SupercruiseExit", "StarSystem":"Mortel", "Body":"Glashow Orbital", "BodyType":"Station" }
{ "timestamp":"2017-01-09T02:28:52Z", "event":"DockingRequested", "StationName":"Glashow Orbital" }
{ "timestamp":"2017-01-09T02:28:52Z", "event":"ReceiveText", "From":"Glashow Orbital", "Message":"$DockingChatter_Neutral;", "Message_Localised":"Ensure to observe starport protocol during your visit, pilot.", "Channel":"npc" }
{ "timestamp":"2017-01-09T02:28:53Z", "event":"ReceiveText", "From":"Glashow Orbital", "Message":"$STATION_docking_granted;", "Message_Localised":"Docking request granted.", "Channel":"npc" }
{ "timestamp":"2017-01-09T02:28:53Z", "event":"DockingGranted", "LandingPad":28, "StationName":"Glashow Orbital" }
{ "timestamp":"2017-01-09T02:28:59Z", "event":"ReceiveText", "From":"Glashow Orbital", "Message":"$STATION_NoFireZone_entered;", "Message_Localised":"No fire zone entered.", "Channel":"npc" }
{ "timestamp":"2017-01-09T02:29:49Z", "event":"Docked", "StationName":"Glashow Orbital", "StationType":"Coriolis", "StarSystem":"Mortel", "StationFaction":"Morten for Equality", "FactionState":"Boom", "StationGovernment":"$government_Democracy;", "StationGovernment_Localised":"Democracy", "StationAllegiance":"Federation", "StationEconomy":"$economy_Industrial;", "StationEconomy_Localised":"Industrial" }
{ "timestamp":"2017-01-09T02:29:59Z", "event":"RefuelAll", "Cost":139, "Amount":2.760999 }
{ "timestamp":"2017-01-09T02:32:53Z", "event":"ShipyardTransfer", "ShipType":"Independant_Trader", "ShipID":5, "System":"BD+40 2903", "Distance":33.539127, "TransferPrice":27512 }
{ "timestamp":"2017-01-09T02:33:23Z", "event":"MissionAccepted", "Faction":"Morten for Equality", "Name":"Mission_Courier_Boom", "DestinationSystem":"Iyaka", "DestinationStation":"Giles Landing", "Expiry":"2017-01-10T02:30:07Z", "MissionID":68073990 }
{ "timestamp":"2017-01-09T02:33:27Z", "event":"MissionAccepted", "Faction":"Morten for Equality", "Name":"Mission_Collect_Industrial", "Commodity":"$Semiconductors_Name;", "Commodity_Localised":"Semiconductors", "Count":2, "DestinationSystem":"Mortel", "DestinationStation":"Glashow Orbital", "Expiry":"2017-01-10T23:18:55Z", "MissionID":68074003 }
{ "timestamp":"2017-01-09T02:33:36Z", "event":"MissionAccepted", "Faction":"Mortel Jet United Industries", "Name":"Mission_Courier_Boom", "DestinationSystem":"BD+16 2722", "DestinationStation":"Robinson Landing", "Expiry":"2017-01-10T02:30:07Z", "MissionID":68074039 }
{ "timestamp":"2017-01-09T02:33:42Z", "event":"MissionAccepted", "Faction":"Mortel Jet United Industries", "Name":"Mission_Courier_Boom", "DestinationSystem":"AC +26 37030", "DestinationStation":"Kimbrough Settlement", "Expiry":"2017-01-10T02:30:07Z", "MissionID":68074084 }
{ "timestamp":"2017-01-09T02:34:01Z", "event":"Undocked", "StationName":"Glashow Orbital", "StationType":"Coriolis" }
{ "timestamp":"2017-01-09T02:34:05Z", "event":"ReceiveText", "From":"Glashow Orbital", "Message":"$DockingPadBlockWarningComms;", "Message_Localised":"Loitering infraction detected, clear pad approach immediately to avoid lethal response", "Channel":"npc" }
{ "timestamp":"2017-01-09T02:34:06Z", "event":"ReceiveText", "From":"Glashow Orbital", "Message":"$DockingOffenceCleared;", "Message_Localised":"Starport infractions cleared, docking privileges restored.", "Channel":"npc" }
{ "timestamp":"2017-01-09T02:34:07Z", "event":"ReceiveText", "From":"Glashow Orbital", "Message":"$DockingPadBlockWarningComms;", "Message_Localised":"Loitering infraction detected, clear pad approach immediately to avoid lethal response", "Channel":"npc" }
{ "timestamp":"2017-01-09T02:34:08Z", "event":"ReceiveText", "From":"Glashow Orbital", "Message":"$DockingOffenceCleared;", "Message_Localised":"Starport infractions cleared, docking privileges restored.", "Channel":"npc" }
{ "timestamp":"2017-01-09T02:34:32Z", "event":"ReceiveText", "From":"Glashow Orbital", "Message":"$STATION_NoFireZone_exited;", "Message_Localised":"No fire zone left.", "Channel":"npc" }
{ "timestamp":"2017-01-09T02:35:27Z", "event":"FSDJump", "StarSystem":"AC +26 37030", "StarPos":[-29.688,65.219,35.688], "SystemAllegiance":"Federation", "SystemEconomy":"$economy_Industrial;", "SystemEconomy_Localised":"Industrial", "SystemGovernment":"$government_Confederacy;", "SystemGovernment_Localised":"Confederacy", "SystemSecurity":"$SYSTEM_SECURITY_low;", "SystemSecurity_Localised":"Low Security", "JumpDist":14.003, "FuelUsed":2.885547, "FuelLevel":5.114453, "SystemFaction":"AC +26 37030 Confederacy", "FactionState":"Boom" }
{ "timestamp":"2017-01-09T02:36:10Z", "event":"FuelScoop", "Scooped":0.369085, "Total":5.483539 }
{ "timestamp":"2017-01-09T02:39:04Z", "event":"SupercruiseExit", "StarSystem":"AC +26 37030", "Body":"Kimbrough Settlement", "BodyType":"Station" }
{ "timestamp":"2017-01-09T02:39:12Z", "event":"DockingRequested", "StationName":"Kimbrough Settlement" }
{ "timestamp":"2017-01-09T02:39:12Z", "event":"ReceiveText", "From":"Kimbrough Settlement", "Message":"$DockingChatter_Neutral;", "Message_Localised":"Ensure to observe starport protocol during your visit, pilot.", "Channel":"npc" }
{ "timestamp":"2017-01-09T02:39:14Z", "event":"ReceiveText", "From":"Kimbrough Settlement", "Message":"$STATION_docking_granted;", "Message_Localised":"Docking request granted.", "Channel":"npc" }
{ "timestamp":"2017-01-09T02:39:14Z", "event":"DockingGranted", "LandingPad":2, "StationName":"Kimbrough Settlement" }
{ "timestamp":"2017-01-09T02:39:21Z", "event":"ReceiveText", "From":"Kimbrough Settlement", "Message":"$STATION_NoFireZone_entered;", "Message_Localised":"No fire zone entered.", "Channel":"npc" }
{ "timestamp":"2017-01-09T02:40:21Z", "event":"Docked", "StationName":"Kimbrough Settlement", "StationType":"Outpost", "StarSystem":"AC +26 37030", "StationFaction":"AC +26 37030 Confederacy", "FactionState":"Boom", "StationGovernment":"$government_Confederacy;", "StationGovernment_Localised":"Confederacy", "StationAllegiance":"Federation", "StationEconomy":"$economy_Industrial;", "StationEconomy_Localised":"Industrial" }
{ "timestamp":"2017-01-09T02:40:41Z", "event":"RefuelAll", "Cost":134, "Amount":2.674826 }
{ "timestamp":"2017-01-09T02:41:49Z", "event":"MissionCompleted", "Faction":"AC +26 37030 Purple Dragons", "Name":"Mission_Courier_Boom_name", "MissionID":68074084, "DestinationSystem":"AC +26 37030", "DestinationStation":"Kimbrough Settlement", "Reward":0, "CommodityReward":[ { "Name": "NeofabricInsulation", "Count": 3 } ] }
{ "timestamp":"2017-01-09T02:42:37Z", "event":"Undocked", "StationName":"Kimbrough Settlement", "StationType":"Outpost" }
{ "timestamp":"2017-01-09T02:43:22Z", "event":"MissionAbandoned", "Name":"Mission_Collect_Industrial_name", "MissionID":68074003 }
{ "timestamp":"2017-01-09T02:43:25Z", "event":"ReceiveText", "From":"Kimbrough Settlement", "Message":"$STATION_NoFireZone_exited;", "Message_Localised":"No fire zone left.", "Channel":"npc" }
{ "timestamp":"2017-01-09T02:45:13Z", "event":"FSDJump", "StarSystem":"Mortel", "StarPos":[-22.469,73.781,44.094], "SystemAllegiance":"Federation", "SystemEconomy":"$economy_Industrial;", "SystemEconomy_Localised":"Industrial", "SystemGovernment":"$government_Democracy;", "SystemGovernment_Localised":"Democracy", "SystemSecurity":"$SYSTEM_SECURITY_high;", "SystemSecurity_Localised":"High Security", "JumpDist":14.003, "FuelUsed":2.934749, "FuelLevel":5.065250, "SystemFaction":"Morten for Equality", "FactionState":"Boom" }
{ "timestamp":"2017-01-09T02:45:41Z", "event":"FuelScoop", "Scooped":-0.474313, "Total":4.590938 }
{ "timestamp":"2017-01-09T02:46:08Z", "event":"FSDJump", "StarSystem":"Iyaka", "StarPos":[-23.469,80.969,45.781], "SystemAllegiance":"Alliance", "SystemEconomy":"$economy_Refinery;", "SystemEconomy_Localised":"Refinery", "SystemGovernment":"$government_Dictatorship;", "SystemGovernment_Localised":"Dictatorship", "SystemSecurity":"$SYSTEM_SECURITY_medium;", "SystemSecurity_Localised":"Medium Security", "JumpDist":7.450, "FuelUsed":0.676499, "FuelLevel":4.590938, "SystemFaction":"Iyaka League", "FactionState":"CivilUnrest" }
{ "timestamp":"2017-01-09T02:46:32Z", "event":"FuelScoop", "Scooped":0.103481, "Total":4.694419 }
{ "timestamp":"2017-01-09T02:47:30Z", "event":"SupercruiseExit", "StarSystem":"Iyaka", "Body":"Giles Landing", "BodyType":"Station" }
{ "timestamp":"2017-01-09T02:47:39Z", "event":"DockingRequested", "StationName":"Giles Landing" }
{ "timestamp":"2017-01-09T02:47:39Z", "event":"ReceiveText", "From":"Giles Landing", "Message":"$DockingChatter_Neutral;", "Message_Localised":"Ensure to observe starport protocol during your visit, pilot.", "Channel":"npc" }
{ "timestamp":"2017-01-09T02:47:40Z", "event":"ReceiveText", "From":"Giles Landing", "Message":"$STATION_docking_granted;", "Message_Localised":"Docking request granted.", "Channel":"npc" }
{ "timestamp":"2017-01-09T02:47:40Z", "event":"DockingGranted", "LandingPad":1, "StationName":"Giles Landing" }
{ "timestamp":"2017-01-09T02:47:54Z", "event":"ReceiveText", "From":"Giles Landing", "Message":"$STATION_NoFireZone_entered;", "Message_Localised":"No fire zone entered.", "Channel":"npc" }
{ "timestamp":"2017-01-09T02:48:52Z", "event":"Docked", "StationName":"Giles Landing", "StationType":"Outpost", "StarSystem":"Iyaka", "StationFaction":"Iyaka League", "FactionState":"CivilUnrest", "StationGovernment":"$government_Dictatorship;", "StationGovernment_Localised":"Dictatorship", "StationAllegiance":"Alliance", "StationEconomy":"$economy_Refinery;", "StationEconomy_Localised":"Refinery" }
{ "timestamp":"2017-01-09T02:49:20Z", "event":"RefuelAll", "Cost":173, "Amount":3.433345 }
{ "timestamp":"2017-01-09T02:49:42Z", "event":"MissionCompleted", "Faction":"Iyaka Creative Network", "Name":"Mission_Courier_Boom_name", "MissionID":68073990, "DestinationSystem":"Iyaka", "DestinationStation":"Giles Landing", "Reward":15300 }
{ "timestamp":"2017-01-09T02:50:10Z", "event":"Undocked", "StationName":"Giles Landing", "StationType":"Outpost" }
{ "timestamp":"2017-01-09T02:50:38Z", "event":"ReceiveText", "From":"Giles Landing", "Message":"$STATION_NoFireZone_exited;", "Message_Localised":"No fire zone left.", "Channel":"npc" }
{ "timestamp":"2017-01-09T02:50:49Z", "event":"SupercruiseEntry", "StarSystem":"Iyaka" }
{ "timestamp":"2017-01-09T02:51:44Z", "event":"FSDJump", "StarSystem":"Mortel", "StarPos":[-22.469,73.781,44.094], "SystemAllegiance":"Federation", "SystemEconomy":"$economy_Industrial;", "SystemEconomy_Localised":"Industrial", "SystemGovernment":"$government_Democracy;", "SystemGovernment_Localised":"Democracy", "SystemSecurity":"$SYSTEM_SECURITY_high;", "SystemSecurity_Localised":"High Security", "JumpDist":7.450, "FuelUsed":0.687464, "FuelLevel":7.312536, "SystemFaction":"Morten for Equality", "FactionState":"Boom" }
{ "timestamp":"2017-01-09T02:53:44Z", "event":"SupercruiseExit", "StarSystem":"Mortel", "Body":"Glashow Orbital", "BodyType":"Station" }
{ "timestamp":"2017-01-09T02:53:54Z", "event":"DockingRequested", "StationName":"Glashow Orbital" }
{ "timestamp":"2017-01-09T02:53:54Z", "event":"ReceiveText", "From":"Glashow Orbital", "Message":"$DockingChatter_Neutral;", "Message_Localised":"Ensure to observe starport protocol during your visit, pilot.", "Channel":"npc" }
{ "timestamp":"2017-01-09T02:53:55Z", "event":"ReceiveText", "From":"Glashow Orbital", "Message":"$STATION_docking_granted;", "Message_Localised":"Docking request granted.", "Channel":"npc" }
{ "timestamp":"2017-01-09T02:53:55Z", "event":"DockingGranted", "LandingPad":31, "StationName":"Glashow Orbital" }
{ "timestamp":"2017-01-09T02:54:09Z", "event":"ReceiveText", "From":"Glashow Orbital", "Message":"$STATION_NoFireZone_entered;", "Message_Localised":"No fire zone entered.", "Channel":"npc" }
{ "timestamp":"2017-01-09T02:55:13Z", "event":"Docked", "StationName":"Glashow Orbital", "StationType":"Coriolis", "StarSystem":"Mortel", "StationFaction":"Morten for Equality", "FactionState":"Boom", "StationGovernment":"$government_Democracy;", "StationGovernment_Localised":"Democracy", "StationAllegiance":"Federation", "StationEconomy":"$economy_Industrial;", "StationEconomy_Localised":"Industrial" }
{ "timestamp":"2017-01-09T02:55:30Z", "event":"ShipyardSwap", "ShipType":"independant_trader", "ShipID":5, "StoreOldShip":"Vulture", "StoreShipID":3 }
{ "timestamp":"2017-01-09T02:55:42Z", "event":"Docked", "StationName":"Glashow Orbital", "StationType":"Coriolis", "StarSystem":"Mortel", "StationFaction":"Morten for Equality", "FactionState":"Boom", "StationGovernment":"$government_Democracy;", "StationGovernment_Localised":"Democracy", "StationAllegiance":"Federation", "StationEconomy":"$economy_Industrial;", "StationEconomy_Localised":"Industrial" }
{ "timestamp":"2017-01-09T02:56:32Z", "event":"CrewAssign", "Name":"Sabrina Fisher", "Role":"Active" }
{ "timestamp":"2017-01-09T02:56:51Z", "event":"CrewHire", "Name":"Christina Blackwell", "Faction":"Morten for Equality", "Cost":15000, "CombatRank":0 }
{ "timestamp":"2017-01-09T02:57:00Z", "event":"CrewFire", "Name":"Troy Rios" }
{ "timestamp":"2017-01-09T02:57:04Z", "event":"CrewAssign", "Name":"Sabrina Fisher", "Role":"OnShoreLeave" }
{ "timestamp":"2017-01-09T02:57:08Z", "event":"CrewAssign", "Name":"Christina Blackwell", "Role":"Active" }
{ "timestamp":"2017-01-09T03:00:12Z", "event":"ModuleBuy", "Slot":"Slot03_Size3", "SellItem":"$int_cargorack_size3_class1_name;", "SellItem_Localised":"Cargo Rack", "SellPrice":10563, "BuyItem":"$int_cargorack_size4_class1_name;", "BuyItem_Localised":"Cargo Rack", "BuyPrice":34328, "Ship":"independant_trader", "ShipID":5 }
{ "timestamp":"2017-01-09T03:00:31Z", "event":"RefuelAll", "Cost":147, "Amount":2.916295 }
{ "timestamp":"2017-01-09T03:01:04Z", "event":"MissionAccepted", "Faction":"Morten for Equality", "Name":"Mission_AltruismCredits", "Expiry":"2017-01-09T06:23:15Z", "MissionID":68081772 }
{ "timestamp":"2017-01-09T03:01:08Z", "event":"MissionCompleted", "Faction":"Morten for Equality", "Name":"Mission_AltruismCredits_name", "MissionID":68081772, "Donation":300000 }
{ "timestamp":"2017-01-09T03:02:16Z", "event":"MissionAccepted", "Faction":"Morten for Equality", "Name":"Mission_Delivery_Boom", "Commodity":"$DomesticAppliances_Name;", "Commodity_Localised":"Domestic Appliances", "Count":12, "DestinationSystem":"Mortel", "DestinationStation":"Velazquez Station", "Expiry":"2017-01-10T02:30:07Z", "MissionID":68082132 }
{ "timestamp":"2017-01-09T03:02:45Z", "event":"Undocked", "StationName":"Glashow Orbital", "StationType":"Coriolis" }
{ "timestamp":"2017-01-09T03:03:20Z", "event":"ReceiveText", "From":"Glashow Orbital", "Message":"$STATION_NoFireZone_exited;", "Message_Localised":"No fire zone left.", "Channel":"npc" }
{ "timestamp":"2017-01-09T03:04:11Z", "event":"SupercruiseEntry", "StarSystem":"Mortel" }
{ "timestamp":"2017-01-09T03:07:58Z", "event":"SupercruiseExit", "StarSystem":"Mortel", "Body":"Velazquez Station", "BodyType":"Station" }
{ "timestamp":"2017-01-09T03:08:11Z", "event":"DockingRequested", "StationName":"Velazquez Station" }
{ "timestamp":"2017-01-09T03:08:11Z", "event":"ReceiveText", "From":"Velazquez Station", "Message":"$DockingChatter_Neutral;", "Message_Localised":"Ensure to observe starport protocol during your visit, pilot.", "Channel":"npc" }
{ "timestamp":"2017-01-09T03:08:13Z", "event":"ReceiveText", "From":"Velazquez Station", "Message":"$STATION_docking_granted;", "Message_Localised":"Docking request granted.", "Channel":"npc" }
{ "timestamp":"2017-01-09T03:08:13Z", "event":"DockingGranted", "LandingPad":5, "StationName":"Velazquez Station" }
{ "timestamp":"2017-01-09T03:08:22Z", "event":"ReceiveText", "From":"Velazquez Station", "Message":"$STATION_NoFireZone_entered;", "Message_Localised":"No fire zone entered.", "Channel":"npc" }
{ "timestamp":"2017-01-09T03:09:32Z", "event":"Docked", "StationName":"Velazquez Station", "StationType":"Outpost", "StarSystem":"Mortel", "StationFaction":"Mortel Jet General Network", "StationGovernment":"$government_Corporate;", "StationGovernment_Localised":"Corporate", "StationEconomy":"$economy_Industrial;", "StationEconomy_Localised":"Industrial" }
{ "timestamp":"2017-01-09T03:09:59Z", "event":"MissionCompleted", "Faction":"Morten for Equality", "Name":"Mission_Delivery_Boom_name", "MissionID":68082132, "Commodity":"$DomesticAppliances_Name;", "Commodity_Localised":"Domestic Appliances", "Count":12, "DestinationSystem":"Mortel", "DestinationStation":"Velazquez Station", "Reward":49837, "CommodityReward":[ { "Name": "HNShockMount", "Count": 4 } ] }
{ "timestamp":"2017-01-09T03:11:09Z", "event":"MissionAccepted", "Faction":"Mortel Jet United Industries", "Name":"Mission_Collect_Industrial", "Commodity":"$Tobacco_Name;", "Commodity_Localised":"Tobacco", "Count":10, "DestinationSystem":"Mortel", "DestinationStation":"Velazquez Station", "Expiry":"2017-01-10T16:17:53Z", "MissionID":68084716 }
{ "timestamp":"2017-01-09T03:11:35Z", "event":"Undocked", "StationName":"Velazquez Station", "StationType":"Outpost" }
{ "timestamp":"2017-01-09T03:12:03Z", "event":"ReceiveText", "From":"Velazquez Station", "Message":"$STATION_NoFireZone_exited;", "Message_Localised":"No fire zone left.", "Channel":"npc" }
{ "timestamp":"2017-01-09T03:16:27Z", "event":"MissionAbandoned", "Name":"Mission_Collect_Industrial_name", "MissionID":68084716 }
{ "timestamp":"2017-01-09T03:17:46Z", "event":"SupercruiseEntry", "StarSystem":"Mortel" }
{ "timestamp":"2017-01-09T03:19:44Z", "event":"FSDJump", "StarSystem":"BD+16 2722", "StarPos":[-17.719,83.125,50.469], "SystemAllegiance":"Independent", "SystemEconomy":"$economy_Military;", "SystemEconomy_Localised":"Military", "SystemGovernment":"$government_Corporate;", "SystemGovernment_Localised":"Corporate", "SystemSecurity":"$SYSTEM_SECURITY_low;", "SystemSecurity_Localised":"Low Security", "JumpDist":12.268, "FuelUsed":1.122092, "FuelLevel":14.877908, "SystemFaction":"Taritra Silver Natural Ltd" }
{ "timestamp":"2017-01-09T03:23:00Z", "event":"SupercruiseExit", "StarSystem":"BD+16 2722", "Body":"Robinson Landing", "BodyType":"Station" }
{ "timestamp":"2017-01-09T03:23:11Z", "event":"DockingRequested", "StationName":"Robinson Landing" }
{ "timestamp":"2017-01-09T03:23:11Z", "event":"ReceiveText", "From":"Robinson Landing", "Message":"$DockingChatter_Neutral;", "Message_Localised":"Ensure to observe starport protocol during your visit, pilot.", "Channel":"npc" }
{ "timestamp":"2017-01-09T03:23:13Z", "event":"ReceiveText", "From":"Robinson Landing", "Message":"$STATION_docking_granted;", "Message_Localised":"Docking request granted.", "Channel":"npc" }
{ "timestamp":"2017-01-09T03:23:13Z", "event":"DockingGranted", "LandingPad":3, "StationName":"Robinson Landing" }
{ "timestamp":"2017-01-09T03:23:23Z", "event":"ReceiveText", "From":"Robinson Landing", "Message":"$STATION_NoFireZone_entered;", "Message_Localised":"No fire zone entered.", "Channel":"npc" }
{ "timestamp":"2017-01-09T03:24:30Z", "event":"Docked", "StationName":"Robinson Landing", "StationType":"Outpost", "StarSystem":"BD+16 2722", "StationFaction":"Taritra Silver Natural Ltd", "StationGovernment":"$government_Corporate;", "StationGovernment_Localised":"Corporate", "StationEconomy":"$economy_Extraction;", "StationEconomy_Localised":"Extraction" }
{ "timestamp":"2017-01-09T03:25:33Z", "event":"RefuelAll", "Cost":76, "Amount":1.484998 }
{ "timestamp":"2017-01-09T03:26:09Z", "event":"MissionCompleted", "Faction":"AC +26 37030 Confederacy", "Name":"Mission_Courier_Boom_name", "MissionID":68074039, "DestinationSystem":"BD+16 2722", "DestinationStation":"Robinson Landing", "Reward":5188, "CommodityReward":[ { "Name": "CoolingHoses", "Count": 4 } ] }
{ "timestamp":"2017-01-09T03:26:34Z", "event":"MissionAccepted", "Faction":"AC +26 37030 Confederacy", "Name":"MISSION_Salvage_Refinery", "Commodity":"$USSCargoBlackBox_Name;", "Commodity_Localised":"Black Box", "Count":1, "DestinationSystem":"Taritra", "DestinationStation":"Lee Hub", "Expiry":"2017-01-10T16:40:11Z", "MissionID":68089085 }
{ "timestamp":"2017-01-09T03:27:09Z", "event":"Undocked", "StationName":"Robinson Landing", "StationType":"Outpost" }
{ "timestamp":"2017-01-09T03:27:40Z", "event":"ReceiveText", "From":"Robinson Landing", "Message":"$STATION_NoFireZone_exited;", "Message_Localised":"No fire zone left.", "Channel":"npc" }
{ "timestamp":"2017-01-09T03:28:21Z", "event":"FSDJump", "StarSystem":"Taritra", "StarPos":[-20.094,80.625,51.531], "SystemAllegiance":"Independent", "SystemEconomy":"$economy_Industrial;", "SystemEconomy_Localised":"Industrial", "SystemGovernment":"$government_Corporate;", "SystemGovernment_Localised":"Corporate", "SystemSecurity":"$SYSTEM_SECURITY_medium;", "SystemSecurity_Localised":"Medium Security", "JumpDist":3.608, "FuelUsed":0.069265, "FuelLevel":15.930735, "SystemFaction":"Taritra Silver Natural Ltd" }
{ "timestamp":"2017-01-09T03:29:24Z", "event":"SupercruiseExit", "StarSystem":"Taritra", "Body":"Taritra A", "BodyType":"Star" }
{ "timestamp":"2017-01-09T03:30:00Z", "event":"ReceiveText", "From":"$npc_name_decorate:#name=Lisa Small;", "From_Localised":"Lisa Small", "Message":"$Pirate_OnDeclarePiracyThreaten08;", "Message_Localised":"Release any cargo and I may let you live.", "Channel":"npc" }
{ "timestamp":"2017-01-09T03:30:10Z", "event":"ReceiveText", "From":"$npc_name_decorate:#name=Lisa Small;", "From_Localised":"Lisa Small", "Message":"$Pirate_OnDeclarePiracyAttack02;", "Message_Localised":"You choose death then. Very well.", "Channel":"npc" }
{ "timestamp":"2017-01-09T03:30:14Z", "event":"LaunchFighter", "Loadout":"four", "PlayerControlled":true }
{ "timestamp":"2017-01-09T03:30:15Z", "event":"ShieldState", "ShieldsUp":false }
{ "timestamp":"2017-01-09T03:30:40Z", "event":"ReceiveText", "From":"$npc_name_decorate:#name=Lisa Small;", "From_Localised":"Lisa Small", "Message":"$Pirate_OnDeclarePiracyAttack05;", "Message_Localised":"You have no chance now.", "Channel":"npc" }
{ "timestamp":"2017-01-09T03:30:42Z", "event":"HullDamage", "Health":0.136819 }
{ "timestamp":"2017-01-09T03:30:42Z", "event":"HullDamage", "Health":0.136819 }
{ "timestamp":"2017-01-09T03:30:42Z", "event":"HullDamage", "Health":0.136819 }
{ "timestamp":"2017-01-09T03:30:42Z", "event":"HullDamage", "Health":0.136819 }
{ "timestamp":"2017-01-09T03:30:42Z", "event":"ShieldState", "ShieldsUp":false }
{ "timestamp":"2017-01-09T03:30:44Z", "event":"ReceiveText", "From":"$npc_name_decorate:#name=Lisa Small;", "From_Localised":"Lisa Small", "Message":"$Pirate_OnDeclarePiracyAttack11;", "Message_Localised":"You've made your last jump, space dust.", "Channel":"npc" }
{ "timestamp":"2017-01-09T03:30:48Z", "event":"DockFighter" }
{ "timestamp":"2017-01-09T03:31:13Z", "event":"ReceiveText", "From":"$ShipName_Police_Independent;", "From_Localised":"System Authority Vessel", "Message":"$Police_ArriveInvestigate01;", "Message_Localised":"Investigating reports of crime.", "Channel":"npc" }
{ "timestamp":"2017-01-09T03:31:13Z", "event":"ReceiveText", "From":"$ShipName_Police_Independent;", "From_Localised":"System Authority Vessel", "Message":"$Police_ArrivedAtInvestigationLocation03;", "Message_Localised":"Crime scene cordon initialised, all ships must submit to police scan.", "Channel":"npc" }
{ "timestamp":"2017-01-09T03:31:22Z", "event":"ShieldState", "ShieldsUp":true }
{ "timestamp":"2017-01-09T03:32:09Z", "event":"Bounty", "Rewards":[ { "Faction":"Taritra Silver Natural Ltd", "Reward":28300 } ], "TotalReward":28300, "VictimFaction":"Taritra Purple Pirates" }
{ "timestamp":"2017-01-09T03:32:52Z", "event":"ReceiveText", "From":"$ShipName_Police_Independent;", "From_Localised":"System Authority Vessel", "Message":"$Police_ThankYouPassedStopAndSearch04;", "Message_Localised":"No crimes detected. You're free to go, Commander.", "Channel":"npc" }
{ "timestamp":"2017-01-09T03:33:27Z", "event":"ReceiveText", "From":"$npc_name_decorate:#name=ASH;", "From_Localised":"ASH", "Message":"$BadKarmaCriticalDamage04;", "Message_Localised":"I don't believe it!", "Channel":"npc" }
{ "timestamp":"2017-01-09T03:33:36Z", "event":"ReceiveText", "From":"$npc_name_decorate:#name=ASH;", "From_Localised":"ASH", "Message":"$Pirate_OnHullLowJumpAway13;", "Message_Localised":"I'm not saying that you're better than me, but I have to be elsewhere.", "Channel":"npc" }
{ "timestamp":"2017-01-09T03:33:41Z", "event":"SupercruiseEntry", "StarSystem":"Taritra" }
{ "timestamp":"2017-01-09T03:37:19Z", "event":"USSDrop", "USSType":"$USS_Type_Salvage;", "USSType_Localised":"Degraded emissions detected", "USSThreat":0 }
{ "timestamp":"2017-01-09T03:37:26Z", "event":"SupercruiseExit", "StarSystem":"Taritra", "Body":"Taritra A 5", "BodyType":"Planet" }
{ "timestamp":"2017-01-09T03:37:52Z", "event":"CollectCargo", "Type":"USSCargoBlackBox", "Stolen":false }
{ "timestamp":"2017-01-09T03:39:08Z", "event":"FSDJump", "StarSystem":"BD+15 2847", "StarPos":[-22.688,79.813,55.969], "SystemAllegiance":"Independent", "SystemEconomy":"$economy_Industrial;", "SystemEconomy_Localised":"Industrial", "SystemGovernment":"$government_Corporate;", "SystemGovernment_Localised":"Corporate", "SystemSecurity":"$SYSTEM_SECURITY_high;", "SystemSecurity_Localised":"High Security", "JumpDist":5.204, "FuelUsed":0.161896, "FuelLevel":15.768839, "SystemFaction":"BD+15 2847 Industry" }
{ "timestamp":"2017-01-09T03:39:19Z", "event":"ReceiveText", "From":"$npc_name_decorate:#name=Jack Jordan Clements;", "From_Localised":"Jack Jordan Clements", "Message":"$Pirate_HunterHostileSC_Relevant03;", "Message_Localised":"I've come a long way for what's in your hold, don't try to run!", "Channel":"npc" }
{ "timestamp":"2017-01-09T03:40:21Z", "event":"ReceiveText", "From":"$npc_name_decorate:#name=Jack Jordan Clements;", "From_Localised":"Jack Jordan Clements", "Message":"$Pirate_StartInterdiction02;", "Message_Localised":"There's no escape!", "Channel":"npc" }
{ "timestamp":"2017-01-09T03:40:51Z", "event":"EscapeInterdiction", "Interdictor":"Jack Jordan Clements", "IsPlayer":false }
{ "timestamp":"2017-01-09T03:41:39Z", "event":"SupercruiseExit", "StarSystem":"BD+15 2847", "Body":"Reynolds Terminal", "BodyType":"Station" }
{ "timestamp":"2017-01-09T03:41:52Z", "event":"DockingRequested", "StationName":"Reynolds Terminal" }
{ "timestamp":"2017-01-09T03:41:52Z", "event":"ReceiveText", "From":"Reynolds Terminal", "Message":"$DockingChatter_Neutral;", "Message_Localised":"Ensure to observe starport protocol during your visit, pilot.", "Channel":"npc" }
{ "timestamp":"2017-01-09T03:41:53Z", "event":"ReceiveText", "From":"Reynolds Terminal", "Message":"$STATION_docking_granted;", "Message_Localised":"Docking request granted.", "Channel":"npc" }
{ "timestamp":"2017-01-09T03:41:53Z", "event":"DockingGranted", "LandingPad":45, "StationName":"Reynolds Terminal" }
{ "timestamp":"2017-01-09T03:42:02Z", "event":"ReceiveText", "From":"Reynolds Terminal", "Message":"$STATION_NoFireZone_entered;", "Message_Localised":"No fire zone entered.", "Channel":"npc" }
{ "timestamp":"2017-01-09T03:42:49Z", "event":"Docked", "StationName":"Reynolds Terminal", "StationType":"Coriolis", "StarSystem":"BD+15 2847", "StationFaction":"BD+15 2847 Industry", "StationGovernment":"$government_Corporate;", "StationGovernment_Localised":"Corporate", "StationEconomy":"$economy_Industrial;", "StationEconomy_Localised":"Industrial" }
{ "timestamp":"2017-01-09T03:43:12Z", "event":"MissionCompleted", "Faction":"BD+15 2847 Nationalists", "Name":"MISSION_Salvage_Refinery_name", "MissionID":68089085, "Commodity":"$USSCargoBlackBox_Name;", "Commodity_Localised":"Black Box", "Count":1, "DestinationSystem":"Taritra", "DestinationStation":"Lee Hub", "Reward":101422 }
{ "timestamp":"2017-01-09T03:43:16Z", "event":"ReceiveText", "From":"$npc_name_decorate:#name=Jimbro;", "From_Localised":"Jimbro", "Message":"$Commuter_AuthorityScan06;", "Message_Localised":"What's going on here, officer?", "Channel":"npc" }
